[0.492s] Invoking command in '/home/jacobrod/worms_ws/build/sdformat_urdf': CMAKE_PREFIX_PATH=/home/jacobrod/worms_ws/install/sdformat_test_files:/opt/ros/humble PKG_CONFIG_PATH=/home/jacobrod/worms_ws/install/sdformat_test_files/lib/x86_64-linux-gnu/pkgconfig:/home/jacobrod/worms_ws/install/sdformat_test_files/lib/pkgconfig /usr/bin/cmake /home/jacobrod/worms_ws/src/sdformat_urdf/sdformat_urdf -DCMAKE_INSTALL_PREFIX=/home/jacobrod/worms_ws/install/sdformat_urdf
[0.601s] -- The C compiler identification is GNU 11.4.0
[0.718s] -- The CXX compiler identification is GNU 11.4.0
[0.734s] -- Detecting C compiler ABI info
[0.849s] -- Detecting C compiler ABI info - done
[0.867s] -- Check for working C compiler: /usr/bin/cc - skipped
[0.867s] -- Detecting C compile features
[0.868s] -- Detecting C compile features - done
[0.873s] -- Detecting CXX compiler ABI info
[1.035s] -- Detecting CXX compiler ABI info - done
[1.051s] -- Check for working CXX compiler: /usr/bin/c++ - skipped
[1.052s] -- Detecting CXX compile features
[1.053s] -- Detecting CXX compile features - done
[1.057s] -- Found ament_cmake_ros: 0.10.0 (/opt/ros/humble/share/ament_cmake_ros/cmake)
[1.401s] -- Found Python3: /usr/bin/python3.10 (found version "3.10.12") found components: Interpreter 
[1.564s] -- Found pluginlib: 5.1.0 (/opt/ros/humble/share/pluginlib/cmake)
[1.652s] -- Found urdf_parser_plugin: 2.6.0 (/opt/ros/humble/share/urdf_parser_plugin/cmake)
[1.655s] -- Found TinyXML2 via Config file: TinyXML2_DIR-NOTFOUND
[1.660s] -- Looking for sdformat12 -- found version 12.7.2
[1.670s] -- Searching for dependencies of sdformat12
[1.679s] -- Checking for module 'tinyxml2'
[1.700s] --   Found tinyxml2, version 9.0.0
[1.759s] -- Looking for ignition-math6 -- found version 6.15.0
[1.760s] -- Searching for dependencies of ignition-math6
[1.765s] -- Looking for ignition-utils1 -- found version 1.5.1
[1.769s] -- Searching for dependencies of ignition-utils1
[1.770s] -- Compiling against Gazebo Fortress (libSDFormat 12)
[1.773s] -- Found ament_lint_auto: 0.12.9 (/opt/ros/humble/share/ament_lint_auto/cmake)
[1.917s] -- Found gtest sources under '/opt/ros/humble/src/gtest_vendor': C++ tests using 'Google Test' will be built
[1.921s] -- Looking for pthread.h
[2.014s] -- Looking for pthread.h - found
[2.014s] -- Performing Test CMAKE_HAVE_LIBC_PTHREAD
[2.117s] -- Performing Test CMAKE_HAVE_LIBC_PTHREAD - Success
[2.119s] -- Found Threads: TRUE  
[2.148s] -- Added test 'copyright' to check source files copyright and LICENSE
[2.151s] -- Added test 'cppcheck' to perform static code analysis on C / C++ code
[2.152s] -- Configured cppcheck include dirs: $<BUILD_INTERFACE:/home/jacobrod/worms_ws/src/sdformat_urdf/sdformat_urdf/include>;/home/jacobrod/worms_ws/src/sdformat_urdf/sdformat_urdf/test/include
[2.152s] -- Configured cppcheck exclude dirs and/or files: 
[2.156s] -- Added test 'cpplint' to check C / C++ code against the Google style
[2.156s] -- Configured cpplint exclude dirs and/or files: 
[2.158s] -- Added test 'lint_cmake' to check CMake code style
[2.162s] -- Added test 'uncrustify' to check C / C++ code style
[2.162s] -- Configured uncrustify additional arguments: 
[2.163s] -- Added test 'xmllint' to check XML markup files
[2.166s] -- Configuring done
[2.202s] -- Generating done
[2.206s] -- Build files have been written to: /home/jacobrod/worms_ws/build/sdformat_urdf
