[0.245s] Invoking command in '/home/jacobrod/worms_ws/build/ros_ign_interfaces': CMAKE_PREFIX_PATH=/home/jacobrod/worms_ws/install/ros_gz_interfaces:/home/jacobrod/worms_ws/src/install/worms_gazebo:/home/jacobrod/worms_ws/src/install/worms_description:/home/jacobrod/worms_ws/src/install/ros_gz_example_bringup:/home/jacobrod/worms_ws/src/install/ros_gz_example_gazebo:/home/jacobrod/worms_ws/src/install/ros_gz_example_description:/home/jacobrod/worms_ws/src/install/ros_gz_example_application:/home/jacobrod/worms_ws/src/install/core_bringup:/home/jacobrod/worms_ws/install/worms_gazebo:/home/jacobrod/worms_ws/install/worms_description:/home/jacobrod/worms_ws/install/ros_ign:/home/jacobrod/worms_ws/install/ros_ign_gazebo_demos:/home/jacobrod/worms_ws/install/ros_gz:/home/jacobrod/worms_ws/install/ros_gz_sim_demos:/home/jacobrod/worms_ws/install/sdformat_urdf:/home/jacobrod/worms_ws/install/sdformat_test_files:/home/jacobrod/worms_ws/install/ros_ign_interfaces:/home/jacobrod/worms_ws/install/ros_ign_image:/home/jacobrod/worms_ws/install/ros_ign_gazebo:/home/jacobrod/worms_ws/install/ros_ign_bridge:/home/jacobrod/worms_ws/install/ros_gz_sim:/home/jacobrod/worms_ws/install/ros_gz_image:/home/jacobrod/worms_ws/install/ros_gz_bridge:/home/jacobrod/worms_ws/install/ros_gz_example_bringup:/home/jacobrod/worms_ws/install/ros_gz_example_gazebo:/home/jacobrod/worms_ws/install/ros_gz_example_description:/home/jacobrod/worms_ws/install/ros_gz_example_application:/home/jacobrod/worms_ws/install/core_bringup:/home/jacobrod/AllSeaingVehicle2/install:/home/jacobrod/worms_ws/src/install/worms_mech:/home/jacobrod/worms_ws/install/worms_mech:/opt/ros/humble LD_LIBRARY_PATH=/home/jacobrod/worms_ws/install/ros_gz_interfaces/lib:/home/jacobrod/worms_ws/install/sdformat_urdf/lib:/home/jacobrod/worms_ws/install/ros_ign_interfaces/lib:/home/jacobrod/worms_ws/install/ros_gz_sim/lib:/home/jacobrod/worms_ws/install/ros_gz_bridge/lib:/home/jacobrod/AllSeaingVehicle2/install/lib:/opt/ros/humble/opt/rviz_ogre_vendor/lib:/opt/ros/humble/lib/x86_64-linux-gnu:/opt/ros/humble/lib /usr/bin/cmake --build /home/jacobrod/worms_ws/build/ros_ign_interfaces -- -j8 -l8
[0.320s] [35m[1mConsolidate compiler generated dependencies of target ros_ign_interfaces__rosidl_generator_c[0m
[0.343s] [ 12%] Built target ros_ign_interfaces__rosidl_generator_c
[0.348s] [ 12%] Built target ros_ign_interfaces__cpp
[0.357s] [ 12%] Built target ament_cmake_python_copy_ros_ign_interfaces
[0.372s] [35m[1mConsolidate compiler generated dependencies of target ros_ign_interfaces__rosidl_typesupport_introspection_c[0m
[0.388s] [35m[1mConsolidate compiler generated dependencies of target ros_ign_interfaces__rosidl_typesupport_c[0m
[0.390s] [35m[1mConsolidate compiler generated dependencies of target ros_ign_interfaces__rosidl_typesupport_fastrtps_c[0m
[0.399s] [35m[1mConsolidate compiler generated dependencies of target ros_ign_interfaces__rosidl_typesupport_cpp[0m
[0.407s] [35m[1mConsolidate compiler generated dependencies of target ros_ign_interfaces__rosidl_typesupport_fastrtps_cpp[0m
[0.432s] [35m[1mConsolidate compiler generated dependencies of target ros_ign_interfaces__rosidl_typesupport_introspection_cpp[0m
[0.436s] [ 24%] Built target ros_ign_interfaces__rosidl_typesupport_introspection_c
[0.455s] [ 36%] Built target ros_ign_interfaces__rosidl_typesupport_fastrtps_c
[0.463s] [ 48%] Built target ros_ign_interfaces__rosidl_typesupport_c
[0.470s] [ 60%] Built target ros_ign_interfaces__rosidl_typesupport_cpp
[0.510s] [ 72%] Built target ros_ign_interfaces__rosidl_typesupport_introspection_cpp
[0.522s] [ 84%] Built target ros_ign_interfaces__rosidl_typesupport_fastrtps_cpp
[0.560s] [ 84%] Built target ros_ign_interfaces
[0.594s] [ 85%] Built target ros_ign_interfaces__py
[0.619s] [35m[1mConsolidate compiler generated dependencies of target ros_ign_interfaces__rosidl_generator_py[0m
[0.679s] [ 96%] Built target ros_ign_interfaces__rosidl_generator_py
[0.694s] [35m[1mConsolidate compiler generated dependencies of target ros_ign_interfaces__rosidl_typesupport_fastrtps_c__pyext[0m
[0.695s] [35m[1mConsolidate compiler generated dependencies of target ros_ign_interfaces__rosidl_typesupport_introspection_c__pyext[0m
[0.697s] [35m[1mConsolidate compiler generated dependencies of target ros_ign_interfaces__rosidl_typesupport_c__pyext[0m
[0.714s] [ 97%] Built target ros_ign_interfaces__rosidl_typesupport_fastrtps_c__pyext
[0.720s] [ 99%] Built target ros_ign_interfaces__rosidl_typesupport_introspection_c__pyext
[0.720s] [100%] Built target ros_ign_interfaces__rosidl_typesupport_c__pyext
[0.819s] running egg_info
[0.820s] writing ros_ign_interfaces.egg-info/PKG-INFO
[0.820s] writing dependency_links to ros_ign_interfaces.egg-info/dependency_links.txt
[0.821s] writing top-level names to ros_ign_interfaces.egg-info/top_level.txt
[0.823s] reading manifest file 'ros_ign_interfaces.egg-info/SOURCES.txt'
[0.824s] writing manifest file 'ros_ign_interfaces.egg-info/SOURCES.txt'
[0.857s] [100%] Built target ament_cmake_python_build_ros_ign_interfaces_egg
[0.872s] Invoked command in '/home/jacobrod/worms_ws/build/ros_ign_interfaces' returned '0': CMAKE_PREFIX_PATH=/home/jacobrod/worms_ws/install/ros_gz_interfaces:/home/jacobrod/worms_ws/src/install/worms_gazebo:/home/jacobrod/worms_ws/src/install/worms_description:/home/jacobrod/worms_ws/src/install/ros_gz_example_bringup:/home/jacobrod/worms_ws/src/install/ros_gz_example_gazebo:/home/jacobrod/worms_ws/src/install/ros_gz_example_description:/home/jacobrod/worms_ws/src/install/ros_gz_example_application:/home/jacobrod/worms_ws/src/install/core_bringup:/home/jacobrod/worms_ws/install/worms_gazebo:/home/jacobrod/worms_ws/install/worms_description:/home/jacobrod/worms_ws/install/ros_ign:/home/jacobrod/worms_ws/install/ros_ign_gazebo_demos:/home/jacobrod/worms_ws/install/ros_gz:/home/jacobrod/worms_ws/install/ros_gz_sim_demos:/home/jacobrod/worms_ws/install/sdformat_urdf:/home/jacobrod/worms_ws/install/sdformat_test_files:/home/jacobrod/worms_ws/install/ros_ign_interfaces:/home/jacobrod/worms_ws/install/ros_ign_image:/home/jacobrod/worms_ws/install/ros_ign_gazebo:/home/jacobrod/worms_ws/install/ros_ign_bridge:/home/jacobrod/worms_ws/install/ros_gz_sim:/home/jacobrod/worms_ws/install/ros_gz_image:/home/jacobrod/worms_ws/install/ros_gz_bridge:/home/jacobrod/worms_ws/install/ros_gz_example_bringup:/home/jacobrod/worms_ws/install/ros_gz_example_gazebo:/home/jacobrod/worms_ws/install/ros_gz_example_description:/home/jacobrod/worms_ws/install/ros_gz_example_application:/home/jacobrod/worms_ws/install/core_bringup:/home/jacobrod/AllSeaingVehicle2/install:/home/jacobrod/worms_ws/src/install/worms_mech:/home/jacobrod/worms_ws/install/worms_mech:/opt/ros/humble LD_LIBRARY_PATH=/home/jacobrod/worms_ws/install/ros_gz_interfaces/lib:/home/jacobrod/worms_ws/install/sdformat_urdf/lib:/home/jacobrod/worms_ws/install/ros_ign_interfaces/lib:/home/jacobrod/worms_ws/install/ros_gz_sim/lib:/home/jacobrod/worms_ws/install/ros_gz_bridge/lib:/home/jacobrod/AllSeaingVehicle2/install/lib:/opt/ros/humble/opt/rviz_ogre_vendor/lib:/opt/ros/humble/lib/x86_64-linux-gnu:/opt/ros/humble/lib /usr/bin/cmake --build /home/jacobrod/worms_ws/build/ros_ign_interfaces -- -j8 -l8
[1.582s] Invoking command in '/home/jacobrod/worms_ws/build/ros_ign_interfaces': CMAKE_PREFIX_PATH=/home/jacobrod/worms_ws/install/ros_gz_interfaces:/home/jacobrod/worms_ws/src/install/worms_gazebo:/home/jacobrod/worms_ws/src/install/worms_description:/home/jacobrod/worms_ws/src/install/ros_gz_example_bringup:/home/jacobrod/worms_ws/src/install/ros_gz_example_gazebo:/home/jacobrod/worms_ws/src/install/ros_gz_example_description:/home/jacobrod/worms_ws/src/install/ros_gz_example_application:/home/jacobrod/worms_ws/src/install/core_bringup:/home/jacobrod/worms_ws/install/worms_gazebo:/home/jacobrod/worms_ws/install/worms_description:/home/jacobrod/worms_ws/install/ros_ign:/home/jacobrod/worms_ws/install/ros_ign_gazebo_demos:/home/jacobrod/worms_ws/install/ros_gz:/home/jacobrod/worms_ws/install/ros_gz_sim_demos:/home/jacobrod/worms_ws/install/sdformat_urdf:/home/jacobrod/worms_ws/install/sdformat_test_files:/home/jacobrod/worms_ws/install/ros_ign_interfaces:/home/jacobrod/worms_ws/install/ros_ign_image:/home/jacobrod/worms_ws/install/ros_ign_gazebo:/home/jacobrod/worms_ws/install/ros_ign_bridge:/home/jacobrod/worms_ws/install/ros_gz_sim:/home/jacobrod/worms_ws/install/ros_gz_image:/home/jacobrod/worms_ws/install/ros_gz_bridge:/home/jacobrod/worms_ws/install/ros_gz_example_bringup:/home/jacobrod/worms_ws/install/ros_gz_example_gazebo:/home/jacobrod/worms_ws/install/ros_gz_example_description:/home/jacobrod/worms_ws/install/ros_gz_example_application:/home/jacobrod/worms_ws/install/core_bringup:/home/jacobrod/AllSeaingVehicle2/install:/home/jacobrod/worms_ws/src/install/worms_mech:/home/jacobrod/worms_ws/install/worms_mech:/opt/ros/humble LD_LIBRARY_PATH=/home/jacobrod/worms_ws/install/ros_gz_interfaces/lib:/home/jacobrod/worms_ws/install/sdformat_urdf/lib:/home/jacobrod/worms_ws/install/ros_ign_interfaces/lib:/home/jacobrod/worms_ws/install/ros_gz_sim/lib:/home/jacobrod/worms_ws/install/ros_gz_bridge/lib:/home/jacobrod/AllSeaingVehicle2/install/lib:/opt/ros/humble/opt/rviz_ogre_vendor/lib:/opt/ros/humble/lib/x86_64-linux-gnu:/opt/ros/humble/lib /usr/bin/cmake --install /home/jacobrod/worms_ws/build/ros_ign_interfaces
[1.594s] -- Install configuration: ""
[1.594s] -- Up-to-date: /home/jacobrod/worms_ws/install/ros_ign_interfaces/share/ament_index/resource_index/rosidl_interfaces/ros_ign_interfaces
[1.595s] -- Up-to-date: /home/jacobrod/worms_ws/install/ros_ign_interfaces/include/ros_ign_interfaces/ros_ign_interfaces
[1.595s] -- Up-to-date: /home/jacobrod/worms_ws/install/ros_ign_interfaces/include/ros_ign_interfaces/ros_ign_interfaces/msg
[1.595s] -- Up-to-date: /home/jacobrod/worms_ws/install/ros_ign_interfaces/include/ros_ign_interfaces/ros_ign_interfaces/msg/track_visual.h
[1.596s] -- Up-to-date: /home/jacobrod/worms_ws/install/ros_ign_interfaces/include/ros_ign_interfaces/ros_ign_interfaces/msg/world_reset.h
[1.596s] -- Up-to-date: /home/jacobrod/worms_ws/install/ros_ign_interfaces/include/ros_ign_interfaces/ros_ign_interfaces/msg/rosidl_generator_c__visibility_control.h
[1.596s] -- Up-to-date: /home/jacobrod/worms_ws/install/ros_ign_interfaces/include/ros_ign_interfaces/ros_ign_interfaces/msg/entity.h
[1.597s] -- Up-to-date: /home/jacobrod/worms_ws/install/ros_ign_interfaces/include/ros_ign_interfaces/ros_ign_interfaces/msg/string_vec.h
[1.597s] -- Up-to-date: /home/jacobrod/worms_ws/install/ros_ign_interfaces/include/ros_ign_interfaces/ros_ign_interfaces/msg/light.h
[1.597s] -- Up-to-date: /home/jacobrod/worms_ws/install/ros_ign_interfaces/include/ros_ign_interfaces/ros_ign_interfaces/msg/detail
[1.597s] -- Up-to-date: /home/jacobrod/worms_ws/install/ros_ign_interfaces/include/ros_ign_interfaces/ros_ign_interfaces/msg/detail/video_record__type_support.h
[1.598s] -- Up-to-date: /home/jacobrod/worms_ws/install/ros_ign_interfaces/include/ros_ign_interfaces/ros_ign_interfaces/msg/detail/gui_camera__functions.c
[1.598s] -- Up-to-date: /home/jacobrod/worms_ws/install/ros_ign_interfaces/include/ros_ign_interfaces/ros_ign_interfaces/msg/detail/entity__struct.h
[1.598s] -- Up-to-date: /home/jacobrod/worms_ws/install/ros_ign_interfaces/include/ros_ign_interfaces/ros_ign_interfaces/msg/detail/light__functions.c
[1.598s] -- Up-to-date: /home/jacobrod/worms_ws/install/ros_ign_interfaces/include/ros_ign_interfaces/ros_ign_interfaces/msg/detail/video_record__functions.h
[1.598s] -- Up-to-date: /home/jacobrod/worms_ws/install/ros_ign_interfaces/include/ros_ign_interfaces/ros_ign_interfaces/msg/detail/world_control__functions.h
[1.598s] -- Up-to-date: /home/jacobrod/worms_ws/install/ros_ign_interfaces/include/ros_ign_interfaces/ros_ign_interfaces/msg/detail/string_vec__functions.h
[1.598s] -- Up-to-date: /home/jacobrod/worms_ws/install/ros_ign_interfaces/include/ros_ign_interfaces/ros_ign_interfaces/msg/detail/string_vec__type_support.h
[1.599s] -- Up-to-date: /home/jacobrod/worms_ws/install/ros_ign_interfaces/include/ros_ign_interfaces/ros_ign_interfaces/msg/detail/video_record__functions.c
[1.599s] -- Up-to-date: /home/jacobrod/worms_ws/install/ros_ign_interfaces/include/ros_ign_interfaces/ros_ign_interfaces/msg/detail/entity__functions.h
[1.599s] -- Up-to-date: /home/jacobrod/worms_ws/install/ros_ign_interfaces/include/ros_ign_interfaces/ros_ign_interfaces/msg/detail/light__type_support.h
[1.599s] -- Up-to-date: /home/jacobrod/worms_ws/install/ros_ign_interfaces/include/ros_ign_interfaces/ros_ign_interfaces/msg/detail/world_control__struct.h
[1.599s] -- Up-to-date: /home/jacobrod/worms_ws/install/ros_ign_interfaces/include/ros_ign_interfaces/ros_ign_interfaces/msg/detail/world_control__functions.c
[1.600s] -- Up-to-date: /home/jacobrod/worms_ws/install/ros_ign_interfaces/include/ros_ign_interfaces/ros_ign_interfaces/msg/detail/string_vec__struct.h
[1.600s] -- Up-to-date: /home/jacobrod/worms_ws/install/ros_ign_interfaces/include/ros_ign_interfaces/ros_ign_interfaces/msg/detail/string_vec__functions.c
[1.600s] -- Up-to-date: /home/jacobrod/worms_ws/install/ros_ign_interfaces/include/ros_ign_interfaces/ros_ign_interfaces/msg/detail/joint_wrench__type_support.h
[1.600s] -- Up-to-date: /home/jacobrod/worms_ws/install/ros_ign_interfaces/include/ros_ign_interfaces/ros_ign_interfaces/msg/detail/contacts__struct.h
[1.600s] -- Up-to-date: /home/jacobrod/worms_ws/install/ros_ign_interfaces/include/ros_ign_interfaces/ros_ign_interfaces/msg/detail/track_visual__functions.h
[1.600s] -- Up-to-date: /home/jacobrod/worms_ws/install/ros_ign_interfaces/include/ros_ign_interfaces/ros_ign_interfaces/msg/detail/joint_wrench__struct.h
[1.600s] -- Up-to-date: /home/jacobrod/worms_ws/install/ros_ign_interfaces/include/ros_ign_interfaces/ros_ign_interfaces/msg/detail/contact__type_support.h
[1.601s] -- Up-to-date: /home/jacobrod/worms_ws/install/ros_ign_interfaces/include/ros_ign_interfaces/ros_ign_interfaces/msg/detail/world_reset__functions.h
[1.601s] -- Up-to-date: /home/jacobrod/worms_ws/install/ros_ign_interfaces/include/ros_ign_interfaces/ros_ign_interfaces/msg/detail/entity__type_support.h
[1.601s] -- Up-to-date: /home/jacobrod/worms_ws/install/ros_ign_interfaces/include/ros_ign_interfaces/ros_ign_interfaces/msg/detail/light__functions.h
[1.601s] -- Up-to-date: /home/jacobrod/worms_ws/install/ros_ign_interfaces/include/ros_ign_interfaces/ros_ign_interfaces/msg/detail/world_reset__functions.c
[1.602s] -- Up-to-date: /home/jacobrod/worms_ws/install/ros_ign_interfaces/include/ros_ign_interfaces/ros_ign_interfaces/msg/detail/world_reset__type_support.h
[1.602s] -- Up-to-date: /home/jacobrod/worms_ws/install/ros_ign_interfaces/include/ros_ign_interfaces/ros_ign_interfaces/msg/detail/gui_camera__type_support.h
[1.602s] -- Up-to-date: /home/jacobrod/worms_ws/install/ros_ign_interfaces/include/ros_ign_interfaces/ros_ign_interfaces/msg/detail/video_record__struct.h
[1.603s] -- Up-to-date: /home/jacobrod/worms_ws/install/ros_ign_interfaces/include/ros_ign_interfaces/ros_ign_interfaces/msg/detail/entity_factory__functions.c
[1.603s] -- Up-to-date: /home/jacobrod/worms_ws/install/ros_ign_interfaces/include/ros_ign_interfaces/ros_ign_interfaces/msg/detail/track_visual__struct.h
[1.603s] -- Up-to-date: /home/jacobrod/worms_ws/install/ros_ign_interfaces/include/ros_ign_interfaces/ros_ign_interfaces/msg/detail/contacts__functions.c
[1.603s] -- Up-to-date: /home/jacobrod/worms_ws/install/ros_ign_interfaces/include/ros_ign_interfaces/ros_ign_interfaces/msg/detail/joint_wrench__functions.c
[1.604s] -- Up-to-date: /home/jacobrod/worms_ws/install/ros_ign_interfaces/include/ros_ign_interfaces/ros_ign_interfaces/msg/detail/gui_camera__functions.h
[1.604s] -- Up-to-date: /home/jacobrod/worms_ws/install/ros_ign_interfaces/include/ros_ign_interfaces/ros_ign_interfaces/msg/detail/contact__functions.h
[1.604s] -- Up-to-date: /home/jacobrod/worms_ws/install/ros_ign_interfaces/include/ros_ign_interfaces/ros_ign_interfaces/msg/detail/gui_camera__struct.h
[1.604s] -- Up-to-date: /home/jacobrod/worms_ws/install/ros_ign_interfaces/include/ros_ign_interfaces/ros_ign_interfaces/msg/detail/contacts__functions.h
[1.604s] -- Up-to-date: /home/jacobrod/worms_ws/install/ros_ign_interfaces/include/ros_ign_interfaces/ros_ign_interfaces/msg/detail/joint_wrench__functions.h
[1.605s] -- Up-to-date: /home/jacobrod/worms_ws/install/ros_ign_interfaces/include/ros_ign_interfaces/ros_ign_interfaces/msg/detail/contacts__type_support.h
[1.605s] -- Up-to-date: /home/jacobrod/worms_ws/install/ros_ign_interfaces/include/ros_ign_interfaces/ros_ign_interfaces/msg/detail/track_visual__functions.c
[1.605s] -- Up-to-date: /home/jacobrod/worms_ws/install/ros_ign_interfaces/include/ros_ign_interfaces/ros_ign_interfaces/msg/detail/entity_factory__functions.h
[1.606s] -- Up-to-date: /home/jacobrod/worms_ws/install/ros_ign_interfaces/include/ros_ign_interfaces/ros_ign_interfaces/msg/detail/entity__functions.c
[1.606s] -- Up-to-date: /home/jacobrod/worms_ws/install/ros_ign_interfaces/include/ros_ign_interfaces/ros_ign_interfaces/msg/detail/entity_factory__struct.h
[1.606s] -- Up-to-date: /home/jacobrod/worms_ws/install/ros_ign_interfaces/include/ros_ign_interfaces/ros_ign_interfaces/msg/detail/entity_factory__type_support.h
[1.606s] -- Up-to-date: /home/jacobrod/worms_ws/install/ros_ign_interfaces/include/ros_ign_interfaces/ros_ign_interfaces/msg/detail/track_visual__type_support.h
[1.606s] -- Up-to-date: /home/jacobrod/worms_ws/install/ros_ign_interfaces/include/ros_ign_interfaces/ros_ign_interfaces/msg/detail/contact__functions.c
[1.607s] -- Up-to-date: /home/jacobrod/worms_ws/install/ros_ign_interfaces/include/ros_ign_interfaces/ros_ign_interfaces/msg/detail/contact__struct.h
[1.607s] -- Up-to-date: /home/jacobrod/worms_ws/install/ros_ign_interfaces/include/ros_ign_interfaces/ros_ign_interfaces/msg/detail/light__struct.h
[1.607s] -- Up-to-date: /home/jacobrod/worms_ws/install/ros_ign_interfaces/include/ros_ign_interfaces/ros_ign_interfaces/msg/detail/world_control__type_support.h
[1.607s] -- Up-to-date: /home/jacobrod/worms_ws/install/ros_ign_interfaces/include/ros_ign_interfaces/ros_ign_interfaces/msg/detail/world_reset__struct.h
[1.607s] -- Up-to-date: /home/jacobrod/worms_ws/install/ros_ign_interfaces/include/ros_ign_interfaces/ros_ign_interfaces/msg/contacts.h
[1.607s] -- Up-to-date: /home/jacobrod/worms_ws/install/ros_ign_interfaces/include/ros_ign_interfaces/ros_ign_interfaces/msg/joint_wrench.h
[1.608s] -- Up-to-date: /home/jacobrod/worms_ws/install/ros_ign_interfaces/include/ros_ign_interfaces/ros_ign_interfaces/msg/video_record.h
[1.608s] -- Up-to-date: /home/jacobrod/worms_ws/install/ros_ign_interfaces/include/ros_ign_interfaces/ros_ign_interfaces/msg/world_control.h
[1.608s] -- Up-to-date: /home/jacobrod/worms_ws/install/ros_ign_interfaces/include/ros_ign_interfaces/ros_ign_interfaces/msg/gui_camera.h
[1.608s] -- Up-to-date: /home/jacobrod/worms_ws/install/ros_ign_interfaces/include/ros_ign_interfaces/ros_ign_interfaces/msg/entity_factory.h
[1.609s] -- Up-to-date: /home/jacobrod/worms_ws/install/ros_ign_interfaces/include/ros_ign_interfaces/ros_ign_interfaces/msg/contact.h
[1.609s] -- Up-to-date: /home/jacobrod/worms_ws/install/ros_ign_interfaces/include/ros_ign_interfaces/ros_ign_interfaces/srv
[1.609s] -- Up-to-date: /home/jacobrod/worms_ws/install/ros_ign_interfaces/include/ros_ign_interfaces/ros_ign_interfaces/srv/delete_entity.h
[1.609s] -- Up-to-date: /home/jacobrod/worms_ws/install/ros_ign_interfaces/include/ros_ign_interfaces/ros_ign_interfaces/srv/control_world.h
[1.609s] -- Up-to-date: /home/jacobrod/worms_ws/install/ros_ign_interfaces/include/ros_ign_interfaces/ros_ign_interfaces/srv/detail
[1.609s] -- Up-to-date: /home/jacobrod/worms_ws/install/ros_ign_interfaces/include/ros_ign_interfaces/ros_ign_interfaces/srv/detail/spawn_entity__type_support.h
[1.609s] -- Up-to-date: /home/jacobrod/worms_ws/install/ros_ign_interfaces/include/ros_ign_interfaces/ros_ign_interfaces/srv/detail/set_entity_pose__struct.h
[1.609s] -- Up-to-date: /home/jacobrod/worms_ws/install/ros_ign_interfaces/include/ros_ign_interfaces/ros_ign_interfaces/srv/detail/control_world__struct.h
[1.610s] -- Up-to-date: /home/jacobrod/worms_ws/install/ros_ign_interfaces/include/ros_ign_interfaces/ros_ign_interfaces/srv/detail/control_world__type_support.h
[1.610s] -- Up-to-date: /home/jacobrod/worms_ws/install/ros_ign_interfaces/include/ros_ign_interfaces/ros_ign_interfaces/srv/detail/control_world__functions.c
[1.610s] -- Up-to-date: /home/jacobrod/worms_ws/install/ros_ign_interfaces/include/ros_ign_interfaces/ros_ign_interfaces/srv/detail/spawn_entity__functions.h
[1.610s] -- Up-to-date: /home/jacobrod/worms_ws/install/ros_ign_interfaces/include/ros_ign_interfaces/ros_ign_interfaces/srv/detail/control_world__functions.h
[1.610s] -- Up-to-date: /home/jacobrod/worms_ws/install/ros_ign_interfaces/include/ros_ign_interfaces/ros_ign_interfaces/srv/detail/delete_entity__functions.c
[1.610s] -- Up-to-date: /home/jacobrod/worms_ws/install/ros_ign_interfaces/include/ros_ign_interfaces/ros_ign_interfaces/srv/detail/delete_entity__struct.h
[1.610s] -- Up-to-date: /home/jacobrod/worms_ws/install/ros_ign_interfaces/include/ros_ign_interfaces/ros_ign_interfaces/srv/detail/set_entity_pose__functions.h
[1.611s] -- Up-to-date: /home/jacobrod/worms_ws/install/ros_ign_interfaces/include/ros_ign_interfaces/ros_ign_interfaces/srv/detail/set_entity_pose__functions.c
[1.611s] -- Up-to-date: /home/jacobrod/worms_ws/install/ros_ign_interfaces/include/ros_ign_interfaces/ros_ign_interfaces/srv/detail/delete_entity__functions.h
[1.611s] -- Up-to-date: /home/jacobrod/worms_ws/install/ros_ign_interfaces/include/ros_ign_interfaces/ros_ign_interfaces/srv/detail/spawn_entity__struct.h
[1.611s] -- Up-to-date: /home/jacobrod/worms_ws/install/ros_ign_interfaces/include/ros_ign_interfaces/ros_ign_interfaces/srv/detail/set_entity_pose__type_support.h
[1.612s] -- Up-to-date: /home/jacobrod/worms_ws/install/ros_ign_interfaces/include/ros_ign_interfaces/ros_ign_interfaces/srv/detail/spawn_entity__functions.c
[1.612s] -- Up-to-date: /home/jacobrod/worms_ws/install/ros_ign_interfaces/include/ros_ign_interfaces/ros_ign_interfaces/srv/detail/delete_entity__type_support.h
[1.612s] -- Up-to-date: /home/jacobrod/worms_ws/install/ros_ign_interfaces/include/ros_ign_interfaces/ros_ign_interfaces/srv/spawn_entity.h
[1.612s] -- Up-to-date: /home/jacobrod/worms_ws/install/ros_ign_interfaces/include/ros_ign_interfaces/ros_ign_interfaces/srv/set_entity_pose.h
[1.612s] -- Up-to-date: /home/jacobrod/worms_ws/install/ros_ign_interfaces/share/ros_ign_interfaces/environment/library_path.sh
[1.613s] -- Up-to-date: /home/jacobrod/worms_ws/install/ros_ign_interfaces/share/ros_ign_interfaces/environment/library_path.dsv
[1.613s] -- Up-to-date: /home/jacobrod/worms_ws/install/ros_ign_interfaces/lib/libros_ign_interfaces__rosidl_generator_c.so
[1.613s] -- Up-to-date: /home/jacobrod/worms_ws/install/ros_ign_interfaces/include/ros_ign_interfaces/ros_ign_interfaces
[1.613s] -- Up-to-date: /home/jacobrod/worms_ws/install/ros_ign_interfaces/include/ros_ign_interfaces/ros_ign_interfaces/msg
[1.613s] -- Up-to-date: /home/jacobrod/worms_ws/install/ros_ign_interfaces/include/ros_ign_interfaces/ros_ign_interfaces/msg/detail
[1.613s] -- Up-to-date: /home/jacobrod/worms_ws/install/ros_ign_interfaces/include/ros_ign_interfaces/ros_ign_interfaces/msg/detail/gui_camera__rosidl_typesupport_fastrtps_c.h
[1.613s] -- Up-to-date: /home/jacobrod/worms_ws/install/ros_ign_interfaces/include/ros_ign_interfaces/ros_ign_interfaces/msg/detail/entity__rosidl_typesupport_fastrtps_c.h
[1.614s] -- Up-to-date: /home/jacobrod/worms_ws/install/ros_ign_interfaces/include/ros_ign_interfaces/ros_ign_interfaces/msg/detail/contact__rosidl_typesupport_fastrtps_c.h
[1.614s] -- Up-to-date: /home/jacobrod/worms_ws/install/ros_ign_interfaces/include/ros_ign_interfaces/ros_ign_interfaces/msg/detail/string_vec__rosidl_typesupport_fastrtps_c.h
[1.614s] -- Up-to-date: /home/jacobrod/worms_ws/install/ros_ign_interfaces/include/ros_ign_interfaces/ros_ign_interfaces/msg/detail/entity_factory__rosidl_typesupport_fastrtps_c.h
[1.614s] -- Up-to-date: /home/jacobrod/worms_ws/install/ros_ign_interfaces/include/ros_ign_interfaces/ros_ign_interfaces/msg/detail/world_reset__rosidl_typesupport_fastrtps_c.h
[1.614s] -- Up-to-date: /home/jacobrod/worms_ws/install/ros_ign_interfaces/include/ros_ign_interfaces/ros_ign_interfaces/msg/detail/world_control__rosidl_typesupport_fastrtps_c.h
[1.614s] -- Up-to-date: /home/jacobrod/worms_ws/install/ros_ign_interfaces/include/ros_ign_interfaces/ros_ign_interfaces/msg/detail/light__rosidl_typesupport_fastrtps_c.h
[1.614s] -- Up-to-date: /home/jacobrod/worms_ws/install/ros_ign_interfaces/include/ros_ign_interfaces/ros_ign_interfaces/msg/detail/video_record__rosidl_typesupport_fastrtps_c.h
[1.615s] -- Up-to-date: /home/jacobrod/worms_ws/install/ros_ign_interfaces/include/ros_ign_interfaces/ros_ign_interfaces/msg/detail/track_visual__rosidl_typesupport_fastrtps_c.h
[1.615s] -- Up-to-date: /home/jacobrod/worms_ws/install/ros_ign_interfaces/include/ros_ign_interfaces/ros_ign_interfaces/msg/detail/joint_wrench__rosidl_typesupport_fastrtps_c.h
[1.615s] -- Up-to-date: /home/jacobrod/worms_ws/install/ros_ign_interfaces/include/ros_ign_interfaces/ros_ign_interfaces/msg/detail/contacts__rosidl_typesupport_fastrtps_c.h
[1.615s] -- Up-to-date: /home/jacobrod/worms_ws/install/ros_ign_interfaces/include/ros_ign_interfaces/ros_ign_interfaces/msg/rosidl_typesupport_fastrtps_c__visibility_control.h
[1.615s] -- Up-to-date: /home/jacobrod/worms_ws/install/ros_ign_interfaces/include/ros_ign_interfaces/ros_ign_interfaces/srv
[1.615s] -- Up-to-date: /home/jacobrod/worms_ws/install/ros_ign_interfaces/include/ros_ign_interfaces/ros_ign_interfaces/srv/detail
[1.615s] -- Up-to-date: /home/jacobrod/worms_ws/install/ros_ign_interfaces/include/ros_ign_interfaces/ros_ign_interfaces/srv/detail/delete_entity__rosidl_typesupport_fastrtps_c.h
[1.615s] -- Up-to-date: /home/jacobrod/worms_ws/install/ros_ign_interfaces/include/ros_ign_interfaces/ros_ign_interfaces/srv/detail/spawn_entity__rosidl_typesupport_fastrtps_c.h
[1.615s] -- Up-to-date: /home/jacobrod/worms_ws/install/ros_ign_interfaces/include/ros_ign_interfaces/ros_ign_interfaces/srv/detail/set_entity_pose__rosidl_typesupport_fastrtps_c.h
[1.616s] -- Up-to-date: /home/jacobrod/worms_ws/install/ros_ign_interfaces/include/ros_ign_interfaces/ros_ign_interfaces/srv/detail/control_world__rosidl_typesupport_fastrtps_c.h
[1.616s] -- Up-to-date: /home/jacobrod/worms_ws/install/ros_ign_interfaces/lib/libros_ign_interfaces__rosidl_typesupport_fastrtps_c.so
[1.616s] -- Up-to-date: /home/jacobrod/worms_ws/install/ros_ign_interfaces/include/ros_ign_interfaces/ros_ign_interfaces
[1.616s] -- Up-to-date: /home/jacobrod/worms_ws/install/ros_ign_interfaces/include/ros_ign_interfaces/ros_ign_interfaces/msg
[1.616s] -- Up-to-date: /home/jacobrod/worms_ws/install/ros_ign_interfaces/include/ros_ign_interfaces/ros_ign_interfaces/msg/joint_wrench.hpp
[1.616s] -- Up-to-date: /home/jacobrod/worms_ws/install/ros_ign_interfaces/include/ros_ign_interfaces/ros_ign_interfaces/msg/contact.hpp
[1.616s] -- Up-to-date: /home/jacobrod/worms_ws/install/ros_ign_interfaces/include/ros_ign_interfaces/ros_ign_interfaces/msg/track_visual.hpp
[1.616s] -- Up-to-date: /home/jacobrod/worms_ws/install/ros_ign_interfaces/include/ros_ign_interfaces/ros_ign_interfaces/msg/entity_factory.hpp
[1.616s] -- Up-to-date: /home/jacobrod/worms_ws/install/ros_ign_interfaces/include/ros_ign_interfaces/ros_ign_interfaces/msg/world_reset.hpp
[1.617s] -- Up-to-date: /home/jacobrod/worms_ws/install/ros_ign_interfaces/include/ros_ign_interfaces/ros_ign_interfaces/msg/gui_camera.hpp
[1.617s] -- Up-to-date: /home/jacobrod/worms_ws/install/ros_ign_interfaces/include/ros_ign_interfaces/ros_ign_interfaces/msg/detail
[1.617s] -- Up-to-date: /home/jacobrod/worms_ws/install/ros_ign_interfaces/include/ros_ign_interfaces/ros_ign_interfaces/msg/detail/string_vec__builder.hpp
[1.617s] -- Up-to-date: /home/jacobrod/worms_ws/install/ros_ign_interfaces/include/ros_ign_interfaces/ros_ign_interfaces/msg/detail/video_record__traits.hpp
[1.617s] -- Up-to-date: /home/jacobrod/worms_ws/install/ros_ign_interfaces/include/ros_ign_interfaces/ros_ign_interfaces/msg/detail/string_vec__traits.hpp
[1.617s] -- Up-to-date: /home/jacobrod/worms_ws/install/ros_ign_interfaces/include/ros_ign_interfaces/ros_ign_interfaces/msg/detail/joint_wrench__builder.hpp
[1.617s] -- Up-to-date: /home/jacobrod/worms_ws/install/ros_ign_interfaces/include/ros_ign_interfaces/ros_ign_interfaces/msg/detail/world_control__struct.hpp
[1.617s] -- Up-to-date: /home/jacobrod/worms_ws/install/ros_ign_interfaces/include/ros_ign_interfaces/ros_ign_interfaces/msg/detail/contacts__traits.hpp
[1.617s] -- Up-to-date: /home/jacobrod/worms_ws/install/ros_ign_interfaces/include/ros_ign_interfaces/ros_ign_interfaces/msg/detail/track_visual__traits.hpp
[1.617s] -- Up-to-date: /home/jacobrod/worms_ws/install/ros_ign_interfaces/include/ros_ign_interfaces/ros_ign_interfaces/msg/detail/contacts__struct.hpp
[1.618s] -- Up-to-date: /home/jacobrod/worms_ws/install/ros_ign_interfaces/include/ros_ign_interfaces/ros_ign_interfaces/msg/detail/gui_camera__struct.hpp
[1.618s] -- Up-to-date: /home/jacobrod/worms_ws/install/ros_ign_interfaces/include/ros_ign_interfaces/ros_ign_interfaces/msg/detail/light__traits.hpp
[1.618s] -- Up-to-date: /home/jacobrod/worms_ws/install/ros_ign_interfaces/include/ros_ign_interfaces/ros_ign_interfaces/msg/detail/track_visual__builder.hpp
[1.618s] -- Up-to-date: /home/jacobrod/worms_ws/install/ros_ign_interfaces/include/ros_ign_interfaces/ros_ign_interfaces/msg/detail/entity__struct.hpp
[1.618s] -- Up-to-date: /home/jacobrod/worms_ws/install/ros_ign_interfaces/include/ros_ign_interfaces/ros_ign_interfaces/msg/detail/gui_camera__traits.hpp
[1.618s] -- Up-to-date: /home/jacobrod/worms_ws/install/ros_ign_interfaces/include/ros_ign_interfaces/ros_ign_interfaces/msg/detail/track_visual__struct.hpp
[1.618s] -- Up-to-date: /home/jacobrod/worms_ws/install/ros_ign_interfaces/include/ros_ign_interfaces/ros_ign_interfaces/msg/detail/video_record__builder.hpp
[1.618s] -- Up-to-date: /home/jacobrod/worms_ws/install/ros_ign_interfaces/include/ros_ign_interfaces/ros_ign_interfaces/msg/detail/joint_wrench__traits.hpp
[1.619s] -- Up-to-date: /home/jacobrod/worms_ws/install/ros_ign_interfaces/include/ros_ign_interfaces/ros_ign_interfaces/msg/detail/light__builder.hpp
[1.619s] -- Up-to-date: /home/jacobrod/worms_ws/install/ros_ign_interfaces/include/ros_ign_interfaces/ros_ign_interfaces/msg/detail/entity_factory__struct.hpp
[1.619s] -- Up-to-date: /home/jacobrod/worms_ws/install/ros_ign_interfaces/include/ros_ign_interfaces/ros_ign_interfaces/msg/detail/world_reset__builder.hpp
[1.619s] -- Up-to-date: /home/jacobrod/worms_ws/install/ros_ign_interfaces/include/ros_ign_interfaces/ros_ign_interfaces/msg/detail/contact__builder.hpp
[1.619s] -- Up-to-date: /home/jacobrod/worms_ws/install/ros_ign_interfaces/include/ros_ign_interfaces/ros_ign_interfaces/msg/detail/world_control__builder.hpp
[1.619s] -- Up-to-date: /home/jacobrod/worms_ws/install/ros_ign_interfaces/include/ros_ign_interfaces/ros_ign_interfaces/msg/detail/string_vec__struct.hpp
[1.619s] -- Up-to-date: /home/jacobrod/worms_ws/install/ros_ign_interfaces/include/ros_ign_interfaces/ros_ign_interfaces/msg/detail/entity__traits.hpp
[1.620s] -- Up-to-date: /home/jacobrod/worms_ws/install/ros_ign_interfaces/include/ros_ign_interfaces/ros_ign_interfaces/msg/detail/entity_factory__traits.hpp
[1.620s] -- Up-to-date: /home/jacobrod/worms_ws/install/ros_ign_interfaces/include/ros_ign_interfaces/ros_ign_interfaces/msg/detail/world_reset__struct.hpp
[1.620s] -- Up-to-date: /home/jacobrod/worms_ws/install/ros_ign_interfaces/include/ros_ign_interfaces/ros_ign_interfaces/msg/detail/world_control__traits.hpp
[1.620s] -- Up-to-date: /home/jacobrod/worms_ws/install/ros_ign_interfaces/include/ros_ign_interfaces/ros_ign_interfaces/msg/detail/contacts__builder.hpp
[1.620s] -- Up-to-date: /home/jacobrod/worms_ws/install/ros_ign_interfaces/include/ros_ign_interfaces/ros_ign_interfaces/msg/detail/world_reset__traits.hpp
[1.620s] -- Up-to-date: /home/jacobrod/worms_ws/install/ros_ign_interfaces/include/ros_ign_interfaces/ros_ign_interfaces/msg/detail/entity_factory__builder.hpp
[1.620s] -- Up-to-date: /home/jacobrod/worms_ws/install/ros_ign_interfaces/include/ros_ign_interfaces/ros_ign_interfaces/msg/detail/joint_wrench__struct.hpp
[1.621s] -- Up-to-date: /home/jacobrod/worms_ws/install/ros_ign_interfaces/include/ros_ign_interfaces/ros_ign_interfaces/msg/detail/contact__struct.hpp
[1.621s] -- Up-to-date: /home/jacobrod/worms_ws/install/ros_ign_interfaces/include/ros_ign_interfaces/ros_ign_interfaces/msg/detail/entity__builder.hpp
[1.621s] -- Up-to-date: /home/jacobrod/worms_ws/install/ros_ign_interfaces/include/ros_ign_interfaces/ros_ign_interfaces/msg/detail/contact__traits.hpp
[1.621s] -- Up-to-date: /home/jacobrod/worms_ws/install/ros_ign_interfaces/include/ros_ign_interfaces/ros_ign_interfaces/msg/detail/light__struct.hpp
[1.621s] -- Up-to-date: /home/jacobrod/worms_ws/install/ros_ign_interfaces/include/ros_ign_interfaces/ros_ign_interfaces/msg/detail/video_record__struct.hpp
[1.621s] -- Up-to-date: /home/jacobrod/worms_ws/install/ros_ign_interfaces/include/ros_ign_interfaces/ros_ign_interfaces/msg/detail/gui_camera__builder.hpp
[1.621s] -- Up-to-date: /home/jacobrod/worms_ws/install/ros_ign_interfaces/include/ros_ign_interfaces/ros_ign_interfaces/msg/world_control.hpp
[1.622s] -- Up-to-date: /home/jacobrod/worms_ws/install/ros_ign_interfaces/include/ros_ign_interfaces/ros_ign_interfaces/msg/string_vec.hpp
[1.622s] -- Up-to-date: /home/jacobrod/worms_ws/install/ros_ign_interfaces/include/ros_ign_interfaces/ros_ign_interfaces/msg/light.hpp
[1.622s] -- Up-to-date: /home/jacobrod/worms_ws/install/ros_ign_interfaces/include/ros_ign_interfaces/ros_ign_interfaces/msg/video_record.hpp
[1.622s] -- Up-to-date: /home/jacobrod/worms_ws/install/ros_ign_interfaces/include/ros_ign_interfaces/ros_ign_interfaces/msg/entity.hpp
[1.622s] -- Up-to-date: /home/jacobrod/worms_ws/install/ros_ign_interfaces/include/ros_ign_interfaces/ros_ign_interfaces/msg/contacts.hpp
[1.622s] -- Up-to-date: /home/jacobrod/worms_ws/install/ros_ign_interfaces/include/ros_ign_interfaces/ros_ign_interfaces/srv
[1.622s] -- Up-to-date: /home/jacobrod/worms_ws/install/ros_ign_interfaces/include/ros_ign_interfaces/ros_ign_interfaces/srv/delete_entity.hpp
[1.622s] -- Up-to-date: /home/jacobrod/worms_ws/install/ros_ign_interfaces/include/ros_ign_interfaces/ros_ign_interfaces/srv/control_world.hpp
[1.623s] -- Up-to-date: /home/jacobrod/worms_ws/install/ros_ign_interfaces/include/ros_ign_interfaces/ros_ign_interfaces/srv/spawn_entity.hpp
[1.623s] -- Up-to-date: /home/jacobrod/worms_ws/install/ros_ign_interfaces/include/ros_ign_interfaces/ros_ign_interfaces/srv/detail
[1.623s] -- Up-to-date: /home/jacobrod/worms_ws/install/ros_ign_interfaces/include/ros_ign_interfaces/ros_ign_interfaces/srv/detail/spawn_entity__struct.hpp
[1.623s] -- Up-to-date: /home/jacobrod/worms_ws/install/ros_ign_interfaces/include/ros_ign_interfaces/ros_ign_interfaces/srv/detail/set_entity_pose__traits.hpp
[1.623s] -- Up-to-date: /home/jacobrod/worms_ws/install/ros_ign_interfaces/include/ros_ign_interfaces/ros_ign_interfaces/srv/detail/delete_entity__builder.hpp
[1.623s] -- Up-to-date: /home/jacobrod/worms_ws/install/ros_ign_interfaces/include/ros_ign_interfaces/ros_ign_interfaces/srv/detail/set_entity_pose__struct.hpp
[1.623s] -- Up-to-date: /home/jacobrod/worms_ws/install/ros_ign_interfaces/include/ros_ign_interfaces/ros_ign_interfaces/srv/detail/control_world__struct.hpp
[1.624s] -- Up-to-date: /home/jacobrod/worms_ws/install/ros_ign_interfaces/include/ros_ign_interfaces/ros_ign_interfaces/srv/detail/control_world__builder.hpp
[1.624s] -- Up-to-date: /home/jacobrod/worms_ws/install/ros_ign_interfaces/include/ros_ign_interfaces/ros_ign_interfaces/srv/detail/control_world__traits.hpp
[1.624s] -- Up-to-date: /home/jacobrod/worms_ws/install/ros_ign_interfaces/include/ros_ign_interfaces/ros_ign_interfaces/srv/detail/delete_entity__struct.hpp
[1.624s] -- Up-to-date: /home/jacobrod/worms_ws/install/ros_ign_interfaces/include/ros_ign_interfaces/ros_ign_interfaces/srv/detail/set_entity_pose__builder.hpp
[1.624s] -- Up-to-date: /home/jacobrod/worms_ws/install/ros_ign_interfaces/include/ros_ign_interfaces/ros_ign_interfaces/srv/detail/spawn_entity__builder.hpp
[1.624s] -- Up-to-date: /home/jacobrod/worms_ws/install/ros_ign_interfaces/include/ros_ign_interfaces/ros_ign_interfaces/srv/detail/spawn_entity__traits.hpp
[1.624s] -- Up-to-date: /home/jacobrod/worms_ws/install/ros_ign_interfaces/include/ros_ign_interfaces/ros_ign_interfaces/srv/detail/delete_entity__traits.hpp
[1.624s] -- Up-to-date: /home/jacobrod/worms_ws/install/ros_ign_interfaces/include/ros_ign_interfaces/ros_ign_interfaces/srv/set_entity_pose.hpp
[1.624s] -- Up-to-date: /home/jacobrod/worms_ws/install/ros_ign_interfaces/include/ros_ign_interfaces/ros_ign_interfaces
[1.625s] -- Up-to-date: /home/jacobrod/worms_ws/install/ros_ign_interfaces/include/ros_ign_interfaces/ros_ign_interfaces/msg
[1.625s] -- Up-to-date: /home/jacobrod/worms_ws/install/ros_ign_interfaces/include/ros_ign_interfaces/ros_ign_interfaces/msg/detail
[1.625s] -- Up-to-date: /home/jacobrod/worms_ws/install/ros_ign_interfaces/include/ros_ign_interfaces/ros_ign_interfaces/msg/detail/contact__rosidl_typesupport_fastrtps_cpp.hpp
[1.625s] -- Up-to-date: /home/jacobrod/worms_ws/install/ros_ign_interfaces/include/ros_ign_interfaces/ros_ign_interfaces/msg/detail/video_record__rosidl_typesupport_fastrtps_cpp.hpp
[1.625s] -- Up-to-date: /home/jacobrod/worms_ws/install/ros_ign_interfaces/include/ros_ign_interfaces/ros_ign_interfaces/msg/detail/entity__rosidl_typesupport_fastrtps_cpp.hpp
[1.625s] -- Up-to-date: /home/jacobrod/worms_ws/install/ros_ign_interfaces/include/ros_ign_interfaces/ros_ign_interfaces/msg/detail/joint_wrench__rosidl_typesupport_fastrtps_cpp.hpp
[1.625s] -- Up-to-date: /home/jacobrod/worms_ws/install/ros_ign_interfaces/include/ros_ign_interfaces/ros_ign_interfaces/msg/detail/world_control__rosidl_typesupport_fastrtps_cpp.hpp
[1.625s] -- Up-to-date: /home/jacobrod/worms_ws/install/ros_ign_interfaces/include/ros_ign_interfaces/ros_ign_interfaces/msg/detail/entity_factory__rosidl_typesupport_fastrtps_cpp.hpp
[1.625s] -- Up-to-date: /home/jacobrod/worms_ws/install/ros_ign_interfaces/include/ros_ign_interfaces/ros_ign_interfaces/msg/detail/gui_camera__rosidl_typesupport_fastrtps_cpp.hpp
[1.626s] -- Up-to-date: /home/jacobrod/worms_ws/install/ros_ign_interfaces/include/ros_ign_interfaces/ros_ign_interfaces/msg/detail/light__rosidl_typesupport_fastrtps_cpp.hpp
[1.626s] -- Up-to-date: /home/jacobrod/worms_ws/install/ros_ign_interfaces/include/ros_ign_interfaces/ros_ign_interfaces/msg/detail/contacts__rosidl_typesupport_fastrtps_cpp.hpp
[1.626s] -- Up-to-date: /home/jacobrod/worms_ws/install/ros_ign_interfaces/include/ros_ign_interfaces/ros_ign_interfaces/msg/detail/track_visual__rosidl_typesupport_fastrtps_cpp.hpp
[1.626s] -- Up-to-date: /home/jacobrod/worms_ws/install/ros_ign_interfaces/include/ros_ign_interfaces/ros_ign_interfaces/msg/detail/dds_fastrtps
[1.626s] -- Up-to-date: /home/jacobrod/worms_ws/install/ros_ign_interfaces/include/ros_ign_interfaces/ros_ign_interfaces/msg/detail/world_reset__rosidl_typesupport_fastrtps_cpp.hpp
[1.626s] -- Up-to-date: /home/jacobrod/worms_ws/install/ros_ign_interfaces/include/ros_ign_interfaces/ros_ign_interfaces/msg/detail/string_vec__rosidl_typesupport_fastrtps_cpp.hpp
[1.626s] -- Up-to-date: /home/jacobrod/worms_ws/install/ros_ign_interfaces/include/ros_ign_interfaces/ros_ign_interfaces/msg/rosidl_typesupport_fastrtps_cpp__visibility_control.h
[1.626s] -- Up-to-date: /home/jacobrod/worms_ws/install/ros_ign_interfaces/include/ros_ign_interfaces/ros_ign_interfaces/srv
[1.626s] -- Up-to-date: /home/jacobrod/worms_ws/install/ros_ign_interfaces/include/ros_ign_interfaces/ros_ign_interfaces/srv/detail
[1.626s] -- Up-to-date: /home/jacobrod/worms_ws/install/ros_ign_interfaces/include/ros_ign_interfaces/ros_ign_interfaces/srv/detail/control_world__rosidl_typesupport_fastrtps_cpp.hpp
[1.627s] -- Up-to-date: /home/jacobrod/worms_ws/install/ros_ign_interfaces/include/ros_ign_interfaces/ros_ign_interfaces/srv/detail/delete_entity__rosidl_typesupport_fastrtps_cpp.hpp
[1.627s] -- Up-to-date: /home/jacobrod/worms_ws/install/ros_ign_interfaces/include/ros_ign_interfaces/ros_ign_interfaces/srv/detail/dds_fastrtps
[1.627s] -- Up-to-date: /home/jacobrod/worms_ws/install/ros_ign_interfaces/include/ros_ign_interfaces/ros_ign_interfaces/srv/detail/spawn_entity__rosidl_typesupport_fastrtps_cpp.hpp
[1.627s] -- Up-to-date: /home/jacobrod/worms_ws/install/ros_ign_interfaces/include/ros_ign_interfaces/ros_ign_interfaces/srv/detail/set_entity_pose__rosidl_typesupport_fastrtps_cpp.hpp
[1.627s] -- Up-to-date: /home/jacobrod/worms_ws/install/ros_ign_interfaces/lib/libros_ign_interfaces__rosidl_typesupport_fastrtps_cpp.so
[1.627s] -- Up-to-date: /home/jacobrod/worms_ws/install/ros_ign_interfaces/include/ros_ign_interfaces/ros_ign_interfaces
[1.627s] -- Up-to-date: /home/jacobrod/worms_ws/install/ros_ign_interfaces/include/ros_ign_interfaces/ros_ign_interfaces/msg
[1.627s] -- Up-to-date: /home/jacobrod/worms_ws/install/ros_ign_interfaces/include/ros_ign_interfaces/ros_ign_interfaces/msg/rosidl_typesupport_introspection_c__visibility_control.h
[1.627s] -- Up-to-date: /home/jacobrod/worms_ws/install/ros_ign_interfaces/include/ros_ign_interfaces/ros_ign_interfaces/msg/detail
[1.628s] -- Up-to-date: /home/jacobrod/worms_ws/install/ros_ign_interfaces/include/ros_ign_interfaces/ros_ign_interfaces/msg/detail/entity_factory__type_support.c
[1.628s] -- Up-to-date: /home/jacobrod/worms_ws/install/ros_ign_interfaces/include/ros_ign_interfaces/ros_ign_interfaces/msg/detail/entity__type_support.c
[1.628s] -- Up-to-date: /home/jacobrod/worms_ws/install/ros_ign_interfaces/include/ros_ign_interfaces/ros_ign_interfaces/msg/detail/light__type_support.c
[1.628s] -- Up-to-date: /home/jacobrod/worms_ws/install/ros_ign_interfaces/include/ros_ign_interfaces/ros_ign_interfaces/msg/detail/contacts__rosidl_typesupport_introspection_c.h
[1.628s] -- Up-to-date: /home/jacobrod/worms_ws/install/ros_ign_interfaces/include/ros_ign_interfaces/ros_ign_interfaces/msg/detail/string_vec__rosidl_typesupport_introspection_c.h
[1.628s] -- Up-to-date: /home/jacobrod/worms_ws/install/ros_ign_interfaces/include/ros_ign_interfaces/ros_ign_interfaces/msg/detail/track_visual__rosidl_typesupport_introspection_c.h
[1.628s] -- Up-to-date: /home/jacobrod/worms_ws/install/ros_ign_interfaces/include/ros_ign_interfaces/ros_ign_interfaces/msg/detail/contacts__type_support.c
[1.628s] -- Up-to-date: /home/jacobrod/worms_ws/install/ros_ign_interfaces/include/ros_ign_interfaces/ros_ign_interfaces/msg/detail/track_visual__type_support.c
[1.628s] -- Up-to-date: /home/jacobrod/worms_ws/install/ros_ign_interfaces/include/ros_ign_interfaces/ros_ign_interfaces/msg/detail/contact__rosidl_typesupport_introspection_c.h
[1.628s] -- Up-to-date: /home/jacobrod/worms_ws/install/ros_ign_interfaces/include/ros_ign_interfaces/ros_ign_interfaces/msg/detail/world_control__rosidl_typesupport_introspection_c.h
[1.629s] -- Up-to-date: /home/jacobrod/worms_ws/install/ros_ign_interfaces/include/ros_ign_interfaces/ros_ign_interfaces/msg/detail/world_reset__rosidl_typesupport_introspection_c.h
[1.629s] -- Up-to-date: /home/jacobrod/worms_ws/install/ros_ign_interfaces/include/ros_ign_interfaces/ros_ign_interfaces/msg/detail/entity__rosidl_typesupport_introspection_c.h
[1.629s] -- Up-to-date: /home/jacobrod/worms_ws/install/ros_ign_interfaces/include/ros_ign_interfaces/ros_ign_interfaces/msg/detail/video_record__rosidl_typesupport_introspection_c.h
[1.629s] -- Up-to-date: /home/jacobrod/worms_ws/install/ros_ign_interfaces/include/ros_ign_interfaces/ros_ign_interfaces/msg/detail/video_record__type_support.c
[1.629s] -- Up-to-date: /home/jacobrod/worms_ws/install/ros_ign_interfaces/include/ros_ign_interfaces/ros_ign_interfaces/msg/detail/entity_factory__rosidl_typesupport_introspection_c.h
[1.629s] -- Up-to-date: /home/jacobrod/worms_ws/install/ros_ign_interfaces/include/ros_ign_interfaces/ros_ign_interfaces/msg/detail/gui_camera__rosidl_typesupport_introspection_c.h
[1.629s] -- Up-to-date: /home/jacobrod/worms_ws/install/ros_ign_interfaces/include/ros_ign_interfaces/ros_ign_interfaces/msg/detail/world_reset__type_support.c
[1.629s] -- Up-to-date: /home/jacobrod/worms_ws/install/ros_ign_interfaces/include/ros_ign_interfaces/ros_ign_interfaces/msg/detail/joint_wrench__type_support.c
[1.629s] -- Up-to-date: /home/jacobrod/worms_ws/install/ros_ign_interfaces/include/ros_ign_interfaces/ros_ign_interfaces/msg/detail/string_vec__type_support.c
[1.629s] -- Up-to-date: /home/jacobrod/worms_ws/install/ros_ign_interfaces/include/ros_ign_interfaces/ros_ign_interfaces/msg/detail/joint_wrench__rosidl_typesupport_introspection_c.h
[1.629s] -- Up-to-date: /home/jacobrod/worms_ws/install/ros_ign_interfaces/include/ros_ign_interfaces/ros_ign_interfaces/msg/detail/world_control__type_support.c
[1.629s] -- Up-to-date: /home/jacobrod/worms_ws/install/ros_ign_interfaces/include/ros_ign_interfaces/ros_ign_interfaces/msg/detail/gui_camera__type_support.c
[1.629s] -- Up-to-date: /home/jacobrod/worms_ws/install/ros_ign_interfaces/include/ros_ign_interfaces/ros_ign_interfaces/msg/detail/light__rosidl_typesupport_introspection_c.h
[1.629s] -- Up-to-date: /home/jacobrod/worms_ws/install/ros_ign_interfaces/include/ros_ign_interfaces/ros_ign_interfaces/msg/detail/contact__type_support.c
[1.629s] -- Up-to-date: /home/jacobrod/worms_ws/install/ros_ign_interfaces/include/ros_ign_interfaces/ros_ign_interfaces/srv
[1.630s] -- Up-to-date: /home/jacobrod/worms_ws/install/ros_ign_interfaces/include/ros_ign_interfaces/ros_ign_interfaces/srv/detail
[1.630s] -- Up-to-date: /home/jacobrod/worms_ws/install/ros_ign_interfaces/include/ros_ign_interfaces/ros_ign_interfaces/srv/detail/delete_entity__type_support.c
[1.630s] -- Up-to-date: /home/jacobrod/worms_ws/install/ros_ign_interfaces/include/ros_ign_interfaces/ros_ign_interfaces/srv/detail/set_entity_pose__type_support.c
[1.630s] -- Up-to-date: /home/jacobrod/worms_ws/install/ros_ign_interfaces/include/ros_ign_interfaces/ros_ign_interfaces/srv/detail/spawn_entity__rosidl_typesupport_introspection_c.h
[1.630s] -- Up-to-date: /home/jacobrod/worms_ws/install/ros_ign_interfaces/include/ros_ign_interfaces/ros_ign_interfaces/srv/detail/set_entity_pose__rosidl_typesupport_introspection_c.h
[1.630s] -- Up-to-date: /home/jacobrod/worms_ws/install/ros_ign_interfaces/include/ros_ign_interfaces/ros_ign_interfaces/srv/detail/control_world__rosidl_typesupport_introspection_c.h
[1.630s] -- Up-to-date: /home/jacobrod/worms_ws/install/ros_ign_interfaces/include/ros_ign_interfaces/ros_ign_interfaces/srv/detail/spawn_entity__type_support.c
[1.630s] -- Up-to-date: /home/jacobrod/worms_ws/install/ros_ign_interfaces/include/ros_ign_interfaces/ros_ign_interfaces/srv/detail/delete_entity__rosidl_typesupport_introspection_c.h
[1.630s] -- Up-to-date: /home/jacobrod/worms_ws/install/ros_ign_interfaces/include/ros_ign_interfaces/ros_ign_interfaces/srv/detail/control_world__type_support.c
[1.630s] -- Up-to-date: /home/jacobrod/worms_ws/install/ros_ign_interfaces/lib/libros_ign_interfaces__rosidl_typesupport_introspection_c.so
[1.631s] -- Up-to-date: /home/jacobrod/worms_ws/install/ros_ign_interfaces/lib/libros_ign_interfaces__rosidl_typesupport_c.so
[1.631s] -- Up-to-date: /home/jacobrod/worms_ws/install/ros_ign_interfaces/include/ros_ign_interfaces/ros_ign_interfaces
[1.631s] -- Up-to-date: /home/jacobrod/worms_ws/install/ros_ign_interfaces/include/ros_ign_interfaces/ros_ign_interfaces/msg
[1.631s] -- Up-to-date: /home/jacobrod/worms_ws/install/ros_ign_interfaces/include/ros_ign_interfaces/ros_ign_interfaces/msg/detail
[1.631s] -- Up-to-date: /home/jacobrod/worms_ws/install/ros_ign_interfaces/include/ros_ign_interfaces/ros_ign_interfaces/msg/detail/world_reset__rosidl_typesupport_introspection_cpp.hpp
[1.631s] -- Up-to-date: /home/jacobrod/worms_ws/install/ros_ign_interfaces/include/ros_ign_interfaces/ros_ign_interfaces/msg/detail/entity_factory__type_support.cpp
[1.631s] -- Up-to-date: /home/jacobrod/worms_ws/install/ros_ign_interfaces/include/ros_ign_interfaces/ros_ign_interfaces/msg/detail/world_control__type_support.cpp
[1.632s] -- Up-to-date: /home/jacobrod/worms_ws/install/ros_ign_interfaces/include/ros_ign_interfaces/ros_ign_interfaces/msg/detail/contacts__rosidl_typesupport_introspection_cpp.hpp
[1.632s] -- Up-to-date: /home/jacobrod/worms_ws/install/ros_ign_interfaces/include/ros_ign_interfaces/ros_ign_interfaces/msg/detail/joint_wrench__rosidl_typesupport_introspection_cpp.hpp
[1.632s] -- Up-to-date: /home/jacobrod/worms_ws/install/ros_ign_interfaces/include/ros_ign_interfaces/ros_ign_interfaces/msg/detail/video_record__rosidl_typesupport_introspection_cpp.hpp
[1.632s] -- Up-to-date: /home/jacobrod/worms_ws/install/ros_ign_interfaces/include/ros_ign_interfaces/ros_ign_interfaces/msg/detail/track_visual__rosidl_typesupport_introspection_cpp.hpp
[1.632s] -- Up-to-date: /home/jacobrod/worms_ws/install/ros_ign_interfaces/include/ros_ign_interfaces/ros_ign_interfaces/msg/detail/string_vec__rosidl_typesupport_introspection_cpp.hpp
[1.632s] -- Up-to-date: /home/jacobrod/worms_ws/install/ros_ign_interfaces/include/ros_ign_interfaces/ros_ign_interfaces/msg/detail/light__rosidl_typesupport_introspection_cpp.hpp
[1.632s] -- Up-to-date: /home/jacobrod/worms_ws/install/ros_ign_interfaces/include/ros_ign_interfaces/ros_ign_interfaces/msg/detail/track_visual__type_support.cpp
[1.632s] -- Up-to-date: /home/jacobrod/worms_ws/install/ros_ign_interfaces/include/ros_ign_interfaces/ros_ign_interfaces/msg/detail/video_record__type_support.cpp
[1.632s] -- Up-to-date: /home/jacobrod/worms_ws/install/ros_ign_interfaces/include/ros_ign_interfaces/ros_ign_interfaces/msg/detail/entity_factory__rosidl_typesupport_introspection_cpp.hpp
[1.632s] -- Up-to-date: /home/jacobrod/worms_ws/install/ros_ign_interfaces/include/ros_ign_interfaces/ros_ign_interfaces/msg/detail/world_reset__type_support.cpp
[1.633s] -- Up-to-date: /home/jacobrod/worms_ws/install/ros_ign_interfaces/include/ros_ign_interfaces/ros_ign_interfaces/msg/detail/contact__type_support.cpp
[1.633s] -- Up-to-date: /home/jacobrod/worms_ws/install/ros_ign_interfaces/include/ros_ign_interfaces/ros_ign_interfaces/msg/detail/string_vec__type_support.cpp
[1.633s] -- Up-to-date: /home/jacobrod/worms_ws/install/ros_ign_interfaces/include/ros_ign_interfaces/ros_ign_interfaces/msg/detail/world_control__rosidl_typesupport_introspection_cpp.hpp
[1.633s] -- Up-to-date: /home/jacobrod/worms_ws/install/ros_ign_interfaces/include/ros_ign_interfaces/ros_ign_interfaces/msg/detail/light__type_support.cpp
[1.633s] -- Up-to-date: /home/jacobrod/worms_ws/install/ros_ign_interfaces/include/ros_ign_interfaces/ros_ign_interfaces/msg/detail/contacts__type_support.cpp
[1.633s] -- Up-to-date: /home/jacobrod/worms_ws/install/ros_ign_interfaces/include/ros_ign_interfaces/ros_ign_interfaces/msg/detail/gui_camera__type_support.cpp
[1.633s] -- Up-to-date: /home/jacobrod/worms_ws/install/ros_ign_interfaces/include/ros_ign_interfaces/ros_ign_interfaces/msg/detail/gui_camera__rosidl_typesupport_introspection_cpp.hpp
[1.633s] -- Up-to-date: /home/jacobrod/worms_ws/install/ros_ign_interfaces/include/ros_ign_interfaces/ros_ign_interfaces/msg/detail/contact__rosidl_typesupport_introspection_cpp.hpp
[1.633s] -- Up-to-date: /home/jacobrod/worms_ws/install/ros_ign_interfaces/include/ros_ign_interfaces/ros_ign_interfaces/msg/detail/entity__type_support.cpp
[1.633s] -- Up-to-date: /home/jacobrod/worms_ws/install/ros_ign_interfaces/include/ros_ign_interfaces/ros_ign_interfaces/msg/detail/entity__rosidl_typesupport_introspection_cpp.hpp
[1.633s] -- Up-to-date: /home/jacobrod/worms_ws/install/ros_ign_interfaces/include/ros_ign_interfaces/ros_ign_interfaces/msg/detail/joint_wrench__type_support.cpp
[1.633s] -- Up-to-date: /home/jacobrod/worms_ws/install/ros_ign_interfaces/include/ros_ign_interfaces/ros_ign_interfaces/srv
[1.633s] -- Up-to-date: /home/jacobrod/worms_ws/install/ros_ign_interfaces/include/ros_ign_interfaces/ros_ign_interfaces/srv/detail
[1.634s] -- Up-to-date: /home/jacobrod/worms_ws/install/ros_ign_interfaces/include/ros_ign_interfaces/ros_ign_interfaces/srv/detail/delete_entity__type_support.cpp
[1.634s] -- Up-to-date: /home/jacobrod/worms_ws/install/ros_ign_interfaces/include/ros_ign_interfaces/ros_ign_interfaces/srv/detail/set_entity_pose__type_support.cpp
[1.634s] -- Up-to-date: /home/jacobrod/worms_ws/install/ros_ign_interfaces/include/ros_ign_interfaces/ros_ign_interfaces/srv/detail/control_world__rosidl_typesupport_introspection_cpp.hpp
[1.634s] -- Up-to-date: /home/jacobrod/worms_ws/install/ros_ign_interfaces/include/ros_ign_interfaces/ros_ign_interfaces/srv/detail/delete_entity__rosidl_typesupport_introspection_cpp.hpp
[1.634s] -- Up-to-date: /home/jacobrod/worms_ws/install/ros_ign_interfaces/include/ros_ign_interfaces/ros_ign_interfaces/srv/detail/spawn_entity__rosidl_typesupport_introspection_cpp.hpp
[1.634s] -- Up-to-date: /home/jacobrod/worms_ws/install/ros_ign_interfaces/include/ros_ign_interfaces/ros_ign_interfaces/srv/detail/control_world__type_support.cpp
[1.635s] -- Up-to-date: /home/jacobrod/worms_ws/install/ros_ign_interfaces/include/ros_ign_interfaces/ros_ign_interfaces/srv/detail/spawn_entity__type_support.cpp
[1.635s] -- Up-to-date: /home/jacobrod/worms_ws/install/ros_ign_interfaces/include/ros_ign_interfaces/ros_ign_interfaces/srv/detail/set_entity_pose__rosidl_typesupport_introspection_cpp.hpp
[1.635s] -- Up-to-date: /home/jacobrod/worms_ws/install/ros_ign_interfaces/lib/libros_ign_interfaces__rosidl_typesupport_introspection_cpp.so
[1.635s] -- Up-to-date: /home/jacobrod/worms_ws/install/ros_ign_interfaces/lib/libros_ign_interfaces__rosidl_typesupport_cpp.so
[1.635s] -- Up-to-date: /home/jacobrod/worms_ws/install/ros_ign_interfaces/share/ros_ign_interfaces/environment/pythonpath.sh
[1.635s] -- Up-to-date: /home/jacobrod/worms_ws/install/ros_ign_interfaces/share/ros_ign_interfaces/environment/pythonpath.dsv
[1.636s] -- Up-to-date: /home/jacobrod/worms_ws/install/ros_ign_interfaces/local/lib/python3.10/dist-packages/ros_ign_interfaces-0.244.11-py3.10.egg-info
[1.636s] -- Installing: /home/jacobrod/worms_ws/install/ros_ign_interfaces/local/lib/python3.10/dist-packages/ros_ign_interfaces-0.244.11-py3.10.egg-info/PKG-INFO
[1.636s] -- Installing: /home/jacobrod/worms_ws/install/ros_ign_interfaces/local/lib/python3.10/dist-packages/ros_ign_interfaces-0.244.11-py3.10.egg-info/dependency_links.txt
[1.636s] -- Installing: /home/jacobrod/worms_ws/install/ros_ign_interfaces/local/lib/python3.10/dist-packages/ros_ign_interfaces-0.244.11-py3.10.egg-info/top_level.txt
[1.637s] -- Installing: /home/jacobrod/worms_ws/install/ros_ign_interfaces/local/lib/python3.10/dist-packages/ros_ign_interfaces-0.244.11-py3.10.egg-info/SOURCES.txt
[1.637s] -- Up-to-date: /home/jacobrod/worms_ws/install/ros_ign_interfaces/local/lib/python3.10/dist-packages/ros_ign_interfaces
[1.637s] -- Up-to-date: /home/jacobrod/worms_ws/install/ros_ign_interfaces/local/lib/python3.10/dist-packages/ros_ign_interfaces/_ros_ign_interfaces_s.ep.rosidl_typesupport_fastrtps_c.c
[1.637s] -- Up-to-date: /home/jacobrod/worms_ws/install/ros_ign_interfaces/local/lib/python3.10/dist-packages/ros_ign_interfaces/ros_ign_interfaces_s__rosidl_typesupport_c.cpython-310-x86_64-linux-gnu.so
[1.637s] -- Up-to-date: /home/jacobrod/worms_ws/install/ros_ign_interfaces/local/lib/python3.10/dist-packages/ros_ign_interfaces/ros_ign_interfaces_s__rosidl_typesupport_fastrtps_c.cpython-310-x86_64-linux-gnu.so
[1.637s] -- Up-to-date: /home/jacobrod/worms_ws/install/ros_ign_interfaces/local/lib/python3.10/dist-packages/ros_ign_interfaces/msg
[1.637s] -- Up-to-date: /home/jacobrod/worms_ws/install/ros_ign_interfaces/local/lib/python3.10/dist-packages/ros_ign_interfaces/msg/_joint_wrench.py
[1.638s] -- Up-to-date: /home/jacobrod/worms_ws/install/ros_ign_interfaces/local/lib/python3.10/dist-packages/ros_ign_interfaces/msg/_joint_wrench_s.c
[1.638s] -- Up-to-date: /home/jacobrod/worms_ws/install/ros_ign_interfaces/local/lib/python3.10/dist-packages/ros_ign_interfaces/msg/_contact.py
[1.638s] -- Up-to-date: /home/jacobrod/worms_ws/install/ros_ign_interfaces/local/lib/python3.10/dist-packages/ros_ign_interfaces/msg/_entity_factory.py
[1.638s] -- Up-to-date: /home/jacobrod/worms_ws/install/ros_ign_interfaces/local/lib/python3.10/dist-packages/ros_ign_interfaces/msg/_entity_factory_s.c
[1.638s] -- Up-to-date: /home/jacobrod/worms_ws/install/ros_ign_interfaces/local/lib/python3.10/dist-packages/ros_ign_interfaces/msg/_light_s.c
[1.638s] -- Up-to-date: /home/jacobrod/worms_ws/install/ros_ign_interfaces/local/lib/python3.10/dist-packages/ros_ign_interfaces/msg/_world_reset.py
[1.639s] -- Up-to-date: /home/jacobrod/worms_ws/install/ros_ign_interfaces/local/lib/python3.10/dist-packages/ros_ign_interfaces/msg/_gui_camera_s.c
[1.639s] -- Up-to-date: /home/jacobrod/worms_ws/install/ros_ign_interfaces/local/lib/python3.10/dist-packages/ros_ign_interfaces/msg/_track_visual_s.c
[1.639s] -- Up-to-date: /home/jacobrod/worms_ws/install/ros_ign_interfaces/local/lib/python3.10/dist-packages/ros_ign_interfaces/msg/_video_record.py
[1.639s] -- Up-to-date: /home/jacobrod/worms_ws/install/ros_ign_interfaces/local/lib/python3.10/dist-packages/ros_ign_interfaces/msg/_contacts_s.c
[1.639s] -- Up-to-date: /home/jacobrod/worms_ws/install/ros_ign_interfaces/local/lib/python3.10/dist-packages/ros_ign_interfaces/msg/_contacts.py
[1.639s] -- Up-to-date: /home/jacobrod/worms_ws/install/ros_ign_interfaces/local/lib/python3.10/dist-packages/ros_ign_interfaces/msg/_light.py
[1.639s] -- Up-to-date: /home/jacobrod/worms_ws/install/ros_ign_interfaces/local/lib/python3.10/dist-packages/ros_ign_interfaces/msg/_track_visual.py
[1.640s] -- Up-to-date: /home/jacobrod/worms_ws/install/ros_ign_interfaces/local/lib/python3.10/dist-packages/ros_ign_interfaces/msg/_world_reset_s.c
[1.640s] -- Up-to-date: /home/jacobrod/worms_ws/install/ros_ign_interfaces/local/lib/python3.10/dist-packages/ros_ign_interfaces/msg/_string_vec_s.c
[1.640s] -- Up-to-date: /home/jacobrod/worms_ws/install/ros_ign_interfaces/local/lib/python3.10/dist-packages/ros_ign_interfaces/msg/_string_vec.py
[1.640s] -- Up-to-date: /home/jacobrod/worms_ws/install/ros_ign_interfaces/local/lib/python3.10/dist-packages/ros_ign_interfaces/msg/_entity.py
[1.640s] -- Up-to-date: /home/jacobrod/worms_ws/install/ros_ign_interfaces/local/lib/python3.10/dist-packages/ros_ign_interfaces/msg/_gui_camera.py
[1.640s] -- Up-to-date: /home/jacobrod/worms_ws/install/ros_ign_interfaces/local/lib/python3.10/dist-packages/ros_ign_interfaces/msg/_world_control_s.c
[1.640s] -- Up-to-date: /home/jacobrod/worms_ws/install/ros_ign_interfaces/local/lib/python3.10/dist-packages/ros_ign_interfaces/msg/_entity_s.c
[1.640s] -- Up-to-date: /home/jacobrod/worms_ws/install/ros_ign_interfaces/local/lib/python3.10/dist-packages/ros_ign_interfaces/msg/_contact_s.c
[1.641s] -- Up-to-date: /home/jacobrod/worms_ws/install/ros_ign_interfaces/local/lib/python3.10/dist-packages/ros_ign_interfaces/msg/_world_control.py
[1.641s] -- Up-to-date: /home/jacobrod/worms_ws/install/ros_ign_interfaces/local/lib/python3.10/dist-packages/ros_ign_interfaces/msg/_video_record_s.c
[1.641s] -- Up-to-date: /home/jacobrod/worms_ws/install/ros_ign_interfaces/local/lib/python3.10/dist-packages/ros_ign_interfaces/msg/__init__.py
[1.641s] -- Up-to-date: /home/jacobrod/worms_ws/install/ros_ign_interfaces/local/lib/python3.10/dist-packages/ros_ign_interfaces/_ros_ign_interfaces_s.ep.rosidl_typesupport_introspection_c.c
[1.641s] -- Up-to-date: /home/jacobrod/worms_ws/install/ros_ign_interfaces/local/lib/python3.10/dist-packages/ros_ign_interfaces/libros_ign_interfaces__rosidl_generator_py.so
[1.641s] -- Up-to-date: /home/jacobrod/worms_ws/install/ros_ign_interfaces/local/lib/python3.10/dist-packages/ros_ign_interfaces/srv
[1.641s] -- Up-to-date: /home/jacobrod/worms_ws/install/ros_ign_interfaces/local/lib/python3.10/dist-packages/ros_ign_interfaces/srv/_set_entity_pose_s.c
[1.641s] -- Up-to-date: /home/jacobrod/worms_ws/install/ros_ign_interfaces/local/lib/python3.10/dist-packages/ros_ign_interfaces/srv/_delete_entity.py
[1.642s] -- Up-to-date: /home/jacobrod/worms_ws/install/ros_ign_interfaces/local/lib/python3.10/dist-packages/ros_ign_interfaces/srv/_control_world_s.c
[1.642s] -- Up-to-date: /home/jacobrod/worms_ws/install/ros_ign_interfaces/local/lib/python3.10/dist-packages/ros_ign_interfaces/srv/_spawn_entity_s.c
[1.642s] -- Up-to-date: /home/jacobrod/worms_ws/install/ros_ign_interfaces/local/lib/python3.10/dist-packages/ros_ign_interfaces/srv/_spawn_entity.py
[1.642s] -- Up-to-date: /home/jacobrod/worms_ws/install/ros_ign_interfaces/local/lib/python3.10/dist-packages/ros_ign_interfaces/srv/_set_entity_pose.py
[1.642s] -- Up-to-date: /home/jacobrod/worms_ws/install/ros_ign_interfaces/local/lib/python3.10/dist-packages/ros_ign_interfaces/srv/_control_world.py
[1.642s] -- Up-to-date: /home/jacobrod/worms_ws/install/ros_ign_interfaces/local/lib/python3.10/dist-packages/ros_ign_interfaces/srv/_delete_entity_s.c
[1.642s] -- Up-to-date: /home/jacobrod/worms_ws/install/ros_ign_interfaces/local/lib/python3.10/dist-packages/ros_ign_interfaces/srv/__init__.py
[1.642s] -- Up-to-date: /home/jacobrod/worms_ws/install/ros_ign_interfaces/local/lib/python3.10/dist-packages/ros_ign_interfaces/ros_ign_interfaces_s__rosidl_typesupport_introspection_c.cpython-310-x86_64-linux-gnu.so
[1.643s] -- Up-to-date: /home/jacobrod/worms_ws/install/ros_ign_interfaces/local/lib/python3.10/dist-packages/ros_ign_interfaces/__init__.py
[1.643s] -- Up-to-date: /home/jacobrod/worms_ws/install/ros_ign_interfaces/local/lib/python3.10/dist-packages/ros_ign_interfaces/_ros_ign_interfaces_s.ep.rosidl_typesupport_c.c
[1.662s] Listing '/home/jacobrod/worms_ws/install/ros_ign_interfaces/local/lib/python3.10/dist-packages/ros_ign_interfaces'...
[1.662s] Listing '/home/jacobrod/worms_ws/install/ros_ign_interfaces/local/lib/python3.10/dist-packages/ros_ign_interfaces/msg'...
[1.662s] Listing '/home/jacobrod/worms_ws/install/ros_ign_interfaces/local/lib/python3.10/dist-packages/ros_ign_interfaces/srv'...
[1.669s] -- Up-to-date: /home/jacobrod/worms_ws/install/ros_ign_interfaces/local/lib/python3.10/dist-packages/ros_ign_interfaces/ros_ign_interfaces_s__rosidl_typesupport_fastrtps_c.cpython-310-x86_64-linux-gnu.so
[1.669s] -- Up-to-date: /home/jacobrod/worms_ws/install/ros_ign_interfaces/local/lib/python3.10/dist-packages/ros_ign_interfaces/ros_ign_interfaces_s__rosidl_typesupport_introspection_c.cpython-310-x86_64-linux-gnu.so
[1.669s] -- Up-to-date: /home/jacobrod/worms_ws/install/ros_ign_interfaces/local/lib/python3.10/dist-packages/ros_ign_interfaces/ros_ign_interfaces_s__rosidl_typesupport_c.cpython-310-x86_64-linux-gnu.so
[1.670s] -- Up-to-date: /home/jacobrod/worms_ws/install/ros_ign_interfaces/lib/libros_ign_interfaces__rosidl_generator_py.so
[1.670s] -- Up-to-date: /home/jacobrod/worms_ws/install/ros_ign_interfaces/share/ros_ign_interfaces/msg/Contact.idl
[1.670s] -- Up-to-date: /home/jacobrod/worms_ws/install/ros_ign_interfaces/share/ros_ign_interfaces/msg/Contacts.idl
[1.671s] -- Up-to-date: /home/jacobrod/worms_ws/install/ros_ign_interfaces/share/ros_ign_interfaces/msg/Entity.idl
[1.671s] -- Up-to-date: /home/jacobrod/worms_ws/install/ros_ign_interfaces/share/ros_ign_interfaces/msg/EntityFactory.idl
[1.671s] -- Up-to-date: /home/jacobrod/worms_ws/install/ros_ign_interfaces/share/ros_ign_interfaces/msg/GuiCamera.idl
[1.671s] -- Up-to-date: /home/jacobrod/worms_ws/install/ros_ign_interfaces/share/ros_ign_interfaces/msg/JointWrench.idl
[1.672s] -- Up-to-date: /home/jacobrod/worms_ws/install/ros_ign_interfaces/share/ros_ign_interfaces/msg/Light.idl
[1.672s] -- Up-to-date: /home/jacobrod/worms_ws/install/ros_ign_interfaces/share/ros_ign_interfaces/msg/StringVec.idl
[1.672s] -- Up-to-date: /home/jacobrod/worms_ws/install/ros_ign_interfaces/share/ros_ign_interfaces/msg/TrackVisual.idl
[1.672s] -- Up-to-date: /home/jacobrod/worms_ws/install/ros_ign_interfaces/share/ros_ign_interfaces/msg/VideoRecord.idl
[1.672s] -- Up-to-date: /home/jacobrod/worms_ws/install/ros_ign_interfaces/share/ros_ign_interfaces/msg/WorldControl.idl
[1.673s] -- Up-to-date: /home/jacobrod/worms_ws/install/ros_ign_interfaces/share/ros_ign_interfaces/msg/WorldReset.idl
[1.673s] -- Up-to-date: /home/jacobrod/worms_ws/install/ros_ign_interfaces/share/ros_ign_interfaces/srv/ControlWorld.idl
[1.673s] -- Up-to-date: /home/jacobrod/worms_ws/install/ros_ign_interfaces/share/ros_ign_interfaces/srv/DeleteEntity.idl
[1.673s] -- Up-to-date: /home/jacobrod/worms_ws/install/ros_ign_interfaces/share/ros_ign_interfaces/srv/SetEntityPose.idl
[1.673s] -- Up-to-date: /home/jacobrod/worms_ws/install/ros_ign_interfaces/share/ros_ign_interfaces/srv/SpawnEntity.idl
[1.674s] -- Up-to-date: /home/jacobrod/worms_ws/install/ros_ign_interfaces/share/ros_ign_interfaces/msg/Contact.msg
[1.674s] -- Up-to-date: /home/jacobrod/worms_ws/install/ros_ign_interfaces/share/ros_ign_interfaces/msg/Contacts.msg
[1.674s] -- Up-to-date: /home/jacobrod/worms_ws/install/ros_ign_interfaces/share/ros_ign_interfaces/msg/Entity.msg
[1.674s] -- Up-to-date: /home/jacobrod/worms_ws/install/ros_ign_interfaces/share/ros_ign_interfaces/msg/EntityFactory.msg
[1.674s] -- Up-to-date: /home/jacobrod/worms_ws/install/ros_ign_interfaces/share/ros_ign_interfaces/msg/GuiCamera.msg
[1.674s] -- Up-to-date: /home/jacobrod/worms_ws/install/ros_ign_interfaces/share/ros_ign_interfaces/msg/JointWrench.msg
[1.675s] -- Up-to-date: /home/jacobrod/worms_ws/install/ros_ign_interfaces/share/ros_ign_interfaces/msg/Light.msg
[1.675s] -- Up-to-date: /home/jacobrod/worms_ws/install/ros_ign_interfaces/share/ros_ign_interfaces/msg/StringVec.msg
[1.675s] -- Up-to-date: /home/jacobrod/worms_ws/install/ros_ign_interfaces/share/ros_ign_interfaces/msg/TrackVisual.msg
[1.675s] -- Up-to-date: /home/jacobrod/worms_ws/install/ros_ign_interfaces/share/ros_ign_interfaces/msg/VideoRecord.msg
[1.675s] -- Up-to-date: /home/jacobrod/worms_ws/install/ros_ign_interfaces/share/ros_ign_interfaces/msg/WorldControl.msg
[1.675s] -- Up-to-date: /home/jacobrod/worms_ws/install/ros_ign_interfaces/share/ros_ign_interfaces/msg/WorldReset.msg
[1.675s] -- Up-to-date: /home/jacobrod/worms_ws/install/ros_ign_interfaces/share/ros_ign_interfaces/srv/ControlWorld.srv
[1.676s] -- Up-to-date: /home/jacobrod/worms_ws/install/ros_ign_interfaces/share/ros_ign_interfaces/srv/ControlWorld_Request.msg
[1.676s] -- Up-to-date: /home/jacobrod/worms_ws/install/ros_ign_interfaces/share/ros_ign_interfaces/srv/ControlWorld_Response.msg
[1.676s] -- Up-to-date: /home/jacobrod/worms_ws/install/ros_ign_interfaces/share/ros_ign_interfaces/srv/DeleteEntity.srv
[1.676s] -- Up-to-date: /home/jacobrod/worms_ws/install/ros_ign_interfaces/share/ros_ign_interfaces/srv/DeleteEntity_Request.msg
[1.676s] -- Up-to-date: /home/jacobrod/worms_ws/install/ros_ign_interfaces/share/ros_ign_interfaces/srv/DeleteEntity_Response.msg
[1.676s] -- Up-to-date: /home/jacobrod/worms_ws/install/ros_ign_interfaces/share/ros_ign_interfaces/srv/SetEntityPose.srv
[1.677s] -- Up-to-date: /home/jacobrod/worms_ws/install/ros_ign_interfaces/share/ros_ign_interfaces/srv/SetEntityPose_Request.msg
[1.677s] -- Up-to-date: /home/jacobrod/worms_ws/install/ros_ign_interfaces/share/ros_ign_interfaces/srv/SetEntityPose_Response.msg
[1.677s] -- Up-to-date: /home/jacobrod/worms_ws/install/ros_ign_interfaces/share/ros_ign_interfaces/srv/SpawnEntity.srv
[1.677s] -- Up-to-date: /home/jacobrod/worms_ws/install/ros_ign_interfaces/share/ros_ign_interfaces/srv/SpawnEntity_Request.msg
[1.677s] -- Up-to-date: /home/jacobrod/worms_ws/install/ros_ign_interfaces/share/ros_ign_interfaces/srv/SpawnEntity_Response.msg
[1.677s] -- Up-to-date: /home/jacobrod/worms_ws/install/ros_ign_interfaces/share/ament_index/resource_index/package_run_dependencies/ros_ign_interfaces
[1.678s] -- Up-to-date: /home/jacobrod/worms_ws/install/ros_ign_interfaces/share/ament_index/resource_index/parent_prefix_path/ros_ign_interfaces
[1.678s] -- Up-to-date: /home/jacobrod/worms_ws/install/ros_ign_interfaces/share/ros_ign_interfaces/environment/ament_prefix_path.sh
[1.678s] -- Up-to-date: /home/jacobrod/worms_ws/install/ros_ign_interfaces/share/ros_ign_interfaces/environment/ament_prefix_path.dsv
[1.678s] -- Up-to-date: /home/jacobrod/worms_ws/install/ros_ign_interfaces/share/ros_ign_interfaces/environment/path.sh
[1.678s] -- Up-to-date: /home/jacobrod/worms_ws/install/ros_ign_interfaces/share/ros_ign_interfaces/environment/path.dsv
[1.678s] -- Up-to-date: /home/jacobrod/worms_ws/install/ros_ign_interfaces/share/ros_ign_interfaces/local_setup.bash
[1.678s] -- Up-to-date: /home/jacobrod/worms_ws/install/ros_ign_interfaces/share/ros_ign_interfaces/local_setup.sh
[1.678s] -- Up-to-date: /home/jacobrod/worms_ws/install/ros_ign_interfaces/share/ros_ign_interfaces/local_setup.zsh
[1.678s] -- Up-to-date: /home/jacobrod/worms_ws/install/ros_ign_interfaces/share/ros_ign_interfaces/local_setup.dsv
[1.678s] -- Installing: /home/jacobrod/worms_ws/install/ros_ign_interfaces/share/ros_ign_interfaces/package.dsv
[1.679s] -- Up-to-date: /home/jacobrod/worms_ws/install/ros_ign_interfaces/share/ament_index/resource_index/packages/ros_ign_interfaces
[1.679s] -- Up-to-date: /home/jacobrod/worms_ws/install/ros_ign_interfaces/share/ros_ign_interfaces/cmake/export_ros_ign_interfaces__rosidl_generator_cExport.cmake
[1.679s] -- Up-to-date: /home/jacobrod/worms_ws/install/ros_ign_interfaces/share/ros_ign_interfaces/cmake/export_ros_ign_interfaces__rosidl_generator_cExport-noconfig.cmake
[1.679s] -- Up-to-date: /home/jacobrod/worms_ws/install/ros_ign_interfaces/share/ros_ign_interfaces/cmake/export_ros_ign_interfaces__rosidl_typesupport_fastrtps_cExport.cmake
[1.679s] -- Up-to-date: /home/jacobrod/worms_ws/install/ros_ign_interfaces/share/ros_ign_interfaces/cmake/export_ros_ign_interfaces__rosidl_typesupport_fastrtps_cExport-noconfig.cmake
[1.679s] -- Up-to-date: /home/jacobrod/worms_ws/install/ros_ign_interfaces/share/ros_ign_interfaces/cmake/export_ros_ign_interfaces__rosidl_generator_cppExport.cmake
[1.679s] -- Up-to-date: /home/jacobrod/worms_ws/install/ros_ign_interfaces/share/ros_ign_interfaces/cmake/export_ros_ign_interfaces__rosidl_typesupport_fastrtps_cppExport.cmake
[1.680s] -- Up-to-date: /home/jacobrod/worms_ws/install/ros_ign_interfaces/share/ros_ign_interfaces/cmake/export_ros_ign_interfaces__rosidl_typesupport_fastrtps_cppExport-noconfig.cmake
[1.680s] -- Up-to-date: /home/jacobrod/worms_ws/install/ros_ign_interfaces/share/ros_ign_interfaces/cmake/ros_ign_interfaces__rosidl_typesupport_introspection_cExport.cmake
[1.680s] -- Up-to-date: /home/jacobrod/worms_ws/install/ros_ign_interfaces/share/ros_ign_interfaces/cmake/ros_ign_interfaces__rosidl_typesupport_introspection_cExport-noconfig.cmake
[1.681s] -- Up-to-date: /home/jacobrod/worms_ws/install/ros_ign_interfaces/share/ros_ign_interfaces/cmake/ros_ign_interfaces__rosidl_typesupport_cExport.cmake
[1.681s] -- Up-to-date: /home/jacobrod/worms_ws/install/ros_ign_interfaces/share/ros_ign_interfaces/cmake/ros_ign_interfaces__rosidl_typesupport_cExport-noconfig.cmake
[1.681s] -- Up-to-date: /home/jacobrod/worms_ws/install/ros_ign_interfaces/share/ros_ign_interfaces/cmake/ros_ign_interfaces__rosidl_typesupport_introspection_cppExport.cmake
[1.682s] -- Up-to-date: /home/jacobrod/worms_ws/install/ros_ign_interfaces/share/ros_ign_interfaces/cmake/ros_ign_interfaces__rosidl_typesupport_introspection_cppExport-noconfig.cmake
[1.682s] -- Up-to-date: /home/jacobrod/worms_ws/install/ros_ign_interfaces/share/ros_ign_interfaces/cmake/ros_ign_interfaces__rosidl_typesupport_cppExport.cmake
[1.682s] -- Up-to-date: /home/jacobrod/worms_ws/install/ros_ign_interfaces/share/ros_ign_interfaces/cmake/ros_ign_interfaces__rosidl_typesupport_cppExport-noconfig.cmake
[1.682s] -- Up-to-date: /home/jacobrod/worms_ws/install/ros_ign_interfaces/share/ros_ign_interfaces/cmake/export_ros_ign_interfaces__rosidl_generator_pyExport.cmake
[1.682s] -- Up-to-date: /home/jacobrod/worms_ws/install/ros_ign_interfaces/share/ros_ign_interfaces/cmake/export_ros_ign_interfaces__rosidl_generator_pyExport-noconfig.cmake
[1.683s] -- Up-to-date: /home/jacobrod/worms_ws/install/ros_ign_interfaces/share/ros_ign_interfaces/cmake/rosidl_cmake-extras.cmake
[1.683s] -- Up-to-date: /home/jacobrod/worms_ws/install/ros_ign_interfaces/share/ros_ign_interfaces/cmake/ament_cmake_export_dependencies-extras.cmake
[1.683s] -- Up-to-date: /home/jacobrod/worms_ws/install/ros_ign_interfaces/share/ros_ign_interfaces/cmake/ament_cmake_export_include_directories-extras.cmake
[1.683s] -- Up-to-date: /home/jacobrod/worms_ws/install/ros_ign_interfaces/share/ros_ign_interfaces/cmake/ament_cmake_export_libraries-extras.cmake
[1.683s] -- Up-to-date: /home/jacobrod/worms_ws/install/ros_ign_interfaces/share/ros_ign_interfaces/cmake/ament_cmake_export_targets-extras.cmake
[1.684s] -- Up-to-date: /home/jacobrod/worms_ws/install/ros_ign_interfaces/share/ros_ign_interfaces/cmake/rosidl_cmake_export_typesupport_targets-extras.cmake
[1.684s] -- Up-to-date: /home/jacobrod/worms_ws/install/ros_ign_interfaces/share/ros_ign_interfaces/cmake/rosidl_cmake_export_typesupport_libraries-extras.cmake
[1.684s] -- Up-to-date: /home/jacobrod/worms_ws/install/ros_ign_interfaces/share/ros_ign_interfaces/cmake/ros_ign_interfacesConfig.cmake
[1.684s] -- Up-to-date: /home/jacobrod/worms_ws/install/ros_ign_interfaces/share/ros_ign_interfaces/cmake/ros_ign_interfacesConfig-version.cmake
[1.685s] -- Up-to-date: /home/jacobrod/worms_ws/install/ros_ign_interfaces/share/ros_ign_interfaces/package.xml
[1.685s] Invoked command in '/home/jacobrod/worms_ws/build/ros_ign_interfaces' returned '0': CMAKE_PREFIX_PATH=/home/jacobrod/worms_ws/install/ros_gz_interfaces:/home/jacobrod/worms_ws/src/install/worms_gazebo:/home/jacobrod/worms_ws/src/install/worms_description:/home/jacobrod/worms_ws/src/install/ros_gz_example_bringup:/home/jacobrod/worms_ws/src/install/ros_gz_example_gazebo:/home/jacobrod/worms_ws/src/install/ros_gz_example_description:/home/jacobrod/worms_ws/src/install/ros_gz_example_application:/home/jacobrod/worms_ws/src/install/core_bringup:/home/jacobrod/worms_ws/install/worms_gazebo:/home/jacobrod/worms_ws/install/worms_description:/home/jacobrod/worms_ws/install/ros_ign:/home/jacobrod/worms_ws/install/ros_ign_gazebo_demos:/home/jacobrod/worms_ws/install/ros_gz:/home/jacobrod/worms_ws/install/ros_gz_sim_demos:/home/jacobrod/worms_ws/install/sdformat_urdf:/home/jacobrod/worms_ws/install/sdformat_test_files:/home/jacobrod/worms_ws/install/ros_ign_interfaces:/home/jacobrod/worms_ws/install/ros_ign_image:/home/jacobrod/worms_ws/install/ros_ign_gazebo:/home/jacobrod/worms_ws/install/ros_ign_bridge:/home/jacobrod/worms_ws/install/ros_gz_sim:/home/jacobrod/worms_ws/install/ros_gz_image:/home/jacobrod/worms_ws/install/ros_gz_bridge:/home/jacobrod/worms_ws/install/ros_gz_example_bringup:/home/jacobrod/worms_ws/install/ros_gz_example_gazebo:/home/jacobrod/worms_ws/install/ros_gz_example_description:/home/jacobrod/worms_ws/install/ros_gz_example_application:/home/jacobrod/worms_ws/install/core_bringup:/home/jacobrod/AllSeaingVehicle2/install:/home/jacobrod/worms_ws/src/install/worms_mech:/home/jacobrod/worms_ws/install/worms_mech:/opt/ros/humble LD_LIBRARY_PATH=/home/jacobrod/worms_ws/install/ros_gz_interfaces/lib:/home/jacobrod/worms_ws/install/sdformat_urdf/lib:/home/jacobrod/worms_ws/install/ros_ign_interfaces/lib:/home/jacobrod/worms_ws/install/ros_gz_sim/lib:/home/jacobrod/worms_ws/install/ros_gz_bridge/lib:/home/jacobrod/AllSeaingVehicle2/install/lib:/opt/ros/humble/opt/rviz_ogre_vendor/lib:/opt/ros/humble/lib/x86_64-linux-gnu:/opt/ros/humble/lib /usr/bin/cmake --install /home/jacobrod/worms_ws/build/ros_ign_interfaces
