[3.728s] DEBUG:colcon:Command line arguments: ['/usr/bin/colcon', 'build']
[3.728s] DEBUG:colcon:Parsed command line arguments: Namespace(log_base=None, log_level=None, verb_name='build', build_base='build', install_base='install', merge_install=False, symlink_install=False, test_result_base=None, continue_on_error=False, executor='parallel', parallel_workers=4, event_handlers=None, ignore_user_meta=False, metas=['./colcon.meta'], base_paths=['.'], packages_ignore=None, packages_ignore_regex=None, paths=None, packages_up_to=None, packages_up_to_regex=None, packages_above=None, packages_above_and_dependencies=None, packages_above_depth=None, packages_select_by_dep=None, packages_skip_by_dep=None, packages_skip_up_to=None, packages_select_build_failed=False, packages_skip_build_finished=False, packages_select_test_failures=False, packages_skip_test_passed=False, packages_select=None, packages_skip=None, packages_select_regex=None, packages_skip_regex=None, packages_start=None, packages_end=None, allow_overriding=[], cmake_args=None, cmake_target=None, cmake_target_skip_unavailable=False, cmake_clean_cache=False, cmake_clean_first=False, cmake_force_configure=False, ament_cmake_args=None, catkin_cmake_args=None, catkin_skip_building_tests=False, verb_parser=<colcon_defaults.argument_parser.defaults.DefaultArgumentsDecorator object at 0xffff873df9d0>, verb_extension=<colcon_core.verb.build.BuildVerb object at 0xffff876c9000>, main=<bound method BuildVerb.main of <colcon_core.verb.build.BuildVerb object at 0xffff876c9000>>)
[3.909s] Level 1:colcon.colcon_core.package_discovery:discover_packages(colcon_meta) check parameters
[3.909s] Level 1:colcon.colcon_core.package_discovery:discover_packages(recursive) check parameters
[3.909s] Level 1:colcon.colcon_core.package_discovery:discover_packages(ignore) check parameters
[3.910s] Level 1:colcon.colcon_core.package_discovery:discover_packages(path) check parameters
[3.910s] Level 1:colcon.colcon_core.package_discovery:discover_packages(colcon_meta) discover
[3.910s] Level 1:colcon.colcon_core.package_discovery:discover_packages(recursive) discover
[3.910s] INFO:colcon.colcon_core.package_discovery:Crawling recursively for packages in '/home/worm3/worms_mech_ws'
[3.911s] Level 1:colcon.colcon_core.package_identification:_identify(.) by extensions ['ignore', 'ignore_ament_install']
[3.911s] Level 1:colcon.colcon_core.package_identification:_identify(.) by extension 'ignore'
[3.911s] Level 1:colcon.colcon_core.package_identification:_identify(.) by extension 'ignore_ament_install'
[3.911s] Level 1:colcon.colcon_core.package_identification:_identify(.) by extensions ['colcon_pkg']
[3.912s] Level 1:colcon.colcon_core.package_identification:_identify(.) by extension 'colcon_pkg'
[3.912s] Level 1:colcon.colcon_core.package_identification:_identify(.) by extensions ['colcon_meta']
[3.912s] Level 1:colcon.colcon_core.package_identification:_identify(.) by extension 'colcon_meta'
[3.912s] Level 1:colcon.colcon_core.package_identification:_identify(.) by extensions ['ros']
[3.912s] Level 1:colcon.colcon_core.package_identification:_identify(.) by extension 'ros'
[3.959s] Level 1:colcon.colcon_core.package_identification:_identify(.) by extensions ['cmake', 'python']
[3.959s] Level 1:colcon.colcon_core.package_identification:_identify(.) by extension 'cmake'
[3.959s] Level 1:colcon.colcon_core.package_identification:_identify(.) by extension 'python'
[3.959s] Level 1:colcon.colcon_core.package_identification:_identify(.) by extensions ['python_setup_py']
[3.959s] Level 1:colcon.colcon_core.package_identification:_identify(.) by extension 'python_setup_py'
[3.960s] Level 1:colcon.colcon_core.package_identification:_identify(build) by extensions ['ignore', 'ignore_ament_install']
[3.960s] Level 1:colcon.colcon_core.package_identification:_identify(build) by extension 'ignore'
[3.960s] Level 1:colcon.colcon_core.package_identification:_identify(build) ignored
[3.961s] Level 1:colcon.colcon_core.package_identification:_identify(install) by extensions ['ignore', 'ignore_ament_install']
[3.961s] Level 1:colcon.colcon_core.package_identification:_identify(install) by extension 'ignore'
[3.961s] Level 1:colcon.colcon_core.package_identification:_identify(install) ignored
[3.964s] Level 1:colcon.colcon_core.package_identification:_identify(log) by extensions ['ignore', 'ignore_ament_install']
[3.964s] Level 1:colcon.colcon_core.package_identification:_identify(log) by extension 'ignore'
[3.964s] Level 1:colcon.colcon_core.package_identification:_identify(log) ignored
[3.964s] Level 1:colcon.colcon_core.package_identification:_identify(src) by extensions ['ignore', 'ignore_ament_install']
[3.965s] Level 1:colcon.colcon_core.package_identification:_identify(src) by extension 'ignore'
[3.965s] Level 1:colcon.colcon_core.package_identification:_identify(src) by extension 'ignore_ament_install'
[3.965s] Level 1:colcon.colcon_core.package_identification:_identify(src) by extensions ['colcon_pkg']
[3.965s] Level 1:colcon.colcon_core.package_identification:_identify(src) by extension 'colcon_pkg'
[3.965s] Level 1:colcon.colcon_core.package_identification:_identify(src) by extensions ['colcon_meta']
[3.965s] Level 1:colcon.colcon_core.package_identification:_identify(src) by extension 'colcon_meta'
[3.966s] Level 1:colcon.colcon_core.package_identification:_identify(src) by extensions ['ros']
[3.966s] Level 1:colcon.colcon_core.package_identification:_identify(src) by extension 'ros'
[3.966s] Level 1:colcon.colcon_core.package_identification:_identify(src) by extensions ['cmake', 'python']
[3.966s] Level 1:colcon.colcon_core.package_identification:_identify(src) by extension 'cmake'
[3.966s] Level 1:colcon.colcon_core.package_identification:_identify(src) by extension 'python'
[3.967s] Level 1:colcon.colcon_core.package_identification:_identify(src) by extensions ['python_setup_py']
[3.967s] Level 1:colcon.colcon_core.package_identification:_identify(src) by extension 'python_setup_py'
[3.967s] Level 1:colcon.colcon_core.package_identification:_identify(src/launch) by extensions ['ignore', 'ignore_ament_install']
[3.967s] Level 1:colcon.colcon_core.package_identification:_identify(src/launch) by extension 'ignore'
[3.968s] Level 1:colcon.colcon_core.package_identification:_identify(src/launch) by extension 'ignore_ament_install'
[3.968s] Level 1:colcon.colcon_core.package_identification:_identify(src/launch) by extensions ['colcon_pkg']
[3.968s] Level 1:colcon.colcon_core.package_identification:_identify(src/launch) by extension 'colcon_pkg'
[3.968s] Level 1:colcon.colcon_core.package_identification:_identify(src/launch) by extensions ['colcon_meta']
[3.968s] Level 1:colcon.colcon_core.package_identification:_identify(src/launch) by extension 'colcon_meta'
[3.968s] Level 1:colcon.colcon_core.package_identification:_identify(src/launch) by extensions ['ros']
[3.968s] Level 1:colcon.colcon_core.package_identification:_identify(src/launch) by extension 'ros'
[3.969s] Level 1:colcon.colcon_core.package_identification:_identify(src/launch) by extensions ['cmake', 'python']
[3.969s] Level 1:colcon.colcon_core.package_identification:_identify(src/launch) by extension 'cmake'
[3.969s] Level 1:colcon.colcon_core.package_identification:_identify(src/launch) by extension 'python'
[3.969s] Level 1:colcon.colcon_core.package_identification:_identify(src/launch) by extensions ['python_setup_py']
[3.969s] Level 1:colcon.colcon_core.package_identification:_identify(src/launch) by extension 'python_setup_py'
[3.970s] Level 1:colcon.colcon_core.package_identification:_identify(src/worms_mech) by extensions ['ignore', 'ignore_ament_install']
[3.970s] Level 1:colcon.colcon_core.package_identification:_identify(src/worms_mech) by extension 'ignore'
[3.970s] Level 1:colcon.colcon_core.package_identification:_identify(src/worms_mech) by extension 'ignore_ament_install'
[3.970s] Level 1:colcon.colcon_core.package_identification:_identify(src/worms_mech) by extensions ['colcon_pkg']
[3.971s] Level 1:colcon.colcon_core.package_identification:_identify(src/worms_mech) by extension 'colcon_pkg'
[3.971s] Level 1:colcon.colcon_core.package_identification:_identify(src/worms_mech) by extensions ['colcon_meta']
[3.971s] Level 1:colcon.colcon_core.package_identification:_identify(src/worms_mech) by extension 'colcon_meta'
[3.971s] Level 1:colcon.colcon_core.package_identification:_identify(src/worms_mech) by extensions ['ros']
[3.971s] Level 1:colcon.colcon_core.package_identification:_identify(src/worms_mech) by extension 'ros'
[3.980s] DEBUG:colcon.colcon_core.package_identification:Package 'src/worms_mech' with type 'ros.ament_python' and name 'worms_mech'
[3.980s] Level 1:colcon.colcon_core.package_discovery:discover_packages(recursive) using defaults
[3.980s] Level 1:colcon.colcon_core.package_discovery:discover_packages(ignore) discover
[3.980s] Level 1:colcon.colcon_core.package_discovery:discover_packages(ignore) using defaults
[3.980s] Level 1:colcon.colcon_core.package_discovery:discover_packages(path) discover
[3.981s] Level 1:colcon.colcon_core.package_discovery:discover_packages(path) using defaults
[4.317s] Level 1:colcon.colcon_core.package_discovery:discover_packages(prefix_path) check parameters
[4.317s] Level 1:colcon.colcon_core.package_discovery:discover_packages(prefix_path) discover
[4.428s] DEBUG:colcon.colcon_installed_package_information.package_discovery:Found 1 installed packages in /home/worm3/worms_mech_ws/install
[4.487s] DEBUG:colcon.colcon_installed_package_information.package_discovery:Found 180 installed packages in /opt/ros/humble
[4.491s] Level 1:colcon.colcon_core.package_discovery:discover_packages(prefix_path) using defaults
[4.764s] Level 5:colcon.colcon_core.verb:set package 'worms_mech' build argument 'cmake_args' from command line to 'None'
[4.764s] Level 5:colcon.colcon_core.verb:set package 'worms_mech' build argument 'cmake_target' from command line to 'None'
[4.764s] Level 5:colcon.colcon_core.verb:set package 'worms_mech' build argument 'cmake_target_skip_unavailable' from command line to 'False'
[4.764s] Level 5:colcon.colcon_core.verb:set package 'worms_mech' build argument 'cmake_clean_cache' from command line to 'False'
[4.765s] Level 5:colcon.colcon_core.verb:set package 'worms_mech' build argument 'cmake_clean_first' from command line to 'False'
[4.765s] Level 5:colcon.colcon_core.verb:set package 'worms_mech' build argument 'cmake_force_configure' from command line to 'False'
[4.765s] Level 5:colcon.colcon_core.verb:set package 'worms_mech' build argument 'ament_cmake_args' from command line to 'None'
[4.765s] Level 5:colcon.colcon_core.verb:set package 'worms_mech' build argument 'catkin_cmake_args' from command line to 'None'
[4.765s] Level 5:colcon.colcon_core.verb:set package 'worms_mech' build argument 'catkin_skip_building_tests' from command line to 'False'
[4.765s] DEBUG:colcon.colcon_core.verb:Building package 'worms_mech' with the following arguments: {'ament_cmake_args': None, 'build_base': '/home/worm3/worms_mech_ws/build/worms_mech', 'catkin_cmake_args': None, 'catkin_skip_building_tests': False, 'cmake_args': None, 'cmake_clean_cache': False, 'cmake_clean_first': False, 'cmake_force_configure': False, 'cmake_target': None, 'cmake_target_skip_unavailable': False, 'install_base': '/home/worm3/worms_mech_ws/install/worms_mech', 'merge_install': False, 'path': '/home/worm3/worms_mech_ws/src/worms_mech', 'symlink_install': False, 'test_result_base': None}
[4.818s] INFO:colcon.colcon_core.executor:Executing jobs using 'parallel' executor
[4.874s] DEBUG:colcon.colcon_parallel_executor.executor.parallel:run_until_complete
[4.875s] INFO:colcon.colcon_ros.task.ament_python.build:Building ROS package in '/home/worm3/worms_mech_ws/src/worms_mech' with build type 'ament_python'
[4.875s] Level 1:colcon.colcon_core.shell:create_environment_hook('worms_mech', 'ament_prefix_path')
[4.936s] INFO:colcon.colcon_core.plugin_system:Skipping extension 'colcon_core.shell.bat': Not used on non-Windows systems
[4.937s] INFO:colcon.colcon_core.shell:Creating environment hook '/home/worm3/worms_mech_ws/install/worms_mech/share/worms_mech/hook/ament_prefix_path.ps1'
[4.939s] INFO:colcon.colcon_core.shell:Creating environment descriptor '/home/worm3/worms_mech_ws/install/worms_mech/share/worms_mech/hook/ament_prefix_path.dsv'
[4.941s] INFO:colcon.colcon_core.shell:Creating environment hook '/home/worm3/worms_mech_ws/install/worms_mech/share/worms_mech/hook/ament_prefix_path.sh'
[4.998s] INFO:colcon.colcon_core.shell:Skip shell extension 'powershell' for command environment: Not usable outside of PowerShell
[4.998s] DEBUG:colcon.colcon_core.shell:Skip shell extension 'dsv' for command environment
[6.168s] INFO:colcon.colcon_core.task.python.build:Building Python package in '/home/worm3/worms_mech_ws/src/worms_mech'
[6.222s] INFO:colcon.colcon_core.shell:Skip shell extension 'powershell' for command environment: Not usable outside of PowerShell
[6.222s] DEBUG:colcon.colcon_core.shell:Skip shell extension 'dsv' for command environment
[7.668s] DEBUG:colcon.colcon_core.event_handler.log_command:Invoking command in '/home/worm3/worms_mech_ws/src/worms_mech': PYTHONPATH=/home/worm3/worms_mech_ws/build/worms_mech/prefix_override:/home/worm3/worms_mech_ws/install/worms_mech/lib/python3.10/site-packages:${PYTHONPATH} /usr/bin/python3 setup.py egg_info --egg-base ../../build/worms_mech build --build-base /home/worm3/worms_mech_ws/build/worms_mech/build install --record /home/worm3/worms_mech_ws/build/worms_mech/install.log --single-version-externally-managed
[8.833s] DEBUG:colcon.colcon_core.event_handler.log_command:Invoked command in '/home/worm3/worms_mech_ws/src/worms_mech' returned '0': PYTHONPATH=/home/worm3/worms_mech_ws/build/worms_mech/prefix_override:/home/worm3/worms_mech_ws/install/worms_mech/lib/python3.10/site-packages:${PYTHONPATH} /usr/bin/python3 setup.py egg_info --egg-base ../../build/worms_mech build --build-base /home/worm3/worms_mech_ws/build/worms_mech/build install --record /home/worm3/worms_mech_ws/build/worms_mech/install.log --single-version-externally-managed
[8.898s] Level 1:colcon.colcon_core.environment:checking '/home/worm3/worms_mech_ws/install/worms_mech' for CMake module files
[8.902s] Level 1:colcon.colcon_core.environment:checking '/home/worm3/worms_mech_ws/install/worms_mech' for CMake config files
[8.905s] Level 1:colcon.colcon_core.environment:checking '/home/worm3/worms_mech_ws/install/worms_mech/lib'
[8.906s] Level 1:colcon.colcon_core.environment:checking '/home/worm3/worms_mech_ws/install/worms_mech/bin'
[8.907s] Level 1:colcon.colcon_core.environment:checking '/home/worm3/worms_mech_ws/install/worms_mech/lib/pkgconfig/worms_mech.pc'
[8.908s] Level 1:colcon.colcon_core.environment:checking '/home/worm3/worms_mech_ws/install/worms_mech/lib/python3.10/site-packages'
[8.908s] Level 1:colcon.colcon_core.shell:create_environment_hook('worms_mech', 'pythonpath')
[8.961s] INFO:colcon.colcon_core.shell:Creating environment hook '/home/worm3/worms_mech_ws/install/worms_mech/share/worms_mech/hook/pythonpath.ps1'
[8.963s] INFO:colcon.colcon_core.shell:Creating environment descriptor '/home/worm3/worms_mech_ws/install/worms_mech/share/worms_mech/hook/pythonpath.dsv'
[8.964s] INFO:colcon.colcon_core.shell:Creating environment hook '/home/worm3/worms_mech_ws/install/worms_mech/share/worms_mech/hook/pythonpath.sh'
[8.967s] Level 1:colcon.colcon_core.environment:checking '/home/worm3/worms_mech_ws/install/worms_mech/bin'
[8.967s] Level 1:colcon.colcon_core.environment:create_environment_scripts_only(worms_mech)
[9.022s] INFO:colcon.colcon_core.shell:Creating package script '/home/worm3/worms_mech_ws/install/worms_mech/share/worms_mech/package.ps1'
[9.025s] INFO:colcon.colcon_core.shell:Creating package descriptor '/home/worm3/worms_mech_ws/install/worms_mech/share/worms_mech/package.dsv'
[9.028s] INFO:colcon.colcon_core.shell:Creating package script '/home/worm3/worms_mech_ws/install/worms_mech/share/worms_mech/package.sh'
[9.031s] INFO:colcon.colcon_core.shell:Creating package script '/home/worm3/worms_mech_ws/install/worms_mech/share/worms_mech/package.bash'
[9.034s] INFO:colcon.colcon_core.shell:Creating package script '/home/worm3/worms_mech_ws/install/worms_mech/share/worms_mech/package.zsh'
[9.037s] Level 1:colcon.colcon_core.environment:create_file_with_runtime_dependencies(/home/worm3/worms_mech_ws/install/worms_mech/share/colcon-core/packages/worms_mech)
[9.038s] DEBUG:colcon.colcon_parallel_executor.executor.parallel:closing loop
[9.039s] DEBUG:colcon.colcon_parallel_executor.executor.parallel:loop closed
[9.039s] DEBUG:colcon.colcon_parallel_executor.executor.parallel:run_until_complete finished with '0'
[9.039s] DEBUG:colcon.colcon_core.event_reactor:joining thread
[9.112s] INFO:colcon.colcon_core.plugin_system:Skipping extension 'colcon_notification.desktop_notification.terminal_notifier': Not used on non-Darwin systems
[9.113s] INFO:colcon.colcon_core.plugin_system:Skipping extension 'colcon_notification.desktop_notification.win32': Not used on non-Windows systems
[9.113s] INFO:colcon.colcon_notification.desktop_notification:Sending desktop notification using 'notify2'
[9.154s] DEBUG:colcon.colcon_core.event_reactor:joined thread
[9.212s] INFO:colcon.colcon_core.shell:Creating prefix script '/home/worm3/worms_mech_ws/install/local_setup.ps1'
[9.215s] INFO:colcon.colcon_core.shell:Creating prefix util module '/home/worm3/worms_mech_ws/install/_local_setup_util_ps1.py'
[9.220s] INFO:colcon.colcon_core.shell:Creating prefix chain script '/home/worm3/worms_mech_ws/install/setup.ps1'
[9.276s] INFO:colcon.colcon_core.shell:Creating prefix script '/home/worm3/worms_mech_ws/install/local_setup.sh'
[9.278s] INFO:colcon.colcon_core.shell:Creating prefix util module '/home/worm3/worms_mech_ws/install/_local_setup_util_sh.py'
[9.281s] INFO:colcon.colcon_core.shell:Creating prefix chain script '/home/worm3/worms_mech_ws/install/setup.sh'
[9.337s] INFO:colcon.colcon_core.shell:Creating prefix script '/home/worm3/worms_mech_ws/install/local_setup.bash'
[9.339s] INFO:colcon.colcon_core.shell:Creating prefix chain script '/home/worm3/worms_mech_ws/install/setup.bash'
[9.395s] INFO:colcon.colcon_core.shell:Creating prefix script '/home/worm3/worms_mech_ws/install/local_setup.zsh'
[9.397s] INFO:colcon.colcon_core.shell:Creating prefix chain script '/home/worm3/worms_mech_ws/install/setup.zsh'
