[  0%] Built target ros_gz_interfaces__cpp
[ 12%] Built target ros_gz_interfaces__rosidl_generator_c
[ 12%] Built target ament_cmake_python_copy_ros_gz_interfaces
[ 36%] Built target ros_gz_interfaces__rosidl_typesupport_introspection_cpp
[ 37%] Built target ros_gz_interfaces__rosidl_typesupport_cpp
[ 49%] Built target ros_gz_interfaces__rosidl_typesupport_fastrtps_cpp
[ 66%] Built target ros_gz_interfaces__rosidl_typesupport_c
[ 73%] Built target ros_gz_interfaces__rosidl_typesupport_introspection_c
[ 85%] Built target ros_gz_interfaces__rosidl_typesupport_fastrtps_c
[ 85%] Built target ros_gz_interfaces
[ 86%] Built target ros_gz_interfaces__py
[ 97%] Built target ros_gz_interfaces__rosidl_generator_py
[ 98%] Built target ros_gz_interfaces__rosidl_typesupport_c__pyext
[ 99%] Built target ros_gz_interfaces__rosidl_typesupport_fastrtps_c__pyext
[100%] Built target ros_gz_interfaces__rosidl_typesupport_introspection_c__pyext
running egg_info
writing ros_gz_interfaces.egg-info/PKG-INFO
writing dependency_links to ros_gz_interfaces.egg-info/dependency_links.txt
writing top-level names to ros_gz_interfaces.egg-info/top_level.txt
reading manifest file 'ros_gz_interfaces.egg-info/SOURCES.txt'
writing manifest file 'ros_gz_interfaces.egg-info/SOURCES.txt'
[100%] Built target ament_cmake_python_build_ros_gz_interfaces_egg
