[0.598s] Invoking command in '/home/jacobrod/worms_ws/build/ros_gz_interfaces': CMAKE_PREFIX_PATH=${CMAKE_PREFIX_PATH}:/home/jacobrod/worms_ws/install/worms_mech:/opt/ros/humble /usr/bin/cmake --build /home/jacobrod/worms_ws/build/ros_gz_interfaces -- -j8 -l8
[0.708s] [  0%] Built target ros_gz_interfaces__cpp
[0.740s] [ 12%] Built target ros_gz_interfaces__rosidl_generator_c
[0.745s] [ 12%] Built target ament_cmake_python_copy_ros_gz_interfaces
[0.837s] [ 36%] Built target ros_gz_interfaces__rosidl_typesupport_introspection_cpp
[0.837s] [ 37%] Built target ros_gz_interfaces__rosidl_typesupport_cpp
[0.840s] [ 49%] Built target ros_gz_interfaces__rosidl_typesupport_fastrtps_cpp
[0.854s] [ 66%] Built target ros_gz_interfaces__rosidl_typesupport_c
[0.855s] [ 73%] Built target ros_gz_interfaces__rosidl_typesupport_introspection_c
[0.856s] [ 85%] Built target ros_gz_interfaces__rosidl_typesupport_fastrtps_c
[0.879s] [ 85%] Built target ros_gz_interfaces
[0.899s] [ 86%] Built target ros_gz_interfaces__py
[0.937s] [ 97%] Built target ros_gz_interfaces__rosidl_generator_py
[0.974s] [ 98%] Built target ros_gz_interfaces__rosidl_typesupport_c__pyext
[0.975s] [ 99%] Built target ros_gz_interfaces__rosidl_typesupport_fastrtps_c__pyext
[0.975s] [100%] Built target ros_gz_interfaces__rosidl_typesupport_introspection_c__pyext
[1.160s] running egg_info
[1.162s] writing ros_gz_interfaces.egg-info/PKG-INFO
[1.162s] writing dependency_links to ros_gz_interfaces.egg-info/dependency_links.txt
[1.163s] writing top-level names to ros_gz_interfaces.egg-info/top_level.txt
[1.164s] reading manifest file 'ros_gz_interfaces.egg-info/SOURCES.txt'
[1.165s] writing manifest file 'ros_gz_interfaces.egg-info/SOURCES.txt'
[1.194s] [100%] Built target ament_cmake_python_build_ros_gz_interfaces_egg
