[35m[1mConsolidate compiler generated dependencies of target gtest_main[0m
[35m[1mConsolidate compiler generated dependencies of target gtest[0m
[35m[1mConsolidate compiler generated dependencies of target sdformat_urdf[0m
[  9%] Built target gtest
[ 18%] Built target gtest_main
[ 27%] Built target sdformat_urdf
[35m[1mConsolidate compiler generated dependencies of target sdf_joint_tests[0m
[35m[1mConsolidate compiler generated dependencies of target sdf_geometry_tests[0m
[35m[1mConsolidate compiler generated dependencies of target sdf_graph_tests[0m
[35m[1mConsolidate compiler generated dependencies of target sdformat_urdf_plugin[0m
[35m[1mConsolidate compiler generated dependencies of target sdf_material_tests[0m
[35m[1mConsolidate compiler generated dependencies of target sdf_model_tests[0m
[35m[1mConsolidate compiler generated dependencies of target sdf_pose_tests[0m
[35m[1mConsolidate compiler generated dependencies of target sdf_link_tests[0m
[ 36%] Built target sdf_graph_tests
[ 45%] Built target sdf_geometry_tests
[ 54%] Built target sdformat_urdf_plugin
[ 63%] Built target sdf_material_tests
[ 72%] Built target sdf_model_tests
[ 86%] Built target sdf_link_tests
[ 90%] Built target sdf_joint_tests
[100%] Built target sdf_pose_tests
-- Install configuration: ""
-- Installing: /home/jacobrod/worms_ws/install/sdformat_urdf/lib/libsdformat_urdf.so
-- Set runtime path of "/home/jacobrod/worms_ws/install/sdformat_urdf/lib/libsdformat_urdf.so" to ""
-- Installing: /home/jacobrod/worms_ws/install/sdformat_urdf/lib/libsdformat_urdf_plugin.so
-- Set runtime path of "/home/jacobrod/worms_ws/install/sdformat_urdf/lib/libsdformat_urdf_plugin.so" to ""
-- Installing: /home/jacobrod/worms_ws/install/sdformat_urdf/include
-- Installing: /home/jacobrod/worms_ws/install/sdformat_urdf/include/sdformat_urdf
-- Installing: /home/jacobrod/worms_ws/install/sdformat_urdf/include/sdformat_urdf/visibility_control.hpp
-- Installing: /home/jacobrod/worms_ws/install/sdformat_urdf/include/sdformat_urdf/sdformat_urdf.hpp
-- Installing: /home/jacobrod/worms_ws/install/sdformat_urdf/share/sdformat_urdf/environment/library_path.sh
-- Installing: /home/jacobrod/worms_ws/install/sdformat_urdf/share/sdformat_urdf/environment/library_path.dsv
-- Installing: /home/jacobrod/worms_ws/install/sdformat_urdf/share/sdformat_urdf/sdformat_urdf_plugin.xml
-- Installing: /home/jacobrod/worms_ws/install/sdformat_urdf/share/ament_index/resource_index/package_run_dependencies/sdformat_urdf
-- Installing: /home/jacobrod/worms_ws/install/sdformat_urdf/share/ament_index/resource_index/parent_prefix_path/sdformat_urdf
-- Installing: /home/jacobrod/worms_ws/install/sdformat_urdf/share/sdformat_urdf/environment/ament_prefix_path.sh
-- Installing: /home/jacobrod/worms_ws/install/sdformat_urdf/share/sdformat_urdf/environment/ament_prefix_path.dsv
-- Installing: /home/jacobrod/worms_ws/install/sdformat_urdf/share/sdformat_urdf/environment/path.sh
-- Installing: /home/jacobrod/worms_ws/install/sdformat_urdf/share/sdformat_urdf/environment/path.dsv
-- Installing: /home/jacobrod/worms_ws/install/sdformat_urdf/share/sdformat_urdf/local_setup.bash
-- Installing: /home/jacobrod/worms_ws/install/sdformat_urdf/share/sdformat_urdf/local_setup.sh
-- Installing: /home/jacobrod/worms_ws/install/sdformat_urdf/share/sdformat_urdf/local_setup.zsh
-- Installing: /home/jacobrod/worms_ws/install/sdformat_urdf/share/sdformat_urdf/local_setup.dsv
-- Installing: /home/jacobrod/worms_ws/install/sdformat_urdf/share/sdformat_urdf/package.dsv
-- Installing: /home/jacobrod/worms_ws/install/sdformat_urdf/share/ament_index/resource_index/packages/sdformat_urdf
-- Installing: /home/jacobrod/worms_ws/install/sdformat_urdf/share/ament_index/resource_index/urdf_parser_plugin__pluginlib__plugin/sdformat_urdf
-- Installing: /home/jacobrod/worms_ws/install/sdformat_urdf/share/sdformat_urdf/cmake/sdformat_urdf-exportExport.cmake
-- Installing: /home/jacobrod/worms_ws/install/sdformat_urdf/share/sdformat_urdf/cmake/sdformat_urdf-exportExport-noconfig.cmake
-- Installing: /home/jacobrod/worms_ws/install/sdformat_urdf/share/sdformat_urdf/cmake/ament_cmake_export_dependencies-extras.cmake
-- Installing: /home/jacobrod/worms_ws/install/sdformat_urdf/share/sdformat_urdf/cmake/ament_cmake_export_targets-extras.cmake
-- Installing: /home/jacobrod/worms_ws/install/sdformat_urdf/share/sdformat_urdf/cmake/sdformat_urdfConfig.cmake
-- Installing: /home/jacobrod/worms_ws/install/sdformat_urdf/share/sdformat_urdf/cmake/sdformat_urdfConfig-version.cmake
-- Installing: /home/jacobrod/worms_ws/install/sdformat_urdf/share/sdformat_urdf/package.xml
