[0.208s] Invoking command in '/home/jacobrod/worms_ws/build/ros_gz_bridge': CMAKE_PREFIX_PATH=/home/jacobrod/worms_ws/install/ros_gz_interfaces:/home/jacobrod/worms_ws/src/install/worms_gazebo:/home/jacobrod/worms_ws/src/install/worms_description:/home/jacobrod/worms_ws/src/install/ros_gz_example_bringup:/home/jacobrod/worms_ws/src/install/ros_gz_example_gazebo:/home/jacobrod/worms_ws/src/install/ros_gz_example_description:/home/jacobrod/worms_ws/src/install/ros_gz_example_application:/home/jacobrod/worms_ws/src/install/core_bringup:/home/jacobrod/worms_ws/install/worms_gazebo:/home/jacobrod/worms_ws/install/worms_description:/home/jacobrod/worms_ws/install/ros_ign:/home/jacobrod/worms_ws/install/ros_ign_gazebo_demos:/home/jacobrod/worms_ws/install/ros_gz:/home/jacobrod/worms_ws/install/ros_gz_sim_demos:/home/jacobrod/worms_ws/install/sdformat_urdf:/home/jacobrod/worms_ws/install/sdformat_test_files:/home/jacobrod/worms_ws/install/ros_ign_interfaces:/home/jacobrod/worms_ws/install/ros_ign_image:/home/jacobrod/worms_ws/install/ros_ign_gazebo:/home/jacobrod/worms_ws/install/ros_ign_bridge:/home/jacobrod/worms_ws/install/ros_gz_sim:/home/jacobrod/worms_ws/install/ros_gz_image:/home/jacobrod/worms_ws/install/ros_gz_bridge:/home/jacobrod/worms_ws/install/ros_gz_example_bringup:/home/jacobrod/worms_ws/install/ros_gz_example_gazebo:/home/jacobrod/worms_ws/install/ros_gz_example_description:/home/jacobrod/worms_ws/install/ros_gz_example_application:/home/jacobrod/worms_ws/install/core_bringup:/home/jacobrod/AllSeaingVehicle2/install:/home/jacobrod/worms_ws/src/install/worms_mech:/home/jacobrod/worms_ws/install/worms_mech:/opt/ros/humble LD_LIBRARY_PATH=/home/jacobrod/worms_ws/install/ros_gz_interfaces/lib:/home/jacobrod/worms_ws/install/sdformat_urdf/lib:/home/jacobrod/worms_ws/install/ros_ign_interfaces/lib:/home/jacobrod/worms_ws/install/ros_gz_sim/lib:/home/jacobrod/worms_ws/install/ros_gz_bridge/lib:/home/jacobrod/AllSeaingVehicle2/install/lib:/opt/ros/humble/opt/rviz_ogre_vendor/lib:/opt/ros/humble/lib/x86_64-linux-gnu:/opt/ros/humble/lib /usr/bin/cmake /home/jacobrod/worms_ws/src/ros_gz/ros_gz_bridge -DBUILD_TESTING=ON -DCMAKE_INSTALL_PREFIX=/home/jacobrod/worms_ws/install/ros_gz_bridge
[0.270s] -- The C compiler identification is GNU 11.4.0
[0.330s] -- The CXX compiler identification is GNU 11.4.0
[0.338s] -- Detecting C compiler ABI info
[0.415s] -- Detecting C compiler ABI info - done
[0.428s] -- Check for working C compiler: /usr/bin/cc - skipped
[0.429s] -- Detecting C compile features
[0.429s] -- Detecting C compile features - done
[0.434s] -- Detecting CXX compiler ABI info
[0.531s] -- Detecting CXX compiler ABI info - done
[0.539s] -- Check for working CXX compiler: /usr/bin/c++ - skipped
[0.539s] -- Detecting CXX compile features
[0.539s] -- Detecting CXX compile features - done
[0.544s] -- Found ament_cmake: 1.3.5 (/opt/ros/humble/share/ament_cmake/cmake)
[0.741s] -- Found Python3: /usr/bin/python3.10 (found version "3.10.12") found components: Interpreter 
[0.883s] -- Found rclcpp: 16.0.6 (/opt/ros/humble/share/rclcpp/cmake)
[0.955s] -- Found rosidl_generator_c: 3.1.5 (/opt/ros/humble/share/rosidl_generator_c/cmake)
[0.965s] -- Found rosidl_adapter: 3.1.5 (/opt/ros/humble/share/rosidl_adapter/cmake)
[0.980s] -- Found rosidl_generator_cpp: 3.1.5 (/opt/ros/humble/share/rosidl_generator_cpp/cmake)
[1.000s] -- Using all available rosidl_typesupport_c: rosidl_typesupport_fastrtps_c;rosidl_typesupport_introspection_c
[1.029s] -- Using all available rosidl_typesupport_cpp: rosidl_typesupport_fastrtps_cpp;rosidl_typesupport_introspection_cpp
[1.129s] -- Found rmw_implementation_cmake: 6.1.1 (/opt/ros/humble/share/rmw_implementation_cmake/cmake)
[1.135s] -- Found rmw_fastrtps_cpp: 6.2.4 (/opt/ros/humble/share/rmw_fastrtps_cpp/cmake)
[1.277s] -- Found OpenSSL: /usr/lib/x86_64-linux-gnu/libcrypto.so (found version "3.0.2")  
[1.313s] -- Found FastRTPS: /opt/ros/humble/include  
[1.377s] -- Using RMW implementation 'rmw_fastrtps_cpp' as default
[1.395s] -- Looking for pthread.h
[1.475s] -- Looking for pthread.h - found
[1.475s] -- Performing Test CMAKE_HAVE_LIBC_PTHREAD
[1.557s] -- Performing Test CMAKE_HAVE_LIBC_PTHREAD - Success
[1.558s] -- Found Threads: TRUE  
[1.755s] -- Found rclcpp_components: 16.0.6 (/opt/ros/humble/share/rclcpp_components/cmake)
[1.844s] -- Found yaml_cpp_vendor: 8.0.2 (/opt/ros/humble/share/yaml_cpp_vendor/cmake)
[1.854s] -- Looking for gz-transport12 -- found version 12.2.1
[1.864s] -- Searching for dependencies of gz-transport12
[1.898s] -- Found Protobuf: /usr/lib/x86_64-linux-gnu/libprotobuf.so (found version "3.12.4") 
[1.913s] -- Config-file not installed for ZeroMQ -- checking for pkg-config
[1.918s] -- Checking for module 'libzmq >= 4'
[1.936s] --   Found libzmq , version 4.3.4
[1.982s] -- Found ZeroMQ: TRUE (Required is at least version "4") 
[1.989s] -- Checking for module 'uuid'
[2.006s] --   Found uuid, version 2.37.2
[2.043s] -- Found UUID: TRUE  
[2.048s] -- Looking for gz-utils2 -- found version 2.1.0
[2.049s] -- Searching for dependencies of gz-utils2
[2.050s] -- Searching for <gz-utils2> component [cli]
[2.057s] -- Looking for gz-utils2-cli -- found version 2.1.0
[2.057s] -- Searching for dependencies of gz-utils2-cli
[2.063s] -- Looking for gz-msgs9 -- found version 9.5.0
[2.064s] -- Searching for dependencies of gz-msgs9
[2.094s] -- Looking for gz-math7 -- found version 7.3.0
[2.095s] -- Searching for dependencies of gz-math7
[2.095s] -- Looking for gz-utils2 -- found version 2.1.0
[2.102s] -- Checking for module 'tinyxml2'
[2.118s] --   Found tinyxml2, version 9.0.0
[2.158s] -- Looking for gz-msgs9 -- found version 9.5.0
[2.158s] -- Compiling against Gazebo Garden
[2.158s] -- Found builtin_interfaces: 1.2.1 (/opt/ros/humble/share/builtin_interfaces/cmake)
[2.213s] -- Found actuator_msgs: 0.0.1 (/opt/ros/humble/share/actuator_msgs/cmake)
[2.267s] -- Found geometry_msgs: 4.2.3 (/opt/ros/humble/share/geometry_msgs/cmake)
[2.369s] -- Found nav_msgs: 4.2.3 (/opt/ros/humble/share/nav_msgs/cmake)
[2.369s] -- Found rcl_interfaces: 1.2.1 (/opt/ros/humble/share/rcl_interfaces/cmake)
[2.495s] -- Found ros_gz_interfaces: 0.244.11 (/home/jacobrod/worms_ws/install/ros_gz_interfaces/share/ros_gz_interfaces/cmake)
[2.495s] -- Found rosgraph_msgs: 1.2.1 (/opt/ros/humble/share/rosgraph_msgs/cmake)
[2.595s] -- Found sensor_msgs: 4.2.3 (/opt/ros/humble/share/sensor_msgs/cmake)
[2.595s] -- Found std_msgs: 4.2.3 (/opt/ros/humble/share/std_msgs/cmake)
[2.787s] -- Found tf2_msgs: 0.25.4 (/opt/ros/humble/share/tf2_msgs/cmake)
[2.901s] -- Found trajectory_msgs: 4.2.3 (/opt/ros/humble/share/trajectory_msgs/cmake)
[2.987s] -- Found vision_msgs: 4.1.0 (/opt/ros/humble/share/vision_msgs/cmake)
[3.182s] -- Found ament_lint_auto: 0.12.8 (/opt/ros/humble/share/ament_lint_auto/cmake)
[3.319s] -- Found python_cmake_module: 0.10.0 (/opt/ros/humble/share/python_cmake_module/cmake)
[3.343s] -- Found PythonInterp: /usr/bin/python3 (found suitable version "3.10.12", minimum required is "3.6") 
[3.350s] -- Found PythonLibs: /usr/lib/x86_64-linux-gnu/libpython3.10.so (found suitable version "3.10.12", minimum required is "3.5") 
[3.350s] -- Using PYTHON_EXECUTABLE: /usr/bin/python3
[3.350s] -- Using PYTHON_INCLUDE_DIRS: /usr/include/python3.10
[3.350s] -- Using PYTHON_LIBRARIES: /usr/lib/x86_64-linux-gnu/libpython3.10.so
[3.377s] -- Found PythonExtra: .so  
[3.427s] -- Found gtest sources under '/opt/ros/humble/src/gtest_vendor': C++ tests using 'Google Test' will be built
[3.467s] -- Added test 'copyright' to check source files copyright and LICENSE
[3.474s] -- Added test 'cppcheck' to perform static code analysis on C / C++ code
[3.475s] -- Configured cppcheck include dirs: /home/jacobrod/worms_ws/src/ros_gz/ros_gz_bridge/include;/home/jacobrod/worms_ws/src/ros_gz/ros_gz_bridge/src;/home/jacobrod/worms_ws/src/ros_gz/ros_gz_bridge/test;/home/jacobrod/worms_ws/src/ros_gz/ros_gz_bridge/test/subscribers
[3.475s] -- Configured cppcheck exclude dirs and/or files: 
[3.482s] -- Added test 'cpplint' to check C / C++ code against the Google style
[3.482s] -- Configured cpplint exclude dirs and/or files: 
[3.484s] -- Added test 'flake8' to check Python code syntax and style conventions
[3.486s] -- Added test 'lint_cmake' to check CMake code style
[3.488s] -- Added test 'pep257' to check Python code against some of the docstring style conventions in PEP 257
[3.494s] -- Added test 'uncrustify' to check C / C++ code style
[3.494s] -- Configured uncrustify additional arguments: 
[3.496s] -- Added test 'xmllint' to check XML markup files
[3.500s] -- Configuring done
[3.615s] -- Generating done
[3.618s] -- Build files have been written to: /home/jacobrod/worms_ws/build/ros_gz_bridge
[3.634s] Invoked command in '/home/jacobrod/worms_ws/build/ros_gz_bridge' returned '0': CMAKE_PREFIX_PATH=/home/jacobrod/worms_ws/install/ros_gz_interfaces:/home/jacobrod/worms_ws/src/install/worms_gazebo:/home/jacobrod/worms_ws/src/install/worms_description:/home/jacobrod/worms_ws/src/install/ros_gz_example_bringup:/home/jacobrod/worms_ws/src/install/ros_gz_example_gazebo:/home/jacobrod/worms_ws/src/install/ros_gz_example_description:/home/jacobrod/worms_ws/src/install/ros_gz_example_application:/home/jacobrod/worms_ws/src/install/core_bringup:/home/jacobrod/worms_ws/install/worms_gazebo:/home/jacobrod/worms_ws/install/worms_description:/home/jacobrod/worms_ws/install/ros_ign:/home/jacobrod/worms_ws/install/ros_ign_gazebo_demos:/home/jacobrod/worms_ws/install/ros_gz:/home/jacobrod/worms_ws/install/ros_gz_sim_demos:/home/jacobrod/worms_ws/install/sdformat_urdf:/home/jacobrod/worms_ws/install/sdformat_test_files:/home/jacobrod/worms_ws/install/ros_ign_interfaces:/home/jacobrod/worms_ws/install/ros_ign_image:/home/jacobrod/worms_ws/install/ros_ign_gazebo:/home/jacobrod/worms_ws/install/ros_ign_bridge:/home/jacobrod/worms_ws/install/ros_gz_sim:/home/jacobrod/worms_ws/install/ros_gz_image:/home/jacobrod/worms_ws/install/ros_gz_bridge:/home/jacobrod/worms_ws/install/ros_gz_example_bringup:/home/jacobrod/worms_ws/install/ros_gz_example_gazebo:/home/jacobrod/worms_ws/install/ros_gz_example_description:/home/jacobrod/worms_ws/install/ros_gz_example_application:/home/jacobrod/worms_ws/install/core_bringup:/home/jacobrod/AllSeaingVehicle2/install:/home/jacobrod/worms_ws/src/install/worms_mech:/home/jacobrod/worms_ws/install/worms_mech:/opt/ros/humble LD_LIBRARY_PATH=/home/jacobrod/worms_ws/install/ros_gz_interfaces/lib:/home/jacobrod/worms_ws/install/sdformat_urdf/lib:/home/jacobrod/worms_ws/install/ros_ign_interfaces/lib:/home/jacobrod/worms_ws/install/ros_gz_sim/lib:/home/jacobrod/worms_ws/install/ros_gz_bridge/lib:/home/jacobrod/AllSeaingVehicle2/install/lib:/opt/ros/humble/opt/rviz_ogre_vendor/lib:/opt/ros/humble/lib/x86_64-linux-gnu:/opt/ros/humble/lib /usr/bin/cmake /home/jacobrod/worms_ws/src/ros_gz/ros_gz_bridge -DBUILD_TESTING=ON -DCMAKE_INSTALL_PREFIX=/home/jacobrod/worms_ws/install/ros_gz_bridge
[3.636s] Invoking command in '/home/jacobrod/worms_ws/build/ros_gz_bridge': CMAKE_PREFIX_PATH=/home/jacobrod/worms_ws/install/ros_gz_interfaces:/home/jacobrod/worms_ws/src/install/worms_gazebo:/home/jacobrod/worms_ws/src/install/worms_description:/home/jacobrod/worms_ws/src/install/ros_gz_example_bringup:/home/jacobrod/worms_ws/src/install/ros_gz_example_gazebo:/home/jacobrod/worms_ws/src/install/ros_gz_example_description:/home/jacobrod/worms_ws/src/install/ros_gz_example_application:/home/jacobrod/worms_ws/src/install/core_bringup:/home/jacobrod/worms_ws/install/worms_gazebo:/home/jacobrod/worms_ws/install/worms_description:/home/jacobrod/worms_ws/install/ros_ign:/home/jacobrod/worms_ws/install/ros_ign_gazebo_demos:/home/jacobrod/worms_ws/install/ros_gz:/home/jacobrod/worms_ws/install/ros_gz_sim_demos:/home/jacobrod/worms_ws/install/sdformat_urdf:/home/jacobrod/worms_ws/install/sdformat_test_files:/home/jacobrod/worms_ws/install/ros_ign_interfaces:/home/jacobrod/worms_ws/install/ros_ign_image:/home/jacobrod/worms_ws/install/ros_ign_gazebo:/home/jacobrod/worms_ws/install/ros_ign_bridge:/home/jacobrod/worms_ws/install/ros_gz_sim:/home/jacobrod/worms_ws/install/ros_gz_image:/home/jacobrod/worms_ws/install/ros_gz_bridge:/home/jacobrod/worms_ws/install/ros_gz_example_bringup:/home/jacobrod/worms_ws/install/ros_gz_example_gazebo:/home/jacobrod/worms_ws/install/ros_gz_example_description:/home/jacobrod/worms_ws/install/ros_gz_example_application:/home/jacobrod/worms_ws/install/core_bringup:/home/jacobrod/AllSeaingVehicle2/install:/home/jacobrod/worms_ws/src/install/worms_mech:/home/jacobrod/worms_ws/install/worms_mech:/opt/ros/humble LD_LIBRARY_PATH=/home/jacobrod/worms_ws/install/ros_gz_interfaces/lib:/home/jacobrod/worms_ws/install/sdformat_urdf/lib:/home/jacobrod/worms_ws/install/ros_ign_interfaces/lib:/home/jacobrod/worms_ws/install/ros_gz_sim/lib:/home/jacobrod/worms_ws/install/ros_gz_bridge/lib:/home/jacobrod/AllSeaingVehicle2/install/lib:/opt/ros/humble/opt/rviz_ogre_vendor/lib:/opt/ros/humble/lib/x86_64-linux-gnu:/opt/ros/humble/lib /usr/bin/cmake --build /home/jacobrod/worms_ws/build/ros_gz_bridge -- -j8 -l8
[3.690s] [  1%] [34m[1mGenerating factories for interface types[0m
[3.698s] [  2%] [32mBuilding CXX object CMakeFiles/bridge_node.dir/rclcpp_components/node_main_bridge_node.cpp.o[0m
[3.700s] [  3%] [32mBuilding CXX object gtest/CMakeFiles/gtest.dir/src/gtest-all.cc.o[0m
[3.706s] [  4%] [32mBuilding CXX object gtest/CMakeFiles/gtest_main.dir/src/gtest_main.cc.o[0m
[3.989s] [  6%] [32mBuilding CXX object CMakeFiles/ros_gz_bridge_lib.dir/src/bridge_handle.cpp.o[0m
[3.990s] [  8%] [32mBuilding CXX object CMakeFiles/ros_gz_bridge_lib.dir/src/bridge_handle_gz_to_ros.cpp.o[0m
[3.992s] [  8%] [32mBuilding CXX object CMakeFiles/ros_gz_bridge_lib.dir/src/bridge_config.cpp.o[0m
[4.003s] [  9%] [32mBuilding CXX object CMakeFiles/ros_gz_bridge_lib.dir/src/bridge_handle_ros_to_gz.cpp.o[0m
[4.004s] [ 10%] [32mBuilding CXX object CMakeFiles/ros_gz_bridge_lib.dir/src/factory_interface.cpp.o[0m
[5.459s] [ 11%] [32m[1mLinking CXX static library libgtest_main.a[0m
[5.609s] [ 11%] Built target gtest_main
[5.667s] [ 12%] [32mBuilding CXX object CMakeFiles/ros_gz_bridge_lib.dir/src/service_factories/ros_gz_interfaces.cpp.o[0m
[14.514s] [ 13%] [32mBuilding CXX object CMakeFiles/ros_gz_bridge_lib.dir/src/ros_gz_bridge.cpp.o[0m
[15.295s] [ 14%] [32m[1mLinking CXX executable bridge_node[0m
[15.890s] [ 14%] Built target bridge_node
[15.948s] [ 16%] [32mBuilding CXX object CMakeFiles/ros_gz_bridge_lib.dir/src/convert/utils.cpp.o[0m
[16.518s] [ 17%] [32m[1mLinking CXX static library libgtest.a[0m
[16.863s] [ 17%] Built target gtest
[16.972s] [ 18%] [32mBuilding CXX object CMakeFiles/ros_gz_bridge_lib.dir/src/convert/builtin_interfaces.cpp.o[0m
[17.022s] [ 19%] [32mBuilding CXX object CMakeFiles/test_rcl_interfaces.dir/src/convert/rcl_interfaces.cpp.o[0m
[17.218s] [ 20%] [32mBuilding CXX object CMakeFiles/test_utils.dir/test/utils/gz_test_msg.cpp.o[0m
[17.279s] [ 21%] [32mBuilding CXX object CMakeFiles/ros_gz_bridge_lib.dir/src/convert/actuator_msgs.cpp.o[0m
[17.506s] [ 22%] [32mBuilding CXX object CMakeFiles/test_utils.dir/test/utils/ros_test_msg.cpp.o[0m
[18.078s] [ 24%] [32mBuilding CXX object CMakeFiles/ros_gz_bridge_lib.dir/src/convert/geometry_msgs.cpp.o[0m
[20.136s] [ 25%] [32mBuilding CXX object CMakeFiles/test_rcl_interfaces.dir/src/convert/rcl_interfaces_TEST.cpp.o[0m
[21.128s] [ 26%] [32mBuilding CXX object CMakeFiles/ros_gz_bridge_lib.dir/src/convert/nav_msgs.cpp.o[0m
[21.775s] [ 27%] [32mBuilding CXX object CMakeFiles/ros_gz_bridge_lib.dir/src/convert/rcl_interfaces.cpp.o[0m
[23.070s] [ 28%] [32mBuilding CXX object CMakeFiles/ros_gz_bridge_lib.dir/src/convert/ros_gz_interfaces.cpp.o[0m
[26.214s] [ 29%] [32m[1mLinking CXX executable test_rcl_interfaces[0m
[26.660s] [ 29%] Built target test_rcl_interfaces
[29.740s] [ 31%] [32mBuilding CXX object CMakeFiles/ros_gz_bridge_lib.dir/src/convert/trajectory_msgs.cpp.o[0m
[31.205s] [ 32%] [32mBuilding CXX object CMakeFiles/ros_gz_bridge_lib.dir/generated/get_factory.cpp.o[0m
[31.272s] [ 33%] [32m[1mLinking CXX static library libtest_utils.a[0m
[31.370s] [ 33%] Built target test_utils
[34.871s] [ 34%] [32mBuilding CXX object CMakeFiles/ros_gz_bridge_lib.dir/generated/factories/builtin_interfaces.cpp.o[0m
[35.874s] [ 35%] [34m[1mGenerating test helpers[0m
[35.887s] [ 36%] [32mBuilding CXX object CMakeFiles/ros_gz_bridge_lib.dir/generated/get_mappings.cpp.o[0m
[36.165s] [ 37%] [32mBuilding CXX object CMakeFiles/test_gz_publisher.dir/generated/test/gz_publisher.cpp.o[0m
[36.785s] [ 39%] [32mBuilding CXX object CMakeFiles/ros_gz_bridge_lib.dir/src/convert/vision_msgs.cpp.o[0m
[36.798s] [ 40%] [32mBuilding CXX object CMakeFiles/test_ros_publisher.dir/generated/test/ros_publisher.cpp.o[0m
[37.802s] [ 41%] [32mBuilding CXX object CMakeFiles/ros_gz_bridge_lib.dir/src/convert/tf2_msgs.cpp.o[0m
[38.361s] [ 42%] [32mBuilding CXX object CMakeFiles/ros_gz_bridge_lib.dir/src/convert/std_msgs.cpp.o[0m
[38.386s] [ 43%] [32mBuilding CXX object CMakeFiles/test_gz_subscriber.dir/generated/test/gz_subscriber.cpp.o[0m
[39.378s] [ 44%] [32mBuilding CXX object CMakeFiles/ros_gz_bridge_lib.dir/src/convert/sensor_msgs.cpp.o[0m
[39.805s] [ 45%] [32mBuilding CXX object CMakeFiles/ros_gz_bridge_lib.dir/src/convert/rosgraph_msgs.cpp.o[0m
[39.836s] [ 47%] [32mBuilding CXX object CMakeFiles/test_gz_server.dir/test/serverclient/gz_server.cpp.o[0m
[40.454s] [ 48%] [32mBuilding CXX object CMakeFiles/ros_gz_bridge_lib.dir/generated/factories/actuator_msgs.cpp.o[0m
[43.260s] [ 49%] [32mBuilding CXX object CMakeFiles/ros_gz_bridge_lib.dir/generated/factories/geometry_msgs.cpp.o[0m
[45.792s] [ 50%] [32mBuilding CXX object CMakeFiles/ros_gz_bridge_lib.dir/generated/factories/nav_msgs.cpp.o[0m
[46.573s] [ 51%] [32m[1mLinking CXX executable test_gz_publisher[0m
[47.679s] [ 51%] Built target test_gz_publisher
[47.717s] [ 52%] [32mBuilding CXX object CMakeFiles/test_ros_client.dir/test/serverclient/ros_client.cpp.o[0m
[51.075s] [ 54%] [32m[1mLinking CXX executable test_gz_server[0m
[51.697s] [ 55%] [32mBuilding CXX object CMakeFiles/ros_gz_bridge_lib.dir/generated/factories/rcl_interfaces.cpp.o[0m
[51.794s] [ 55%] Built target test_gz_server
[51.833s] [ 56%] [32mBuilding CXX object CMakeFiles/test_ros_subscriber.dir/test/subscribers/ros_subscriber.cpp.o[0m
[55.836s] [ 57%] [32m[1mLinking CXX executable test_ros_client[0m
[56.441s] [ 57%] Built target test_ros_client
[60.856s] [ 58%] [32mBuilding CXX object CMakeFiles/test_ros_subscriber.dir/generated/test/builtin_interfaces_subscriber.cpp.o[0m
[66.154s] [ 60%] [32mBuilding CXX object CMakeFiles/test_ros_subscriber.dir/generated/test/actuator_msgs_subscriber.cpp.o[0m
[66.155s] [ 60%] [32mBuilding CXX object CMakeFiles/ros_gz_bridge_lib.dir/generated/factories/rosgraph_msgs.cpp.o[0m
[67.176s] [ 62%] [32mBuilding CXX object CMakeFiles/ros_gz_bridge_lib.dir/generated/factories/ros_gz_interfaces.cpp.o[0m
[67.275s] [ 63%] [32m[1mLinking CXX executable test_gz_subscriber[0m
[68.601s] [ 64%] [32mBuilding CXX object CMakeFiles/ros_gz_bridge_lib.dir/generated/factories/sensor_msgs.cpp.o[0m
[69.575s] [ 65%] Built target test_gz_subscriber
[69.591s] [ 66%] [32mBuilding CXX object CMakeFiles/ros_gz_bridge_lib.dir/generated/factories/std_msgs.cpp.o[0m
[78.723s] [ 67%] [32mBuilding CXX object CMakeFiles/test_ros_subscriber.dir/generated/test/geometry_msgs_subscriber.cpp.o[0m
[84.511s] [ 68%] [32m[1mLinking CXX executable test_ros_publisher[0m
[88.543s] [ 70%] Built target test_ros_publisher
[100.580s] [ 71%] [32mBuilding CXX object CMakeFiles/test_ros_subscriber.dir/generated/test/rcl_interfaces_subscriber.cpp.o[0m
[101.134s] [ 72%] [32mBuilding CXX object CMakeFiles/ros_gz_bridge_lib.dir/generated/factories/tf2_msgs.cpp.o[0m
[102.638s] [ 73%] [32mBuilding CXX object CMakeFiles/test_ros_subscriber.dir/generated/test/nav_msgs_subscriber.cpp.o[0m
[150.920s] [ 74%] [32mBuilding CXX object CMakeFiles/ros_gz_bridge_lib.dir/generated/factories/vision_msgs.cpp.o[0m
[150.921s] [ 75%] [32mBuilding CXX object CMakeFiles/test_ros_subscriber.dir/generated/test/std_msgs_subscriber.cpp.o[0m
[152.939s] [ 77%] [32mBuilding CXX object CMakeFiles/test_ros_subscriber.dir/generated/test/sensor_msgs_subscriber.cpp.o[0m
[154.962s] [ 78%] [32mBuilding CXX object CMakeFiles/test_ros_subscriber.dir/generated/test/rosgraph_msgs_subscriber.cpp.o[0m
[170.592s] [ 79%] [32mBuilding CXX object CMakeFiles/test_ros_subscriber.dir/generated/test/trajectory_msgs_subscriber.cpp.o[0m
[171.638s] [ 80%] [32mBuilding CXX object CMakeFiles/ros_gz_bridge_lib.dir/generated/factories/trajectory_msgs.cpp.o[0m
[173.131s] [ 81%] [32mBuilding CXX object CMakeFiles/test_ros_subscriber.dir/generated/test/vision_msgs_subscriber.cpp.o[0m
[191.121s] [ 82%] [32mBuilding CXX object CMakeFiles/test_ros_subscriber.dir/generated/test/tf2_msgs_subscriber.cpp.o[0m
[191.122s] [ 83%] [32mBuilding CXX object CMakeFiles/test_ros_subscriber.dir/generated/test/ros_gz_interfaces_subscriber.cpp.o[0m
[191.269s] [ 85%] [32m[1mLinking CXX shared library libros_gz_bridge_lib.so[0m
[225.988s] [ 85%] Built target ros_gz_bridge_lib
[226.021s] [ 86%] [32mBuilding CXX object CMakeFiles/parameter_bridge.dir/src/parameter_bridge.cpp.o[0m
[226.024s] [ 87%] [32mBuilding CXX object CMakeFiles/static_bridge.dir/src/static_bridge.cpp.o[0m
[226.027s] [ 88%] [32mBuilding CXX object CMakeFiles/bridge_types.dir/src/bridge_types.cpp.o[0m
[226.027s] [ 89%] [32mBuilding CXX object CMakeFiles/test_ros_gz_interfaces.dir/src/convert/ros_gz_interfaces.cpp.o[0m
[226.029s] [ 90%] [32mBuilding CXX object CMakeFiles/test_ros_gz_interfaces.dir/src/convert/ros_gz_interfaces_TEST.cpp.o[0m
[227.222s] [ 91%] [32m[1mLinking CXX executable bridge_types[0m
[231.888s] [ 93%] [32m[1mLinking CXX executable parameter_bridge[0m
[231.979s] [ 94%] [32m[1mLinking CXX executable static_bridge[0m
[233.394s] [ 95%] [32m[1mLinking CXX executable test_ros_gz_interfaces[0m
[245.199s] [ 95%] Built target bridge_types
[245.237s] [ 96%] [32mBuilding CXX object CMakeFiles/ros_gz_bridge_bridge_config.dir/test/bridge_config.cpp.o[0m
[247.235s] [ 97%] [32m[1mLinking CXX executable ros_gz_bridge_bridge_config[0m
[250.699s] [ 97%] Built target static_bridge
[250.830s] [ 97%] Built target parameter_bridge
[252.894s] [ 97%] Built target test_ros_gz_interfaces
[262.114s] [ 97%] Built target ros_gz_bridge_bridge_config
[269.895s] [ 98%] [32m[1mLinking CXX executable test_ros_subscriber[0m
[290.865s] [100%] Built target test_ros_subscriber
[290.880s] Invoked command in '/home/jacobrod/worms_ws/build/ros_gz_bridge' returned '0': CMAKE_PREFIX_PATH=/home/jacobrod/worms_ws/install/ros_gz_interfaces:/home/jacobrod/worms_ws/src/install/worms_gazebo:/home/jacobrod/worms_ws/src/install/worms_description:/home/jacobrod/worms_ws/src/install/ros_gz_example_bringup:/home/jacobrod/worms_ws/src/install/ros_gz_example_gazebo:/home/jacobrod/worms_ws/src/install/ros_gz_example_description:/home/jacobrod/worms_ws/src/install/ros_gz_example_application:/home/jacobrod/worms_ws/src/install/core_bringup:/home/jacobrod/worms_ws/install/worms_gazebo:/home/jacobrod/worms_ws/install/worms_description:/home/jacobrod/worms_ws/install/ros_ign:/home/jacobrod/worms_ws/install/ros_ign_gazebo_demos:/home/jacobrod/worms_ws/install/ros_gz:/home/jacobrod/worms_ws/install/ros_gz_sim_demos:/home/jacobrod/worms_ws/install/sdformat_urdf:/home/jacobrod/worms_ws/install/sdformat_test_files:/home/jacobrod/worms_ws/install/ros_ign_interfaces:/home/jacobrod/worms_ws/install/ros_ign_image:/home/jacobrod/worms_ws/install/ros_ign_gazebo:/home/jacobrod/worms_ws/install/ros_ign_bridge:/home/jacobrod/worms_ws/install/ros_gz_sim:/home/jacobrod/worms_ws/install/ros_gz_image:/home/jacobrod/worms_ws/install/ros_gz_bridge:/home/jacobrod/worms_ws/install/ros_gz_example_bringup:/home/jacobrod/worms_ws/install/ros_gz_example_gazebo:/home/jacobrod/worms_ws/install/ros_gz_example_description:/home/jacobrod/worms_ws/install/ros_gz_example_application:/home/jacobrod/worms_ws/install/core_bringup:/home/jacobrod/AllSeaingVehicle2/install:/home/jacobrod/worms_ws/src/install/worms_mech:/home/jacobrod/worms_ws/install/worms_mech:/opt/ros/humble LD_LIBRARY_PATH=/home/jacobrod/worms_ws/install/ros_gz_interfaces/lib:/home/jacobrod/worms_ws/install/sdformat_urdf/lib:/home/jacobrod/worms_ws/install/ros_ign_interfaces/lib:/home/jacobrod/worms_ws/install/ros_gz_sim/lib:/home/jacobrod/worms_ws/install/ros_gz_bridge/lib:/home/jacobrod/AllSeaingVehicle2/install/lib:/opt/ros/humble/opt/rviz_ogre_vendor/lib:/opt/ros/humble/lib/x86_64-linux-gnu:/opt/ros/humble/lib /usr/bin/cmake --build /home/jacobrod/worms_ws/build/ros_gz_bridge -- -j8 -l8
[291.143s] Invoking command in '/home/jacobrod/worms_ws/build/ros_gz_bridge': CMAKE_PREFIX_PATH=/home/jacobrod/worms_ws/install/ros_gz_interfaces:/home/jacobrod/worms_ws/src/install/worms_gazebo:/home/jacobrod/worms_ws/src/install/worms_description:/home/jacobrod/worms_ws/src/install/ros_gz_example_bringup:/home/jacobrod/worms_ws/src/install/ros_gz_example_gazebo:/home/jacobrod/worms_ws/src/install/ros_gz_example_description:/home/jacobrod/worms_ws/src/install/ros_gz_example_application:/home/jacobrod/worms_ws/src/install/core_bringup:/home/jacobrod/worms_ws/install/worms_gazebo:/home/jacobrod/worms_ws/install/worms_description:/home/jacobrod/worms_ws/install/ros_ign:/home/jacobrod/worms_ws/install/ros_ign_gazebo_demos:/home/jacobrod/worms_ws/install/ros_gz:/home/jacobrod/worms_ws/install/ros_gz_sim_demos:/home/jacobrod/worms_ws/install/sdformat_urdf:/home/jacobrod/worms_ws/install/sdformat_test_files:/home/jacobrod/worms_ws/install/ros_ign_interfaces:/home/jacobrod/worms_ws/install/ros_ign_image:/home/jacobrod/worms_ws/install/ros_ign_gazebo:/home/jacobrod/worms_ws/install/ros_ign_bridge:/home/jacobrod/worms_ws/install/ros_gz_sim:/home/jacobrod/worms_ws/install/ros_gz_image:/home/jacobrod/worms_ws/install/ros_gz_bridge:/home/jacobrod/worms_ws/install/ros_gz_example_bringup:/home/jacobrod/worms_ws/install/ros_gz_example_gazebo:/home/jacobrod/worms_ws/install/ros_gz_example_description:/home/jacobrod/worms_ws/install/ros_gz_example_application:/home/jacobrod/worms_ws/install/core_bringup:/home/jacobrod/AllSeaingVehicle2/install:/home/jacobrod/worms_ws/src/install/worms_mech:/home/jacobrod/worms_ws/install/worms_mech:/opt/ros/humble LD_LIBRARY_PATH=/home/jacobrod/worms_ws/install/ros_gz_interfaces/lib:/home/jacobrod/worms_ws/install/sdformat_urdf/lib:/home/jacobrod/worms_ws/install/ros_ign_interfaces/lib:/home/jacobrod/worms_ws/install/ros_gz_sim/lib:/home/jacobrod/worms_ws/install/ros_gz_bridge/lib:/home/jacobrod/AllSeaingVehicle2/install/lib:/opt/ros/humble/opt/rviz_ogre_vendor/lib:/opt/ros/humble/lib/x86_64-linux-gnu:/opt/ros/humble/lib /usr/bin/cmake --install /home/jacobrod/worms_ws/build/ros_gz_bridge
[291.151s] -- Install configuration: ""
[291.151s] -- Installing: /home/jacobrod/worms_ws/install/ros_gz_bridge/lib/ros_gz_bridge/bridge_node
[291.152s] -- Set runtime path of "/home/jacobrod/worms_ws/install/ros_gz_bridge/lib/ros_gz_bridge/bridge_node" to ""
[291.152s] -- Installing: /home/jacobrod/worms_ws/install/ros_gz_bridge/lib/libros_gz_bridge_lib.so
[291.407s] -- Set runtime path of "/home/jacobrod/worms_ws/install/ros_gz_bridge/lib/libros_gz_bridge_lib.so" to ""
[291.407s] -- Installing: /home/jacobrod/worms_ws/install/ros_gz_bridge/include
[291.407s] -- Installing: /home/jacobrod/worms_ws/install/ros_gz_bridge/include/ros_gz_bridge
[291.407s] -- Installing: /home/jacobrod/worms_ws/install/ros_gz_bridge/include/ros_gz_bridge/convert
[291.407s] -- Installing: /home/jacobrod/worms_ws/install/ros_gz_bridge/include/ros_gz_bridge/convert/std_msgs.hpp
[291.407s] -- Installing: /home/jacobrod/worms_ws/install/ros_gz_bridge/include/ros_gz_bridge/convert/nav_msgs.hpp
[291.408s] -- Installing: /home/jacobrod/worms_ws/install/ros_gz_bridge/include/ros_gz_bridge/convert/sensor_msgs.hpp
[291.408s] -- Installing: /home/jacobrod/worms_ws/install/ros_gz_bridge/include/ros_gz_bridge/convert/rosgraph_msgs.hpp
[291.408s] -- Installing: /home/jacobrod/worms_ws/install/ros_gz_bridge/include/ros_gz_bridge/convert/geometry_msgs.hpp
[291.408s] -- Installing: /home/jacobrod/worms_ws/install/ros_gz_bridge/include/ros_gz_bridge/convert/builtin_interfaces.hpp
[291.408s] -- Installing: /home/jacobrod/worms_ws/install/ros_gz_bridge/include/ros_gz_bridge/convert/ros_gz_interfaces.hpp
[291.408s] -- Installing: /home/jacobrod/worms_ws/install/ros_gz_bridge/include/ros_gz_bridge/convert/rcl_interfaces.hpp
[291.409s] -- Installing: /home/jacobrod/worms_ws/install/ros_gz_bridge/include/ros_gz_bridge/convert/tf2_msgs.hpp
[291.409s] -- Installing: /home/jacobrod/worms_ws/install/ros_gz_bridge/include/ros_gz_bridge/convert/trajectory_msgs.hpp
[291.409s] -- Installing: /home/jacobrod/worms_ws/install/ros_gz_bridge/include/ros_gz_bridge/convert/actuator_msgs.hpp
[291.409s] -- Installing: /home/jacobrod/worms_ws/install/ros_gz_bridge/include/ros_gz_bridge/convert/vision_msgs.hpp
[291.409s] -- Installing: /home/jacobrod/worms_ws/install/ros_gz_bridge/include/ros_gz_bridge/convert_decl.hpp
[291.409s] -- Installing: /home/jacobrod/worms_ws/install/ros_gz_bridge/include/ros_gz_bridge/ros_gz_bridge.hpp
[291.410s] -- Installing: /home/jacobrod/worms_ws/install/ros_gz_bridge/include/ros_gz_bridge/convert.hpp
[291.410s] -- Installing: /home/jacobrod/worms_ws/install/ros_gz_bridge/include/ros_gz_bridge/bridge_config.hpp
[291.410s] -- Installing: /home/jacobrod/worms_ws/install/ros_gz_bridge/share/ros_gz_bridge/environment/library_path.sh
[291.410s] -- Installing: /home/jacobrod/worms_ws/install/ros_gz_bridge/share/ros_gz_bridge/environment/library_path.dsv
[291.410s] -- Installing: /home/jacobrod/worms_ws/install/ros_gz_bridge/lib/ros_gz_bridge/parameter_bridge
[291.410s] -- Set runtime path of "/home/jacobrod/worms_ws/install/ros_gz_bridge/lib/ros_gz_bridge/parameter_bridge" to ""
[291.410s] -- Installing: /home/jacobrod/worms_ws/install/ros_gz_bridge/lib/ros_gz_bridge/static_bridge
[291.411s] -- Set runtime path of "/home/jacobrod/worms_ws/install/ros_gz_bridge/lib/ros_gz_bridge/static_bridge" to ""
[291.411s] -- Installing: /home/jacobrod/worms_ws/install/ros_gz_bridge/lib/ros_gz_bridge/bridge_types
[291.412s] -- Set runtime path of "/home/jacobrod/worms_ws/install/ros_gz_bridge/lib/ros_gz_bridge/bridge_types" to ""
[291.412s] -- Installing: /home/jacobrod/worms_ws/install/ros_gz_bridge/lib/ros_gz_bridge/test_ros_publisher
[291.430s] -- Set runtime path of "/home/jacobrod/worms_ws/install/ros_gz_bridge/lib/ros_gz_bridge/test_ros_publisher" to ""
[291.430s] -- Installing: /home/jacobrod/worms_ws/install/ros_gz_bridge/lib/ros_gz_bridge/test_ros_subscriber
[291.573s] -- Set runtime path of "/home/jacobrod/worms_ws/install/ros_gz_bridge/lib/ros_gz_bridge/test_ros_subscriber" to ""
[291.573s] -- Installing: /home/jacobrod/worms_ws/install/ros_gz_bridge/lib/ros_gz_bridge/test_gz_publisher
[291.576s] -- Set runtime path of "/home/jacobrod/worms_ws/install/ros_gz_bridge/lib/ros_gz_bridge/test_gz_publisher" to ""
[291.576s] -- Installing: /home/jacobrod/worms_ws/install/ros_gz_bridge/lib/ros_gz_bridge/test_gz_subscriber
[291.584s] -- Set runtime path of "/home/jacobrod/worms_ws/install/ros_gz_bridge/lib/ros_gz_bridge/test_gz_subscriber" to ""
[291.584s] -- Installing: /home/jacobrod/worms_ws/install/ros_gz_bridge/lib/ros_gz_bridge/test_gz_server
[291.585s] -- Set runtime path of "/home/jacobrod/worms_ws/install/ros_gz_bridge/lib/ros_gz_bridge/test_gz_server" to ""
[291.585s] -- Installing: /home/jacobrod/worms_ws/install/ros_gz_bridge/lib/ros_gz_bridge/test_ros_client
[291.588s] -- Set runtime path of "/home/jacobrod/worms_ws/install/ros_gz_bridge/lib/ros_gz_bridge/test_ros_client" to ""
[291.588s] -- Installing: /home/jacobrod/worms_ws/install/ros_gz_bridge/share/ament_index/resource_index/package_run_dependencies/ros_gz_bridge
[291.589s] -- Installing: /home/jacobrod/worms_ws/install/ros_gz_bridge/share/ament_index/resource_index/parent_prefix_path/ros_gz_bridge
[291.589s] -- Installing: /home/jacobrod/worms_ws/install/ros_gz_bridge/share/ros_gz_bridge/environment/ament_prefix_path.sh
[291.589s] -- Installing: /home/jacobrod/worms_ws/install/ros_gz_bridge/share/ros_gz_bridge/environment/ament_prefix_path.dsv
[291.589s] -- Installing: /home/jacobrod/worms_ws/install/ros_gz_bridge/share/ros_gz_bridge/environment/path.sh
[291.589s] -- Installing: /home/jacobrod/worms_ws/install/ros_gz_bridge/share/ros_gz_bridge/environment/path.dsv
[291.590s] -- Installing: /home/jacobrod/worms_ws/install/ros_gz_bridge/share/ros_gz_bridge/local_setup.bash
[291.590s] -- Installing: /home/jacobrod/worms_ws/install/ros_gz_bridge/share/ros_gz_bridge/local_setup.sh
[291.590s] -- Installing: /home/jacobrod/worms_ws/install/ros_gz_bridge/share/ros_gz_bridge/local_setup.zsh
[291.590s] -- Installing: /home/jacobrod/worms_ws/install/ros_gz_bridge/share/ros_gz_bridge/local_setup.dsv
[291.591s] -- Installing: /home/jacobrod/worms_ws/install/ros_gz_bridge/share/ros_gz_bridge/package.dsv
[291.591s] -- Installing: /home/jacobrod/worms_ws/install/ros_gz_bridge/share/ament_index/resource_index/packages/ros_gz_bridge
[291.591s] -- Installing: /home/jacobrod/worms_ws/install/ros_gz_bridge/share/ament_index/resource_index/rclcpp_components/ros_gz_bridge
[291.591s] -- Installing: /home/jacobrod/worms_ws/install/ros_gz_bridge/share/ros_gz_bridge/cmake/ament_cmake_export_include_directories-extras.cmake
[291.592s] -- Installing: /home/jacobrod/worms_ws/install/ros_gz_bridge/share/ros_gz_bridge/cmake/ament_cmake_export_libraries-extras.cmake
[291.592s] -- Installing: /home/jacobrod/worms_ws/install/ros_gz_bridge/share/ros_gz_bridge/cmake/ament_cmake_export_dependencies-extras.cmake
[291.592s] -- Installing: /home/jacobrod/worms_ws/install/ros_gz_bridge/share/ros_gz_bridge/cmake/ros_gz_bridgeConfig.cmake
[291.592s] -- Installing: /home/jacobrod/worms_ws/install/ros_gz_bridge/share/ros_gz_bridge/cmake/ros_gz_bridgeConfig-version.cmake
[291.592s] -- Installing: /home/jacobrod/worms_ws/install/ros_gz_bridge/share/ros_gz_bridge/package.xml
[291.595s] Invoked command in '/home/jacobrod/worms_ws/build/ros_gz_bridge' returned '0': CMAKE_PREFIX_PATH=/home/jacobrod/worms_ws/install/ros_gz_interfaces:/home/jacobrod/worms_ws/src/install/worms_gazebo:/home/jacobrod/worms_ws/src/install/worms_description:/home/jacobrod/worms_ws/src/install/ros_gz_example_bringup:/home/jacobrod/worms_ws/src/install/ros_gz_example_gazebo:/home/jacobrod/worms_ws/src/install/ros_gz_example_description:/home/jacobrod/worms_ws/src/install/ros_gz_example_application:/home/jacobrod/worms_ws/src/install/core_bringup:/home/jacobrod/worms_ws/install/worms_gazebo:/home/jacobrod/worms_ws/install/worms_description:/home/jacobrod/worms_ws/install/ros_ign:/home/jacobrod/worms_ws/install/ros_ign_gazebo_demos:/home/jacobrod/worms_ws/install/ros_gz:/home/jacobrod/worms_ws/install/ros_gz_sim_demos:/home/jacobrod/worms_ws/install/sdformat_urdf:/home/jacobrod/worms_ws/install/sdformat_test_files:/home/jacobrod/worms_ws/install/ros_ign_interfaces:/home/jacobrod/worms_ws/install/ros_ign_image:/home/jacobrod/worms_ws/install/ros_ign_gazebo:/home/jacobrod/worms_ws/install/ros_ign_bridge:/home/jacobrod/worms_ws/install/ros_gz_sim:/home/jacobrod/worms_ws/install/ros_gz_image:/home/jacobrod/worms_ws/install/ros_gz_bridge:/home/jacobrod/worms_ws/install/ros_gz_example_bringup:/home/jacobrod/worms_ws/install/ros_gz_example_gazebo:/home/jacobrod/worms_ws/install/ros_gz_example_description:/home/jacobrod/worms_ws/install/ros_gz_example_application:/home/jacobrod/worms_ws/install/core_bringup:/home/jacobrod/AllSeaingVehicle2/install:/home/jacobrod/worms_ws/src/install/worms_mech:/home/jacobrod/worms_ws/install/worms_mech:/opt/ros/humble LD_LIBRARY_PATH=/home/jacobrod/worms_ws/install/ros_gz_interfaces/lib:/home/jacobrod/worms_ws/install/sdformat_urdf/lib:/home/jacobrod/worms_ws/install/ros_ign_interfaces/lib:/home/jacobrod/worms_ws/install/ros_gz_sim/lib:/home/jacobrod/worms_ws/install/ros_gz_bridge/lib:/home/jacobrod/AllSeaingVehicle2/install/lib:/opt/ros/humble/opt/rviz_ogre_vendor/lib:/opt/ros/humble/lib/x86_64-linux-gnu:/opt/ros/humble/lib /usr/bin/cmake --install /home/jacobrod/worms_ws/build/ros_gz_bridge
