[0.233s] Invoking command in '/home/jacobrod/worms_ws/build/ros_gz_bridge': CMAKE_PREFIX_PATH=/home/jacobrod/worms_ws/install/ros_gz_interfaces:/home/jacobrod/worms_ws/install/worms_gazebo:/home/jacobrod/worms_ws/install/worms_description:/home/jacobrod/worms_ws/install/ros_ign:/home/jacobrod/worms_ws/install/ros_ign_gazebo_demos:/home/jacobrod/worms_ws/install/ros_gz:/home/jacobrod/worms_ws/install/ros_gz_sim_demos:/home/jacobrod/worms_ws/install/sdformat_urdf:/home/jacobrod/worms_ws/install/sdformat_test_files:/home/jacobrod/worms_ws/install/ros_ign_interfaces:/home/jacobrod/worms_ws/install/ros_ign_image:/home/jacobrod/worms_ws/install/ros_ign_gazebo:/home/jacobrod/worms_ws/install/ros_ign_bridge:/home/jacobrod/worms_ws/install/ros_gz_sim:/home/jacobrod/worms_ws/install/ros_gz_image:/home/jacobrod/worms_ws/install/ros_gz_bridge:/home/jacobrod/worms_ws/install/ros_gz_example_bringup:/home/jacobrod/worms_ws/install/ros_gz_example_gazebo:/home/jacobrod/worms_ws/install/ros_gz_example_description:/home/jacobrod/worms_ws/install/ros_gz_example_application:/home/jacobrod/worms_ws/install/core_bringup:/home/jacobrod/worms_ws/install/worms_mech:/opt/ros/humble LD_LIBRARY_PATH=/home/jacobrod/worms_ws/install/ros_gz_interfaces/lib:/home/jacobrod/worms_ws/install/sdformat_urdf/lib:/home/jacobrod/worms_ws/install/ros_ign_interfaces/lib:/home/jacobrod/worms_ws/install/ros_gz_sim/lib:/home/jacobrod/worms_ws/install/ros_gz_bridge/lib:/opt/ros/humble/opt/rviz_ogre_vendor/lib:/opt/ros/humble/lib/x86_64-linux-gnu:/opt/ros/humble/lib /usr/bin/cmake --build /home/jacobrod/worms_ws/build/ros_gz_bridge -- -j8 -l8
[0.308s] [  3%] Built target gtest
[0.309s] [  4%] Built target bridge_node
[0.315s] [  6%] Built target gtest_main
[0.353s] [ 10%] Built target test_rcl_interfaces
[0.357s] [ 13%] Built target test_utils
[0.399s] [ 55%] Built target ros_gz_bridge_lib
[0.435s] [ 58%] Built target test_ros_publisher
[0.435s] [ 62%] Built target test_gz_subscriber
[0.452s] [ 64%] Built target test_gz_server
[0.464s] [ 66%] Built target test_ros_client
[0.471s] [ 70%] Built target test_gz_publisher
[0.492s] [ 87%] Built target test_ros_subscriber
[0.514s] [ 89%] Built target parameter_bridge
[0.517s] [ 91%] Built target bridge_types
[0.532s] [ 94%] Built target static_bridge
[0.535s] [ 96%] Built target ros_gz_bridge_bridge_config
[0.539s] [100%] Built target test_ros_gz_interfaces
[0.559s] Invoked command in '/home/jacobrod/worms_ws/build/ros_gz_bridge' returned '0': CMAKE_PREFIX_PATH=/home/jacobrod/worms_ws/install/ros_gz_interfaces:/home/jacobrod/worms_ws/install/worms_gazebo:/home/jacobrod/worms_ws/install/worms_description:/home/jacobrod/worms_ws/install/ros_ign:/home/jacobrod/worms_ws/install/ros_ign_gazebo_demos:/home/jacobrod/worms_ws/install/ros_gz:/home/jacobrod/worms_ws/install/ros_gz_sim_demos:/home/jacobrod/worms_ws/install/sdformat_urdf:/home/jacobrod/worms_ws/install/sdformat_test_files:/home/jacobrod/worms_ws/install/ros_ign_interfaces:/home/jacobrod/worms_ws/install/ros_ign_image:/home/jacobrod/worms_ws/install/ros_ign_gazebo:/home/jacobrod/worms_ws/install/ros_ign_bridge:/home/jacobrod/worms_ws/install/ros_gz_sim:/home/jacobrod/worms_ws/install/ros_gz_image:/home/jacobrod/worms_ws/install/ros_gz_bridge:/home/jacobrod/worms_ws/install/ros_gz_example_bringup:/home/jacobrod/worms_ws/install/ros_gz_example_gazebo:/home/jacobrod/worms_ws/install/ros_gz_example_description:/home/jacobrod/worms_ws/install/ros_gz_example_application:/home/jacobrod/worms_ws/install/core_bringup:/home/jacobrod/worms_ws/install/worms_mech:/opt/ros/humble LD_LIBRARY_PATH=/home/jacobrod/worms_ws/install/ros_gz_interfaces/lib:/home/jacobrod/worms_ws/install/sdformat_urdf/lib:/home/jacobrod/worms_ws/install/ros_ign_interfaces/lib:/home/jacobrod/worms_ws/install/ros_gz_sim/lib:/home/jacobrod/worms_ws/install/ros_gz_bridge/lib:/opt/ros/humble/opt/rviz_ogre_vendor/lib:/opt/ros/humble/lib/x86_64-linux-gnu:/opt/ros/humble/lib /usr/bin/cmake --build /home/jacobrod/worms_ws/build/ros_gz_bridge -- -j8 -l8
[0.837s] Invoking command in '/home/jacobrod/worms_ws/build/ros_gz_bridge': CMAKE_PREFIX_PATH=/home/jacobrod/worms_ws/install/ros_gz_interfaces:/home/jacobrod/worms_ws/install/worms_gazebo:/home/jacobrod/worms_ws/install/worms_description:/home/jacobrod/worms_ws/install/ros_ign:/home/jacobrod/worms_ws/install/ros_ign_gazebo_demos:/home/jacobrod/worms_ws/install/ros_gz:/home/jacobrod/worms_ws/install/ros_gz_sim_demos:/home/jacobrod/worms_ws/install/sdformat_urdf:/home/jacobrod/worms_ws/install/sdformat_test_files:/home/jacobrod/worms_ws/install/ros_ign_interfaces:/home/jacobrod/worms_ws/install/ros_ign_image:/home/jacobrod/worms_ws/install/ros_ign_gazebo:/home/jacobrod/worms_ws/install/ros_ign_bridge:/home/jacobrod/worms_ws/install/ros_gz_sim:/home/jacobrod/worms_ws/install/ros_gz_image:/home/jacobrod/worms_ws/install/ros_gz_bridge:/home/jacobrod/worms_ws/install/ros_gz_example_bringup:/home/jacobrod/worms_ws/install/ros_gz_example_gazebo:/home/jacobrod/worms_ws/install/ros_gz_example_description:/home/jacobrod/worms_ws/install/ros_gz_example_application:/home/jacobrod/worms_ws/install/core_bringup:/home/jacobrod/worms_ws/install/worms_mech:/opt/ros/humble LD_LIBRARY_PATH=/home/jacobrod/worms_ws/install/ros_gz_interfaces/lib:/home/jacobrod/worms_ws/install/sdformat_urdf/lib:/home/jacobrod/worms_ws/install/ros_ign_interfaces/lib:/home/jacobrod/worms_ws/install/ros_gz_sim/lib:/home/jacobrod/worms_ws/install/ros_gz_bridge/lib:/opt/ros/humble/opt/rviz_ogre_vendor/lib:/opt/ros/humble/lib/x86_64-linux-gnu:/opt/ros/humble/lib /usr/bin/cmake --install /home/jacobrod/worms_ws/build/ros_gz_bridge
[0.847s] -- Install configuration: ""
[0.847s] -- Up-to-date: /home/jacobrod/worms_ws/install/ros_gz_bridge/lib/ros_gz_bridge/bridge_node
[0.848s] -- Up-to-date: /home/jacobrod/worms_ws/install/ros_gz_bridge/lib/libros_gz_bridge_lib.so
[0.849s] -- Up-to-date: /home/jacobrod/worms_ws/install/ros_gz_bridge/include
[0.849s] -- Up-to-date: /home/jacobrod/worms_ws/install/ros_gz_bridge/include/ros_gz_bridge
[0.849s] -- Up-to-date: /home/jacobrod/worms_ws/install/ros_gz_bridge/include/ros_gz_bridge/convert
[0.849s] -- Up-to-date: /home/jacobrod/worms_ws/install/ros_gz_bridge/include/ros_gz_bridge/convert/std_msgs.hpp
[0.849s] -- Up-to-date: /home/jacobrod/worms_ws/install/ros_gz_bridge/include/ros_gz_bridge/convert/nav_msgs.hpp
[0.849s] -- Up-to-date: /home/jacobrod/worms_ws/install/ros_gz_bridge/include/ros_gz_bridge/convert/sensor_msgs.hpp
[0.849s] -- Up-to-date: /home/jacobrod/worms_ws/install/ros_gz_bridge/include/ros_gz_bridge/convert/rosgraph_msgs.hpp
[0.849s] -- Up-to-date: /home/jacobrod/worms_ws/install/ros_gz_bridge/include/ros_gz_bridge/convert/geometry_msgs.hpp
[0.849s] -- Up-to-date: /home/jacobrod/worms_ws/install/ros_gz_bridge/include/ros_gz_bridge/convert/builtin_interfaces.hpp
[0.850s] -- Up-to-date: /home/jacobrod/worms_ws/install/ros_gz_bridge/include/ros_gz_bridge/convert/ros_gz_interfaces.hpp
[0.850s] -- Up-to-date: /home/jacobrod/worms_ws/install/ros_gz_bridge/include/ros_gz_bridge/convert/rcl_interfaces.hpp
[0.850s] -- Up-to-date: /home/jacobrod/worms_ws/install/ros_gz_bridge/include/ros_gz_bridge/convert/tf2_msgs.hpp
[0.850s] -- Up-to-date: /home/jacobrod/worms_ws/install/ros_gz_bridge/include/ros_gz_bridge/convert/trajectory_msgs.hpp
[0.850s] -- Up-to-date: /home/jacobrod/worms_ws/install/ros_gz_bridge/include/ros_gz_bridge/convert/actuator_msgs.hpp
[0.850s] -- Up-to-date: /home/jacobrod/worms_ws/install/ros_gz_bridge/include/ros_gz_bridge/convert/vision_msgs.hpp
[0.850s] -- Up-to-date: /home/jacobrod/worms_ws/install/ros_gz_bridge/include/ros_gz_bridge/convert_decl.hpp
[0.850s] -- Up-to-date: /home/jacobrod/worms_ws/install/ros_gz_bridge/include/ros_gz_bridge/ros_gz_bridge.hpp
[0.850s] -- Up-to-date: /home/jacobrod/worms_ws/install/ros_gz_bridge/include/ros_gz_bridge/convert.hpp
[0.850s] -- Up-to-date: /home/jacobrod/worms_ws/install/ros_gz_bridge/include/ros_gz_bridge/bridge_config.hpp
[0.851s] -- Up-to-date: /home/jacobrod/worms_ws/install/ros_gz_bridge/share/ros_gz_bridge/environment/library_path.sh
[0.851s] -- Up-to-date: /home/jacobrod/worms_ws/install/ros_gz_bridge/share/ros_gz_bridge/environment/library_path.dsv
[0.851s] -- Up-to-date: /home/jacobrod/worms_ws/install/ros_gz_bridge/lib/ros_gz_bridge/parameter_bridge
[0.851s] -- Up-to-date: /home/jacobrod/worms_ws/install/ros_gz_bridge/lib/ros_gz_bridge/static_bridge
[0.851s] -- Up-to-date: /home/jacobrod/worms_ws/install/ros_gz_bridge/lib/ros_gz_bridge/bridge_types
[0.851s] -- Up-to-date: /home/jacobrod/worms_ws/install/ros_gz_bridge/lib/ros_gz_bridge/test_ros_publisher
[0.852s] -- Up-to-date: /home/jacobrod/worms_ws/install/ros_gz_bridge/lib/ros_gz_bridge/test_ros_subscriber
[0.852s] -- Up-to-date: /home/jacobrod/worms_ws/install/ros_gz_bridge/lib/ros_gz_bridge/test_gz_publisher
[0.853s] -- Up-to-date: /home/jacobrod/worms_ws/install/ros_gz_bridge/lib/ros_gz_bridge/test_gz_subscriber
[0.853s] -- Up-to-date: /home/jacobrod/worms_ws/install/ros_gz_bridge/lib/ros_gz_bridge/test_gz_server
[0.854s] -- Up-to-date: /home/jacobrod/worms_ws/install/ros_gz_bridge/lib/ros_gz_bridge/test_ros_client
[0.855s] -- Up-to-date: /home/jacobrod/worms_ws/install/ros_gz_bridge/share/ament_index/resource_index/package_run_dependencies/ros_gz_bridge
[0.855s] -- Up-to-date: /home/jacobrod/worms_ws/install/ros_gz_bridge/share/ament_index/resource_index/parent_prefix_path/ros_gz_bridge
[0.855s] -- Up-to-date: /home/jacobrod/worms_ws/install/ros_gz_bridge/share/ros_gz_bridge/environment/ament_prefix_path.sh
[0.855s] -- Up-to-date: /home/jacobrod/worms_ws/install/ros_gz_bridge/share/ros_gz_bridge/environment/ament_prefix_path.dsv
[0.855s] -- Up-to-date: /home/jacobrod/worms_ws/install/ros_gz_bridge/share/ros_gz_bridge/environment/path.sh
[0.855s] -- Up-to-date: /home/jacobrod/worms_ws/install/ros_gz_bridge/share/ros_gz_bridge/environment/path.dsv
[0.856s] -- Up-to-date: /home/jacobrod/worms_ws/install/ros_gz_bridge/share/ros_gz_bridge/local_setup.bash
[0.856s] -- Up-to-date: /home/jacobrod/worms_ws/install/ros_gz_bridge/share/ros_gz_bridge/local_setup.sh
[0.856s] -- Up-to-date: /home/jacobrod/worms_ws/install/ros_gz_bridge/share/ros_gz_bridge/local_setup.zsh
[0.856s] -- Up-to-date: /home/jacobrod/worms_ws/install/ros_gz_bridge/share/ros_gz_bridge/local_setup.dsv
[0.856s] -- Installing: /home/jacobrod/worms_ws/install/ros_gz_bridge/share/ros_gz_bridge/package.dsv
[0.856s] -- Up-to-date: /home/jacobrod/worms_ws/install/ros_gz_bridge/share/ament_index/resource_index/packages/ros_gz_bridge
[0.856s] -- Up-to-date: /home/jacobrod/worms_ws/install/ros_gz_bridge/share/ament_index/resource_index/rclcpp_components/ros_gz_bridge
[0.856s] -- Up-to-date: /home/jacobrod/worms_ws/install/ros_gz_bridge/share/ros_gz_bridge/cmake/ament_cmake_export_include_directories-extras.cmake
[0.856s] -- Up-to-date: /home/jacobrod/worms_ws/install/ros_gz_bridge/share/ros_gz_bridge/cmake/ament_cmake_export_libraries-extras.cmake
[0.856s] -- Up-to-date: /home/jacobrod/worms_ws/install/ros_gz_bridge/share/ros_gz_bridge/cmake/ament_cmake_export_dependencies-extras.cmake
[0.857s] -- Up-to-date: /home/jacobrod/worms_ws/install/ros_gz_bridge/share/ros_gz_bridge/cmake/ros_gz_bridgeConfig.cmake
[0.857s] -- Up-to-date: /home/jacobrod/worms_ws/install/ros_gz_bridge/share/ros_gz_bridge/cmake/ros_gz_bridgeConfig-version.cmake
[0.857s] -- Up-to-date: /home/jacobrod/worms_ws/install/ros_gz_bridge/share/ros_gz_bridge/package.xml
[0.859s] Invoked command in '/home/jacobrod/worms_ws/build/ros_gz_bridge' returned '0': CMAKE_PREFIX_PATH=/home/jacobrod/worms_ws/install/ros_gz_interfaces:/home/jacobrod/worms_ws/install/worms_gazebo:/home/jacobrod/worms_ws/install/worms_description:/home/jacobrod/worms_ws/install/ros_ign:/home/jacobrod/worms_ws/install/ros_ign_gazebo_demos:/home/jacobrod/worms_ws/install/ros_gz:/home/jacobrod/worms_ws/install/ros_gz_sim_demos:/home/jacobrod/worms_ws/install/sdformat_urdf:/home/jacobrod/worms_ws/install/sdformat_test_files:/home/jacobrod/worms_ws/install/ros_ign_interfaces:/home/jacobrod/worms_ws/install/ros_ign_image:/home/jacobrod/worms_ws/install/ros_ign_gazebo:/home/jacobrod/worms_ws/install/ros_ign_bridge:/home/jacobrod/worms_ws/install/ros_gz_sim:/home/jacobrod/worms_ws/install/ros_gz_image:/home/jacobrod/worms_ws/install/ros_gz_bridge:/home/jacobrod/worms_ws/install/ros_gz_example_bringup:/home/jacobrod/worms_ws/install/ros_gz_example_gazebo:/home/jacobrod/worms_ws/install/ros_gz_example_description:/home/jacobrod/worms_ws/install/ros_gz_example_application:/home/jacobrod/worms_ws/install/core_bringup:/home/jacobrod/worms_ws/install/worms_mech:/opt/ros/humble LD_LIBRARY_PATH=/home/jacobrod/worms_ws/install/ros_gz_interfaces/lib:/home/jacobrod/worms_ws/install/sdformat_urdf/lib:/home/jacobrod/worms_ws/install/ros_ign_interfaces/lib:/home/jacobrod/worms_ws/install/ros_gz_sim/lib:/home/jacobrod/worms_ws/install/ros_gz_bridge/lib:/opt/ros/humble/opt/rviz_ogre_vendor/lib:/opt/ros/humble/lib/x86_64-linux-gnu:/opt/ros/humble/lib /usr/bin/cmake --install /home/jacobrod/worms_ws/build/ros_gz_bridge
