[2.796s] Invoking command in '/home/worm3/worms_mech_ws/src/worms_mech': PYTHONPATH=/home/worm3/worms_mech_ws/build/worms_mech/prefix_override:/home/worm3/worms_mech_ws/install/worms_mech/lib/python3.10/site-packages:${PYTHONPATH} /usr/bin/python3 setup.py egg_info --egg-base ../../build/worms_mech build --build-base /home/worm3/worms_mech_ws/build/worms_mech/build install --record /home/worm3/worms_mech_ws/build/worms_mech/install.log --single-version-externally-managed
[3.716s] running egg_info
[3.718s] writing ../../build/worms_mech/worms_mech.egg-info/PKG-INFO
[3.719s] writing dependency_links to ../../build/worms_mech/worms_mech.egg-info/dependency_links.txt
[3.721s] writing entry points to ../../build/worms_mech/worms_mech.egg-info/entry_points.txt
[3.722s] writing requirements to ../../build/worms_mech/worms_mech.egg-info/requires.txt
[3.723s] writing top-level names to ../../build/worms_mech/worms_mech.egg-info/top_level.txt
[3.731s] reading manifest file '../../build/worms_mech/worms_mech.egg-info/SOURCES.txt'
[3.735s] writing manifest file '../../build/worms_mech/worms_mech.egg-info/SOURCES.txt'
[3.736s] running build
[3.736s] running build_py
[3.738s] copying worms_mech/gait_manager.py -> /home/worm3/worms_mech_ws/build/worms_mech/build/lib/worms_mech
[3.742s] running install
[3.742s] /usr/lib/python3/dist-packages/setuptools/command/install.py:34: SetuptoolsDeprecationWarning: setup.py install is deprecated. Use build and pip and other standards-based tools.
[3.743s]   warnings.warn(
[3.743s] running install_lib
[3.747s] copying /home/worm3/worms_mech_ws/build/worms_mech/build/lib/worms_mech/gait_manager.py -> /home/worm3/worms_mech_ws/install/worms_mech/lib/python3.10/site-packages/worms_mech
[3.752s] byte-compiling /home/worm3/worms_mech_ws/install/worms_mech/lib/python3.10/site-packages/worms_mech/gait_manager.py to gait_manager.cpython-310.pyc
[3.760s] running install_data
[3.762s] running install_egg_info
[3.768s] removing '/home/worm3/worms_mech_ws/install/worms_mech/lib/python3.10/site-packages/worms_mech-0.0.0-py3.10.egg-info' (and everything under it)
[3.769s] Copying ../../build/worms_mech/worms_mech.egg-info to /home/worm3/worms_mech_ws/install/worms_mech/lib/python3.10/site-packages/worms_mech-0.0.0-py3.10.egg-info
[3.774s] running install_scripts
[3.850s] Installing camera_scanner script to /home/worm3/worms_mech_ws/install/worms_mech/lib/worms_mech
[3.851s] Installing controller_node script to /home/worm3/worms_mech_ws/install/worms_mech/lib/worms_mech
[3.852s] Installing gait_action_node script to /home/worm3/worms_mech_ws/install/worms_mech/lib/worms_mech
[3.853s] Installing gait_manager script to /home/worm3/worms_mech_ws/install/worms_mech/lib/worms_mech
[3.854s] Installing gait_parser script to /home/worm3/worms_mech_ws/install/worms_mech/lib/worms_mech
[3.854s] Installing hardware_interface script to /home/worm3/worms_mech_ws/install/worms_mech/lib/worms_mech
[3.855s] Installing joint_command_publisher script to /home/worm3/worms_mech_ws/install/worms_mech/lib/worms_mech
[3.856s] Installing joystick_control script to /home/worm3/worms_mech_ws/install/worms_mech/lib/worms_mech
[3.857s] Installing stand_node script to /home/worm3/worms_mech_ws/install/worms_mech/lib/worms_mech
[3.858s] Installing testbed_interface script to /home/worm3/worms_mech_ws/install/worms_mech/lib/worms_mech
[3.860s] writing list of installed files to '/home/worm3/worms_mech_ws/build/worms_mech/install.log'
[3.975s] Invoked command in '/home/worm3/worms_mech_ws/src/worms_mech' returned '0': PYTHONPATH=/home/worm3/worms_mech_ws/build/worms_mech/prefix_override:/home/worm3/worms_mech_ws/install/worms_mech/lib/python3.10/site-packages:${PYTHONPATH} /usr/bin/python3 setup.py egg_info --egg-base ../../build/worms_mech build --build-base /home/worm3/worms_mech_ws/build/worms_mech/build install --record /home/worm3/worms_mech_ws/build/worms_mech/install.log --single-version-externally-managed
