[0.273s] Invoking command in '/home/jacobrod/worms_ws/build/ros_gz_example_application': CMAKE_PREFIX_PATH=${CMAKE_PREFIX_PATH}:/home/jacobrod/worms_ws/install/worms_mech:/opt/ros/humble /usr/bin/cmake --build /home/jacobrod/worms_ws/build/ros_gz_example_application -- -j8 -l8
[0.370s] Invoked command in '/home/jacobrod/worms_ws/build/ros_gz_example_application' returned '0': CMAKE_PREFIX_PATH=${CMAKE_PREFIX_PATH}:/home/jacobrod/worms_ws/install/worms_mech:/opt/ros/humble /usr/bin/cmake --build /home/jacobrod/worms_ws/build/ros_gz_example_application -- -j8 -l8
[0.462s] Invoking command in '/home/jacobrod/worms_ws/build/ros_gz_example_application': CMAKE_PREFIX_PATH=${CMAKE_PREFIX_PATH}:/home/jacobrod/worms_ws/install/worms_mech:/opt/ros/humble /usr/bin/cmake --install /home/jacobrod/worms_ws/build/ros_gz_example_application
[0.519s] -- Install configuration: ""
[0.520s] -- Up-to-date: /home/jacobrod/worms_ws/install/ros_gz_example_application/share/ament_index/resource_index/package_run_dependencies/ros_gz_example_application
[0.520s] -- Up-to-date: /home/jacobrod/worms_ws/install/ros_gz_example_application/share/ament_index/resource_index/parent_prefix_path/ros_gz_example_application
[0.520s] -- Up-to-date: /home/jacobrod/worms_ws/install/ros_gz_example_application/share/ros_gz_example_application/environment/ament_prefix_path.sh
[0.520s] -- Up-to-date: /home/jacobrod/worms_ws/install/ros_gz_example_application/share/ros_gz_example_application/environment/ament_prefix_path.dsv
[0.520s] -- Up-to-date: /home/jacobrod/worms_ws/install/ros_gz_example_application/share/ros_gz_example_application/environment/path.sh
[0.521s] -- Up-to-date: /home/jacobrod/worms_ws/install/ros_gz_example_application/share/ros_gz_example_application/environment/path.dsv
[0.521s] -- Up-to-date: /home/jacobrod/worms_ws/install/ros_gz_example_application/share/ros_gz_example_application/local_setup.bash
[0.521s] -- Up-to-date: /home/jacobrod/worms_ws/install/ros_gz_example_application/share/ros_gz_example_application/local_setup.sh
[0.521s] -- Up-to-date: /home/jacobrod/worms_ws/install/ros_gz_example_application/share/ros_gz_example_application/local_setup.zsh
[0.522s] -- Up-to-date: /home/jacobrod/worms_ws/install/ros_gz_example_application/share/ros_gz_example_application/local_setup.dsv
[0.522s] -- Installing: /home/jacobrod/worms_ws/install/ros_gz_example_application/share/ros_gz_example_application/package.dsv
[0.522s] -- Up-to-date: /home/jacobrod/worms_ws/install/ros_gz_example_application/share/ament_index/resource_index/packages/ros_gz_example_application
[0.522s] -- Up-to-date: /home/jacobrod/worms_ws/install/ros_gz_example_application/share/ros_gz_example_application/cmake/ros_gz_example_applicationConfig.cmake
[0.522s] -- Up-to-date: /home/jacobrod/worms_ws/install/ros_gz_example_application/share/ros_gz_example_application/cmake/ros_gz_example_applicationConfig-version.cmake
[0.523s] -- Up-to-date: /home/jacobrod/worms_ws/install/ros_gz_example_application/share/ros_gz_example_application/package.xml
[0.661s] Invoked command in '/home/jacobrod/worms_ws/build/ros_gz_example_application' returned '0': CMAKE_PREFIX_PATH=${CMAKE_PREFIX_PATH}:/home/jacobrod/worms_ws/install/worms_mech:/opt/ros/humble /usr/bin/cmake --install /home/jacobrod/worms_ws/build/ros_gz_example_application
