[  4%] [32mBuilding CXX object gtest/CMakeFiles/gtest_main.dir/src/gtest_main.cc.o[0m
[  9%] [32mBuilding CXX object CMakeFiles/sdformat_urdf.dir/src/sdformat_urdf.cpp.o[0m
[ 13%] [32mBuilding CXX object gtest/CMakeFiles/gtest.dir/src/gtest-all.cc.o[0m
[ 18%] [32m[1mLinking CXX static library libgtest_main.a[0m
[ 18%] Built target gtest_main
[ 22%] [32m[1mLinking CXX static library libgtest.a[0m
[ 22%] Built target gtest
[ 27%] [32m[1mLinking CXX shared library libsdformat_urdf.so[0m
[ 27%] Built target sdformat_urdf
[ 31%] [32mBuilding CXX object CMakeFiles/sdf_link_tests.dir/test/link_tests.cpp.o[0m
[ 36%] [32mBuilding CXX object CMakeFiles/sdf_model_tests.dir/test/model_tests.cpp.o[0m
[ 40%] [32mBuilding CXX object CMakeFiles/sdf_material_tests.dir/test/material_tests.cpp.o[0m
[ 45%] [32mBuilding CXX object CMakeFiles/sdf_joint_tests.dir/test/joint_tests.cpp.o[0m
[ 50%] [32mBuilding CXX object CMakeFiles/sdformat_urdf_plugin.dir/src/sdformat_urdf_plugin.cpp.o[0m
[ 54%] [32mBuilding CXX object CMakeFiles/sdf_geometry_tests.dir/test/geometry_tests.cpp.o[0m
[ 59%] [32mBuilding CXX object CMakeFiles/sdf_graph_tests.dir/test/graph_tests.cpp.o[0m
[ 63%] [32mBuilding CXX object CMakeFiles/sdf_pose_tests.dir/test/pose_tests.cpp.o[0m
[ 68%] [32m[1mLinking CXX shared library libsdformat_urdf_plugin.so[0m
[ 68%] Built target sdformat_urdf_plugin
[ 72%] [32m[1mLinking CXX executable sdf_model_tests[0m
[ 77%] [32m[1mLinking CXX executable sdf_material_tests[0m
[ 77%] Built target sdf_model_tests
[ 81%] [32m[1mLinking CXX executable sdf_link_tests[0m
[ 81%] Built target sdf_material_tests
[ 86%] [32m[1mLinking CXX executable sdf_geometry_tests[0m
[ 86%] Built target sdf_link_tests
[ 90%] [32m[1mLinking CXX executable sdf_graph_tests[0m
[ 95%] [32m[1mLinking CXX executable sdf_joint_tests[0m
[100%] [32m[1mLinking CXX executable sdf_pose_tests[0m
[100%] Built target sdf_geometry_tests
[100%] Built target sdf_graph_tests
[100%] Built target sdf_joint_tests
[100%] Built target sdf_pose_tests
