[0.809s] Invoking command in '/home/jacobrod/worms_ws/build/sdformat_urdf': CMAKE_PREFIX_PATH=/home/jacobrod/worms_ws/install/sdformat_test_files:/home/jacobrod/worms_ws/install/worms_description:/home/jacobrod/worms_ws/install/ros_gz_example_description:/home/jacobrod/worms_ws/install/ros_gz_example_application:/home/jacobrod/worms_ws/install/core_bringup:/home/jacobrod/worms_ws/install/worms_mech:/opt/ros/humble /usr/bin/cmake --build /home/jacobrod/worms_ws/build/sdformat_urdf -- -j8 -l8
[0.917s] [  4%] [32mBuilding CXX object gtest/CMakeFiles/gtest_main.dir/src/gtest_main.cc.o[0m
[0.942s] [  9%] [32mBuilding CXX object CMakeFiles/sdformat_urdf.dir/src/sdformat_urdf.cpp.o[0m
[0.949s] [ 13%] [32mBuilding CXX object gtest/CMakeFiles/gtest.dir/src/gtest-all.cc.o[0m
[2.075s] [ 18%] [32m[1mLinking CXX static library libgtest_main.a[0m
[2.134s] [ 18%] Built target gtest_main
[5.380s] [ 22%] [32m[1mLinking CXX static library libgtest.a[0m
[5.451s] [ 22%] Built target gtest
[7.231s] [ 27%] [32m[1mLinking CXX shared library libsdformat_urdf.so[0m
[7.451s] [ 27%] Built target sdformat_urdf
[7.485s] [ 31%] [32mBuilding CXX object CMakeFiles/sdf_link_tests.dir/test/link_tests.cpp.o[0m
[7.487s] [ 36%] [32mBuilding CXX object CMakeFiles/sdf_model_tests.dir/test/model_tests.cpp.o[0m
[7.493s] [ 40%] [32mBuilding CXX object CMakeFiles/sdf_material_tests.dir/test/material_tests.cpp.o[0m
[7.497s] [ 45%] [32mBuilding CXX object CMakeFiles/sdf_joint_tests.dir/test/joint_tests.cpp.o[0m
[7.501s] [ 50%] [32mBuilding CXX object CMakeFiles/sdformat_urdf_plugin.dir/src/sdformat_urdf_plugin.cpp.o[0m
[7.501s] [ 54%] [32mBuilding CXX object CMakeFiles/sdf_geometry_tests.dir/test/geometry_tests.cpp.o[0m
[7.505s] [ 59%] [32mBuilding CXX object CMakeFiles/sdf_graph_tests.dir/test/graph_tests.cpp.o[0m
[7.575s] [ 63%] [32mBuilding CXX object CMakeFiles/sdf_pose_tests.dir/test/pose_tests.cpp.o[0m
[13.855s] [ 68%] [32m[1mLinking CXX shared library libsdformat_urdf_plugin.so[0m
[14.165s] [ 68%] Built target sdformat_urdf_plugin
[15.539s] [ 72%] [32m[1mLinking CXX executable sdf_model_tests[0m
[15.989s] [ 77%] [32m[1mLinking CXX executable sdf_material_tests[0m
[16.035s] [ 77%] Built target sdf_model_tests
[16.247s] [ 81%] [32m[1mLinking CXX executable sdf_link_tests[0m
[16.492s] [ 81%] Built target sdf_material_tests
[16.650s] [ 86%] [32m[1mLinking CXX executable sdf_geometry_tests[0m
[16.666s] [ 86%] Built target sdf_link_tests
[16.730s] [ 90%] [32m[1mLinking CXX executable sdf_graph_tests[0m
[16.763s] [ 95%] [32m[1mLinking CXX executable sdf_joint_tests[0m
[16.769s] [100%] [32m[1mLinking CXX executable sdf_pose_tests[0m
[16.999s] [100%] Built target sdf_geometry_tests
[17.019s] [100%] Built target sdf_graph_tests
[17.063s] [100%] Built target sdf_joint_tests
[17.113s] [100%] Built target sdf_pose_tests
