[0.349s] Invoking command in '/home/jacobrod/worms_ws/build/core_bringup': CMAKE_PREFIX_PATH=${CMAKE_PREFIX_PATH}:/home/jacobrod/worms_ws/install/worms_mech:/opt/ros/humble /usr/bin/cmake --build /home/jacobrod/worms_ws/build/core_bringup -- -j8 -l8
[0.838s] Invoked command in '/home/jacobrod/worms_ws/build/core_bringup' returned '0': CMAKE_PREFIX_PATH=${CMAKE_PREFIX_PATH}:/home/jacobrod/worms_ws/install/worms_mech:/opt/ros/humble /usr/bin/cmake --build /home/jacobrod/worms_ws/build/core_bringup -- -j8 -l8
[0.891s] Invoking command in '/home/jacobrod/worms_ws/build/core_bringup': CMAKE_PREFIX_PATH=${CMAKE_PREFIX_PATH}:/home/jacobrod/worms_ws/install/worms_mech:/opt/ros/humble /usr/bin/cmake --install /home/jacobrod/worms_ws/build/core_bringup
[0.982s] -- Install configuration: ""
[0.982s] -- Up-to-date: /home/jacobrod/worms_ws/install/core_bringup/share/core_bringup/launch
[0.982s] -- Up-to-date: /home/jacobrod/worms_ws/install/core_bringup/share/core_bringup/launch/worms_gazebo.launch.py
[0.982s] -- Up-to-date: /home/jacobrod/worms_ws/install/core_bringup/share/core_bringup/launch/hound_gazebo.launch.py
[0.983s] -- Up-to-date: /home/jacobrod/worms_ws/install/core_bringup/share/core_bringup/launch/worms_hound_rviz.launch.py
[0.983s] -- Up-to-date: /home/jacobrod/worms_ws/install/core_bringup/share/core_bringup/launch/worms_setup.launch copy.py
[0.983s] -- Up-to-date: /home/jacobrod/worms_ws/install/core_bringup/share/core_bringup/launch/worms_hound_gazebo.launch.py
[0.983s] -- Up-to-date: /home/jacobrod/worms_ws/install/core_bringup/share/core_bringup/config
[0.983s] -- Up-to-date: /home/jacobrod/worms_ws/install/core_bringup/share/core_bringup/config/worms_bridge.yaml
[0.984s] -- Up-to-date: /home/jacobrod/worms_ws/install/core_bringup/share/core_bringup/config/worms.rviz
[0.985s] -- Up-to-date: /home/jacobrod/worms_ws/install/core_bringup/share/core_bringup/config/diff_drive.rviz
[0.985s] -- Up-to-date: /home/jacobrod/worms_ws/install/core_bringup/share/ament_index/resource_index/package_run_dependencies/core_bringup
[0.985s] -- Up-to-date: /home/jacobrod/worms_ws/install/core_bringup/share/ament_index/resource_index/parent_prefix_path/core_bringup
[0.985s] -- Up-to-date: /home/jacobrod/worms_ws/install/core_bringup/share/core_bringup/environment/ament_prefix_path.sh
[0.986s] -- Up-to-date: /home/jacobrod/worms_ws/install/core_bringup/share/core_bringup/environment/ament_prefix_path.dsv
[0.986s] -- Up-to-date: /home/jacobrod/worms_ws/install/core_bringup/share/core_bringup/environment/path.sh
[0.986s] -- Up-to-date: /home/jacobrod/worms_ws/install/core_bringup/share/core_bringup/environment/path.dsv
[0.986s] -- Up-to-date: /home/jacobrod/worms_ws/install/core_bringup/share/core_bringup/local_setup.bash
[0.986s] -- Up-to-date: /home/jacobrod/worms_ws/install/core_bringup/share/core_bringup/local_setup.sh
[0.986s] -- Up-to-date: /home/jacobrod/worms_ws/install/core_bringup/share/core_bringup/local_setup.zsh
[0.987s] -- Up-to-date: /home/jacobrod/worms_ws/install/core_bringup/share/core_bringup/local_setup.dsv
[0.987s] -- Installing: /home/jacobrod/worms_ws/install/core_bringup/share/core_bringup/package.dsv
[0.987s] -- Up-to-date: /home/jacobrod/worms_ws/install/core_bringup/share/ament_index/resource_index/packages/core_bringup
[0.988s] -- Up-to-date: /home/jacobrod/worms_ws/install/core_bringup/share/core_bringup/cmake/core_bringupConfig.cmake
[0.988s] -- Up-to-date: /home/jacobrod/worms_ws/install/core_bringup/share/core_bringup/cmake/core_bringupConfig-version.cmake
[0.988s] -- Up-to-date: /home/jacobrod/worms_ws/install/core_bringup/share/core_bringup/package.xml
[1.114s] Invoked command in '/home/jacobrod/worms_ws/build/core_bringup' returned '0': CMAKE_PREFIX_PATH=${CMAKE_PREFIX_PATH}:/home/jacobrod/worms_ws/install/worms_mech:/opt/ros/humble /usr/bin/cmake --install /home/jacobrod/worms_ws/build/core_bringup
