[4.079s] Invoking command in '/home/worm6/worms_mech_ws/src/worms_mech': PYTHONPATH=/home/worm6/worms_mech_ws/install/worms_mech/lib/python3.10/site-packages:${PYTHONPATH} /usr/bin/python3 setup.py egg_info --egg-base ../../build/worms_mech build --build-base /home/worm6/worms_mech_ws/build/worms_mech/build install --prefix /home/worm6/worms_mech_ws/install/worms_mech --record /home/worm6/worms_mech_ws/build/worms_mech/install.log --single-version-externally-managed
[5.470s] running egg_info
[5.473s] creating ../../build/worms_mech/worms_mech.egg-info
[5.474s] writing ../../build/worms_mech/worms_mech.egg-info/PKG-INFO
[5.476s] writing dependency_links to ../../build/worms_mech/worms_mech.egg-info/dependency_links.txt
[5.477s] writing entry points to ../../build/worms_mech/worms_mech.egg-info/entry_points.txt
[5.478s] writing requirements to ../../build/worms_mech/worms_mech.egg-info/requires.txt
[5.478s] writing top-level names to ../../build/worms_mech/worms_mech.egg-info/top_level.txt
[5.480s] writing manifest file '../../build/worms_mech/worms_mech.egg-info/SOURCES.txt'
[5.489s] reading manifest file '../../build/worms_mech/worms_mech.egg-info/SOURCES.txt'
[5.493s] writing manifest file '../../build/worms_mech/worms_mech.egg-info/SOURCES.txt'
[5.495s] running build
[5.496s] running build_py
[5.496s] creating /home/worm6/worms_mech_ws/build/worms_mech/build
[5.497s] creating /home/worm6/worms_mech_ws/build/worms_mech/build/lib
[5.498s] creating /home/worm6/worms_mech_ws/build/worms_mech/build/lib/worms_mech
[5.498s] copying worms_mech/testbed_interface.py -> /home/worm6/worms_mech_ws/build/worms_mech/build/lib/worms_mech
[5.499s] copying worms_mech/controller_node.py -> /home/worm6/worms_mech_ws/build/worms_mech/build/lib/worms_mech
[5.500s] copying worms_mech/__init__.py -> /home/worm6/worms_mech_ws/build/worms_mech/build/lib/worms_mech
[5.501s] copying worms_mech/hardware_interface.py -> /home/worm6/worms_mech_ws/build/worms_mech/build/lib/worms_mech
[5.501s] copying worms_mech/gait_parser.py -> /home/worm6/worms_mech_ws/build/worms_mech/build/lib/worms_mech
[5.504s] copying worms_mech/joint_command_publisher.py -> /home/worm6/worms_mech_ws/build/worms_mech/build/lib/worms_mech
[5.505s] copying worms_mech/joystick_control.py -> /home/worm6/worms_mech_ws/build/worms_mech/build/lib/worms_mech
[5.508s] running install
[5.510s] /usr/lib/python3/dist-packages/setuptools/command/install.py:34: SetuptoolsDeprecationWarning: setup.py install is deprecated. Use build and pip and other standards-based tools.
[5.512s]   warnings.warn(
[5.513s] running install_lib
[5.519s] creating /home/worm6/worms_mech_ws/install/worms_mech/lib/python3.10/site-packages/worms_mech
[5.520s] copying /home/worm6/worms_mech_ws/build/worms_mech/build/lib/worms_mech/testbed_interface.py -> /home/worm6/worms_mech_ws/install/worms_mech/lib/python3.10/site-packages/worms_mech
[5.521s] copying /home/worm6/worms_mech_ws/build/worms_mech/build/lib/worms_mech/controller_node.py -> /home/worm6/worms_mech_ws/install/worms_mech/lib/python3.10/site-packages/worms_mech
[5.524s] copying /home/worm6/worms_mech_ws/build/worms_mech/build/lib/worms_mech/__init__.py -> /home/worm6/worms_mech_ws/install/worms_mech/lib/python3.10/site-packages/worms_mech
[5.525s] copying /home/worm6/worms_mech_ws/build/worms_mech/build/lib/worms_mech/hardware_interface.py -> /home/worm6/worms_mech_ws/install/worms_mech/lib/python3.10/site-packages/worms_mech
[5.527s] copying /home/worm6/worms_mech_ws/build/worms_mech/build/lib/worms_mech/gait_parser.py -> /home/worm6/worms_mech_ws/install/worms_mech/lib/python3.10/site-packages/worms_mech
[5.529s] copying /home/worm6/worms_mech_ws/build/worms_mech/build/lib/worms_mech/joint_command_publisher.py -> /home/worm6/worms_mech_ws/install/worms_mech/lib/python3.10/site-packages/worms_mech
[5.530s] copying /home/worm6/worms_mech_ws/build/worms_mech/build/lib/worms_mech/joystick_control.py -> /home/worm6/worms_mech_ws/install/worms_mech/lib/python3.10/site-packages/worms_mech
[5.533s] byte-compiling /home/worm6/worms_mech_ws/install/worms_mech/lib/python3.10/site-packages/worms_mech/testbed_interface.py to testbed_interface.cpython-310.pyc
[5.540s] byte-compiling /home/worm6/worms_mech_ws/install/worms_mech/lib/python3.10/site-packages/worms_mech/controller_node.py to controller_node.cpython-310.pyc
[5.541s] byte-compiling /home/worm6/worms_mech_ws/install/worms_mech/lib/python3.10/site-packages/worms_mech/__init__.py to __init__.cpython-310.pyc
[5.541s] byte-compiling /home/worm6/worms_mech_ws/install/worms_mech/lib/python3.10/site-packages/worms_mech/hardware_interface.py to hardware_interface.cpython-310.pyc
[5.546s] byte-compiling /home/worm6/worms_mech_ws/install/worms_mech/lib/python3.10/site-packages/worms_mech/gait_parser.py to gait_parser.cpython-310.pyc
[5.550s] byte-compiling /home/worm6/worms_mech_ws/install/worms_mech/lib/python3.10/site-packages/worms_mech/joint_command_publisher.py to joint_command_publisher.cpython-310.pyc
[5.553s] byte-compiling /home/worm6/worms_mech_ws/install/worms_mech/lib/python3.10/site-packages/worms_mech/joystick_control.py to joystick_control.cpython-310.pyc
[5.558s] running install_data
[5.562s] creating /home/worm6/worms_mech_ws/install/worms_mech/share/ament_index
[5.562s] creating /home/worm6/worms_mech_ws/install/worms_mech/share/ament_index/resource_index
[5.563s] creating /home/worm6/worms_mech_ws/install/worms_mech/share/ament_index/resource_index/packages
[5.564s] copying resource/worms_mech -> /home/worm6/worms_mech_ws/install/worms_mech/share/ament_index/resource_index/packages
[5.564s] copying package.xml -> /home/worm6/worms_mech_ws/install/worms_mech/share/worms_mech
[5.565s] running install_egg_info
[5.574s] Copying ../../build/worms_mech/worms_mech.egg-info to /home/worm6/worms_mech_ws/install/worms_mech/lib/python3.10/site-packages/worms_mech-0.0.0-py3.10.egg-info
[5.581s] running install_scripts
[5.677s] Installing controller_node script to /home/worm6/worms_mech_ws/install/worms_mech/lib/worms_mech
[5.678s] Installing gait_parser script to /home/worm6/worms_mech_ws/install/worms_mech/lib/worms_mech
[5.679s] Installing hardware_interface script to /home/worm6/worms_mech_ws/install/worms_mech/lib/worms_mech
[5.680s] Installing joint_command_publisher script to /home/worm6/worms_mech_ws/install/worms_mech/lib/worms_mech
[5.681s] Installing joystick_control script to /home/worm6/worms_mech_ws/install/worms_mech/lib/worms_mech
[5.682s] Installing testbed_interface script to /home/worm6/worms_mech_ws/install/worms_mech/lib/worms_mech
[5.684s] writing list of installed files to '/home/worm6/worms_mech_ws/build/worms_mech/install.log'
[5.841s] Invoked command in '/home/worm6/worms_mech_ws/src/worms_mech' returned '0': PYTHONPATH=/home/worm6/worms_mech_ws/install/worms_mech/lib/python3.10/site-packages:${PYTHONPATH} /usr/bin/python3 setup.py egg_info --egg-base ../../build/worms_mech build --build-base /home/worm6/worms_mech_ws/build/worms_mech/build install --prefix /home/worm6/worms_mech_ws/install/worms_mech --record /home/worm6/worms_mech_ws/build/worms_mech/install.log --single-version-externally-managed
