[0.113s] Invoking command in '/home/jacobrod/worms_ws/build/ros_ign_gazebo': CMAKE_PREFIX_PATH=/home/jacobrod/worms_ws/install/ros_gz_sim:/home/jacobrod/worms_ws/src/install/worms_gazebo:/home/jacobrod/worms_ws/src/install/worms_description:/home/jacobrod/worms_ws/src/install/ros_gz_example_bringup:/home/jacobrod/worms_ws/src/install/ros_gz_example_gazebo:/home/jacobrod/worms_ws/src/install/ros_gz_example_description:/home/jacobrod/worms_ws/src/install/ros_gz_example_application:/home/jacobrod/worms_ws/src/install/core_bringup:/home/jacobrod/worms_ws/install/worms_gazebo:/home/jacobrod/worms_ws/install/worms_description:/home/jacobrod/worms_ws/install/ros_ign:/home/jacobrod/worms_ws/install/ros_ign_gazebo_demos:/home/jacobrod/worms_ws/install/ros_gz:/home/jacobrod/worms_ws/install/ros_gz_sim_demos:/home/jacobrod/worms_ws/install/sdformat_urdf:/home/jacobrod/worms_ws/install/sdformat_test_files:/home/jacobrod/worms_ws/install/ros_ign_interfaces:/home/jacobrod/worms_ws/install/ros_ign_image:/home/jacobrod/worms_ws/install/ros_ign_gazebo:/home/jacobrod/worms_ws/install/ros_ign_bridge:/home/jacobrod/worms_ws/install/ros_gz_image:/home/jacobrod/worms_ws/install/ros_gz_bridge:/home/jacobrod/worms_ws/install/ros_gz_interfaces:/home/jacobrod/worms_ws/install/ros_gz_example_bringup:/home/jacobrod/worms_ws/install/ros_gz_example_gazebo:/home/jacobrod/worms_ws/install/ros_gz_example_description:/home/jacobrod/worms_ws/install/ros_gz_example_application:/home/jacobrod/worms_ws/install/core_bringup:/home/jacobrod/AllSeaingVehicle2/install:/home/jacobrod/worms_ws/src/install/worms_mech:/home/jacobrod/worms_ws/install/worms_mech:/opt/ros/humble LD_LIBRARY_PATH=/home/jacobrod/worms_ws/install/ros_gz_sim/lib:/home/jacobrod/worms_ws/install/sdformat_urdf/lib:/home/jacobrod/worms_ws/install/ros_ign_interfaces/lib:/home/jacobrod/worms_ws/install/ros_gz_bridge/lib:/home/jacobrod/worms_ws/install/ros_gz_interfaces/lib:/home/jacobrod/AllSeaingVehicle2/install/lib:/opt/ros/humble/opt/rviz_ogre_vendor/lib:/opt/ros/humble/lib/x86_64-linux-gnu:/opt/ros/humble/lib /usr/bin/cmake /home/jacobrod/worms_ws/src/ros_gz/ros_ign_gazebo -DBUILD_TESTING=ON -DCMAKE_INSTALL_PREFIX=/home/jacobrod/worms_ws/install/ros_ign_gazebo
[0.173s] -- The C compiler identification is GNU 11.4.0
[0.234s] -- The CXX compiler identification is GNU 11.4.0
[0.242s] -- Detecting C compiler ABI info
[0.316s] -- Detecting C compiler ABI info - done
[0.324s] -- Check for working C compiler: /usr/bin/cc - skipped
[0.324s] -- Detecting C compile features
[0.325s] -- Detecting C compile features - done
[0.328s] -- Detecting CXX compiler ABI info
[0.413s] -- Detecting CXX compiler ABI info - done
[0.425s] -- Check for working CXX compiler: /usr/bin/c++ - skipped
[0.425s] -- Detecting CXX compile features
[0.426s] -- Detecting CXX compile features - done
[0.431s] -- Found ament_cmake: 1.3.5 (/opt/ros/humble/share/ament_cmake/cmake)
[0.624s] -- Found Python3: /usr/bin/python3.10 (found version "3.10.12") found components: Interpreter 
[0.754s] -- Found ament_index_cpp: 1.4.0 (/opt/ros/humble/share/ament_index_cpp/cmake)
[0.761s] -- Looking for gz-sim7 -- found version 7.6.0
[0.771s] -- Searching for dependencies of gz-sim7
[0.776s] -- Looking for sdformat13 -- found version 13.6.0
[0.776s] -- Searching for dependencies of sdformat13
[0.783s] -- Checking for module 'tinyxml2'
[0.798s] --   Found tinyxml2, version 9.0.0
[0.841s] -- Looking for gz-math7 -- found version 7.3.0
[0.847s] -- Searching for dependencies of gz-math7
[0.847s] -- Looking for gz-utils2 -- found version 2.1.0
[0.847s] -- Searching for dependencies of gz-utils2
[0.849s] -- Looking for gz-utils2 -- found version 2.1.0
[0.850s] -- Searching for dependencies of gz-utils2
[0.850s] -- Searching for <gz-utils2> component [cli]
[0.855s] -- Looking for gz-utils2-cli -- found version 2.1.0
[0.856s] -- Searching for dependencies of gz-utils2-cli
[0.862s] -- Looking for gz-plugin2 -- found version 2.0.2
[0.863s] -- Searching for dependencies of gz-plugin2
[0.863s] -- Looking for gz-utils2 -- found version 2.1.0
[0.864s] -- Searching for <gz-plugin2> component [loader]
[0.869s] -- Looking for gz-plugin2-loader -- found version 2.0.2
[0.870s] -- Searching for dependencies of gz-plugin2-loader
[0.870s] -- Searching for <gz-plugin2> component [register]
[0.875s] -- Looking for gz-plugin2-register -- found version 2.0.2
[0.876s] -- Searching for dependencies of gz-plugin2-register
[0.881s] -- Looking for gz-transport12 -- found version 12.2.1
[0.882s] -- Searching for dependencies of gz-transport12
[1.076s] -- Found Protobuf: /usr/lib/x86_64-linux-gnu/libprotobuf.so (found version "3.12.4") 
[1.091s] -- Config-file not installed for ZeroMQ -- checking for pkg-config
[1.096s] -- Checking for module 'libzmq >= 4'
[1.113s] --   Found libzmq , version 4.3.4
[1.155s] -- Found ZeroMQ: TRUE (Required is at least version "4") 
[1.162s] -- Checking for module 'uuid'
[1.177s] --   Found uuid, version 2.37.2
[1.214s] -- Found UUID: TRUE  
[1.214s] -- Looking for gz-utils2 -- found version 2.1.0
[1.219s] -- Looking for gz-msgs9 -- found version 9.5.0
[1.220s] -- Searching for dependencies of gz-msgs9
[1.244s] -- Looking for gz-math7 -- found version 7.3.0
[1.251s] -- Searching for <gz-transport12> component [log]
[1.256s] -- Looking for gz-transport12-log -- found version 12.2.1
[1.257s] -- Searching for dependencies of gz-transport12-log
[1.257s] -- Searching for <gz-transport12> component [parameters]
[1.262s] -- Looking for gz-transport12-parameters -- found version 12.2.1
[1.263s] -- Searching for dependencies of gz-transport12-parameters
[1.264s] -- Looking for gz-msgs9 -- found version 9.5.0
[1.269s] -- Looking for gz-common5 -- found version 5.4.2
[1.269s] -- Searching for dependencies of gz-common5
[1.269s] -- Looking for gz-utils2 -- found version 2.1.0
[1.270s] -- Looking for dlfcn.h - found
[1.271s] -- Looking for libdl - found
[1.273s] -- Found DL: TRUE  
[1.280s] -- Searching for <gz-common5> component [profiler]
[1.284s] -- Looking for gz-common5-profiler -- found version 5.4.2
[1.285s] -- Searching for dependencies of gz-common5-profiler
[1.285s] -- Searching for <gz-common5> component [events]
[1.290s] -- Looking for gz-common5-events -- found version 5.4.2
[1.291s] -- Searching for dependencies of gz-common5-events
[1.291s] -- Looking for gz-math7 -- found version 7.3.0
[1.292s] -- Searching for <gz-common5> component [av]
[1.297s] -- Looking for gz-common5-av -- found version 5.4.2
[1.297s] -- Searching for dependencies of gz-common5-av
[1.303s] -- Checking for module 'libswscale'
[1.319s] --   Found libswscale, version 5.9.100
[1.359s] -- Found SWSCALE: TRUE  
[1.364s] -- Checking for module 'libavdevice >= 56.4.100'
[1.381s] --   Found libavdevice , version 58.13.100
[1.424s] -- Found AVDEVICE: TRUE (Required is at least version "56.4.100") 
[1.430s] -- Checking for module 'libavformat'
[1.446s] --   Found libavformat, version 58.76.100
[1.485s] -- Found AVFORMAT: TRUE  
[1.491s] -- Checking for module 'libavcodec'
[1.508s] --   Found libavcodec, version 58.134.100
[1.551s] -- Found AVCODEC: TRUE  
[1.556s] -- Checking for module 'libavutil'
[1.572s] --   Found libavutil, version 56.70.100
[1.610s] -- Found AVUTIL: TRUE  
[1.610s] -- Searching for <gz-common5> component [io]
[1.615s] -- Looking for gz-common5-io -- found version 5.4.2
[1.616s] -- Searching for dependencies of gz-common5-io
[1.621s] -- Looking for gz-fuel_tools8 -- found version 8.1.0
[1.622s] -- Searching for dependencies of gz-fuel_tools8
[1.716s] -- Found CURL: /usr/lib/x86_64-linux-gnu/libcurl.so (found version "7.81.0")  
[1.728s] -- Checking for module 'jsoncpp'
[1.745s] --   Found jsoncpp, version 1.9.5
[1.783s] -- Found JSONCPP: TRUE  
[1.792s] -- Checking for module 'libzip'
[1.810s] --   Found libzip, version 1.7.3
[1.849s] -- Found ZIP: TRUE  
[1.850s] -- Looking for gz-utils2 -- found version 2.1.0
[1.851s] -- Looking for gz-common5 -- found version 5.4.2
[1.851s] -- Searching for dependencies of gz-common5
[1.852s] -- Looking for gz-utils2 -- found version 2.1.0
[1.852s] -- Looking for dlfcn.h - found
[1.852s] -- Looking for libdl - found
[1.860s] -- Searching for <gz-common5> component [testing]
[1.865s] -- Looking for gz-common5-testing -- found version 5.4.2
[1.865s] -- Searching for dependencies of gz-common5-testing
[1.866s] -- Looking for gz-math7 -- found version 7.3.0
[1.867s] -- Looking for gz-msgs9 -- found version 9.5.0
[1.872s] -- Looking for gz-gui7 -- found version 7.2.1
[1.873s] -- Searching for dependencies of gz-gui7
[1.902s] -- Looking for gz-utils2 -- found version 2.1.0
[1.903s] -- Looking for gz-math7 -- found version 7.3.0
[1.903s] -- Looking for gz-common5 -- found version 5.4.2
[1.904s] -- Looking for gz-plugin2 -- found version 2.0.2
[1.904s] -- Looking for gz-transport12 -- found version 12.2.1
[1.910s] -- Looking for gz-rendering7 -- found version 7.4.2
[1.911s] -- Searching for dependencies of gz-rendering7
[1.911s] -- Looking for gz-math7 -- found version 7.3.0
[1.912s] -- Searching for dependencies of gz-math7
[1.912s] -- Looking for gz-utils2 -- found version 2.1.0
[1.912s] -- Searching for <gz-math7> component [eigen3]
[1.918s] -- Looking for gz-math7-eigen3 -- found version 7.3.0
[1.919s] -- Searching for dependencies of gz-math7-eigen3
[1.930s] -- Looking for gz-common5 -- found version 5.4.2
[1.931s] -- Searching for dependencies of gz-common5
[1.931s] -- Looking for gz-utils2 -- found version 2.1.0
[1.931s] -- Looking for dlfcn.h - found
[1.932s] -- Looking for libdl - found
[1.940s] -- Searching for <gz-common5> component [graphics]
[1.945s] -- Looking for gz-common5-graphics -- found version 5.4.2
[1.945s] -- Searching for dependencies of gz-common5-graphics
[1.946s] -- Looking for gz-math7 -- found version 7.3.0
[1.956s] -- Found GzAssimp: TRUE (found version "5.2.0") 
[1.957s] -- Searching for <gz-common5> component [events]
[1.957s] -- Searching for <gz-common5> component [geospatial]
[1.962s] -- Looking for gz-common5-geospatial -- found version 5.4.2
[1.963s] -- Searching for dependencies of gz-common5-geospatial
[1.963s] -- Looking for gz-math7 -- found version 7.3.0
[1.964s] -- Looking for gz-common5 -- found version 5.4.2
[1.965s] -- Looking for gz-plugin2 -- found version 2.0.2
[1.965s] -- Searching for dependencies of gz-plugin2
[1.966s] -- Looking for gz-utils2 -- found version 2.1.0
[1.966s] -- Searching for <gz-plugin2> component [all]
[1.971s] -- Looking for all libraries of gz-plugin2 -- found version 2.0.2
[1.971s] -- Looking for gz-plugin2 -- found version 2.0.2
[1.973s] -- Looking for gz-utils2 -- found version 2.1.0
[1.980s] -- Found OpenGL: /usr/lib/x86_64-linux-gnu/libOpenGL.so  found components: OpenGL 
[1.982s] -- Looking for gz-msgs9 -- found version 9.5.0
[2.009s] -- Looking for gz-physics6 -- found version 6.5.1
[2.010s] -- Searching for dependencies of gz-physics6
[2.010s] -- Looking for gz-math7 -- found version 7.3.0
[2.010s] -- Looking for gz-plugin2 -- found version 2.0.2
[2.011s] -- Looking for gz-utils2 -- found version 2.1.0
[2.012s] -- Searching for <gz-physics6> component [heightmap]
[2.017s] -- Looking for gz-physics6-heightmap -- found version 6.5.1
[2.018s] -- Searching for dependencies of gz-physics6-heightmap
[2.019s] -- Looking for gz-common5 -- found version 5.4.2
[2.019s] -- Searching for <gz-physics6> component [mesh]
[2.024s] -- Looking for gz-physics6-mesh -- found version 6.5.1
[2.025s] -- Searching for dependencies of gz-physics6-mesh
[2.025s] -- Looking for gz-common5 -- found version 5.4.2
[2.026s] -- Searching for <gz-physics6> component [sdf]
[2.031s] -- Looking for gz-physics6-sdf -- found version 6.5.1
[2.032s] -- Searching for dependencies of gz-physics6-sdf
[2.032s] -- Looking for sdformat13 -- found version 13.6.0
[2.038s] -- Looking for gz-sensors7 -- found version 7.3.0
[2.038s] -- Searching for dependencies of gz-sensors7
[2.062s] -- Looking for gz-math7 -- found version 7.3.0
[2.062s] -- Looking for gz-common5 -- found version 5.4.2
[2.063s] -- Looking for gz-transport12 -- found version 12.2.1
[2.064s] -- Looking for gz-rendering7 -- found version 7.4.2
[2.064s] -- Looking for gz-msgs9 -- found version 9.5.0
[2.065s] -- Looking for sdformat13 -- found version 13.6.0
[2.066s] -- Searching for <gz-sensors7> component [air_pressure]
[2.071s] -- Looking for gz-sensors7-air_pressure -- found version 7.3.0
[2.072s] -- Searching for dependencies of gz-sensors7-air_pressure
[2.072s] -- Searching for <gz-sensors7> component [air_speed]
[2.077s] -- Looking for gz-sensors7-air_speed -- found version 7.3.0
[2.078s] -- Searching for dependencies of gz-sensors7-air_speed
[2.079s] -- Searching for <gz-sensors7> component [altimeter]
[2.084s] -- Looking for gz-sensors7-altimeter -- found version 7.3.0
[2.084s] -- Searching for dependencies of gz-sensors7-altimeter
[2.085s] -- Searching for <gz-sensors7> component [imu]
[2.090s] -- Looking for gz-sensors7-imu -- found version 7.3.0
[2.091s] -- Searching for dependencies of gz-sensors7-imu
[2.092s] -- Searching for <gz-sensors7> component [force_torque]
[2.097s] -- Looking for gz-sensors7-force_torque -- found version 7.3.0
[2.097s] -- Searching for dependencies of gz-sensors7-force_torque
[2.098s] -- Searching for <gz-sensors7> component [logical_camera]
[2.103s] -- Looking for gz-sensors7-logical_camera -- found version 7.3.0
[2.104s] -- Searching for dependencies of gz-sensors7-logical_camera
[2.104s] -- Searching for <gz-sensors7> component [magnetometer]
[2.109s] -- Looking for gz-sensors7-magnetometer -- found version 7.3.0
[2.110s] -- Searching for dependencies of gz-sensors7-magnetometer
[2.111s] -- Searching for <gz-sensors7> component [navsat]
[2.116s] -- Looking for gz-sensors7-navsat -- found version 7.3.0
[2.117s] -- Searching for dependencies of gz-sensors7-navsat
[2.117s] -- Searching for <gz-sensors7> component [rendering]
[2.123s] -- Looking for gz-sensors7-rendering -- found version 7.3.0
[2.123s] -- Searching for dependencies of gz-sensors7-rendering
[2.124s] -- Searching for <gz-sensors7> component [lidar]
[2.129s] -- Looking for gz-sensors7-lidar -- found version 7.3.0
[2.130s] -- Searching for dependencies of gz-sensors7-lidar
[2.131s] -- Looking for gz-sensors7 -- found version 7.3.0
[2.131s] -- Searching for <gz-sensors7> component [gpu_lidar]
[2.136s] -- Looking for gz-sensors7-gpu_lidar -- found version 7.3.0
[2.137s] -- Searching for dependencies of gz-sensors7-gpu_lidar
[2.138s] -- Looking for gz-sensors7 -- found version 7.3.0
[2.139s] -- Searching for <gz-sensors7> component [camera]
[2.143s] -- Looking for gz-sensors7-camera -- found version 7.3.0
[2.144s] -- Searching for dependencies of gz-sensors7-camera
[2.145s] -- Looking for gz-sensors7 -- found version 7.3.0
[2.146s] -- Searching for <gz-sensors7> component [boundingbox_camera]
[2.151s] -- Looking for gz-sensors7-boundingbox_camera -- found version 7.3.0
[2.151s] -- Searching for dependencies of gz-sensors7-boundingbox_camera
[2.152s] -- Searching for <gz-sensors7> component [segmentation_camera]
[2.157s] -- Looking for gz-sensors7-segmentation_camera -- found version 7.3.0
[2.158s] -- Searching for dependencies of gz-sensors7-segmentation_camera
[2.159s] -- Searching for <gz-sensors7> component [depth_camera]
[2.163s] -- Looking for gz-sensors7-depth_camera -- found version 7.3.0
[2.164s] -- Searching for dependencies of gz-sensors7-depth_camera
[2.164s] -- Looking for gz-sensors7 -- found version 7.3.0
[2.165s] -- Searching for <gz-sensors7> component [rgbd_camera]
[2.170s] -- Looking for gz-sensors7-rgbd_camera -- found version 7.3.0
[2.170s] -- Searching for dependencies of gz-sensors7-rgbd_camera
[2.171s] -- Looking for gz-sensors7 -- found version 7.3.0
[2.171s] -- Searching for <gz-sensors7> component [thermal_camera]
[2.176s] -- Looking for gz-sensors7-thermal_camera -- found version 7.3.0
[2.177s] -- Searching for dependencies of gz-sensors7-thermal_camera
[2.177s] -- Looking for gz-sensors7 -- found version 7.3.0
[2.178s] -- Searching for <gz-sensors7> component [wide_angle_camera]
[2.183s] -- Looking for gz-sensors7-wide_angle_camera -- found version 7.3.0
[2.183s] -- Searching for dependencies of gz-sensors7-wide_angle_camera
[2.184s] -- Looking for gz-rendering7 -- found version 7.4.2
[2.185s] -- Looking for gz-math7 -- found version 7.3.0
[2.185s] -- Looking for gz-utils2 -- found version 2.1.0
[2.210s] -- Compiling against Gazebo Garden
[2.329s] -- Configuring done
[2.337s] -- Generating done
[2.340s] -- Build files have been written to: /home/jacobrod/worms_ws/build/ros_ign_gazebo
[2.360s] Invoked command in '/home/jacobrod/worms_ws/build/ros_ign_gazebo' returned '0': CMAKE_PREFIX_PATH=/home/jacobrod/worms_ws/install/ros_gz_sim:/home/jacobrod/worms_ws/src/install/worms_gazebo:/home/jacobrod/worms_ws/src/install/worms_description:/home/jacobrod/worms_ws/src/install/ros_gz_example_bringup:/home/jacobrod/worms_ws/src/install/ros_gz_example_gazebo:/home/jacobrod/worms_ws/src/install/ros_gz_example_description:/home/jacobrod/worms_ws/src/install/ros_gz_example_application:/home/jacobrod/worms_ws/src/install/core_bringup:/home/jacobrod/worms_ws/install/worms_gazebo:/home/jacobrod/worms_ws/install/worms_description:/home/jacobrod/worms_ws/install/ros_ign:/home/jacobrod/worms_ws/install/ros_ign_gazebo_demos:/home/jacobrod/worms_ws/install/ros_gz:/home/jacobrod/worms_ws/install/ros_gz_sim_demos:/home/jacobrod/worms_ws/install/sdformat_urdf:/home/jacobrod/worms_ws/install/sdformat_test_files:/home/jacobrod/worms_ws/install/ros_ign_interfaces:/home/jacobrod/worms_ws/install/ros_ign_image:/home/jacobrod/worms_ws/install/ros_ign_gazebo:/home/jacobrod/worms_ws/install/ros_ign_bridge:/home/jacobrod/worms_ws/install/ros_gz_image:/home/jacobrod/worms_ws/install/ros_gz_bridge:/home/jacobrod/worms_ws/install/ros_gz_interfaces:/home/jacobrod/worms_ws/install/ros_gz_example_bringup:/home/jacobrod/worms_ws/install/ros_gz_example_gazebo:/home/jacobrod/worms_ws/install/ros_gz_example_description:/home/jacobrod/worms_ws/install/ros_gz_example_application:/home/jacobrod/worms_ws/install/core_bringup:/home/jacobrod/AllSeaingVehicle2/install:/home/jacobrod/worms_ws/src/install/worms_mech:/home/jacobrod/worms_ws/install/worms_mech:/opt/ros/humble LD_LIBRARY_PATH=/home/jacobrod/worms_ws/install/ros_gz_sim/lib:/home/jacobrod/worms_ws/install/sdformat_urdf/lib:/home/jacobrod/worms_ws/install/ros_ign_interfaces/lib:/home/jacobrod/worms_ws/install/ros_gz_bridge/lib:/home/jacobrod/worms_ws/install/ros_gz_interfaces/lib:/home/jacobrod/AllSeaingVehicle2/install/lib:/opt/ros/humble/opt/rviz_ogre_vendor/lib:/opt/ros/humble/lib/x86_64-linux-gnu:/opt/ros/humble/lib /usr/bin/cmake /home/jacobrod/worms_ws/src/ros_gz/ros_ign_gazebo -DBUILD_TESTING=ON -DCMAKE_INSTALL_PREFIX=/home/jacobrod/worms_ws/install/ros_ign_gazebo
[2.361s] Invoking command in '/home/jacobrod/worms_ws/build/ros_ign_gazebo': CMAKE_PREFIX_PATH=/home/jacobrod/worms_ws/install/ros_gz_sim:/home/jacobrod/worms_ws/src/install/worms_gazebo:/home/jacobrod/worms_ws/src/install/worms_description:/home/jacobrod/worms_ws/src/install/ros_gz_example_bringup:/home/jacobrod/worms_ws/src/install/ros_gz_example_gazebo:/home/jacobrod/worms_ws/src/install/ros_gz_example_description:/home/jacobrod/worms_ws/src/install/ros_gz_example_application:/home/jacobrod/worms_ws/src/install/core_bringup:/home/jacobrod/worms_ws/install/worms_gazebo:/home/jacobrod/worms_ws/install/worms_description:/home/jacobrod/worms_ws/install/ros_ign:/home/jacobrod/worms_ws/install/ros_ign_gazebo_demos:/home/jacobrod/worms_ws/install/ros_gz:/home/jacobrod/worms_ws/install/ros_gz_sim_demos:/home/jacobrod/worms_ws/install/sdformat_urdf:/home/jacobrod/worms_ws/install/sdformat_test_files:/home/jacobrod/worms_ws/install/ros_ign_interfaces:/home/jacobrod/worms_ws/install/ros_ign_image:/home/jacobrod/worms_ws/install/ros_ign_gazebo:/home/jacobrod/worms_ws/install/ros_ign_bridge:/home/jacobrod/worms_ws/install/ros_gz_image:/home/jacobrod/worms_ws/install/ros_gz_bridge:/home/jacobrod/worms_ws/install/ros_gz_interfaces:/home/jacobrod/worms_ws/install/ros_gz_example_bringup:/home/jacobrod/worms_ws/install/ros_gz_example_gazebo:/home/jacobrod/worms_ws/install/ros_gz_example_description:/home/jacobrod/worms_ws/install/ros_gz_example_application:/home/jacobrod/worms_ws/install/core_bringup:/home/jacobrod/AllSeaingVehicle2/install:/home/jacobrod/worms_ws/src/install/worms_mech:/home/jacobrod/worms_ws/install/worms_mech:/opt/ros/humble LD_LIBRARY_PATH=/home/jacobrod/worms_ws/install/ros_gz_sim/lib:/home/jacobrod/worms_ws/install/sdformat_urdf/lib:/home/jacobrod/worms_ws/install/ros_ign_interfaces/lib:/home/jacobrod/worms_ws/install/ros_gz_bridge/lib:/home/jacobrod/worms_ws/install/ros_gz_interfaces/lib:/home/jacobrod/AllSeaingVehicle2/install/lib:/opt/ros/humble/opt/rviz_ogre_vendor/lib:/opt/ros/humble/lib/x86_64-linux-gnu:/opt/ros/humble/lib /usr/bin/cmake --build /home/jacobrod/worms_ws/build/ros_ign_gazebo -- -j8 -l8
[2.544s] [ 50%] [32mBuilding CXX object CMakeFiles/create.dir/src/create_shim.cpp.o[0m
[2.962s] [100%] [32m[1mLinking CXX executable create[0m
[3.051s] [100%] Built target create
[3.065s] Invoked command in '/home/jacobrod/worms_ws/build/ros_ign_gazebo' returned '0': CMAKE_PREFIX_PATH=/home/jacobrod/worms_ws/install/ros_gz_sim:/home/jacobrod/worms_ws/src/install/worms_gazebo:/home/jacobrod/worms_ws/src/install/worms_description:/home/jacobrod/worms_ws/src/install/ros_gz_example_bringup:/home/jacobrod/worms_ws/src/install/ros_gz_example_gazebo:/home/jacobrod/worms_ws/src/install/ros_gz_example_description:/home/jacobrod/worms_ws/src/install/ros_gz_example_application:/home/jacobrod/worms_ws/src/install/core_bringup:/home/jacobrod/worms_ws/install/worms_gazebo:/home/jacobrod/worms_ws/install/worms_description:/home/jacobrod/worms_ws/install/ros_ign:/home/jacobrod/worms_ws/install/ros_ign_gazebo_demos:/home/jacobrod/worms_ws/install/ros_gz:/home/jacobrod/worms_ws/install/ros_gz_sim_demos:/home/jacobrod/worms_ws/install/sdformat_urdf:/home/jacobrod/worms_ws/install/sdformat_test_files:/home/jacobrod/worms_ws/install/ros_ign_interfaces:/home/jacobrod/worms_ws/install/ros_ign_image:/home/jacobrod/worms_ws/install/ros_ign_gazebo:/home/jacobrod/worms_ws/install/ros_ign_bridge:/home/jacobrod/worms_ws/install/ros_gz_image:/home/jacobrod/worms_ws/install/ros_gz_bridge:/home/jacobrod/worms_ws/install/ros_gz_interfaces:/home/jacobrod/worms_ws/install/ros_gz_example_bringup:/home/jacobrod/worms_ws/install/ros_gz_example_gazebo:/home/jacobrod/worms_ws/install/ros_gz_example_description:/home/jacobrod/worms_ws/install/ros_gz_example_application:/home/jacobrod/worms_ws/install/core_bringup:/home/jacobrod/AllSeaingVehicle2/install:/home/jacobrod/worms_ws/src/install/worms_mech:/home/jacobrod/worms_ws/install/worms_mech:/opt/ros/humble LD_LIBRARY_PATH=/home/jacobrod/worms_ws/install/ros_gz_sim/lib:/home/jacobrod/worms_ws/install/sdformat_urdf/lib:/home/jacobrod/worms_ws/install/ros_ign_interfaces/lib:/home/jacobrod/worms_ws/install/ros_gz_bridge/lib:/home/jacobrod/worms_ws/install/ros_gz_interfaces/lib:/home/jacobrod/AllSeaingVehicle2/install/lib:/opt/ros/humble/opt/rviz_ogre_vendor/lib:/opt/ros/humble/lib/x86_64-linux-gnu:/opt/ros/humble/lib /usr/bin/cmake --build /home/jacobrod/worms_ws/build/ros_ign_gazebo -- -j8 -l8
[3.099s] Invoking command in '/home/jacobrod/worms_ws/build/ros_ign_gazebo': CMAKE_PREFIX_PATH=/home/jacobrod/worms_ws/install/ros_gz_sim:/home/jacobrod/worms_ws/src/install/worms_gazebo:/home/jacobrod/worms_ws/src/install/worms_description:/home/jacobrod/worms_ws/src/install/ros_gz_example_bringup:/home/jacobrod/worms_ws/src/install/ros_gz_example_gazebo:/home/jacobrod/worms_ws/src/install/ros_gz_example_description:/home/jacobrod/worms_ws/src/install/ros_gz_example_application:/home/jacobrod/worms_ws/src/install/core_bringup:/home/jacobrod/worms_ws/install/worms_gazebo:/home/jacobrod/worms_ws/install/worms_description:/home/jacobrod/worms_ws/install/ros_ign:/home/jacobrod/worms_ws/install/ros_ign_gazebo_demos:/home/jacobrod/worms_ws/install/ros_gz:/home/jacobrod/worms_ws/install/ros_gz_sim_demos:/home/jacobrod/worms_ws/install/sdformat_urdf:/home/jacobrod/worms_ws/install/sdformat_test_files:/home/jacobrod/worms_ws/install/ros_ign_interfaces:/home/jacobrod/worms_ws/install/ros_ign_image:/home/jacobrod/worms_ws/install/ros_ign_gazebo:/home/jacobrod/worms_ws/install/ros_ign_bridge:/home/jacobrod/worms_ws/install/ros_gz_image:/home/jacobrod/worms_ws/install/ros_gz_bridge:/home/jacobrod/worms_ws/install/ros_gz_interfaces:/home/jacobrod/worms_ws/install/ros_gz_example_bringup:/home/jacobrod/worms_ws/install/ros_gz_example_gazebo:/home/jacobrod/worms_ws/install/ros_gz_example_description:/home/jacobrod/worms_ws/install/ros_gz_example_application:/home/jacobrod/worms_ws/install/core_bringup:/home/jacobrod/AllSeaingVehicle2/install:/home/jacobrod/worms_ws/src/install/worms_mech:/home/jacobrod/worms_ws/install/worms_mech:/opt/ros/humble LD_LIBRARY_PATH=/home/jacobrod/worms_ws/install/ros_gz_sim/lib:/home/jacobrod/worms_ws/install/sdformat_urdf/lib:/home/jacobrod/worms_ws/install/ros_ign_interfaces/lib:/home/jacobrod/worms_ws/install/ros_gz_bridge/lib:/home/jacobrod/worms_ws/install/ros_gz_interfaces/lib:/home/jacobrod/AllSeaingVehicle2/install/lib:/opt/ros/humble/opt/rviz_ogre_vendor/lib:/opt/ros/humble/lib/x86_64-linux-gnu:/opt/ros/humble/lib /usr/bin/cmake --install /home/jacobrod/worms_ws/build/ros_ign_gazebo
[3.107s] -- Install configuration: ""
[3.107s] -- Installing: /home/jacobrod/worms_ws/install/ros_ign_gazebo/share/ros_ign_gazebo/launch/ign_gazebo.launch.py
[3.107s] -- Installing: /home/jacobrod/worms_ws/install/ros_ign_gazebo/lib/ros_ign_gazebo/create
[3.108s] -- Set runtime path of "/home/jacobrod/worms_ws/install/ros_ign_gazebo/lib/ros_ign_gazebo/create" to ""
[3.108s] -- Installing: /home/jacobrod/worms_ws/install/ros_ign_gazebo/share/ament_index/resource_index/package_run_dependencies/ros_ign_gazebo
[3.108s] -- Installing: /home/jacobrod/worms_ws/install/ros_ign_gazebo/share/ament_index/resource_index/parent_prefix_path/ros_ign_gazebo
[3.108s] -- Installing: /home/jacobrod/worms_ws/install/ros_ign_gazebo/share/ros_ign_gazebo/environment/ament_prefix_path.sh
[3.108s] -- Installing: /home/jacobrod/worms_ws/install/ros_ign_gazebo/share/ros_ign_gazebo/environment/ament_prefix_path.dsv
[3.109s] -- Installing: /home/jacobrod/worms_ws/install/ros_ign_gazebo/share/ros_ign_gazebo/environment/path.sh
[3.109s] -- Installing: /home/jacobrod/worms_ws/install/ros_ign_gazebo/share/ros_ign_gazebo/environment/path.dsv
[3.109s] -- Installing: /home/jacobrod/worms_ws/install/ros_ign_gazebo/share/ros_ign_gazebo/local_setup.bash
[3.109s] -- Installing: /home/jacobrod/worms_ws/install/ros_ign_gazebo/share/ros_ign_gazebo/local_setup.sh
[3.110s] -- Installing: /home/jacobrod/worms_ws/install/ros_ign_gazebo/share/ros_ign_gazebo/local_setup.zsh
[3.110s] -- Installing: /home/jacobrod/worms_ws/install/ros_ign_gazebo/share/ros_ign_gazebo/local_setup.dsv
[3.110s] -- Installing: /home/jacobrod/worms_ws/install/ros_ign_gazebo/share/ros_ign_gazebo/package.dsv
[3.110s] -- Installing: /home/jacobrod/worms_ws/install/ros_ign_gazebo/share/ament_index/resource_index/packages/ros_ign_gazebo
[3.110s] -- Installing: /home/jacobrod/worms_ws/install/ros_ign_gazebo/share/ros_ign_gazebo/cmake/ament_cmake_export_dependencies-extras.cmake
[3.111s] -- Installing: /home/jacobrod/worms_ws/install/ros_ign_gazebo/share/ros_ign_gazebo/cmake/ros_ign_gazeboConfig.cmake
[3.111s] -- Installing: /home/jacobrod/worms_ws/install/ros_ign_gazebo/share/ros_ign_gazebo/cmake/ros_ign_gazeboConfig-version.cmake
[3.111s] -- Installing: /home/jacobrod/worms_ws/install/ros_ign_gazebo/share/ros_ign_gazebo/package.xml
[3.114s] Invoked command in '/home/jacobrod/worms_ws/build/ros_ign_gazebo' returned '0': CMAKE_PREFIX_PATH=/home/jacobrod/worms_ws/install/ros_gz_sim:/home/jacobrod/worms_ws/src/install/worms_gazebo:/home/jacobrod/worms_ws/src/install/worms_description:/home/jacobrod/worms_ws/src/install/ros_gz_example_bringup:/home/jacobrod/worms_ws/src/install/ros_gz_example_gazebo:/home/jacobrod/worms_ws/src/install/ros_gz_example_description:/home/jacobrod/worms_ws/src/install/ros_gz_example_application:/home/jacobrod/worms_ws/src/install/core_bringup:/home/jacobrod/worms_ws/install/worms_gazebo:/home/jacobrod/worms_ws/install/worms_description:/home/jacobrod/worms_ws/install/ros_ign:/home/jacobrod/worms_ws/install/ros_ign_gazebo_demos:/home/jacobrod/worms_ws/install/ros_gz:/home/jacobrod/worms_ws/install/ros_gz_sim_demos:/home/jacobrod/worms_ws/install/sdformat_urdf:/home/jacobrod/worms_ws/install/sdformat_test_files:/home/jacobrod/worms_ws/install/ros_ign_interfaces:/home/jacobrod/worms_ws/install/ros_ign_image:/home/jacobrod/worms_ws/install/ros_ign_gazebo:/home/jacobrod/worms_ws/install/ros_ign_bridge:/home/jacobrod/worms_ws/install/ros_gz_image:/home/jacobrod/worms_ws/install/ros_gz_bridge:/home/jacobrod/worms_ws/install/ros_gz_interfaces:/home/jacobrod/worms_ws/install/ros_gz_example_bringup:/home/jacobrod/worms_ws/install/ros_gz_example_gazebo:/home/jacobrod/worms_ws/install/ros_gz_example_description:/home/jacobrod/worms_ws/install/ros_gz_example_application:/home/jacobrod/worms_ws/install/core_bringup:/home/jacobrod/AllSeaingVehicle2/install:/home/jacobrod/worms_ws/src/install/worms_mech:/home/jacobrod/worms_ws/install/worms_mech:/opt/ros/humble LD_LIBRARY_PATH=/home/jacobrod/worms_ws/install/ros_gz_sim/lib:/home/jacobrod/worms_ws/install/sdformat_urdf/lib:/home/jacobrod/worms_ws/install/ros_ign_interfaces/lib:/home/jacobrod/worms_ws/install/ros_gz_bridge/lib:/home/jacobrod/worms_ws/install/ros_gz_interfaces/lib:/home/jacobrod/AllSeaingVehicle2/install/lib:/opt/ros/humble/opt/rviz_ogre_vendor/lib:/opt/ros/humble/lib/x86_64-linux-gnu:/opt/ros/humble/lib /usr/bin/cmake --install /home/jacobrod/worms_ws/build/ros_ign_gazebo
