[0.529s] Invoking command in '/home/oligo/worms_mech_ws/src/joystick_ros2': PYTHONPATH=/home/oligo/worms_mech_ws/build/joystick_ros2/prefix_override:/home/oligo/worms_mech_ws/install/joystick_ros2/lib/python3.10/site-packages:${PYTHONPATH} /usr/bin/python3 setup.py egg_info --egg-base ../../build/joystick_ros2 build --build-base /home/oligo/worms_mech_ws/build/joystick_ros2/build install --record /home/oligo/worms_mech_ws/build/joystick_ros2/install.log --install-scripts $base/lib/joystick_ros2 --single-version-externally-managed
[0.636s] /usr/lib/python3/dist-packages/setuptools/dist.py:723: UserWarning: Usage of dash-separated 'script-dir' will not be supported in future versions. Please use the underscore name 'script_dir' instead
[0.636s]   warnings.warn(
[0.640s] running egg_info
[0.640s] writing ../../build/joystick_ros2/joystick_ros2.egg-info/PKG-INFO
[0.640s] writing dependency_links to ../../build/joystick_ros2/joystick_ros2.egg-info/dependency_links.txt
[0.640s] writing entry points to ../../build/joystick_ros2/joystick_ros2.egg-info/entry_points.txt
[0.640s] writing requirements to ../../build/joystick_ros2/joystick_ros2.egg-info/requires.txt
[0.640s] writing top-level names to ../../build/joystick_ros2/joystick_ros2.egg-info/top_level.txt
[0.641s] reading manifest file '../../build/joystick_ros2/joystick_ros2.egg-info/SOURCES.txt'
[0.641s] adding license file 'LICENSE'
[0.641s] writing manifest file '../../build/joystick_ros2/joystick_ros2.egg-info/SOURCES.txt'
[0.641s] running build
[0.641s] running build_py
[0.642s] /usr/lib/python3/dist-packages/setuptools/command/install.py:34: SetuptoolsDeprecationWarning: setup.py install is deprecated. Use build and pip and other standards-based tools.
[0.642s]   warnings.warn(
[0.642s] running install
[0.642s] running install_lib
[0.642s] running install_data
[0.642s] running install_egg_info
[0.643s] removing '/home/oligo/worms_mech_ws/install/joystick_ros2/lib/python3.10/site-packages/joystick_ros2-0.0.1-py3.10.egg-info' (and everything under it)
[0.644s] Copying ../../build/joystick_ros2/joystick_ros2.egg-info to /home/oligo/worms_mech_ws/install/joystick_ros2/lib/python3.10/site-packages/joystick_ros2-0.0.1-py3.10.egg-info
[0.644s] running install_scripts
[0.656s] Installing joystick_ros2 script to /home/oligo/worms_mech_ws/install/joystick_ros2/lib/joystick_ros2
[0.656s] writing list of installed files to '/home/oligo/worms_mech_ws/build/joystick_ros2/install.log'
[0.670s] Invoked command in '/home/oligo/worms_mech_ws/src/joystick_ros2' returned '0': PYTHONPATH=/home/oligo/worms_mech_ws/build/joystick_ros2/prefix_override:/home/oligo/worms_mech_ws/install/joystick_ros2/lib/python3.10/site-packages:${PYTHONPATH} /usr/bin/python3 setup.py egg_info --egg-base ../../build/joystick_ros2 build --build-base /home/oligo/worms_mech_ws/build/joystick_ros2/build install --record /home/oligo/worms_mech_ws/build/joystick_ros2/install.log --install-scripts $base/lib/joystick_ros2 --single-version-externally-managed
