[0.106s] Invoking command in '/home/jacobrod/worms_ws/build/ros_gz_example_application': /usr/bin/cmake /home/jacobrod/worms_ws/src/worms_gazebo_sim/worms_application -DCMAKE_INSTALL_PREFIX=/home/jacobrod/worms_ws/install/ros_gz_example_application
[0.186s] -- Found ament_cmake: 1.3.5 (/opt/ros/humble/share/ament_cmake/cmake)
[0.413s] Traceback (most recent call last):
[0.413s]   File "/opt/ros/humble/share/ament_cmake_core/cmake/package_templates/templates_2_cmake.py", line 21, in <module>
[0.414s]     from ament_package.templates import get_environment_hook_template_path
[0.414s] ModuleNotFoundError: No module named 'ament_package'
[0.442s] -- Configuring incomplete, errors occurred!
[0.442s] See also "/home/jacobrod/worms_ws/build/ros_gz_example_application/CMakeFiles/CMakeOutput.log".
[0.443s] [31mCMake Error at /opt/ros/humble/share/ament_cmake_core/cmake/ament_cmake_package_templates-extras.cmake:41 (message):
[0.443s]   execute_process(/usr/bin/python3.10
[0.449s]   /opt/ros/humble/share/ament_cmake_core/cmake/package_templates/templates_2_cmake.py
[0.449s]   /home/jacobrod/worms_ws/build/ros_gz_example_application/ament_cmake_package_templates/templates.cmake)
[0.449s]   returned error code 1
[0.449s] Call Stack (most recent call first):
[0.449s]   /opt/ros/humble/share/ament_cmake_core/cmake/ament_cmake_coreConfig.cmake:41 (include)
[0.449s]   /opt/ros/humble/share/ament_cmake/cmake/ament_cmake_export_dependencies-extras.cmake:15 (find_package)
[0.450s]   /opt/ros/humble/share/ament_cmake/cmake/ament_cmakeConfig.cmake:41 (include)
[0.450s]   CMakeLists.txt:5 (find_package)
[0.450s] 
[0.451s] [0m
[0.468s] Invoked command in '/home/jacobrod/worms_ws/build/ros_gz_example_application' returned '1': /usr/bin/cmake /home/jacobrod/worms_ws/src/worms_gazebo_sim/worms_application -DCMAKE_INSTALL_PREFIX=/home/jacobrod/worms_ws/install/ros_gz_example_application
