[0.759s] Invoking command in '/home/jacobrod/worms_mech_ws/src/worms_mech': PYTHONPATH=/home/jacobrod/worms_mech_ws/build/worms_mech/prefix_override:/home/jacobrod/worms_mech_ws/install/worms_mech/lib/python3.10/site-packages:${PYTHONPATH} /usr/bin/python3 setup.py egg_info --egg-base ../../build/worms_mech build --build-base /home/jacobrod/worms_mech_ws/build/worms_mech/build install --record /home/jacobrod/worms_mech_ws/build/worms_mech/install.log --single-version-externally-managed
[1.002s] running egg_info
[1.003s] writing ../../build/worms_mech/worms_mech.egg-info/PKG-INFO
[1.003s] writing dependency_links to ../../build/worms_mech/worms_mech.egg-info/dependency_links.txt
[1.003s] writing entry points to ../../build/worms_mech/worms_mech.egg-info/entry_points.txt
[1.004s] writing requirements to ../../build/worms_mech/worms_mech.egg-info/requires.txt
[1.004s] writing top-level names to ../../build/worms_mech/worms_mech.egg-info/top_level.txt
[1.005s] reading manifest file '../../build/worms_mech/worms_mech.egg-info/SOURCES.txt'
[1.006s] writing manifest file '../../build/worms_mech/worms_mech.egg-info/SOURCES.txt'
[1.007s] running build
[1.007s] running build_py
[1.007s] copying worms_mech/hardware_interface.py -> /home/jacobrod/worms_mech_ws/build/worms_mech/build/lib/worms_mech
[1.008s] running install
[1.008s] /usr/lib/python3/dist-packages/setuptools/command/install.py:34: SetuptoolsDeprecationWarning: setup.py install is deprecated. Use build and pip and other standards-based tools.
[1.008s]   warnings.warn(
[1.008s] running install_lib
[1.009s] copying /home/jacobrod/worms_mech_ws/build/worms_mech/build/lib/worms_mech/hardware_interface.py -> /home/jacobrod/worms_mech_ws/install/worms_mech/lib/python3.10/site-packages/worms_mech
[1.010s] byte-compiling /home/jacobrod/worms_mech_ws/install/worms_mech/lib/python3.10/site-packages/worms_mech/hardware_interface.py to hardware_interface.cpython-310.pyc
[1.011s] running install_data
[1.011s] running install_egg_info
[1.014s] removing '/home/jacobrod/worms_mech_ws/install/worms_mech/lib/python3.10/site-packages/worms_mech-0.0.0-py3.10.egg-info' (and everything under it)
[1.014s] Copying ../../build/worms_mech/worms_mech.egg-info to /home/jacobrod/worms_mech_ws/install/worms_mech/lib/python3.10/site-packages/worms_mech-0.0.0-py3.10.egg-info
[1.015s] running install_scripts
[1.035s] Installing hardware_interface script to /home/jacobrod/worms_mech_ws/install/worms_mech/lib/worms_mech
[1.036s] Installing joint_command_publisher script to /home/jacobrod/worms_mech_ws/install/worms_mech/lib/worms_mech
[1.036s] Installing joystick_control script to /home/jacobrod/worms_mech_ws/install/worms_mech/lib/worms_mech
[1.036s] Installing testbed_interface script to /home/jacobrod/worms_mech_ws/install/worms_mech/lib/worms_mech
[1.036s] writing list of installed files to '/home/jacobrod/worms_mech_ws/build/worms_mech/install.log'
[1.060s] Invoked command in '/home/jacobrod/worms_mech_ws/src/worms_mech' returned '0': PYTHONPATH=/home/jacobrod/worms_mech_ws/build/worms_mech/prefix_override:/home/jacobrod/worms_mech_ws/install/worms_mech/lib/python3.10/site-packages:${PYTHONPATH} /usr/bin/python3 setup.py egg_info --egg-base ../../build/worms_mech build --build-base /home/jacobrod/worms_mech_ws/build/worms_mech/build install --record /home/jacobrod/worms_mech_ws/build/worms_mech/install.log --single-version-externally-managed
