[3.745s] DEBUG:colcon:Command line arguments: ['/usr/bin/colcon', 'build']
[3.745s] DEBUG:colcon:Parsed command line arguments: Namespace(log_base=None, log_level=None, verb_name='build', build_base='build', install_base='install', merge_install=False, symlink_install=False, test_result_base=None, continue_on_error=False, executor='parallel', parallel_workers=4, event_handlers=None, ignore_user_meta=False, metas=['./colcon.meta'], base_paths=['.'], packages_ignore=None, packages_ignore_regex=None, paths=None, packages_up_to=None, packages_up_to_regex=None, packages_above=None, packages_above_and_dependencies=None, packages_above_depth=None, packages_select_by_dep=None, packages_skip_by_dep=None, packages_skip_up_to=None, packages_select_build_failed=False, packages_skip_build_finished=False, packages_select_test_failures=False, packages_skip_test_passed=False, packages_select=None, packages_skip=None, packages_select_regex=None, packages_skip_regex=None, packages_start=None, packages_end=None, allow_overriding=[], cmake_args=None, cmake_target=None, cmake_target_skip_unavailable=False, cmake_clean_cache=False, cmake_clean_first=False, cmake_force_configure=False, ament_cmake_args=None, catkin_cmake_args=None, catkin_skip_building_tests=False, verb_parser=<colcon_defaults.argument_parser.defaults.DefaultArgumentsDecorator object at 0xffffb86ecc10>, verb_extension=<colcon_core.verb.build.BuildVerb object at 0xffffb89d6b30>, main=<bound method BuildVerb.main of <colcon_core.verb.build.BuildVerb object at 0xffffb89d6b30>>)
[3.926s] Level 1:colcon.colcon_core.package_discovery:discover_packages(colcon_meta) check parameters
[3.927s] Level 1:colcon.colcon_core.package_discovery:discover_packages(recursive) check parameters
[3.927s] Level 1:colcon.colcon_core.package_discovery:discover_packages(ignore) check parameters
[3.927s] Level 1:colcon.colcon_core.package_discovery:discover_packages(path) check parameters
[3.927s] Level 1:colcon.colcon_core.package_discovery:discover_packages(colcon_meta) discover
[3.927s] Level 1:colcon.colcon_core.package_discovery:discover_packages(recursive) discover
[3.927s] INFO:colcon.colcon_core.package_discovery:Crawling recursively for packages in '/home/worm3/worms_mech_ws'
[3.928s] Level 1:colcon.colcon_core.package_identification:_identify(.) by extensions ['ignore', 'ignore_ament_install']
[3.928s] Level 1:colcon.colcon_core.package_identification:_identify(.) by extension 'ignore'
[3.929s] Level 1:colcon.colcon_core.package_identification:_identify(.) by extension 'ignore_ament_install'
[3.929s] Level 1:colcon.colcon_core.package_identification:_identify(.) by extensions ['colcon_pkg']
[3.929s] Level 1:colcon.colcon_core.package_identification:_identify(.) by extension 'colcon_pkg'
[3.929s] Level 1:colcon.colcon_core.package_identification:_identify(.) by extensions ['colcon_meta']
[3.929s] Level 1:colcon.colcon_core.package_identification:_identify(.) by extension 'colcon_meta'
[3.929s] Level 1:colcon.colcon_core.package_identification:_identify(.) by extensions ['ros']
[3.930s] Level 1:colcon.colcon_core.package_identification:_identify(.) by extension 'ros'
[3.976s] Level 1:colcon.colcon_core.package_identification:_identify(.) by extensions ['cmake', 'python']
[3.977s] Level 1:colcon.colcon_core.package_identification:_identify(.) by extension 'cmake'
[3.977s] Level 1:colcon.colcon_core.package_identification:_identify(.) by extension 'python'
[3.977s] Level 1:colcon.colcon_core.package_identification:_identify(.) by extensions ['python_setup_py']
[3.977s] Level 1:colcon.colcon_core.package_identification:_identify(.) by extension 'python_setup_py'
[3.978s] Level 1:colcon.colcon_core.package_identification:_identify(build) by extensions ['ignore', 'ignore_ament_install']
[3.978s] Level 1:colcon.colcon_core.package_identification:_identify(build) by extension 'ignore'
[3.978s] Level 1:colcon.colcon_core.package_identification:_identify(build) ignored
[3.979s] Level 1:colcon.colcon_core.package_identification:_identify(install) by extensions ['ignore', 'ignore_ament_install']
[3.979s] Level 1:colcon.colcon_core.package_identification:_identify(install) by extension 'ignore'
[3.979s] Level 1:colcon.colcon_core.package_identification:_identify(install) ignored
[3.981s] Level 1:colcon.colcon_core.package_identification:_identify(log) by extensions ['ignore', 'ignore_ament_install']
[3.982s] Level 1:colcon.colcon_core.package_identification:_identify(log) by extension 'ignore'
[3.982s] Level 1:colcon.colcon_core.package_identification:_identify(log) ignored
[3.982s] Level 1:colcon.colcon_core.package_identification:_identify(src) by extensions ['ignore', 'ignore_ament_install']
[3.982s] Level 1:colcon.colcon_core.package_identification:_identify(src) by extension 'ignore'
[3.983s] Level 1:colcon.colcon_core.package_identification:_identify(src) by extension 'ignore_ament_install'
[3.983s] Level 1:colcon.colcon_core.package_identification:_identify(src) by extensions ['colcon_pkg']
[3.983s] Level 1:colcon.colcon_core.package_identification:_identify(src) by extension 'colcon_pkg'
[3.983s] Level 1:colcon.colcon_core.package_identification:_identify(src) by extensions ['colcon_meta']
[3.983s] Level 1:colcon.colcon_core.package_identification:_identify(src) by extension 'colcon_meta'
[3.983s] Level 1:colcon.colcon_core.package_identification:_identify(src) by extensions ['ros']
[3.984s] Level 1:colcon.colcon_core.package_identification:_identify(src) by extension 'ros'
[3.984s] Level 1:colcon.colcon_core.package_identification:_identify(src) by extensions ['cmake', 'python']
[3.984s] Level 1:colcon.colcon_core.package_identification:_identify(src) by extension 'cmake'
[3.984s] Level 1:colcon.colcon_core.package_identification:_identify(src) by extension 'python'
[3.984s] Level 1:colcon.colcon_core.package_identification:_identify(src) by extensions ['python_setup_py']
[3.984s] Level 1:colcon.colcon_core.package_identification:_identify(src) by extension 'python_setup_py'
[3.985s] Level 1:colcon.colcon_core.package_identification:_identify(src/launch) by extensions ['ignore', 'ignore_ament_install']
[3.985s] Level 1:colcon.colcon_core.package_identification:_identify(src/launch) by extension 'ignore'
[3.985s] Level 1:colcon.colcon_core.package_identification:_identify(src/launch) by extension 'ignore_ament_install'
[3.985s] Level 1:colcon.colcon_core.package_identification:_identify(src/launch) by extensions ['colcon_pkg']
[3.986s] Level 1:colcon.colcon_core.package_identification:_identify(src/launch) by extension 'colcon_pkg'
[3.986s] Level 1:colcon.colcon_core.package_identification:_identify(src/launch) by extensions ['colcon_meta']
[3.986s] Level 1:colcon.colcon_core.package_identification:_identify(src/launch) by extension 'colcon_meta'
[3.986s] Level 1:colcon.colcon_core.package_identification:_identify(src/launch) by extensions ['ros']
[3.986s] Level 1:colcon.colcon_core.package_identification:_identify(src/launch) by extension 'ros'
[3.986s] Level 1:colcon.colcon_core.package_identification:_identify(src/launch) by extensions ['cmake', 'python']
[3.987s] Level 1:colcon.colcon_core.package_identification:_identify(src/launch) by extension 'cmake'
[3.987s] Level 1:colcon.colcon_core.package_identification:_identify(src/launch) by extension 'python'
[3.987s] Level 1:colcon.colcon_core.package_identification:_identify(src/launch) by extensions ['python_setup_py']
[3.987s] Level 1:colcon.colcon_core.package_identification:_identify(src/launch) by extension 'python_setup_py'
[3.988s] Level 1:colcon.colcon_core.package_identification:_identify(src/worms_mech) by extensions ['ignore', 'ignore_ament_install']
[3.988s] Level 1:colcon.colcon_core.package_identification:_identify(src/worms_mech) by extension 'ignore'
[3.988s] Level 1:colcon.colcon_core.package_identification:_identify(src/worms_mech) by extension 'ignore_ament_install'
[3.988s] Level 1:colcon.colcon_core.package_identification:_identify(src/worms_mech) by extensions ['colcon_pkg']
[3.988s] Level 1:colcon.colcon_core.package_identification:_identify(src/worms_mech) by extension 'colcon_pkg'
[3.988s] Level 1:colcon.colcon_core.package_identification:_identify(src/worms_mech) by extensions ['colcon_meta']
[3.989s] Level 1:colcon.colcon_core.package_identification:_identify(src/worms_mech) by extension 'colcon_meta'
[3.989s] Level 1:colcon.colcon_core.package_identification:_identify(src/worms_mech) by extensions ['ros']
[3.989s] Level 1:colcon.colcon_core.package_identification:_identify(src/worms_mech) by extension 'ros'
[3.999s] DEBUG:colcon.colcon_core.package_identification:Found ROS schema reference in package manifest in 'src/worms_mech'
[3.999s] WARNING:colcon.colcon_core.package_identification:Failed to parse ROS package manifest in 'src/worms_mech': Error(s) in package 'src/worms_mech/package.xml':
The package "worms_mech" must not "exec_depend" on a package with the same name as this package
[3.999s] Level 1:colcon.colcon_core.package_identification:_identify(src/worms_mech) by extensions ['cmake', 'python']
[4.000s] Level 1:colcon.colcon_core.package_identification:_identify(src/worms_mech) by extension 'cmake'
[4.000s] Level 1:colcon.colcon_core.package_identification:_identify(src/worms_mech) by extension 'python'
[4.000s] DEBUG:colcon.colcon_core.package_identification:Python package in 'src/worms_mech' passes arguments to the setup() function which requires a different identification extension than 'python'
[4.000s] Level 1:colcon.colcon_core.package_identification:_identify(src/worms_mech) by extensions ['python_setup_py']
[4.000s] Level 1:colcon.colcon_core.package_identification:_identify(src/worms_mech) by extension 'python_setup_py'
[4.993s] DEBUG:colcon.colcon_core.package_identification:Package 'src/worms_mech' with type 'python' and name 'worms_mech'
[4.993s] Level 1:colcon.colcon_core.package_discovery:discover_packages(recursive) using defaults
[4.994s] Level 1:colcon.colcon_core.package_discovery:discover_packages(ignore) discover
[4.994s] Level 1:colcon.colcon_core.package_discovery:discover_packages(ignore) using defaults
[4.994s] Level 1:colcon.colcon_core.package_discovery:discover_packages(path) discover
[4.994s] Level 1:colcon.colcon_core.package_discovery:discover_packages(path) using defaults
[5.332s] Level 1:colcon.colcon_core.package_discovery:discover_packages(prefix_path) check parameters
[5.332s] Level 1:colcon.colcon_core.package_discovery:discover_packages(prefix_path) discover
[5.445s] DEBUG:colcon.colcon_installed_package_information.package_discovery:Found 1 installed packages in /home/worm3/worms_mech_ws/install
[5.502s] DEBUG:colcon.colcon_installed_package_information.package_discovery:Found 180 installed packages in /opt/ros/humble
[5.506s] Level 1:colcon.colcon_core.package_discovery:discover_packages(prefix_path) using defaults
[5.779s] Level 5:colcon.colcon_core.verb:set package 'worms_mech' build argument 'cmake_args' from command line to 'None'
[5.779s] Level 5:colcon.colcon_core.verb:set package 'worms_mech' build argument 'cmake_target' from command line to 'None'
[5.781s] Level 5:colcon.colcon_core.verb:set package 'worms_mech' build argument 'cmake_target_skip_unavailable' from command line to 'False'
[5.782s] Level 5:colcon.colcon_core.verb:set package 'worms_mech' build argument 'cmake_clean_cache' from command line to 'False'
[5.782s] Level 5:colcon.colcon_core.verb:set package 'worms_mech' build argument 'cmake_clean_first' from command line to 'False'
[5.782s] Level 5:colcon.colcon_core.verb:set package 'worms_mech' build argument 'cmake_force_configure' from command line to 'False'
[5.782s] Level 5:colcon.colcon_core.verb:set package 'worms_mech' build argument 'ament_cmake_args' from command line to 'None'
[5.782s] Level 5:colcon.colcon_core.verb:set package 'worms_mech' build argument 'catkin_cmake_args' from command line to 'None'
[5.782s] Level 5:colcon.colcon_core.verb:set package 'worms_mech' build argument 'catkin_skip_building_tests' from command line to 'False'
[5.782s] DEBUG:colcon.colcon_core.verb:Building package 'worms_mech' with the following arguments: {'ament_cmake_args': None, 'build_base': '/home/worm3/worms_mech_ws/build/worms_mech', 'catkin_cmake_args': None, 'catkin_skip_building_tests': False, 'cmake_args': None, 'cmake_clean_cache': False, 'cmake_clean_first': False, 'cmake_force_configure': False, 'cmake_target': None, 'cmake_target_skip_unavailable': False, 'install_base': '/home/worm3/worms_mech_ws/install/worms_mech', 'merge_install': False, 'path': '/home/worm3/worms_mech_ws/src/worms_mech', 'symlink_install': False, 'test_result_base': None}
[5.836s] INFO:colcon.colcon_core.executor:Executing jobs using 'parallel' executor
[5.891s] DEBUG:colcon.colcon_parallel_executor.executor.parallel:run_until_complete
[5.892s] INFO:colcon.colcon_core.task.python.build:Building Python package in '/home/worm3/worms_mech_ws/src/worms_mech'
[5.952s] INFO:colcon.colcon_core.plugin_system:Skipping extension 'colcon_core.shell.bat': Not used on non-Windows systems
[5.953s] INFO:colcon.colcon_core.shell:Skip shell extension 'powershell' for command environment: Not usable outside of PowerShell
[5.954s] DEBUG:colcon.colcon_core.shell:Skip shell extension 'dsv' for command environment
[8.400s] DEBUG:colcon.colcon_core.event_handler.log_command:Invoking command in '/home/worm3/worms_mech_ws/src/worms_mech': PYTHONPATH=/home/worm3/worms_mech_ws/build/worms_mech/prefix_override:/home/worm3/worms_mech_ws/install/worms_mech/lib/python3.10/site-packages:${PYTHONPATH} /usr/bin/python3 setup.py egg_info --egg-base ../../build/worms_mech build --build-base /home/worm3/worms_mech_ws/build/worms_mech/build install --record /home/worm3/worms_mech_ws/build/worms_mech/install.log --single-version-externally-managed
[9.568s] DEBUG:colcon.colcon_core.event_handler.log_command:Invoked command in '/home/worm3/worms_mech_ws/src/worms_mech' returned '0': PYTHONPATH=/home/worm3/worms_mech_ws/build/worms_mech/prefix_override:/home/worm3/worms_mech_ws/install/worms_mech/lib/python3.10/site-packages:${PYTHONPATH} /usr/bin/python3 setup.py egg_info --egg-base ../../build/worms_mech build --build-base /home/worm3/worms_mech_ws/build/worms_mech/build install --record /home/worm3/worms_mech_ws/build/worms_mech/install.log --single-version-externally-managed
[9.632s] Level 1:colcon.colcon_core.environment:checking '/home/worm3/worms_mech_ws/install/worms_mech' for CMake module files
[9.635s] Level 1:colcon.colcon_core.environment:checking '/home/worm3/worms_mech_ws/install/worms_mech' for CMake config files
[9.639s] Level 1:colcon.colcon_core.environment:checking '/home/worm3/worms_mech_ws/install/worms_mech/lib'
[9.640s] Level 1:colcon.colcon_core.environment:checking '/home/worm3/worms_mech_ws/install/worms_mech/bin'
[9.640s] Level 1:colcon.colcon_core.environment:checking '/home/worm3/worms_mech_ws/install/worms_mech/lib/pkgconfig/worms_mech.pc'
[9.641s] Level 1:colcon.colcon_core.environment:checking '/home/worm3/worms_mech_ws/install/worms_mech/lib/python3.10/site-packages'
[9.641s] Level 1:colcon.colcon_core.shell:create_environment_hook('worms_mech', 'pythonpath')
[9.694s] INFO:colcon.colcon_core.shell:Creating environment hook '/home/worm3/worms_mech_ws/install/worms_mech/share/worms_mech/hook/pythonpath.ps1'
[9.697s] INFO:colcon.colcon_core.shell:Creating environment descriptor '/home/worm3/worms_mech_ws/install/worms_mech/share/worms_mech/hook/pythonpath.dsv'
[9.699s] INFO:colcon.colcon_core.shell:Creating environment hook '/home/worm3/worms_mech_ws/install/worms_mech/share/worms_mech/hook/pythonpath.sh'
[9.702s] Level 1:colcon.colcon_core.environment:checking '/home/worm3/worms_mech_ws/install/worms_mech/bin'
[9.702s] Level 1:colcon.colcon_core.environment:create_environment_scripts_only(worms_mech)
[9.755s] INFO:colcon.colcon_core.shell:Creating package script '/home/worm3/worms_mech_ws/install/worms_mech/share/worms_mech/package.ps1'
[9.759s] INFO:colcon.colcon_core.shell:Creating package descriptor '/home/worm3/worms_mech_ws/install/worms_mech/share/worms_mech/package.dsv'
[9.761s] INFO:colcon.colcon_core.shell:Creating package script '/home/worm3/worms_mech_ws/install/worms_mech/share/worms_mech/package.sh'
[9.764s] INFO:colcon.colcon_core.shell:Creating package script '/home/worm3/worms_mech_ws/install/worms_mech/share/worms_mech/package.bash'
[9.767s] INFO:colcon.colcon_core.shell:Creating package script '/home/worm3/worms_mech_ws/install/worms_mech/share/worms_mech/package.zsh'
[9.770s] Level 1:colcon.colcon_core.environment:create_file_with_runtime_dependencies(/home/worm3/worms_mech_ws/install/worms_mech/share/colcon-core/packages/worms_mech)
[9.772s] DEBUG:colcon.colcon_parallel_executor.executor.parallel:closing loop
[9.773s] DEBUG:colcon.colcon_parallel_executor.executor.parallel:loop closed
[9.773s] DEBUG:colcon.colcon_parallel_executor.executor.parallel:run_until_complete finished with '0'
[9.773s] DEBUG:colcon.colcon_core.event_reactor:joining thread
[9.847s] INFO:colcon.colcon_core.plugin_system:Skipping extension 'colcon_notification.desktop_notification.terminal_notifier': Not used on non-Darwin systems
[9.847s] INFO:colcon.colcon_core.plugin_system:Skipping extension 'colcon_notification.desktop_notification.win32': Not used on non-Windows systems
[9.848s] INFO:colcon.colcon_notification.desktop_notification:Sending desktop notification using 'notify2'
[9.885s] DEBUG:colcon.colcon_core.event_reactor:joined thread
[9.941s] INFO:colcon.colcon_core.shell:Creating prefix script '/home/worm3/worms_mech_ws/install/local_setup.ps1'
[9.945s] INFO:colcon.colcon_core.shell:Creating prefix util module '/home/worm3/worms_mech_ws/install/_local_setup_util_ps1.py'
[9.950s] INFO:colcon.colcon_core.shell:Creating prefix chain script '/home/worm3/worms_mech_ws/install/setup.ps1'
[10.007s] INFO:colcon.colcon_core.shell:Creating prefix script '/home/worm3/worms_mech_ws/install/local_setup.sh'
[10.009s] INFO:colcon.colcon_core.shell:Creating prefix util module '/home/worm3/worms_mech_ws/install/_local_setup_util_sh.py'
[10.012s] INFO:colcon.colcon_core.shell:Creating prefix chain script '/home/worm3/worms_mech_ws/install/setup.sh'
[10.068s] INFO:colcon.colcon_core.shell:Creating prefix script '/home/worm3/worms_mech_ws/install/local_setup.bash'
[10.070s] INFO:colcon.colcon_core.shell:Creating prefix chain script '/home/worm3/worms_mech_ws/install/setup.bash'
[10.125s] INFO:colcon.colcon_core.shell:Creating prefix script '/home/worm3/worms_mech_ws/install/local_setup.zsh'
[10.127s] INFO:colcon.colcon_core.shell:Creating prefix chain script '/home/worm3/worms_mech_ws/install/setup.zsh'
