[0.513s] Invoking command in '/home/jacobrod/worms_ws/build/ros_gz_sim': CMAKE_PREFIX_PATH=${CMAKE_PREFIX_PATH}:/home/jacobrod/worms_ws/install/worms_mech:/opt/ros/humble /usr/bin/cmake /home/jacobrod/worms_ws/src/ros_gz/ros_gz_sim -DBUILD_TESTING=ON -DCMAKE_INSTALL_PREFIX=/home/jacobrod/worms_ws/install/ros_gz_sim
[0.640s] -- The C compiler identification is GNU 11.4.0
[0.739s] -- The CXX compiler identification is GNU 11.4.0
[0.756s] -- Detecting C compiler ABI info
[0.884s] -- Detecting C compiler ABI info - done
[0.901s] -- Check for working C compiler: /usr/bin/cc - skipped
[0.901s] -- Detecting C compile features
[0.902s] -- Detecting C compile features - done
[0.908s] -- Detecting CXX compiler ABI info
[1.051s] -- Detecting CXX compiler ABI info - done
[1.079s] -- Check for working CXX compiler: /usr/bin/c++ - skipped
[1.079s] -- Detecting CXX compile features
[1.079s] -- Detecting CXX compile features - done
[1.079s] -- Found ament_cmake: 1.3.6 (/opt/ros/humble/share/ament_cmake/cmake)
[1.396s] -- Found Python3: /usr/bin/python3.10 (found version "3.10.12") found components: Interpreter 
[1.548s] -- Found rclcpp: 16.0.7 (/opt/ros/humble/share/rclcpp/cmake)
[1.621s] -- Found rosidl_generator_c: 3.1.5 (/opt/ros/humble/share/rosidl_generator_c/cmake)
[1.630s] -- Found rosidl_adapter: 3.1.5 (/opt/ros/humble/share/rosidl_adapter/cmake)
[1.644s] -- Found rosidl_generator_cpp: 3.1.5 (/opt/ros/humble/share/rosidl_generator_cpp/cmake)
[1.678s] -- Using all available rosidl_typesupport_c: rosidl_typesupport_fastrtps_c;rosidl_typesupport_introspection_c
[1.715s] -- Using all available rosidl_typesupport_cpp: rosidl_typesupport_fastrtps_cpp;rosidl_typesupport_introspection_cpp
[1.880s] -- Found rmw_implementation_cmake: 6.1.1 (/opt/ros/humble/share/rmw_implementation_cmake/cmake)
[1.887s] -- Found rmw_fastrtps_cpp: 6.2.5 (/opt/ros/humble/share/rmw_fastrtps_cpp/cmake)
[2.090s] -- Found OpenSSL: /usr/lib/x86_64-linux-gnu/libcrypto.so (found version "3.0.2")  
[2.143s] -- Found FastRTPS: /opt/ros/humble/include  
[2.217s] -- Using RMW implementation 'rmw_fastrtps_cpp' as default
[2.230s] -- Looking for pthread.h
[2.320s] -- Looking for pthread.h - found
[2.320s] -- Performing Test CMAKE_HAVE_LIBC_PTHREAD
[2.414s] -- Performing Test CMAKE_HAVE_LIBC_PTHREAD - Success
[2.416s] -- Found Threads: TRUE  
[2.691s] -- Looking for gz-math7 -- found version 7.3.0
[2.699s] -- Searching for dependencies of gz-math7
[2.702s] -- Looking for gz-utils2 -- found version 2.2.0
[2.703s] -- Searching for dependencies of gz-utils2
[2.710s] -- Looking for gz-transport12 -- found version 12.2.1
[2.710s] -- Searching for dependencies of gz-transport12
[2.759s] -- Found Protobuf: /usr/lib/x86_64-linux-gnu/libprotobuf.so (found version "3.12.4") 
[2.780s] -- Config-file not installed for ZeroMQ -- checking for pkg-config
[2.789s] -- Checking for module 'libzmq >= 4'
[2.814s] --   Found libzmq , version 4.3.4
[2.869s] -- Found ZeroMQ: TRUE (Required is at least version "4") 
[2.879s] -- Checking for module 'uuid'
[2.902s] --   Found uuid, version 2.37.2
[2.951s] -- Found UUID: TRUE  
[2.951s] -- Looking for gz-utils2 -- found version 2.2.0
[2.952s] -- Searching for dependencies of gz-utils2
[2.953s] -- Searching for <gz-utils2> component [cli]
[2.957s] -- Looking for gz-utils2-cli -- found version 2.2.0
[2.958s] -- Searching for dependencies of gz-utils2-cli
[2.966s] -- Looking for gz-msgs9 -- found version 9.5.0
[2.967s] -- Searching for dependencies of gz-msgs9
[2.998s] -- Looking for gz-math7 -- found version 7.3.0
[3.004s] -- Checking for module 'tinyxml2'
[3.024s] --   Found tinyxml2, version 9.0.0
[3.083s] -- Looking for gz-msgs9 -- found version 9.5.0
[3.087s] -- Looking for gz-sim7 -- found version 7.6.0
[3.088s] -- Searching for dependencies of gz-sim7
[3.092s] -- Looking for sdformat13 -- found version 13.6.0
[3.093s] -- Searching for dependencies of sdformat13
[3.101s] -- Looking for gz-math7 -- found version 7.3.0
[3.102s] -- Looking for gz-utils2 -- found version 2.2.0
[3.107s] -- Looking for gz-plugin2 -- found version 2.0.2
[3.108s] -- Searching for dependencies of gz-plugin2
[3.109s] -- Looking for gz-utils2 -- found version 2.2.0
[3.110s] -- Searching for <gz-plugin2> component [loader]
[3.115s] -- Looking for gz-plugin2-loader -- found version 2.0.2
[3.116s] -- Searching for dependencies of gz-plugin2-loader
[3.117s] -- Searching for <gz-plugin2> component [register]
[3.122s] -- Looking for gz-plugin2-register -- found version 2.0.2
[3.123s] -- Searching for dependencies of gz-plugin2-register
[3.125s] -- Looking for gz-transport12 -- found version 12.2.1
[3.126s] -- Searching for dependencies of gz-transport12
[3.185s] -- Config-file not installed for ZeroMQ -- checking for pkg-config
[3.192s] -- Checking for module 'libzmq >= 4'
[3.216s] --   Found libzmq , version 4.3.4
[3.288s] -- Looking for gz-utils2 -- found version 2.2.0
[3.288s] -- Looking for gz-msgs9 -- found version 9.5.0
[3.288s] -- Searching for <gz-transport12> component [log]
[3.292s] -- Looking for gz-transport12-log -- found version 12.2.1
[3.292s] -- Searching for dependencies of gz-transport12-log
[3.293s] -- Searching for <gz-transport12> component [parameters]
[3.296s] -- Looking for gz-transport12-parameters -- found version 12.2.1
[3.296s] -- Searching for dependencies of gz-transport12-parameters
[3.297s] -- Looking for gz-msgs9 -- found version 9.5.0
[3.301s] -- Looking for gz-common5 -- found version 5.4.2
[3.301s] -- Searching for dependencies of gz-common5
[3.302s] -- Looking for gz-utils2 -- found version 2.2.0
[3.302s] -- Looking for dlfcn.h - found
[3.303s] -- Looking for libdl - found
[3.305s] -- Found DL: TRUE  
[3.313s] -- Searching for <gz-common5> component [profiler]
[3.317s] -- Looking for gz-common5-profiler -- found version 5.4.2
[3.317s] -- Searching for dependencies of gz-common5-profiler
[3.318s] -- Searching for <gz-common5> component [events]
[3.321s] -- Looking for gz-common5-events -- found version 5.4.2
[3.322s] -- Searching for dependencies of gz-common5-events
[3.322s] -- Looking for gz-math7 -- found version 7.3.0
[3.323s] -- Searching for <gz-common5> component [av]
[3.326s] -- Looking for gz-common5-av -- found version 5.4.2
[3.327s] -- Searching for dependencies of gz-common5-av
[3.333s] -- Checking for module 'libswscale'
[3.350s] --   Found libswscale, version 5.9.100
[3.396s] -- Found SWSCALE: TRUE  
[3.402s] -- Checking for module 'libavdevice >= 56.4.100'
[3.421s] --   Found libavdevice , version 58.13.100
[3.476s] -- Found AVDEVICE: TRUE (Required is at least version "56.4.100") 
[3.486s] -- Checking for module 'libavformat'
[3.504s] --   Found libavformat, version 58.76.100
[3.551s] -- Found AVFORMAT: TRUE  
[3.560s] -- Checking for module 'libavcodec'
[3.585s] --   Found libavcodec, version 58.134.100
[3.646s] -- Found AVCODEC: TRUE  
[3.655s] -- Checking for module 'libavutil'
[3.677s] --   Found libavutil, version 56.70.100
[3.736s] -- Found AVUTIL: TRUE  
[3.737s] -- Searching for <gz-common5> component [io]
[3.740s] -- Looking for gz-common5-io -- found version 5.4.2
[3.741s] -- Searching for dependencies of gz-common5-io
[3.746s] -- Looking for gz-fuel_tools8 -- found version 8.1.0
[3.747s] -- Searching for dependencies of gz-fuel_tools8
[3.892s] -- Found CURL: /usr/lib/x86_64-linux-gnu/libcurl.so (found version "7.81.0")  
[3.908s] -- Checking for module 'jsoncpp'
[3.934s] --   Found jsoncpp, version 1.9.5
[3.995s] -- Found JSONCPP: TRUE  
[4.005s] -- Checking for module 'libzip'
[4.032s] --   Found libzip, version 1.7.3
[4.101s] -- Found ZIP: TRUE  
[4.102s] -- Looking for gz-utils2 -- found version 2.2.0
[4.102s] -- Looking for gz-common5 -- found version 5.4.2
[4.103s] -- Searching for dependencies of gz-common5
[4.103s] -- Looking for gz-utils2 -- found version 2.2.0
[4.103s] -- Looking for dlfcn.h - found
[4.103s] -- Looking for libdl - found
[4.116s] -- Searching for <gz-common5> component [testing]
[4.121s] -- Looking for gz-common5-testing -- found version 5.4.2
[4.122s] -- Searching for dependencies of gz-common5-testing
[4.123s] -- Looking for gz-math7 -- found version 7.3.0
[4.124s] -- Looking for gz-msgs9 -- found version 9.5.0
[4.130s] -- Looking for gz-gui7 -- found version 7.2.1
[4.131s] -- Searching for dependencies of gz-gui7
[4.180s] -- Looking for gz-utils2 -- found version 2.2.0
[4.182s] -- Looking for gz-math7 -- found version 7.3.0
[4.197s] -- Looking for gz-common5 -- found version 5.4.2
[4.197s] -- Looking for gz-plugin2 -- found version 2.0.2
[4.197s] -- Looking for gz-transport12 -- found version 12.2.1
[4.197s] -- Looking for gz-rendering7 -- found version 7.4.2
[4.197s] -- Searching for dependencies of gz-rendering7
[4.197s] -- Looking for gz-math7 -- found version 7.3.0
[4.197s] -- Searching for dependencies of gz-math7
[4.197s] -- Looking for gz-utils2 -- found version 2.2.0
[4.198s] -- Searching for <gz-math7> component [eigen3]
[4.202s] -- Looking for gz-math7-eigen3 -- found version 7.3.0
[4.204s] -- Searching for dependencies of gz-math7-eigen3
[4.220s] -- Looking for gz-common5 -- found version 5.4.2
[4.221s] -- Searching for dependencies of gz-common5
[4.221s] -- Looking for gz-utils2 -- found version 2.2.0
[4.222s] -- Looking for dlfcn.h - found
[4.222s] -- Looking for libdl - found
[4.236s] -- Searching for <gz-common5> component [graphics]
[4.242s] -- Looking for gz-common5-graphics -- found version 5.4.2
[4.243s] -- Searching for dependencies of gz-common5-graphics
[4.244s] -- Looking for gz-math7 -- found version 7.3.0
[4.262s] -- Found GzAssimp: TRUE (found version "5.2.0") 
[4.263s] -- Searching for <gz-common5> component [events]
[4.263s] -- Searching for <gz-common5> component [geospatial]
[4.268s] -- Looking for gz-common5-geospatial -- found version 5.4.2
[4.268s] -- Searching for dependencies of gz-common5-geospatial
[4.269s] -- Looking for gz-math7 -- found version 7.3.0
[4.271s] -- Looking for gz-common5 -- found version 5.4.2
[4.274s] -- Looking for gz-plugin2 -- found version 2.0.2
[4.276s] -- Searching for dependencies of gz-plugin2
[4.277s] -- Looking for gz-utils2 -- found version 2.2.0
[4.277s] -- Searching for <gz-plugin2> component [all]
[4.283s] -- Looking for all libraries of gz-plugin2 -- found version 2.0.2
[4.285s] -- Looking for gz-plugin2 -- found version 2.0.2
[4.290s] -- Looking for gz-utils2 -- found version 2.2.0
[4.304s] -- Found OpenGL: /usr/lib/x86_64-linux-gnu/libOpenGL.so  found components: OpenGL 
[4.307s] -- Looking for gz-msgs9 -- found version 9.5.0
[4.351s] -- Looking for gz-physics6 -- found version 6.5.1
[4.352s] -- Searching for dependencies of gz-physics6
[4.353s] -- Looking for gz-math7 -- found version 7.3.0
[4.356s] -- Looking for gz-plugin2 -- found version 2.0.2
[4.357s] -- Looking for gz-utils2 -- found version 2.2.0
[4.359s] -- Searching for <gz-physics6> component [heightmap]
[4.364s] -- Looking for gz-physics6-heightmap -- found version 6.5.1
[4.366s] -- Searching for dependencies of gz-physics6-heightmap
[4.367s] -- Looking for gz-common5 -- found version 5.4.2
[4.368s] -- Searching for <gz-physics6> component [mesh]
[4.374s] -- Looking for gz-physics6-mesh -- found version 6.5.1
[4.376s] -- Searching for dependencies of gz-physics6-mesh
[4.379s] -- Looking for gz-common5 -- found version 5.4.2
[4.380s] -- Searching for <gz-physics6> component [sdf]
[4.387s] -- Looking for gz-physics6-sdf -- found version 6.5.1
[4.388s] -- Searching for dependencies of gz-physics6-sdf
[4.389s] -- Looking for sdformat13 -- found version 13.6.0
[4.395s] -- Looking for gz-sensors7 -- found version 7.3.0
[4.397s] -- Searching for dependencies of gz-sensors7
[4.456s] -- Looking for gz-math7 -- found version 7.3.0
[4.457s] -- Looking for gz-common5 -- found version 5.4.2
[4.458s] -- Looking for gz-transport12 -- found version 12.2.1
[4.458s] -- Looking for gz-rendering7 -- found version 7.4.2
[4.459s] -- Looking for gz-msgs9 -- found version 9.5.0
[4.460s] -- Looking for sdformat13 -- found version 13.6.0
[4.461s] -- Searching for <gz-sensors7> component [air_pressure]
[4.468s] -- Looking for gz-sensors7-air_pressure -- found version 7.3.0
[4.469s] -- Searching for dependencies of gz-sensors7-air_pressure
[4.470s] -- Searching for <gz-sensors7> component [air_speed]
[4.478s] -- Looking for gz-sensors7-air_speed -- found version 7.3.0
[4.479s] -- Searching for dependencies of gz-sensors7-air_speed
[4.481s] -- Searching for <gz-sensors7> component [altimeter]
[4.485s] -- Looking for gz-sensors7-altimeter -- found version 7.3.0
[4.486s] -- Searching for dependencies of gz-sensors7-altimeter
[4.487s] -- Searching for <gz-sensors7> component [imu]
[4.492s] -- Looking for gz-sensors7-imu -- found version 7.3.0
[4.493s] -- Searching for dependencies of gz-sensors7-imu
[4.494s] -- Searching for <gz-sensors7> component [force_torque]
[4.499s] -- Looking for gz-sensors7-force_torque -- found version 7.3.0
[4.500s] -- Searching for dependencies of gz-sensors7-force_torque
[4.501s] -- Searching for <gz-sensors7> component [logical_camera]
[4.506s] -- Looking for gz-sensors7-logical_camera -- found version 7.3.0
[4.507s] -- Searching for dependencies of gz-sensors7-logical_camera
[4.508s] -- Searching for <gz-sensors7> component [magnetometer]
[4.513s] -- Looking for gz-sensors7-magnetometer -- found version 7.3.0
[4.514s] -- Searching for dependencies of gz-sensors7-magnetometer
[4.515s] -- Searching for <gz-sensors7> component [navsat]
[4.520s] -- Looking for gz-sensors7-navsat -- found version 7.3.0
[4.521s] -- Searching for dependencies of gz-sensors7-navsat
[4.522s] -- Searching for <gz-sensors7> component [rendering]
[4.527s] -- Looking for gz-sensors7-rendering -- found version 7.3.0
[4.528s] -- Searching for dependencies of gz-sensors7-rendering
[4.529s] -- Searching for <gz-sensors7> component [lidar]
[4.534s] -- Looking for gz-sensors7-lidar -- found version 7.3.0
[4.535s] -- Searching for dependencies of gz-sensors7-lidar
[4.535s] -- Looking for gz-sensors7 -- found version 7.3.0
[4.536s] -- Searching for <gz-sensors7> component [gpu_lidar]
[4.541s] -- Looking for gz-sensors7-gpu_lidar -- found version 7.3.0
[4.542s] -- Searching for dependencies of gz-sensors7-gpu_lidar
[4.543s] -- Looking for gz-sensors7 -- found version 7.3.0
[4.544s] -- Searching for <gz-sensors7> component [camera]
[4.549s] -- Looking for gz-sensors7-camera -- found version 7.3.0
[4.550s] -- Searching for dependencies of gz-sensors7-camera
[4.550s] -- Looking for gz-sensors7 -- found version 7.3.0
[4.551s] -- Searching for <gz-sensors7> component [boundingbox_camera]
[4.556s] -- Looking for gz-sensors7-boundingbox_camera -- found version 7.3.0
[4.557s] -- Searching for dependencies of gz-sensors7-boundingbox_camera
[4.558s] -- Searching for <gz-sensors7> component [segmentation_camera]
[4.563s] -- Looking for gz-sensors7-segmentation_camera -- found version 7.3.0
[4.564s] -- Searching for dependencies of gz-sensors7-segmentation_camera
[4.565s] -- Searching for <gz-sensors7> component [depth_camera]
[4.570s] -- Looking for gz-sensors7-depth_camera -- found version 7.3.0
[4.570s] -- Searching for dependencies of gz-sensors7-depth_camera
[4.572s] -- Looking for gz-sensors7 -- found version 7.3.0
[4.572s] -- Searching for <gz-sensors7> component [rgbd_camera]
[4.577s] -- Looking for gz-sensors7-rgbd_camera -- found version 7.3.0
[4.578s] -- Searching for dependencies of gz-sensors7-rgbd_camera
[4.579s] -- Looking for gz-sensors7 -- found version 7.3.0
[4.580s] -- Searching for <gz-sensors7> component [thermal_camera]
[4.586s] -- Looking for gz-sensors7-thermal_camera -- found version 7.3.0
[4.587s] -- Searching for dependencies of gz-sensors7-thermal_camera
[4.588s] -- Looking for gz-sensors7 -- found version 7.3.0
[4.589s] -- Searching for <gz-sensors7> component [wide_angle_camera]
[4.594s] -- Looking for gz-sensors7-wide_angle_camera -- found version 7.3.0
[4.595s] -- Searching for dependencies of gz-sensors7-wide_angle_camera
[4.597s] -- Looking for gz-rendering7 -- found version 7.4.2
[4.597s] -- Looking for gz-math7 -- found version 7.3.0
[4.598s] -- Looking for gz-utils2 -- found version 2.2.0
[4.681s] -- Compiling against Gazebo Garden
[4.691s] -- Looking for gflags - found
[4.691s] 
[4.718s] -- Found ament_lint_auto: 0.12.9 (/opt/ros/humble/share/ament_lint_auto/cmake)
[5.014s] -- Found ament_cmake_gtest: 1.3.6 (/opt/ros/humble/share/ament_cmake_gtest/cmake)
[5.014s] -- Found gtest sources under '/opt/ros/humble/src/gtest_vendor': C++ tests using 'Google Test' will be built
[5.025s] -- Added test 'copyright' to check source files copyright and LICENSE
[5.027s] -- Added test 'cppcheck' to perform static code analysis on C / C++ code
[5.028s] -- Configured cppcheck include dirs: $<BUILD_INTERFACE:/home/jacobrod/worms_ws/src/ros_gz/ros_gz_sim/include>
[5.028s] -- Configured cppcheck exclude dirs and/or files: 
[5.031s] -- Added test 'cpplint' to check C / C++ code against the Google style
[5.031s] -- Configured cpplint exclude dirs and/or files: 
[5.033s] -- Added test 'lint_cmake' to check CMake code style
[5.036s] -- Added test 'uncrustify' to check C / C++ code style
[5.036s] -- Configured uncrustify additional arguments: 
[5.038s] -- Added test 'xmllint' to check XML markup files
[5.042s] -- Configuring done
[5.104s] -- Generating done
[5.104s] -- Build files have been written to: /home/jacobrod/worms_ws/build/ros_gz_sim
[5.128s] Invoked command in '/home/jacobrod/worms_ws/build/ros_gz_sim' returned '0': CMAKE_PREFIX_PATH=${CMAKE_PREFIX_PATH}:/home/jacobrod/worms_ws/install/worms_mech:/opt/ros/humble /usr/bin/cmake /home/jacobrod/worms_ws/src/ros_gz/ros_gz_sim -DBUILD_TESTING=ON -DCMAKE_INSTALL_PREFIX=/home/jacobrod/worms_ws/install/ros_gz_sim
[5.129s] Invoking command in '/home/jacobrod/worms_ws/build/ros_gz_sim': CMAKE_PREFIX_PATH=${CMAKE_PREFIX_PATH}:/home/jacobrod/worms_ws/install/worms_mech:/opt/ros/humble /usr/bin/cmake --build /home/jacobrod/worms_ws/build/ros_gz_sim -- -j8 -l8
[5.226s] [ 10%] [32mBuilding CXX object CMakeFiles/create.dir/src/create.cpp.o[0m
[5.305s] [ 20%] [32mBuilding CXX object CMakeFiles/ros_gz_sim.dir/src/Stopwatch.cpp.o[0m
[5.318s] [ 30%] [32mBuilding CXX object gtest/CMakeFiles/gtest_main.dir/src/gtest_main.cc.o[0m
[5.334s] [ 40%] [32mBuilding CXX object gtest/CMakeFiles/gtest.dir/src/gtest-all.cc.o[0m
[6.733s] [ 50%] [32m[1mLinking CXX static library libgtest_main.a[0m
[6.905s] [ 50%] Built target gtest_main
[7.188s] [ 60%] [32m[1mLinking CXX shared library libros_gz_sim.so[0m
[7.477s] [ 60%] Built target ros_gz_sim
[11.332s] [ 70%] [32m[1mLinking CXX static library libgtest.a[0m
[11.658s] [ 70%] Built target gtest
[11.797s] [ 80%] [32mBuilding CXX object CMakeFiles/test_stopwatch.dir/test/test_stopwatch.cpp.o[0m
[28.624s] [ 90%] [32m[1mLinking CXX executable test_stopwatch[0m
[29.483s] [ 90%] Built target test_stopwatch
[32.552s] [100%] [32m[1mLinking CXX executable create[0m
[33.072s] [100%] Built target create
[33.086s] Invoked command in '/home/jacobrod/worms_ws/build/ros_gz_sim' returned '0': CMAKE_PREFIX_PATH=${CMAKE_PREFIX_PATH}:/home/jacobrod/worms_ws/install/worms_mech:/opt/ros/humble /usr/bin/cmake --build /home/jacobrod/worms_ws/build/ros_gz_sim -- -j8 -l8
[33.130s] Invoking command in '/home/jacobrod/worms_ws/build/ros_gz_sim': CMAKE_PREFIX_PATH=${CMAKE_PREFIX_PATH}:/home/jacobrod/worms_ws/install/worms_mech:/opt/ros/humble /usr/bin/cmake --install /home/jacobrod/worms_ws/build/ros_gz_sim
[33.138s] -- Install configuration: ""
[33.138s] -- Installing: /home/jacobrod/worms_ws/install/ros_gz_sim/include/ros_gz_sim
[33.138s] -- Installing: /home/jacobrod/worms_ws/install/ros_gz_sim/include/ros_gz_sim/Stopwatch.hpp
[33.138s] -- Installing: /home/jacobrod/worms_ws/install/ros_gz_sim/share/ros_gz_sim/launch/gz_sim.launch.py
[33.139s] -- Installing: /home/jacobrod/worms_ws/install/ros_gz_sim/lib/ros_gz_sim/create
[33.144s] -- Set runtime path of "/home/jacobrod/worms_ws/install/ros_gz_sim/lib/ros_gz_sim/create" to ""
[33.144s] -- Installing: /home/jacobrod/worms_ws/install/ros_gz_sim/lib/libros_gz_sim.so
[33.144s] -- Set runtime path of "/home/jacobrod/worms_ws/install/ros_gz_sim/lib/libros_gz_sim.so" to ""
[33.144s] -- Installing: /home/jacobrod/worms_ws/install/ros_gz_sim/lib/ros_gz_sim/test_stopwatch
[33.147s] -- Set runtime path of "/home/jacobrod/worms_ws/install/ros_gz_sim/lib/ros_gz_sim/test_stopwatch" to ""
[33.147s] -- Installing: /home/jacobrod/worms_ws/install/ros_gz_sim/share/ament_index/resource_index/package_run_dependencies/ros_gz_sim
[33.148s] -- Installing: /home/jacobrod/worms_ws/install/ros_gz_sim/share/ament_index/resource_index/parent_prefix_path/ros_gz_sim
[33.148s] -- Installing: /home/jacobrod/worms_ws/install/ros_gz_sim/share/ros_gz_sim/environment/ament_prefix_path.sh
[33.148s] -- Installing: /home/jacobrod/worms_ws/install/ros_gz_sim/share/ros_gz_sim/environment/ament_prefix_path.dsv
[33.148s] -- Installing: /home/jacobrod/worms_ws/install/ros_gz_sim/share/ros_gz_sim/environment/path.sh
[33.148s] -- Installing: /home/jacobrod/worms_ws/install/ros_gz_sim/share/ros_gz_sim/environment/path.dsv
[33.149s] -- Installing: /home/jacobrod/worms_ws/install/ros_gz_sim/share/ros_gz_sim/local_setup.bash
[33.149s] -- Installing: /home/jacobrod/worms_ws/install/ros_gz_sim/share/ros_gz_sim/local_setup.sh
[33.149s] -- Installing: /home/jacobrod/worms_ws/install/ros_gz_sim/share/ros_gz_sim/local_setup.zsh
[33.149s] -- Installing: /home/jacobrod/worms_ws/install/ros_gz_sim/share/ros_gz_sim/local_setup.dsv
[33.149s] -- Installing: /home/jacobrod/worms_ws/install/ros_gz_sim/share/ros_gz_sim/package.dsv
[33.149s] -- Installing: /home/jacobrod/worms_ws/install/ros_gz_sim/share/ament_index/resource_index/packages/ros_gz_sim
[33.150s] -- Installing: /home/jacobrod/worms_ws/install/ros_gz_sim/share/ros_gz_sim/cmake/ros_gz_simExport.cmake
[33.150s] -- Installing: /home/jacobrod/worms_ws/install/ros_gz_sim/share/ros_gz_sim/cmake/ros_gz_simExport-noconfig.cmake
[33.150s] -- Installing: /home/jacobrod/worms_ws/install/ros_gz_sim/share/ros_gz_sim/cmake/ament_cmake_export_targets-extras.cmake
[33.150s] -- Installing: /home/jacobrod/worms_ws/install/ros_gz_sim/share/ros_gz_sim/cmake/ament_cmake_export_dependencies-extras.cmake
[33.150s] -- Installing: /home/jacobrod/worms_ws/install/ros_gz_sim/share/ros_gz_sim/cmake/ros_gz_simConfig.cmake
[33.151s] -- Installing: /home/jacobrod/worms_ws/install/ros_gz_sim/share/ros_gz_sim/cmake/ros_gz_simConfig-version.cmake
[33.151s] -- Installing: /home/jacobrod/worms_ws/install/ros_gz_sim/share/ros_gz_sim/package.xml
[33.153s] Invoked command in '/home/jacobrod/worms_ws/build/ros_gz_sim' returned '0': CMAKE_PREFIX_PATH=${CMAKE_PREFIX_PATH}:/home/jacobrod/worms_ws/install/worms_mech:/opt/ros/humble /usr/bin/cmake --install /home/jacobrod/worms_ws/build/ros_gz_sim
