[2.366s] Invoking command in '/home/worm3/worms_mech_ws/src/worms_mech': PYTHONPATH=/home/worm3/worms_mech_ws/build/worms_mech/prefix_override:/home/worm3/worms_mech_ws/install/worms_mech/lib/python3.10/site-packages: /usr/bin/python3 setup.py egg_info --egg-base ../../build/worms_mech build --build-base /home/worm3/worms_mech_ws/build/worms_mech/build install --record /home/worm3/worms_mech_ws/build/worms_mech/install.log --single-version-externally-managed
[3.133s] running egg_info
[3.136s] creating ../../build/worms_mech/worms_mech.egg-info
[3.136s] writing ../../build/worms_mech/worms_mech.egg-info/PKG-INFO
[3.137s] writing dependency_links to ../../build/worms_mech/worms_mech.egg-info/dependency_links.txt
[3.138s] writing entry points to ../../build/worms_mech/worms_mech.egg-info/entry_points.txt
[3.138s] writing requirements to ../../build/worms_mech/worms_mech.egg-info/requires.txt
[3.139s] writing top-level names to ../../build/worms_mech/worms_mech.egg-info/top_level.txt
[3.140s] writing manifest file '../../build/worms_mech/worms_mech.egg-info/SOURCES.txt'
[3.146s] reading manifest file '../../build/worms_mech/worms_mech.egg-info/SOURCES.txt'
[3.150s] writing manifest file '../../build/worms_mech/worms_mech.egg-info/SOURCES.txt'
[3.150s] running build
[3.151s] running build_py
[3.152s] creating /home/worm3/worms_mech_ws/build/worms_mech/build
[3.152s] creating /home/worm3/worms_mech_ws/build/worms_mech/build/lib
[3.153s] creating /home/worm3/worms_mech_ws/build/worms_mech/build/lib/worms_mech
[3.153s] copying worms_mech/joint_command_publisher.py -> /home/worm3/worms_mech_ws/build/worms_mech/build/lib/worms_mech
[3.154s] copying worms_mech/hardware_interfacev2.py -> /home/worm3/worms_mech_ws/build/worms_mech/build/lib/worms_mech
[3.155s] copying worms_mech/gait_parser.py -> /home/worm3/worms_mech_ws/build/worms_mech/build/lib/worms_mech
[3.156s] copying worms_mech/controller_nodev2.py -> /home/worm3/worms_mech_ws/build/worms_mech/build/lib/worms_mech
[3.157s] copying worms_mech/gait_manager.py -> /home/worm3/worms_mech_ws/build/worms_mech/build/lib/worms_mech
[3.158s] copying worms_mech/joystick_control.py -> /home/worm3/worms_mech_ws/build/worms_mech/build/lib/worms_mech
[3.159s] copying worms_mech/camera_scanner.py -> /home/worm3/worms_mech_ws/build/worms_mech/build/lib/worms_mech
[3.161s] copying worms_mech/__init__.py -> /home/worm3/worms_mech_ws/build/worms_mech/build/lib/worms_mech
[3.161s] copying worms_mech/controller_node.py -> /home/worm3/worms_mech_ws/build/worms_mech/build/lib/worms_mech
[3.162s] copying worms_mech/gait_action_node.py -> /home/worm3/worms_mech_ws/build/worms_mech/build/lib/worms_mech
[3.163s] copying worms_mech/hardware_interface.py -> /home/worm3/worms_mech_ws/build/worms_mech/build/lib/worms_mech
[3.165s] copying worms_mech/testbed_interface.py -> /home/worm3/worms_mech_ws/build/worms_mech/build/lib/worms_mech
[3.166s] copying worms_mech/action_node.py -> /home/worm3/worms_mech_ws/build/worms_mech/build/lib/worms_mech
[3.169s] running install
[3.170s] /usr/lib/python3/dist-packages/setuptools/command/install.py:34: SetuptoolsDeprecationWarning: setup.py install is deprecated. Use build and pip and other standards-based tools.
[3.170s]   warnings.warn(
[3.171s] running install_lib
[3.174s] creating /home/worm3/worms_mech_ws/install/worms_mech/lib/python3.10/site-packages/worms_mech
[3.175s] copying /home/worm3/worms_mech_ws/build/worms_mech/build/lib/worms_mech/joint_command_publisher.py -> /home/worm3/worms_mech_ws/install/worms_mech/lib/python3.10/site-packages/worms_mech
[3.176s] copying /home/worm3/worms_mech_ws/build/worms_mech/build/lib/worms_mech/hardware_interfacev2.py -> /home/worm3/worms_mech_ws/install/worms_mech/lib/python3.10/site-packages/worms_mech
[3.176s] copying /home/worm3/worms_mech_ws/build/worms_mech/build/lib/worms_mech/gait_parser.py -> /home/worm3/worms_mech_ws/install/worms_mech/lib/python3.10/site-packages/worms_mech
[3.177s] copying /home/worm3/worms_mech_ws/build/worms_mech/build/lib/worms_mech/controller_nodev2.py -> /home/worm3/worms_mech_ws/install/worms_mech/lib/python3.10/site-packages/worms_mech
[3.178s] copying /home/worm3/worms_mech_ws/build/worms_mech/build/lib/worms_mech/gait_manager.py -> /home/worm3/worms_mech_ws/install/worms_mech/lib/python3.10/site-packages/worms_mech
[3.179s] copying /home/worm3/worms_mech_ws/build/worms_mech/build/lib/worms_mech/joystick_control.py -> /home/worm3/worms_mech_ws/install/worms_mech/lib/python3.10/site-packages/worms_mech
[3.180s] copying /home/worm3/worms_mech_ws/build/worms_mech/build/lib/worms_mech/camera_scanner.py -> /home/worm3/worms_mech_ws/install/worms_mech/lib/python3.10/site-packages/worms_mech
[3.180s] copying /home/worm3/worms_mech_ws/build/worms_mech/build/lib/worms_mech/__init__.py -> /home/worm3/worms_mech_ws/install/worms_mech/lib/python3.10/site-packages/worms_mech
[3.181s] copying /home/worm3/worms_mech_ws/build/worms_mech/build/lib/worms_mech/controller_node.py -> /home/worm3/worms_mech_ws/install/worms_mech/lib/python3.10/site-packages/worms_mech
[3.182s] copying /home/worm3/worms_mech_ws/build/worms_mech/build/lib/worms_mech/gait_action_node.py -> /home/worm3/worms_mech_ws/install/worms_mech/lib/python3.10/site-packages/worms_mech
[3.183s] copying /home/worm3/worms_mech_ws/build/worms_mech/build/lib/worms_mech/hardware_interface.py -> /home/worm3/worms_mech_ws/install/worms_mech/lib/python3.10/site-packages/worms_mech
[3.183s] copying /home/worm3/worms_mech_ws/build/worms_mech/build/lib/worms_mech/testbed_interface.py -> /home/worm3/worms_mech_ws/install/worms_mech/lib/python3.10/site-packages/worms_mech
[3.184s] copying /home/worm3/worms_mech_ws/build/worms_mech/build/lib/worms_mech/action_node.py -> /home/worm3/worms_mech_ws/install/worms_mech/lib/python3.10/site-packages/worms_mech
[3.187s] byte-compiling /home/worm3/worms_mech_ws/install/worms_mech/lib/python3.10/site-packages/worms_mech/joint_command_publisher.py to joint_command_publisher.cpython-310.pyc
[3.190s] byte-compiling /home/worm3/worms_mech_ws/install/worms_mech/lib/python3.10/site-packages/worms_mech/hardware_interfacev2.py to hardware_interfacev2.cpython-310.pyc
[3.192s] byte-compiling /home/worm3/worms_mech_ws/install/worms_mech/lib/python3.10/site-packages/worms_mech/gait_parser.py to gait_parser.cpython-310.pyc
[3.196s] byte-compiling /home/worm3/worms_mech_ws/install/worms_mech/lib/python3.10/site-packages/worms_mech/controller_nodev2.py to controller_nodev2.cpython-310.pyc
[3.198s] byte-compiling /home/worm3/worms_mech_ws/install/worms_mech/lib/python3.10/site-packages/worms_mech/gait_manager.py to gait_manager.cpython-310.pyc
[3.204s] byte-compiling /home/worm3/worms_mech_ws/install/worms_mech/lib/python3.10/site-packages/worms_mech/joystick_control.py to joystick_control.cpython-310.pyc
[3.207s] byte-compiling /home/worm3/worms_mech_ws/install/worms_mech/lib/python3.10/site-packages/worms_mech/camera_scanner.py to camera_scanner.cpython-310.pyc
[3.210s] byte-compiling /home/worm3/worms_mech_ws/install/worms_mech/lib/python3.10/site-packages/worms_mech/__init__.py to __init__.cpython-310.pyc
[3.211s] byte-compiling /home/worm3/worms_mech_ws/install/worms_mech/lib/python3.10/site-packages/worms_mech/controller_node.py to controller_node.cpython-310.pyc
[3.213s] byte-compiling /home/worm3/worms_mech_ws/install/worms_mech/lib/python3.10/site-packages/worms_mech/gait_action_node.py to gait_action_node.cpython-310.pyc
[3.215s] byte-compiling /home/worm3/worms_mech_ws/install/worms_mech/lib/python3.10/site-packages/worms_mech/hardware_interface.py to hardware_interface.cpython-310.pyc
[3.220s] byte-compiling /home/worm3/worms_mech_ws/install/worms_mech/lib/python3.10/site-packages/worms_mech/testbed_interface.py to testbed_interface.cpython-310.pyc
[3.222s] byte-compiling /home/worm3/worms_mech_ws/install/worms_mech/lib/python3.10/site-packages/worms_mech/action_node.py to action_node.cpython-310.pyc
[3.224s] running install_data
[3.226s] creating /home/worm3/worms_mech_ws/install/worms_mech/share/ament_index
[3.226s] creating /home/worm3/worms_mech_ws/install/worms_mech/share/ament_index/resource_index
[3.226s] creating /home/worm3/worms_mech_ws/install/worms_mech/share/ament_index/resource_index/packages
[3.227s] copying resource/worms_mech -> /home/worm3/worms_mech_ws/install/worms_mech/share/ament_index/resource_index/packages
[3.228s] copying package.xml -> /home/worm3/worms_mech_ws/install/worms_mech/share/worms_mech
[3.228s] running install_egg_info
[3.233s] Copying ../../build/worms_mech/worms_mech.egg-info to /home/worm3/worms_mech_ws/install/worms_mech/lib/python3.10/site-packages/worms_mech-0.0.0-py3.10.egg-info
[3.238s] running install_scripts
[3.311s] Installing camera_scanner script to /home/worm3/worms_mech_ws/install/worms_mech/lib/worms_mech
[3.312s] Installing controller_node script to /home/worm3/worms_mech_ws/install/worms_mech/lib/worms_mech
[3.313s] Installing gait_action_node script to /home/worm3/worms_mech_ws/install/worms_mech/lib/worms_mech
[3.313s] Installing gait_manager script to /home/worm3/worms_mech_ws/install/worms_mech/lib/worms_mech
[3.314s] Installing gait_parser script to /home/worm3/worms_mech_ws/install/worms_mech/lib/worms_mech
[3.314s] Installing hardware_interface script to /home/worm3/worms_mech_ws/install/worms_mech/lib/worms_mech
[3.315s] Installing joint_command_publisher script to /home/worm3/worms_mech_ws/install/worms_mech/lib/worms_mech
[3.315s] Installing joystick_control script to /home/worm3/worms_mech_ws/install/worms_mech/lib/worms_mech
[3.316s] Installing stand_node script to /home/worm3/worms_mech_ws/install/worms_mech/lib/worms_mech
[3.316s] Installing testbed_interface script to /home/worm3/worms_mech_ws/install/worms_mech/lib/worms_mech
[3.318s] writing list of installed files to '/home/worm3/worms_mech_ws/build/worms_mech/install.log'
[3.427s] Invoked command in '/home/worm3/worms_mech_ws/src/worms_mech' returned '0': PYTHONPATH=/home/worm3/worms_mech_ws/build/worms_mech/prefix_override:/home/worm3/worms_mech_ws/install/worms_mech/lib/python3.10/site-packages: /usr/bin/python3 setup.py egg_info --egg-base ../../build/worms_mech build --build-base /home/worm3/worms_mech_ws/build/worms_mech/build install --record /home/worm3/worms_mech_ws/build/worms_mech/install.log --single-version-externally-managed
