[5.643s] DEBUG:colcon:Command line arguments: ['/usr/bin/colcon', 'build']
[5.644s] DEBUG:colcon:Parsed command line arguments: Namespace(log_base=None, log_level=None, verb_name='build', build_base='build', install_base='install', merge_install=False, symlink_install=False, test_result_base=None, continue_on_error=False, executor='parallel', parallel_workers=4, event_handlers=None, ignore_user_meta=False, metas=['./colcon.meta'], base_paths=['.'], packages_ignore=None, packages_ignore_regex=None, paths=None, packages_up_to=None, packages_up_to_regex=None, packages_above=None, packages_above_and_dependencies=None, packages_above_depth=None, packages_select_by_dep=None, packages_skip_by_dep=None, packages_skip_up_to=None, packages_select_build_failed=False, packages_skip_build_finished=False, packages_select_test_failures=False, packages_skip_test_passed=False, packages_select=None, packages_skip=None, packages_select_regex=None, packages_skip_regex=None, packages_start=None, packages_end=None, allow_overriding=[], cmake_args=None, cmake_target=None, cmake_target_skip_unavailable=False, cmake_clean_cache=False, cmake_clean_first=False, cmake_force_configure=False, ament_cmake_args=None, catkin_cmake_args=None, catkin_skip_building_tests=False, verb_parser=<colcon_defaults.argument_parser.defaults.DefaultArgumentsDecorator object at 0xffff903a7760>, verb_extension=<colcon_core.verb.build.BuildVerb object at 0xffff9071fd30>, main=<bound method BuildVerb.main of <colcon_core.verb.build.BuildVerb object at 0xffff9071fd30>>)
[6.027s] Level 1:colcon.colcon_core.package_discovery:discover_packages(colcon_meta) check parameters
[6.033s] Level 1:colcon.colcon_core.package_discovery:discover_packages(recursive) check parameters
[6.033s] Level 1:colcon.colcon_core.package_discovery:discover_packages(ignore) check parameters
[6.034s] Level 1:colcon.colcon_core.package_discovery:discover_packages(path) check parameters
[6.034s] Level 1:colcon.colcon_core.package_discovery:discover_packages(colcon_meta) discover
[6.036s] Level 1:colcon.colcon_core.package_discovery:discover_packages(recursive) discover
[6.036s] INFO:colcon.colcon_core.package_discovery:Crawling recursively for packages in '/home/worm7/worms_mech_ws'
[6.038s] Level 1:colcon.colcon_core.package_identification:_identify(.) by extensions ['ignore', 'ignore_ament_install']
[6.042s] Level 1:colcon.colcon_core.package_identification:_identify(.) by extension 'ignore'
[6.045s] Level 1:colcon.colcon_core.package_identification:_identify(.) by extension 'ignore_ament_install'
[6.048s] Level 1:colcon.colcon_core.package_identification:_identify(.) by extensions ['colcon_pkg']
[6.049s] Level 1:colcon.colcon_core.package_identification:_identify(.) by extension 'colcon_pkg'
[6.050s] Level 1:colcon.colcon_core.package_identification:_identify(.) by extensions ['colcon_meta']
[6.051s] Level 1:colcon.colcon_core.package_identification:_identify(.) by extension 'colcon_meta'
[6.052s] Level 1:colcon.colcon_core.package_identification:_identify(.) by extensions ['ros']
[6.053s] Level 1:colcon.colcon_core.package_identification:_identify(.) by extension 'ros'
[6.298s] Level 1:colcon.colcon_core.package_identification:_identify(.) by extensions ['cmake', 'python']
[6.299s] Level 1:colcon.colcon_core.package_identification:_identify(.) by extension 'cmake'
[6.300s] Level 1:colcon.colcon_core.package_identification:_identify(.) by extension 'python'
[6.300s] Level 1:colcon.colcon_core.package_identification:_identify(.) by extensions ['python_setup_py']
[6.301s] Level 1:colcon.colcon_core.package_identification:_identify(.) by extension 'python_setup_py'
[6.302s] Level 1:colcon.colcon_core.package_identification:_identify(build) by extensions ['ignore', 'ignore_ament_install']
[6.303s] Level 1:colcon.colcon_core.package_identification:_identify(build) by extension 'ignore'
[6.303s] Level 1:colcon.colcon_core.package_identification:_identify(build) ignored
[6.305s] Level 1:colcon.colcon_core.package_identification:_identify(install) by extensions ['ignore', 'ignore_ament_install']
[6.306s] Level 1:colcon.colcon_core.package_identification:_identify(install) by extension 'ignore'
[6.307s] Level 1:colcon.colcon_core.package_identification:_identify(install) ignored
[6.310s] Level 1:colcon.colcon_core.package_identification:_identify(log) by extensions ['ignore', 'ignore_ament_install']
[6.311s] Level 1:colcon.colcon_core.package_identification:_identify(log) by extension 'ignore'
[6.312s] Level 1:colcon.colcon_core.package_identification:_identify(log) ignored
[6.313s] Level 1:colcon.colcon_core.package_identification:_identify(src) by extensions ['ignore', 'ignore_ament_install']
[6.319s] Level 1:colcon.colcon_core.package_identification:_identify(src) by extension 'ignore'
[6.321s] Level 1:colcon.colcon_core.package_identification:_identify(src) by extension 'ignore_ament_install'
[6.322s] Level 1:colcon.colcon_core.package_identification:_identify(src) by extensions ['colcon_pkg']
[6.323s] Level 1:colcon.colcon_core.package_identification:_identify(src) by extension 'colcon_pkg'
[6.324s] Level 1:colcon.colcon_core.package_identification:_identify(src) by extensions ['colcon_meta']
[6.325s] Level 1:colcon.colcon_core.package_identification:_identify(src) by extension 'colcon_meta'
[6.326s] Level 1:colcon.colcon_core.package_identification:_identify(src) by extensions ['ros']
[6.327s] Level 1:colcon.colcon_core.package_identification:_identify(src) by extension 'ros'
[6.329s] Level 1:colcon.colcon_core.package_identification:_identify(src) by extensions ['cmake', 'python']
[6.330s] Level 1:colcon.colcon_core.package_identification:_identify(src) by extension 'cmake'
[6.331s] Level 1:colcon.colcon_core.package_identification:_identify(src) by extension 'python'
[6.332s] Level 1:colcon.colcon_core.package_identification:_identify(src) by extensions ['python_setup_py']
[6.332s] Level 1:colcon.colcon_core.package_identification:_identify(src) by extension 'python_setup_py'
[6.334s] Level 1:colcon.colcon_core.package_identification:_identify(src/build) by extensions ['ignore', 'ignore_ament_install']
[6.335s] Level 1:colcon.colcon_core.package_identification:_identify(src/build) by extension 'ignore'
[6.336s] Level 1:colcon.colcon_core.package_identification:_identify(src/build) ignored
[6.337s] Level 1:colcon.colcon_core.package_identification:_identify(src/install) by extensions ['ignore', 'ignore_ament_install']
[6.338s] Level 1:colcon.colcon_core.package_identification:_identify(src/install) by extension 'ignore'
[6.340s] Level 1:colcon.colcon_core.package_identification:_identify(src/install) ignored
[6.343s] Level 1:colcon.colcon_core.package_identification:_identify(src/log) by extensions ['ignore', 'ignore_ament_install']
[6.345s] Level 1:colcon.colcon_core.package_identification:_identify(src/log) by extension 'ignore'
[6.346s] Level 1:colcon.colcon_core.package_identification:_identify(src/log) ignored
[6.348s] Level 1:colcon.colcon_core.package_identification:_identify(src/worms_mech) by extensions ['ignore', 'ignore_ament_install']
[6.349s] Level 1:colcon.colcon_core.package_identification:_identify(src/worms_mech) by extension 'ignore'
[6.350s] Level 1:colcon.colcon_core.package_identification:_identify(src/worms_mech) by extension 'ignore_ament_install'
[6.351s] Level 1:colcon.colcon_core.package_identification:_identify(src/worms_mech) by extensions ['colcon_pkg']
[6.352s] Level 1:colcon.colcon_core.package_identification:_identify(src/worms_mech) by extension 'colcon_pkg'
[6.353s] Level 1:colcon.colcon_core.package_identification:_identify(src/worms_mech) by extensions ['colcon_meta']
[6.354s] Level 1:colcon.colcon_core.package_identification:_identify(src/worms_mech) by extension 'colcon_meta'
[6.360s] Level 1:colcon.colcon_core.package_identification:_identify(src/worms_mech) by extensions ['ros']
[6.361s] Level 1:colcon.colcon_core.package_identification:_identify(src/worms_mech) by extension 'ros'
[6.390s] DEBUG:colcon.colcon_core.package_identification:Package 'src/worms_mech' with type 'ros.ament_python' and name 'worms_mech'
[6.392s] Level 1:colcon.colcon_core.package_discovery:discover_packages(recursive) using defaults
[6.393s] Level 1:colcon.colcon_core.package_discovery:discover_packages(ignore) discover
[6.394s] Level 1:colcon.colcon_core.package_discovery:discover_packages(ignore) using defaults
[6.395s] Level 1:colcon.colcon_core.package_discovery:discover_packages(path) discover
[6.396s] Level 1:colcon.colcon_core.package_discovery:discover_packages(path) using defaults
[6.659s] Level 1:colcon.colcon_core.package_discovery:discover_packages(prefix_path) check parameters
[6.659s] Level 1:colcon.colcon_core.package_discovery:discover_packages(prefix_path) discover
[6.720s] DEBUG:colcon.colcon_installed_package_information.package_discovery:Found 2 installed packages in /home/worm7/worms_mech_ws/install
[6.746s] DEBUG:colcon.colcon_installed_package_information.package_discovery:Found 16 installed packages in /home/worm7/worms_ws/install
[6.771s] DEBUG:colcon.colcon_installed_package_information.package_discovery:Found 275 installed packages in /opt/ros/humble
[6.783s] Level 1:colcon.colcon_core.package_discovery:discover_packages(prefix_path) using defaults
[7.787s] Level 5:colcon.colcon_core.verb:set package 'worms_mech' build argument 'cmake_args' from command line to 'None'
[7.789s] Level 5:colcon.colcon_core.verb:set package 'worms_mech' build argument 'cmake_target' from command line to 'None'
[7.791s] Level 5:colcon.colcon_core.verb:set package 'worms_mech' build argument 'cmake_target_skip_unavailable' from command line to 'False'
[7.796s] Level 5:colcon.colcon_core.verb:set package 'worms_mech' build argument 'cmake_clean_cache' from command line to 'False'
[7.796s] Level 5:colcon.colcon_core.verb:set package 'worms_mech' build argument 'cmake_clean_first' from command line to 'False'
[7.797s] Level 5:colcon.colcon_core.verb:set package 'worms_mech' build argument 'cmake_force_configure' from command line to 'False'
[7.798s] Level 5:colcon.colcon_core.verb:set package 'worms_mech' build argument 'ament_cmake_args' from command line to 'None'
[7.798s] Level 5:colcon.colcon_core.verb:set package 'worms_mech' build argument 'catkin_cmake_args' from command line to 'None'
[7.799s] Level 5:colcon.colcon_core.verb:set package 'worms_mech' build argument 'catkin_skip_building_tests' from command line to 'False'
[7.800s] DEBUG:colcon.colcon_core.verb:Building package 'worms_mech' with the following arguments: {'ament_cmake_args': None, 'build_base': '/home/worm7/worms_mech_ws/build/worms_mech', 'catkin_cmake_args': None, 'catkin_skip_building_tests': False, 'cmake_args': None, 'cmake_clean_cache': False, 'cmake_clean_first': False, 'cmake_force_configure': False, 'cmake_target': None, 'cmake_target_skip_unavailable': False, 'install_base': '/home/worm7/worms_mech_ws/install/worms_mech', 'merge_install': False, 'path': '/home/worm7/worms_mech_ws/src/worms_mech', 'symlink_install': False, 'test_result_base': None}
[7.807s] INFO:colcon.colcon_core.executor:Executing jobs using 'parallel' executor
[7.870s] DEBUG:colcon.colcon_parallel_executor.executor.parallel:run_until_complete
[7.876s] INFO:colcon.colcon_ros.task.ament_python.build:Building ROS package in '/home/worm7/worms_mech_ws/src/worms_mech' with build type 'ament_python'
[7.886s] Level 1:colcon.colcon_core.shell:create_environment_hook('worms_mech', 'ament_prefix_path')
[7.972s] INFO:colcon.colcon_core.plugin_system:Skipping extension 'colcon_core.shell.bat': Not used on non-Windows systems
[7.973s] INFO:colcon.colcon_core.shell:Creating environment hook '/home/worm7/worms_mech_ws/install/worms_mech/share/worms_mech/hook/ament_prefix_path.ps1'
[8.000s] INFO:colcon.colcon_core.shell:Creating environment descriptor '/home/worm7/worms_mech_ws/install/worms_mech/share/worms_mech/hook/ament_prefix_path.dsv'
[8.020s] INFO:colcon.colcon_core.shell:Creating environment hook '/home/worm7/worms_mech_ws/install/worms_mech/share/worms_mech/hook/ament_prefix_path.sh'
[8.049s] INFO:colcon.colcon_core.shell:Skip shell extension 'powershell' for command environment: Not usable outside of PowerShell
[8.050s] DEBUG:colcon.colcon_core.shell:Skip shell extension 'dsv' for command environment
[11.817s] INFO:colcon.colcon_core.task.python.build:Building Python package in '/home/worm7/worms_mech_ws/src/worms_mech'
[11.848s] INFO:colcon.colcon_core.shell:Skip shell extension 'powershell' for command environment: Not usable outside of PowerShell
[11.852s] DEBUG:colcon.colcon_core.shell:Skip shell extension 'dsv' for command environment
[16.742s] DEBUG:colcon.colcon_core.event_handler.log_command:Invoking command in '/home/worm7/worms_mech_ws/src/worms_mech': PYTHONPATH=/home/worm7/worms_mech_ws/install/worms_mech/lib/python3.10/site-packages:${PYTHONPATH} /usr/bin/python3 setup.py egg_info --egg-base ../../build/worms_mech build --build-base /home/worm7/worms_mech_ws/build/worms_mech/build install --prefix /home/worm7/worms_mech_ws/install/worms_mech --record /home/worm7/worms_mech_ws/build/worms_mech/install.log --single-version-externally-managed
[19.250s] DEBUG:colcon.colcon_core.event_handler.log_command:Invoked command in '/home/worm7/worms_mech_ws/src/worms_mech' returned '0': PYTHONPATH=/home/worm7/worms_mech_ws/install/worms_mech/lib/python3.10/site-packages:${PYTHONPATH} /usr/bin/python3 setup.py egg_info --egg-base ../../build/worms_mech build --build-base /home/worm7/worms_mech_ws/build/worms_mech/build install --prefix /home/worm7/worms_mech_ws/install/worms_mech --record /home/worm7/worms_mech_ws/build/worms_mech/install.log --single-version-externally-managed
[19.277s] Level 1:colcon.colcon_core.environment:checking '/home/worm7/worms_mech_ws/install/worms_mech' for CMake module files
[19.280s] Level 1:colcon.colcon_core.environment:checking '/home/worm7/worms_mech_ws/install/worms_mech' for CMake config files
[19.294s] Level 1:colcon.colcon_core.environment:checking '/home/worm7/worms_mech_ws/install/worms_mech/lib'
[19.296s] Level 1:colcon.colcon_core.environment:checking '/home/worm7/worms_mech_ws/install/worms_mech/bin'
[19.296s] Level 1:colcon.colcon_core.environment:checking '/home/worm7/worms_mech_ws/install/worms_mech/lib/pkgconfig/worms_mech.pc'
[19.298s] Level 1:colcon.colcon_core.environment:checking '/home/worm7/worms_mech_ws/install/worms_mech/lib/python3.10/site-packages'
[19.299s] Level 1:colcon.colcon_core.shell:create_environment_hook('worms_mech', 'pythonpath')
[19.315s] INFO:colcon.colcon_core.shell:Creating environment hook '/home/worm7/worms_mech_ws/install/worms_mech/share/worms_mech/hook/pythonpath.ps1'
[19.328s] INFO:colcon.colcon_core.shell:Creating environment descriptor '/home/worm7/worms_mech_ws/install/worms_mech/share/worms_mech/hook/pythonpath.dsv'
[19.333s] INFO:colcon.colcon_core.shell:Creating environment hook '/home/worm7/worms_mech_ws/install/worms_mech/share/worms_mech/hook/pythonpath.sh'
[19.337s] Level 1:colcon.colcon_core.environment:checking '/home/worm7/worms_mech_ws/install/worms_mech/bin'
[19.338s] Level 1:colcon.colcon_core.environment:create_environment_scripts_only(worms_mech)
[19.354s] INFO:colcon.colcon_core.shell:Creating package script '/home/worm7/worms_mech_ws/install/worms_mech/share/worms_mech/package.ps1'
[19.359s] INFO:colcon.colcon_core.shell:Creating package descriptor '/home/worm7/worms_mech_ws/install/worms_mech/share/worms_mech/package.dsv'
[19.363s] INFO:colcon.colcon_core.shell:Creating package script '/home/worm7/worms_mech_ws/install/worms_mech/share/worms_mech/package.sh'
[19.369s] INFO:colcon.colcon_core.shell:Creating package script '/home/worm7/worms_mech_ws/install/worms_mech/share/worms_mech/package.bash'
[19.373s] INFO:colcon.colcon_core.shell:Creating package script '/home/worm7/worms_mech_ws/install/worms_mech/share/worms_mech/package.zsh'
[19.377s] Level 1:colcon.colcon_core.environment:create_file_with_runtime_dependencies(/home/worm7/worms_mech_ws/install/worms_mech/share/colcon-core/packages/worms_mech)
[19.380s] DEBUG:colcon.colcon_parallel_executor.executor.parallel:closing loop
[19.381s] DEBUG:colcon.colcon_parallel_executor.executor.parallel:loop closed
[19.381s] DEBUG:colcon.colcon_parallel_executor.executor.parallel:run_until_complete finished with '0'
[19.382s] DEBUG:colcon.colcon_core.event_reactor:joining thread
[19.447s] INFO:colcon.colcon_core.plugin_system:Skipping extension 'colcon_notification.desktop_notification.terminal_notifier': Not used on non-Darwin systems
[19.448s] INFO:colcon.colcon_core.plugin_system:Skipping extension 'colcon_notification.desktop_notification.win32': Not used on non-Windows systems
[19.454s] INFO:colcon.colcon_notification.desktop_notification:Sending desktop notification using 'notify2'
[19.569s] DEBUG:colcon.colcon_core.event_reactor:joined thread
[19.578s] INFO:colcon.colcon_core.shell:Creating prefix script '/home/worm7/worms_mech_ws/install/local_setup.ps1'
[19.584s] INFO:colcon.colcon_core.shell:Creating prefix util module '/home/worm7/worms_mech_ws/install/_local_setup_util_ps1.py'
[19.597s] INFO:colcon.colcon_core.shell:Creating prefix chain script '/home/worm7/worms_mech_ws/install/setup.ps1'
[19.632s] INFO:colcon.colcon_core.shell:Creating prefix script '/home/worm7/worms_mech_ws/install/local_setup.sh'
[19.640s] INFO:colcon.colcon_core.shell:Creating prefix util module '/home/worm7/worms_mech_ws/install/_local_setup_util_sh.py'
[19.646s] INFO:colcon.colcon_core.shell:Creating prefix chain script '/home/worm7/worms_mech_ws/install/setup.sh'
[19.674s] INFO:colcon.colcon_core.shell:Creating prefix script '/home/worm7/worms_mech_ws/install/local_setup.bash'
[19.679s] INFO:colcon.colcon_core.shell:Creating prefix chain script '/home/worm7/worms_mech_ws/install/setup.bash'
[19.694s] INFO:colcon.colcon_core.shell:Creating prefix script '/home/worm7/worms_mech_ws/install/local_setup.zsh'
[19.699s] INFO:colcon.colcon_core.shell:Creating prefix chain script '/home/worm7/worms_mech_ws/install/setup.zsh'
