[0.161s] Invoking command in '/home/jacobrod/worms_ws/build/worms_gazebo': CMAKE_PREFIX_PATH=${CMAKE_PREFIX_PATH}:/home/jacobrod/worms_ws/src/install/worms_mech:/home/jacobrod/worms_ws/install/worms_mech:/opt/ros/humble /usr/bin/cmake --build /home/jacobrod/worms_ws/build/worms_gazebo -- -j8 -l8
[0.324s] [ 50%] Built target BasicSystem
[0.337s] [100%] Built target FullSystem
[0.480s] Invoked command in '/home/jacobrod/worms_ws/build/worms_gazebo' returned '0': CMAKE_PREFIX_PATH=${CMAKE_PREFIX_PATH}:/home/jacobrod/worms_ws/src/install/worms_mech:/home/jacobrod/worms_ws/install/worms_mech:/opt/ros/humble /usr/bin/cmake --build /home/jacobrod/worms_ws/build/worms_gazebo -- -j8 -l8
[0.864s] Invoking command in '/home/jacobrod/worms_ws/build/worms_gazebo': CMAKE_PREFIX_PATH=${CMAKE_PREFIX_PATH}:/home/jacobrod/worms_ws/src/install/worms_mech:/home/jacobrod/worms_ws/install/worms_mech:/opt/ros/humble /usr/bin/cmake --install /home/jacobrod/worms_ws/build/worms_gazebo
[1.227s] -- Install configuration: ""
[1.228s] -- Up-to-date: /home/jacobrod/worms_ws/install/worms_gazebo/lib/worms_gazebo/libBasicSystem.so
[1.228s] -- Up-to-date: /home/jacobrod/worms_ws/install/worms_gazebo/lib/worms_gazebo/libFullSystem.so
[1.228s] -- Up-to-date: /home/jacobrod/worms_ws/install/worms_gazebo/share/worms_gazebo/worlds
[1.228s] -- Up-to-date: /home/jacobrod/worms_ws/install/worms_gazebo/share/worms_gazebo/worlds/model.config
[1.228s] -- Up-to-date: /home/jacobrod/worms_ws/install/worms_gazebo/share/worms_gazebo/worlds/model.sdf
[1.229s] -- Up-to-date: /home/jacobrod/worms_ws/install/worms_gazebo/share/worms_gazebo/worlds/worms.sdf
[1.229s] -- Up-to-date: /home/jacobrod/worms_ws/install/worms_gazebo/share/worms_gazebo/worlds/moon_dem.sdf
[1.229s] -- Up-to-date: /home/jacobrod/worms_ws/install/worms_gazebo/share/worms_gazebo/worlds/diff_drive.sdf
[1.229s] -- Up-to-date: /home/jacobrod/worms_ws/install/worms_gazebo/share/worms_gazebo/environment/worms_gazebo.dsv
[1.229s] -- Up-to-date: /home/jacobrod/worms_ws/install/worms_gazebo/share/worms_gazebo/environment/worms_gazebo.sh
[1.229s] -- Up-to-date: /home/jacobrod/worms_ws/install/worms_gazebo/share/ament_index/resource_index/package_run_dependencies/worms_gazebo
[1.230s] -- Up-to-date: /home/jacobrod/worms_ws/install/worms_gazebo/share/ament_index/resource_index/parent_prefix_path/worms_gazebo
[1.230s] -- Up-to-date: /home/jacobrod/worms_ws/install/worms_gazebo/share/worms_gazebo/environment/ament_prefix_path.sh
[1.230s] -- Up-to-date: /home/jacobrod/worms_ws/install/worms_gazebo/share/worms_gazebo/environment/ament_prefix_path.dsv
[1.230s] -- Up-to-date: /home/jacobrod/worms_ws/install/worms_gazebo/share/worms_gazebo/environment/path.sh
[1.230s] -- Up-to-date: /home/jacobrod/worms_ws/install/worms_gazebo/share/worms_gazebo/environment/path.dsv
[1.231s] -- Up-to-date: /home/jacobrod/worms_ws/install/worms_gazebo/share/worms_gazebo/local_setup.bash
[1.231s] -- Up-to-date: /home/jacobrod/worms_ws/install/worms_gazebo/share/worms_gazebo/local_setup.sh
[1.231s] -- Up-to-date: /home/jacobrod/worms_ws/install/worms_gazebo/share/worms_gazebo/local_setup.zsh
[1.231s] -- Up-to-date: /home/jacobrod/worms_ws/install/worms_gazebo/share/worms_gazebo/local_setup.dsv
[1.231s] -- Installing: /home/jacobrod/worms_ws/install/worms_gazebo/share/worms_gazebo/package.dsv
[1.232s] -- Up-to-date: /home/jacobrod/worms_ws/install/worms_gazebo/share/ament_index/resource_index/packages/worms_gazebo
[1.232s] -- Up-to-date: /home/jacobrod/worms_ws/install/worms_gazebo/share/worms_gazebo/cmake/worms_gazeboConfig.cmake
[1.232s] -- Up-to-date: /home/jacobrod/worms_ws/install/worms_gazebo/share/worms_gazebo/cmake/worms_gazeboConfig-version.cmake
[1.232s] -- Up-to-date: /home/jacobrod/worms_ws/install/worms_gazebo/share/worms_gazebo/package.xml
[1.520s] Invoked command in '/home/jacobrod/worms_ws/build/worms_gazebo' returned '0': CMAKE_PREFIX_PATH=${CMAKE_PREFIX_PATH}:/home/jacobrod/worms_ws/src/install/worms_mech:/home/jacobrod/worms_ws/install/worms_mech:/opt/ros/humble /usr/bin/cmake --install /home/jacobrod/worms_ws/build/worms_gazebo
