-- The C compiler identification is GNU 11.4.0
-- The CXX compiler identification is GNU 11.4.0
-- Detecting C compiler ABI info
-- Detecting C compiler ABI info - done
-- Check for working C compiler: /usr/bin/cc - skipped
-- Detecting C compile features
-- Detecting C compile features - done
-- Detecting CXX compiler ABI info
-- Detecting CXX compiler ABI info - done
-- Check for working CXX compiler: /usr/bin/c++ - skipped
-- Detecting CXX compile features
-- Detecting CXX compile features - done
-- Found ament_cmake: 1.3.6 (/opt/ros/humble/share/ament_cmake/cmake)
-- Found Python3: /usr/bin/python3.10 (found version "3.10.12") found components: Interpreter 
-- Found ament_lint_auto: 0.12.9 (/opt/ros/humble/share/ament_lint_auto/cmake)
-- Added test 'copyright' to check source files copyright and LICENSE
-- Added test 'flake8' to check Python code syntax and style conventions
-- Added test 'lint_cmake' to check CMake code style
-- Added test 'pep257' to check Python code against some of the docstring style conventions in PEP 257
-- Added test 'xmllint' to check XML markup files
-- Configuring done
-- Generating done
-- Build files have been written to: /home/jacobrod/worms_ws/build/core_bringup
-- Install configuration: ""
-- Installing: /home/jacobrod/worms_ws/install/core_bringup/share/core_bringup/launch
-- Installing: /home/jacobrod/worms_ws/install/core_bringup/share/core_bringup/launch/worms_gazebo.launch.py
-- Installing: /home/jacobrod/worms_ws/install/core_bringup/share/core_bringup/launch/hound_gazebo.launch.py
-- Installing: /home/jacobrod/worms_ws/install/core_bringup/share/core_bringup/launch/worms_hound_rviz.launch.py
-- Installing: /home/jacobrod/worms_ws/install/core_bringup/share/core_bringup/launch/worms_setup.launch copy.py
-- Installing: /home/jacobrod/worms_ws/install/core_bringup/share/core_bringup/launch/worms_hound_gazebo.launch.py
-- Installing: /home/jacobrod/worms_ws/install/core_bringup/share/core_bringup/config
-- Installing: /home/jacobrod/worms_ws/install/core_bringup/share/core_bringup/config/worms_bridge.yaml
-- Installing: /home/jacobrod/worms_ws/install/core_bringup/share/core_bringup/config/worms.rviz
-- Installing: /home/jacobrod/worms_ws/install/core_bringup/share/core_bringup/config/diff_drive.rviz
-- Installing: /home/jacobrod/worms_ws/install/core_bringup/share/ament_index/resource_index/package_run_dependencies/core_bringup
-- Installing: /home/jacobrod/worms_ws/install/core_bringup/share/ament_index/resource_index/parent_prefix_path/core_bringup
-- Installing: /home/jacobrod/worms_ws/install/core_bringup/share/core_bringup/environment/ament_prefix_path.sh
-- Installing: /home/jacobrod/worms_ws/install/core_bringup/share/core_bringup/environment/ament_prefix_path.dsv
-- Installing: /home/jacobrod/worms_ws/install/core_bringup/share/core_bringup/environment/path.sh
-- Installing: /home/jacobrod/worms_ws/install/core_bringup/share/core_bringup/environment/path.dsv
-- Installing: /home/jacobrod/worms_ws/install/core_bringup/share/core_bringup/local_setup.bash
-- Installing: /home/jacobrod/worms_ws/install/core_bringup/share/core_bringup/local_setup.sh
-- Installing: /home/jacobrod/worms_ws/install/core_bringup/share/core_bringup/local_setup.zsh
-- Installing: /home/jacobrod/worms_ws/install/core_bringup/share/core_bringup/local_setup.dsv
-- Installing: /home/jacobrod/worms_ws/install/core_bringup/share/core_bringup/package.dsv
-- Installing: /home/jacobrod/worms_ws/install/core_bringup/share/ament_index/resource_index/packages/core_bringup
-- Installing: /home/jacobrod/worms_ws/install/core_bringup/share/core_bringup/cmake/core_bringupConfig.cmake
-- Installing: /home/jacobrod/worms_ws/install/core_bringup/share/core_bringup/cmake/core_bringupConfig-version.cmake
-- Installing: /home/jacobrod/worms_ws/install/core_bringup/share/core_bringup/package.xml
