[0.304s] Invoking command in '/home/jacobrod/worms_ws/build/core_bringup': CMAKE_PREFIX_PATH=${CMAKE_PREFIX_PATH}:/home/jacobrod/worms_ws/install/worms_mech:/opt/ros/humble /usr/bin/cmake /home/jacobrod/worms_ws/src/core_bringup -DBUILD_TESTING=ON -DCMAKE_INSTALL_PREFIX=/home/jacobrod/worms_ws/install/core_bringup
[0.420s] -- The C compiler identification is GNU 11.4.0
[0.524s] -- The CXX compiler identification is GNU 11.4.0
[0.537s] -- Detecting C compiler ABI info
[0.661s] -- Detecting C compiler ABI info - done
[0.686s] -- Check for working C compiler: /usr/bin/cc - skipped
[0.686s] -- Detecting C compile features
[0.687s] -- Detecting C compile features - done
[0.688s] -- Detecting CXX compiler ABI info
[0.844s] -- Detecting CXX compiler ABI info - done
[0.861s] -- Check for working CXX compiler: /usr/bin/c++ - skipped
[0.861s] -- Detecting CXX compile features
[0.868s] -- Detecting CXX compile features - done
[0.870s] -- Found ament_cmake: 1.3.6 (/opt/ros/humble/share/ament_cmake/cmake)
[1.177s] -- Found Python3: /usr/bin/python3.10 (found version "3.10.12") found components: Interpreter 
[1.323s] -- Found ament_lint_auto: 0.12.9 (/opt/ros/humble/share/ament_lint_auto/cmake)
[1.461s] -- Added test 'copyright' to check source files copyright and LICENSE
[1.471s] -- Added test 'flake8' to check Python code syntax and style conventions
[1.472s] -- Added test 'lint_cmake' to check CMake code style
[1.472s] -- Added test 'pep257' to check Python code against some of the docstring style conventions in PEP 257
[1.475s] -- Added test 'xmllint' to check XML markup files
[1.478s] -- Configuring done
[1.485s] -- Generating done
[1.487s] -- Build files have been written to: /home/jacobrod/worms_ws/build/core_bringup
[1.496s] Invoked command in '/home/jacobrod/worms_ws/build/core_bringup' returned '0': CMAKE_PREFIX_PATH=${CMAKE_PREFIX_PATH}:/home/jacobrod/worms_ws/install/worms_mech:/opt/ros/humble /usr/bin/cmake /home/jacobrod/worms_ws/src/core_bringup -DBUILD_TESTING=ON -DCMAKE_INSTALL_PREFIX=/home/jacobrod/worms_ws/install/core_bringup
[1.497s] Invoking command in '/home/jacobrod/worms_ws/build/core_bringup': CMAKE_PREFIX_PATH=${CMAKE_PREFIX_PATH}:/home/jacobrod/worms_ws/install/worms_mech:/opt/ros/humble /usr/bin/cmake --build /home/jacobrod/worms_ws/build/core_bringup -- -j8 -l8
[1.567s] Invoked command in '/home/jacobrod/worms_ws/build/core_bringup' returned '0': CMAKE_PREFIX_PATH=${CMAKE_PREFIX_PATH}:/home/jacobrod/worms_ws/install/worms_mech:/opt/ros/humble /usr/bin/cmake --build /home/jacobrod/worms_ws/build/core_bringup -- -j8 -l8
[1.727s] Invoking command in '/home/jacobrod/worms_ws/build/core_bringup': CMAKE_PREFIX_PATH=${CMAKE_PREFIX_PATH}:/home/jacobrod/worms_ws/install/worms_mech:/opt/ros/humble /usr/bin/cmake --install /home/jacobrod/worms_ws/build/core_bringup
[1.850s] -- Install configuration: ""
[1.850s] -- Installing: /home/jacobrod/worms_ws/install/core_bringup/share/core_bringup/launch
[1.851s] -- Installing: /home/jacobrod/worms_ws/install/core_bringup/share/core_bringup/launch/worms_gazebo.launch.py
[1.851s] -- Installing: /home/jacobrod/worms_ws/install/core_bringup/share/core_bringup/launch/hound_gazebo.launch.py
[1.851s] -- Installing: /home/jacobrod/worms_ws/install/core_bringup/share/core_bringup/launch/worms_hound_rviz.launch.py
[1.851s] -- Installing: /home/jacobrod/worms_ws/install/core_bringup/share/core_bringup/launch/worms_setup.launch copy.py
[1.852s] -- Installing: /home/jacobrod/worms_ws/install/core_bringup/share/core_bringup/launch/worms_hound_gazebo.launch.py
[1.852s] -- Installing: /home/jacobrod/worms_ws/install/core_bringup/share/core_bringup/config
[1.852s] -- Installing: /home/jacobrod/worms_ws/install/core_bringup/share/core_bringup/config/worms_bridge.yaml
[1.852s] -- Installing: /home/jacobrod/worms_ws/install/core_bringup/share/core_bringup/config/worms.rviz
[1.853s] -- Installing: /home/jacobrod/worms_ws/install/core_bringup/share/core_bringup/config/diff_drive.rviz
[1.853s] -- Installing: /home/jacobrod/worms_ws/install/core_bringup/share/ament_index/resource_index/package_run_dependencies/core_bringup
[1.853s] -- Installing: /home/jacobrod/worms_ws/install/core_bringup/share/ament_index/resource_index/parent_prefix_path/core_bringup
[1.854s] -- Installing: /home/jacobrod/worms_ws/install/core_bringup/share/core_bringup/environment/ament_prefix_path.sh
[1.854s] -- Installing: /home/jacobrod/worms_ws/install/core_bringup/share/core_bringup/environment/ament_prefix_path.dsv
[1.854s] -- Installing: /home/jacobrod/worms_ws/install/core_bringup/share/core_bringup/environment/path.sh
[1.854s] -- Installing: /home/jacobrod/worms_ws/install/core_bringup/share/core_bringup/environment/path.dsv
[1.854s] -- Installing: /home/jacobrod/worms_ws/install/core_bringup/share/core_bringup/local_setup.bash
[1.854s] -- Installing: /home/jacobrod/worms_ws/install/core_bringup/share/core_bringup/local_setup.sh
[1.854s] -- Installing: /home/jacobrod/worms_ws/install/core_bringup/share/core_bringup/local_setup.zsh
[1.854s] -- Installing: /home/jacobrod/worms_ws/install/core_bringup/share/core_bringup/local_setup.dsv
[1.854s] -- Installing: /home/jacobrod/worms_ws/install/core_bringup/share/core_bringup/package.dsv
[1.854s] -- Installing: /home/jacobrod/worms_ws/install/core_bringup/share/ament_index/resource_index/packages/core_bringup
[1.854s] -- Installing: /home/jacobrod/worms_ws/install/core_bringup/share/core_bringup/cmake/core_bringupConfig.cmake
[1.854s] -- Installing: /home/jacobrod/worms_ws/install/core_bringup/share/core_bringup/cmake/core_bringupConfig-version.cmake
[1.854s] -- Installing: /home/jacobrod/worms_ws/install/core_bringup/share/core_bringup/package.xml
[2.038s] Invoked command in '/home/jacobrod/worms_ws/build/core_bringup' returned '0': CMAKE_PREFIX_PATH=${CMAKE_PREFIX_PATH}:/home/jacobrod/worms_ws/install/worms_mech:/opt/ros/humble /usr/bin/cmake --install /home/jacobrod/worms_ws/build/core_bringup
