[0.158s] Invoking command in '/home/jacobrod/worms_ws/build/worms_gazebo': CMAKE_PREFIX_PATH=${CMAKE_PREFIX_PATH}:/home/jacobrod/worms_ws/install/worms_mech:/opt/ros/humble /usr/bin/cmake /home/jacobrod/worms_ws/src/worms_gazebo -DCMAKE_INSTALL_PREFIX=/home/jacobrod/worms_ws/install/worms_gazebo
[0.562s] -- Found ament_cmake: 1.3.6 (/opt/ros/humble/share/ament_cmake/cmake)
[0.563s] -- Looking for gz-plugin2 -- found version 2.0.2
[0.563s] -- Searching for dependencies of gz-plugin2
[0.563s] -- Looking for gz-utils2 -- found version 2.2.0
[0.563s] -- Searching for dependencies of gz-utils2
[0.563s] -- Searching for <gz-utils2> component [cli]
[0.563s] -- Looking for gz-utils2-cli -- found version 2.2.0
[0.563s] -- Searching for dependencies of gz-utils2-cli
[0.563s] -- Searching for <gz-plugin2> component [register]
[0.563s] -- Looking for gz-plugin2-register -- found version 2.0.2
[0.564s] -- Searching for dependencies of gz-plugin2-register
[0.564s] -- Looking for gz-common5 -- found version 5.4.2
[0.564s] -- Searching for dependencies of gz-common5
[0.564s] -- Looking for gz-utils2 -- found version 2.2.0
[0.564s] -- Looking for dlfcn.h - found
[0.564s] -- Looking for libdl - found
[0.564s] -- Checking for module 'uuid'
[0.568s] --   Found uuid, version 2.37.2
[0.733s] -- Searching for <gz-common5> component [profiler]
[0.733s] -- Looking for gz-common5-profiler -- found version 5.4.2
[0.734s] -- Searching for dependencies of gz-common5-profiler
[0.750s] -- Looking for gz-sim7 -- found version 7.6.0
[0.755s] -- Searching for dependencies of gz-sim7
[0.755s] -- Looking for sdformat13 -- found version 13.6.0
[0.756s] -- Searching for dependencies of sdformat13
[0.781s] -- Checking for module 'tinyxml2'
[0.792s] --   Found tinyxml2, version 9.0.0
[0.841s] -- Looking for gz-math7 -- found version 7.3.0
[0.842s] -- Searching for dependencies of gz-math7
[0.843s] -- Looking for gz-utils2 -- found version 2.2.0
[0.845s] -- Looking for gz-utils2 -- found version 2.2.0
[0.846s] -- Looking for gz-plugin2 -- found version 2.0.2
[0.847s] -- Searching for dependencies of gz-plugin2
[0.847s] -- Looking for gz-utils2 -- found version 2.2.0
[0.848s] -- Searching for <gz-plugin2> component [loader]
[0.848s] -- Looking for gz-plugin2-loader -- found version 2.0.2
[0.849s] -- Searching for dependencies of gz-plugin2-loader
[0.850s] -- Searching for <gz-plugin2> component [register]
[0.852s] -- Looking for gz-transport12 -- found version 12.2.1
[0.852s] -- Searching for dependencies of gz-transport12
[0.927s] -- Config-file not installed for ZeroMQ -- checking for pkg-config
[0.948s] -- Checking for module 'libzmq >= 4'
[0.976s] --   Found libzmq , version 4.3.4
[1.043s] -- Looking for gz-utils2 -- found version 2.2.0
[1.044s] -- Looking for gz-msgs9 -- found version 9.5.0
[1.045s] -- Searching for dependencies of gz-msgs9
[1.114s] -- Looking for gz-math7 -- found version 7.3.0
[1.115s] -- Searching for <gz-transport12> component [log]
[1.115s] -- Looking for gz-transport12-log -- found version 12.2.1
[1.115s] -- Searching for dependencies of gz-transport12-log
[1.116s] -- Searching for <gz-transport12> component [parameters]
[1.116s] -- Looking for gz-transport12-parameters -- found version 12.2.1
[1.116s] -- Searching for dependencies of gz-transport12-parameters
[1.117s] -- Looking for gz-msgs9 -- found version 9.5.0
[1.117s] -- Looking for gz-common5 -- found version 5.4.2
[1.117s] -- Searching for dependencies of gz-common5
[1.117s] -- Looking for gz-utils2 -- found version 2.2.0
[1.118s] -- Looking for dlfcn.h - found
[1.118s] -- Looking for libdl - found
[1.119s] -- Searching for <gz-common5> component [profiler]
[1.119s] -- Searching for <gz-common5> component [events]
[1.119s] -- Looking for gz-common5-events -- found version 5.4.2
[1.120s] -- Searching for dependencies of gz-common5-events
[1.120s] -- Looking for gz-math7 -- found version 7.3.0
[1.120s] -- Searching for <gz-common5> component [av]
[1.121s] -- Looking for gz-common5-av -- found version 5.4.2
[1.121s] -- Searching for dependencies of gz-common5-av
[1.128s] -- Checking for module 'libswscale'
[1.151s] --   Found libswscale, version 5.9.100
[1.207s] -- Checking for module 'libavdevice >= 56.4.100'
[1.233s] --   Found libavdevice , version 58.13.100
[1.298s] -- Checking for module 'libavformat'
[1.319s] --   Found libavformat, version 58.76.100
[1.376s] -- Checking for module 'libavcodec'
[1.394s] --   Found libavcodec, version 58.134.100
[1.458s] -- Checking for module 'libavutil'
[1.481s] --   Found libavutil, version 56.70.100
[1.531s] -- Searching for <gz-common5> component [io]
[1.532s] -- Looking for gz-common5-io -- found version 5.4.2
[1.532s] -- Searching for dependencies of gz-common5-io
[1.535s] -- Looking for gz-fuel_tools8 -- found version 8.1.0
[1.536s] -- Searching for dependencies of gz-fuel_tools8
[1.611s] -- Checking for module 'jsoncpp'
[1.635s] --   Found jsoncpp, version 1.9.5
[1.695s] -- Checking for module 'libzip'
[1.723s] --   Found libzip, version 1.7.3
[1.776s] -- Looking for gz-utils2 -- found version 2.2.0
[1.777s] -- Looking for gz-common5 -- found version 5.4.2
[1.777s] -- Searching for dependencies of gz-common5
[1.778s] -- Looking for gz-utils2 -- found version 2.2.0
[1.779s] -- Looking for dlfcn.h - found
[1.780s] -- Looking for libdl - found
[1.788s] -- Searching for <gz-common5> component [testing]
[1.788s] -- Looking for gz-common5-testing -- found version 5.4.2
[1.789s] -- Searching for dependencies of gz-common5-testing
[1.791s] -- Looking for gz-math7 -- found version 7.3.0
[1.792s] -- Looking for gz-msgs9 -- found version 9.5.0
[1.793s] -- Looking for gz-gui7 -- found version 7.2.1
[1.794s] -- Searching for dependencies of gz-gui7
[1.842s] -- Looking for gz-utils2 -- found version 2.2.0
[1.843s] -- Looking for gz-math7 -- found version 7.3.0
[1.844s] -- Looking for gz-common5 -- found version 5.4.2
[1.844s] -- Looking for gz-plugin2 -- found version 2.0.2
[1.845s] -- Looking for gz-transport12 -- found version 12.2.1
[1.845s] -- Looking for gz-rendering7 -- found version 7.4.2
[1.846s] -- Searching for dependencies of gz-rendering7
[1.847s] -- Looking for gz-math7 -- found version 7.3.0
[1.848s] -- Searching for dependencies of gz-math7
[1.848s] -- Looking for gz-utils2 -- found version 2.2.0
[1.848s] -- Searching for <gz-math7> component [eigen3]
[1.849s] -- Looking for gz-math7-eigen3 -- found version 7.3.0
[1.850s] -- Searching for dependencies of gz-math7-eigen3
[1.854s] -- Looking for gz-common5 -- found version 5.4.2
[1.855s] -- Searching for dependencies of gz-common5
[1.855s] -- Looking for gz-utils2 -- found version 2.2.0
[1.856s] -- Looking for dlfcn.h - found
[1.857s] -- Looking for libdl - found
[1.867s] -- Searching for <gz-common5> component [graphics]
[1.867s] -- Looking for gz-common5-graphics -- found version 5.4.2
[1.869s] -- Searching for dependencies of gz-common5-graphics
[1.870s] -- Looking for gz-math7 -- found version 7.3.0
[1.876s] -- Searching for <gz-common5> component [events]
[1.877s] -- Searching for <gz-common5> component [geospatial]
[1.878s] -- Looking for gz-common5-geospatial -- found version 5.4.2
[1.879s] -- Searching for dependencies of gz-common5-geospatial
[1.880s] -- Looking for gz-math7 -- found version 7.3.0
[1.880s] -- Looking for gz-common5 -- found version 5.4.2
[1.882s] -- Looking for gz-plugin2 -- found version 2.0.2
[1.883s] -- Searching for dependencies of gz-plugin2
[1.883s] -- Looking for gz-utils2 -- found version 2.2.0
[1.884s] -- Searching for <gz-plugin2> component [all]
[1.884s] -- Looking for all libraries of gz-plugin2 -- found version 2.0.2
[1.886s] -- Looking for gz-plugin2 -- found version 2.0.2
[1.888s] -- Looking for gz-utils2 -- found version 2.2.0
[1.893s] -- Looking for gz-msgs9 -- found version 9.5.0
[1.921s] -- Looking for gz-physics6 -- found version 6.5.1
[1.922s] -- Searching for dependencies of gz-physics6
[1.922s] -- Looking for gz-math7 -- found version 7.3.0
[1.923s] -- Looking for gz-plugin2 -- found version 2.0.2
[1.924s] -- Looking for gz-utils2 -- found version 2.2.0
[1.927s] -- Searching for <gz-physics6> component [heightmap]
[1.927s] -- Looking for gz-physics6-heightmap -- found version 6.5.1
[1.929s] -- Searching for dependencies of gz-physics6-heightmap
[1.929s] -- Looking for gz-common5 -- found version 5.4.2
[1.930s] -- Searching for <gz-physics6> component [mesh]
[1.930s] -- Looking for gz-physics6-mesh -- found version 6.5.1
[1.930s] -- Searching for dependencies of gz-physics6-mesh
[1.930s] -- Looking for gz-common5 -- found version 5.4.2
[1.931s] -- Searching for <gz-physics6> component [sdf]
[1.932s] -- Looking for gz-physics6-sdf -- found version 6.5.1
[1.932s] -- Searching for dependencies of gz-physics6-sdf
[1.935s] -- Looking for sdformat13 -- found version 13.6.0
[1.935s] -- Looking for gz-sensors7 -- found version 7.3.0
[1.935s] -- Searching for dependencies of gz-sensors7
[1.969s] -- Looking for gz-math7 -- found version 7.3.0
[1.971s] -- Looking for gz-common5 -- found version 5.4.2
[1.972s] -- Looking for gz-transport12 -- found version 12.2.1
[1.972s] -- Looking for gz-rendering7 -- found version 7.4.2
[1.972s] -- Looking for gz-msgs9 -- found version 9.5.0
[1.973s] -- Looking for sdformat13 -- found version 13.6.0
[1.974s] -- Searching for <gz-sensors7> component [air_pressure]
[1.975s] -- Looking for gz-sensors7-air_pressure -- found version 7.3.0
[1.976s] -- Searching for dependencies of gz-sensors7-air_pressure
[1.977s] -- Searching for <gz-sensors7> component [air_speed]
[1.978s] -- Looking for gz-sensors7-air_speed -- found version 7.3.0
[1.978s] -- Searching for dependencies of gz-sensors7-air_speed
[1.979s] -- Searching for <gz-sensors7> component [altimeter]
[1.980s] -- Looking for gz-sensors7-altimeter -- found version 7.3.0
[1.981s] -- Searching for dependencies of gz-sensors7-altimeter
[1.981s] -- Searching for <gz-sensors7> component [imu]
[1.982s] -- Looking for gz-sensors7-imu -- found version 7.3.0
[1.983s] -- Searching for dependencies of gz-sensors7-imu
[1.984s] -- Searching for <gz-sensors7> component [force_torque]
[1.984s] -- Looking for gz-sensors7-force_torque -- found version 7.3.0
[1.985s] -- Searching for dependencies of gz-sensors7-force_torque
[1.986s] -- Searching for <gz-sensors7> component [logical_camera]
[1.987s] -- Looking for gz-sensors7-logical_camera -- found version 7.3.0
[1.987s] -- Searching for dependencies of gz-sensors7-logical_camera
[1.988s] -- Searching for <gz-sensors7> component [magnetometer]
[1.989s] -- Looking for gz-sensors7-magnetometer -- found version 7.3.0
[1.989s] -- Searching for dependencies of gz-sensors7-magnetometer
[1.990s] -- Searching for <gz-sensors7> component [navsat]
[1.991s] -- Looking for gz-sensors7-navsat -- found version 7.3.0
[1.992s] -- Searching for dependencies of gz-sensors7-navsat
[1.993s] -- Searching for <gz-sensors7> component [rendering]
[1.993s] -- Looking for gz-sensors7-rendering -- found version 7.3.0
[1.995s] -- Searching for dependencies of gz-sensors7-rendering
[1.995s] -- Searching for <gz-sensors7> component [lidar]
[1.996s] -- Looking for gz-sensors7-lidar -- found version 7.3.0
[1.996s] -- Searching for dependencies of gz-sensors7-lidar
[1.997s] -- Looking for gz-sensors7 -- found version 7.3.0
[1.999s] -- Searching for <gz-sensors7> component [gpu_lidar]
[1.999s] -- Looking for gz-sensors7-gpu_lidar -- found version 7.3.0
[2.000s] -- Searching for dependencies of gz-sensors7-gpu_lidar
[2.000s] -- Looking for gz-sensors7 -- found version 7.3.0
[2.001s] -- Searching for <gz-sensors7> component [camera]
[2.002s] -- Looking for gz-sensors7-camera -- found version 7.3.0
[2.003s] -- Searching for dependencies of gz-sensors7-camera
[2.005s] -- Looking for gz-sensors7 -- found version 7.3.0
[2.006s] -- Searching for <gz-sensors7> component [boundingbox_camera]
[2.006s] -- Looking for gz-sensors7-boundingbox_camera -- found version 7.3.0
[2.007s] -- Searching for dependencies of gz-sensors7-boundingbox_camera
[2.008s] -- Searching for <gz-sensors7> component [segmentation_camera]
[2.009s] -- Looking for gz-sensors7-segmentation_camera -- found version 7.3.0
[2.010s] -- Searching for dependencies of gz-sensors7-segmentation_camera
[2.011s] -- Searching for <gz-sensors7> component [depth_camera]
[2.012s] -- Looking for gz-sensors7-depth_camera -- found version 7.3.0
[2.012s] -- Searching for dependencies of gz-sensors7-depth_camera
[2.013s] -- Looking for gz-sensors7 -- found version 7.3.0
[2.014s] -- Searching for <gz-sensors7> component [rgbd_camera]
[2.015s] -- Looking for gz-sensors7-rgbd_camera -- found version 7.3.0
[2.016s] -- Searching for dependencies of gz-sensors7-rgbd_camera
[2.017s] -- Looking for gz-sensors7 -- found version 7.3.0
[2.020s] -- Searching for <gz-sensors7> component [thermal_camera]
[2.021s] -- Looking for gz-sensors7-thermal_camera -- found version 7.3.0
[2.021s] -- Searching for dependencies of gz-sensors7-thermal_camera
[2.021s] -- Looking for gz-sensors7 -- found version 7.3.0
[2.021s] -- Searching for <gz-sensors7> component [wide_angle_camera]
[2.023s] -- Looking for gz-sensors7-wide_angle_camera -- found version 7.3.0
[2.024s] -- Searching for dependencies of gz-sensors7-wide_angle_camera
[2.025s] -- Looking for gz-rendering7 -- found version 7.4.2
[2.026s] -- Looking for gz-math7 -- found version 7.3.0
[2.027s] -- Looking for gz-utils2 -- found version 2.2.0
[2.064s] -- Found ament_lint_auto: 0.12.9 (/opt/ros/humble/share/ament_lint_auto/cmake)
[2.178s] -- Added test 'copyright' to check source files copyright and LICENSE
[2.180s] -- Added test 'cppcheck' to perform static code analysis on C / C++ code
[2.181s] -- Configured cppcheck include dirs: /home/jacobrod/worms_ws/src/worms_gazebo/include
[2.182s] -- Configured cppcheck exclude dirs and/or files: 
[2.183s] -- Added test 'cpplint' to check C / C++ code against the Google style
[2.183s] -- Configured cpplint exclude dirs and/or files: 
[2.186s] -- Added test 'lint_cmake' to check CMake code style
[2.187s] -- Added test 'uncrustify' to check C / C++ code style
[2.187s] -- Configured uncrustify additional arguments: 
[2.188s] -- Added test 'xmllint' to check XML markup files
[2.189s] -- Configuring done
[2.215s] -- Generating done
[2.220s] -- Build files have been written to: /home/jacobrod/worms_ws/build/worms_gazebo
[2.279s] Invoked command in '/home/jacobrod/worms_ws/build/worms_gazebo' returned '0': CMAKE_PREFIX_PATH=${CMAKE_PREFIX_PATH}:/home/jacobrod/worms_ws/install/worms_mech:/opt/ros/humble /usr/bin/cmake /home/jacobrod/worms_ws/src/worms_gazebo -DCMAKE_INSTALL_PREFIX=/home/jacobrod/worms_ws/install/worms_gazebo
[2.284s] Invoking command in '/home/jacobrod/worms_ws/build/worms_gazebo': CMAKE_PREFIX_PATH=${CMAKE_PREFIX_PATH}:/home/jacobrod/worms_ws/install/worms_mech:/opt/ros/humble /usr/bin/cmake --build /home/jacobrod/worms_ws/build/worms_gazebo -- -j8 -l8
[2.348s] [35m[1mConsolidate compiler generated dependencies of target FullSystem[0m
[2.348s] [35m[1mConsolidate compiler generated dependencies of target BasicSystem[0m
[2.377s] [100%] Built target BasicSystem
[2.377s] [100%] Built target FullSystem
[2.847s] Invoked command in '/home/jacobrod/worms_ws/build/worms_gazebo' returned '0': CMAKE_PREFIX_PATH=${CMAKE_PREFIX_PATH}:/home/jacobrod/worms_ws/install/worms_mech:/opt/ros/humble /usr/bin/cmake --build /home/jacobrod/worms_ws/build/worms_gazebo -- -j8 -l8
[2.905s] Invoking command in '/home/jacobrod/worms_ws/build/worms_gazebo': CMAKE_PREFIX_PATH=${CMAKE_PREFIX_PATH}:/home/jacobrod/worms_ws/install/worms_mech:/opt/ros/humble /usr/bin/cmake --install /home/jacobrod/worms_ws/build/worms_gazebo
[2.922s] -- Install configuration: ""
[2.922s] -- Up-to-date: /home/jacobrod/worms_ws/install/worms_gazebo/lib/worms_gazebo/libBasicSystem.so
[2.922s] -- Up-to-date: /home/jacobrod/worms_ws/install/worms_gazebo/lib/worms_gazebo/libFullSystem.so
[2.923s] -- Up-to-date: /home/jacobrod/worms_ws/install/worms_gazebo/share/worms_gazebo/worlds
[2.923s] -- Up-to-date: /home/jacobrod/worms_ws/install/worms_gazebo/share/worms_gazebo/worlds/model.config
[2.923s] -- Up-to-date: /home/jacobrod/worms_ws/install/worms_gazebo/share/worms_gazebo/worlds/model.sdf
[2.923s] -- Up-to-date: /home/jacobrod/worms_ws/install/worms_gazebo/share/worms_gazebo/worlds/worms.sdf
[2.939s] -- Up-to-date: /home/jacobrod/worms_ws/install/worms_gazebo/share/worms_gazebo/worlds/moon_dem.sdf
[2.939s] -- Up-to-date: /home/jacobrod/worms_ws/install/worms_gazebo/share/worms_gazebo/worlds/diff_drive.sdf
[2.939s] -- Up-to-date: /home/jacobrod/worms_ws/install/worms_gazebo/share/worms_gazebo/environment/worms_gazebo.dsv
[2.940s] -- Up-to-date: /home/jacobrod/worms_ws/install/worms_gazebo/share/worms_gazebo/environment/worms_gazebo.sh
[2.940s] -- Up-to-date: /home/jacobrod/worms_ws/install/worms_gazebo/share/ament_index/resource_index/package_run_dependencies/worms_gazebo
[2.940s] -- Installing: /home/jacobrod/worms_ws/install/worms_gazebo/share/ament_index/resource_index/parent_prefix_path/worms_gazebo
[2.940s] -- Up-to-date: /home/jacobrod/worms_ws/install/worms_gazebo/share/worms_gazebo/environment/ament_prefix_path.sh
[2.940s] -- Installing: /home/jacobrod/worms_ws/install/worms_gazebo/share/worms_gazebo/environment/ament_prefix_path.dsv
[2.940s] -- Up-to-date: /home/jacobrod/worms_ws/install/worms_gazebo/share/worms_gazebo/environment/path.sh
[2.941s] -- Installing: /home/jacobrod/worms_ws/install/worms_gazebo/share/worms_gazebo/environment/path.dsv
[2.941s] -- Up-to-date: /home/jacobrod/worms_ws/install/worms_gazebo/share/worms_gazebo/local_setup.bash
[2.941s] -- Up-to-date: /home/jacobrod/worms_ws/install/worms_gazebo/share/worms_gazebo/local_setup.sh
[2.942s] -- Up-to-date: /home/jacobrod/worms_ws/install/worms_gazebo/share/worms_gazebo/local_setup.zsh
[2.942s] -- Installing: /home/jacobrod/worms_ws/install/worms_gazebo/share/worms_gazebo/local_setup.dsv
[2.943s] -- Installing: /home/jacobrod/worms_ws/install/worms_gazebo/share/worms_gazebo/package.dsv
[2.943s] -- Up-to-date: /home/jacobrod/worms_ws/install/worms_gazebo/share/ament_index/resource_index/packages/worms_gazebo
[2.943s] -- Up-to-date: /home/jacobrod/worms_ws/install/worms_gazebo/share/worms_gazebo/cmake/worms_gazeboConfig.cmake
[2.943s] -- Up-to-date: /home/jacobrod/worms_ws/install/worms_gazebo/share/worms_gazebo/cmake/worms_gazeboConfig-version.cmake
[2.943s] -- Up-to-date: /home/jacobrod/worms_ws/install/worms_gazebo/share/worms_gazebo/package.xml
[2.944s] Invoked command in '/home/jacobrod/worms_ws/build/worms_gazebo' returned '0': CMAKE_PREFIX_PATH=${CMAKE_PREFIX_PATH}:/home/jacobrod/worms_ws/install/worms_mech:/opt/ros/humble /usr/bin/cmake --install /home/jacobrod/worms_ws/build/worms_gazebo
