[2.789s] Invoking command in '/home/worm3/worms_mech_ws/src/worms_mech': PYTHONPATH=/home/worm3/worms_mech_ws/build/worms_mech/prefix_override:/home/worm3/worms_mech_ws/install/worms_mech/lib/python3.10/site-packages:${PYTHONPATH} /usr/bin/python3 setup.py egg_info --egg-base ../../build/worms_mech build --build-base /home/worm3/worms_mech_ws/build/worms_mech/build install --record /home/worm3/worms_mech_ws/build/worms_mech/install.log --single-version-externally-managed
[3.696s] running egg_info
[3.698s] writing ../../build/worms_mech/worms_mech.egg-info/PKG-INFO
[3.699s] writing dependency_links to ../../build/worms_mech/worms_mech.egg-info/dependency_links.txt
[3.701s] writing entry points to ../../build/worms_mech/worms_mech.egg-info/entry_points.txt
[3.702s] writing requirements to ../../build/worms_mech/worms_mech.egg-info/requires.txt
[3.703s] writing top-level names to ../../build/worms_mech/worms_mech.egg-info/top_level.txt
[3.710s] reading manifest file '../../build/worms_mech/worms_mech.egg-info/SOURCES.txt'
[3.714s] writing manifest file '../../build/worms_mech/worms_mech.egg-info/SOURCES.txt'
[3.715s] running build
[3.715s] running build_py
[3.718s] copying worms_mech/hardware_interface.py -> /home/worm3/worms_mech_ws/build/worms_mech/build/lib/worms_mech
[3.720s] running install
[3.721s] /usr/lib/python3/dist-packages/setuptools/command/install.py:34: SetuptoolsDeprecationWarning: setup.py install is deprecated. Use build and pip and other standards-based tools.
[3.721s]   warnings.warn(
[3.722s] running install_lib
[3.727s] copying /home/worm3/worms_mech_ws/build/worms_mech/build/lib/worms_mech/hardware_interface.py -> /home/worm3/worms_mech_ws/install/worms_mech/lib/python3.10/site-packages/worms_mech
[3.731s] byte-compiling /home/worm3/worms_mech_ws/install/worms_mech/lib/python3.10/site-packages/worms_mech/hardware_interface.py to hardware_interface.cpython-310.pyc
[3.735s]   File "/home/worm3/worms_mech_ws/install/worms_mech/lib/python3.10/site-packages/worms_mech/hardware_interface.py", line 104
[3.736s]     self.pos1 * motor_direction[0], self.vel1 * motor_direction[0], self.curr1  * motor_direction[0] = motor_controller.send_deg_command(pos_command  * motor_direction[0], vel_command  * motor_direction[0], Kp, Kd, K_ff  * motor_direction[0])
[3.736s]                                                                     ^^^^^^^^^^^^^^^^^^^^^^^^^^^^^^^^
[3.736s] SyntaxError: cannot assign to expression here. Maybe you meant '==' instead of '='?
[3.737s] 
[3.737s] running install_data
[3.738s] running install_egg_info
[3.744s] removing '/home/worm3/worms_mech_ws/install/worms_mech/lib/python3.10/site-packages/worms_mech-0.0.0-py3.10.egg-info' (and everything under it)
[3.745s] Copying ../../build/worms_mech/worms_mech.egg-info to /home/worm3/worms_mech_ws/install/worms_mech/lib/python3.10/site-packages/worms_mech-0.0.0-py3.10.egg-info
[3.750s] running install_scripts
[3.825s] Installing controller_node script to /home/worm3/worms_mech_ws/install/worms_mech/lib/worms_mech
[3.826s] Installing gait_manager script to /home/worm3/worms_mech_ws/install/worms_mech/lib/worms_mech
[3.827s] Installing gait_parser script to /home/worm3/worms_mech_ws/install/worms_mech/lib/worms_mech
[3.828s] Installing hardware_interface script to /home/worm3/worms_mech_ws/install/worms_mech/lib/worms_mech
[3.828s] Installing joint_command_publisher script to /home/worm3/worms_mech_ws/install/worms_mech/lib/worms_mech
[3.829s] Installing joystick_control script to /home/worm3/worms_mech_ws/install/worms_mech/lib/worms_mech
[3.830s] Installing stand_node script to /home/worm3/worms_mech_ws/install/worms_mech/lib/worms_mech
[3.831s] Installing testbed_interface script to /home/worm3/worms_mech_ws/install/worms_mech/lib/worms_mech
[3.833s] writing list of installed files to '/home/worm3/worms_mech_ws/build/worms_mech/install.log'
[3.943s] Invoked command in '/home/worm3/worms_mech_ws/src/worms_mech' returned '0': PYTHONPATH=/home/worm3/worms_mech_ws/build/worms_mech/prefix_override:/home/worm3/worms_mech_ws/install/worms_mech/lib/python3.10/site-packages:${PYTHONPATH} /usr/bin/python3 setup.py egg_info --egg-base ../../build/worms_mech build --build-base /home/worm3/worms_mech_ws/build/worms_mech/build install --record /home/worm3/worms_mech_ws/build/worms_mech/install.log --single-version-externally-managed
