[0.102s] Invoking command in '/home/jacobrod/worms_ws/build/worms_gazebo': CMAKE_PREFIX_PATH=/opt/ros/humble /usr/bin/cmake /home/jacobrod/worms_ws/src/worms_gazebo -DCMAKE_INSTALL_PREFIX=/home/jacobrod/worms_ws/install/worms_gazebo
[1.350s] -- The C compiler identification is GNU 11.4.0
[1.351s] -- The CXX compiler identification is GNU 11.4.0
[1.352s] -- Detecting C compiler ABI info
[1.352s] -- Detecting C compiler ABI info - done
[1.352s] -- Check for working C compiler: /usr/bin/cc - skipped
[1.353s] -- Detecting C compile features
[1.353s] -- Detecting C compile features - done
[1.353s] -- Detecting CXX compiler ABI info
[1.354s] -- Detecting CXX compiler ABI info - done
[1.354s] -- Check for working CXX compiler: /usr/bin/c++ - skipped
[1.357s] -- Detecting CXX compile features
[1.357s] -- Detecting CXX compile features - done
[1.357s] -- Found ament_cmake: 1.3.6 (/opt/ros/humble/share/ament_cmake/cmake)
[1.357s] -- Found Python3: /usr/bin/python3.10 (found version "3.10.12") found components: Interpreter 
[1.357s] -- Looking for gz-plugin2 -- found version 2.0.2
[1.358s] -- Searching for dependencies of gz-plugin2
[1.358s] -- Looking for gz-utils2 -- found version 2.2.0
[1.359s] -- Searching for dependencies of gz-utils2
[1.360s] -- Searching for <gz-utils2> component [cli]
[1.360s] -- Looking for gz-utils2-cli -- found version 2.2.0
[1.360s] -- Searching for dependencies of gz-utils2-cli
[1.361s] -- Searching for <gz-plugin2> component [register]
[1.361s] -- Looking for gz-plugin2-register -- found version 2.0.2
[1.361s] -- Searching for dependencies of gz-plugin2-register
[1.361s] -- Looking for gz-common5 -- found version 5.4.2
[1.361s] -- Searching for dependencies of gz-common5
[1.362s] -- Looking for gz-utils2 -- found version 2.2.0
[1.362s] -- Looking for dlfcn.h - found
[1.363s] -- Looking for libdl - found
[1.363s] -- Found DL: TRUE  
[1.363s] -- Checking for module 'uuid'
[1.363s] --   Found uuid, version 2.37.2
[1.378s] -- Found UUID: TRUE  
[1.380s] -- Searching for <gz-common5> component [profiler]
[1.385s] -- Looking for gz-common5-profiler -- found version 5.4.2
[1.387s] -- Searching for dependencies of gz-common5-profiler
[1.409s] [31mCMake Error at CMakeLists.txt:17 (find_package):
[1.409s]   By not providing "Findgz-sim7.cmake" in CMAKE_MODULE_PATH this project has
[1.409s]   asked CMake to find a package configuration file provided by "gz-sim7", but
[1.409s]   CMake did not find one.
[1.409s] 
[1.409s]   Could not find a package configuration file provided by "gz-sim7" with any
[1.410s]   of the following names:
[1.410s] 
[1.410s]     gz-sim7Config.cmake
[1.410s]     gz-sim7-config.cmake
[1.410s] 
[1.410s]   Add the installation prefix of "gz-sim7" to CMAKE_PREFIX_PATH or set
[1.410s]   "gz-sim7_DIR" to a directory containing one of the above files.  If
[1.411s]   "gz-sim7" provides a separate development package or SDK, be sure it has
[1.411s]   been installed.
[1.411s] 
[1.411s] [0m
[1.411s] -- Configuring incomplete, errors occurred!
[1.411s] See also "/home/jacobrod/worms_ws/build/worms_gazebo/CMakeFiles/CMakeOutput.log".
[1.443s] Invoked command in '/home/jacobrod/worms_ws/build/worms_gazebo' returned '1': CMAKE_PREFIX_PATH=/opt/ros/humble /usr/bin/cmake /home/jacobrod/worms_ws/src/worms_gazebo -DCMAKE_INSTALL_PREFIX=/home/jacobrod/worms_ws/install/worms_gazebo
