[0.707s] Invoking command in '/home/jacobrod/worms_ws/build/ros_gz_sim': CMAKE_PREFIX_PATH=${CMAKE_PREFIX_PATH}:/home/jacobrod/worms_ws/src/install/worms_mech:/home/jacobrod/worms_ws/install/worms_mech:/opt/ros/humble /usr/bin/cmake /home/jacobrod/worms_ws/src/ros_gz/ros_gz_sim -DBUILD_TESTING=ON -DCMAKE_INSTALL_PREFIX=/home/jacobrod/worms_ws/install/ros_gz_sim
[0.807s] -- The C compiler identification is GNU 11.4.0
[0.917s] -- The CXX compiler identification is GNU 11.4.0
[0.930s] -- Detecting C compiler ABI info
[1.052s] -- Detecting C compiler ABI info - done
[1.068s] -- Check for working C compiler: /usr/bin/cc - skipped
[1.068s] -- Detecting C compile features
[1.070s] -- Detecting C compile features - done
[1.077s] -- Detecting CXX compiler ABI info
[1.231s] -- Detecting CXX compiler ABI info - done
[1.265s] -- Check for working CXX compiler: /usr/bin/c++ - skipped
[1.265s] -- Detecting CXX compile features
[1.266s] -- Detecting CXX compile features - done
[1.271s] -- Found ament_cmake: 1.3.5 (/opt/ros/humble/share/ament_cmake/cmake)
[1.603s] -- Found Python3: /usr/bin/python3.10 (found version "3.10.12") found components: Interpreter 
[1.777s] -- Found rclcpp: 16.0.6 (/opt/ros/humble/share/rclcpp/cmake)
[1.863s] -- Found rosidl_generator_c: 3.1.5 (/opt/ros/humble/share/rosidl_generator_c/cmake)
[1.876s] -- Found rosidl_adapter: 3.1.5 (/opt/ros/humble/share/rosidl_adapter/cmake)
[1.897s] -- Found rosidl_generator_cpp: 3.1.5 (/opt/ros/humble/share/rosidl_generator_cpp/cmake)
[1.932s] -- Using all available rosidl_typesupport_c: rosidl_typesupport_fastrtps_c;rosidl_typesupport_introspection_c
[1.981s] -- Using all available rosidl_typesupport_cpp: rosidl_typesupport_fastrtps_cpp;rosidl_typesupport_introspection_cpp
[2.144s] -- Found rmw_implementation_cmake: 6.1.1 (/opt/ros/humble/share/rmw_implementation_cmake/cmake)
[2.153s] -- Found rmw_fastrtps_cpp: 6.2.4 (/opt/ros/humble/share/rmw_fastrtps_cpp/cmake)
[2.333s] -- Found OpenSSL: /usr/lib/x86_64-linux-gnu/libcrypto.so (found version "3.0.2")  
[2.370s] -- Found FastRTPS: /opt/ros/humble/include  
[2.434s] -- Using RMW implementation 'rmw_fastrtps_cpp' as default
[2.454s] -- Looking for pthread.h
[2.556s] -- Looking for pthread.h - found
[2.556s] -- Performing Test CMAKE_HAVE_LIBC_PTHREAD
[2.642s] -- Performing Test CMAKE_HAVE_LIBC_PTHREAD - Success
[2.644s] -- Found Threads: TRUE  
[2.931s] -- Looking for gz-math7 -- found version 7.3.0
[2.942s] -- Searching for dependencies of gz-math7
[2.946s] -- Looking for gz-utils2 -- found version 2.1.0
[2.946s] -- Searching for dependencies of gz-utils2
[2.953s] -- Looking for gz-transport12 -- found version 12.2.1
[2.954s] -- Searching for dependencies of gz-transport12
[2.989s] -- Found Protobuf: /usr/lib/x86_64-linux-gnu/libprotobuf.so (found version "3.12.4") 
[3.002s] -- Config-file not installed for ZeroMQ -- checking for pkg-config
[3.009s] -- Checking for module 'libzmq >= 4'
[3.028s] --   Found libzmq , version 4.3.4
[3.082s] -- Found ZeroMQ: TRUE (Required is at least version "4") 
[3.092s] -- Checking for module 'uuid'
[3.114s] --   Found uuid, version 2.37.2
[3.160s] -- Found UUID: TRUE  
[3.160s] -- Looking for gz-utils2 -- found version 2.1.0
[3.161s] -- Searching for dependencies of gz-utils2
[3.161s] -- Searching for <gz-utils2> component [cli]
[3.168s] -- Looking for gz-utils2-cli -- found version 2.1.0
[3.168s] -- Searching for dependencies of gz-utils2-cli
[3.175s] -- Looking for gz-msgs9 -- found version 9.5.0
[3.178s] -- Searching for dependencies of gz-msgs9
[3.206s] -- Looking for gz-math7 -- found version 7.3.0
[3.212s] -- Checking for module 'tinyxml2'
[3.232s] --   Found tinyxml2, version 9.0.0
[3.283s] -- Looking for gz-msgs9 -- found version 9.5.0
[3.289s] -- Looking for gz-sim7 -- found version 7.6.0
[3.289s] -- Searching for dependencies of gz-sim7
[3.293s] -- Looking for sdformat13 -- found version 13.6.0
[3.294s] -- Searching for dependencies of sdformat13
[3.302s] -- Looking for gz-math7 -- found version 7.3.0
[3.303s] -- Looking for gz-utils2 -- found version 2.1.0
[3.310s] -- Looking for gz-plugin2 -- found version 2.0.2
[3.311s] -- Searching for dependencies of gz-plugin2
[3.311s] -- Looking for gz-utils2 -- found version 2.1.0
[3.312s] -- Searching for <gz-plugin2> component [loader]
[3.318s] -- Looking for gz-plugin2-loader -- found version 2.0.2
[3.320s] -- Searching for dependencies of gz-plugin2-loader
[3.320s] -- Searching for <gz-plugin2> component [register]
[3.326s] -- Looking for gz-plugin2-register -- found version 2.0.2
[3.327s] -- Searching for dependencies of gz-plugin2-register
[3.328s] -- Looking for gz-transport12 -- found version 12.2.1
[3.329s] -- Searching for dependencies of gz-transport12
[3.381s] -- Config-file not installed for ZeroMQ -- checking for pkg-config
[3.388s] -- Checking for module 'libzmq >= 4'
[3.409s] --   Found libzmq , version 4.3.4
[3.477s] -- Looking for gz-utils2 -- found version 2.1.0
[3.478s] -- Looking for gz-msgs9 -- found version 9.5.0
[3.478s] -- Searching for <gz-transport12> component [log]
[3.485s] -- Looking for gz-transport12-log -- found version 12.2.1
[3.486s] -- Searching for dependencies of gz-transport12-log
[3.487s] -- Searching for <gz-transport12> component [parameters]
[3.494s] -- Looking for gz-transport12-parameters -- found version 12.2.1
[3.495s] -- Searching for dependencies of gz-transport12-parameters
[3.497s] -- Looking for gz-msgs9 -- found version 9.5.0
[3.504s] -- Looking for gz-common5 -- found version 5.4.2
[3.505s] -- Searching for dependencies of gz-common5
[3.506s] -- Looking for gz-utils2 -- found version 2.1.0
[3.507s] -- Looking for dlfcn.h - found
[3.509s] -- Looking for libdl - found
[3.511s] -- Found DL: TRUE  
[3.525s] -- Searching for <gz-common5> component [profiler]
[3.531s] -- Looking for gz-common5-profiler -- found version 5.4.2
[3.532s] -- Searching for dependencies of gz-common5-profiler
[3.534s] -- Searching for <gz-common5> component [events]
[3.543s] -- Looking for gz-common5-events -- found version 5.4.2
[3.543s] -- Searching for dependencies of gz-common5-events
[3.544s] -- Looking for gz-math7 -- found version 7.3.0
[3.544s] -- Searching for <gz-common5> component [av]
[3.550s] -- Looking for gz-common5-av -- found version 5.4.2
[3.551s] -- Searching for dependencies of gz-common5-av
[3.560s] -- Checking for module 'libswscale'
[3.586s] --   Found libswscale, version 5.9.100
[3.635s] -- Found SWSCALE: TRUE  
[3.644s] -- Checking for module 'libavdevice >= 56.4.100'
[3.671s] --   Found libavdevice , version 58.13.100
[3.736s] -- Found AVDEVICE: TRUE (Required is at least version "56.4.100") 
[3.745s] -- Checking for module 'libavformat'
[3.768s] --   Found libavformat, version 58.76.100
[3.813s] -- Found AVFORMAT: TRUE  
[3.820s] -- Checking for module 'libavcodec'
[3.839s] --   Found libavcodec, version 58.134.100
[3.889s] -- Found AVCODEC: TRUE  
[3.897s] -- Checking for module 'libavutil'
[3.916s] --   Found libavutil, version 56.70.100
[3.960s] -- Found AVUTIL: TRUE  
[3.960s] -- Searching for <gz-common5> component [io]
[3.965s] -- Looking for gz-common5-io -- found version 5.4.2
[3.965s] -- Searching for dependencies of gz-common5-io
[3.972s] -- Looking for gz-fuel_tools8 -- found version 8.1.0
[3.972s] -- Searching for dependencies of gz-fuel_tools8
[4.095s] -- Found CURL: /usr/lib/x86_64-linux-gnu/libcurl.so (found version "7.81.0")  
[4.112s] -- Checking for module 'jsoncpp'
[4.133s] --   Found jsoncpp, version 1.9.5
[4.198s] -- Found JSONCPP: TRUE  
[4.208s] -- Checking for module 'libzip'
[4.240s] --   Found libzip, version 1.7.3
[4.308s] -- Found ZIP: TRUE  
[4.309s] -- Looking for gz-utils2 -- found version 2.1.0
[4.310s] -- Looking for gz-common5 -- found version 5.4.2
[4.311s] -- Searching for dependencies of gz-common5
[4.312s] -- Looking for gz-utils2 -- found version 2.1.0
[4.313s] -- Looking for dlfcn.h - found
[4.313s] -- Looking for libdl - found
[4.331s] -- Searching for <gz-common5> component [testing]
[4.334s] -- Looking for gz-common5-testing -- found version 5.4.2
[4.336s] -- Searching for dependencies of gz-common5-testing
[4.338s] -- Looking for gz-math7 -- found version 7.3.0
[4.339s] -- Looking for gz-msgs9 -- found version 9.5.0
[4.346s] -- Looking for gz-gui7 -- found version 7.2.1
[4.349s] -- Searching for dependencies of gz-gui7
[4.398s] -- Looking for gz-utils2 -- found version 2.1.0
[4.398s] -- Looking for gz-math7 -- found version 7.3.0
[4.399s] -- Looking for gz-common5 -- found version 5.4.2
[4.400s] -- Looking for gz-plugin2 -- found version 2.0.2
[4.401s] -- Looking for gz-transport12 -- found version 12.2.1
[4.406s] -- Looking for gz-rendering7 -- found version 7.4.2
[4.407s] -- Searching for dependencies of gz-rendering7
[4.408s] -- Looking for gz-math7 -- found version 7.3.0
[4.408s] -- Searching for dependencies of gz-math7
[4.409s] -- Looking for gz-utils2 -- found version 2.1.0
[4.409s] -- Searching for <gz-math7> component [eigen3]
[4.415s] -- Looking for gz-math7-eigen3 -- found version 7.3.0
[4.416s] -- Searching for dependencies of gz-math7-eigen3
[4.433s] -- Looking for gz-common5 -- found version 5.4.2
[4.434s] -- Searching for dependencies of gz-common5
[4.436s] -- Looking for gz-utils2 -- found version 2.1.0
[4.436s] -- Looking for dlfcn.h - found
[4.437s] -- Looking for libdl - found
[4.465s] -- Searching for <gz-common5> component [graphics]
[4.473s] -- Looking for gz-common5-graphics -- found version 5.4.2
[4.474s] -- Searching for dependencies of gz-common5-graphics
[4.474s] -- Looking for gz-math7 -- found version 7.3.0
[4.490s] -- Found GzAssimp: TRUE (found version "5.2.0") 
[4.491s] -- Searching for <gz-common5> component [events]
[4.492s] -- Searching for <gz-common5> component [geospatial]
[4.498s] -- Looking for gz-common5-geospatial -- found version 5.4.2
[4.500s] -- Searching for dependencies of gz-common5-geospatial
[4.501s] -- Looking for gz-math7 -- found version 7.3.0
[4.502s] -- Looking for gz-common5 -- found version 5.4.2
[4.505s] -- Looking for gz-plugin2 -- found version 2.0.2
[4.506s] -- Searching for dependencies of gz-plugin2
[4.507s] -- Looking for gz-utils2 -- found version 2.1.0
[4.507s] -- Searching for <gz-plugin2> component [all]
[4.515s] -- Looking for all libraries of gz-plugin2 -- found version 2.0.2
[4.516s] -- Looking for gz-plugin2 -- found version 2.0.2
[4.519s] -- Looking for gz-utils2 -- found version 2.1.0
[4.536s] -- Found OpenGL: /usr/lib/x86_64-linux-gnu/libOpenGL.so  found components: OpenGL 
[4.538s] -- Looking for gz-msgs9 -- found version 9.5.0
[4.586s] -- Looking for gz-physics6 -- found version 6.5.1
[4.588s] -- Searching for dependencies of gz-physics6
[4.589s] -- Looking for gz-math7 -- found version 7.3.0
[4.590s] -- Looking for gz-plugin2 -- found version 2.0.2
[4.591s] -- Looking for gz-utils2 -- found version 2.1.0
[4.594s] -- Searching for <gz-physics6> component [heightmap]
[4.601s] -- Looking for gz-physics6-heightmap -- found version 6.5.1
[4.602s] -- Searching for dependencies of gz-physics6-heightmap
[4.603s] -- Looking for gz-common5 -- found version 5.4.2
[4.604s] -- Searching for <gz-physics6> component [mesh]
[4.611s] -- Looking for gz-physics6-mesh -- found version 6.5.1
[4.612s] -- Searching for dependencies of gz-physics6-mesh
[4.614s] -- Looking for gz-common5 -- found version 5.4.2
[4.615s] -- Searching for <gz-physics6> component [sdf]
[4.622s] -- Looking for gz-physics6-sdf -- found version 6.5.1
[4.623s] -- Searching for dependencies of gz-physics6-sdf
[4.624s] -- Looking for sdformat13 -- found version 13.6.0
[4.633s] -- Looking for gz-sensors7 -- found version 7.3.0
[4.634s] -- Searching for dependencies of gz-sensors7
[4.672s] -- Looking for gz-math7 -- found version 7.3.0
[4.673s] -- Looking for gz-common5 -- found version 5.4.2
[4.674s] -- Looking for gz-transport12 -- found version 12.2.1
[4.674s] -- Looking for gz-rendering7 -- found version 7.4.2
[4.675s] -- Looking for gz-msgs9 -- found version 9.5.0
[4.676s] -- Looking for sdformat13 -- found version 13.6.0
[4.677s] -- Searching for <gz-sensors7> component [air_pressure]
[4.683s] -- Looking for gz-sensors7-air_pressure -- found version 7.3.0
[4.684s] -- Searching for dependencies of gz-sensors7-air_pressure
[4.685s] -- Searching for <gz-sensors7> component [air_speed]
[4.692s] -- Looking for gz-sensors7-air_speed -- found version 7.3.0
[4.693s] -- Searching for dependencies of gz-sensors7-air_speed
[4.694s] -- Searching for <gz-sensors7> component [altimeter]
[4.701s] -- Looking for gz-sensors7-altimeter -- found version 7.3.0
[4.701s] -- Searching for dependencies of gz-sensors7-altimeter
[4.702s] -- Searching for <gz-sensors7> component [imu]
[4.709s] -- Looking for gz-sensors7-imu -- found version 7.3.0
[4.710s] -- Searching for dependencies of gz-sensors7-imu
[4.711s] -- Searching for <gz-sensors7> component [force_torque]
[4.719s] -- Looking for gz-sensors7-force_torque -- found version 7.3.0
[4.720s] -- Searching for dependencies of gz-sensors7-force_torque
[4.721s] -- Searching for <gz-sensors7> component [logical_camera]
[4.729s] -- Looking for gz-sensors7-logical_camera -- found version 7.3.0
[4.730s] -- Searching for dependencies of gz-sensors7-logical_camera
[4.732s] -- Searching for <gz-sensors7> component [magnetometer]
[4.739s] -- Looking for gz-sensors7-magnetometer -- found version 7.3.0
[4.741s] -- Searching for dependencies of gz-sensors7-magnetometer
[4.742s] -- Searching for <gz-sensors7> component [navsat]
[4.750s] -- Looking for gz-sensors7-navsat -- found version 7.3.0
[4.751s] -- Searching for dependencies of gz-sensors7-navsat
[4.752s] -- Searching for <gz-sensors7> component [rendering]
[4.759s] -- Looking for gz-sensors7-rendering -- found version 7.3.0
[4.760s] -- Searching for dependencies of gz-sensors7-rendering
[4.762s] -- Searching for <gz-sensors7> component [lidar]
[4.769s] -- Looking for gz-sensors7-lidar -- found version 7.3.0
[4.770s] -- Searching for dependencies of gz-sensors7-lidar
[4.771s] -- Looking for gz-sensors7 -- found version 7.3.0
[4.773s] -- Searching for <gz-sensors7> component [gpu_lidar]
[4.780s] -- Looking for gz-sensors7-gpu_lidar -- found version 7.3.0
[4.781s] -- Searching for dependencies of gz-sensors7-gpu_lidar
[4.782s] -- Looking for gz-sensors7 -- found version 7.3.0
[4.783s] -- Searching for <gz-sensors7> component [camera]
[4.790s] -- Looking for gz-sensors7-camera -- found version 7.3.0
[4.791s] -- Searching for dependencies of gz-sensors7-camera
[4.792s] -- Looking for gz-sensors7 -- found version 7.3.0
[4.793s] -- Searching for <gz-sensors7> component [boundingbox_camera]
[4.800s] -- Looking for gz-sensors7-boundingbox_camera -- found version 7.3.0
[4.801s] -- Searching for dependencies of gz-sensors7-boundingbox_camera
[4.803s] -- Searching for <gz-sensors7> component [segmentation_camera]
[4.810s] -- Looking for gz-sensors7-segmentation_camera -- found version 7.3.0
[4.811s] -- Searching for dependencies of gz-sensors7-segmentation_camera
[4.812s] -- Searching for <gz-sensors7> component [depth_camera]
[4.819s] -- Looking for gz-sensors7-depth_camera -- found version 7.3.0
[4.821s] -- Searching for dependencies of gz-sensors7-depth_camera
[4.822s] -- Looking for gz-sensors7 -- found version 7.3.0
[4.823s] -- Searching for <gz-sensors7> component [rgbd_camera]
[4.830s] -- Looking for gz-sensors7-rgbd_camera -- found version 7.3.0
[4.832s] -- Searching for dependencies of gz-sensors7-rgbd_camera
[4.833s] -- Looking for gz-sensors7 -- found version 7.3.0
[4.834s] -- Searching for <gz-sensors7> component [thermal_camera]
[4.843s] -- Looking for gz-sensors7-thermal_camera -- found version 7.3.0
[4.844s] -- Searching for dependencies of gz-sensors7-thermal_camera
[4.845s] -- Looking for gz-sensors7 -- found version 7.3.0
[4.846s] -- Searching for <gz-sensors7> component [wide_angle_camera]
[4.854s] -- Looking for gz-sensors7-wide_angle_camera -- found version 7.3.0
[4.855s] -- Searching for dependencies of gz-sensors7-wide_angle_camera
[4.857s] -- Looking for gz-rendering7 -- found version 7.4.2
[4.858s] -- Looking for gz-math7 -- found version 7.3.0
[4.859s] -- Looking for gz-utils2 -- found version 2.1.0
[4.917s] -- Compiling against Gazebo Garden
[4.930s] -- Looking for gflags - found
[4.930s] 
[4.951s] -- Found ament_lint_auto: 0.12.8 (/opt/ros/humble/share/ament_lint_auto/cmake)
[5.176s] -- Found ament_cmake_gtest: 1.3.5 (/opt/ros/humble/share/ament_cmake_gtest/cmake)
[5.182s] -- Found gtest sources under '/opt/ros/humble/src/gtest_vendor': C++ tests using 'Google Test' will be built
[5.206s] -- Added test 'copyright' to check source files copyright and LICENSE
[5.206s] -- Added test 'cppcheck' to perform static code analysis on C / C++ code
[5.206s] -- Configured cppcheck include dirs: $<BUILD_INTERFACE:/home/jacobrod/worms_ws/src/ros_gz/ros_gz_sim/include>
[5.206s] -- Configured cppcheck exclude dirs and/or files: 
[5.212s] -- Added test 'cpplint' to check C / C++ code against the Google style
[5.212s] -- Configured cpplint exclude dirs and/or files: 
[5.213s] -- Added test 'lint_cmake' to check CMake code style
[5.214s] -- Added test 'uncrustify' to check C / C++ code style
[5.214s] -- Configured uncrustify additional arguments: 
[5.216s] -- Added test 'xmllint' to check XML markup files
[5.221s] -- Configuring done
[5.261s] -- Generating done
[5.267s] -- Build files have been written to: /home/jacobrod/worms_ws/build/ros_gz_sim
[5.300s] Invoked command in '/home/jacobrod/worms_ws/build/ros_gz_sim' returned '0': CMAKE_PREFIX_PATH=${CMAKE_PREFIX_PATH}:/home/jacobrod/worms_ws/src/install/worms_mech:/home/jacobrod/worms_ws/install/worms_mech:/opt/ros/humble /usr/bin/cmake /home/jacobrod/worms_ws/src/ros_gz/ros_gz_sim -DBUILD_TESTING=ON -DCMAKE_INSTALL_PREFIX=/home/jacobrod/worms_ws/install/ros_gz_sim
[5.303s] Invoking command in '/home/jacobrod/worms_ws/build/ros_gz_sim': CMAKE_PREFIX_PATH=${CMAKE_PREFIX_PATH}:/home/jacobrod/worms_ws/src/install/worms_mech:/home/jacobrod/worms_ws/install/worms_mech:/opt/ros/humble /usr/bin/cmake --build /home/jacobrod/worms_ws/build/ros_gz_sim -- -j8 -l8
[5.398s] [ 10%] [32mBuilding CXX object gtest/CMakeFiles/gtest.dir/src/gtest-all.cc.o[0m
[5.421s] [ 20%] [32mBuilding CXX object CMakeFiles/ros_gz_sim.dir/src/Stopwatch.cpp.o[0m
[5.444s] [ 30%] [32mBuilding CXX object gtest/CMakeFiles/gtest_main.dir/src/gtest_main.cc.o[0m
[5.495s] [ 40%] [32mBuilding CXX object CMakeFiles/create.dir/src/create.cpp.o[0m
[7.299s] [ 50%] [32m[1mLinking CXX static library libgtest_main.a[0m
[7.518s] [ 50%] Built target gtest_main
[7.623s] [ 60%] [32m[1mLinking CXX shared library libros_gz_sim.so[0m
[7.966s] [ 60%] Built target ros_gz_sim
[10.842s] [ 70%] [32m[1mLinking CXX static library libgtest.a[0m
[10.986s] [ 70%] Built target gtest
[11.062s] [ 80%] [32mBuilding CXX object CMakeFiles/test_stopwatch.dir/test/test_stopwatch.cpp.o[0m
[27.593s] [ 90%] [32m[1mLinking CXX executable test_stopwatch[0m
[28.213s] [ 90%] Built target test_stopwatch
[32.303s] [100%] [32m[1mLinking CXX executable create[0m
[32.824s] [100%] Built target create
[32.836s] Invoked command in '/home/jacobrod/worms_ws/build/ros_gz_sim' returned '0': CMAKE_PREFIX_PATH=${CMAKE_PREFIX_PATH}:/home/jacobrod/worms_ws/src/install/worms_mech:/home/jacobrod/worms_ws/install/worms_mech:/opt/ros/humble /usr/bin/cmake --build /home/jacobrod/worms_ws/build/ros_gz_sim -- -j8 -l8
[32.879s] Invoking command in '/home/jacobrod/worms_ws/build/ros_gz_sim': CMAKE_PREFIX_PATH=${CMAKE_PREFIX_PATH}:/home/jacobrod/worms_ws/src/install/worms_mech:/home/jacobrod/worms_ws/install/worms_mech:/opt/ros/humble /usr/bin/cmake --install /home/jacobrod/worms_ws/build/ros_gz_sim
[32.888s] -- Install configuration: ""
[32.888s] -- Installing: /home/jacobrod/worms_ws/install/ros_gz_sim/include/ros_gz_sim
[32.888s] -- Installing: /home/jacobrod/worms_ws/install/ros_gz_sim/include/ros_gz_sim/Stopwatch.hpp
[32.888s] -- Installing: /home/jacobrod/worms_ws/install/ros_gz_sim/share/ros_gz_sim/launch/gz_sim.launch.py
[32.888s] -- Installing: /home/jacobrod/worms_ws/install/ros_gz_sim/lib/ros_gz_sim/create
[32.893s] -- Set runtime path of "/home/jacobrod/worms_ws/install/ros_gz_sim/lib/ros_gz_sim/create" to ""
[32.893s] -- Installing: /home/jacobrod/worms_ws/install/ros_gz_sim/lib/libros_gz_sim.so
[32.893s] -- Set runtime path of "/home/jacobrod/worms_ws/install/ros_gz_sim/lib/libros_gz_sim.so" to ""
[32.893s] -- Installing: /home/jacobrod/worms_ws/install/ros_gz_sim/lib/ros_gz_sim/test_stopwatch
[32.896s] -- Set runtime path of "/home/jacobrod/worms_ws/install/ros_gz_sim/lib/ros_gz_sim/test_stopwatch" to ""
[32.896s] -- Installing: /home/jacobrod/worms_ws/install/ros_gz_sim/share/ament_index/resource_index/package_run_dependencies/ros_gz_sim
[32.896s] -- Installing: /home/jacobrod/worms_ws/install/ros_gz_sim/share/ament_index/resource_index/parent_prefix_path/ros_gz_sim
[32.897s] -- Installing: /home/jacobrod/worms_ws/install/ros_gz_sim/share/ros_gz_sim/environment/ament_prefix_path.sh
[32.897s] -- Installing: /home/jacobrod/worms_ws/install/ros_gz_sim/share/ros_gz_sim/environment/ament_prefix_path.dsv
[32.897s] -- Installing: /home/jacobrod/worms_ws/install/ros_gz_sim/share/ros_gz_sim/environment/path.sh
[32.898s] -- Installing: /home/jacobrod/worms_ws/install/ros_gz_sim/share/ros_gz_sim/environment/path.dsv
[32.898s] -- Installing: /home/jacobrod/worms_ws/install/ros_gz_sim/share/ros_gz_sim/local_setup.bash
[32.898s] -- Installing: /home/jacobrod/worms_ws/install/ros_gz_sim/share/ros_gz_sim/local_setup.sh
[32.898s] -- Installing: /home/jacobrod/worms_ws/install/ros_gz_sim/share/ros_gz_sim/local_setup.zsh
[32.898s] -- Installing: /home/jacobrod/worms_ws/install/ros_gz_sim/share/ros_gz_sim/local_setup.dsv
[32.899s] -- Installing: /home/jacobrod/worms_ws/install/ros_gz_sim/share/ros_gz_sim/package.dsv
[32.899s] -- Installing: /home/jacobrod/worms_ws/install/ros_gz_sim/share/ament_index/resource_index/packages/ros_gz_sim
[32.899s] -- Installing: /home/jacobrod/worms_ws/install/ros_gz_sim/share/ros_gz_sim/cmake/ros_gz_simExport.cmake
[32.899s] -- Installing: /home/jacobrod/worms_ws/install/ros_gz_sim/share/ros_gz_sim/cmake/ros_gz_simExport-noconfig.cmake
[32.899s] -- Installing: /home/jacobrod/worms_ws/install/ros_gz_sim/share/ros_gz_sim/cmake/ament_cmake_export_targets-extras.cmake
[32.900s] -- Installing: /home/jacobrod/worms_ws/install/ros_gz_sim/share/ros_gz_sim/cmake/ament_cmake_export_dependencies-extras.cmake
[32.900s] -- Installing: /home/jacobrod/worms_ws/install/ros_gz_sim/share/ros_gz_sim/cmake/ros_gz_simConfig.cmake
[32.900s] -- Installing: /home/jacobrod/worms_ws/install/ros_gz_sim/share/ros_gz_sim/cmake/ros_gz_simConfig-version.cmake
[32.900s] -- Installing: /home/jacobrod/worms_ws/install/ros_gz_sim/share/ros_gz_sim/package.xml
[32.902s] Invoked command in '/home/jacobrod/worms_ws/build/ros_gz_sim' returned '0': CMAKE_PREFIX_PATH=${CMAKE_PREFIX_PATH}:/home/jacobrod/worms_ws/src/install/worms_mech:/home/jacobrod/worms_ws/install/worms_mech:/opt/ros/humble /usr/bin/cmake --install /home/jacobrod/worms_ws/build/ros_gz_sim
