[0.320s] Invoking command in '/home/jacobrod/worms_ws/build/ros_gz_example_application': CMAKE_PREFIX_PATH=${CMAKE_PREFIX_PATH}:/home/jacobrod/worms_ws/src/install/worms_mech:/home/jacobrod/worms_ws/install/worms_mech:/opt/ros/humble /usr/bin/cmake /home/jacobrod/worms_ws/src/worms_gazebo_sim/worms_application -DBUILD_TESTING=ON -DCMAKE_INSTALL_PREFIX=/home/jacobrod/worms_ws/install/ros_gz_example_application
[0.417s] -- The C compiler identification is GNU 11.4.0
[0.520s] -- The CXX compiler identification is GNU 11.4.0
[0.534s] -- Detecting C compiler ABI info
[0.666s] -- Detecting C compiler ABI info - done
[0.673s] -- Check for working C compiler: /usr/bin/cc - skipped
[0.673s] -- Detecting C compile features
[0.674s] -- Detecting C compile features - done
[0.680s] -- Detecting CXX compiler ABI info
[0.852s] -- Detecting CXX compiler ABI info - done
[0.881s] -- Check for working CXX compiler: /usr/bin/c++ - skipped
[0.881s] -- Detecting CXX compile features
[0.882s] -- Detecting CXX compile features - done
[0.887s] -- Found ament_cmake: 1.3.5 (/opt/ros/humble/share/ament_cmake/cmake)
[1.241s] -- Found Python3: /usr/bin/python3.10 (found version "3.10.12") found components: Interpreter 
[1.527s] -- Configuring done
[1.531s] -- Generating done
[1.533s] -- Build files have been written to: /home/jacobrod/worms_ws/build/ros_gz_example_application
[1.542s] Invoked command in '/home/jacobrod/worms_ws/build/ros_gz_example_application' returned '0': CMAKE_PREFIX_PATH=${CMAKE_PREFIX_PATH}:/home/jacobrod/worms_ws/src/install/worms_mech:/home/jacobrod/worms_ws/install/worms_mech:/opt/ros/humble /usr/bin/cmake /home/jacobrod/worms_ws/src/worms_gazebo_sim/worms_application -DBUILD_TESTING=ON -DCMAKE_INSTALL_PREFIX=/home/jacobrod/worms_ws/install/ros_gz_example_application
[1.543s] Invoking command in '/home/jacobrod/worms_ws/build/ros_gz_example_application': CMAKE_PREFIX_PATH=${CMAKE_PREFIX_PATH}:/home/jacobrod/worms_ws/src/install/worms_mech:/home/jacobrod/worms_ws/install/worms_mech:/opt/ros/humble /usr/bin/cmake --build /home/jacobrod/worms_ws/build/ros_gz_example_application -- -j8 -l8
[1.630s] Invoked command in '/home/jacobrod/worms_ws/build/ros_gz_example_application' returned '0': CMAKE_PREFIX_PATH=${CMAKE_PREFIX_PATH}:/home/jacobrod/worms_ws/src/install/worms_mech:/home/jacobrod/worms_ws/install/worms_mech:/opt/ros/humble /usr/bin/cmake --build /home/jacobrod/worms_ws/build/ros_gz_example_application -- -j8 -l8
[1.685s] Invoking command in '/home/jacobrod/worms_ws/build/ros_gz_example_application': CMAKE_PREFIX_PATH=${CMAKE_PREFIX_PATH}:/home/jacobrod/worms_ws/src/install/worms_mech:/home/jacobrod/worms_ws/install/worms_mech:/opt/ros/humble /usr/bin/cmake --install /home/jacobrod/worms_ws/build/ros_gz_example_application
[1.702s] -- Install configuration: ""
[1.703s] -- Installing: /home/jacobrod/worms_ws/install/ros_gz_example_application/share/ament_index/resource_index/package_run_dependencies/ros_gz_example_application
[1.703s] -- Installing: /home/jacobrod/worms_ws/install/ros_gz_example_application/share/ament_index/resource_index/parent_prefix_path/ros_gz_example_application
[1.703s] -- Installing: /home/jacobrod/worms_ws/install/ros_gz_example_application/share/ros_gz_example_application/environment/ament_prefix_path.sh
[1.704s] -- Installing: /home/jacobrod/worms_ws/install/ros_gz_example_application/share/ros_gz_example_application/environment/ament_prefix_path.dsv
[1.704s] -- Installing: /home/jacobrod/worms_ws/install/ros_gz_example_application/share/ros_gz_example_application/environment/path.sh
[1.704s] -- Installing: /home/jacobrod/worms_ws/install/ros_gz_example_application/share/ros_gz_example_application/environment/path.dsv
[1.705s] -- Installing: /home/jacobrod/worms_ws/install/ros_gz_example_application/share/ros_gz_example_application/local_setup.bash
[1.705s] -- Installing: /home/jacobrod/worms_ws/install/ros_gz_example_application/share/ros_gz_example_application/local_setup.sh
[1.706s] -- Installing: /home/jacobrod/worms_ws/install/ros_gz_example_application/share/ros_gz_example_application/local_setup.zsh
[1.706s] -- Installing: /home/jacobrod/worms_ws/install/ros_gz_example_application/share/ros_gz_example_application/local_setup.dsv
[1.706s] -- Installing: /home/jacobrod/worms_ws/install/ros_gz_example_application/share/ros_gz_example_application/package.dsv
[1.707s] -- Installing: /home/jacobrod/worms_ws/install/ros_gz_example_application/share/ament_index/resource_index/packages/ros_gz_example_application
[1.707s] -- Installing: /home/jacobrod/worms_ws/install/ros_gz_example_application/share/ros_gz_example_application/cmake/ros_gz_example_applicationConfig.cmake
[1.708s] -- Installing: /home/jacobrod/worms_ws/install/ros_gz_example_application/share/ros_gz_example_application/cmake/ros_gz_example_applicationConfig-version.cmake
[1.708s] -- Installing: /home/jacobrod/worms_ws/install/ros_gz_example_application/share/ros_gz_example_application/package.xml
[1.790s] Invoked command in '/home/jacobrod/worms_ws/build/ros_gz_example_application' returned '0': CMAKE_PREFIX_PATH=${CMAKE_PREFIX_PATH}:/home/jacobrod/worms_ws/src/install/worms_mech:/home/jacobrod/worms_ws/install/worms_mech:/opt/ros/humble /usr/bin/cmake --install /home/jacobrod/worms_ws/build/ros_gz_example_application
