[4.976s] DEBUG:colcon:Command line arguments: ['/usr/bin/colcon', 'build']
[4.977s] DEBUG:colcon:Parsed command line arguments: Namespace(log_base=None, log_level=None, verb_name='build', build_base='build', install_base='install', merge_install=False, symlink_install=False, test_result_base=None, continue_on_error=False, executor='parallel', parallel_workers=4, event_handlers=None, ignore_user_meta=False, metas=['./colcon.meta'], base_paths=['.'], packages_ignore=None, packages_ignore_regex=None, paths=None, packages_up_to=None, packages_up_to_regex=None, packages_above=None, packages_above_and_dependencies=None, packages_above_depth=None, packages_select_by_dep=None, packages_skip_by_dep=None, packages_skip_up_to=None, packages_select_build_failed=False, packages_skip_build_finished=False, packages_select_test_failures=False, packages_skip_test_passed=False, packages_select=None, packages_skip=None, packages_select_regex=None, packages_skip_regex=None, packages_start=None, packages_end=None, allow_overriding=[], cmake_args=None, cmake_target=None, cmake_target_skip_unavailable=False, cmake_clean_cache=False, cmake_clean_first=False, cmake_force_configure=False, ament_cmake_args=None, catkin_cmake_args=None, catkin_skip_building_tests=False, verb_parser=<colcon_defaults.argument_parser.defaults.DefaultArgumentsDecorator object at 0xffffb6f6fac0>, verb_extension=<colcon_core.verb.build.BuildVerb object at 0xffffb79cfe80>, main=<bound method BuildVerb.main of <colcon_core.verb.build.BuildVerb object at 0xffffb79cfe80>>)
[5.329s] Level 1:colcon.colcon_core.package_discovery:discover_packages(colcon_meta) check parameters
[5.332s] Level 1:colcon.colcon_core.package_discovery:discover_packages(recursive) check parameters
[5.333s] Level 1:colcon.colcon_core.package_discovery:discover_packages(ignore) check parameters
[5.334s] Level 1:colcon.colcon_core.package_discovery:discover_packages(path) check parameters
[5.335s] Level 1:colcon.colcon_core.package_discovery:discover_packages(colcon_meta) discover
[5.336s] Level 1:colcon.colcon_core.package_discovery:discover_packages(recursive) discover
[5.338s] INFO:colcon.colcon_core.package_discovery:Crawling recursively for packages in '/home/worm7/worms_mech_ws'
[5.340s] Level 1:colcon.colcon_core.package_identification:_identify(.) by extensions ['ignore', 'ignore_ament_install']
[5.344s] Level 1:colcon.colcon_core.package_identification:_identify(.) by extension 'ignore'
[5.345s] Level 1:colcon.colcon_core.package_identification:_identify(.) by extension 'ignore_ament_install'
[5.349s] Level 1:colcon.colcon_core.package_identification:_identify(.) by extensions ['colcon_pkg']
[5.350s] Level 1:colcon.colcon_core.package_identification:_identify(.) by extension 'colcon_pkg'
[5.351s] Level 1:colcon.colcon_core.package_identification:_identify(.) by extensions ['colcon_meta']
[5.352s] Level 1:colcon.colcon_core.package_identification:_identify(.) by extension 'colcon_meta'
[5.354s] Level 1:colcon.colcon_core.package_identification:_identify(.) by extensions ['ros']
[5.354s] Level 1:colcon.colcon_core.package_identification:_identify(.) by extension 'ros'
[5.564s] Level 1:colcon.colcon_core.package_identification:_identify(.) by extensions ['cmake', 'python']
[5.565s] Level 1:colcon.colcon_core.package_identification:_identify(.) by extension 'cmake'
[5.566s] Level 1:colcon.colcon_core.package_identification:_identify(.) by extension 'python'
[5.567s] Level 1:colcon.colcon_core.package_identification:_identify(.) by extensions ['python_setup_py']
[5.568s] Level 1:colcon.colcon_core.package_identification:_identify(.) by extension 'python_setup_py'
[5.570s] Level 1:colcon.colcon_core.package_identification:_identify(build) by extensions ['ignore', 'ignore_ament_install']
[5.571s] Level 1:colcon.colcon_core.package_identification:_identify(build) by extension 'ignore'
[5.572s] Level 1:colcon.colcon_core.package_identification:_identify(build) ignored
[5.575s] Level 1:colcon.colcon_core.package_identification:_identify(install) by extensions ['ignore', 'ignore_ament_install']
[5.576s] Level 1:colcon.colcon_core.package_identification:_identify(install) by extension 'ignore'
[5.577s] Level 1:colcon.colcon_core.package_identification:_identify(install) ignored
[5.580s] Level 1:colcon.colcon_core.package_identification:_identify(log) by extensions ['ignore', 'ignore_ament_install']
[5.581s] Level 1:colcon.colcon_core.package_identification:_identify(log) by extension 'ignore'
[5.582s] Level 1:colcon.colcon_core.package_identification:_identify(log) ignored
[5.585s] Level 1:colcon.colcon_core.package_identification:_identify(src) by extensions ['ignore', 'ignore_ament_install']
[5.587s] Level 1:colcon.colcon_core.package_identification:_identify(src) by extension 'ignore'
[5.589s] Level 1:colcon.colcon_core.package_identification:_identify(src) by extension 'ignore_ament_install'
[5.591s] Level 1:colcon.colcon_core.package_identification:_identify(src) by extensions ['colcon_pkg']
[5.592s] Level 1:colcon.colcon_core.package_identification:_identify(src) by extension 'colcon_pkg'
[5.593s] Level 1:colcon.colcon_core.package_identification:_identify(src) by extensions ['colcon_meta']
[5.594s] Level 1:colcon.colcon_core.package_identification:_identify(src) by extension 'colcon_meta'
[5.595s] Level 1:colcon.colcon_core.package_identification:_identify(src) by extensions ['ros']
[5.596s] Level 1:colcon.colcon_core.package_identification:_identify(src) by extension 'ros'
[5.598s] Level 1:colcon.colcon_core.package_identification:_identify(src) by extensions ['cmake', 'python']
[5.599s] Level 1:colcon.colcon_core.package_identification:_identify(src) by extension 'cmake'
[5.599s] Level 1:colcon.colcon_core.package_identification:_identify(src) by extension 'python'
[5.600s] Level 1:colcon.colcon_core.package_identification:_identify(src) by extensions ['python_setup_py']
[5.600s] Level 1:colcon.colcon_core.package_identification:_identify(src) by extension 'python_setup_py'
[5.601s] Level 1:colcon.colcon_core.package_identification:_identify(src/build) by extensions ['ignore', 'ignore_ament_install']
[5.602s] Level 1:colcon.colcon_core.package_identification:_identify(src/build) by extension 'ignore'
[5.603s] Level 1:colcon.colcon_core.package_identification:_identify(src/build) ignored
[5.605s] Level 1:colcon.colcon_core.package_identification:_identify(src/install) by extensions ['ignore', 'ignore_ament_install']
[5.606s] Level 1:colcon.colcon_core.package_identification:_identify(src/install) by extension 'ignore'
[5.607s] Level 1:colcon.colcon_core.package_identification:_identify(src/install) ignored
[5.608s] Level 1:colcon.colcon_core.package_identification:_identify(src/log) by extensions ['ignore', 'ignore_ament_install']
[5.610s] Level 1:colcon.colcon_core.package_identification:_identify(src/log) by extension 'ignore'
[5.611s] Level 1:colcon.colcon_core.package_identification:_identify(src/log) ignored
[5.613s] Level 1:colcon.colcon_core.package_identification:_identify(src/worms_mech) by extensions ['ignore', 'ignore_ament_install']
[5.615s] Level 1:colcon.colcon_core.package_identification:_identify(src/worms_mech) by extension 'ignore'
[5.616s] Level 1:colcon.colcon_core.package_identification:_identify(src/worms_mech) by extension 'ignore_ament_install'
[5.617s] Level 1:colcon.colcon_core.package_identification:_identify(src/worms_mech) by extensions ['colcon_pkg']
[5.618s] Level 1:colcon.colcon_core.package_identification:_identify(src/worms_mech) by extension 'colcon_pkg'
[5.619s] Level 1:colcon.colcon_core.package_identification:_identify(src/worms_mech) by extensions ['colcon_meta']
[5.619s] Level 1:colcon.colcon_core.package_identification:_identify(src/worms_mech) by extension 'colcon_meta'
[5.620s] Level 1:colcon.colcon_core.package_identification:_identify(src/worms_mech) by extensions ['ros']
[5.622s] Level 1:colcon.colcon_core.package_identification:_identify(src/worms_mech) by extension 'ros'
[5.651s] DEBUG:colcon.colcon_core.package_identification:Package 'src/worms_mech' with type 'ros.ament_python' and name 'worms_mech'
[5.652s] Level 1:colcon.colcon_core.package_discovery:discover_packages(recursive) using defaults
[5.654s] Level 1:colcon.colcon_core.package_discovery:discover_packages(ignore) discover
[5.655s] Level 1:colcon.colcon_core.package_discovery:discover_packages(ignore) using defaults
[5.655s] Level 1:colcon.colcon_core.package_discovery:discover_packages(path) discover
[5.656s] Level 1:colcon.colcon_core.package_discovery:discover_packages(path) using defaults
[5.933s] Level 1:colcon.colcon_core.package_discovery:discover_packages(prefix_path) check parameters
[5.934s] Level 1:colcon.colcon_core.package_discovery:discover_packages(prefix_path) discover
[5.985s] DEBUG:colcon.colcon_installed_package_information.package_discovery:Found 2 installed packages in /home/worm7/worms_mech_ws/install
[6.004s] DEBUG:colcon.colcon_installed_package_information.package_discovery:Found 16 installed packages in /home/worm7/worms_ws/install
[6.024s] DEBUG:colcon.colcon_installed_package_information.package_discovery:Found 275 installed packages in /opt/ros/humble
[6.037s] Level 1:colcon.colcon_core.package_discovery:discover_packages(prefix_path) using defaults
[6.823s] Level 5:colcon.colcon_core.verb:set package 'worms_mech' build argument 'cmake_args' from command line to 'None'
[6.824s] Level 5:colcon.colcon_core.verb:set package 'worms_mech' build argument 'cmake_target' from command line to 'None'
[6.824s] Level 5:colcon.colcon_core.verb:set package 'worms_mech' build argument 'cmake_target_skip_unavailable' from command line to 'False'
[6.824s] Level 5:colcon.colcon_core.verb:set package 'worms_mech' build argument 'cmake_clean_cache' from command line to 'False'
[6.825s] Level 5:colcon.colcon_core.verb:set package 'worms_mech' build argument 'cmake_clean_first' from command line to 'False'
[6.825s] Level 5:colcon.colcon_core.verb:set package 'worms_mech' build argument 'cmake_force_configure' from command line to 'False'
[6.825s] Level 5:colcon.colcon_core.verb:set package 'worms_mech' build argument 'ament_cmake_args' from command line to 'None'
[6.825s] Level 5:colcon.colcon_core.verb:set package 'worms_mech' build argument 'catkin_cmake_args' from command line to 'None'
[6.826s] Level 5:colcon.colcon_core.verb:set package 'worms_mech' build argument 'catkin_skip_building_tests' from command line to 'False'
[6.826s] DEBUG:colcon.colcon_core.verb:Building package 'worms_mech' with the following arguments: {'ament_cmake_args': None, 'build_base': '/home/worm7/worms_mech_ws/build/worms_mech', 'catkin_cmake_args': None, 'catkin_skip_building_tests': False, 'cmake_args': None, 'cmake_clean_cache': False, 'cmake_clean_first': False, 'cmake_force_configure': False, 'cmake_target': None, 'cmake_target_skip_unavailable': False, 'install_base': '/home/worm7/worms_mech_ws/install/worms_mech', 'merge_install': False, 'path': '/home/worm7/worms_mech_ws/src/worms_mech', 'symlink_install': False, 'test_result_base': None}
[6.832s] INFO:colcon.colcon_core.executor:Executing jobs using 'parallel' executor
[6.879s] DEBUG:colcon.colcon_parallel_executor.executor.parallel:run_until_complete
[6.882s] INFO:colcon.colcon_ros.task.ament_python.build:Building ROS package in '/home/worm7/worms_mech_ws/src/worms_mech' with build type 'ament_python'
[6.891s] Level 1:colcon.colcon_core.shell:create_environment_hook('worms_mech', 'ament_prefix_path')
[6.946s] INFO:colcon.colcon_core.plugin_system:Skipping extension 'colcon_core.shell.bat': Not used on non-Windows systems
[6.948s] INFO:colcon.colcon_core.shell:Creating environment hook '/home/worm7/worms_mech_ws/install/worms_mech/share/worms_mech/hook/ament_prefix_path.ps1'
[6.951s] INFO:colcon.colcon_core.shell:Creating environment descriptor '/home/worm7/worms_mech_ws/install/worms_mech/share/worms_mech/hook/ament_prefix_path.dsv'
[6.956s] INFO:colcon.colcon_core.shell:Creating environment hook '/home/worm7/worms_mech_ws/install/worms_mech/share/worms_mech/hook/ament_prefix_path.sh'
[6.967s] INFO:colcon.colcon_core.shell:Skip shell extension 'powershell' for command environment: Not usable outside of PowerShell
[6.968s] DEBUG:colcon.colcon_core.shell:Skip shell extension 'dsv' for command environment
[10.755s] INFO:colcon.colcon_core.task.python.build:Building Python package in '/home/worm7/worms_mech_ws/src/worms_mech'
[10.762s] INFO:colcon.colcon_core.shell:Skip shell extension 'powershell' for command environment: Not usable outside of PowerShell
[10.763s] DEBUG:colcon.colcon_core.shell:Skip shell extension 'dsv' for command environment
[13.821s] DEBUG:colcon.colcon_core.event_handler.log_command:Invoking command in '/home/worm7/worms_mech_ws/src/worms_mech': PYTHONPATH=/home/worm7/worms_mech_ws/install/worms_mech/lib/python3.10/site-packages:${PYTHONPATH} /usr/bin/python3 setup.py egg_info --egg-base ../../build/worms_mech build --build-base /home/worm7/worms_mech_ws/build/worms_mech/build install --prefix /home/worm7/worms_mech_ws/install/worms_mech --record /home/worm7/worms_mech_ws/build/worms_mech/install.log --single-version-externally-managed
[16.401s] DEBUG:colcon.colcon_core.event_handler.log_command:Invoked command in '/home/worm7/worms_mech_ws/src/worms_mech' returned '0': PYTHONPATH=/home/worm7/worms_mech_ws/install/worms_mech/lib/python3.10/site-packages:${PYTHONPATH} /usr/bin/python3 setup.py egg_info --egg-base ../../build/worms_mech build --build-base /home/worm7/worms_mech_ws/build/worms_mech/build install --prefix /home/worm7/worms_mech_ws/install/worms_mech --record /home/worm7/worms_mech_ws/build/worms_mech/install.log --single-version-externally-managed
[16.456s] Level 1:colcon.colcon_core.environment:checking '/home/worm7/worms_mech_ws/install/worms_mech' for CMake module files
[16.460s] Level 1:colcon.colcon_core.environment:checking '/home/worm7/worms_mech_ws/install/worms_mech' for CMake config files
[16.466s] Level 1:colcon.colcon_core.environment:checking '/home/worm7/worms_mech_ws/install/worms_mech/lib'
[16.467s] Level 1:colcon.colcon_core.environment:checking '/home/worm7/worms_mech_ws/install/worms_mech/bin'
[16.469s] Level 1:colcon.colcon_core.environment:checking '/home/worm7/worms_mech_ws/install/worms_mech/lib/pkgconfig/worms_mech.pc'
[16.470s] Level 1:colcon.colcon_core.environment:checking '/home/worm7/worms_mech_ws/install/worms_mech/lib/python3.10/site-packages'
[16.471s] Level 1:colcon.colcon_core.shell:create_environment_hook('worms_mech', 'pythonpath')
[16.477s] INFO:colcon.colcon_core.shell:Creating environment hook '/home/worm7/worms_mech_ws/install/worms_mech/share/worms_mech/hook/pythonpath.ps1'
[16.482s] INFO:colcon.colcon_core.shell:Creating environment descriptor '/home/worm7/worms_mech_ws/install/worms_mech/share/worms_mech/hook/pythonpath.dsv'
[16.485s] INFO:colcon.colcon_core.shell:Creating environment hook '/home/worm7/worms_mech_ws/install/worms_mech/share/worms_mech/hook/pythonpath.sh'
[16.488s] Level 1:colcon.colcon_core.environment:checking '/home/worm7/worms_mech_ws/install/worms_mech/bin'
[16.489s] Level 1:colcon.colcon_core.environment:create_environment_scripts_only(worms_mech)
[16.498s] INFO:colcon.colcon_core.shell:Creating package script '/home/worm7/worms_mech_ws/install/worms_mech/share/worms_mech/package.ps1'
[16.502s] INFO:colcon.colcon_core.shell:Creating package descriptor '/home/worm7/worms_mech_ws/install/worms_mech/share/worms_mech/package.dsv'
[16.505s] INFO:colcon.colcon_core.shell:Creating package script '/home/worm7/worms_mech_ws/install/worms_mech/share/worms_mech/package.sh'
[16.510s] INFO:colcon.colcon_core.shell:Creating package script '/home/worm7/worms_mech_ws/install/worms_mech/share/worms_mech/package.bash'
[16.515s] INFO:colcon.colcon_core.shell:Creating package script '/home/worm7/worms_mech_ws/install/worms_mech/share/worms_mech/package.zsh'
[16.519s] Level 1:colcon.colcon_core.environment:create_file_with_runtime_dependencies(/home/worm7/worms_mech_ws/install/worms_mech/share/colcon-core/packages/worms_mech)
[16.523s] DEBUG:colcon.colcon_parallel_executor.executor.parallel:closing loop
[16.525s] DEBUG:colcon.colcon_parallel_executor.executor.parallel:loop closed
[16.526s] DEBUG:colcon.colcon_parallel_executor.executor.parallel:run_until_complete finished with '0'
[16.526s] DEBUG:colcon.colcon_core.event_reactor:joining thread
[16.591s] INFO:colcon.colcon_core.plugin_system:Skipping extension 'colcon_notification.desktop_notification.terminal_notifier': Not used on non-Darwin systems
[16.591s] INFO:colcon.colcon_core.plugin_system:Skipping extension 'colcon_notification.desktop_notification.win32': Not used on non-Windows systems
[16.592s] INFO:colcon.colcon_notification.desktop_notification:Sending desktop notification using 'notify2'
[16.699s] DEBUG:colcon.colcon_core.event_reactor:joined thread
[16.706s] INFO:colcon.colcon_core.shell:Creating prefix script '/home/worm7/worms_mech_ws/install/local_setup.ps1'
[16.712s] INFO:colcon.colcon_core.shell:Creating prefix util module '/home/worm7/worms_mech_ws/install/_local_setup_util_ps1.py'
[16.731s] INFO:colcon.colcon_core.shell:Creating prefix chain script '/home/worm7/worms_mech_ws/install/setup.ps1'
[16.760s] INFO:colcon.colcon_core.shell:Creating prefix script '/home/worm7/worms_mech_ws/install/local_setup.sh'
[16.768s] INFO:colcon.colcon_core.shell:Creating prefix util module '/home/worm7/worms_mech_ws/install/_local_setup_util_sh.py'
[16.777s] INFO:colcon.colcon_core.shell:Creating prefix chain script '/home/worm7/worms_mech_ws/install/setup.sh'
[16.796s] INFO:colcon.colcon_core.shell:Creating prefix script '/home/worm7/worms_mech_ws/install/local_setup.bash'
[16.805s] INFO:colcon.colcon_core.shell:Creating prefix chain script '/home/worm7/worms_mech_ws/install/setup.bash'
[16.857s] INFO:colcon.colcon_core.shell:Creating prefix script '/home/worm7/worms_mech_ws/install/local_setup.zsh'
[16.867s] INFO:colcon.colcon_core.shell:Creating prefix chain script '/home/worm7/worms_mech_ws/install/setup.zsh'
