[0.809s] Invoking command in '/home/jacobrod/worms_mech_ws/src/worms_mech': PYTHONPATH=/home/jacobrod/worms_mech_ws/build/worms_mech/prefix_override:/home/jacobrod/worms_mech_ws/install/worms_mech/lib/python3.10/site-packages:${PYTHONPATH} /usr/bin/python3 setup.py egg_info --egg-base ../../build/worms_mech build --build-base /home/jacobrod/worms_mech_ws/build/worms_mech/build install --record /home/jacobrod/worms_mech_ws/build/worms_mech/install.log --single-version-externally-managed
[1.083s] running egg_info
[1.083s] creating ../../build/worms_mech/worms_mech.egg-info
[1.083s] writing ../../build/worms_mech/worms_mech.egg-info/PKG-INFO
[1.084s] writing dependency_links to ../../build/worms_mech/worms_mech.egg-info/dependency_links.txt
[1.084s] writing entry points to ../../build/worms_mech/worms_mech.egg-info/entry_points.txt
[1.084s] writing requirements to ../../build/worms_mech/worms_mech.egg-info/requires.txt
[1.084s] writing top-level names to ../../build/worms_mech/worms_mech.egg-info/top_level.txt
[1.084s] writing manifest file '../../build/worms_mech/worms_mech.egg-info/SOURCES.txt'
[1.086s] reading manifest file '../../build/worms_mech/worms_mech.egg-info/SOURCES.txt'
[1.087s] writing manifest file '../../build/worms_mech/worms_mech.egg-info/SOURCES.txt'
[1.087s] running build
[1.087s] running build_py
[1.087s] creating /home/jacobrod/worms_mech_ws/build/worms_mech/build
[1.088s] creating /home/jacobrod/worms_mech_ws/build/worms_mech/build/lib
[1.088s] creating /home/jacobrod/worms_mech_ws/build/worms_mech/build/lib/worms_mech
[1.088s] copying worms_mech/hardware_interface.py -> /home/jacobrod/worms_mech_ws/build/worms_mech/build/lib/worms_mech
[1.088s] copying worms_mech/gait_manager.py -> /home/jacobrod/worms_mech_ws/build/worms_mech/build/lib/worms_mech
[1.088s] copying worms_mech/gait_parser_actions.py -> /home/jacobrod/worms_mech_ws/build/worms_mech/build/lib/worms_mech
[1.088s] copying worms_mech/camera_scanner.py -> /home/jacobrod/worms_mech_ws/build/worms_mech/build/lib/worms_mech
[1.089s] copying worms_mech/hardware_interfacev2.py -> /home/jacobrod/worms_mech_ws/build/worms_mech/build/lib/worms_mech
[1.089s] copying worms_mech/controller_node.py -> /home/jacobrod/worms_mech_ws/build/worms_mech/build/lib/worms_mech
[1.089s] copying worms_mech/simple_hardware_interface.py -> /home/jacobrod/worms_mech_ws/build/worms_mech/build/lib/worms_mech
[1.089s] copying worms_mech/action_node.py -> /home/jacobrod/worms_mech_ws/build/worms_mech/build/lib/worms_mech
[1.089s] copying worms_mech/testbed_interface.py -> /home/jacobrod/worms_mech_ws/build/worms_mech/build/lib/worms_mech
[1.089s] copying worms_mech/group_joint_controller.py -> /home/jacobrod/worms_mech_ws/build/worms_mech/build/lib/worms_mech
[1.090s] copying worms_mech/joint_command_publisher.py -> /home/jacobrod/worms_mech_ws/build/worms_mech/build/lib/worms_mech
[1.090s] copying worms_mech/file_tester.py -> /home/jacobrod/worms_mech_ws/build/worms_mech/build/lib/worms_mech
[1.090s] copying worms_mech/gait_parser.py -> /home/jacobrod/worms_mech_ws/build/worms_mech/build/lib/worms_mech
[1.090s] copying worms_mech/controller_nodev2.py -> /home/jacobrod/worms_mech_ws/build/worms_mech/build/lib/worms_mech
[1.090s] copying worms_mech/__init__.py -> /home/jacobrod/worms_mech_ws/build/worms_mech/build/lib/worms_mech
[1.090s] copying worms_mech/gait_action_node.py -> /home/jacobrod/worms_mech_ws/build/worms_mech/build/lib/worms_mech
[1.090s] copying worms_mech/joystick_control.py -> /home/jacobrod/worms_mech_ws/build/worms_mech/build/lib/worms_mech
[1.091s] running install
[1.091s] /usr/lib/python3/dist-packages/setuptools/command/install.py:34: SetuptoolsDeprecationWarning: setup.py install is deprecated. Use build and pip and other standards-based tools.
[1.091s]   warnings.warn(
[1.091s] running install_lib
[1.092s] creating /home/jacobrod/worms_mech_ws/install/worms_mech/lib/python3.10/site-packages/worms_mech
[1.092s] copying /home/jacobrod/worms_mech_ws/build/worms_mech/build/lib/worms_mech/hardware_interface.py -> /home/jacobrod/worms_mech_ws/install/worms_mech/lib/python3.10/site-packages/worms_mech
[1.092s] copying /home/jacobrod/worms_mech_ws/build/worms_mech/build/lib/worms_mech/gait_manager.py -> /home/jacobrod/worms_mech_ws/install/worms_mech/lib/python3.10/site-packages/worms_mech
[1.092s] copying /home/jacobrod/worms_mech_ws/build/worms_mech/build/lib/worms_mech/gait_parser_actions.py -> /home/jacobrod/worms_mech_ws/install/worms_mech/lib/python3.10/site-packages/worms_mech
[1.092s] copying /home/jacobrod/worms_mech_ws/build/worms_mech/build/lib/worms_mech/camera_scanner.py -> /home/jacobrod/worms_mech_ws/install/worms_mech/lib/python3.10/site-packages/worms_mech
[1.092s] copying /home/jacobrod/worms_mech_ws/build/worms_mech/build/lib/worms_mech/hardware_interfacev2.py -> /home/jacobrod/worms_mech_ws/install/worms_mech/lib/python3.10/site-packages/worms_mech
[1.093s] copying /home/jacobrod/worms_mech_ws/build/worms_mech/build/lib/worms_mech/controller_node.py -> /home/jacobrod/worms_mech_ws/install/worms_mech/lib/python3.10/site-packages/worms_mech
[1.093s] copying /home/jacobrod/worms_mech_ws/build/worms_mech/build/lib/worms_mech/simple_hardware_interface.py -> /home/jacobrod/worms_mech_ws/install/worms_mech/lib/python3.10/site-packages/worms_mech
[1.093s] copying /home/jacobrod/worms_mech_ws/build/worms_mech/build/lib/worms_mech/action_node.py -> /home/jacobrod/worms_mech_ws/install/worms_mech/lib/python3.10/site-packages/worms_mech
[1.093s] copying /home/jacobrod/worms_mech_ws/build/worms_mech/build/lib/worms_mech/testbed_interface.py -> /home/jacobrod/worms_mech_ws/install/worms_mech/lib/python3.10/site-packages/worms_mech
[1.093s] copying /home/jacobrod/worms_mech_ws/build/worms_mech/build/lib/worms_mech/group_joint_controller.py -> /home/jacobrod/worms_mech_ws/install/worms_mech/lib/python3.10/site-packages/worms_mech
[1.093s] copying /home/jacobrod/worms_mech_ws/build/worms_mech/build/lib/worms_mech/joint_command_publisher.py -> /home/jacobrod/worms_mech_ws/install/worms_mech/lib/python3.10/site-packages/worms_mech
[1.093s] copying /home/jacobrod/worms_mech_ws/build/worms_mech/build/lib/worms_mech/file_tester.py -> /home/jacobrod/worms_mech_ws/install/worms_mech/lib/python3.10/site-packages/worms_mech
[1.093s] copying /home/jacobrod/worms_mech_ws/build/worms_mech/build/lib/worms_mech/gait_parser.py -> /home/jacobrod/worms_mech_ws/install/worms_mech/lib/python3.10/site-packages/worms_mech
[1.094s] copying /home/jacobrod/worms_mech_ws/build/worms_mech/build/lib/worms_mech/controller_nodev2.py -> /home/jacobrod/worms_mech_ws/install/worms_mech/lib/python3.10/site-packages/worms_mech
[1.094s] copying /home/jacobrod/worms_mech_ws/build/worms_mech/build/lib/worms_mech/__init__.py -> /home/jacobrod/worms_mech_ws/install/worms_mech/lib/python3.10/site-packages/worms_mech
[1.094s] copying /home/jacobrod/worms_mech_ws/build/worms_mech/build/lib/worms_mech/gait_action_node.py -> /home/jacobrod/worms_mech_ws/install/worms_mech/lib/python3.10/site-packages/worms_mech
[1.094s] copying /home/jacobrod/worms_mech_ws/build/worms_mech/build/lib/worms_mech/joystick_control.py -> /home/jacobrod/worms_mech_ws/install/worms_mech/lib/python3.10/site-packages/worms_mech
[1.094s] byte-compiling /home/jacobrod/worms_mech_ws/install/worms_mech/lib/python3.10/site-packages/worms_mech/hardware_interface.py to hardware_interface.cpython-310.pyc
[1.096s] byte-compiling /home/jacobrod/worms_mech_ws/install/worms_mech/lib/python3.10/site-packages/worms_mech/gait_manager.py to gait_manager.cpython-310.pyc
[1.099s] byte-compiling /home/jacobrod/worms_mech_ws/install/worms_mech/lib/python3.10/site-packages/worms_mech/gait_parser_actions.py to gait_parser_actions.cpython-310.pyc
[1.100s] byte-compiling /home/jacobrod/worms_mech_ws/install/worms_mech/lib/python3.10/site-packages/worms_mech/camera_scanner.py to camera_scanner.cpython-310.pyc
[1.101s] Sorry: IndentationError: unexpected indent (camera_scanner.py, line 124)
[1.101s] byte-compiling /home/jacobrod/worms_mech_ws/install/worms_mech/lib/python3.10/site-packages/worms_mech/hardware_interfacev2.py to hardware_interfacev2.cpython-310.pyc
[1.102s] byte-compiling /home/jacobrod/worms_mech_ws/install/worms_mech/lib/python3.10/site-packages/worms_mech/controller_node.py to controller_node.cpython-310.pyc
[1.102s] byte-compiling /home/jacobrod/worms_mech_ws/install/worms_mech/lib/python3.10/site-packages/worms_mech/simple_hardware_interface.py to simple_hardware_interface.cpython-310.pyc
[1.103s] byte-compiling /home/jacobrod/worms_mech_ws/install/worms_mech/lib/python3.10/site-packages/worms_mech/action_node.py to action_node.cpython-310.pyc
[1.104s] byte-compiling /home/jacobrod/worms_mech_ws/install/worms_mech/lib/python3.10/site-packages/worms_mech/testbed_interface.py to testbed_interface.cpython-310.pyc
[1.104s] byte-compiling /home/jacobrod/worms_mech_ws/install/worms_mech/lib/python3.10/site-packages/worms_mech/group_joint_controller.py to group_joint_controller.cpython-310.pyc
[1.105s] byte-compiling /home/jacobrod/worms_mech_ws/install/worms_mech/lib/python3.10/site-packages/worms_mech/joint_command_publisher.py to joint_command_publisher.cpython-310.pyc
[1.106s] byte-compiling /home/jacobrod/worms_mech_ws/install/worms_mech/lib/python3.10/site-packages/worms_mech/file_tester.py to file_tester.cpython-310.pyc
[1.107s] byte-compiling /home/jacobrod/worms_mech_ws/install/worms_mech/lib/python3.10/site-packages/worms_mech/gait_parser.py to gait_parser.cpython-310.pyc
[1.107s] byte-compiling /home/jacobrod/worms_mech_ws/install/worms_mech/lib/python3.10/site-packages/worms_mech/controller_nodev2.py to controller_nodev2.cpython-310.pyc
[1.108s] byte-compiling /home/jacobrod/worms_mech_ws/install/worms_mech/lib/python3.10/site-packages/worms_mech/__init__.py to __init__.cpython-310.pyc
[1.108s] byte-compiling /home/jacobrod/worms_mech_ws/install/worms_mech/lib/python3.10/site-packages/worms_mech/gait_action_node.py to gait_action_node.cpython-310.pyc
[1.109s] byte-compiling /home/jacobrod/worms_mech_ws/install/worms_mech/lib/python3.10/site-packages/worms_mech/joystick_control.py to joystick_control.cpython-310.pyc
[1.110s] running install_data
[1.111s] creating /home/jacobrod/worms_mech_ws/install/worms_mech/share/ament_index
[1.111s] creating /home/jacobrod/worms_mech_ws/install/worms_mech/share/ament_index/resource_index
[1.112s] creating /home/jacobrod/worms_mech_ws/install/worms_mech/share/ament_index/resource_index/packages
[1.112s] copying resource/worms_mech -> /home/jacobrod/worms_mech_ws/install/worms_mech/share/ament_index/resource_index/packages
[1.112s] copying package.xml -> /home/jacobrod/worms_mech_ws/install/worms_mech/share/worms_mech
[1.112s] copying launch/gait.launch.py -> /home/jacobrod/worms_mech_ws/install/worms_mech/share/worms_mech
[1.112s] copying launch/camera.launch.py -> /home/jacobrod/worms_mech_ws/install/worms_mech/share/worms_mech
[1.112s] running install_egg_info
[1.115s] Copying ../../build/worms_mech/worms_mech.egg-info to /home/jacobrod/worms_mech_ws/install/worms_mech/lib/python3.10/site-packages/worms_mech-0.0.0-py3.10.egg-info
[1.116s] running install_scripts
[1.137s] Installing camera_scanner script to /home/jacobrod/worms_mech_ws/install/worms_mech/lib/worms_mech
[1.138s] Installing controller_node script to /home/jacobrod/worms_mech_ws/install/worms_mech/lib/worms_mech
[1.138s] Installing gait_action_node script to /home/jacobrod/worms_mech_ws/install/worms_mech/lib/worms_mech
[1.138s] Installing gait_manager script to /home/jacobrod/worms_mech_ws/install/worms_mech/lib/worms_mech
[1.138s] Installing gait_parser script to /home/jacobrod/worms_mech_ws/install/worms_mech/lib/worms_mech
[1.138s] Installing group_joint_controller script to /home/jacobrod/worms_mech_ws/install/worms_mech/lib/worms_mech
[1.138s] Installing hardware_interface script to /home/jacobrod/worms_mech_ws/install/worms_mech/lib/worms_mech
[1.138s] Installing joint_command_publisher script to /home/jacobrod/worms_mech_ws/install/worms_mech/lib/worms_mech
[1.138s] Installing joystick_control script to /home/jacobrod/worms_mech_ws/install/worms_mech/lib/worms_mech
[1.139s] Installing simple_hardware_interface script to /home/jacobrod/worms_mech_ws/install/worms_mech/lib/worms_mech
[1.139s] Installing stand_node script to /home/jacobrod/worms_mech_ws/install/worms_mech/lib/worms_mech
[1.139s] Installing testbed_interface script to /home/jacobrod/worms_mech_ws/install/worms_mech/lib/worms_mech
[1.140s] writing list of installed files to '/home/jacobrod/worms_mech_ws/build/worms_mech/install.log'
[1.165s] Invoked command in '/home/jacobrod/worms_mech_ws/src/worms_mech' returned '0': PYTHONPATH=/home/jacobrod/worms_mech_ws/build/worms_mech/prefix_override:/home/jacobrod/worms_mech_ws/install/worms_mech/lib/python3.10/site-packages:${PYTHONPATH} /usr/bin/python3 setup.py egg_info --egg-base ../../build/worms_mech build --build-base /home/jacobrod/worms_mech_ws/build/worms_mech/build install --record /home/jacobrod/worms_mech_ws/build/worms_mech/install.log --single-version-externally-managed
