[1.547s] Invoking command in '/home/jacobrod/worms_ws/src/worms_mech': PYTHONPATH=/home/jacobrod/worms_ws/build/worms_mech/prefix_override:/home/jacobrod/worms_ws/install/worms_mech/lib/python3.10/site-packages:${PYTHONPATH} /usr/bin/python3 setup.py egg_info --egg-base ../../build/worms_mech build --build-base /home/jacobrod/worms_ws/build/worms_mech/build install --record /home/jacobrod/worms_ws/build/worms_mech/install.log --single-version-externally-managed
[1.832s] running egg_info
[1.833s] writing ../../build/worms_mech/worms_mech.egg-info/PKG-INFO
[1.833s] writing dependency_links to ../../build/worms_mech/worms_mech.egg-info/dependency_links.txt
[1.834s] writing entry points to ../../build/worms_mech/worms_mech.egg-info/entry_points.txt
[1.834s] writing requirements to ../../build/worms_mech/worms_mech.egg-info/requires.txt
[1.834s] writing top-level names to ../../build/worms_mech/worms_mech.egg-info/top_level.txt
[1.836s] reading manifest file '../../build/worms_mech/worms_mech.egg-info/SOURCES.txt'
[1.837s] writing manifest file '../../build/worms_mech/worms_mech.egg-info/SOURCES.txt'
[1.838s] running build
[1.838s] running build_py
[1.838s] copying worms_mech/joystick_control.py -> /home/jacobrod/worms_ws/build/worms_mech/build/lib/worms_mech
[1.838s] running install
[1.839s] /usr/lib/python3/dist-packages/setuptools/command/install.py:34: SetuptoolsDeprecationWarning: setup.py install is deprecated. Use build and pip and other standards-based tools.
[1.839s]   warnings.warn(
[1.839s] running install_lib
[1.840s] copying /home/jacobrod/worms_ws/build/worms_mech/build/lib/worms_mech/joystick_control.py -> /home/jacobrod/worms_ws/install/worms_mech/lib/python3.10/site-packages/worms_mech
[1.841s] byte-compiling /home/jacobrod/worms_ws/install/worms_mech/lib/python3.10/site-packages/worms_mech/joystick_control.py to joystick_control.cpython-310.pyc
[1.842s] running install_data
[1.843s] running install_egg_info
[1.844s] removing '/home/jacobrod/worms_ws/install/worms_mech/lib/python3.10/site-packages/worms_mech-0.0.0-py3.10.egg-info' (and everything under it)
[1.845s] Copying ../../build/worms_mech/worms_mech.egg-info to /home/jacobrod/worms_ws/install/worms_mech/lib/python3.10/site-packages/worms_mech-0.0.0-py3.10.egg-info
[1.846s] running install_scripts
[1.872s] Installing hardware_interface script to /home/jacobrod/worms_ws/install/worms_mech/lib/worms_mech
[1.872s] Installing joint_command_publisher script to /home/jacobrod/worms_ws/install/worms_mech/lib/worms_mech
[1.873s] Installing joystick_control script to /home/jacobrod/worms_ws/install/worms_mech/lib/worms_mech
[1.873s] writing list of installed files to '/home/jacobrod/worms_ws/build/worms_mech/install.log'
[2.124s] Invoked command in '/home/jacobrod/worms_ws/src/worms_mech' returned '0': PYTHONPATH=/home/jacobrod/worms_ws/build/worms_mech/prefix_override:/home/jacobrod/worms_ws/install/worms_mech/lib/python3.10/site-packages:${PYTHONPATH} /usr/bin/python3 setup.py egg_info --egg-base ../../build/worms_mech build --build-base /home/jacobrod/worms_ws/build/worms_mech/build install --record /home/jacobrod/worms_ws/build/worms_mech/install.log --single-version-externally-managed
