[0.072s] Invoking command in '/home/worm6/worms_mech_ws/build/image_tools': CMAKE_PREFIX_PATH=${CMAKE_PREFIX_PATH}:/home/worm6/worms_mech_ws/install/worms_mech:/opt/ros/humble /usr/bin/cmake --build /home/worm6/worms_mech_ws/build/image_tools -- -j4 -l4
[0.339s] [ 22%] Built target cam2image
[0.341s] [ 44%] Built target showimage
[0.356s] [100%] Built target image_tools
[0.405s] Invoked command in '/home/worm6/worms_mech_ws/build/image_tools' returned '0': CMAKE_PREFIX_PATH=${CMAKE_PREFIX_PATH}:/home/worm6/worms_mech_ws/install/worms_mech:/opt/ros/humble /usr/bin/cmake --build /home/worm6/worms_mech_ws/build/image_tools -- -j4 -l4
[0.645s] Invoking command in '/home/worm6/worms_mech_ws/build/image_tools': CMAKE_PREFIX_PATH=${CMAKE_PREFIX_PATH}:/home/worm6/worms_mech_ws/install/worms_mech:/opt/ros/humble /usr/bin/cmake --install /home/worm6/worms_mech_ws/build/image_tools
[0.674s] -- Install configuration: ""
[0.675s] -- Up-to-date: /home/worm6/worms_mech_ws/install/image_tools/lib/image_tools/cam2image
[0.678s] -- Up-to-date: /home/worm6/worms_mech_ws/install/image_tools/lib/image_tools/showimage
[0.680s] -- Up-to-date: /home/worm6/worms_mech_ws/install/image_tools/lib/libimage_tools.so
[0.681s] -- Up-to-date: /home/worm6/worms_mech_ws/install/image_tools/include/image_tools
[0.682s] -- Up-to-date: /home/worm6/worms_mech_ws/install/image_tools/include/image_tools/image_tools
[0.683s] -- Up-to-date: /home/worm6/worms_mech_ws/install/image_tools/include/image_tools/image_tools/cv_mat_sensor_msgs_image_type_adapter.hpp
[0.683s] -- Up-to-date: /home/worm6/worms_mech_ws/install/image_tools/include/image_tools/image_tools/visibility_control.h
[0.684s] -- Up-to-date: /home/worm6/worms_mech_ws/install/image_tools/share/image_tools/environment/library_path.sh
[0.684s] -- Up-to-date: /home/worm6/worms_mech_ws/install/image_tools/share/image_tools/environment/library_path.dsv
[0.685s] -- Up-to-date: /home/worm6/worms_mech_ws/install/image_tools/share/ament_index/resource_index/package_run_dependencies/image_tools
[0.685s] -- Up-to-date: /home/worm6/worms_mech_ws/install/image_tools/share/ament_index/resource_index/parent_prefix_path/image_tools
[0.686s] -- Up-to-date: /home/worm6/worms_mech_ws/install/image_tools/share/image_tools/environment/ament_prefix_path.sh
[0.687s] -- Up-to-date: /home/worm6/worms_mech_ws/install/image_tools/share/image_tools/environment/ament_prefix_path.dsv
[0.689s] -- Up-to-date: /home/worm6/worms_mech_ws/install/image_tools/share/image_tools/environment/path.sh
[0.690s] -- Up-to-date: /home/worm6/worms_mech_ws/install/image_tools/share/image_tools/environment/path.dsv
[0.691s] -- Up-to-date: /home/worm6/worms_mech_ws/install/image_tools/share/image_tools/local_setup.bash
[0.693s] -- Up-to-date: /home/worm6/worms_mech_ws/install/image_tools/share/image_tools/local_setup.sh
[0.694s] -- Up-to-date: /home/worm6/worms_mech_ws/install/image_tools/share/image_tools/local_setup.zsh
[0.695s] -- Up-to-date: /home/worm6/worms_mech_ws/install/image_tools/share/image_tools/local_setup.dsv
[0.697s] -- Installing: /home/worm6/worms_mech_ws/install/image_tools/share/image_tools/package.dsv
[0.699s] -- Up-to-date: /home/worm6/worms_mech_ws/install/image_tools/share/ament_index/resource_index/packages/image_tools
[0.700s] -- Up-to-date: /home/worm6/worms_mech_ws/install/image_tools/share/ament_index/resource_index/rclcpp_components/image_tools
[0.701s] -- Up-to-date: /home/worm6/worms_mech_ws/install/image_tools/share/image_tools/cmake/image_toolsExport.cmake
[0.702s] -- Up-to-date: /home/worm6/worms_mech_ws/install/image_tools/share/image_tools/cmake/image_toolsExport-noconfig.cmake
[0.703s] -- Up-to-date: /home/worm6/worms_mech_ws/install/image_tools/share/image_tools/cmake/ament_cmake_export_libraries-extras.cmake
[0.704s] -- Up-to-date: /home/worm6/worms_mech_ws/install/image_tools/share/image_tools/cmake/ament_cmake_export_targets-extras.cmake
[0.705s] -- Up-to-date: /home/worm6/worms_mech_ws/install/image_tools/share/image_tools/cmake/ament_cmake_export_dependencies-extras.cmake
[0.708s] -- Up-to-date: /home/worm6/worms_mech_ws/install/image_tools/share/image_tools/cmake/image_toolsConfig.cmake
[0.711s] -- Up-to-date: /home/worm6/worms_mech_ws/install/image_tools/share/image_tools/cmake/image_toolsConfig-version.cmake
[0.714s] -- Up-to-date: /home/worm6/worms_mech_ws/install/image_tools/share/image_tools/package.xml
[0.715s] Invoked command in '/home/worm6/worms_mech_ws/build/image_tools' returned '0': CMAKE_PREFIX_PATH=${CMAKE_PREFIX_PATH}:/home/worm6/worms_mech_ws/install/worms_mech:/opt/ros/humble /usr/bin/cmake --install /home/worm6/worms_mech_ws/build/image_tools
