[0.108s] Invoking command in '/home/jacobrod/worms_ws/build/ros_ign_gazebo': CMAKE_PREFIX_PATH=/home/jacobrod/worms_ws/install/ros_gz_sim:/home/jacobrod/worms_ws/src/install/worms_gazebo:/home/jacobrod/worms_ws/src/install/worms_description:/home/jacobrod/worms_ws/src/install/ros_gz_example_bringup:/home/jacobrod/worms_ws/src/install/ros_gz_example_gazebo:/home/jacobrod/worms_ws/src/install/ros_gz_example_description:/home/jacobrod/worms_ws/src/install/ros_gz_example_application:/home/jacobrod/worms_ws/src/install/core_bringup:/home/jacobrod/worms_ws/install/worms_gazebo:/home/jacobrod/worms_ws/install/worms_description:/home/jacobrod/worms_ws/install/ros_ign:/home/jacobrod/worms_ws/install/ros_ign_gazebo_demos:/home/jacobrod/worms_ws/install/ros_gz:/home/jacobrod/worms_ws/install/ros_gz_sim_demos:/home/jacobrod/worms_ws/install/sdformat_urdf:/home/jacobrod/worms_ws/install/sdformat_test_files:/home/jacobrod/worms_ws/install/ros_ign_interfaces:/home/jacobrod/worms_ws/install/ros_ign_image:/home/jacobrod/worms_ws/install/ros_ign_gazebo:/home/jacobrod/worms_ws/install/ros_ign_bridge:/home/jacobrod/worms_ws/install/ros_gz_image:/home/jacobrod/worms_ws/install/ros_gz_bridge:/home/jacobrod/worms_ws/install/ros_gz_interfaces:/home/jacobrod/worms_ws/install/ros_gz_example_bringup:/home/jacobrod/worms_ws/install/ros_gz_example_gazebo:/home/jacobrod/worms_ws/install/ros_gz_example_description:/home/jacobrod/worms_ws/install/ros_gz_example_application:/home/jacobrod/worms_ws/install/core_bringup:/home/jacobrod/AllSeaingVehicle2/install:/home/jacobrod/worms_ws/src/install/worms_mech:/home/jacobrod/worms_ws/install/worms_mech:/opt/ros/humble LD_LIBRARY_PATH=/home/jacobrod/worms_ws/install/ros_gz_sim/lib:/home/jacobrod/worms_ws/install/sdformat_urdf/lib:/home/jacobrod/worms_ws/install/ros_ign_interfaces/lib:/home/jacobrod/worms_ws/install/ros_gz_bridge/lib:/home/jacobrod/worms_ws/install/ros_gz_interfaces/lib:/home/jacobrod/AllSeaingVehicle2/install/lib:/opt/ros/humble/opt/rviz_ogre_vendor/lib:/opt/ros/humble/lib/x86_64-linux-gnu:/opt/ros/humble/lib /usr/bin/cmake /home/jacobrod/worms_ws/src/ros_gz/ros_ign_gazebo -DBUILD_TESTING=ON -DCMAKE_INSTALL_PREFIX=/home/jacobrod/worms_ws/install/ros_ign_gazebo
[0.166s] -- The C compiler identification is GNU 11.4.0
[0.223s] -- The CXX compiler identification is GNU 11.4.0
[0.231s] -- Detecting C compiler ABI info
[0.307s] -- Detecting C compiler ABI info - done
[0.319s] -- Check for working C compiler: /usr/bin/cc - skipped
[0.319s] -- Detecting C compile features
[0.320s] -- Detecting C compile features - done
[0.323s] -- Detecting CXX compiler ABI info
[0.408s] -- Detecting CXX compiler ABI info - done
[0.423s] -- Check for working CXX compiler: /usr/bin/c++ - skipped
[0.423s] -- Detecting CXX compile features
[0.424s] -- Detecting CXX compile features - done
[0.430s] -- Found ament_cmake: 1.3.5 (/opt/ros/humble/share/ament_cmake/cmake)
[0.621s] -- Found Python3: /usr/bin/python3.10 (found version "3.10.12") found components: Interpreter 
[0.741s] -- Found ament_index_cpp: 1.4.0 (/opt/ros/humble/share/ament_index_cpp/cmake)
[0.748s] -- Looking for gz-sim7 -- found version 7.6.0
[0.758s] -- Searching for dependencies of gz-sim7
[0.763s] -- Looking for sdformat13 -- found version 13.6.0
[0.764s] -- Searching for dependencies of sdformat13
[0.770s] -- Checking for module 'tinyxml2'
[0.786s] --   Found tinyxml2, version 9.0.0
[0.827s] -- Looking for gz-math7 -- found version 7.3.0
[0.828s] -- Searching for dependencies of gz-math7
[0.832s] -- Looking for gz-utils2 -- found version 2.1.0
[0.833s] -- Searching for dependencies of gz-utils2
[0.834s] -- Looking for gz-utils2 -- found version 2.1.0
[0.835s] -- Searching for dependencies of gz-utils2
[0.835s] -- Searching for <gz-utils2> component [cli]
[0.840s] -- Looking for gz-utils2-cli -- found version 2.1.0
[0.840s] -- Searching for dependencies of gz-utils2-cli
[0.846s] -- Looking for gz-plugin2 -- found version 2.0.2
[0.846s] -- Searching for dependencies of gz-plugin2
[0.847s] -- Looking for gz-utils2 -- found version 2.1.0
[0.847s] -- Searching for <gz-plugin2> component [loader]
[0.852s] -- Looking for gz-plugin2-loader -- found version 2.0.2
[0.852s] -- Searching for dependencies of gz-plugin2-loader
[0.853s] -- Searching for <gz-plugin2> component [register]
[0.858s] -- Looking for gz-plugin2-register -- found version 2.0.2
[0.858s] -- Searching for dependencies of gz-plugin2-register
[0.864s] -- Looking for gz-transport12 -- found version 12.2.1
[0.864s] -- Searching for dependencies of gz-transport12
[1.057s] -- Found Protobuf: /usr/lib/x86_64-linux-gnu/libprotobuf.so (found version "3.12.4") 
[1.073s] -- Config-file not installed for ZeroMQ -- checking for pkg-config
[1.078s] -- Checking for module 'libzmq >= 4'
[1.095s] --   Found libzmq , version 4.3.4
[1.135s] -- Found ZeroMQ: TRUE (Required is at least version "4") 
[1.141s] -- Checking for module 'uuid'
[1.157s] --   Found uuid, version 2.37.2
[1.195s] -- Found UUID: TRUE  
[1.195s] -- Looking for gz-utils2 -- found version 2.1.0
[1.200s] -- Looking for gz-msgs9 -- found version 9.5.0
[1.201s] -- Searching for dependencies of gz-msgs9
[1.223s] -- Looking for gz-math7 -- found version 7.3.0
[1.230s] -- Searching for <gz-transport12> component [log]
[1.235s] -- Looking for gz-transport12-log -- found version 12.2.1
[1.235s] -- Searching for dependencies of gz-transport12-log
[1.236s] -- Searching for <gz-transport12> component [parameters]
[1.241s] -- Looking for gz-transport12-parameters -- found version 12.2.1
[1.241s] -- Searching for dependencies of gz-transport12-parameters
[1.242s] -- Looking for gz-msgs9 -- found version 9.5.0
[1.247s] -- Looking for gz-common5 -- found version 5.4.2
[1.247s] -- Searching for dependencies of gz-common5
[1.248s] -- Looking for gz-utils2 -- found version 2.1.0
[1.248s] -- Looking for dlfcn.h - found
[1.249s] -- Looking for libdl - found
[1.251s] -- Found DL: TRUE  
[1.258s] -- Searching for <gz-common5> component [profiler]
[1.263s] -- Looking for gz-common5-profiler -- found version 5.4.2
[1.264s] -- Searching for dependencies of gz-common5-profiler
[1.265s] -- Searching for <gz-common5> component [events]
[1.269s] -- Looking for gz-common5-events -- found version 5.4.2
[1.270s] -- Searching for dependencies of gz-common5-events
[1.270s] -- Looking for gz-math7 -- found version 7.3.0
[1.271s] -- Searching for <gz-common5> component [av]
[1.276s] -- Looking for gz-common5-av -- found version 5.4.2
[1.276s] -- Searching for dependencies of gz-common5-av
[1.282s] -- Checking for module 'libswscale'
[1.298s] --   Found libswscale, version 5.9.100
[1.336s] -- Found SWSCALE: TRUE  
[1.342s] -- Checking for module 'libavdevice >= 56.4.100'
[1.358s] --   Found libavdevice , version 58.13.100
[1.402s] -- Found AVDEVICE: TRUE (Required is at least version "56.4.100") 
[1.407s] -- Checking for module 'libavformat'
[1.423s] --   Found libavformat, version 58.76.100
[1.463s] -- Found AVFORMAT: TRUE  
[1.469s] -- Checking for module 'libavcodec'
[1.486s] --   Found libavcodec, version 58.134.100
[1.525s] -- Found AVCODEC: TRUE  
[1.531s] -- Checking for module 'libavutil'
[1.547s] --   Found libavutil, version 56.70.100
[1.586s] -- Found AVUTIL: TRUE  
[1.586s] -- Searching for <gz-common5> component [io]
[1.591s] -- Looking for gz-common5-io -- found version 5.4.2
[1.591s] -- Searching for dependencies of gz-common5-io
[1.597s] -- Looking for gz-fuel_tools8 -- found version 8.1.0
[1.597s] -- Searching for dependencies of gz-fuel_tools8
[1.697s] -- Found CURL: /usr/lib/x86_64-linux-gnu/libcurl.so (found version "7.81.0")  
[1.718s] -- Checking for module 'jsoncpp'
[1.746s] --   Found jsoncpp, version 1.9.5
[1.797s] -- Found JSONCPP: TRUE  
[1.807s] -- Checking for module 'libzip'
[1.835s] --   Found libzip, version 1.7.3
[1.899s] -- Found ZIP: TRUE  
[1.900s] -- Looking for gz-utils2 -- found version 2.1.0
[1.901s] -- Looking for gz-common5 -- found version 5.4.2
[1.903s] -- Searching for dependencies of gz-common5
[1.903s] -- Looking for gz-utils2 -- found version 2.1.0
[1.904s] -- Looking for dlfcn.h - found
[1.904s] -- Looking for libdl - found
[1.918s] -- Searching for <gz-common5> component [testing]
[1.926s] -- Looking for gz-common5-testing -- found version 5.4.2
[1.927s] -- Searching for dependencies of gz-common5-testing
[1.929s] -- Looking for gz-math7 -- found version 7.3.0
[1.930s] -- Looking for gz-msgs9 -- found version 9.5.0
[1.939s] -- Looking for gz-gui7 -- found version 7.2.1
[1.941s] -- Searching for dependencies of gz-gui7
[1.992s] -- Looking for gz-utils2 -- found version 2.1.0
[1.993s] -- Looking for gz-math7 -- found version 7.3.0
[1.994s] -- Looking for gz-common5 -- found version 5.4.2
[1.995s] -- Looking for gz-plugin2 -- found version 2.0.2
[1.996s] -- Looking for gz-transport12 -- found version 12.2.1
[2.004s] -- Looking for gz-rendering7 -- found version 7.4.2
[2.005s] -- Searching for dependencies of gz-rendering7
[2.006s] -- Looking for gz-math7 -- found version 7.3.0
[2.007s] -- Searching for dependencies of gz-math7
[2.008s] -- Looking for gz-utils2 -- found version 2.1.0
[2.009s] -- Searching for <gz-math7> component [eigen3]
[2.017s] -- Looking for gz-math7-eigen3 -- found version 7.3.0
[2.019s] -- Searching for dependencies of gz-math7-eigen3
[2.038s] -- Looking for gz-common5 -- found version 5.4.2
[2.039s] -- Searching for dependencies of gz-common5
[2.040s] -- Looking for gz-utils2 -- found version 2.1.0
[2.041s] -- Looking for dlfcn.h - found
[2.041s] -- Looking for libdl - found
[2.073s] -- Searching for <gz-common5> component [graphics]
[2.081s] -- Looking for gz-common5-graphics -- found version 5.4.2
[2.083s] -- Searching for dependencies of gz-common5-graphics
[2.083s] -- Looking for gz-math7 -- found version 7.3.0
[2.101s] -- Found GzAssimp: TRUE (found version "5.2.0") 
[2.103s] -- Searching for <gz-common5> component [events]
[2.104s] -- Searching for <gz-common5> component [geospatial]
[2.112s] -- Looking for gz-common5-geospatial -- found version 5.4.2
[2.113s] -- Searching for dependencies of gz-common5-geospatial
[2.114s] -- Looking for gz-math7 -- found version 7.3.0
[2.115s] -- Looking for gz-common5 -- found version 5.4.2
[2.117s] -- Looking for gz-plugin2 -- found version 2.0.2
[2.118s] -- Searching for dependencies of gz-plugin2
[2.119s] -- Looking for gz-utils2 -- found version 2.1.0
[2.120s] -- Searching for <gz-plugin2> component [all]
[2.128s] -- Looking for all libraries of gz-plugin2 -- found version 2.0.2
[2.129s] -- Looking for gz-plugin2 -- found version 2.0.2
[2.132s] -- Looking for gz-utils2 -- found version 2.1.0
[2.147s] -- Found OpenGL: /usr/lib/x86_64-linux-gnu/libOpenGL.so  found components: OpenGL 
[2.149s] -- Looking for gz-msgs9 -- found version 9.5.0
[2.200s] -- Looking for gz-physics6 -- found version 6.5.1
[2.201s] -- Searching for dependencies of gz-physics6
[2.202s] -- Looking for gz-math7 -- found version 7.3.0
[2.203s] -- Looking for gz-plugin2 -- found version 2.0.2
[2.203s] -- Looking for gz-utils2 -- found version 2.1.0
[2.206s] -- Searching for <gz-physics6> component [heightmap]
[2.213s] -- Looking for gz-physics6-heightmap -- found version 6.5.1
[2.214s] -- Searching for dependencies of gz-physics6-heightmap
[2.215s] -- Looking for gz-common5 -- found version 5.4.2
[2.216s] -- Searching for <gz-physics6> component [mesh]
[2.223s] -- Looking for gz-physics6-mesh -- found version 6.5.1
[2.225s] -- Searching for dependencies of gz-physics6-mesh
[2.225s] -- Looking for gz-common5 -- found version 5.4.2
[2.226s] -- Searching for <gz-physics6> component [sdf]
[2.233s] -- Looking for gz-physics6-sdf -- found version 6.5.1
[2.234s] -- Searching for dependencies of gz-physics6-sdf
[2.236s] -- Looking for sdformat13 -- found version 13.6.0
[2.245s] -- Looking for gz-sensors7 -- found version 7.3.0
[2.246s] -- Searching for dependencies of gz-sensors7
[2.298s] -- Looking for gz-math7 -- found version 7.3.0
[2.298s] -- Looking for gz-common5 -- found version 5.4.2
[2.299s] -- Looking for gz-transport12 -- found version 12.2.1
[2.300s] -- Looking for gz-rendering7 -- found version 7.4.2
[2.300s] -- Looking for gz-msgs9 -- found version 9.5.0
[2.301s] -- Looking for sdformat13 -- found version 13.6.0
[2.302s] -- Searching for <gz-sensors7> component [air_pressure]
[2.310s] -- Looking for gz-sensors7-air_pressure -- found version 7.3.0
[2.310s] -- Searching for dependencies of gz-sensors7-air_pressure
[2.311s] -- Searching for <gz-sensors7> component [air_speed]
[2.318s] -- Looking for gz-sensors7-air_speed -- found version 7.3.0
[2.319s] -- Searching for dependencies of gz-sensors7-air_speed
[2.320s] -- Searching for <gz-sensors7> component [altimeter]
[2.327s] -- Looking for gz-sensors7-altimeter -- found version 7.3.0
[2.328s] -- Searching for dependencies of gz-sensors7-altimeter
[2.329s] -- Searching for <gz-sensors7> component [imu]
[2.336s] -- Looking for gz-sensors7-imu -- found version 7.3.0
[2.337s] -- Searching for dependencies of gz-sensors7-imu
[2.338s] -- Searching for <gz-sensors7> component [force_torque]
[2.345s] -- Looking for gz-sensors7-force_torque -- found version 7.3.0
[2.346s] -- Searching for dependencies of gz-sensors7-force_torque
[2.347s] -- Searching for <gz-sensors7> component [logical_camera]
[2.353s] -- Looking for gz-sensors7-logical_camera -- found version 7.3.0
[2.354s] -- Searching for dependencies of gz-sensors7-logical_camera
[2.355s] -- Searching for <gz-sensors7> component [magnetometer]
[2.360s] -- Looking for gz-sensors7-magnetometer -- found version 7.3.0
[2.360s] -- Searching for dependencies of gz-sensors7-magnetometer
[2.361s] -- Searching for <gz-sensors7> component [navsat]
[2.366s] -- Looking for gz-sensors7-navsat -- found version 7.3.0
[2.367s] -- Searching for dependencies of gz-sensors7-navsat
[2.368s] -- Searching for <gz-sensors7> component [rendering]
[2.373s] -- Looking for gz-sensors7-rendering -- found version 7.3.0
[2.373s] -- Searching for dependencies of gz-sensors7-rendering
[2.374s] -- Searching for <gz-sensors7> component [lidar]
[2.379s] -- Looking for gz-sensors7-lidar -- found version 7.3.0
[2.379s] -- Searching for dependencies of gz-sensors7-lidar
[2.380s] -- Looking for gz-sensors7 -- found version 7.3.0
[2.381s] -- Searching for <gz-sensors7> component [gpu_lidar]
[2.386s] -- Looking for gz-sensors7-gpu_lidar -- found version 7.3.0
[2.386s] -- Searching for dependencies of gz-sensors7-gpu_lidar
[2.387s] -- Looking for gz-sensors7 -- found version 7.3.0
[2.387s] -- Searching for <gz-sensors7> component [camera]
[2.393s] -- Looking for gz-sensors7-camera -- found version 7.3.0
[2.393s] -- Searching for dependencies of gz-sensors7-camera
[2.394s] -- Looking for gz-sensors7 -- found version 7.3.0
[2.394s] -- Searching for <gz-sensors7> component [boundingbox_camera]
[2.399s] -- Looking for gz-sensors7-boundingbox_camera -- found version 7.3.0
[2.400s] -- Searching for dependencies of gz-sensors7-boundingbox_camera
[2.401s] -- Searching for <gz-sensors7> component [segmentation_camera]
[2.405s] -- Looking for gz-sensors7-segmentation_camera -- found version 7.3.0
[2.406s] -- Searching for dependencies of gz-sensors7-segmentation_camera
[2.407s] -- Searching for <gz-sensors7> component [depth_camera]
[2.412s] -- Looking for gz-sensors7-depth_camera -- found version 7.3.0
[2.413s] -- Searching for dependencies of gz-sensors7-depth_camera
[2.413s] -- Looking for gz-sensors7 -- found version 7.3.0
[2.414s] -- Searching for <gz-sensors7> component [rgbd_camera]
[2.419s] -- Looking for gz-sensors7-rgbd_camera -- found version 7.3.0
[2.419s] -- Searching for dependencies of gz-sensors7-rgbd_camera
[2.420s] -- Looking for gz-sensors7 -- found version 7.3.0
[2.420s] -- Searching for <gz-sensors7> component [thermal_camera]
[2.426s] -- Looking for gz-sensors7-thermal_camera -- found version 7.3.0
[2.426s] -- Searching for dependencies of gz-sensors7-thermal_camera
[2.427s] -- Looking for gz-sensors7 -- found version 7.3.0
[2.427s] -- Searching for <gz-sensors7> component [wide_angle_camera]
[2.432s] -- Looking for gz-sensors7-wide_angle_camera -- found version 7.3.0
[2.433s] -- Searching for dependencies of gz-sensors7-wide_angle_camera
[2.434s] -- Looking for gz-rendering7 -- found version 7.4.2
[2.435s] -- Looking for gz-math7 -- found version 7.3.0
[2.435s] -- Looking for gz-utils2 -- found version 2.1.0
[2.460s] -- Compiling against Gazebo Garden
[2.535s] -- Configuring done
[2.543s] -- Generating done
[2.545s] -- Build files have been written to: /home/jacobrod/worms_ws/build/ros_ign_gazebo
[2.557s] Invoked command in '/home/jacobrod/worms_ws/build/ros_ign_gazebo' returned '0': CMAKE_PREFIX_PATH=/home/jacobrod/worms_ws/install/ros_gz_sim:/home/jacobrod/worms_ws/src/install/worms_gazebo:/home/jacobrod/worms_ws/src/install/worms_description:/home/jacobrod/worms_ws/src/install/ros_gz_example_bringup:/home/jacobrod/worms_ws/src/install/ros_gz_example_gazebo:/home/jacobrod/worms_ws/src/install/ros_gz_example_description:/home/jacobrod/worms_ws/src/install/ros_gz_example_application:/home/jacobrod/worms_ws/src/install/core_bringup:/home/jacobrod/worms_ws/install/worms_gazebo:/home/jacobrod/worms_ws/install/worms_description:/home/jacobrod/worms_ws/install/ros_ign:/home/jacobrod/worms_ws/install/ros_ign_gazebo_demos:/home/jacobrod/worms_ws/install/ros_gz:/home/jacobrod/worms_ws/install/ros_gz_sim_demos:/home/jacobrod/worms_ws/install/sdformat_urdf:/home/jacobrod/worms_ws/install/sdformat_test_files:/home/jacobrod/worms_ws/install/ros_ign_interfaces:/home/jacobrod/worms_ws/install/ros_ign_image:/home/jacobrod/worms_ws/install/ros_ign_gazebo:/home/jacobrod/worms_ws/install/ros_ign_bridge:/home/jacobrod/worms_ws/install/ros_gz_image:/home/jacobrod/worms_ws/install/ros_gz_bridge:/home/jacobrod/worms_ws/install/ros_gz_interfaces:/home/jacobrod/worms_ws/install/ros_gz_example_bringup:/home/jacobrod/worms_ws/install/ros_gz_example_gazebo:/home/jacobrod/worms_ws/install/ros_gz_example_description:/home/jacobrod/worms_ws/install/ros_gz_example_application:/home/jacobrod/worms_ws/install/core_bringup:/home/jacobrod/AllSeaingVehicle2/install:/home/jacobrod/worms_ws/src/install/worms_mech:/home/jacobrod/worms_ws/install/worms_mech:/opt/ros/humble LD_LIBRARY_PATH=/home/jacobrod/worms_ws/install/ros_gz_sim/lib:/home/jacobrod/worms_ws/install/sdformat_urdf/lib:/home/jacobrod/worms_ws/install/ros_ign_interfaces/lib:/home/jacobrod/worms_ws/install/ros_gz_bridge/lib:/home/jacobrod/worms_ws/install/ros_gz_interfaces/lib:/home/jacobrod/AllSeaingVehicle2/install/lib:/opt/ros/humble/opt/rviz_ogre_vendor/lib:/opt/ros/humble/lib/x86_64-linux-gnu:/opt/ros/humble/lib /usr/bin/cmake /home/jacobrod/worms_ws/src/ros_gz/ros_ign_gazebo -DBUILD_TESTING=ON -DCMAKE_INSTALL_PREFIX=/home/jacobrod/worms_ws/install/ros_ign_gazebo
[2.560s] Invoking command in '/home/jacobrod/worms_ws/build/ros_ign_gazebo': CMAKE_PREFIX_PATH=/home/jacobrod/worms_ws/install/ros_gz_sim:/home/jacobrod/worms_ws/src/install/worms_gazebo:/home/jacobrod/worms_ws/src/install/worms_description:/home/jacobrod/worms_ws/src/install/ros_gz_example_bringup:/home/jacobrod/worms_ws/src/install/ros_gz_example_gazebo:/home/jacobrod/worms_ws/src/install/ros_gz_example_description:/home/jacobrod/worms_ws/src/install/ros_gz_example_application:/home/jacobrod/worms_ws/src/install/core_bringup:/home/jacobrod/worms_ws/install/worms_gazebo:/home/jacobrod/worms_ws/install/worms_description:/home/jacobrod/worms_ws/install/ros_ign:/home/jacobrod/worms_ws/install/ros_ign_gazebo_demos:/home/jacobrod/worms_ws/install/ros_gz:/home/jacobrod/worms_ws/install/ros_gz_sim_demos:/home/jacobrod/worms_ws/install/sdformat_urdf:/home/jacobrod/worms_ws/install/sdformat_test_files:/home/jacobrod/worms_ws/install/ros_ign_interfaces:/home/jacobrod/worms_ws/install/ros_ign_image:/home/jacobrod/worms_ws/install/ros_ign_gazebo:/home/jacobrod/worms_ws/install/ros_ign_bridge:/home/jacobrod/worms_ws/install/ros_gz_image:/home/jacobrod/worms_ws/install/ros_gz_bridge:/home/jacobrod/worms_ws/install/ros_gz_interfaces:/home/jacobrod/worms_ws/install/ros_gz_example_bringup:/home/jacobrod/worms_ws/install/ros_gz_example_gazebo:/home/jacobrod/worms_ws/install/ros_gz_example_description:/home/jacobrod/worms_ws/install/ros_gz_example_application:/home/jacobrod/worms_ws/install/core_bringup:/home/jacobrod/AllSeaingVehicle2/install:/home/jacobrod/worms_ws/src/install/worms_mech:/home/jacobrod/worms_ws/install/worms_mech:/opt/ros/humble LD_LIBRARY_PATH=/home/jacobrod/worms_ws/install/ros_gz_sim/lib:/home/jacobrod/worms_ws/install/sdformat_urdf/lib:/home/jacobrod/worms_ws/install/ros_ign_interfaces/lib:/home/jacobrod/worms_ws/install/ros_gz_bridge/lib:/home/jacobrod/worms_ws/install/ros_gz_interfaces/lib:/home/jacobrod/AllSeaingVehicle2/install/lib:/opt/ros/humble/opt/rviz_ogre_vendor/lib:/opt/ros/humble/lib/x86_64-linux-gnu:/opt/ros/humble/lib /usr/bin/cmake --build /home/jacobrod/worms_ws/build/ros_ign_gazebo -- -j8 -l8
[2.615s] [ 50%] [32mBuilding CXX object CMakeFiles/create.dir/src/create_shim.cpp.o[0m
[2.881s] [100%] [32m[1mLinking CXX executable create[0m
[2.981s] [100%] Built target create
[2.994s] Invoked command in '/home/jacobrod/worms_ws/build/ros_ign_gazebo' returned '0': CMAKE_PREFIX_PATH=/home/jacobrod/worms_ws/install/ros_gz_sim:/home/jacobrod/worms_ws/src/install/worms_gazebo:/home/jacobrod/worms_ws/src/install/worms_description:/home/jacobrod/worms_ws/src/install/ros_gz_example_bringup:/home/jacobrod/worms_ws/src/install/ros_gz_example_gazebo:/home/jacobrod/worms_ws/src/install/ros_gz_example_description:/home/jacobrod/worms_ws/src/install/ros_gz_example_application:/home/jacobrod/worms_ws/src/install/core_bringup:/home/jacobrod/worms_ws/install/worms_gazebo:/home/jacobrod/worms_ws/install/worms_description:/home/jacobrod/worms_ws/install/ros_ign:/home/jacobrod/worms_ws/install/ros_ign_gazebo_demos:/home/jacobrod/worms_ws/install/ros_gz:/home/jacobrod/worms_ws/install/ros_gz_sim_demos:/home/jacobrod/worms_ws/install/sdformat_urdf:/home/jacobrod/worms_ws/install/sdformat_test_files:/home/jacobrod/worms_ws/install/ros_ign_interfaces:/home/jacobrod/worms_ws/install/ros_ign_image:/home/jacobrod/worms_ws/install/ros_ign_gazebo:/home/jacobrod/worms_ws/install/ros_ign_bridge:/home/jacobrod/worms_ws/install/ros_gz_image:/home/jacobrod/worms_ws/install/ros_gz_bridge:/home/jacobrod/worms_ws/install/ros_gz_interfaces:/home/jacobrod/worms_ws/install/ros_gz_example_bringup:/home/jacobrod/worms_ws/install/ros_gz_example_gazebo:/home/jacobrod/worms_ws/install/ros_gz_example_description:/home/jacobrod/worms_ws/install/ros_gz_example_application:/home/jacobrod/worms_ws/install/core_bringup:/home/jacobrod/AllSeaingVehicle2/install:/home/jacobrod/worms_ws/src/install/worms_mech:/home/jacobrod/worms_ws/install/worms_mech:/opt/ros/humble LD_LIBRARY_PATH=/home/jacobrod/worms_ws/install/ros_gz_sim/lib:/home/jacobrod/worms_ws/install/sdformat_urdf/lib:/home/jacobrod/worms_ws/install/ros_ign_interfaces/lib:/home/jacobrod/worms_ws/install/ros_gz_bridge/lib:/home/jacobrod/worms_ws/install/ros_gz_interfaces/lib:/home/jacobrod/AllSeaingVehicle2/install/lib:/opt/ros/humble/opt/rviz_ogre_vendor/lib:/opt/ros/humble/lib/x86_64-linux-gnu:/opt/ros/humble/lib /usr/bin/cmake --build /home/jacobrod/worms_ws/build/ros_ign_gazebo -- -j8 -l8
[3.027s] Invoking command in '/home/jacobrod/worms_ws/build/ros_ign_gazebo': CMAKE_PREFIX_PATH=/home/jacobrod/worms_ws/install/ros_gz_sim:/home/jacobrod/worms_ws/src/install/worms_gazebo:/home/jacobrod/worms_ws/src/install/worms_description:/home/jacobrod/worms_ws/src/install/ros_gz_example_bringup:/home/jacobrod/worms_ws/src/install/ros_gz_example_gazebo:/home/jacobrod/worms_ws/src/install/ros_gz_example_description:/home/jacobrod/worms_ws/src/install/ros_gz_example_application:/home/jacobrod/worms_ws/src/install/core_bringup:/home/jacobrod/worms_ws/install/worms_gazebo:/home/jacobrod/worms_ws/install/worms_description:/home/jacobrod/worms_ws/install/ros_ign:/home/jacobrod/worms_ws/install/ros_ign_gazebo_demos:/home/jacobrod/worms_ws/install/ros_gz:/home/jacobrod/worms_ws/install/ros_gz_sim_demos:/home/jacobrod/worms_ws/install/sdformat_urdf:/home/jacobrod/worms_ws/install/sdformat_test_files:/home/jacobrod/worms_ws/install/ros_ign_interfaces:/home/jacobrod/worms_ws/install/ros_ign_image:/home/jacobrod/worms_ws/install/ros_ign_gazebo:/home/jacobrod/worms_ws/install/ros_ign_bridge:/home/jacobrod/worms_ws/install/ros_gz_image:/home/jacobrod/worms_ws/install/ros_gz_bridge:/home/jacobrod/worms_ws/install/ros_gz_interfaces:/home/jacobrod/worms_ws/install/ros_gz_example_bringup:/home/jacobrod/worms_ws/install/ros_gz_example_gazebo:/home/jacobrod/worms_ws/install/ros_gz_example_description:/home/jacobrod/worms_ws/install/ros_gz_example_application:/home/jacobrod/worms_ws/install/core_bringup:/home/jacobrod/AllSeaingVehicle2/install:/home/jacobrod/worms_ws/src/install/worms_mech:/home/jacobrod/worms_ws/install/worms_mech:/opt/ros/humble LD_LIBRARY_PATH=/home/jacobrod/worms_ws/install/ros_gz_sim/lib:/home/jacobrod/worms_ws/install/sdformat_urdf/lib:/home/jacobrod/worms_ws/install/ros_ign_interfaces/lib:/home/jacobrod/worms_ws/install/ros_gz_bridge/lib:/home/jacobrod/worms_ws/install/ros_gz_interfaces/lib:/home/jacobrod/AllSeaingVehicle2/install/lib:/opt/ros/humble/opt/rviz_ogre_vendor/lib:/opt/ros/humble/lib/x86_64-linux-gnu:/opt/ros/humble/lib /usr/bin/cmake --install /home/jacobrod/worms_ws/build/ros_ign_gazebo
[3.035s] -- Install configuration: ""
[3.035s] -- Installing: /home/jacobrod/worms_ws/install/ros_ign_gazebo/share/ros_ign_gazebo/launch/ign_gazebo.launch.py
[3.035s] -- Installing: /home/jacobrod/worms_ws/install/ros_ign_gazebo/lib/ros_ign_gazebo/create
[3.036s] -- Set runtime path of "/home/jacobrod/worms_ws/install/ros_ign_gazebo/lib/ros_ign_gazebo/create" to ""
[3.036s] -- Installing: /home/jacobrod/worms_ws/install/ros_ign_gazebo/share/ament_index/resource_index/package_run_dependencies/ros_ign_gazebo
[3.037s] -- Installing: /home/jacobrod/worms_ws/install/ros_ign_gazebo/share/ament_index/resource_index/parent_prefix_path/ros_ign_gazebo
[3.037s] -- Installing: /home/jacobrod/worms_ws/install/ros_ign_gazebo/share/ros_ign_gazebo/environment/ament_prefix_path.sh
[3.037s] -- Installing: /home/jacobrod/worms_ws/install/ros_ign_gazebo/share/ros_ign_gazebo/environment/ament_prefix_path.dsv
[3.037s] -- Installing: /home/jacobrod/worms_ws/install/ros_ign_gazebo/share/ros_ign_gazebo/environment/path.sh
[3.038s] -- Installing: /home/jacobrod/worms_ws/install/ros_ign_gazebo/share/ros_ign_gazebo/environment/path.dsv
[3.038s] -- Installing: /home/jacobrod/worms_ws/install/ros_ign_gazebo/share/ros_ign_gazebo/local_setup.bash
[3.038s] -- Installing: /home/jacobrod/worms_ws/install/ros_ign_gazebo/share/ros_ign_gazebo/local_setup.sh
[3.038s] -- Installing: /home/jacobrod/worms_ws/install/ros_ign_gazebo/share/ros_ign_gazebo/local_setup.zsh
[3.038s] -- Installing: /home/jacobrod/worms_ws/install/ros_ign_gazebo/share/ros_ign_gazebo/local_setup.dsv
[3.039s] -- Installing: /home/jacobrod/worms_ws/install/ros_ign_gazebo/share/ros_ign_gazebo/package.dsv
[3.039s] -- Installing: /home/jacobrod/worms_ws/install/ros_ign_gazebo/share/ament_index/resource_index/packages/ros_ign_gazebo
[3.039s] -- Installing: /home/jacobrod/worms_ws/install/ros_ign_gazebo/share/ros_ign_gazebo/cmake/ament_cmake_export_dependencies-extras.cmake
[3.039s] -- Installing: /home/jacobrod/worms_ws/install/ros_ign_gazebo/share/ros_ign_gazebo/cmake/ros_ign_gazeboConfig.cmake
[3.040s] -- Installing: /home/jacobrod/worms_ws/install/ros_ign_gazebo/share/ros_ign_gazebo/cmake/ros_ign_gazeboConfig-version.cmake
[3.040s] -- Installing: /home/jacobrod/worms_ws/install/ros_ign_gazebo/share/ros_ign_gazebo/package.xml
[3.042s] Invoked command in '/home/jacobrod/worms_ws/build/ros_ign_gazebo' returned '0': CMAKE_PREFIX_PATH=/home/jacobrod/worms_ws/install/ros_gz_sim:/home/jacobrod/worms_ws/src/install/worms_gazebo:/home/jacobrod/worms_ws/src/install/worms_description:/home/jacobrod/worms_ws/src/install/ros_gz_example_bringup:/home/jacobrod/worms_ws/src/install/ros_gz_example_gazebo:/home/jacobrod/worms_ws/src/install/ros_gz_example_description:/home/jacobrod/worms_ws/src/install/ros_gz_example_application:/home/jacobrod/worms_ws/src/install/core_bringup:/home/jacobrod/worms_ws/install/worms_gazebo:/home/jacobrod/worms_ws/install/worms_description:/home/jacobrod/worms_ws/install/ros_ign:/home/jacobrod/worms_ws/install/ros_ign_gazebo_demos:/home/jacobrod/worms_ws/install/ros_gz:/home/jacobrod/worms_ws/install/ros_gz_sim_demos:/home/jacobrod/worms_ws/install/sdformat_urdf:/home/jacobrod/worms_ws/install/sdformat_test_files:/home/jacobrod/worms_ws/install/ros_ign_interfaces:/home/jacobrod/worms_ws/install/ros_ign_image:/home/jacobrod/worms_ws/install/ros_ign_gazebo:/home/jacobrod/worms_ws/install/ros_ign_bridge:/home/jacobrod/worms_ws/install/ros_gz_image:/home/jacobrod/worms_ws/install/ros_gz_bridge:/home/jacobrod/worms_ws/install/ros_gz_interfaces:/home/jacobrod/worms_ws/install/ros_gz_example_bringup:/home/jacobrod/worms_ws/install/ros_gz_example_gazebo:/home/jacobrod/worms_ws/install/ros_gz_example_description:/home/jacobrod/worms_ws/install/ros_gz_example_application:/home/jacobrod/worms_ws/install/core_bringup:/home/jacobrod/AllSeaingVehicle2/install:/home/jacobrod/worms_ws/src/install/worms_mech:/home/jacobrod/worms_ws/install/worms_mech:/opt/ros/humble LD_LIBRARY_PATH=/home/jacobrod/worms_ws/install/ros_gz_sim/lib:/home/jacobrod/worms_ws/install/sdformat_urdf/lib:/home/jacobrod/worms_ws/install/ros_ign_interfaces/lib:/home/jacobrod/worms_ws/install/ros_gz_bridge/lib:/home/jacobrod/worms_ws/install/ros_gz_interfaces/lib:/home/jacobrod/AllSeaingVehicle2/install/lib:/opt/ros/humble/opt/rviz_ogre_vendor/lib:/opt/ros/humble/lib/x86_64-linux-gnu:/opt/ros/humble/lib /usr/bin/cmake --install /home/jacobrod/worms_ws/build/ros_ign_gazebo
