[1.913s] DEBUG:colcon:Command line arguments: ['/usr/bin/colcon', 'build']
[1.914s] DEBUG:colcon:Parsed command line arguments: Namespace(log_base=None, log_level=None, verb_name='build', build_base='build', install_base='install', merge_install=False, symlink_install=False, test_result_base=None, continue_on_error=False, executor='parallel', parallel_workers=20, event_handlers=None, ignore_user_meta=False, metas=['./colcon.meta'], base_paths=['.'], packages_ignore=None, packages_ignore_regex=None, paths=None, packages_up_to=None, packages_up_to_regex=None, packages_above=None, packages_above_and_dependencies=None, packages_above_depth=None, packages_select_by_dep=None, packages_skip_by_dep=None, packages_skip_up_to=None, packages_select_build_failed=False, packages_skip_build_finished=False, packages_select_test_failures=False, packages_skip_test_passed=False, packages_select=None, packages_skip=None, packages_select_regex=None, packages_skip_regex=None, packages_start=None, packages_end=None, allow_overriding=[], cmake_args=None, cmake_target=None, cmake_target_skip_unavailable=False, cmake_clean_cache=False, cmake_clean_first=False, cmake_force_configure=False, ament_cmake_args=None, catkin_cmake_args=None, catkin_skip_building_tests=False, verb_parser=<colcon_defaults.argument_parser.defaults.DefaultArgumentsDecorator object at 0x7f10f9434f10>, verb_extension=<colcon_core.verb.build.BuildVerb object at 0x7f10f9771c90>, main=<bound method BuildVerb.main of <colcon_core.verb.build.BuildVerb object at 0x7f10f9771c90>>)
[2.032s] Level 1:colcon.colcon_core.package_discovery:discover_packages(colcon_meta) check parameters
[2.032s] Level 1:colcon.colcon_core.package_discovery:discover_packages(recursive) check parameters
[2.032s] Level 1:colcon.colcon_core.package_discovery:discover_packages(ignore) check parameters
[2.032s] Level 1:colcon.colcon_core.package_discovery:discover_packages(path) check parameters
[2.032s] Level 1:colcon.colcon_core.package_discovery:discover_packages(colcon_meta) discover
[2.032s] Level 1:colcon.colcon_core.package_discovery:discover_packages(recursive) discover
[2.032s] INFO:colcon.colcon_core.package_discovery:Crawling recursively for packages in '/home/oligo/worms_mech_ws'
[2.032s] Level 1:colcon.colcon_core.package_identification:_identify(.) by extensions ['ignore', 'ignore_ament_install']
[2.032s] Level 1:colcon.colcon_core.package_identification:_identify(.) by extension 'ignore'
[2.032s] Level 1:colcon.colcon_core.package_identification:_identify(.) by extension 'ignore_ament_install'
[2.032s] Level 1:colcon.colcon_core.package_identification:_identify(.) by extensions ['colcon_pkg']
[2.032s] Level 1:colcon.colcon_core.package_identification:_identify(.) by extension 'colcon_pkg'
[2.033s] Level 1:colcon.colcon_core.package_identification:_identify(.) by extensions ['colcon_meta']
[2.033s] Level 1:colcon.colcon_core.package_identification:_identify(.) by extension 'colcon_meta'
[2.033s] Level 1:colcon.colcon_core.package_identification:_identify(.) by extensions ['ros']
[2.033s] Level 1:colcon.colcon_core.package_identification:_identify(.) by extension 'ros'
[2.058s] Level 1:colcon.colcon_core.package_identification:_identify(.) by extensions ['cmake', 'python']
[2.059s] Level 1:colcon.colcon_core.package_identification:_identify(.) by extension 'cmake'
[2.059s] Level 1:colcon.colcon_core.package_identification:_identify(.) by extension 'python'
[2.059s] Level 1:colcon.colcon_core.package_identification:_identify(.) by extensions ['python_setup_py']
[2.059s] Level 1:colcon.colcon_core.package_identification:_identify(.) by extension 'python_setup_py'
[2.059s] Level 1:colcon.colcon_core.package_identification:_identify(build) by extensions ['ignore', 'ignore_ament_install']
[2.059s] Level 1:colcon.colcon_core.package_identification:_identify(build) by extension 'ignore'
[2.059s] Level 1:colcon.colcon_core.package_identification:_identify(build) ignored
[2.059s] Level 1:colcon.colcon_core.package_identification:_identify(install) by extensions ['ignore', 'ignore_ament_install']
[2.059s] Level 1:colcon.colcon_core.package_identification:_identify(install) by extension 'ignore'
[2.059s] Level 1:colcon.colcon_core.package_identification:_identify(install) ignored
[2.060s] Level 1:colcon.colcon_core.package_identification:_identify(log) by extensions ['ignore', 'ignore_ament_install']
[2.060s] Level 1:colcon.colcon_core.package_identification:_identify(log) by extension 'ignore'
[2.060s] Level 1:colcon.colcon_core.package_identification:_identify(log) ignored
[2.060s] Level 1:colcon.colcon_core.package_identification:_identify(src) by extensions ['ignore', 'ignore_ament_install']
[2.060s] Level 1:colcon.colcon_core.package_identification:_identify(src) by extension 'ignore'
[2.060s] Level 1:colcon.colcon_core.package_identification:_identify(src) by extension 'ignore_ament_install'
[2.060s] Level 1:colcon.colcon_core.package_identification:_identify(src) by extensions ['colcon_pkg']
[2.060s] Level 1:colcon.colcon_core.package_identification:_identify(src) by extension 'colcon_pkg'
[2.060s] Level 1:colcon.colcon_core.package_identification:_identify(src) by extensions ['colcon_meta']
[2.060s] Level 1:colcon.colcon_core.package_identification:_identify(src) by extension 'colcon_meta'
[2.060s] Level 1:colcon.colcon_core.package_identification:_identify(src) by extensions ['ros']
[2.060s] Level 1:colcon.colcon_core.package_identification:_identify(src) by extension 'ros'
[2.061s] Level 1:colcon.colcon_core.package_identification:_identify(src) by extensions ['cmake', 'python']
[2.061s] Level 1:colcon.colcon_core.package_identification:_identify(src) by extension 'cmake'
[2.061s] Level 1:colcon.colcon_core.package_identification:_identify(src) by extension 'python'
[2.061s] Level 1:colcon.colcon_core.package_identification:_identify(src) by extensions ['python_setup_py']
[2.061s] Level 1:colcon.colcon_core.package_identification:_identify(src) by extension 'python_setup_py'
[2.061s] Level 1:colcon.colcon_core.package_identification:_identify(src/launch) by extensions ['ignore', 'ignore_ament_install']
[2.061s] Level 1:colcon.colcon_core.package_identification:_identify(src/launch) by extension 'ignore'
[2.061s] Level 1:colcon.colcon_core.package_identification:_identify(src/launch) by extension 'ignore_ament_install'
[2.061s] Level 1:colcon.colcon_core.package_identification:_identify(src/launch) by extensions ['colcon_pkg']
[2.061s] Level 1:colcon.colcon_core.package_identification:_identify(src/launch) by extension 'colcon_pkg'
[2.061s] Level 1:colcon.colcon_core.package_identification:_identify(src/launch) by extensions ['colcon_meta']
[2.061s] Level 1:colcon.colcon_core.package_identification:_identify(src/launch) by extension 'colcon_meta'
[2.061s] Level 1:colcon.colcon_core.package_identification:_identify(src/launch) by extensions ['ros']
[2.061s] Level 1:colcon.colcon_core.package_identification:_identify(src/launch) by extension 'ros'
[2.061s] Level 1:colcon.colcon_core.package_identification:_identify(src/launch) by extensions ['cmake', 'python']
[2.061s] Level 1:colcon.colcon_core.package_identification:_identify(src/launch) by extension 'cmake'
[2.061s] Level 1:colcon.colcon_core.package_identification:_identify(src/launch) by extension 'python'
[2.061s] Level 1:colcon.colcon_core.package_identification:_identify(src/launch) by extensions ['python_setup_py']
[2.061s] Level 1:colcon.colcon_core.package_identification:_identify(src/launch) by extension 'python_setup_py'
[2.062s] Level 1:colcon.colcon_core.package_identification:_identify(src/worms_mech) by extensions ['ignore', 'ignore_ament_install']
[2.062s] Level 1:colcon.colcon_core.package_identification:_identify(src/worms_mech) by extension 'ignore'
[2.062s] Level 1:colcon.colcon_core.package_identification:_identify(src/worms_mech) by extension 'ignore_ament_install'
[2.062s] Level 1:colcon.colcon_core.package_identification:_identify(src/worms_mech) by extensions ['colcon_pkg']
[2.062s] Level 1:colcon.colcon_core.package_identification:_identify(src/worms_mech) by extension 'colcon_pkg'
[2.062s] Level 1:colcon.colcon_core.package_identification:_identify(src/worms_mech) by extensions ['colcon_meta']
[2.062s] Level 1:colcon.colcon_core.package_identification:_identify(src/worms_mech) by extension 'colcon_meta'
[2.063s] Level 1:colcon.colcon_core.package_identification:_identify(src/worms_mech) by extensions ['ros']
[2.063s] Level 1:colcon.colcon_core.package_identification:_identify(src/worms_mech) by extension 'ros'
[2.076s] DEBUG:colcon.colcon_core.package_identification:Package 'src/worms_mech' with type 'ros.ament_python' and name 'worms_mech'
[2.076s] Level 1:colcon.colcon_core.package_discovery:discover_packages(recursive) using defaults
[2.076s] Level 1:colcon.colcon_core.package_discovery:discover_packages(ignore) discover
[2.076s] Level 1:colcon.colcon_core.package_discovery:discover_packages(ignore) using defaults
[2.076s] Level 1:colcon.colcon_core.package_discovery:discover_packages(path) discover
[2.076s] Level 1:colcon.colcon_core.package_discovery:discover_packages(path) using defaults
[2.186s] Level 1:colcon.colcon_core.package_discovery:discover_packages(prefix_path) check parameters
[2.186s] Level 1:colcon.colcon_core.package_discovery:discover_packages(prefix_path) discover
[2.219s] DEBUG:colcon.colcon_installed_package_information.package_discovery:Found 1 installed packages in /home/oligo/worms_mech_ws/install
[2.231s] DEBUG:colcon.colcon_installed_package_information.package_discovery:Found 270 installed packages in /opt/ros/humble
[2.232s] Level 1:colcon.colcon_core.package_discovery:discover_packages(prefix_path) using defaults
[2.327s] Level 5:colcon.colcon_core.verb:set package 'worms_mech' build argument 'cmake_args' from command line to 'None'
[2.327s] Level 5:colcon.colcon_core.verb:set package 'worms_mech' build argument 'cmake_target' from command line to 'None'
[2.327s] Level 5:colcon.colcon_core.verb:set package 'worms_mech' build argument 'cmake_target_skip_unavailable' from command line to 'False'
[2.327s] Level 5:colcon.colcon_core.verb:set package 'worms_mech' build argument 'cmake_clean_cache' from command line to 'False'
[2.327s] Level 5:colcon.colcon_core.verb:set package 'worms_mech' build argument 'cmake_clean_first' from command line to 'False'
[2.327s] Level 5:colcon.colcon_core.verb:set package 'worms_mech' build argument 'cmake_force_configure' from command line to 'False'
[2.327s] Level 5:colcon.colcon_core.verb:set package 'worms_mech' build argument 'ament_cmake_args' from command line to 'None'
[2.327s] Level 5:colcon.colcon_core.verb:set package 'worms_mech' build argument 'catkin_cmake_args' from command line to 'None'
[2.327s] Level 5:colcon.colcon_core.verb:set package 'worms_mech' build argument 'catkin_skip_building_tests' from command line to 'False'
[2.327s] DEBUG:colcon.colcon_core.verb:Building package 'worms_mech' with the following arguments: {'ament_cmake_args': None, 'build_base': '/home/oligo/worms_mech_ws/build/worms_mech', 'catkin_cmake_args': None, 'catkin_skip_building_tests': False, 'cmake_args': None, 'cmake_clean_cache': False, 'cmake_clean_first': False, 'cmake_force_configure': False, 'cmake_target': None, 'cmake_target_skip_unavailable': False, 'install_base': '/home/oligo/worms_mech_ws/install/worms_mech', 'merge_install': False, 'path': '/home/oligo/worms_mech_ws/src/worms_mech', 'symlink_install': False, 'test_result_base': None}
[2.345s] INFO:colcon.colcon_core.executor:Executing jobs using 'parallel' executor
[2.360s] DEBUG:colcon.colcon_parallel_executor.executor.parallel:run_until_complete
[2.360s] INFO:colcon.colcon_ros.task.ament_python.build:Building ROS package in '/home/oligo/worms_mech_ws/src/worms_mech' with build type 'ament_python'
[2.361s] Level 1:colcon.colcon_core.shell:create_environment_hook('worms_mech', 'ament_prefix_path')
[2.393s] INFO:colcon.colcon_core.plugin_system:Skipping extension 'colcon_core.shell.bat': Not used on non-Windows systems
[2.393s] INFO:colcon.colcon_core.shell:Creating environment hook '/home/oligo/worms_mech_ws/install/worms_mech/share/worms_mech/hook/ament_prefix_path.ps1'
[2.395s] INFO:colcon.colcon_core.shell:Creating environment descriptor '/home/oligo/worms_mech_ws/install/worms_mech/share/worms_mech/hook/ament_prefix_path.dsv'
[2.396s] INFO:colcon.colcon_core.shell:Creating environment hook '/home/oligo/worms_mech_ws/install/worms_mech/share/worms_mech/hook/ament_prefix_path.sh'
[2.410s] INFO:colcon.colcon_core.shell:Skip shell extension 'powershell' for command environment: Not usable outside of PowerShell
[2.410s] DEBUG:colcon.colcon_core.shell:Skip shell extension 'dsv' for command environment
[2.722s] INFO:colcon.colcon_core.task.python.build:Building Python package in '/home/oligo/worms_mech_ws/src/worms_mech'
[2.735s] INFO:colcon.colcon_core.shell:Skip shell extension 'powershell' for command environment: Not usable outside of PowerShell
[2.735s] DEBUG:colcon.colcon_core.shell:Skip shell extension 'dsv' for command environment
[3.183s] DEBUG:colcon.colcon_core.event_handler.log_command:Invoking command in '/home/oligo/worms_mech_ws/src/worms_mech': PYTHONPATH=/home/oligo/worms_mech_ws/build/worms_mech/prefix_override:/home/oligo/worms_mech_ws/install/worms_mech/lib/python3.10/site-packages:${PYTHONPATH} /usr/bin/python3 setup.py egg_info --egg-base ../../build/worms_mech build --build-base /home/oligo/worms_mech_ws/build/worms_mech/build install --record /home/oligo/worms_mech_ws/build/worms_mech/install.log --single-version-externally-managed
[3.486s] DEBUG:colcon.colcon_core.event_handler.log_command:Invoked command in '/home/oligo/worms_mech_ws/src/worms_mech' returned '0': PYTHONPATH=/home/oligo/worms_mech_ws/build/worms_mech/prefix_override:/home/oligo/worms_mech_ws/install/worms_mech/lib/python3.10/site-packages:${PYTHONPATH} /usr/bin/python3 setup.py egg_info --egg-base ../../build/worms_mech build --build-base /home/oligo/worms_mech_ws/build/worms_mech/build install --record /home/oligo/worms_mech_ws/build/worms_mech/install.log --single-version-externally-managed
[3.511s] Level 1:colcon.colcon_core.environment:checking '/home/oligo/worms_mech_ws/install/worms_mech' for CMake module files
[3.512s] Level 1:colcon.colcon_core.environment:checking '/home/oligo/worms_mech_ws/install/worms_mech' for CMake config files
[3.513s] Level 1:colcon.colcon_core.environment:checking '/home/oligo/worms_mech_ws/install/worms_mech/lib'
[3.514s] Level 1:colcon.colcon_core.environment:checking '/home/oligo/worms_mech_ws/install/worms_mech/bin'
[3.514s] Level 1:colcon.colcon_core.environment:checking '/home/oligo/worms_mech_ws/install/worms_mech/lib/pkgconfig/worms_mech.pc'
[3.514s] Level 1:colcon.colcon_core.environment:checking '/home/oligo/worms_mech_ws/install/worms_mech/lib/python3.10/site-packages'
[3.514s] Level 1:colcon.colcon_core.shell:create_environment_hook('worms_mech', 'pythonpath')
[3.525s] INFO:colcon.colcon_core.shell:Creating environment hook '/home/oligo/worms_mech_ws/install/worms_mech/share/worms_mech/hook/pythonpath.ps1'
[3.526s] INFO:colcon.colcon_core.shell:Creating environment descriptor '/home/oligo/worms_mech_ws/install/worms_mech/share/worms_mech/hook/pythonpath.dsv'
[3.526s] INFO:colcon.colcon_core.shell:Creating environment hook '/home/oligo/worms_mech_ws/install/worms_mech/share/worms_mech/hook/pythonpath.sh'
[3.527s] Level 1:colcon.colcon_core.environment:checking '/home/oligo/worms_mech_ws/install/worms_mech/bin'
[3.527s] Level 1:colcon.colcon_core.environment:create_environment_scripts_only(worms_mech)
[3.538s] INFO:colcon.colcon_core.shell:Creating package script '/home/oligo/worms_mech_ws/install/worms_mech/share/worms_mech/package.ps1'
[3.540s] INFO:colcon.colcon_core.shell:Creating package descriptor '/home/oligo/worms_mech_ws/install/worms_mech/share/worms_mech/package.dsv'
[3.541s] INFO:colcon.colcon_core.shell:Creating package script '/home/oligo/worms_mech_ws/install/worms_mech/share/worms_mech/package.sh'
[3.543s] INFO:colcon.colcon_core.shell:Creating package script '/home/oligo/worms_mech_ws/install/worms_mech/share/worms_mech/package.bash'
[3.544s] INFO:colcon.colcon_core.shell:Creating package script '/home/oligo/worms_mech_ws/install/worms_mech/share/worms_mech/package.zsh'
[3.546s] Level 1:colcon.colcon_core.environment:create_file_with_runtime_dependencies(/home/oligo/worms_mech_ws/install/worms_mech/share/colcon-core/packages/worms_mech)
[3.546s] DEBUG:colcon.colcon_parallel_executor.executor.parallel:closing loop
[3.547s] DEBUG:colcon.colcon_parallel_executor.executor.parallel:loop closed
[3.547s] DEBUG:colcon.colcon_parallel_executor.executor.parallel:run_until_complete finished with '0'
[3.548s] DEBUG:colcon.colcon_core.event_reactor:joining thread
[3.641s] INFO:colcon.colcon_core.plugin_system:Skipping extension 'colcon_notification.desktop_notification.notify_send': Could not find 'notify-send'
[3.642s] INFO:colcon.colcon_core.plugin_system:Skipping extension 'colcon_notification.desktop_notification.terminal_notifier': Not used on non-Darwin systems
[3.642s] INFO:colcon.colcon_core.plugin_system:Skipping extension 'colcon_notification.desktop_notification.win32': Not used on non-Windows systems
[3.642s] INFO:colcon.colcon_notification.desktop_notification:Sending desktop notification using 'notify2'
[3.727s] DEBUG:colcon.colcon_notification.desktop_notification.notify2:Failed to initialize notify2: org.freedesktop.DBus.Error.ServiceUnknown: The name org.freedesktop.Notifications was not provided by any .service files
[3.728s] DEBUG:colcon.colcon_core.event_reactor:joined thread
[3.740s] INFO:colcon.colcon_core.shell:Creating prefix script '/home/oligo/worms_mech_ws/install/local_setup.ps1'
[3.741s] INFO:colcon.colcon_core.shell:Creating prefix util module '/home/oligo/worms_mech_ws/install/_local_setup_util_ps1.py'
[3.743s] INFO:colcon.colcon_core.shell:Creating prefix chain script '/home/oligo/worms_mech_ws/install/setup.ps1'
[3.755s] INFO:colcon.colcon_core.shell:Creating prefix script '/home/oligo/worms_mech_ws/install/local_setup.sh'
[3.756s] INFO:colcon.colcon_core.shell:Creating prefix util module '/home/oligo/worms_mech_ws/install/_local_setup_util_sh.py'
[3.757s] INFO:colcon.colcon_core.shell:Creating prefix chain script '/home/oligo/worms_mech_ws/install/setup.sh'
[3.773s] INFO:colcon.colcon_core.shell:Creating prefix script '/home/oligo/worms_mech_ws/install/local_setup.bash'
[3.774s] INFO:colcon.colcon_core.shell:Creating prefix chain script '/home/oligo/worms_mech_ws/install/setup.bash'
[3.792s] INFO:colcon.colcon_core.shell:Creating prefix script '/home/oligo/worms_mech_ws/install/local_setup.zsh'
[3.793s] INFO:colcon.colcon_core.shell:Creating prefix chain script '/home/oligo/worms_mech_ws/install/setup.zsh'
