[0.176s] Invoking command in '/home/jacobrod/worms_ws/build/worms_description': CMAKE_PREFIX_PATH=/opt/ros/humble /usr/bin/cmake --build /home/jacobrod/worms_ws/build/worms_description -- -j8 -l8
[0.923s] Invoked command in '/home/jacobrod/worms_ws/build/worms_description' returned '0': CMAKE_PREFIX_PATH=/opt/ros/humble /usr/bin/cmake --build /home/jacobrod/worms_ws/build/worms_description -- -j8 -l8
[1.086s] Invoking command in '/home/jacobrod/worms_ws/build/worms_description': CMAKE_PREFIX_PATH=/opt/ros/humble /usr/bin/cmake --install /home/jacobrod/worms_ws/build/worms_description
[1.117s] -- Install configuration: ""
[1.118s] -- Installing: /home/jacobrod/worms_ws/install/worms_description/share/worms_description/models
[1.118s] -- Installing: /home/jacobrod/worms_ws/install/worms_description/share/worms_description/models/elm4-chassis
[1.118s] -- Installing: /home/jacobrod/worms_ws/install/worms_description/share/worms_description/models/elm4-chassis/thumbnails
[1.118s] -- Installing: /home/jacobrod/worms_ws/install/worms_description/share/worms_description/models/elm4-chassis/thumbnails/3.png
[1.118s] -- Installing: /home/jacobrod/worms_ws/install/worms_description/share/worms_description/models/elm4-chassis/thumbnails/2.png
[1.118s] -- Installing: /home/jacobrod/worms_ws/install/worms_description/share/worms_description/models/elm4-chassis/thumbnails/4.png
[1.118s] -- Installing: /home/jacobrod/worms_ws/install/worms_description/share/worms_description/models/elm4-chassis/thumbnails/5.png
[1.118s] -- Installing: /home/jacobrod/worms_ws/install/worms_description/share/worms_description/models/elm4-chassis/thumbnails/1.png
[1.119s] -- Installing: /home/jacobrod/worms_ws/install/worms_description/share/worms_description/models/elm4-chassis/model.config
[1.119s] -- Installing: /home/jacobrod/worms_ws/install/worms_description/share/worms_description/models/elm4-chassis/model.sdf
[1.120s] -- Installing: /home/jacobrod/worms_ws/install/worms_description/share/worms_description/models/elm4-chassis/meshes
[1.120s] -- Installing: /home/jacobrod/worms_ws/install/worms_description/share/worms_description/models/elm4-chassis/meshes/HubMotor.dae
[1.121s] -- Installing: /home/jacobrod/worms_ws/install/worms_description/share/worms_description/models/elm4-chassis/meshes/ArmRightPlastic.dae
[1.139s] -- Installing: /home/jacobrod/worms_ws/install/worms_description/share/worms_description/models/elm4-chassis/meshes/RubberWheel.dae
[1.147s] -- Installing: /home/jacobrod/worms_ws/install/worms_description/share/worms_description/models/elm4-chassis/meshes/ArmRightMetal.dae
[1.147s] -- Installing: /home/jacobrod/worms_ws/install/worms_description/share/worms_description/models/elm4-chassis/meshes/BaseRubber.dae
[1.152s] -- Installing: /home/jacobrod/worms_ws/install/worms_description/share/worms_description/models/elm4-chassis/meshes/BaseClear.dae
[1.154s] -- Installing: /home/jacobrod/worms_ws/install/worms_description/share/worms_description/models/elm4-chassis/meshes/ArmLeftMetal.dae
[1.161s] -- Installing: /home/jacobrod/worms_ws/install/worms_description/share/worms_description/models/elm4-chassis/meshes/BasePlastic.dae
[1.164s] -- Installing: /home/jacobrod/worms_ws/install/worms_description/share/worms_description/models/elm4-chassis/meshes/ArmLeftPlastic.dae
[1.168s] -- Installing: /home/jacobrod/worms_ws/install/worms_description/share/worms_description/models/elm4-chassis/meshes/BaseMetal.dae
[1.195s] -- Installing: /home/jacobrod/worms_ws/install/worms_description/share/worms_description/models/hound
[1.195s] -- Installing: /home/jacobrod/worms_ws/install/worms_description/share/worms_description/models/hound/urdf
[1.195s] -- Installing: /home/jacobrod/worms_ws/install/worms_description/share/worms_description/models/hound/urdf/hound_worms.xacro
[1.196s] -- Installing: /home/jacobrod/worms_ws/install/worms_description/share/worms_description/models/hound/urdf/hound.xacro
[1.198s] -- Installing: /home/jacobrod/worms_ws/install/worms_description/share/worms_description/models/hound/meshes
[1.198s] -- Installing: /home/jacobrod/worms_ws/install/worms_description/share/worms_description/models/hound/meshes/hound_wheel.dae
[1.204s] -- Installing: /home/jacobrod/worms_ws/install/worms_description/share/worms_description/models/hound/meshes/hound_frame.dae
[1.253s] -- Installing: /home/jacobrod/worms_ws/install/worms_description/share/worms_description/models/diff_drive
[1.254s] -- Installing: /home/jacobrod/worms_ws/install/worms_description/share/worms_description/models/diff_drive/model.config
[1.254s] -- Installing: /home/jacobrod/worms_ws/install/worms_description/share/worms_description/models/diff_drive/model.sdf
[1.254s] -- Installing: /home/jacobrod/worms_ws/install/worms_description/share/worms_description/models/mars_rover
[1.255s] -- Installing: /home/jacobrod/worms_ws/install/worms_description/share/worms_description/models/mars_rover/thumbnails
[1.255s] -- Installing: /home/jacobrod/worms_ws/install/worms_description/share/worms_description/models/mars_rover/thumbnails/3.png
[1.264s] -- Installing: /home/jacobrod/worms_ws/install/worms_description/share/worms_description/models/mars_rover/thumbnails/2.png
[1.265s] -- Installing: /home/jacobrod/worms_ws/install/worms_description/share/worms_description/models/mars_rover/thumbnails/4.png
[1.265s] -- Installing: /home/jacobrod/worms_ws/install/worms_description/share/worms_description/models/mars_rover/thumbnails/5.png
[1.266s] -- Installing: /home/jacobrod/worms_ws/install/worms_description/share/worms_description/models/mars_rover/thumbnails/1.png
[1.268s] -- Installing: /home/jacobrod/worms_ws/install/worms_description/share/worms_description/models/mars_rover/model.config
[1.268s] -- Installing: /home/jacobrod/worms_ws/install/worms_description/share/worms_description/models/mars_rover/model.sdf
[1.268s] -- Installing: /home/jacobrod/worms_ws/install/worms_description/share/worms_description/models/mars_rover/materials
[1.269s] -- Installing: /home/jacobrod/worms_ws/install/worms_description/share/worms_description/models/mars_rover/materials/textures
[1.269s] -- Installing: /home/jacobrod/worms_ws/install/worms_description/share/worms_description/models/mars_rover/materials/textures/rover.png
[1.273s] -- Installing: /home/jacobrod/worms_ws/install/worms_description/share/worms_description/models/mars_rover/meshes
[1.274s] -- Installing: /home/jacobrod/worms_ws/install/worms_description/share/worms_description/models/mars_rover/meshes/rover.dae
[1.278s] -- Installing: /home/jacobrod/worms_ws/install/worms_description/share/worms_description/models/worms_1
[1.278s] -- Installing: /home/jacobrod/worms_ws/install/worms_description/share/worms_description/models/worms_1/urdf
[1.278s] -- Installing: /home/jacobrod/worms_ws/install/worms_description/share/worms_description/models/worms_1/urdf/Link1.STL
[1.325s] -- Installing: /home/jacobrod/worms_ws/install/worms_description/share/worms_description/models/worms_1/urdf/worms_1.xacro
[1.329s] -- Installing: /home/jacobrod/worms_ws/install/worms_description/share/worms_description/models/worms_1/urdf/worms_1.csv
[1.332s] -- Installing: /home/jacobrod/worms_ws/install/worms_description/share/worms_description/models/worms_1/urdf/base_link.STL
[1.378s] -- Installing: /home/jacobrod/worms_ws/install/worms_description/share/worms_description/models/worms_1/urdf/Link3.STL
[1.419s] -- Installing: /home/jacobrod/worms_ws/install/worms_description/share/worms_description/models/worms_1/urdf/Link2.STL
[1.489s] -- Installing: /home/jacobrod/worms_ws/install/worms_description/share/worms_description/models/worms_1/config
[1.489s] -- Installing: /home/jacobrod/worms_ws/install/worms_description/share/worms_description/models/worms_1/config/worms_1.yaml
[1.489s] -- Installing: /home/jacobrod/worms_ws/install/worms_description/share/worms_description/models/rrbot
[1.490s] -- Installing: /home/jacobrod/worms_ws/install/worms_description/share/worms_description/models/rrbot/rrbot.xml
[1.491s] -- Installing: /home/jacobrod/worms_ws/install/worms_description/share/worms_description/models/rrbot/rrbot.xacro
[1.492s] -- Installing: /home/jacobrod/worms_ws/install/worms_description/share/worms_description/models/rrbot/materials.xacro
[1.493s] -- Installing: /home/jacobrod/worms_ws/install/worms_description/share/worms_description/models/rrbot/rrbot.gazebo
[1.498s] -- Installing: /home/jacobrod/worms_ws/install/worms_description/share/worms_description/environment/worms_description.dsv
[1.498s] -- Installing: /home/jacobrod/worms_ws/install/worms_description/share/worms_description/environment/worms_description.sh
[1.498s] -- Installing: /home/jacobrod/worms_ws/install/worms_description/share/ament_index/resource_index/package_run_dependencies/worms_description
[1.499s] -- Installing: /home/jacobrod/worms_ws/install/worms_description/share/ament_index/resource_index/parent_prefix_path/worms_description
[1.499s] -- Installing: /home/jacobrod/worms_ws/install/worms_description/share/worms_description/environment/ament_prefix_path.sh
[1.499s] -- Installing: /home/jacobrod/worms_ws/install/worms_description/share/worms_description/environment/ament_prefix_path.dsv
[1.499s] -- Installing: /home/jacobrod/worms_ws/install/worms_description/share/worms_description/environment/path.sh
[1.499s] -- Installing: /home/jacobrod/worms_ws/install/worms_description/share/worms_description/environment/path.dsv
[1.500s] -- Installing: /home/jacobrod/worms_ws/install/worms_description/share/worms_description/local_setup.bash
[1.500s] -- Installing: /home/jacobrod/worms_ws/install/worms_description/share/worms_description/local_setup.sh
[1.500s] -- Installing: /home/jacobrod/worms_ws/install/worms_description/share/worms_description/local_setup.zsh
[1.500s] -- Installing: /home/jacobrod/worms_ws/install/worms_description/share/worms_description/local_setup.dsv
[1.500s] -- Installing: /home/jacobrod/worms_ws/install/worms_description/share/worms_description/package.dsv
[1.501s] -- Installing: /home/jacobrod/worms_ws/install/worms_description/share/ament_index/resource_index/packages/worms_description
[1.501s] -- Installing: /home/jacobrod/worms_ws/install/worms_description/share/worms_description/cmake/worms_descriptionConfig.cmake
[1.501s] -- Installing: /home/jacobrod/worms_ws/install/worms_description/share/worms_description/cmake/worms_descriptionConfig-version.cmake
[1.501s] -- Installing: /home/jacobrod/worms_ws/install/worms_description/share/worms_description/package.xml
[1.648s] Invoked command in '/home/jacobrod/worms_ws/build/worms_description' returned '0': CMAKE_PREFIX_PATH=/opt/ros/humble /usr/bin/cmake --install /home/jacobrod/worms_ws/build/worms_description
