[0.705s] Invoking command in '/home/jacobrod/worms_ws/build/ros_gz_example_gazebo': CMAKE_PREFIX_PATH=/home/jacobrod/worms_ws/install/ros_gz_example_description:/home/jacobrod/worms_ws/install/worms_gazebo:/home/jacobrod/worms_ws/install/worms_description:/home/jacobrod/worms_ws/install/ros_ign:/home/jacobrod/worms_ws/install/ros_ign_gazebo_demos:/home/jacobrod/worms_ws/install/ros_gz:/home/jacobrod/worms_ws/install/ros_gz_sim_demos:/home/jacobrod/worms_ws/install/sdformat_urdf:/home/jacobrod/worms_ws/install/sdformat_test_files:/home/jacobrod/worms_ws/install/ros_ign_interfaces:/home/jacobrod/worms_ws/install/ros_ign_image:/home/jacobrod/worms_ws/install/ros_ign_gazebo:/home/jacobrod/worms_ws/install/ros_ign_bridge:/home/jacobrod/worms_ws/install/ros_gz_sim:/home/jacobrod/worms_ws/install/ros_gz_image:/home/jacobrod/worms_ws/install/ros_gz_bridge:/home/jacobrod/worms_ws/install/ros_gz_interfaces:/home/jacobrod/worms_ws/install/ros_gz_example_bringup:/home/jacobrod/worms_ws/install/ros_gz_example_gazebo:/home/jacobrod/worms_ws/install/ros_gz_example_application:/home/jacobrod/worms_ws/install/core_bringup:/home/jacobrod/worms_ws/install/worms_mech:/opt/ros/humble GZ_SIM_RESOURCE_PATH=/home/jacobrod/worms_ws/install/ros_gz_example_description/share/ros_gz_example_description/models:${GZ_SIM_RESOURCE_PATH} /usr/bin/cmake /home/jacobrod/worms_ws/src/worms_gazebo_sim/worms_gazebo -DCMAKE_INSTALL_PREFIX=/home/jacobrod/worms_ws/install/ros_gz_example_gazebo
[0.725s] -- Found ament_cmake: 1.3.6 (/opt/ros/humble/share/ament_cmake/cmake)
[0.966s] -- Found ros_gz_example_description: 0.0.0 (/home/jacobrod/worms_ws/install/ros_gz_example_description/share/ros_gz_example_description/cmake)
[0.975s] -- Looking for gz-plugin2 -- found version 2.0.2
[0.976s] -- Searching for dependencies of gz-plugin2
[0.977s] -- Looking for gz-utils2 -- found version 2.2.0
[0.977s] -- Searching for dependencies of gz-utils2
[0.978s] -- Searching for <gz-utils2> component [cli]
[0.979s] -- Looking for gz-utils2-cli -- found version 2.2.0
[0.980s] -- Searching for dependencies of gz-utils2-cli
[0.981s] -- Searching for <gz-plugin2> component [register]
[0.982s] -- Looking for gz-plugin2-register -- found version 2.0.2
[0.983s] -- Searching for dependencies of gz-plugin2-register
[0.984s] -- Looking for gz-common5 -- found version 5.4.2
[0.985s] -- Searching for dependencies of gz-common5
[0.986s] -- Looking for gz-utils2 -- found version 2.2.0
[0.986s] -- Looking for dlfcn.h - found
[0.986s] -- Looking for libdl - found
[0.995s] -- Checking for module 'uuid'
[1.016s] --   Found uuid, version 2.37.2
[1.061s] -- Searching for <gz-common5> component [profiler]
[1.061s] -- Looking for gz-common5-profiler -- found version 5.4.2
[1.062s] -- Searching for dependencies of gz-common5-profiler
[1.063s] -- Looking for gz-sim7 -- found version 7.6.0
[1.063s] -- Searching for dependencies of gz-sim7
[1.064s] -- Looking for sdformat13 -- found version 13.6.0
[1.064s] -- Searching for dependencies of sdformat13
[1.071s] -- Checking for module 'tinyxml2'
[1.092s] --   Found tinyxml2, version 9.0.0
[1.137s] -- Looking for gz-math7 -- found version 7.3.0
[1.138s] -- Searching for dependencies of gz-math7
[1.138s] -- Looking for gz-utils2 -- found version 2.2.0
[1.140s] -- Looking for gz-utils2 -- found version 2.2.0
[1.143s] -- Looking for gz-plugin2 -- found version 2.0.2
[1.143s] -- Searching for dependencies of gz-plugin2
[1.143s] -- Looking for gz-utils2 -- found version 2.2.0
[1.144s] -- Searching for <gz-plugin2> component [loader]
[1.144s] -- Looking for gz-plugin2-loader -- found version 2.0.2
[1.145s] -- Searching for dependencies of gz-plugin2-loader
[1.145s] -- Searching for <gz-plugin2> component [register]
[1.147s] -- Looking for gz-transport12 -- found version 12.2.1
[1.148s] -- Searching for dependencies of gz-transport12
[1.199s] -- Config-file not installed for ZeroMQ -- checking for pkg-config
[1.205s] -- Checking for module 'libzmq >= 4'
[1.227s] --   Found libzmq , version 4.3.4
[1.292s] -- Looking for gz-utils2 -- found version 2.2.0
[1.293s] -- Looking for gz-msgs9 -- found version 9.5.0
[1.293s] -- Searching for dependencies of gz-msgs9
[1.336s] -- Looking for gz-math7 -- found version 7.3.0
[1.348s] -- Searching for <gz-transport12> component [log]
[1.349s] -- Looking for gz-transport12-log -- found version 12.2.1
[1.350s] -- Searching for dependencies of gz-transport12-log
[1.351s] -- Searching for <gz-transport12> component [parameters]
[1.353s] -- Looking for gz-transport12-parameters -- found version 12.2.1
[1.370s] -- Searching for dependencies of gz-transport12-parameters
[1.370s] -- Looking for gz-msgs9 -- found version 9.5.0
[1.370s] -- Looking for gz-common5 -- found version 5.4.2
[1.370s] -- Searching for dependencies of gz-common5
[1.370s] -- Looking for gz-utils2 -- found version 2.2.0
[1.373s] -- Looking for dlfcn.h - found
[1.373s] -- Looking for libdl - found
[1.380s] -- Searching for <gz-common5> component [profiler]
[1.392s] -- Searching for <gz-common5> component [events]
[1.393s] -- Looking for gz-common5-events -- found version 5.4.2
[1.394s] -- Searching for dependencies of gz-common5-events
[1.394s] -- Looking for gz-math7 -- found version 7.3.0
[1.396s] -- Searching for <gz-common5> component [av]
[1.397s] -- Looking for gz-common5-av -- found version 5.4.2
[1.397s] -- Searching for dependencies of gz-common5-av
[1.421s] -- Checking for module 'libswscale'
[1.491s] --   Found libswscale, version 5.9.100
[1.583s] -- Checking for module 'libavdevice >= 56.4.100'
[1.609s] --   Found libavdevice , version 58.13.100
[1.671s] -- Checking for module 'libavformat'
[1.691s] --   Found libavformat, version 58.76.100
[1.764s] -- Checking for module 'libavcodec'
[1.792s] --   Found libavcodec, version 58.134.100
[1.930s] -- Checking for module 'libavutil'
[1.966s] --   Found libavutil, version 56.70.100
[2.033s] -- Searching for <gz-common5> component [io]
[2.033s] -- Looking for gz-common5-io -- found version 5.4.2
[2.034s] -- Searching for dependencies of gz-common5-io
[2.037s] -- Looking for gz-fuel_tools8 -- found version 8.1.0
[2.037s] -- Searching for dependencies of gz-fuel_tools8
[2.135s] -- Checking for module 'jsoncpp'
[2.163s] --   Found jsoncpp, version 1.9.5
[2.244s] -- Checking for module 'libzip'
[2.266s] --   Found libzip, version 1.7.3
[2.317s] -- Looking for gz-utils2 -- found version 2.2.0
[2.317s] -- Looking for gz-common5 -- found version 5.4.2
[2.318s] -- Searching for dependencies of gz-common5
[2.319s] -- Looking for gz-utils2 -- found version 2.2.0
[2.319s] -- Looking for dlfcn.h - found
[2.319s] -- Looking for libdl - found
[2.331s] -- Searching for <gz-common5> component [testing]
[2.332s] -- Looking for gz-common5-testing -- found version 5.4.2
[2.333s] -- Searching for dependencies of gz-common5-testing
[2.335s] -- Looking for gz-math7 -- found version 7.3.0
[2.335s] -- Looking for gz-msgs9 -- found version 9.5.0
[2.337s] -- Looking for gz-gui7 -- found version 7.2.1
[2.338s] -- Searching for dependencies of gz-gui7
[2.384s] -- Looking for gz-utils2 -- found version 2.2.0
[2.385s] -- Looking for gz-math7 -- found version 7.3.0
[2.386s] -- Looking for gz-common5 -- found version 5.4.2
[2.386s] -- Looking for gz-plugin2 -- found version 2.0.2
[2.388s] -- Looking for gz-transport12 -- found version 12.2.1
[2.389s] -- Looking for gz-rendering7 -- found version 7.4.2
[2.390s] -- Searching for dependencies of gz-rendering7
[2.391s] -- Looking for gz-math7 -- found version 7.3.0
[2.392s] -- Searching for dependencies of gz-math7
[2.392s] -- Looking for gz-utils2 -- found version 2.2.0
[2.392s] -- Searching for <gz-math7> component [eigen3]
[2.393s] -- Looking for gz-math7-eigen3 -- found version 7.3.0
[2.393s] -- Searching for dependencies of gz-math7-eigen3
[2.396s] -- Looking for gz-common5 -- found version 5.4.2
[2.397s] -- Searching for dependencies of gz-common5
[2.397s] -- Looking for gz-utils2 -- found version 2.2.0
[2.398s] -- Looking for dlfcn.h - found
[2.398s] -- Looking for libdl - found
[2.411s] -- Searching for <gz-common5> component [graphics]
[2.411s] -- Looking for gz-common5-graphics -- found version 5.4.2
[2.412s] -- Searching for dependencies of gz-common5-graphics
[2.413s] -- Looking for gz-math7 -- found version 7.3.0
[2.418s] -- Searching for <gz-common5> component [events]
[2.418s] -- Searching for <gz-common5> component [geospatial]
[2.419s] -- Looking for gz-common5-geospatial -- found version 5.4.2
[2.420s] -- Searching for dependencies of gz-common5-geospatial
[2.420s] -- Looking for gz-math7 -- found version 7.3.0
[2.421s] -- Looking for gz-common5 -- found version 5.4.2
[2.423s] -- Looking for gz-plugin2 -- found version 2.0.2
[2.424s] -- Searching for dependencies of gz-plugin2
[2.424s] -- Looking for gz-utils2 -- found version 2.2.0
[2.424s] -- Searching for <gz-plugin2> component [all]
[2.425s] -- Looking for all libraries of gz-plugin2 -- found version 2.0.2
[2.426s] -- Looking for gz-plugin2 -- found version 2.0.2
[2.428s] -- Looking for gz-utils2 -- found version 2.2.0
[2.433s] -- Looking for gz-msgs9 -- found version 9.5.0
[2.460s] -- Looking for gz-physics6 -- found version 6.5.1
[2.460s] -- Searching for dependencies of gz-physics6
[2.460s] -- Looking for gz-math7 -- found version 7.3.0
[2.461s] -- Looking for gz-plugin2 -- found version 2.0.2
[2.461s] -- Looking for gz-utils2 -- found version 2.2.0
[2.464s] -- Searching for <gz-physics6> component [heightmap]
[2.465s] -- Looking for gz-physics6-heightmap -- found version 6.5.1
[2.465s] -- Searching for dependencies of gz-physics6-heightmap
[2.466s] -- Looking for gz-common5 -- found version 5.4.2
[2.467s] -- Searching for <gz-physics6> component [mesh]
[2.468s] -- Looking for gz-physics6-mesh -- found version 6.5.1
[2.469s] -- Searching for dependencies of gz-physics6-mesh
[2.469s] -- Looking for gz-common5 -- found version 5.4.2
[2.470s] -- Searching for <gz-physics6> component [sdf]
[2.470s] -- Looking for gz-physics6-sdf -- found version 6.5.1
[2.471s] -- Searching for dependencies of gz-physics6-sdf
[2.473s] -- Looking for sdformat13 -- found version 13.6.0
[2.474s] -- Looking for gz-sensors7 -- found version 7.3.0
[2.475s] -- Searching for dependencies of gz-sensors7
[2.513s] -- Looking for gz-math7 -- found version 7.3.0
[2.514s] -- Looking for gz-common5 -- found version 5.4.2
[2.514s] -- Looking for gz-transport12 -- found version 12.2.1
[2.515s] -- Looking for gz-rendering7 -- found version 7.4.2
[2.515s] -- Looking for gz-msgs9 -- found version 9.5.0
[2.515s] -- Looking for sdformat13 -- found version 13.6.0
[2.516s] -- Searching for <gz-sensors7> component [air_pressure]
[2.517s] -- Looking for gz-sensors7-air_pressure -- found version 7.3.0
[2.517s] -- Searching for dependencies of gz-sensors7-air_pressure
[2.518s] -- Searching for <gz-sensors7> component [air_speed]
[2.519s] -- Looking for gz-sensors7-air_speed -- found version 7.3.0
[2.519s] -- Searching for dependencies of gz-sensors7-air_speed
[2.520s] -- Searching for <gz-sensors7> component [altimeter]
[2.521s] -- Looking for gz-sensors7-altimeter -- found version 7.3.0
[2.522s] -- Searching for dependencies of gz-sensors7-altimeter
[2.522s] -- Searching for <gz-sensors7> component [imu]
[2.523s] -- Looking for gz-sensors7-imu -- found version 7.3.0
[2.523s] -- Searching for dependencies of gz-sensors7-imu
[2.524s] -- Searching for <gz-sensors7> component [force_torque]
[2.525s] -- Looking for gz-sensors7-force_torque -- found version 7.3.0
[2.526s] -- Searching for dependencies of gz-sensors7-force_torque
[2.527s] -- Searching for <gz-sensors7> component [logical_camera]
[2.527s] -- Looking for gz-sensors7-logical_camera -- found version 7.3.0
[2.528s] -- Searching for dependencies of gz-sensors7-logical_camera
[2.529s] -- Searching for <gz-sensors7> component [magnetometer]
[2.529s] -- Looking for gz-sensors7-magnetometer -- found version 7.3.0
[2.530s] -- Searching for dependencies of gz-sensors7-magnetometer
[2.531s] -- Searching for <gz-sensors7> component [navsat]
[2.531s] -- Looking for gz-sensors7-navsat -- found version 7.3.0
[2.532s] -- Searching for dependencies of gz-sensors7-navsat
[2.533s] -- Searching for <gz-sensors7> component [rendering]
[2.534s] -- Looking for gz-sensors7-rendering -- found version 7.3.0
[2.535s] -- Searching for dependencies of gz-sensors7-rendering
[2.536s] -- Searching for <gz-sensors7> component [lidar]
[2.536s] -- Looking for gz-sensors7-lidar -- found version 7.3.0
[2.538s] -- Searching for dependencies of gz-sensors7-lidar
[2.538s] -- Looking for gz-sensors7 -- found version 7.3.0
[2.538s] -- Searching for <gz-sensors7> component [gpu_lidar]
[2.539s] -- Looking for gz-sensors7-gpu_lidar -- found version 7.3.0
[2.540s] -- Searching for dependencies of gz-sensors7-gpu_lidar
[2.540s] -- Looking for gz-sensors7 -- found version 7.3.0
[2.540s] -- Searching for <gz-sensors7> component [camera]
[2.541s] -- Looking for gz-sensors7-camera -- found version 7.3.0
[2.542s] -- Searching for dependencies of gz-sensors7-camera
[2.542s] -- Looking for gz-sensors7 -- found version 7.3.0
[2.543s] -- Searching for <gz-sensors7> component [boundingbox_camera]
[2.543s] -- Looking for gz-sensors7-boundingbox_camera -- found version 7.3.0
[2.544s] -- Searching for dependencies of gz-sensors7-boundingbox_camera
[2.545s] -- Searching for <gz-sensors7> component [segmentation_camera]
[2.545s] -- Looking for gz-sensors7-segmentation_camera -- found version 7.3.0
[2.546s] -- Searching for dependencies of gz-sensors7-segmentation_camera
[2.546s] -- Searching for <gz-sensors7> component [depth_camera]
[2.546s] -- Looking for gz-sensors7-depth_camera -- found version 7.3.0
[2.547s] -- Searching for dependencies of gz-sensors7-depth_camera
[2.548s] -- Looking for gz-sensors7 -- found version 7.3.0
[2.549s] -- Searching for <gz-sensors7> component [rgbd_camera]
[2.549s] -- Looking for gz-sensors7-rgbd_camera -- found version 7.3.0
[2.550s] -- Searching for dependencies of gz-sensors7-rgbd_camera
[2.551s] -- Looking for gz-sensors7 -- found version 7.3.0
[2.551s] -- Searching for <gz-sensors7> component [thermal_camera]
[2.552s] -- Looking for gz-sensors7-thermal_camera -- found version 7.3.0
[2.555s] -- Searching for dependencies of gz-sensors7-thermal_camera
[2.555s] -- Looking for gz-sensors7 -- found version 7.3.0
[2.555s] -- Searching for <gz-sensors7> component [wide_angle_camera]
[2.556s] -- Looking for gz-sensors7-wide_angle_camera -- found version 7.3.0
[2.556s] -- Searching for dependencies of gz-sensors7-wide_angle_camera
[2.556s] -- Looking for gz-rendering7 -- found version 7.4.2
[2.557s] -- Looking for gz-math7 -- found version 7.3.0
[2.557s] -- Looking for gz-utils2 -- found version 2.2.0
[2.587s] -- Compiling against Gazebo Garden
[2.587s] -- Found ament_lint_auto: 0.12.9 (/opt/ros/humble/share/ament_lint_auto/cmake)
[2.669s] -- Configuring done
[2.694s] -- Generating done
[2.697s] -- Build files have been written to: /home/jacobrod/worms_ws/build/ros_gz_example_gazebo
[2.712s] Invoked command in '/home/jacobrod/worms_ws/build/ros_gz_example_gazebo' returned '0': CMAKE_PREFIX_PATH=/home/jacobrod/worms_ws/install/ros_gz_example_description:/home/jacobrod/worms_ws/install/worms_gazebo:/home/jacobrod/worms_ws/install/worms_description:/home/jacobrod/worms_ws/install/ros_ign:/home/jacobrod/worms_ws/install/ros_ign_gazebo_demos:/home/jacobrod/worms_ws/install/ros_gz:/home/jacobrod/worms_ws/install/ros_gz_sim_demos:/home/jacobrod/worms_ws/install/sdformat_urdf:/home/jacobrod/worms_ws/install/sdformat_test_files:/home/jacobrod/worms_ws/install/ros_ign_interfaces:/home/jacobrod/worms_ws/install/ros_ign_image:/home/jacobrod/worms_ws/install/ros_ign_gazebo:/home/jacobrod/worms_ws/install/ros_ign_bridge:/home/jacobrod/worms_ws/install/ros_gz_sim:/home/jacobrod/worms_ws/install/ros_gz_image:/home/jacobrod/worms_ws/install/ros_gz_bridge:/home/jacobrod/worms_ws/install/ros_gz_interfaces:/home/jacobrod/worms_ws/install/ros_gz_example_bringup:/home/jacobrod/worms_ws/install/ros_gz_example_gazebo:/home/jacobrod/worms_ws/install/ros_gz_example_application:/home/jacobrod/worms_ws/install/core_bringup:/home/jacobrod/worms_ws/install/worms_mech:/opt/ros/humble GZ_SIM_RESOURCE_PATH=/home/jacobrod/worms_ws/install/ros_gz_example_description/share/ros_gz_example_description/models:${GZ_SIM_RESOURCE_PATH} /usr/bin/cmake /home/jacobrod/worms_ws/src/worms_gazebo_sim/worms_gazebo -DCMAKE_INSTALL_PREFIX=/home/jacobrod/worms_ws/install/ros_gz_example_gazebo
[2.714s] Invoking command in '/home/jacobrod/worms_ws/build/ros_gz_example_gazebo': CMAKE_PREFIX_PATH=/home/jacobrod/worms_ws/install/ros_gz_example_description:/home/jacobrod/worms_ws/install/worms_gazebo:/home/jacobrod/worms_ws/install/worms_description:/home/jacobrod/worms_ws/install/ros_ign:/home/jacobrod/worms_ws/install/ros_ign_gazebo_demos:/home/jacobrod/worms_ws/install/ros_gz:/home/jacobrod/worms_ws/install/ros_gz_sim_demos:/home/jacobrod/worms_ws/install/sdformat_urdf:/home/jacobrod/worms_ws/install/sdformat_test_files:/home/jacobrod/worms_ws/install/ros_ign_interfaces:/home/jacobrod/worms_ws/install/ros_ign_image:/home/jacobrod/worms_ws/install/ros_ign_gazebo:/home/jacobrod/worms_ws/install/ros_ign_bridge:/home/jacobrod/worms_ws/install/ros_gz_sim:/home/jacobrod/worms_ws/install/ros_gz_image:/home/jacobrod/worms_ws/install/ros_gz_bridge:/home/jacobrod/worms_ws/install/ros_gz_interfaces:/home/jacobrod/worms_ws/install/ros_gz_example_bringup:/home/jacobrod/worms_ws/install/ros_gz_example_gazebo:/home/jacobrod/worms_ws/install/ros_gz_example_application:/home/jacobrod/worms_ws/install/core_bringup:/home/jacobrod/worms_ws/install/worms_mech:/opt/ros/humble GZ_SIM_RESOURCE_PATH=/home/jacobrod/worms_ws/install/ros_gz_example_description/share/ros_gz_example_description/models:${GZ_SIM_RESOURCE_PATH} /usr/bin/cmake --build /home/jacobrod/worms_ws/build/ros_gz_example_gazebo -- -j8 -l8
[2.773s] [35m[1mConsolidate compiler generated dependencies of target FullSystem[0m
[2.773s] [35m[1mConsolidate compiler generated dependencies of target BasicSystem[0m
[2.796s] [ 50%] Built target FullSystem
[2.799s] [100%] Built target BasicSystem
[2.815s] Invoked command in '/home/jacobrod/worms_ws/build/ros_gz_example_gazebo' returned '0': CMAKE_PREFIX_PATH=/home/jacobrod/worms_ws/install/ros_gz_example_description:/home/jacobrod/worms_ws/install/worms_gazebo:/home/jacobrod/worms_ws/install/worms_description:/home/jacobrod/worms_ws/install/ros_ign:/home/jacobrod/worms_ws/install/ros_ign_gazebo_demos:/home/jacobrod/worms_ws/install/ros_gz:/home/jacobrod/worms_ws/install/ros_gz_sim_demos:/home/jacobrod/worms_ws/install/sdformat_urdf:/home/jacobrod/worms_ws/install/sdformat_test_files:/home/jacobrod/worms_ws/install/ros_ign_interfaces:/home/jacobrod/worms_ws/install/ros_ign_image:/home/jacobrod/worms_ws/install/ros_ign_gazebo:/home/jacobrod/worms_ws/install/ros_ign_bridge:/home/jacobrod/worms_ws/install/ros_gz_sim:/home/jacobrod/worms_ws/install/ros_gz_image:/home/jacobrod/worms_ws/install/ros_gz_bridge:/home/jacobrod/worms_ws/install/ros_gz_interfaces:/home/jacobrod/worms_ws/install/ros_gz_example_bringup:/home/jacobrod/worms_ws/install/ros_gz_example_gazebo:/home/jacobrod/worms_ws/install/ros_gz_example_application:/home/jacobrod/worms_ws/install/core_bringup:/home/jacobrod/worms_ws/install/worms_mech:/opt/ros/humble GZ_SIM_RESOURCE_PATH=/home/jacobrod/worms_ws/install/ros_gz_example_description/share/ros_gz_example_description/models:${GZ_SIM_RESOURCE_PATH} /usr/bin/cmake --build /home/jacobrod/worms_ws/build/ros_gz_example_gazebo -- -j8 -l8
[2.854s] Invoking command in '/home/jacobrod/worms_ws/build/ros_gz_example_gazebo': CMAKE_PREFIX_PATH=/home/jacobrod/worms_ws/install/ros_gz_example_description:/home/jacobrod/worms_ws/install/worms_gazebo:/home/jacobrod/worms_ws/install/worms_description:/home/jacobrod/worms_ws/install/ros_ign:/home/jacobrod/worms_ws/install/ros_ign_gazebo_demos:/home/jacobrod/worms_ws/install/ros_gz:/home/jacobrod/worms_ws/install/ros_gz_sim_demos:/home/jacobrod/worms_ws/install/sdformat_urdf:/home/jacobrod/worms_ws/install/sdformat_test_files:/home/jacobrod/worms_ws/install/ros_ign_interfaces:/home/jacobrod/worms_ws/install/ros_ign_image:/home/jacobrod/worms_ws/install/ros_ign_gazebo:/home/jacobrod/worms_ws/install/ros_ign_bridge:/home/jacobrod/worms_ws/install/ros_gz_sim:/home/jacobrod/worms_ws/install/ros_gz_image:/home/jacobrod/worms_ws/install/ros_gz_bridge:/home/jacobrod/worms_ws/install/ros_gz_interfaces:/home/jacobrod/worms_ws/install/ros_gz_example_bringup:/home/jacobrod/worms_ws/install/ros_gz_example_gazebo:/home/jacobrod/worms_ws/install/ros_gz_example_application:/home/jacobrod/worms_ws/install/core_bringup:/home/jacobrod/worms_ws/install/worms_mech:/opt/ros/humble GZ_SIM_RESOURCE_PATH=/home/jacobrod/worms_ws/install/ros_gz_example_description/share/ros_gz_example_description/models:${GZ_SIM_RESOURCE_PATH} /usr/bin/cmake --install /home/jacobrod/worms_ws/build/ros_gz_example_gazebo
[2.864s] -- Install configuration: ""
[2.864s] -- Up-to-date: /home/jacobrod/worms_ws/install/ros_gz_example_gazebo/lib/ros_gz_example_gazebo/libBasicSystem.so
[2.865s] -- Up-to-date: /home/jacobrod/worms_ws/install/ros_gz_example_gazebo/lib/ros_gz_example_gazebo/libFullSystem.so
[2.865s] -- Up-to-date: /home/jacobrod/worms_ws/install/ros_gz_example_gazebo/share/ros_gz_example_gazebo/worlds
[2.865s] -- Up-to-date: /home/jacobrod/worms_ws/install/ros_gz_example_gazebo/share/ros_gz_example_gazebo/worlds/model.config
[2.865s] -- Up-to-date: /home/jacobrod/worms_ws/install/ros_gz_example_gazebo/share/ros_gz_example_gazebo/worlds/model.sdf
[2.866s] -- Up-to-date: /home/jacobrod/worms_ws/install/ros_gz_example_gazebo/share/ros_gz_example_gazebo/worlds/worms.sdf
[2.866s] -- Up-to-date: /home/jacobrod/worms_ws/install/ros_gz_example_gazebo/share/ros_gz_example_gazebo/worlds/moon_dem.sdf
[2.866s] -- Up-to-date: /home/jacobrod/worms_ws/install/ros_gz_example_gazebo/share/ros_gz_example_gazebo/worlds/diff_drive.sdf
[2.866s] -- Up-to-date: /home/jacobrod/worms_ws/install/ros_gz_example_gazebo/share/ros_gz_example_gazebo/environment/ros_gz_example_gazebo.dsv
[2.867s] -- Up-to-date: /home/jacobrod/worms_ws/install/ros_gz_example_gazebo/share/ros_gz_example_gazebo/environment/ros_gz_example_gazebo.sh
[2.867s] -- Up-to-date: /home/jacobrod/worms_ws/install/ros_gz_example_gazebo/share/ament_index/resource_index/package_run_dependencies/ros_gz_example_gazebo
[2.867s] -- Installing: /home/jacobrod/worms_ws/install/ros_gz_example_gazebo/share/ament_index/resource_index/parent_prefix_path/ros_gz_example_gazebo
[2.867s] -- Up-to-date: /home/jacobrod/worms_ws/install/ros_gz_example_gazebo/share/ros_gz_example_gazebo/environment/ament_prefix_path.sh
[2.867s] -- Installing: /home/jacobrod/worms_ws/install/ros_gz_example_gazebo/share/ros_gz_example_gazebo/environment/ament_prefix_path.dsv
[2.868s] -- Up-to-date: /home/jacobrod/worms_ws/install/ros_gz_example_gazebo/share/ros_gz_example_gazebo/environment/path.sh
[2.868s] -- Installing: /home/jacobrod/worms_ws/install/ros_gz_example_gazebo/share/ros_gz_example_gazebo/environment/path.dsv
[2.868s] -- Up-to-date: /home/jacobrod/worms_ws/install/ros_gz_example_gazebo/share/ros_gz_example_gazebo/local_setup.bash
[2.868s] -- Up-to-date: /home/jacobrod/worms_ws/install/ros_gz_example_gazebo/share/ros_gz_example_gazebo/local_setup.sh
[2.868s] -- Up-to-date: /home/jacobrod/worms_ws/install/ros_gz_example_gazebo/share/ros_gz_example_gazebo/local_setup.zsh
[2.868s] -- Installing: /home/jacobrod/worms_ws/install/ros_gz_example_gazebo/share/ros_gz_example_gazebo/local_setup.dsv
[2.869s] -- Installing: /home/jacobrod/worms_ws/install/ros_gz_example_gazebo/share/ros_gz_example_gazebo/package.dsv
[2.869s] -- Up-to-date: /home/jacobrod/worms_ws/install/ros_gz_example_gazebo/share/ament_index/resource_index/packages/ros_gz_example_gazebo
[2.869s] -- Up-to-date: /home/jacobrod/worms_ws/install/ros_gz_example_gazebo/share/ros_gz_example_gazebo/cmake/ros_gz_example_gazeboConfig.cmake
[2.870s] -- Up-to-date: /home/jacobrod/worms_ws/install/ros_gz_example_gazebo/share/ros_gz_example_gazebo/cmake/ros_gz_example_gazeboConfig-version.cmake
[2.871s] -- Up-to-date: /home/jacobrod/worms_ws/install/ros_gz_example_gazebo/share/ros_gz_example_gazebo/package.xml
[2.871s] Invoked command in '/home/jacobrod/worms_ws/build/ros_gz_example_gazebo' returned '0': CMAKE_PREFIX_PATH=/home/jacobrod/worms_ws/install/ros_gz_example_description:/home/jacobrod/worms_ws/install/worms_gazebo:/home/jacobrod/worms_ws/install/worms_description:/home/jacobrod/worms_ws/install/ros_ign:/home/jacobrod/worms_ws/install/ros_ign_gazebo_demos:/home/jacobrod/worms_ws/install/ros_gz:/home/jacobrod/worms_ws/install/ros_gz_sim_demos:/home/jacobrod/worms_ws/install/sdformat_urdf:/home/jacobrod/worms_ws/install/sdformat_test_files:/home/jacobrod/worms_ws/install/ros_ign_interfaces:/home/jacobrod/worms_ws/install/ros_ign_image:/home/jacobrod/worms_ws/install/ros_ign_gazebo:/home/jacobrod/worms_ws/install/ros_ign_bridge:/home/jacobrod/worms_ws/install/ros_gz_sim:/home/jacobrod/worms_ws/install/ros_gz_image:/home/jacobrod/worms_ws/install/ros_gz_bridge:/home/jacobrod/worms_ws/install/ros_gz_interfaces:/home/jacobrod/worms_ws/install/ros_gz_example_bringup:/home/jacobrod/worms_ws/install/ros_gz_example_gazebo:/home/jacobrod/worms_ws/install/ros_gz_example_application:/home/jacobrod/worms_ws/install/core_bringup:/home/jacobrod/worms_ws/install/worms_mech:/opt/ros/humble GZ_SIM_RESOURCE_PATH=/home/jacobrod/worms_ws/install/ros_gz_example_description/share/ros_gz_example_description/models:${GZ_SIM_RESOURCE_PATH} /usr/bin/cmake --install /home/jacobrod/worms_ws/build/ros_gz_example_gazebo
