[0.310s] Invoking command in '/home/jacobrod/worms_ws/build/ros_gz_example_gazebo': AMENT_PREFIX_PATH=/home/jacobrod/worms_ws/install/ros_gz_example_description:${AMENT_PREFIX_PATH} CMAKE_PREFIX_PATH=/home/jacobrod/worms_ws/install/ros_gz_example_description:/opt/ros/humble GZ_SIM_RESOURCE_PATH=/home/jacobrod/worms_ws/install/ros_gz_example_description/share/ros_gz_example_description/models /usr/bin/cmake /home/jacobrod/worms_ws/src/worms_gazebo_sim/worms_gazebo -DCMAKE_INSTALL_PREFIX=/home/jacobrod/worms_ws/install/ros_gz_example_gazebo
[0.329s] -- Found ament_cmake: 1.3.5 (/opt/ros/humble/share/ament_cmake/cmake)
[0.552s] -- Found ros_gz_example_description: 0.0.0 (/home/jacobrod/worms_ws/install/ros_gz_example_description/share/ros_gz_example_description/cmake)
[0.561s] -- Looking for gz-plugin2 -- found version 2.0.2
[0.561s] -- Searching for dependencies of gz-plugin2
[0.562s] -- Looking for gz-utils2 -- found version 2.1.0
[0.563s] -- Searching for dependencies of gz-utils2
[0.565s] -- Searching for <gz-utils2> component [cli]
[0.565s] -- Looking for gz-utils2-cli -- found version 2.1.0
[0.566s] -- Searching for dependencies of gz-utils2-cli
[0.567s] -- Searching for <gz-plugin2> component [register]
[0.567s] -- Looking for gz-plugin2-register -- found version 2.0.2
[0.568s] -- Searching for dependencies of gz-plugin2-register
[0.570s] -- Looking for gz-common5 -- found version 5.4.2
[0.570s] -- Searching for dependencies of gz-common5
[0.571s] -- Looking for gz-utils2 -- found version 2.1.0
[0.571s] -- Looking for dlfcn.h - found
[0.572s] -- Looking for libdl - found
[0.580s] -- Checking for module 'uuid'
[0.596s] --   Found uuid, version 2.37.2
[0.637s] -- Searching for <gz-common5> component [profiler]
[0.639s] -- Looking for gz-common5-profiler -- found version 5.4.2
[0.639s] -- Searching for dependencies of gz-common5-profiler
[0.641s] -- Looking for gz-sim7 -- found version 7.6.0
[0.641s] -- Searching for dependencies of gz-sim7
[0.641s] -- Looking for sdformat13 -- found version 13.6.0
[0.642s] -- Searching for dependencies of sdformat13
[0.650s] -- Checking for module 'tinyxml2'
[0.663s] --   Found tinyxml2, version 9.0.0
[0.703s] -- Looking for gz-math7 -- found version 7.3.0
[0.704s] -- Searching for dependencies of gz-math7
[0.705s] -- Looking for gz-utils2 -- found version 2.1.0
[0.707s] -- Looking for gz-utils2 -- found version 2.1.0
[0.709s] -- Looking for gz-plugin2 -- found version 2.0.2
[0.709s] -- Searching for dependencies of gz-plugin2
[0.710s] -- Looking for gz-utils2 -- found version 2.1.0
[0.710s] -- Searching for <gz-plugin2> component [loader]
[0.711s] -- Looking for gz-plugin2-loader -- found version 2.0.2
[0.712s] -- Searching for dependencies of gz-plugin2-loader
[0.714s] -- Searching for <gz-plugin2> component [register]
[0.714s] -- Looking for gz-transport12 -- found version 12.2.1
[0.715s] -- Searching for dependencies of gz-transport12
[0.770s] -- Config-file not installed for ZeroMQ -- checking for pkg-config
[0.777s] -- Checking for module 'libzmq >= 4'
[0.796s] --   Found libzmq , version 4.3.4
[0.855s] -- Looking for gz-utils2 -- found version 2.1.0
[0.856s] -- Looking for gz-msgs9 -- found version 9.5.0
[0.857s] -- Searching for dependencies of gz-msgs9
[0.887s] -- Looking for gz-math7 -- found version 7.3.0
[0.897s] -- Searching for <gz-transport12> component [log]
[0.897s] -- Looking for gz-transport12-log -- found version 12.2.1
[0.898s] -- Searching for dependencies of gz-transport12-log
[0.899s] -- Searching for <gz-transport12> component [parameters]
[0.901s] -- Looking for gz-transport12-parameters -- found version 12.2.1
[0.902s] -- Searching for dependencies of gz-transport12-parameters
[0.903s] -- Looking for gz-msgs9 -- found version 9.5.0
[0.904s] -- Looking for gz-common5 -- found version 5.4.2
[0.906s] -- Searching for dependencies of gz-common5
[0.906s] -- Looking for gz-utils2 -- found version 2.1.0
[0.906s] -- Looking for dlfcn.h - found
[0.907s] -- Looking for libdl - found
[0.922s] -- Searching for <gz-common5> component [profiler]
[0.923s] -- Searching for <gz-common5> component [events]
[0.923s] -- Looking for gz-common5-events -- found version 5.4.2
[0.923s] -- Searching for dependencies of gz-common5-events
[0.924s] -- Looking for gz-math7 -- found version 7.3.0
[0.924s] -- Searching for <gz-common5> component [av]
[0.924s] -- Looking for gz-common5-av -- found version 5.4.2
[0.925s] -- Searching for dependencies of gz-common5-av
[0.933s] -- Checking for module 'libswscale'
[0.953s] --   Found libswscale, version 5.9.100
[0.997s] -- Checking for module 'libavdevice >= 56.4.100'
[1.011s] --   Found libavdevice , version 58.13.100
[1.058s] -- Checking for module 'libavformat'
[1.074s] --   Found libavformat, version 58.76.100
[1.125s] -- Checking for module 'libavcodec'
[1.146s] --   Found libavcodec, version 58.134.100
[1.194s] -- Checking for module 'libavutil'
[1.208s] --   Found libavutil, version 56.70.100
[1.245s] -- Searching for <gz-common5> component [io]
[1.246s] -- Looking for gz-common5-io -- found version 5.4.2
[1.246s] -- Searching for dependencies of gz-common5-io
[1.249s] -- Looking for gz-fuel_tools8 -- found version 8.1.0
[1.250s] -- Searching for dependencies of gz-fuel_tools8
[1.313s] -- Checking for module 'jsoncpp'
[1.330s] --   Found jsoncpp, version 1.9.5
[1.375s] -- Checking for module 'libzip'
[1.389s] --   Found libzip, version 1.7.3
[1.428s] -- Looking for gz-utils2 -- found version 2.1.0
[1.429s] -- Looking for gz-common5 -- found version 5.4.2
[1.429s] -- Searching for dependencies of gz-common5
[1.430s] -- Looking for gz-utils2 -- found version 2.1.0
[1.430s] -- Looking for dlfcn.h - found
[1.431s] -- Looking for libdl - found
[1.439s] -- Searching for <gz-common5> component [testing]
[1.439s] -- Looking for gz-common5-testing -- found version 5.4.2
[1.440s] -- Searching for dependencies of gz-common5-testing
[1.441s] -- Looking for gz-math7 -- found version 7.3.0
[1.442s] -- Looking for gz-msgs9 -- found version 9.5.0
[1.443s] -- Looking for gz-gui7 -- found version 7.2.1
[1.444s] -- Searching for dependencies of gz-gui7
[1.473s] -- Looking for gz-utils2 -- found version 2.1.0
[1.473s] -- Looking for gz-math7 -- found version 7.3.0
[1.473s] -- Looking for gz-common5 -- found version 5.4.2
[1.474s] -- Looking for gz-plugin2 -- found version 2.0.2
[1.475s] -- Looking for gz-transport12 -- found version 12.2.1
[1.475s] -- Looking for gz-rendering7 -- found version 7.4.2
[1.475s] -- Searching for dependencies of gz-rendering7
[1.476s] -- Looking for gz-math7 -- found version 7.3.0
[1.477s] -- Searching for dependencies of gz-math7
[1.477s] -- Looking for gz-utils2 -- found version 2.1.0
[1.477s] -- Searching for <gz-math7> component [eigen3]
[1.477s] -- Looking for gz-math7-eigen3 -- found version 7.3.0
[1.478s] -- Searching for dependencies of gz-math7-eigen3
[1.480s] -- Looking for gz-common5 -- found version 5.4.2
[1.480s] -- Searching for dependencies of gz-common5
[1.481s] -- Looking for gz-utils2 -- found version 2.1.0
[1.481s] -- Looking for dlfcn.h - found
[1.481s] -- Looking for libdl - found
[1.489s] -- Searching for <gz-common5> component [graphics]
[1.489s] -- Looking for gz-common5-graphics -- found version 5.4.2
[1.490s] -- Searching for dependencies of gz-common5-graphics
[1.490s] -- Looking for gz-math7 -- found version 7.3.0
[1.493s] -- Searching for <gz-common5> component [events]
[1.495s] -- Searching for <gz-common5> component [geospatial]
[1.495s] -- Looking for gz-common5-geospatial -- found version 5.4.2
[1.495s] -- Searching for dependencies of gz-common5-geospatial
[1.495s] -- Looking for gz-math7 -- found version 7.3.0
[1.496s] -- Looking for gz-common5 -- found version 5.4.2
[1.498s] -- Looking for gz-plugin2 -- found version 2.0.2
[1.498s] -- Searching for dependencies of gz-plugin2
[1.498s] -- Looking for gz-utils2 -- found version 2.1.0
[1.499s] -- Searching for <gz-plugin2> component [all]
[1.499s] -- Looking for all libraries of gz-plugin2 -- found version 2.0.2
[1.499s] -- Looking for gz-plugin2 -- found version 2.0.2
[1.500s] -- Looking for gz-utils2 -- found version 2.1.0
[1.505s] -- Looking for gz-msgs9 -- found version 9.5.0
[1.522s] -- Looking for gz-physics6 -- found version 6.5.1
[1.522s] -- Searching for dependencies of gz-physics6
[1.522s] -- Looking for gz-math7 -- found version 7.3.0
[1.523s] -- Looking for gz-plugin2 -- found version 2.0.2
[1.523s] -- Looking for gz-utils2 -- found version 2.1.0
[1.525s] -- Searching for <gz-physics6> component [heightmap]
[1.525s] -- Looking for gz-physics6-heightmap -- found version 6.5.1
[1.526s] -- Searching for dependencies of gz-physics6-heightmap
[1.526s] -- Looking for gz-common5 -- found version 5.4.2
[1.527s] -- Searching for <gz-physics6> component [mesh]
[1.527s] -- Looking for gz-physics6-mesh -- found version 6.5.1
[1.528s] -- Searching for dependencies of gz-physics6-mesh
[1.528s] -- Looking for gz-common5 -- found version 5.4.2
[1.528s] -- Searching for <gz-physics6> component [sdf]
[1.529s] -- Looking for gz-physics6-sdf -- found version 6.5.1
[1.529s] -- Searching for dependencies of gz-physics6-sdf
[1.530s] -- Looking for sdformat13 -- found version 13.6.0
[1.531s] -- Looking for gz-sensors7 -- found version 7.3.0
[1.531s] -- Searching for dependencies of gz-sensors7
[1.557s] -- Looking for gz-math7 -- found version 7.3.0
[1.557s] -- Looking for gz-common5 -- found version 5.4.2
[1.557s] -- Looking for gz-transport12 -- found version 12.2.1
[1.558s] -- Looking for gz-rendering7 -- found version 7.4.2
[1.558s] -- Looking for gz-msgs9 -- found version 9.5.0
[1.558s] -- Looking for sdformat13 -- found version 13.6.0
[1.559s] -- Searching for <gz-sensors7> component [air_pressure]
[1.560s] -- Looking for gz-sensors7-air_pressure -- found version 7.3.0
[1.560s] -- Searching for dependencies of gz-sensors7-air_pressure
[1.562s] -- Searching for <gz-sensors7> component [air_speed]
[1.562s] -- Looking for gz-sensors7-air_speed -- found version 7.3.0
[1.562s] -- Searching for dependencies of gz-sensors7-air_speed
[1.563s] -- Searching for <gz-sensors7> component [altimeter]
[1.563s] -- Looking for gz-sensors7-altimeter -- found version 7.3.0
[1.564s] -- Searching for dependencies of gz-sensors7-altimeter
[1.565s] -- Searching for <gz-sensors7> component [imu]
[1.565s] -- Looking for gz-sensors7-imu -- found version 7.3.0
[1.566s] -- Searching for dependencies of gz-sensors7-imu
[1.566s] -- Searching for <gz-sensors7> component [force_torque]
[1.567s] -- Looking for gz-sensors7-force_torque -- found version 7.3.0
[1.567s] -- Searching for dependencies of gz-sensors7-force_torque
[1.568s] -- Searching for <gz-sensors7> component [logical_camera]
[1.568s] -- Looking for gz-sensors7-logical_camera -- found version 7.3.0
[1.568s] -- Searching for dependencies of gz-sensors7-logical_camera
[1.569s] -- Searching for <gz-sensors7> component [magnetometer]
[1.570s] -- Looking for gz-sensors7-magnetometer -- found version 7.3.0
[1.570s] -- Searching for dependencies of gz-sensors7-magnetometer
[1.571s] -- Searching for <gz-sensors7> component [navsat]
[1.571s] -- Looking for gz-sensors7-navsat -- found version 7.3.0
[1.572s] -- Searching for dependencies of gz-sensors7-navsat
[1.572s] -- Searching for <gz-sensors7> component [rendering]
[1.573s] -- Looking for gz-sensors7-rendering -- found version 7.3.0
[1.574s] -- Searching for dependencies of gz-sensors7-rendering
[1.574s] -- Searching for <gz-sensors7> component [lidar]
[1.574s] -- Looking for gz-sensors7-lidar -- found version 7.3.0
[1.575s] -- Searching for dependencies of gz-sensors7-lidar
[1.575s] -- Looking for gz-sensors7 -- found version 7.3.0
[1.576s] -- Searching for <gz-sensors7> component [gpu_lidar]
[1.577s] -- Looking for gz-sensors7-gpu_lidar -- found version 7.3.0
[1.577s] -- Searching for dependencies of gz-sensors7-gpu_lidar
[1.578s] -- Looking for gz-sensors7 -- found version 7.3.0
[1.578s] -- Searching for <gz-sensors7> component [camera]
[1.578s] -- Looking for gz-sensors7-camera -- found version 7.3.0
[1.579s] -- Searching for dependencies of gz-sensors7-camera
[1.579s] -- Looking for gz-sensors7 -- found version 7.3.0
[1.580s] -- Searching for <gz-sensors7> component [boundingbox_camera]
[1.581s] -- Looking for gz-sensors7-boundingbox_camera -- found version 7.3.0
[1.582s] -- Searching for dependencies of gz-sensors7-boundingbox_camera
[1.582s] -- Searching for <gz-sensors7> component [segmentation_camera]
[1.582s] -- Looking for gz-sensors7-segmentation_camera -- found version 7.3.0
[1.583s] -- Searching for dependencies of gz-sensors7-segmentation_camera
[1.584s] -- Searching for <gz-sensors7> component [depth_camera]
[1.585s] -- Looking for gz-sensors7-depth_camera -- found version 7.3.0
[1.585s] -- Searching for dependencies of gz-sensors7-depth_camera
[1.585s] -- Looking for gz-sensors7 -- found version 7.3.0
[1.586s] -- Searching for <gz-sensors7> component [rgbd_camera]
[1.586s] -- Looking for gz-sensors7-rgbd_camera -- found version 7.3.0
[1.588s] -- Searching for dependencies of gz-sensors7-rgbd_camera
[1.588s] -- Looking for gz-sensors7 -- found version 7.3.0
[1.588s] -- Searching for <gz-sensors7> component [thermal_camera]
[1.589s] -- Looking for gz-sensors7-thermal_camera -- found version 7.3.0
[1.589s] -- Searching for dependencies of gz-sensors7-thermal_camera
[1.590s] -- Looking for gz-sensors7 -- found version 7.3.0
[1.590s] -- Searching for <gz-sensors7> component [wide_angle_camera]
[1.591s] -- Looking for gz-sensors7-wide_angle_camera -- found version 7.3.0
[1.591s] -- Searching for dependencies of gz-sensors7-wide_angle_camera
[1.592s] -- Looking for gz-rendering7 -- found version 7.4.2
[1.593s] -- Looking for gz-math7 -- found version 7.3.0
[1.593s] -- Looking for gz-utils2 -- found version 2.1.0
[1.616s] -- Compiling against Gazebo Garden
[1.616s] -- Found ament_lint_auto: 0.12.8 (/opt/ros/humble/share/ament_lint_auto/cmake)
[1.702s] -- Configuring done
[1.726s] -- Generating done
[1.728s] -- Build files have been written to: /home/jacobrod/worms_ws/build/ros_gz_example_gazebo
