[1.811s] Invoking command in '/home/jacobrod/worms_ws/src/worms_mech': PYTHONPATH=/home/jacobrod/worms_ws/build/worms_mech/prefix_override:/home/jacobrod/worms_ws/install/worms_mech/lib/python3.10/site-packages:${PYTHONPATH} /usr/bin/python3 setup.py egg_info --egg-base ../../build/worms_mech build --build-base /home/jacobrod/worms_ws/build/worms_mech/build install --record /home/jacobrod/worms_ws/build/worms_mech/install.log --single-version-externally-managed
[2.385s] running egg_info
[2.386s] creating ../../build/worms_mech/worms_mech.egg-info
[2.388s] writing ../../build/worms_mech/worms_mech.egg-info/PKG-INFO
[2.390s] writing dependency_links to ../../build/worms_mech/worms_mech.egg-info/dependency_links.txt
[2.391s] writing entry points to ../../build/worms_mech/worms_mech.egg-info/entry_points.txt
[2.394s] writing requirements to ../../build/worms_mech/worms_mech.egg-info/requires.txt
[2.395s] writing top-level names to ../../build/worms_mech/worms_mech.egg-info/top_level.txt
[2.396s] writing manifest file '../../build/worms_mech/worms_mech.egg-info/SOURCES.txt'
[2.400s] reading manifest file '../../build/worms_mech/worms_mech.egg-info/SOURCES.txt'
[2.402s] writing manifest file '../../build/worms_mech/worms_mech.egg-info/SOURCES.txt'
[2.403s] running build
[2.404s] running build_py
[2.404s] creating /home/jacobrod/worms_ws/build/worms_mech/build
[2.405s] creating /home/jacobrod/worms_ws/build/worms_mech/build/lib
[2.406s] creating /home/jacobrod/worms_ws/build/worms_mech/build/lib/worms_mech
[2.407s] copying worms_mech/hardware_interface.py -> /home/jacobrod/worms_ws/build/worms_mech/build/lib/worms_mech
[2.409s] copying worms_mech/joint_command_publisher.py -> /home/jacobrod/worms_ws/build/worms_mech/build/lib/worms_mech
[2.410s] copying worms_mech/__init__.py -> /home/jacobrod/worms_ws/build/worms_mech/build/lib/worms_mech
[2.411s] copying worms_mech/joystick_control.py -> /home/jacobrod/worms_ws/build/worms_mech/build/lib/worms_mech
[2.413s] running install
[2.414s] /usr/lib/python3/dist-packages/setuptools/command/install.py:34: SetuptoolsDeprecationWarning: setup.py install is deprecated. Use build and pip and other standards-based tools.
[2.414s]   warnings.warn(
[2.416s] running install_lib
[2.417s] creating /home/jacobrod/worms_ws/install/worms_mech/lib/python3.10/site-packages/worms_mech
[2.418s] copying /home/jacobrod/worms_ws/build/worms_mech/build/lib/worms_mech/hardware_interface.py -> /home/jacobrod/worms_ws/install/worms_mech/lib/python3.10/site-packages/worms_mech
[2.419s] copying /home/jacobrod/worms_ws/build/worms_mech/build/lib/worms_mech/joint_command_publisher.py -> /home/jacobrod/worms_ws/install/worms_mech/lib/python3.10/site-packages/worms_mech
[2.420s] copying /home/jacobrod/worms_ws/build/worms_mech/build/lib/worms_mech/__init__.py -> /home/jacobrod/worms_ws/install/worms_mech/lib/python3.10/site-packages/worms_mech
[2.421s] copying /home/jacobrod/worms_ws/build/worms_mech/build/lib/worms_mech/joystick_control.py -> /home/jacobrod/worms_ws/install/worms_mech/lib/python3.10/site-packages/worms_mech
[2.422s] byte-compiling /home/jacobrod/worms_ws/install/worms_mech/lib/python3.10/site-packages/worms_mech/hardware_interface.py to hardware_interface.cpython-310.pyc
[2.425s] byte-compiling /home/jacobrod/worms_ws/install/worms_mech/lib/python3.10/site-packages/worms_mech/joint_command_publisher.py to joint_command_publisher.cpython-310.pyc
[2.426s] byte-compiling /home/jacobrod/worms_ws/install/worms_mech/lib/python3.10/site-packages/worms_mech/__init__.py to __init__.cpython-310.pyc
[2.427s] byte-compiling /home/jacobrod/worms_ws/install/worms_mech/lib/python3.10/site-packages/worms_mech/joystick_control.py to joystick_control.cpython-310.pyc
[2.429s] running install_data
[2.430s] creating /home/jacobrod/worms_ws/install/worms_mech/share/ament_index
[2.431s] creating /home/jacobrod/worms_ws/install/worms_mech/share/ament_index/resource_index
[2.432s] creating /home/jacobrod/worms_ws/install/worms_mech/share/ament_index/resource_index/packages
[2.433s] copying resource/worms_mech -> /home/jacobrod/worms_ws/install/worms_mech/share/ament_index/resource_index/packages
[2.434s] copying package.xml -> /home/jacobrod/worms_ws/install/worms_mech/share/worms_mech
[2.434s] running install_egg_info
[2.439s] Copying ../../build/worms_mech/worms_mech.egg-info to /home/jacobrod/worms_ws/install/worms_mech/lib/python3.10/site-packages/worms_mech-0.0.0-py3.10.egg-info
[2.441s] running install_scripts
[2.509s] Installing hardware_interface script to /home/jacobrod/worms_ws/install/worms_mech/lib/worms_mech
[2.510s] Installing joint_command_publisher script to /home/jacobrod/worms_ws/install/worms_mech/lib/worms_mech
[2.511s] Installing joystick_control script to /home/jacobrod/worms_ws/install/worms_mech/lib/worms_mech
[2.513s] writing list of installed files to '/home/jacobrod/worms_ws/build/worms_mech/install.log'
[2.601s] Invoked command in '/home/jacobrod/worms_ws/src/worms_mech' returned '0': PYTHONPATH=/home/jacobrod/worms_ws/build/worms_mech/prefix_override:/home/jacobrod/worms_ws/install/worms_mech/lib/python3.10/site-packages:${PYTHONPATH} /usr/bin/python3 setup.py egg_info --egg-base ../../build/worms_mech build --build-base /home/jacobrod/worms_ws/build/worms_mech/build install --record /home/jacobrod/worms_ws/build/worms_mech/install.log --single-version-externally-managed
