[0.102s] Invoking command in '/home/worm6/worms_mech_ws/build/image_tools': CMAKE_PREFIX_PATH=/home/worm6/worms_mech_ws/install/worms_mech:/opt/ros/humble /usr/bin/cmake /home/worm6/worms_mech_ws/src/image_tools -DCMAKE_INSTALL_PREFIX=/home/worm6/worms_mech_ws/install/image_tools
[1.009s] -- The C compiler identification is GNU 11.4.0
[1.330s] -- The CXX compiler identification is GNU 11.4.0
[1.386s] -- Detecting C compiler ABI info
[1.774s] -- Detecting C compiler ABI info - done
[1.804s] -- Check for working C compiler: /usr/bin/cc - skipped
[1.806s] -- Detecting C compile features
[1.812s] -- Detecting C compile features - done
[1.832s] -- Detecting CXX compiler ABI info
[2.274s] -- Detecting CXX compiler ABI info - done
[2.302s] -- Check for working CXX compiler: /usr/bin/c++ - skipped
[2.303s] -- Detecting CXX compile features
[2.308s] -- Detecting CXX compile features - done
[2.347s] -- Found ament_cmake: 1.3.2 (/opt/ros/humble/share/ament_cmake/cmake)
[3.408s] -- Found Python3: /usr/bin/python3.10 (found version "3.10.6") found components: Interpreter 
[4.426s] -- Found rclcpp: 16.0.1 (/opt/ros/humble/share/rclcpp/cmake)
[4.989s] -- Found rosidl_generator_c: 3.1.3 (/opt/ros/humble/share/rosidl_generator_c/cmake)
[5.048s] -- Found rosidl_adapter: 3.1.3 (/opt/ros/humble/share/rosidl_adapter/cmake)
[5.132s] -- Found rosidl_generator_cpp: 3.1.3 (/opt/ros/humble/share/rosidl_generator_cpp/cmake)
[5.258s] -- Using all available rosidl_typesupport_c: rosidl_typesupport_fastrtps_c;rosidl_typesupport_introspection_c
[5.436s] -- Using all available rosidl_typesupport_cpp: rosidl_typesupport_fastrtps_cpp;rosidl_typesupport_introspection_cpp
[5.978s] -- Found rmw_implementation_cmake: 6.1.0 (/opt/ros/humble/share/rmw_implementation_cmake/cmake)
[6.010s] -- Found rmw_fastrtps_cpp: 6.2.1 (/opt/ros/humble/share/rmw_fastrtps_cpp/cmake)
[6.694s] -- Found OpenSSL: /usr/lib/aarch64-linux-gnu/libcrypto.so (found version "3.0.2")  
[6.956s] -- Found FastRTPS: /opt/ros/humble/include  
[7.402s] -- Using RMW implementation 'rmw_fastrtps_cpp' as default
[8.214s] -- Found rclcpp_components: 16.0.1 (/opt/ros/humble/share/rclcpp_components/cmake)
[8.644s] -- Found sensor_msgs: 4.2.2 (/opt/ros/humble/share/sensor_msgs/cmake)
[9.266s] -- Found OpenCV: /usr (found version "4.5.4") found components: core highgui imgcodecs imgproc videoio 
[9.309s] -- Found ament_lint_auto: 0.12.4 (/opt/ros/humble/share/ament_lint_auto/cmake)
[10.425s] -- Found python_cmake_module: 0.10.0 (/opt/ros/humble/share/python_cmake_module/cmake)
[10.538s] -- Found PythonInterp: /usr/bin/python3 (found suitable version "3.10.6", minimum required is "3.6") 
[10.563s] -- Found PythonLibs: /usr/lib/aarch64-linux-gnu/libpython3.10.so (found suitable version "3.10.6", minimum required is "3.5") 
[10.564s] -- Using PYTHON_EXECUTABLE: /usr/bin/python3
[10.564s] -- Using PYTHON_INCLUDE_DIRS: /usr/include/python3.10
[10.565s] -- Using PYTHON_LIBRARIES: /usr/lib/aarch64-linux-gnu/libpython3.10.so
[10.682s] -- Found PythonExtra: .so  
[10.900s] -- Added test 'copyright' to check source files copyright and LICENSE
[10.922s] -- Added test 'cppcheck' to perform static code analysis on C / C++ code
[10.923s] -- Configured cppcheck include dirs: $<BUILD_INTERFACE:/home/worm6/worms_mech_ws/src/image_tools/include>
[10.923s] -- Configured cppcheck exclude dirs and/or files: 
[10.939s] -- Added test 'cpplint' to check C / C++ code against the Google style
[10.940s] -- Configured cpplint exclude dirs and/or files: 
[10.949s] -- Added test 'lint_cmake' to check CMake code style
[10.967s] -- Added test 'uncrustify' to check C / C++ code style
[10.968s] -- Configured uncrustify additional arguments: 
[10.972s] -- Added test 'xmllint' to check XML markup files
[10.989s] -- Configuring done
[11.103s] -- Generating done
[11.112s] -- Build files have been written to: /home/worm6/worms_mech_ws/build/image_tools
[11.154s] Invoked command in '/home/worm6/worms_mech_ws/build/image_tools' returned '0': CMAKE_PREFIX_PATH=/home/worm6/worms_mech_ws/install/worms_mech:/opt/ros/humble /usr/bin/cmake /home/worm6/worms_mech_ws/src/image_tools -DCMAKE_INSTALL_PREFIX=/home/worm6/worms_mech_ws/install/image_tools
[11.165s] Invoking command in '/home/worm6/worms_mech_ws/build/image_tools': CMAKE_PREFIX_PATH=/home/worm6/worms_mech_ws/install/worms_mech:/opt/ros/humble /usr/bin/cmake --build /home/worm6/worms_mech_ws/build/image_tools -- -j4 -l4
[11.391s] [ 11%] [32mBuilding CXX object CMakeFiles/showimage.dir/rclcpp_components/node_main_showimage.cpp.o[0m
[11.394s] [ 22%] [32mBuilding CXX object CMakeFiles/image_tools.dir/src/cam2image.cpp.o[0m
[11.402s] [ 33%] [32mBuilding CXX object CMakeFiles/image_tools.dir/src/burger.cpp.o[0m
[11.412s] [ 44%] [32mBuilding CXX object CMakeFiles/cam2image.dir/rclcpp_components/node_main_cam2image.cpp.o[0m
[23.137s] [ 55%] [32mBuilding CXX object CMakeFiles/image_tools.dir/src/cv_mat_sensor_msgs_image_type_adapter.cpp.o[0m
[36.633s] [ 66%] [32mBuilding CXX object CMakeFiles/image_tools.dir/src/showimage.cpp.o[0m
[38.716s] [ 77%] [32m[1mLinking CXX executable cam2image[0m
[39.508s] [ 88%] [32m[1mLinking CXX executable showimage[0m
[40.469s] [ 88%] Built target cam2image
[40.507s] [ 88%] Built target showimage
[93.875s] [100%] [32m[1mLinking CXX shared library libimage_tools.so[0m
[97.810s] [100%] Built target image_tools
[97.862s] Invoked command in '/home/worm6/worms_mech_ws/build/image_tools' returned '0': CMAKE_PREFIX_PATH=/home/worm6/worms_mech_ws/install/worms_mech:/opt/ros/humble /usr/bin/cmake --build /home/worm6/worms_mech_ws/build/image_tools -- -j4 -l4
[98.097s] Invoking command in '/home/worm6/worms_mech_ws/build/image_tools': CMAKE_PREFIX_PATH=/home/worm6/worms_mech_ws/install/worms_mech:/opt/ros/humble /usr/bin/cmake --install /home/worm6/worms_mech_ws/build/image_tools
[98.127s] -- Install configuration: ""
[98.134s] -- Installing: /home/worm6/worms_mech_ws/install/image_tools/lib/image_tools/cam2image
[98.139s] -- Set runtime path of "/home/worm6/worms_mech_ws/install/image_tools/lib/image_tools/cam2image" to ""
[98.140s] -- Installing: /home/worm6/worms_mech_ws/install/image_tools/lib/image_tools/showimage
[98.144s] -- Set runtime path of "/home/worm6/worms_mech_ws/install/image_tools/lib/image_tools/showimage" to ""
[98.145s] -- Installing: /home/worm6/worms_mech_ws/install/image_tools/lib/libimage_tools.so
[98.238s] -- Set runtime path of "/home/worm6/worms_mech_ws/install/image_tools/lib/libimage_tools.so" to ""
[98.239s] -- Installing: /home/worm6/worms_mech_ws/install/image_tools/include/image_tools
[98.239s] -- Installing: /home/worm6/worms_mech_ws/install/image_tools/include/image_tools/image_tools
[98.240s] -- Installing: /home/worm6/worms_mech_ws/install/image_tools/include/image_tools/image_tools/cv_mat_sensor_msgs_image_type_adapter.hpp
[98.241s] -- Installing: /home/worm6/worms_mech_ws/install/image_tools/include/image_tools/image_tools/visibility_control.h
[98.243s] -- Installing: /home/worm6/worms_mech_ws/install/image_tools/share/image_tools/environment/library_path.sh
[98.244s] -- Installing: /home/worm6/worms_mech_ws/install/image_tools/share/image_tools/environment/library_path.dsv
[98.246s] -- Installing: /home/worm6/worms_mech_ws/install/image_tools/share/ament_index/resource_index/package_run_dependencies/image_tools
[98.249s] -- Installing: /home/worm6/worms_mech_ws/install/image_tools/share/ament_index/resource_index/parent_prefix_path/image_tools
[98.251s] -- Installing: /home/worm6/worms_mech_ws/install/image_tools/share/image_tools/environment/ament_prefix_path.sh
[98.252s] -- Installing: /home/worm6/worms_mech_ws/install/image_tools/share/image_tools/environment/ament_prefix_path.dsv
[98.253s] -- Installing: /home/worm6/worms_mech_ws/install/image_tools/share/image_tools/environment/path.sh
[98.255s] -- Installing: /home/worm6/worms_mech_ws/install/image_tools/share/image_tools/environment/path.dsv
[98.256s] -- Installing: /home/worm6/worms_mech_ws/install/image_tools/share/image_tools/local_setup.bash
[98.257s] -- Installing: /home/worm6/worms_mech_ws/install/image_tools/share/image_tools/local_setup.sh
[98.258s] -- Installing: /home/worm6/worms_mech_ws/install/image_tools/share/image_tools/local_setup.zsh
[98.260s] -- Installing: /home/worm6/worms_mech_ws/install/image_tools/share/image_tools/local_setup.dsv
[98.261s] -- Installing: /home/worm6/worms_mech_ws/install/image_tools/share/image_tools/package.dsv
[98.262s] -- Installing: /home/worm6/worms_mech_ws/install/image_tools/share/ament_index/resource_index/packages/image_tools
[98.264s] -- Installing: /home/worm6/worms_mech_ws/install/image_tools/share/ament_index/resource_index/rclcpp_components/image_tools
[98.266s] -- Installing: /home/worm6/worms_mech_ws/install/image_tools/share/image_tools/cmake/image_toolsExport.cmake
[98.267s] -- Installing: /home/worm6/worms_mech_ws/install/image_tools/share/image_tools/cmake/image_toolsExport-noconfig.cmake
[98.269s] -- Installing: /home/worm6/worms_mech_ws/install/image_tools/share/image_tools/cmake/ament_cmake_export_libraries-extras.cmake
[98.270s] -- Installing: /home/worm6/worms_mech_ws/install/image_tools/share/image_tools/cmake/ament_cmake_export_targets-extras.cmake
[98.271s] -- Installing: /home/worm6/worms_mech_ws/install/image_tools/share/image_tools/cmake/ament_cmake_export_dependencies-extras.cmake
[98.272s] -- Installing: /home/worm6/worms_mech_ws/install/image_tools/share/image_tools/cmake/image_toolsConfig.cmake
[98.273s] -- Installing: /home/worm6/worms_mech_ws/install/image_tools/share/image_tools/cmake/image_toolsConfig-version.cmake
[98.274s] -- Installing: /home/worm6/worms_mech_ws/install/image_tools/share/image_tools/package.xml
[98.290s] Invoked command in '/home/worm6/worms_mech_ws/build/image_tools' returned '0': CMAKE_PREFIX_PATH=/home/worm6/worms_mech_ws/install/worms_mech:/opt/ros/humble /usr/bin/cmake --install /home/worm6/worms_mech_ws/build/image_tools
