[0.649s] Invoking command in '/home/jacobrod/worms_ws/build/ros_ign_gazebo': AMENT_PREFIX_PATH=/home/jacobrod/worms_ws/install/ros_gz_sim:${AMENT_PREFIX_PATH} CMAKE_PREFIX_PATH=/home/jacobrod/worms_ws/install/ros_gz_sim:/home/jacobrod/worms_ws/install/worms_description:/home/jacobrod/worms_ws/install/sdformat_test_files:/home/jacobrod/worms_ws/install/ros_gz_example_description:/home/jacobrod/worms_ws/install/ros_gz_example_application:/home/jacobrod/worms_ws/install/core_bringup:/home/jacobrod/worms_ws/install/worms_mech:/opt/ros/humble LD_LIBRARY_PATH=/home/jacobrod/worms_ws/install/ros_gz_sim/lib:${LD_LIBRARY_PATH} /usr/bin/cmake /home/jacobrod/worms_ws/src/ros_gz/ros_ign_gazebo -DCMAKE_INSTALL_PREFIX=/home/jacobrod/worms_ws/install/ros_ign_gazebo
[0.747s] -- The C compiler identification is GNU 11.4.0
[0.841s] -- The CXX compiler identification is GNU 11.4.0
[0.857s] -- Detecting C compiler ABI info
[0.979s] -- Detecting C compiler ABI info - done
[0.995s] -- Check for working C compiler: /usr/bin/cc - skipped
[0.995s] -- Detecting C compile features
[0.996s] -- Detecting C compile features - done
[1.001s] -- Detecting CXX compiler ABI info
[1.126s] -- Detecting CXX compiler ABI info - done
[1.143s] -- Check for working CXX compiler: /usr/bin/c++ - skipped
[1.144s] -- Detecting CXX compile features
[1.145s] -- Detecting CXX compile features - done
[1.149s] -- Found ament_cmake: 1.3.6 (/opt/ros/humble/share/ament_cmake/cmake)
[1.503s] -- Found Python3: /usr/bin/python3.10 (found version "3.10.12") found components: Interpreter 
[1.639s] -- Found ament_index_cpp: 1.4.0 (/opt/ros/humble/share/ament_index_cpp/cmake)
[1.647s] -- Looking for ignition-gazebo6 -- found version 6.15.0
[1.655s] -- Searching for dependencies of ignition-gazebo6
[1.660s] -- Looking for sdformat12 -- found version 12.7.2
[1.660s] -- Searching for dependencies of sdformat12
[1.667s] -- Checking for module 'tinyxml2'
[1.684s] --   Found tinyxml2, version 9.0.0
[1.733s] -- Looking for ignition-math6 -- found version 6.15.0
[1.733s] -- Searching for dependencies of ignition-math6
[1.738s] -- Looking for ignition-utils1 -- found version 1.5.1
[1.738s] -- Searching for dependencies of ignition-utils1
[1.744s] -- Looking for ignition-plugin1 -- found version 1.4.0
[1.745s] -- Searching for dependencies of ignition-plugin1
[1.746s] -- Searching for <ignition-plugin1> component [loader]
[1.749s] -- Looking for ignition-plugin1-loader -- found version 1.4.0
[1.750s] -- Searching for dependencies of ignition-plugin1-loader
[1.751s] -- Searching for <ignition-plugin1> component [register]
[1.755s] -- Looking for ignition-plugin1-register -- found version 1.4.0
[1.755s] -- Searching for dependencies of ignition-plugin1-register
[1.759s] -- Looking for ignition-transport11 -- found version 11.4.1
[1.760s] -- Searching for dependencies of ignition-transport11
[1.985s] -- Found Protobuf: /usr/lib/x86_64-linux-gnu/libprotobuf.so (found version "3.12.4") 
[2.008s] -- Config-file not installed for ZeroMQ -- checking for pkg-config
[2.016s] -- Checking for module 'libzmq >= 4'
[2.034s] --   Found libzmq , version 4.3.4
[2.087s] -- Found ZeroMQ: TRUE (Required is at least version "4") 
[2.096s] -- Checking for module 'uuid'
[2.117s] --   Found uuid, version 2.37.2
[2.169s] -- Found UUID: TRUE  
[2.170s] -- Looking for ignition-utils1 -- found version 1.5.1
[2.171s] -- Searching for dependencies of ignition-utils1
[2.171s] -- Searching for <ignition-utils1> component [cli]
[2.177s] -- Looking for ignition-utils1-cli -- found version 1.5.1
[2.177s] -- Searching for dependencies of ignition-utils1-cli
[2.184s] -- Looking for ignition-msgs8 -- found version 8.7.0
[2.185s] -- Searching for dependencies of ignition-msgs8
[2.219s] -- Found Protobuf: /usr/lib/x86_64-linux-gnu/libprotobuf.so (found suitable version "3.12.4", minimum required is "3") 
[2.221s] -- Looking for ignition-math6 -- found version 6.15.0
[2.246s] -- Searching for <ignition-transport11> component [log]
[2.251s] -- Looking for ignition-transport11-log -- found version 11.4.1
[2.252s] -- Searching for dependencies of ignition-transport11-log
[2.254s] -- Searching for <ignition-transport11> component [parameters]
[2.260s] -- Looking for ignition-transport11-parameters -- found version 11.4.1
[2.261s] -- Searching for dependencies of ignition-transport11-parameters
[2.263s] -- Looking for ignition-msgs8 -- found version 8.7.0
[2.268s] -- Looking for ignition-common4 -- found version 4.7.0
[2.270s] -- Searching for dependencies of ignition-common4
[2.270s] -- Looking for dlfcn.h - found
[2.273s] -- Looking for libdl - found
[2.276s] -- Found DL: TRUE  
[2.288s] -- Searching for <ignition-common4> component [profiler]
[2.293s] -- Looking for ignition-common4-profiler -- found version 4.7.0
[2.294s] -- Searching for dependencies of ignition-common4-profiler
[2.295s] -- Searching for <ignition-common4> component [events]
[2.299s] -- Looking for ignition-common4-events -- found version 4.7.0
[2.300s] -- Searching for dependencies of ignition-common4-events
[2.300s] -- Looking for ignition-math6 -- found version 6.15.0
[2.301s] -- Searching for <ignition-common4> component [av]
[2.305s] -- Looking for ignition-common4-av -- found version 4.7.0
[2.306s] -- Searching for dependencies of ignition-common4-av
[2.315s] -- Checking for module 'libswscale'
[2.337s] --   Found libswscale, version 5.9.100
[2.391s] -- Found SWSCALE: TRUE  
[2.400s] -- Checking for module 'libavdevice >= 56.4.100'
[2.420s] --   Found libavdevice , version 58.13.100
[2.495s] -- Found AVDEVICE: TRUE (Required is at least version "56.4.100") 
[2.507s] -- Checking for module 'libavformat'
[2.557s] --   Found libavformat, version 58.76.100
[2.627s] -- Found AVFORMAT: TRUE  
[2.633s] -- Checking for module 'libavcodec'
[2.652s] --   Found libavcodec, version 58.134.100
[2.703s] -- Found AVCODEC: TRUE  
[2.710s] -- Checking for module 'libavutil'
[2.727s] --   Found libavutil, version 56.70.100
[2.774s] -- Found AVUTIL: TRUE  
[2.780s] -- Looking for ignition-fuel_tools7 -- found version 7.3.0
[2.781s] -- Searching for dependencies of ignition-fuel_tools7
[2.895s] -- Found CURL: /usr/lib/x86_64-linux-gnu/libcurl.so (found version "7.81.0")  
[2.907s] -- Checking for module 'jsoncpp'
[2.923s] --   Found jsoncpp, version 1.9.5
[2.971s] -- Found JSONCPP: TRUE  
[2.982s] -- Checking for module 'libzip'
[3.000s] --   Found libzip, version 1.7.3
[3.044s] -- Found ZIP: TRUE  
[3.045s] -- Looking for ignition-common4 -- found version 4.7.0
[3.046s] -- Looking for ignition-math6 -- found version 6.15.0
[3.046s] -- Looking for ignition-msgs8 -- found version 8.7.0
[3.051s] -- Looking for ignition-gui6 -- found version 6.8.0
[3.051s] -- Searching for dependencies of ignition-gui6
[3.088s] -- Looking for ignition-math6 -- found version 6.15.0
[3.089s] -- Looking for ignition-common4 -- found version 4.7.0
[3.090s] -- Looking for ignition-plugin1 -- found version 1.4.0
[3.090s] -- Looking for ignition-transport11 -- found version 11.4.1
[3.094s] -- Looking for ignition-rendering6 -- found version 6.6.2
[3.095s] -- Searching for dependencies of ignition-rendering6
[3.096s] -- Looking for ignition-math6 -- found version 6.15.0
[3.097s] -- Searching for dependencies of ignition-math6
[3.097s] -- Searching for <ignition-math6> component [eigen3]
[3.101s] -- Looking for ignition-math6-eigen3 -- found version 6.15.0
[3.101s] -- Searching for dependencies of ignition-math6-eigen3
[3.113s] -- Looking for ignition-common4 -- found version 4.7.0
[3.114s] -- Searching for dependencies of ignition-common4
[3.114s] -- Looking for dlfcn.h - found
[3.114s] -- Looking for libdl - found
[3.126s] -- Searching for <ignition-common4> component [graphics]
[3.131s] -- Looking for ignition-common4-graphics -- found version 4.7.0
[3.132s] -- Searching for dependencies of ignition-common4-graphics
[3.132s] -- Looking for ignition-math6 -- found version 6.15.0
[3.133s] -- Looking for ignition-utils1 -- found version 1.5.1
[3.134s] -- Searching for <ignition-common4> component [events]
[3.135s] -- Looking for ignition-plugin1 -- found version 1.4.0
[3.135s] -- Searching for dependencies of ignition-plugin1
[3.136s] -- Searching for <ignition-plugin1> component [all]
[3.140s] -- Looking for all libraries of ignition-plugin1 -- found version 1.4.0
[3.140s] -- Looking for ignition-plugin1 -- found version 1.4.0
[3.143s] -- Looking for ignition-msgs8 -- found version 8.7.0
[3.178s] -- Looking for ignition-physics5 -- found version 5.3.2
[3.178s] -- Searching for dependencies of ignition-physics5
[3.179s] -- Looking for ignition-math6 -- found version 6.15.0
[3.180s] -- Looking for ignition-plugin1 -- found version 1.4.0
[3.180s] -- Looking for ignition-utils1 -- found version 1.5.1
[3.182s] -- Searching for <ignition-physics5> component [heightmap]
[3.186s] -- Looking for ignition-physics5-heightmap -- found version 5.3.2
[3.187s] -- Searching for dependencies of ignition-physics5-heightmap
[3.187s] -- Looking for ignition-common4 -- found version 4.7.0
[3.188s] -- Searching for <ignition-physics5> component [mesh]
[3.192s] -- Looking for ignition-physics5-mesh -- found version 5.3.2
[3.193s] -- Searching for dependencies of ignition-physics5-mesh
[3.193s] -- Looking for ignition-common4 -- found version 4.7.0
[3.194s] -- Searching for <ignition-physics5> component [sdf]
[3.198s] -- Looking for ignition-physics5-sdf -- found version 5.3.2
[3.199s] -- Searching for dependencies of ignition-physics5-sdf
[3.199s] -- Looking for sdformat12 -- found version 12.7.2
[3.204s] -- Looking for ignition-sensors6 -- found version 6.7.1
[3.204s] -- Searching for dependencies of ignition-sensors6
[3.231s] -- Found Protobuf: /usr/lib/x86_64-linux-gnu/libprotobuf.so (found version "3.12.4") 
[3.233s] -- Looking for ignition-math6 -- found version 6.15.0
[3.234s] -- Looking for ignition-common4 -- found version 4.7.0
[3.234s] -- Looking for ignition-transport11 -- found version 11.4.1
[3.235s] -- Looking for ignition-rendering6 -- found version 6.6.2
[3.236s] -- Looking for ignition-msgs8 -- found version 8.7.0
[3.237s] -- Looking for sdformat12 -- found version 12.7.2
[3.238s] -- Searching for <ignition-sensors6> component [air_pressure]
[3.244s] -- Looking for ignition-sensors6-air_pressure -- found version 6.7.1
[3.245s] -- Searching for dependencies of ignition-sensors6-air_pressure
[3.246s] -- Searching for <ignition-sensors6> component [altimeter]
[3.251s] -- Looking for ignition-sensors6-altimeter -- found version 6.7.1
[3.252s] -- Searching for dependencies of ignition-sensors6-altimeter
[3.252s] -- Searching for <ignition-sensors6> component [imu]
[3.258s] -- Looking for ignition-sensors6-imu -- found version 6.7.1
[3.258s] -- Searching for dependencies of ignition-sensors6-imu
[3.259s] -- Searching for <ignition-sensors6> component [force_torque]
[3.265s] -- Looking for ignition-sensors6-force_torque -- found version 6.7.1
[3.266s] -- Searching for dependencies of ignition-sensors6-force_torque
[3.266s] -- Searching for <ignition-sensors6> component [logical_camera]
[3.271s] -- Looking for ignition-sensors6-logical_camera -- found version 6.7.1
[3.273s] -- Searching for dependencies of ignition-sensors6-logical_camera
[3.274s] -- Searching for <ignition-sensors6> component [magnetometer]
[3.279s] -- Looking for ignition-sensors6-magnetometer -- found version 6.7.1
[3.280s] -- Searching for dependencies of ignition-sensors6-magnetometer
[3.281s] -- Searching for <ignition-sensors6> component [navsat]
[3.286s] -- Looking for ignition-sensors6-navsat -- found version 6.7.1
[3.287s] -- Searching for dependencies of ignition-sensors6-navsat
[3.288s] -- Searching for <ignition-sensors6> component [rendering]
[3.295s] -- Looking for ignition-sensors6-rendering -- found version 6.7.1
[3.296s] -- Searching for dependencies of ignition-sensors6-rendering
[3.297s] -- Searching for <ignition-sensors6> component [lidar]
[3.302s] -- Looking for ignition-sensors6-lidar -- found version 6.7.1
[3.303s] -- Searching for dependencies of ignition-sensors6-lidar
[3.304s] -- Looking for ignition-sensors6 -- found version 6.7.1
[3.305s] -- Searching for <ignition-sensors6> component [gpu_lidar]
[3.311s] -- Looking for ignition-sensors6-gpu_lidar -- found version 6.7.1
[3.312s] -- Searching for dependencies of ignition-sensors6-gpu_lidar
[3.312s] -- Looking for ignition-sensors6 -- found version 6.7.1
[3.314s] -- Searching for <ignition-sensors6> component [camera]
[3.319s] -- Looking for ignition-sensors6-camera -- found version 6.7.1
[3.319s] -- Searching for dependencies of ignition-sensors6-camera
[3.320s] -- Looking for ignition-sensors6 -- found version 6.7.1
[3.321s] -- Searching for <ignition-sensors6> component [boundingbox_camera]
[3.325s] -- Looking for ignition-sensors6-boundingbox_camera -- found version 6.7.1
[3.326s] -- Searching for dependencies of ignition-sensors6-boundingbox_camera
[3.326s] -- Searching for <ignition-sensors6> component [segmentation_camera]
[3.331s] -- Looking for ignition-sensors6-segmentation_camera -- found version 6.7.1
[3.331s] -- Searching for dependencies of ignition-sensors6-segmentation_camera
[3.332s] -- Searching for <ignition-sensors6> component [depth_camera]
[3.336s] -- Looking for ignition-sensors6-depth_camera -- found version 6.7.1
[3.336s] -- Searching for dependencies of ignition-sensors6-depth_camera
[3.337s] -- Looking for ignition-sensors6 -- found version 6.7.1
[3.338s] -- Searching for <ignition-sensors6> component [rgbd_camera]
[3.342s] -- Looking for ignition-sensors6-rgbd_camera -- found version 6.7.1
[3.342s] -- Searching for dependencies of ignition-sensors6-rgbd_camera
[3.343s] -- Looking for ignition-sensors6 -- found version 6.7.1
[3.344s] -- Searching for <ignition-sensors6> component [thermal_camera]
[3.348s] -- Looking for ignition-sensors6-thermal_camera -- found version 6.7.1
[3.349s] -- Searching for dependencies of ignition-sensors6-thermal_camera
[3.349s] -- Looking for ignition-sensors6 -- found version 6.7.1
[3.351s] -- Looking for ignition-rendering6 -- found version 6.6.2
[3.351s] -- Looking for ignition-math6 -- found version 6.15.0
[3.356s] -- Looking for ignition-utils1 -- found version 1.5.1
[3.386s] -- Compiling against Gazebo Fortress
[3.487s] -- Configuring done
[3.498s] -- Generating done
[3.501s] -- Build files have been written to: /home/jacobrod/worms_ws/build/ros_ign_gazebo
