[0.548s] Invoking command in '/home/jacobrod/worms_ws/build/sdformat_urdf': CMAKE_PREFIX_PATH=/home/jacobrod/worms_ws/install/sdformat_test_files:/home/jacobrod/worms_ws/src/install/worms_gazebo:/home/jacobrod/worms_ws/src/install/worms_description:/home/jacobrod/worms_ws/src/install/ros_gz_example_bringup:/home/jacobrod/worms_ws/src/install/ros_gz_example_gazebo:/home/jacobrod/worms_ws/src/install/ros_gz_example_description:/home/jacobrod/worms_ws/src/install/ros_gz_example_application:/home/jacobrod/worms_ws/src/install/core_bringup:/home/jacobrod/worms_ws/install/worms_gazebo:/home/jacobrod/worms_ws/install/worms_description:/home/jacobrod/worms_ws/install/ros_ign:/home/jacobrod/worms_ws/install/ros_ign_gazebo_demos:/home/jacobrod/worms_ws/install/ros_gz:/home/jacobrod/worms_ws/install/ros_gz_sim_demos:/home/jacobrod/worms_ws/install/sdformat_urdf:/home/jacobrod/worms_ws/install/ros_ign_interfaces:/home/jacobrod/worms_ws/install/ros_ign_image:/home/jacobrod/worms_ws/install/ros_ign_gazebo:/home/jacobrod/worms_ws/install/ros_ign_bridge:/home/jacobrod/worms_ws/install/ros_gz_sim:/home/jacobrod/worms_ws/install/ros_gz_image:/home/jacobrod/worms_ws/install/ros_gz_bridge:/home/jacobrod/worms_ws/install/ros_gz_interfaces:/home/jacobrod/worms_ws/install/ros_gz_example_bringup:/home/jacobrod/worms_ws/install/ros_gz_example_gazebo:/home/jacobrod/worms_ws/install/ros_gz_example_description:/home/jacobrod/worms_ws/install/ros_gz_example_application:/home/jacobrod/worms_ws/install/core_bringup:/home/jacobrod/AllSeaingVehicle2/install:/home/jacobrod/worms_ws/src/install/worms_mech:/home/jacobrod/worms_ws/install/worms_mech:/opt/ros/humble /usr/bin/cmake --build /home/jacobrod/worms_ws/build/sdformat_urdf -- -j8 -l8
[0.962s] [35m[1mConsolidate compiler generated dependencies of target sdformat_urdf[0m
[0.962s] [35m[1mConsolidate compiler generated dependencies of target gtest[0m
[0.963s] [35m[1mConsolidate compiler generated dependencies of target gtest_main[0m
[0.963s] [ 18%] Built target sdformat_urdf
[0.964s] [ 18%] Built target gtest
[0.964s] [ 27%] Built target gtest_main
[0.965s] [35m[1mConsolidate compiler generated dependencies of target sdformat_urdf_plugin[0m
[0.965s] [35m[1mConsolidate compiler generated dependencies of target sdf_geometry_tests[0m
[0.965s] [35m[1mConsolidate compiler generated dependencies of target sdf_joint_tests[0m
[0.966s] [35m[1mConsolidate compiler generated dependencies of target sdf_graph_tests[0m
[0.966s] [35m[1mConsolidate compiler generated dependencies of target sdf_link_tests[0m
[0.966s] [35m[1mConsolidate compiler generated dependencies of target sdf_model_tests[0m
[0.966s] [35m[1mConsolidate compiler generated dependencies of target sdf_material_tests[0m
[0.966s] [35m[1mConsolidate compiler generated dependencies of target sdf_pose_tests[0m
[0.967s] [ 36%] Built target sdformat_urdf_plugin
[0.967s] [ 45%] Built target sdf_geometry_tests
[0.967s] [ 59%] Built target sdf_link_tests
[0.967s] [ 63%] Built target sdf_joint_tests
[0.967s] [ 72%] Built target sdf_graph_tests
[0.967s] [ 81%] Built target sdf_model_tests
[0.968s] [ 90%] Built target sdf_material_tests
[0.968s] [100%] Built target sdf_pose_tests
[1.127s] Invoked command in '/home/jacobrod/worms_ws/build/sdformat_urdf' returned '0': CMAKE_PREFIX_PATH=/home/jacobrod/worms_ws/install/sdformat_test_files:/home/jacobrod/worms_ws/src/install/worms_gazebo:/home/jacobrod/worms_ws/src/install/worms_description:/home/jacobrod/worms_ws/src/install/ros_gz_example_bringup:/home/jacobrod/worms_ws/src/install/ros_gz_example_gazebo:/home/jacobrod/worms_ws/src/install/ros_gz_example_description:/home/jacobrod/worms_ws/src/install/ros_gz_example_application:/home/jacobrod/worms_ws/src/install/core_bringup:/home/jacobrod/worms_ws/install/worms_gazebo:/home/jacobrod/worms_ws/install/worms_description:/home/jacobrod/worms_ws/install/ros_ign:/home/jacobrod/worms_ws/install/ros_ign_gazebo_demos:/home/jacobrod/worms_ws/install/ros_gz:/home/jacobrod/worms_ws/install/ros_gz_sim_demos:/home/jacobrod/worms_ws/install/sdformat_urdf:/home/jacobrod/worms_ws/install/ros_ign_interfaces:/home/jacobrod/worms_ws/install/ros_ign_image:/home/jacobrod/worms_ws/install/ros_ign_gazebo:/home/jacobrod/worms_ws/install/ros_ign_bridge:/home/jacobrod/worms_ws/install/ros_gz_sim:/home/jacobrod/worms_ws/install/ros_gz_image:/home/jacobrod/worms_ws/install/ros_gz_bridge:/home/jacobrod/worms_ws/install/ros_gz_interfaces:/home/jacobrod/worms_ws/install/ros_gz_example_bringup:/home/jacobrod/worms_ws/install/ros_gz_example_gazebo:/home/jacobrod/worms_ws/install/ros_gz_example_description:/home/jacobrod/worms_ws/install/ros_gz_example_application:/home/jacobrod/worms_ws/install/core_bringup:/home/jacobrod/AllSeaingVehicle2/install:/home/jacobrod/worms_ws/src/install/worms_mech:/home/jacobrod/worms_ws/install/worms_mech:/opt/ros/humble /usr/bin/cmake --build /home/jacobrod/worms_ws/build/sdformat_urdf -- -j8 -l8
[1.314s] Invoking command in '/home/jacobrod/worms_ws/build/sdformat_urdf': CMAKE_PREFIX_PATH=/home/jacobrod/worms_ws/install/sdformat_test_files:/home/jacobrod/worms_ws/src/install/worms_gazebo:/home/jacobrod/worms_ws/src/install/worms_description:/home/jacobrod/worms_ws/src/install/ros_gz_example_bringup:/home/jacobrod/worms_ws/src/install/ros_gz_example_gazebo:/home/jacobrod/worms_ws/src/install/ros_gz_example_description:/home/jacobrod/worms_ws/src/install/ros_gz_example_application:/home/jacobrod/worms_ws/src/install/core_bringup:/home/jacobrod/worms_ws/install/worms_gazebo:/home/jacobrod/worms_ws/install/worms_description:/home/jacobrod/worms_ws/install/ros_ign:/home/jacobrod/worms_ws/install/ros_ign_gazebo_demos:/home/jacobrod/worms_ws/install/ros_gz:/home/jacobrod/worms_ws/install/ros_gz_sim_demos:/home/jacobrod/worms_ws/install/sdformat_urdf:/home/jacobrod/worms_ws/install/ros_ign_interfaces:/home/jacobrod/worms_ws/install/ros_ign_image:/home/jacobrod/worms_ws/install/ros_ign_gazebo:/home/jacobrod/worms_ws/install/ros_ign_bridge:/home/jacobrod/worms_ws/install/ros_gz_sim:/home/jacobrod/worms_ws/install/ros_gz_image:/home/jacobrod/worms_ws/install/ros_gz_bridge:/home/jacobrod/worms_ws/install/ros_gz_interfaces:/home/jacobrod/worms_ws/install/ros_gz_example_bringup:/home/jacobrod/worms_ws/install/ros_gz_example_gazebo:/home/jacobrod/worms_ws/install/ros_gz_example_description:/home/jacobrod/worms_ws/install/ros_gz_example_application:/home/jacobrod/worms_ws/install/core_bringup:/home/jacobrod/AllSeaingVehicle2/install:/home/jacobrod/worms_ws/src/install/worms_mech:/home/jacobrod/worms_ws/install/worms_mech:/opt/ros/humble /usr/bin/cmake --install /home/jacobrod/worms_ws/build/sdformat_urdf
[1.347s] -- Install configuration: ""
[1.347s] -- Up-to-date: /home/jacobrod/worms_ws/install/sdformat_urdf/lib/libsdformat_urdf.so
[1.347s] -- Up-to-date: /home/jacobrod/worms_ws/install/sdformat_urdf/lib/libsdformat_urdf_plugin.so
[1.347s] -- Up-to-date: /home/jacobrod/worms_ws/install/sdformat_urdf/include
[1.347s] -- Up-to-date: /home/jacobrod/worms_ws/install/sdformat_urdf/include/sdformat_urdf
[1.347s] -- Up-to-date: /home/jacobrod/worms_ws/install/sdformat_urdf/include/sdformat_urdf/visibility_control.hpp
[1.347s] -- Up-to-date: /home/jacobrod/worms_ws/install/sdformat_urdf/include/sdformat_urdf/sdformat_urdf.hpp
[1.347s] -- Up-to-date: /home/jacobrod/worms_ws/install/sdformat_urdf/share/sdformat_urdf/environment/library_path.sh
[1.348s] -- Up-to-date: /home/jacobrod/worms_ws/install/sdformat_urdf/share/sdformat_urdf/environment/library_path.dsv
[1.348s] -- Up-to-date: /home/jacobrod/worms_ws/install/sdformat_urdf/share/sdformat_urdf/sdformat_urdf_plugin.xml
[1.348s] -- Up-to-date: /home/jacobrod/worms_ws/install/sdformat_urdf/share/ament_index/resource_index/package_run_dependencies/sdformat_urdf
[1.348s] -- Up-to-date: /home/jacobrod/worms_ws/install/sdformat_urdf/share/ament_index/resource_index/parent_prefix_path/sdformat_urdf
[1.348s] -- Up-to-date: /home/jacobrod/worms_ws/install/sdformat_urdf/share/sdformat_urdf/environment/ament_prefix_path.sh
[1.348s] -- Up-to-date: /home/jacobrod/worms_ws/install/sdformat_urdf/share/sdformat_urdf/environment/ament_prefix_path.dsv
[1.348s] -- Up-to-date: /home/jacobrod/worms_ws/install/sdformat_urdf/share/sdformat_urdf/environment/path.sh
[1.348s] -- Up-to-date: /home/jacobrod/worms_ws/install/sdformat_urdf/share/sdformat_urdf/environment/path.dsv
[1.348s] -- Up-to-date: /home/jacobrod/worms_ws/install/sdformat_urdf/share/sdformat_urdf/local_setup.bash
[1.348s] -- Up-to-date: /home/jacobrod/worms_ws/install/sdformat_urdf/share/sdformat_urdf/local_setup.sh
[1.349s] -- Up-to-date: /home/jacobrod/worms_ws/install/sdformat_urdf/share/sdformat_urdf/local_setup.zsh
[1.349s] -- Up-to-date: /home/jacobrod/worms_ws/install/sdformat_urdf/share/sdformat_urdf/local_setup.dsv
[1.349s] -- Installing: /home/jacobrod/worms_ws/install/sdformat_urdf/share/sdformat_urdf/package.dsv
[1.349s] -- Up-to-date: /home/jacobrod/worms_ws/install/sdformat_urdf/share/ament_index/resource_index/packages/sdformat_urdf
[1.349s] -- Up-to-date: /home/jacobrod/worms_ws/install/sdformat_urdf/share/ament_index/resource_index/urdf_parser_plugin__pluginlib__plugin/sdformat_urdf
[1.349s] -- Up-to-date: /home/jacobrod/worms_ws/install/sdformat_urdf/share/sdformat_urdf/cmake/sdformat_urdf-exportExport.cmake
[1.349s] -- Up-to-date: /home/jacobrod/worms_ws/install/sdformat_urdf/share/sdformat_urdf/cmake/sdformat_urdf-exportExport-noconfig.cmake
[1.349s] -- Up-to-date: /home/jacobrod/worms_ws/install/sdformat_urdf/share/sdformat_urdf/cmake/ament_cmake_export_dependencies-extras.cmake
[1.350s] -- Up-to-date: /home/jacobrod/worms_ws/install/sdformat_urdf/share/sdformat_urdf/cmake/ament_cmake_export_targets-extras.cmake
[1.350s] -- Up-to-date: /home/jacobrod/worms_ws/install/sdformat_urdf/share/sdformat_urdf/cmake/sdformat_urdfConfig.cmake
[1.350s] -- Up-to-date: /home/jacobrod/worms_ws/install/sdformat_urdf/share/sdformat_urdf/cmake/sdformat_urdfConfig-version.cmake
[1.350s] -- Up-to-date: /home/jacobrod/worms_ws/install/sdformat_urdf/share/sdformat_urdf/package.xml
[1.491s] Invoked command in '/home/jacobrod/worms_ws/build/sdformat_urdf' returned '0': CMAKE_PREFIX_PATH=/home/jacobrod/worms_ws/install/sdformat_test_files:/home/jacobrod/worms_ws/src/install/worms_gazebo:/home/jacobrod/worms_ws/src/install/worms_description:/home/jacobrod/worms_ws/src/install/ros_gz_example_bringup:/home/jacobrod/worms_ws/src/install/ros_gz_example_gazebo:/home/jacobrod/worms_ws/src/install/ros_gz_example_description:/home/jacobrod/worms_ws/src/install/ros_gz_example_application:/home/jacobrod/worms_ws/src/install/core_bringup:/home/jacobrod/worms_ws/install/worms_gazebo:/home/jacobrod/worms_ws/install/worms_description:/home/jacobrod/worms_ws/install/ros_ign:/home/jacobrod/worms_ws/install/ros_ign_gazebo_demos:/home/jacobrod/worms_ws/install/ros_gz:/home/jacobrod/worms_ws/install/ros_gz_sim_demos:/home/jacobrod/worms_ws/install/sdformat_urdf:/home/jacobrod/worms_ws/install/ros_ign_interfaces:/home/jacobrod/worms_ws/install/ros_ign_image:/home/jacobrod/worms_ws/install/ros_ign_gazebo:/home/jacobrod/worms_ws/install/ros_ign_bridge:/home/jacobrod/worms_ws/install/ros_gz_sim:/home/jacobrod/worms_ws/install/ros_gz_image:/home/jacobrod/worms_ws/install/ros_gz_bridge:/home/jacobrod/worms_ws/install/ros_gz_interfaces:/home/jacobrod/worms_ws/install/ros_gz_example_bringup:/home/jacobrod/worms_ws/install/ros_gz_example_gazebo:/home/jacobrod/worms_ws/install/ros_gz_example_description:/home/jacobrod/worms_ws/install/ros_gz_example_application:/home/jacobrod/worms_ws/install/core_bringup:/home/jacobrod/AllSeaingVehicle2/install:/home/jacobrod/worms_ws/src/install/worms_mech:/home/jacobrod/worms_ws/install/worms_mech:/opt/ros/humble /usr/bin/cmake --install /home/jacobrod/worms_ws/build/sdformat_urdf
