[0.446s] Invoking command in '/home/jacobrod/worms_ws/build/ros_gz_example_description': CMAKE_PREFIX_PATH=${CMAKE_PREFIX_PATH}:/home/jacobrod/worms_ws/install/worms_mech:/opt/ros/humble /usr/bin/cmake /home/jacobrod/worms_ws/src/worms_gazebo_sim/worms_description -DBUILD_TESTING=ON -DCMAKE_INSTALL_PREFIX=/home/jacobrod/worms_ws/install/ros_gz_example_description
[0.569s] -- The C compiler identification is GNU 11.4.0
[0.674s] -- The CXX compiler identification is GNU 11.4.0
[0.687s] -- Detecting C compiler ABI info
[0.823s] -- Detecting C compiler ABI info - done
[0.851s] -- Check for working C compiler: /usr/bin/cc - skipped
[0.851s] -- Detecting C compile features
[0.851s] -- Detecting C compile features - done
[0.852s] -- Detecting CXX compiler ABI info
[1.009s] -- Detecting CXX compiler ABI info - done
[1.020s] -- Check for working CXX compiler: /usr/bin/c++ - skipped
[1.020s] -- Detecting CXX compile features
[1.020s] -- Detecting CXX compile features - done
[1.022s] -- Found ament_cmake: 1.3.6 (/opt/ros/humble/share/ament_cmake/cmake)
[1.345s] -- Found Python3: /usr/bin/python3.10 (found version "3.10.12") found components: Interpreter 
[1.486s] -- Found ament_lint_auto: 0.12.9 (/opt/ros/humble/share/ament_lint_auto/cmake)
[1.587s] -- Configuring done
[1.593s] -- Generating done
[1.595s] -- Build files have been written to: /home/jacobrod/worms_ws/build/ros_gz_example_description
[1.608s] Invoked command in '/home/jacobrod/worms_ws/build/ros_gz_example_description' returned '0': CMAKE_PREFIX_PATH=${CMAKE_PREFIX_PATH}:/home/jacobrod/worms_ws/install/worms_mech:/opt/ros/humble /usr/bin/cmake /home/jacobrod/worms_ws/src/worms_gazebo_sim/worms_description -DBUILD_TESTING=ON -DCMAKE_INSTALL_PREFIX=/home/jacobrod/worms_ws/install/ros_gz_example_description
[1.609s] Invoking command in '/home/jacobrod/worms_ws/build/ros_gz_example_description': CMAKE_PREFIX_PATH=${CMAKE_PREFIX_PATH}:/home/jacobrod/worms_ws/install/worms_mech:/opt/ros/humble /usr/bin/cmake --build /home/jacobrod/worms_ws/build/ros_gz_example_description -- -j8 -l8
[1.670s] Invoked command in '/home/jacobrod/worms_ws/build/ros_gz_example_description' returned '0': CMAKE_PREFIX_PATH=${CMAKE_PREFIX_PATH}:/home/jacobrod/worms_ws/install/worms_mech:/opt/ros/humble /usr/bin/cmake --build /home/jacobrod/worms_ws/build/ros_gz_example_description -- -j8 -l8
[1.720s] Invoking command in '/home/jacobrod/worms_ws/build/ros_gz_example_description': CMAKE_PREFIX_PATH=${CMAKE_PREFIX_PATH}:/home/jacobrod/worms_ws/install/worms_mech:/opt/ros/humble /usr/bin/cmake --install /home/jacobrod/worms_ws/build/ros_gz_example_description
[1.746s] -- Install configuration: ""
[1.747s] -- Installing: /home/jacobrod/worms_ws/install/ros_gz_example_description/share/ros_gz_example_description/models
[1.747s] -- Installing: /home/jacobrod/worms_ws/install/ros_gz_example_description/share/ros_gz_example_description/models/diff_drive
[1.755s] -- Installing: /home/jacobrod/worms_ws/install/ros_gz_example_description/share/ros_gz_example_description/models/diff_drive/model.config
[1.755s] -- Installing: /home/jacobrod/worms_ws/install/ros_gz_example_description/share/ros_gz_example_description/models/diff_drive/model.sdf
[1.755s] -- Installing: /home/jacobrod/worms_ws/install/ros_gz_example_description/share/ros_gz_example_description/models/worms_1
[1.755s] -- Installing: /home/jacobrod/worms_ws/install/ros_gz_example_description/share/ros_gz_example_description/models/worms_1/urdf
[1.755s] -- Installing: /home/jacobrod/worms_ws/install/ros_gz_example_description/share/ros_gz_example_description/models/worms_1/urdf/worms_1.xacro
[1.755s] -- Installing: /home/jacobrod/worms_ws/install/ros_gz_example_description/share/ros_gz_example_description/models/worms_1/urdf/worms_1.csv
[1.755s] -- Installing: /home/jacobrod/worms_ws/install/ros_gz_example_description/share/ros_gz_example_description/models/worms_1/model.config
[1.756s] -- Installing: /home/jacobrod/worms_ws/install/ros_gz_example_description/share/ros_gz_example_description/models/worms_1/worms_1.sdf
[1.756s] -- Installing: /home/jacobrod/worms_ws/install/ros_gz_example_description/share/ros_gz_example_description/models/worms_1/meshes
[1.756s] -- Installing: /home/jacobrod/worms_ws/install/ros_gz_example_description/share/ros_gz_example_description/models/worms_1/meshes/Link1.STL
[1.774s] -- Installing: /home/jacobrod/worms_ws/install/ros_gz_example_description/share/ros_gz_example_description/models/worms_1/meshes/base_link.STL
[1.799s] -- Installing: /home/jacobrod/worms_ws/install/ros_gz_example_description/share/ros_gz_example_description/models/worms_1/meshes/Link3.STL
[1.814s] -- Installing: /home/jacobrod/worms_ws/install/ros_gz_example_description/share/ros_gz_example_description/models/worms_1/meshes/Link2.STL
[1.853s] -- Installing: /home/jacobrod/worms_ws/install/ros_gz_example_description/share/ros_gz_example_description/models/worms_1/config
[1.854s] -- Installing: /home/jacobrod/worms_ws/install/ros_gz_example_description/share/ros_gz_example_description/models/worms_1/config/worms_1.yaml
[1.854s] -- Installing: /home/jacobrod/worms_ws/install/ros_gz_example_description/share/ros_gz_example_description/models/rrbot
[1.854s] -- Installing: /home/jacobrod/worms_ws/install/ros_gz_example_description/share/ros_gz_example_description/models/rrbot/model.sdf
[1.855s] -- Installing: /home/jacobrod/worms_ws/install/ros_gz_example_description/share/ros_gz_example_description/environment/ros_gz_example_description.dsv
[1.855s] -- Installing: /home/jacobrod/worms_ws/install/ros_gz_example_description/share/ros_gz_example_description/environment/ros_gz_example_description.sh
[1.855s] -- Installing: /home/jacobrod/worms_ws/install/ros_gz_example_description/share/ament_index/resource_index/package_run_dependencies/ros_gz_example_description
[1.855s] -- Installing: /home/jacobrod/worms_ws/install/ros_gz_example_description/share/ament_index/resource_index/parent_prefix_path/ros_gz_example_description
[1.856s] -- Installing: /home/jacobrod/worms_ws/install/ros_gz_example_description/share/ros_gz_example_description/environment/ament_prefix_path.sh
[1.857s] -- Installing: /home/jacobrod/worms_ws/install/ros_gz_example_description/share/ros_gz_example_description/environment/ament_prefix_path.dsv
[1.857s] -- Installing: /home/jacobrod/worms_ws/install/ros_gz_example_description/share/ros_gz_example_description/environment/path.sh
[1.857s] -- Installing: /home/jacobrod/worms_ws/install/ros_gz_example_description/share/ros_gz_example_description/environment/path.dsv
[1.858s] -- Installing: /home/jacobrod/worms_ws/install/ros_gz_example_description/share/ros_gz_example_description/local_setup.bash
[1.858s] -- Installing: /home/jacobrod/worms_ws/install/ros_gz_example_description/share/ros_gz_example_description/local_setup.sh
[1.858s] -- Installing: /home/jacobrod/worms_ws/install/ros_gz_example_description/share/ros_gz_example_description/local_setup.zsh
[1.859s] -- Installing: /home/jacobrod/worms_ws/install/ros_gz_example_description/share/ros_gz_example_description/local_setup.dsv
[1.859s] -- Installing: /home/jacobrod/worms_ws/install/ros_gz_example_description/share/ros_gz_example_description/package.dsv
[1.859s] -- Installing: /home/jacobrod/worms_ws/install/ros_gz_example_description/share/ament_index/resource_index/packages/ros_gz_example_description
[1.860s] -- Installing: /home/jacobrod/worms_ws/install/ros_gz_example_description/share/ros_gz_example_description/cmake/ros_gz_example_descriptionConfig.cmake
[1.860s] -- Installing: /home/jacobrod/worms_ws/install/ros_gz_example_description/share/ros_gz_example_description/cmake/ros_gz_example_descriptionConfig-version.cmake
[1.860s] -- Installing: /home/jacobrod/worms_ws/install/ros_gz_example_description/share/ros_gz_example_description/package.xml
[2.005s] Invoked command in '/home/jacobrod/worms_ws/build/ros_gz_example_description' returned '0': CMAKE_PREFIX_PATH=${CMAKE_PREFIX_PATH}:/home/jacobrod/worms_ws/install/worms_mech:/opt/ros/humble /usr/bin/cmake --install /home/jacobrod/worms_ws/build/ros_gz_example_description
