[2.422s] Invoking command in '/home/worm3/worms_mech_ws/src/worms_mech': PYTHONPATH=/home/worm3/worms_mech_ws/build/worms_mech/prefix_override:/home/worm3/worms_mech_ws/install/worms_mech/lib/python3.10/site-packages:${PYTHONPATH} /usr/bin/python3 setup.py egg_info --egg-base ../../build/worms_mech build --build-base /home/worm3/worms_mech_ws/build/worms_mech/build install --record /home/worm3/worms_mech_ws/build/worms_mech/install.log --single-version-externally-managed
[3.201s] running egg_info
[3.203s] writing ../../build/worms_mech/worms_mech.egg-info/PKG-INFO
[3.204s] writing dependency_links to ../../build/worms_mech/worms_mech.egg-info/dependency_links.txt
[3.206s] writing entry points to ../../build/worms_mech/worms_mech.egg-info/entry_points.txt
[3.207s] writing requirements to ../../build/worms_mech/worms_mech.egg-info/requires.txt
[3.207s] writing top-level names to ../../build/worms_mech/worms_mech.egg-info/top_level.txt
[3.215s] reading manifest file '../../build/worms_mech/worms_mech.egg-info/SOURCES.txt'
[3.219s] writing manifest file '../../build/worms_mech/worms_mech.egg-info/SOURCES.txt'
[3.220s] running build
[3.220s] running build_py
[3.221s] copying worms_mech/gait_parser_actions.py -> /home/worm3/worms_mech_ws/build/worms_mech/build/lib/worms_mech
[3.223s] copying worms_mech/gait_manager.py -> /home/worm3/worms_mech_ws/build/worms_mech/build/lib/worms_mech
[3.225s] copying worms_mech/gait_action_node.py -> /home/worm3/worms_mech_ws/build/worms_mech/build/lib/worms_mech
[3.227s] running install
[3.229s] /usr/lib/python3/dist-packages/setuptools/command/install.py:34: SetuptoolsDeprecationWarning: setup.py install is deprecated. Use build and pip and other standards-based tools.
[3.230s]   warnings.warn(
[3.230s] running install_lib
[3.233s] copying /home/worm3/worms_mech_ws/build/worms_mech/build/lib/worms_mech/gait_parser_actions.py -> /home/worm3/worms_mech_ws/install/worms_mech/lib/python3.10/site-packages/worms_mech
[3.235s] copying /home/worm3/worms_mech_ws/build/worms_mech/build/lib/worms_mech/gait_manager.py -> /home/worm3/worms_mech_ws/install/worms_mech/lib/python3.10/site-packages/worms_mech
[3.237s] copying /home/worm3/worms_mech_ws/build/worms_mech/build/lib/worms_mech/gait_action_node.py -> /home/worm3/worms_mech_ws/install/worms_mech/lib/python3.10/site-packages/worms_mech
[3.240s] byte-compiling /home/worm3/worms_mech_ws/install/worms_mech/lib/python3.10/site-packages/worms_mech/gait_parser_actions.py to gait_parser_actions.cpython-310.pyc
[3.246s] byte-compiling /home/worm3/worms_mech_ws/install/worms_mech/lib/python3.10/site-packages/worms_mech/gait_manager.py to gait_manager.cpython-310.pyc
[3.253s] running install_data
[3.255s] running install_egg_info
[3.261s] removing '/home/worm3/worms_mech_ws/install/worms_mech/lib/python3.10/site-packages/worms_mech-0.0.0-py3.10.egg-info' (and everything under it)
[3.262s] Copying ../../build/worms_mech/worms_mech.egg-info to /home/worm3/worms_mech_ws/install/worms_mech/lib/python3.10/site-packages/worms_mech-0.0.0-py3.10.egg-info
[3.267s] running install_scripts
[3.343s] Installing camera_scanner script to /home/worm3/worms_mech_ws/install/worms_mech/lib/worms_mech
[3.343s] Installing controller_node script to /home/worm3/worms_mech_ws/install/worms_mech/lib/worms_mech
[3.344s] Installing gait_action_node script to /home/worm3/worms_mech_ws/install/worms_mech/lib/worms_mech
[3.345s] Installing gait_manager script to /home/worm3/worms_mech_ws/install/worms_mech/lib/worms_mech
[3.346s] Installing gait_parser script to /home/worm3/worms_mech_ws/install/worms_mech/lib/worms_mech
[3.347s] Installing hardware_interface script to /home/worm3/worms_mech_ws/install/worms_mech/lib/worms_mech
[3.348s] Installing joint_command_publisher script to /home/worm3/worms_mech_ws/install/worms_mech/lib/worms_mech
[3.348s] Installing joystick_control script to /home/worm3/worms_mech_ws/install/worms_mech/lib/worms_mech
[3.349s] Installing stand_node script to /home/worm3/worms_mech_ws/install/worms_mech/lib/worms_mech
[3.350s] Installing testbed_interface script to /home/worm3/worms_mech_ws/install/worms_mech/lib/worms_mech
[3.353s] writing list of installed files to '/home/worm3/worms_mech_ws/build/worms_mech/install.log'
[3.462s] Invoked command in '/home/worm3/worms_mech_ws/src/worms_mech' returned '0': PYTHONPATH=/home/worm3/worms_mech_ws/build/worms_mech/prefix_override:/home/worm3/worms_mech_ws/install/worms_mech/lib/python3.10/site-packages:${PYTHONPATH} /usr/bin/python3 setup.py egg_info --egg-base ../../build/worms_mech build --build-base /home/worm3/worms_mech_ws/build/worms_mech/build install --record /home/worm3/worms_mech_ws/build/worms_mech/install.log --single-version-externally-managed
