[0.975s] Invoking command in '/home/jacobrod/worms_ws/build/ros_gz_example_gazebo': CMAKE_PREFIX_PATH=/home/jacobrod/worms_ws/install/ros_gz_example_description:/home/jacobrod/worms_ws/src/install/worms_gazebo:/home/jacobrod/worms_ws/src/install/worms_description:/home/jacobrod/worms_ws/src/install/ros_gz_example_bringup:/home/jacobrod/worms_ws/src/install/ros_gz_example_gazebo:/home/jacobrod/worms_ws/src/install/ros_gz_example_description:/home/jacobrod/worms_ws/src/install/ros_gz_example_application:/home/jacobrod/worms_ws/src/install/core_bringup:/home/jacobrod/worms_ws/install/worms_gazebo:/home/jacobrod/worms_ws/install/worms_description:/home/jacobrod/worms_ws/install/ros_ign:/home/jacobrod/worms_ws/install/ros_ign_gazebo_demos:/home/jacobrod/worms_ws/install/ros_gz:/home/jacobrod/worms_ws/install/ros_gz_sim_demos:/home/jacobrod/worms_ws/install/sdformat_urdf:/home/jacobrod/worms_ws/install/sdformat_test_files:/home/jacobrod/worms_ws/install/ros_ign_interfaces:/home/jacobrod/worms_ws/install/ros_ign_image:/home/jacobrod/worms_ws/install/ros_ign_gazebo:/home/jacobrod/worms_ws/install/ros_ign_bridge:/home/jacobrod/worms_ws/install/ros_gz_sim:/home/jacobrod/worms_ws/install/ros_gz_image:/home/jacobrod/worms_ws/install/ros_gz_bridge:/home/jacobrod/worms_ws/install/ros_gz_interfaces:/home/jacobrod/worms_ws/install/ros_gz_example_bringup:/home/jacobrod/worms_ws/install/ros_gz_example_gazebo:/home/jacobrod/worms_ws/install/ros_gz_example_application:/home/jacobrod/worms_ws/install/core_bringup:/home/jacobrod/AllSeaingVehicle2/install:/home/jacobrod/worms_ws/src/install/worms_mech:/home/jacobrod/worms_ws/install/worms_mech:/opt/ros/humble GZ_SIM_RESOURCE_PATH=/home/jacobrod/worms_ws/install/ros_gz_example_description/share/ros_gz_example_description/models:${GZ_SIM_RESOURCE_PATH} /usr/bin/cmake /home/jacobrod/worms_ws/src/worms_gazebo_sim/worms_gazebo -DBUILD_TESTING=ON -DCMAKE_INSTALL_PREFIX=/home/jacobrod/worms_ws/install/ros_gz_example_gazebo
[1.063s] -- The C compiler identification is GNU 11.4.0
[1.157s] -- The CXX compiler identification is GNU 11.4.0
[1.169s] -- Detecting C compiler ABI info
[1.309s] -- Detecting C compiler ABI info - done
[1.330s] -- Check for working C compiler: /usr/bin/cc - skipped
[1.331s] -- Detecting C compile features
[1.331s] -- Detecting C compile features - done
[1.338s] -- Detecting CXX compiler ABI info
[1.478s] -- Detecting CXX compiler ABI info - done
[1.486s] -- Check for working CXX compiler: /usr/bin/c++ - skipped
[1.487s] -- Detecting CXX compile features
[1.487s] -- Detecting CXX compile features - done
[1.493s] -- Found ament_cmake: 1.3.5 (/opt/ros/humble/share/ament_cmake/cmake)
[1.854s] -- Found Python3: /usr/bin/python3.10 (found version "3.10.12") found components: Interpreter 
[2.092s] -- Found ros_gz_example_description: 0.0.0 (/home/jacobrod/worms_ws/install/ros_gz_example_description/share/ros_gz_example_description/cmake)
[2.113s] -- Looking for gz-plugin2 -- found version 2.0.2
[2.115s] -- Searching for dependencies of gz-plugin2
[2.122s] -- Looking for gz-utils2 -- found version 2.1.0
[2.123s] -- Searching for dependencies of gz-utils2
[2.123s] -- Searching for <gz-utils2> component [cli]
[2.130s] -- Looking for gz-utils2-cli -- found version 2.1.0
[2.130s] -- Searching for dependencies of gz-utils2-cli
[2.132s] -- Searching for <gz-plugin2> component [register]
[2.138s] -- Looking for gz-plugin2-register -- found version 2.0.2
[2.139s] -- Searching for dependencies of gz-plugin2-register
[2.147s] -- Looking for gz-common5 -- found version 5.4.2
[2.148s] -- Searching for dependencies of gz-common5
[2.149s] -- Looking for gz-utils2 -- found version 2.1.0
[2.151s] -- Looking for dlfcn.h - found
[2.167s] -- Looking for libdl - found
[2.170s] -- Found DL: TRUE  
[2.202s] -- Checking for module 'uuid'
[2.280s] --   Found uuid, version 2.37.2
[2.550s] -- Found UUID: TRUE  
[2.551s] -- Searching for <gz-common5> component [profiler]
[2.551s] -- Looking for gz-common5-profiler -- found version 5.4.2
[2.551s] -- Searching for dependencies of gz-common5-profiler
[2.562s] -- Looking for gz-sim7 -- found version 7.6.0
[2.563s] -- Searching for dependencies of gz-sim7
[2.569s] -- Looking for sdformat13 -- found version 13.6.0
[2.570s] -- Searching for dependencies of sdformat13
[2.591s] -- Checking for module 'tinyxml2'
[2.655s] --   Found tinyxml2, version 9.0.0
[2.811s] -- Looking for gz-math7 -- found version 7.3.0
[2.811s] -- Searching for dependencies of gz-math7
[2.812s] -- Looking for gz-utils2 -- found version 2.1.0
[2.816s] -- Looking for gz-utils2 -- found version 2.1.0
[2.817s] -- Looking for gz-plugin2 -- found version 2.0.2
[2.820s] -- Searching for dependencies of gz-plugin2
[2.821s] -- Looking for gz-utils2 -- found version 2.1.0
[2.821s] -- Searching for <gz-plugin2> component [loader]
[2.830s] -- Looking for gz-plugin2-loader -- found version 2.0.2
[2.831s] -- Searching for dependencies of gz-plugin2-loader
[2.831s] -- Searching for <gz-plugin2> component [register]
[2.837s] -- Looking for gz-transport12 -- found version 12.2.1
[2.838s] -- Searching for dependencies of gz-transport12
[3.740s] -- Found Protobuf: /usr/lib/x86_64-linux-gnu/libprotobuf.so (found version "3.12.4") 
[3.775s] -- Config-file not installed for ZeroMQ -- checking for pkg-config
[3.793s] -- Checking for module 'libzmq >= 4'
[3.894s] --   Found libzmq , version 4.3.4
[4.196s] -- Found ZeroMQ: TRUE (Required is at least version "4") 
[4.218s] -- Looking for gz-utils2 -- found version 2.1.0
[4.226s] -- Looking for gz-msgs9 -- found version 9.5.0
[4.242s] -- Searching for dependencies of gz-msgs9
[4.310s] -- Looking for gz-math7 -- found version 7.3.0
[4.331s] -- Searching for <gz-transport12> component [log]
[4.350s] -- Looking for gz-transport12-log -- found version 12.2.1
[4.351s] -- Searching for dependencies of gz-transport12-log
[4.352s] -- Searching for <gz-transport12> component [parameters]
[4.359s] -- Looking for gz-transport12-parameters -- found version 12.2.1
[4.360s] -- Searching for dependencies of gz-transport12-parameters
[4.361s] -- Looking for gz-msgs9 -- found version 9.5.0
[4.362s] -- Looking for gz-common5 -- found version 5.4.2
[4.371s] -- Searching for dependencies of gz-common5
[4.372s] -- Looking for gz-utils2 -- found version 2.1.0
[4.372s] -- Looking for dlfcn.h - found
[4.373s] -- Looking for libdl - found
[4.396s] -- Searching for <gz-common5> component [profiler]
[4.397s] -- Searching for <gz-common5> component [events]
[4.420s] -- Looking for gz-common5-events -- found version 5.4.2
[4.421s] -- Searching for dependencies of gz-common5-events
[4.422s] -- Looking for gz-math7 -- found version 7.3.0
[4.423s] -- Searching for <gz-common5> component [av]
[4.431s] -- Looking for gz-common5-av -- found version 5.4.2
[4.432s] -- Searching for dependencies of gz-common5-av
[4.452s] -- Checking for module 'libswscale'
[4.544s] --   Found libswscale, version 5.9.100
[4.696s] -- Found SWSCALE: TRUE  
[4.706s] -- Checking for module 'libavdevice >= 56.4.100'
[4.781s] --   Found libavdevice , version 58.13.100
[5.048s] -- Found AVDEVICE: TRUE (Required is at least version "56.4.100") 
[5.065s] -- Checking for module 'libavformat'
[5.156s] --   Found libavformat, version 58.76.100
[5.422s] -- Found AVFORMAT: TRUE  
[5.440s] -- Checking for module 'libavcodec'
[5.557s] --   Found libavcodec, version 58.134.100
[5.704s] -- Found AVCODEC: TRUE  
[5.713s] -- Checking for module 'libavutil'
[5.746s] --   Found libavutil, version 56.70.100
[5.838s] -- Found AVUTIL: TRUE  
[5.840s] -- Searching for <gz-common5> component [io]
[5.848s] -- Looking for gz-common5-io -- found version 5.4.2
[5.850s] -- Searching for dependencies of gz-common5-io
[5.858s] -- Looking for gz-fuel_tools8 -- found version 8.1.0
[5.860s] -- Searching for dependencies of gz-fuel_tools8
[6.045s] -- Found CURL: /usr/lib/x86_64-linux-gnu/libcurl.so (found version "7.81.0")  
[6.062s] -- Checking for module 'jsoncpp'
[6.089s] --   Found jsoncpp, version 1.9.5
[6.158s] -- Found JSONCPP: TRUE  
[6.177s] -- Checking for module 'libzip'
[6.208s] --   Found libzip, version 1.7.3
[6.278s] -- Found ZIP: TRUE  
[6.279s] -- Looking for gz-utils2 -- found version 2.1.0
[6.281s] -- Looking for gz-common5 -- found version 5.4.2
[6.283s] -- Searching for dependencies of gz-common5
[6.285s] -- Looking for gz-utils2 -- found version 2.1.0
[6.286s] -- Looking for dlfcn.h - found
[6.313s] -- Looking for libdl - found
[6.319s] -- Searching for <gz-common5> component [testing]
[6.326s] -- Looking for gz-common5-testing -- found version 5.4.2
[6.326s] -- Searching for dependencies of gz-common5-testing
[6.328s] -- Looking for gz-math7 -- found version 7.3.0
[6.329s] -- Looking for gz-msgs9 -- found version 9.5.0
[6.337s] -- Looking for gz-gui7 -- found version 7.2.1
[6.338s] -- Searching for dependencies of gz-gui7
[6.384s] -- Looking for gz-utils2 -- found version 2.1.0
[6.386s] -- Looking for gz-math7 -- found version 7.3.0
[6.387s] -- Looking for gz-common5 -- found version 5.4.2
[6.388s] -- Looking for gz-plugin2 -- found version 2.0.2
[6.389s] -- Looking for gz-transport12 -- found version 12.2.1
[6.397s] -- Looking for gz-rendering7 -- found version 7.4.2
[6.398s] -- Searching for dependencies of gz-rendering7
[6.399s] -- Looking for gz-math7 -- found version 7.3.0
[6.399s] -- Searching for dependencies of gz-math7
[6.401s] -- Looking for gz-utils2 -- found version 2.1.0
[6.403s] -- Searching for <gz-math7> component [eigen3]
[6.408s] -- Looking for gz-math7-eigen3 -- found version 7.3.0
[6.410s] -- Searching for dependencies of gz-math7-eigen3
[6.427s] -- Looking for gz-common5 -- found version 5.4.2
[6.433s] -- Searching for dependencies of gz-common5
[6.433s] -- Looking for gz-utils2 -- found version 2.1.0
[6.434s] -- Looking for dlfcn.h - found
[6.434s] -- Looking for libdl - found
[6.444s] -- Searching for <gz-common5> component [graphics]
[6.452s] -- Looking for gz-common5-graphics -- found version 5.4.2
[6.454s] -- Searching for dependencies of gz-common5-graphics
[6.456s] -- Looking for gz-math7 -- found version 7.3.0
[6.472s] -- Found GzAssimp: TRUE (found version "5.2.0") 
[6.474s] -- Searching for <gz-common5> component [events]
[6.476s] -- Searching for <gz-common5> component [geospatial]
[6.491s] -- Looking for gz-common5-geospatial -- found version 5.4.2
[6.491s] -- Searching for dependencies of gz-common5-geospatial
[6.491s] -- Looking for gz-math7 -- found version 7.3.0
[6.491s] -- Looking for gz-common5 -- found version 5.4.2
[6.491s] -- Looking for gz-plugin2 -- found version 2.0.2
[6.491s] -- Searching for dependencies of gz-plugin2
[6.491s] -- Looking for gz-utils2 -- found version 2.1.0
[6.492s] -- Searching for <gz-plugin2> component [all]
[6.501s] -- Looking for all libraries of gz-plugin2 -- found version 2.0.2
[6.502s] -- Looking for gz-plugin2 -- found version 2.0.2
[6.506s] -- Looking for gz-utils2 -- found version 2.1.0
[6.521s] -- Found OpenGL: /usr/lib/x86_64-linux-gnu/libOpenGL.so  found components: OpenGL 
[6.526s] -- Looking for gz-msgs9 -- found version 9.5.0
[6.569s] -- Looking for gz-physics6 -- found version 6.5.1
[6.571s] -- Searching for dependencies of gz-physics6
[6.576s] -- Looking for gz-math7 -- found version 7.3.0
[6.576s] -- Looking for gz-plugin2 -- found version 2.0.2
[6.576s] -- Looking for gz-utils2 -- found version 2.1.0
[6.576s] -- Searching for <gz-physics6> component [heightmap]
[6.586s] -- Looking for gz-physics6-heightmap -- found version 6.5.1
[6.590s] -- Searching for dependencies of gz-physics6-heightmap
[6.590s] -- Looking for gz-common5 -- found version 5.4.2
[6.590s] -- Searching for <gz-physics6> component [mesh]
[6.599s] -- Looking for gz-physics6-mesh -- found version 6.5.1
[6.599s] -- Searching for dependencies of gz-physics6-mesh
[6.599s] -- Looking for gz-common5 -- found version 5.4.2
[6.601s] -- Searching for <gz-physics6> component [sdf]
[6.609s] -- Looking for gz-physics6-sdf -- found version 6.5.1
[6.612s] -- Searching for dependencies of gz-physics6-sdf
[6.612s] -- Looking for sdformat13 -- found version 13.6.0
[6.623s] -- Looking for gz-sensors7 -- found version 7.3.0
[6.624s] -- Searching for dependencies of gz-sensors7
[6.679s] -- Looking for gz-math7 -- found version 7.3.0
[6.680s] -- Looking for gz-common5 -- found version 5.4.2
[6.681s] -- Looking for gz-transport12 -- found version 12.2.1
[6.683s] -- Looking for gz-rendering7 -- found version 7.4.2
[6.684s] -- Looking for gz-msgs9 -- found version 9.5.0
[6.685s] -- Looking for sdformat13 -- found version 13.6.0
[6.687s] -- Searching for <gz-sensors7> component [air_pressure]
[6.694s] -- Looking for gz-sensors7-air_pressure -- found version 7.3.0
[6.696s] -- Searching for dependencies of gz-sensors7-air_pressure
[6.697s] -- Searching for <gz-sensors7> component [air_speed]
[6.704s] -- Looking for gz-sensors7-air_speed -- found version 7.3.0
[6.705s] -- Searching for dependencies of gz-sensors7-air_speed
[6.706s] -- Searching for <gz-sensors7> component [altimeter]
[6.713s] -- Looking for gz-sensors7-altimeter -- found version 7.3.0
[6.715s] -- Searching for dependencies of gz-sensors7-altimeter
[6.716s] -- Searching for <gz-sensors7> component [imu]
[6.723s] -- Looking for gz-sensors7-imu -- found version 7.3.0
[6.725s] -- Searching for dependencies of gz-sensors7-imu
[6.726s] -- Searching for <gz-sensors7> component [force_torque]
[6.733s] -- Looking for gz-sensors7-force_torque -- found version 7.3.0
[6.734s] -- Searching for dependencies of gz-sensors7-force_torque
[6.735s] -- Searching for <gz-sensors7> component [logical_camera]
[6.741s] -- Looking for gz-sensors7-logical_camera -- found version 7.3.0
[6.742s] -- Searching for dependencies of gz-sensors7-logical_camera
[6.743s] -- Searching for <gz-sensors7> component [magnetometer]
[6.750s] -- Looking for gz-sensors7-magnetometer -- found version 7.3.0
[6.751s] -- Searching for dependencies of gz-sensors7-magnetometer
[6.752s] -- Searching for <gz-sensors7> component [navsat]
[6.759s] -- Looking for gz-sensors7-navsat -- found version 7.3.0
[6.760s] -- Searching for dependencies of gz-sensors7-navsat
[6.761s] -- Searching for <gz-sensors7> component [rendering]
[6.768s] -- Looking for gz-sensors7-rendering -- found version 7.3.0
[6.769s] -- Searching for dependencies of gz-sensors7-rendering
[6.770s] -- Searching for <gz-sensors7> component [lidar]
[6.777s] -- Looking for gz-sensors7-lidar -- found version 7.3.0
[6.777s] -- Searching for dependencies of gz-sensors7-lidar
[6.778s] -- Looking for gz-sensors7 -- found version 7.3.0
[6.779s] -- Searching for <gz-sensors7> component [gpu_lidar]
[6.786s] -- Looking for gz-sensors7-gpu_lidar -- found version 7.3.0
[6.787s] -- Searching for dependencies of gz-sensors7-gpu_lidar
[6.788s] -- Looking for gz-sensors7 -- found version 7.3.0
[6.789s] -- Searching for <gz-sensors7> component [camera]
[6.796s] -- Looking for gz-sensors7-camera -- found version 7.3.0
[6.797s] -- Searching for dependencies of gz-sensors7-camera
[6.798s] -- Looking for gz-sensors7 -- found version 7.3.0
[6.799s] -- Searching for <gz-sensors7> component [boundingbox_camera]
[6.805s] -- Looking for gz-sensors7-boundingbox_camera -- found version 7.3.0
[6.806s] -- Searching for dependencies of gz-sensors7-boundingbox_camera
[6.807s] -- Searching for <gz-sensors7> component [segmentation_camera]
[6.814s] -- Looking for gz-sensors7-segmentation_camera -- found version 7.3.0
[6.815s] -- Searching for dependencies of gz-sensors7-segmentation_camera
[6.816s] -- Searching for <gz-sensors7> component [depth_camera]
[6.823s] -- Looking for gz-sensors7-depth_camera -- found version 7.3.0
[6.824s] -- Searching for dependencies of gz-sensors7-depth_camera
[6.824s] -- Looking for gz-sensors7 -- found version 7.3.0
[6.826s] -- Searching for <gz-sensors7> component [rgbd_camera]
[6.833s] -- Looking for gz-sensors7-rgbd_camera -- found version 7.3.0
[6.833s] -- Searching for dependencies of gz-sensors7-rgbd_camera
[6.834s] -- Looking for gz-sensors7 -- found version 7.3.0
[6.835s] -- Searching for <gz-sensors7> component [thermal_camera]
[6.842s] -- Looking for gz-sensors7-thermal_camera -- found version 7.3.0
[6.843s] -- Searching for dependencies of gz-sensors7-thermal_camera
[6.843s] -- Looking for gz-sensors7 -- found version 7.3.0
[6.844s] -- Searching for <gz-sensors7> component [wide_angle_camera]
[6.851s] -- Looking for gz-sensors7-wide_angle_camera -- found version 7.3.0
[6.852s] -- Searching for dependencies of gz-sensors7-wide_angle_camera
[6.853s] -- Looking for gz-rendering7 -- found version 7.4.2
[6.854s] -- Looking for gz-math7 -- found version 7.3.0
[6.855s] -- Looking for gz-utils2 -- found version 2.1.0
[6.892s] -- Compiling against Gazebo Garden
[6.898s] -- Found ament_lint_auto: 0.12.8 (/opt/ros/humble/share/ament_lint_auto/cmake)
[7.022s] -- Configuring done
[7.051s] -- Generating done
[7.055s] -- Build files have been written to: /home/jacobrod/worms_ws/build/ros_gz_example_gazebo
[7.077s] Invoked command in '/home/jacobrod/worms_ws/build/ros_gz_example_gazebo' returned '0': CMAKE_PREFIX_PATH=/home/jacobrod/worms_ws/install/ros_gz_example_description:/home/jacobrod/worms_ws/src/install/worms_gazebo:/home/jacobrod/worms_ws/src/install/worms_description:/home/jacobrod/worms_ws/src/install/ros_gz_example_bringup:/home/jacobrod/worms_ws/src/install/ros_gz_example_gazebo:/home/jacobrod/worms_ws/src/install/ros_gz_example_description:/home/jacobrod/worms_ws/src/install/ros_gz_example_application:/home/jacobrod/worms_ws/src/install/core_bringup:/home/jacobrod/worms_ws/install/worms_gazebo:/home/jacobrod/worms_ws/install/worms_description:/home/jacobrod/worms_ws/install/ros_ign:/home/jacobrod/worms_ws/install/ros_ign_gazebo_demos:/home/jacobrod/worms_ws/install/ros_gz:/home/jacobrod/worms_ws/install/ros_gz_sim_demos:/home/jacobrod/worms_ws/install/sdformat_urdf:/home/jacobrod/worms_ws/install/sdformat_test_files:/home/jacobrod/worms_ws/install/ros_ign_interfaces:/home/jacobrod/worms_ws/install/ros_ign_image:/home/jacobrod/worms_ws/install/ros_ign_gazebo:/home/jacobrod/worms_ws/install/ros_ign_bridge:/home/jacobrod/worms_ws/install/ros_gz_sim:/home/jacobrod/worms_ws/install/ros_gz_image:/home/jacobrod/worms_ws/install/ros_gz_bridge:/home/jacobrod/worms_ws/install/ros_gz_interfaces:/home/jacobrod/worms_ws/install/ros_gz_example_bringup:/home/jacobrod/worms_ws/install/ros_gz_example_gazebo:/home/jacobrod/worms_ws/install/ros_gz_example_application:/home/jacobrod/worms_ws/install/core_bringup:/home/jacobrod/AllSeaingVehicle2/install:/home/jacobrod/worms_ws/src/install/worms_mech:/home/jacobrod/worms_ws/install/worms_mech:/opt/ros/humble GZ_SIM_RESOURCE_PATH=/home/jacobrod/worms_ws/install/ros_gz_example_description/share/ros_gz_example_description/models:${GZ_SIM_RESOURCE_PATH} /usr/bin/cmake /home/jacobrod/worms_ws/src/worms_gazebo_sim/worms_gazebo -DBUILD_TESTING=ON -DCMAKE_INSTALL_PREFIX=/home/jacobrod/worms_ws/install/ros_gz_example_gazebo
[7.078s] Invoking command in '/home/jacobrod/worms_ws/build/ros_gz_example_gazebo': CMAKE_PREFIX_PATH=/home/jacobrod/worms_ws/install/ros_gz_example_description:/home/jacobrod/worms_ws/src/install/worms_gazebo:/home/jacobrod/worms_ws/src/install/worms_description:/home/jacobrod/worms_ws/src/install/ros_gz_example_bringup:/home/jacobrod/worms_ws/src/install/ros_gz_example_gazebo:/home/jacobrod/worms_ws/src/install/ros_gz_example_description:/home/jacobrod/worms_ws/src/install/ros_gz_example_application:/home/jacobrod/worms_ws/src/install/core_bringup:/home/jacobrod/worms_ws/install/worms_gazebo:/home/jacobrod/worms_ws/install/worms_description:/home/jacobrod/worms_ws/install/ros_ign:/home/jacobrod/worms_ws/install/ros_ign_gazebo_demos:/home/jacobrod/worms_ws/install/ros_gz:/home/jacobrod/worms_ws/install/ros_gz_sim_demos:/home/jacobrod/worms_ws/install/sdformat_urdf:/home/jacobrod/worms_ws/install/sdformat_test_files:/home/jacobrod/worms_ws/install/ros_ign_interfaces:/home/jacobrod/worms_ws/install/ros_ign_image:/home/jacobrod/worms_ws/install/ros_ign_gazebo:/home/jacobrod/worms_ws/install/ros_ign_bridge:/home/jacobrod/worms_ws/install/ros_gz_sim:/home/jacobrod/worms_ws/install/ros_gz_image:/home/jacobrod/worms_ws/install/ros_gz_bridge:/home/jacobrod/worms_ws/install/ros_gz_interfaces:/home/jacobrod/worms_ws/install/ros_gz_example_bringup:/home/jacobrod/worms_ws/install/ros_gz_example_gazebo:/home/jacobrod/worms_ws/install/ros_gz_example_application:/home/jacobrod/worms_ws/install/core_bringup:/home/jacobrod/AllSeaingVehicle2/install:/home/jacobrod/worms_ws/src/install/worms_mech:/home/jacobrod/worms_ws/install/worms_mech:/opt/ros/humble GZ_SIM_RESOURCE_PATH=/home/jacobrod/worms_ws/install/ros_gz_example_description/share/ros_gz_example_description/models:${GZ_SIM_RESOURCE_PATH} /usr/bin/cmake --build /home/jacobrod/worms_ws/build/ros_gz_example_gazebo -- -j8 -l8
[7.163s] [ 50%] [32mBuilding CXX object CMakeFiles/FullSystem.dir/src/FullSystem.cc.o[0m
[7.163s] [ 50%] [32mBuilding CXX object CMakeFiles/BasicSystem.dir/src/BasicSystem.cc.o[0m
[13.685s] [ 75%] [32m[1mLinking CXX shared library libFullSystem.so[0m
[14.455s] [ 75%] Built target FullSystem
[14.598s] [100%] [32m[1mLinking CXX shared library libBasicSystem.so[0m
[15.333s] [100%] Built target BasicSystem
[15.385s] Invoked command in '/home/jacobrod/worms_ws/build/ros_gz_example_gazebo' returned '0': CMAKE_PREFIX_PATH=/home/jacobrod/worms_ws/install/ros_gz_example_description:/home/jacobrod/worms_ws/src/install/worms_gazebo:/home/jacobrod/worms_ws/src/install/worms_description:/home/jacobrod/worms_ws/src/install/ros_gz_example_bringup:/home/jacobrod/worms_ws/src/install/ros_gz_example_gazebo:/home/jacobrod/worms_ws/src/install/ros_gz_example_description:/home/jacobrod/worms_ws/src/install/ros_gz_example_application:/home/jacobrod/worms_ws/src/install/core_bringup:/home/jacobrod/worms_ws/install/worms_gazebo:/home/jacobrod/worms_ws/install/worms_description:/home/jacobrod/worms_ws/install/ros_ign:/home/jacobrod/worms_ws/install/ros_ign_gazebo_demos:/home/jacobrod/worms_ws/install/ros_gz:/home/jacobrod/worms_ws/install/ros_gz_sim_demos:/home/jacobrod/worms_ws/install/sdformat_urdf:/home/jacobrod/worms_ws/install/sdformat_test_files:/home/jacobrod/worms_ws/install/ros_ign_interfaces:/home/jacobrod/worms_ws/install/ros_ign_image:/home/jacobrod/worms_ws/install/ros_ign_gazebo:/home/jacobrod/worms_ws/install/ros_ign_bridge:/home/jacobrod/worms_ws/install/ros_gz_sim:/home/jacobrod/worms_ws/install/ros_gz_image:/home/jacobrod/worms_ws/install/ros_gz_bridge:/home/jacobrod/worms_ws/install/ros_gz_interfaces:/home/jacobrod/worms_ws/install/ros_gz_example_bringup:/home/jacobrod/worms_ws/install/ros_gz_example_gazebo:/home/jacobrod/worms_ws/install/ros_gz_example_application:/home/jacobrod/worms_ws/install/core_bringup:/home/jacobrod/AllSeaingVehicle2/install:/home/jacobrod/worms_ws/src/install/worms_mech:/home/jacobrod/worms_ws/install/worms_mech:/opt/ros/humble GZ_SIM_RESOURCE_PATH=/home/jacobrod/worms_ws/install/ros_gz_example_description/share/ros_gz_example_description/models:${GZ_SIM_RESOURCE_PATH} /usr/bin/cmake --build /home/jacobrod/worms_ws/build/ros_gz_example_gazebo -- -j8 -l8
[15.859s] Invoking command in '/home/jacobrod/worms_ws/build/ros_gz_example_gazebo': CMAKE_PREFIX_PATH=/home/jacobrod/worms_ws/install/ros_gz_example_description:/home/jacobrod/worms_ws/src/install/worms_gazebo:/home/jacobrod/worms_ws/src/install/worms_description:/home/jacobrod/worms_ws/src/install/ros_gz_example_bringup:/home/jacobrod/worms_ws/src/install/ros_gz_example_gazebo:/home/jacobrod/worms_ws/src/install/ros_gz_example_description:/home/jacobrod/worms_ws/src/install/ros_gz_example_application:/home/jacobrod/worms_ws/src/install/core_bringup:/home/jacobrod/worms_ws/install/worms_gazebo:/home/jacobrod/worms_ws/install/worms_description:/home/jacobrod/worms_ws/install/ros_ign:/home/jacobrod/worms_ws/install/ros_ign_gazebo_demos:/home/jacobrod/worms_ws/install/ros_gz:/home/jacobrod/worms_ws/install/ros_gz_sim_demos:/home/jacobrod/worms_ws/install/sdformat_urdf:/home/jacobrod/worms_ws/install/sdformat_test_files:/home/jacobrod/worms_ws/install/ros_ign_interfaces:/home/jacobrod/worms_ws/install/ros_ign_image:/home/jacobrod/worms_ws/install/ros_ign_gazebo:/home/jacobrod/worms_ws/install/ros_ign_bridge:/home/jacobrod/worms_ws/install/ros_gz_sim:/home/jacobrod/worms_ws/install/ros_gz_image:/home/jacobrod/worms_ws/install/ros_gz_bridge:/home/jacobrod/worms_ws/install/ros_gz_interfaces:/home/jacobrod/worms_ws/install/ros_gz_example_bringup:/home/jacobrod/worms_ws/install/ros_gz_example_gazebo:/home/jacobrod/worms_ws/install/ros_gz_example_application:/home/jacobrod/worms_ws/install/core_bringup:/home/jacobrod/AllSeaingVehicle2/install:/home/jacobrod/worms_ws/src/install/worms_mech:/home/jacobrod/worms_ws/install/worms_mech:/opt/ros/humble GZ_SIM_RESOURCE_PATH=/home/jacobrod/worms_ws/install/ros_gz_example_description/share/ros_gz_example_description/models:${GZ_SIM_RESOURCE_PATH} /usr/bin/cmake --install /home/jacobrod/worms_ws/build/ros_gz_example_gazebo
[15.886s] -- Install configuration: ""
[15.887s] -- Installing: /home/jacobrod/worms_ws/install/ros_gz_example_gazebo/lib/ros_gz_example_gazebo/libBasicSystem.so
[15.888s] -- Installing: /home/jacobrod/worms_ws/install/ros_gz_example_gazebo/lib/ros_gz_example_gazebo/libFullSystem.so
[15.889s] -- Installing: /home/jacobrod/worms_ws/install/ros_gz_example_gazebo/share/ros_gz_example_gazebo/worlds
[15.890s] -- Installing: /home/jacobrod/worms_ws/install/ros_gz_example_gazebo/share/ros_gz_example_gazebo/worlds/model.config
[15.890s] -- Installing: /home/jacobrod/worms_ws/install/ros_gz_example_gazebo/share/ros_gz_example_gazebo/worlds/model.sdf
[15.890s] -- Installing: /home/jacobrod/worms_ws/install/ros_gz_example_gazebo/share/ros_gz_example_gazebo/worlds/worms.sdf
[15.890s] -- Installing: /home/jacobrod/worms_ws/install/ros_gz_example_gazebo/share/ros_gz_example_gazebo/worlds/moon_dem.sdf
[15.890s] -- Installing: /home/jacobrod/worms_ws/install/ros_gz_example_gazebo/share/ros_gz_example_gazebo/worlds/diff_drive.sdf
[15.894s] -- Installing: /home/jacobrod/worms_ws/install/ros_gz_example_gazebo/share/ros_gz_example_gazebo/environment/ros_gz_example_gazebo.dsv
[15.894s] -- Installing: /home/jacobrod/worms_ws/install/ros_gz_example_gazebo/share/ros_gz_example_gazebo/environment/ros_gz_example_gazebo.sh
[15.894s] -- Installing: /home/jacobrod/worms_ws/install/ros_gz_example_gazebo/share/ament_index/resource_index/package_run_dependencies/ros_gz_example_gazebo
[15.894s] -- Installing: /home/jacobrod/worms_ws/install/ros_gz_example_gazebo/share/ament_index/resource_index/parent_prefix_path/ros_gz_example_gazebo
[15.895s] -- Installing: /home/jacobrod/worms_ws/install/ros_gz_example_gazebo/share/ros_gz_example_gazebo/environment/ament_prefix_path.sh
[15.895s] -- Installing: /home/jacobrod/worms_ws/install/ros_gz_example_gazebo/share/ros_gz_example_gazebo/environment/ament_prefix_path.dsv
[15.895s] -- Installing: /home/jacobrod/worms_ws/install/ros_gz_example_gazebo/share/ros_gz_example_gazebo/environment/path.sh
[15.895s] -- Installing: /home/jacobrod/worms_ws/install/ros_gz_example_gazebo/share/ros_gz_example_gazebo/environment/path.dsv
[15.895s] -- Installing: /home/jacobrod/worms_ws/install/ros_gz_example_gazebo/share/ros_gz_example_gazebo/local_setup.bash
[15.895s] -- Installing: /home/jacobrod/worms_ws/install/ros_gz_example_gazebo/share/ros_gz_example_gazebo/local_setup.sh
[15.895s] -- Installing: /home/jacobrod/worms_ws/install/ros_gz_example_gazebo/share/ros_gz_example_gazebo/local_setup.zsh
[15.895s] -- Installing: /home/jacobrod/worms_ws/install/ros_gz_example_gazebo/share/ros_gz_example_gazebo/local_setup.dsv
[15.896s] -- Installing: /home/jacobrod/worms_ws/install/ros_gz_example_gazebo/share/ros_gz_example_gazebo/package.dsv
[15.902s] -- Installing: /home/jacobrod/worms_ws/install/ros_gz_example_gazebo/share/ament_index/resource_index/packages/ros_gz_example_gazebo
[15.903s] -- Installing: /home/jacobrod/worms_ws/install/ros_gz_example_gazebo/share/ros_gz_example_gazebo/cmake/ros_gz_example_gazeboConfig.cmake
[15.903s] -- Installing: /home/jacobrod/worms_ws/install/ros_gz_example_gazebo/share/ros_gz_example_gazebo/cmake/ros_gz_example_gazeboConfig-version.cmake
[15.903s] -- Installing: /home/jacobrod/worms_ws/install/ros_gz_example_gazebo/share/ros_gz_example_gazebo/package.xml
[15.904s] Invoked command in '/home/jacobrod/worms_ws/build/ros_gz_example_gazebo' returned '0': CMAKE_PREFIX_PATH=/home/jacobrod/worms_ws/install/ros_gz_example_description:/home/jacobrod/worms_ws/src/install/worms_gazebo:/home/jacobrod/worms_ws/src/install/worms_description:/home/jacobrod/worms_ws/src/install/ros_gz_example_bringup:/home/jacobrod/worms_ws/src/install/ros_gz_example_gazebo:/home/jacobrod/worms_ws/src/install/ros_gz_example_description:/home/jacobrod/worms_ws/src/install/ros_gz_example_application:/home/jacobrod/worms_ws/src/install/core_bringup:/home/jacobrod/worms_ws/install/worms_gazebo:/home/jacobrod/worms_ws/install/worms_description:/home/jacobrod/worms_ws/install/ros_ign:/home/jacobrod/worms_ws/install/ros_ign_gazebo_demos:/home/jacobrod/worms_ws/install/ros_gz:/home/jacobrod/worms_ws/install/ros_gz_sim_demos:/home/jacobrod/worms_ws/install/sdformat_urdf:/home/jacobrod/worms_ws/install/sdformat_test_files:/home/jacobrod/worms_ws/install/ros_ign_interfaces:/home/jacobrod/worms_ws/install/ros_ign_image:/home/jacobrod/worms_ws/install/ros_ign_gazebo:/home/jacobrod/worms_ws/install/ros_ign_bridge:/home/jacobrod/worms_ws/install/ros_gz_sim:/home/jacobrod/worms_ws/install/ros_gz_image:/home/jacobrod/worms_ws/install/ros_gz_bridge:/home/jacobrod/worms_ws/install/ros_gz_interfaces:/home/jacobrod/worms_ws/install/ros_gz_example_bringup:/home/jacobrod/worms_ws/install/ros_gz_example_gazebo:/home/jacobrod/worms_ws/install/ros_gz_example_application:/home/jacobrod/worms_ws/install/core_bringup:/home/jacobrod/AllSeaingVehicle2/install:/home/jacobrod/worms_ws/src/install/worms_mech:/home/jacobrod/worms_ws/install/worms_mech:/opt/ros/humble GZ_SIM_RESOURCE_PATH=/home/jacobrod/worms_ws/install/ros_gz_example_description/share/ros_gz_example_description/models:${GZ_SIM_RESOURCE_PATH} /usr/bin/cmake --install /home/jacobrod/worms_ws/build/ros_gz_example_gazebo
