[0.152s] Invoking command in '/home/jacobrod/worms_ws/build/ros_gz_bridge': CMAKE_PREFIX_PATH=/home/jacobrod/worms_ws/install/ros_gz_interfaces:/home/jacobrod/worms_ws/install/worms_gazebo:/home/jacobrod/worms_ws/install/worms_description:/home/jacobrod/worms_ws/install/ros_ign:/home/jacobrod/worms_ws/install/ros_ign_gazebo_demos:/home/jacobrod/worms_ws/install/ros_gz:/home/jacobrod/worms_ws/install/ros_gz_sim_demos:/home/jacobrod/worms_ws/install/sdformat_urdf:/home/jacobrod/worms_ws/install/sdformat_test_files:/home/jacobrod/worms_ws/install/ros_ign_interfaces:/home/jacobrod/worms_ws/install/ros_ign_image:/home/jacobrod/worms_ws/install/ros_ign_gazebo:/home/jacobrod/worms_ws/install/ros_ign_bridge:/home/jacobrod/worms_ws/install/ros_gz_sim:/home/jacobrod/worms_ws/install/ros_gz_image:/home/jacobrod/worms_ws/install/ros_gz_bridge:/home/jacobrod/worms_ws/install/ros_gz_example_bringup:/home/jacobrod/worms_ws/install/ros_gz_example_gazebo:/home/jacobrod/worms_ws/install/ros_gz_example_description:/home/jacobrod/worms_ws/install/ros_gz_example_application:/home/jacobrod/worms_ws/install/core_bringup:/home/jacobrod/worms_ws/install/worms_mech:/opt/ros/humble LD_LIBRARY_PATH=/home/jacobrod/worms_ws/install/ros_gz_interfaces/lib:/home/jacobrod/worms_ws/install/sdformat_urdf/lib:/home/jacobrod/worms_ws/install/ros_ign_interfaces/lib:/home/jacobrod/worms_ws/install/ros_gz_sim/lib:/home/jacobrod/worms_ws/install/ros_gz_bridge/lib:/opt/ros/humble/opt/rviz_ogre_vendor/lib:/opt/ros/humble/lib/x86_64-linux-gnu:/opt/ros/humble/lib /usr/bin/cmake /home/jacobrod/worms_ws/src/ros_gz/ros_gz_bridge -DBUILD_TESTING=ON -DCMAKE_INSTALL_PREFIX=/home/jacobrod/worms_ws/install/ros_gz_bridge
[0.218s] -- The C compiler identification is GNU 11.4.0
[0.278s] -- The CXX compiler identification is GNU 11.4.0
[0.286s] -- Detecting C compiler ABI info
[0.367s] -- Detecting C compiler ABI info - done
[0.375s] -- Check for working C compiler: /usr/bin/cc - skipped
[0.375s] -- Detecting C compile features
[0.376s] -- Detecting C compile features - done
[0.380s] -- Detecting CXX compiler ABI info
[0.467s] -- Detecting CXX compiler ABI info - done
[0.474s] -- Check for working CXX compiler: /usr/bin/c++ - skipped
[0.475s] -- Detecting CXX compile features
[0.475s] -- Detecting CXX compile features - done
[0.480s] -- Found ament_cmake: 1.3.6 (/opt/ros/humble/share/ament_cmake/cmake)
[0.667s] -- Found Python3: /usr/bin/python3.10 (found version "3.10.12") found components: Interpreter 
[0.778s] -- Found rclcpp: 16.0.7 (/opt/ros/humble/share/rclcpp/cmake)
[0.838s] -- Found rosidl_generator_c: 3.1.5 (/opt/ros/humble/share/rosidl_generator_c/cmake)
[0.845s] -- Found rosidl_adapter: 3.1.5 (/opt/ros/humble/share/rosidl_adapter/cmake)
[0.856s] -- Found rosidl_generator_cpp: 3.1.5 (/opt/ros/humble/share/rosidl_generator_cpp/cmake)
[0.873s] -- Using all available rosidl_typesupport_c: rosidl_typesupport_fastrtps_c;rosidl_typesupport_introspection_c
[0.901s] -- Using all available rosidl_typesupport_cpp: rosidl_typesupport_fastrtps_cpp;rosidl_typesupport_introspection_cpp
[0.993s] -- Found rmw_implementation_cmake: 6.1.1 (/opt/ros/humble/share/rmw_implementation_cmake/cmake)
[0.997s] -- Found rmw_fastrtps_cpp: 6.2.5 (/opt/ros/humble/share/rmw_fastrtps_cpp/cmake)
[1.119s] -- Found OpenSSL: /usr/lib/x86_64-linux-gnu/libcrypto.so (found version "3.0.2")  
[1.153s] -- Found FastRTPS: /opt/ros/humble/include  
[1.214s] -- Using RMW implementation 'rmw_fastrtps_cpp' as default
[1.228s] -- Looking for pthread.h
[1.310s] -- Looking for pthread.h - found
[1.311s] -- Performing Test CMAKE_HAVE_LIBC_PTHREAD
[1.389s] -- Performing Test CMAKE_HAVE_LIBC_PTHREAD - Success
[1.391s] -- Found Threads: TRUE  
[1.582s] -- Found rclcpp_components: 16.0.7 (/opt/ros/humble/share/rclcpp_components/cmake)
[1.663s] -- Found yaml_cpp_vendor: 8.0.2 (/opt/ros/humble/share/yaml_cpp_vendor/cmake)
[1.677s] -- Looking for gz-transport12 -- found version 12.2.1
[1.686s] -- Searching for dependencies of gz-transport12
[1.718s] -- Found Protobuf: /usr/lib/x86_64-linux-gnu/libprotobuf.so (found version "3.12.4") 
[1.732s] -- Config-file not installed for ZeroMQ -- checking for pkg-config
[1.737s] -- Checking for module 'libzmq >= 4'
[1.753s] --   Found libzmq , version 4.3.4
[1.796s] -- Found ZeroMQ: TRUE (Required is at least version "4") 
[1.804s] -- Checking for module 'uuid'
[1.821s] --   Found uuid, version 2.37.2
[1.859s] -- Found UUID: TRUE  
[1.863s] -- Looking for gz-utils2 -- found version 2.2.0
[1.864s] -- Searching for dependencies of gz-utils2
[1.864s] -- Searching for <gz-utils2> component [cli]
[1.868s] -- Looking for gz-utils2-cli -- found version 2.2.0
[1.868s] -- Searching for dependencies of gz-utils2-cli
[1.873s] -- Looking for gz-msgs9 -- found version 9.5.0
[1.873s] -- Searching for dependencies of gz-msgs9
[1.901s] -- Looking for gz-math7 -- found version 7.3.0
[1.902s] -- Searching for dependencies of gz-math7
[1.902s] -- Looking for gz-utils2 -- found version 2.2.0
[1.909s] -- Checking for module 'tinyxml2'
[1.926s] --   Found tinyxml2, version 9.0.0
[1.968s] -- Looking for gz-msgs9 -- found version 9.5.0
[1.968s] -- Compiling against Gazebo Garden
[1.969s] -- Found builtin_interfaces: 1.2.1 (/opt/ros/humble/share/builtin_interfaces/cmake)
[2.023s] -- Found actuator_msgs: 0.0.1 (/opt/ros/humble/share/actuator_msgs/cmake)
[2.073s] -- Found geometry_msgs: 4.2.3 (/opt/ros/humble/share/geometry_msgs/cmake)
[2.175s] -- Found nav_msgs: 4.2.3 (/opt/ros/humble/share/nav_msgs/cmake)
[2.175s] -- Found rcl_interfaces: 1.2.1 (/opt/ros/humble/share/rcl_interfaces/cmake)
[2.298s] -- Found ros_gz_interfaces: 0.244.11 (/home/jacobrod/worms_ws/install/ros_gz_interfaces/share/ros_gz_interfaces/cmake)
[2.299s] -- Found rosgraph_msgs: 1.2.1 (/opt/ros/humble/share/rosgraph_msgs/cmake)
[2.401s] -- Found sensor_msgs: 4.2.3 (/opt/ros/humble/share/sensor_msgs/cmake)
[2.401s] -- Found std_msgs: 4.2.3 (/opt/ros/humble/share/std_msgs/cmake)
[2.574s] -- Found tf2_msgs: 0.25.5 (/opt/ros/humble/share/tf2_msgs/cmake)
[2.674s] -- Found trajectory_msgs: 4.2.3 (/opt/ros/humble/share/trajectory_msgs/cmake)
[2.765s] -- Found vision_msgs: 4.1.0 (/opt/ros/humble/share/vision_msgs/cmake)
[2.888s] -- Found ament_lint_auto: 0.12.9 (/opt/ros/humble/share/ament_lint_auto/cmake)
[3.014s] -- Found python_cmake_module: 0.10.0 (/opt/ros/humble/share/python_cmake_module/cmake)
[3.038s] -- Found PythonInterp: /usr/bin/python3 (found suitable version "3.10.12", minimum required is "3.6") 
[3.045s] -- Found PythonLibs: /usr/lib/x86_64-linux-gnu/libpython3.10.so (found suitable version "3.10.12", minimum required is "3.5") 
[3.045s] -- Using PYTHON_EXECUTABLE: /usr/bin/python3
[3.045s] -- Using PYTHON_INCLUDE_DIRS: /usr/include/python3.10
[3.045s] -- Using PYTHON_LIBRARIES: /usr/lib/x86_64-linux-gnu/libpython3.10.so
[3.068s] -- Found PythonExtra: .so  
[3.101s] -- Found gtest sources under '/opt/ros/humble/src/gtest_vendor': C++ tests using 'Google Test' will be built
[3.133s] -- Added test 'copyright' to check source files copyright and LICENSE
[3.141s] -- Added test 'cppcheck' to perform static code analysis on C / C++ code
[3.142s] -- Configured cppcheck include dirs: /home/jacobrod/worms_ws/src/ros_gz/ros_gz_bridge/include;/home/jacobrod/worms_ws/src/ros_gz/ros_gz_bridge/src;/home/jacobrod/worms_ws/src/ros_gz/ros_gz_bridge/test;/home/jacobrod/worms_ws/src/ros_gz/ros_gz_bridge/test/subscribers
[3.142s] -- Configured cppcheck exclude dirs and/or files: 
[3.148s] -- Added test 'cpplint' to check C / C++ code against the Google style
[3.148s] -- Configured cpplint exclude dirs and/or files: 
[3.149s] -- Added test 'flake8' to check Python code syntax and style conventions
[3.151s] -- Added test 'lint_cmake' to check CMake code style
[3.153s] -- Added test 'pep257' to check Python code against some of the docstring style conventions in PEP 257
[3.158s] -- Added test 'uncrustify' to check C / C++ code style
[3.158s] -- Configured uncrustify additional arguments: 
[3.160s] -- Added test 'xmllint' to check XML markup files
[3.163s] -- Configuring done
[3.279s] -- Generating done
[3.283s] -- Build files have been written to: /home/jacobrod/worms_ws/build/ros_gz_bridge
[3.303s] Invoked command in '/home/jacobrod/worms_ws/build/ros_gz_bridge' returned '0': CMAKE_PREFIX_PATH=/home/jacobrod/worms_ws/install/ros_gz_interfaces:/home/jacobrod/worms_ws/install/worms_gazebo:/home/jacobrod/worms_ws/install/worms_description:/home/jacobrod/worms_ws/install/ros_ign:/home/jacobrod/worms_ws/install/ros_ign_gazebo_demos:/home/jacobrod/worms_ws/install/ros_gz:/home/jacobrod/worms_ws/install/ros_gz_sim_demos:/home/jacobrod/worms_ws/install/sdformat_urdf:/home/jacobrod/worms_ws/install/sdformat_test_files:/home/jacobrod/worms_ws/install/ros_ign_interfaces:/home/jacobrod/worms_ws/install/ros_ign_image:/home/jacobrod/worms_ws/install/ros_ign_gazebo:/home/jacobrod/worms_ws/install/ros_ign_bridge:/home/jacobrod/worms_ws/install/ros_gz_sim:/home/jacobrod/worms_ws/install/ros_gz_image:/home/jacobrod/worms_ws/install/ros_gz_bridge:/home/jacobrod/worms_ws/install/ros_gz_example_bringup:/home/jacobrod/worms_ws/install/ros_gz_example_gazebo:/home/jacobrod/worms_ws/install/ros_gz_example_description:/home/jacobrod/worms_ws/install/ros_gz_example_application:/home/jacobrod/worms_ws/install/core_bringup:/home/jacobrod/worms_ws/install/worms_mech:/opt/ros/humble LD_LIBRARY_PATH=/home/jacobrod/worms_ws/install/ros_gz_interfaces/lib:/home/jacobrod/worms_ws/install/sdformat_urdf/lib:/home/jacobrod/worms_ws/install/ros_ign_interfaces/lib:/home/jacobrod/worms_ws/install/ros_gz_sim/lib:/home/jacobrod/worms_ws/install/ros_gz_bridge/lib:/opt/ros/humble/opt/rviz_ogre_vendor/lib:/opt/ros/humble/lib/x86_64-linux-gnu:/opt/ros/humble/lib /usr/bin/cmake /home/jacobrod/worms_ws/src/ros_gz/ros_gz_bridge -DBUILD_TESTING=ON -DCMAKE_INSTALL_PREFIX=/home/jacobrod/worms_ws/install/ros_gz_bridge
[3.306s] Invoking command in '/home/jacobrod/worms_ws/build/ros_gz_bridge': CMAKE_PREFIX_PATH=/home/jacobrod/worms_ws/install/ros_gz_interfaces:/home/jacobrod/worms_ws/install/worms_gazebo:/home/jacobrod/worms_ws/install/worms_description:/home/jacobrod/worms_ws/install/ros_ign:/home/jacobrod/worms_ws/install/ros_ign_gazebo_demos:/home/jacobrod/worms_ws/install/ros_gz:/home/jacobrod/worms_ws/install/ros_gz_sim_demos:/home/jacobrod/worms_ws/install/sdformat_urdf:/home/jacobrod/worms_ws/install/sdformat_test_files:/home/jacobrod/worms_ws/install/ros_ign_interfaces:/home/jacobrod/worms_ws/install/ros_ign_image:/home/jacobrod/worms_ws/install/ros_ign_gazebo:/home/jacobrod/worms_ws/install/ros_ign_bridge:/home/jacobrod/worms_ws/install/ros_gz_sim:/home/jacobrod/worms_ws/install/ros_gz_image:/home/jacobrod/worms_ws/install/ros_gz_bridge:/home/jacobrod/worms_ws/install/ros_gz_example_bringup:/home/jacobrod/worms_ws/install/ros_gz_example_gazebo:/home/jacobrod/worms_ws/install/ros_gz_example_description:/home/jacobrod/worms_ws/install/ros_gz_example_application:/home/jacobrod/worms_ws/install/core_bringup:/home/jacobrod/worms_ws/install/worms_mech:/opt/ros/humble LD_LIBRARY_PATH=/home/jacobrod/worms_ws/install/ros_gz_interfaces/lib:/home/jacobrod/worms_ws/install/sdformat_urdf/lib:/home/jacobrod/worms_ws/install/ros_ign_interfaces/lib:/home/jacobrod/worms_ws/install/ros_gz_sim/lib:/home/jacobrod/worms_ws/install/ros_gz_bridge/lib:/opt/ros/humble/opt/rviz_ogre_vendor/lib:/opt/ros/humble/lib/x86_64-linux-gnu:/opt/ros/humble/lib /usr/bin/cmake --build /home/jacobrod/worms_ws/build/ros_gz_bridge -- -j8 -l8
[3.356s] [  1%] [34m[1mGenerating factories for interface types[0m
[3.373s] [  2%] [32mBuilding CXX object gtest/CMakeFiles/gtest_main.dir/src/gtest_main.cc.o[0m
[3.374s] [  4%] [32mBuilding CXX object CMakeFiles/bridge_node.dir/rclcpp_components/node_main_bridge_node.cpp.o[0m
[3.374s] [  4%] [32mBuilding CXX object gtest/CMakeFiles/gtest.dir/src/gtest-all.cc.o[0m
[3.665s] [  5%] [32mBuilding CXX object CMakeFiles/ros_gz_bridge_lib.dir/src/bridge_handle.cpp.o[0m
[3.666s] [  6%] [32mBuilding CXX object CMakeFiles/ros_gz_bridge_lib.dir/src/bridge_config.cpp.o[0m
[3.667s] [  8%] [32mBuilding CXX object CMakeFiles/ros_gz_bridge_lib.dir/src/bridge_handle_ros_to_gz.cpp.o[0m
[3.678s] [  9%] [32mBuilding CXX object CMakeFiles/ros_gz_bridge_lib.dir/src/bridge_handle_gz_to_ros.cpp.o[0m
[3.683s] [ 10%] [32mBuilding CXX object CMakeFiles/ros_gz_bridge_lib.dir/src/factory_interface.cpp.o[0m
[5.761s] [ 11%] [32m[1mLinking CXX static library libgtest_main.a[0m
[5.982s] [ 11%] Built target gtest_main
[6.037s] [ 12%] [32mBuilding CXX object CMakeFiles/ros_gz_bridge_lib.dir/src/service_factories/ros_gz_interfaces.cpp.o[0m
[12.730s] [ 13%] [32m[1mLinking CXX executable bridge_node[0m
[13.435s] [ 13%] Built target bridge_node
[13.525s] [ 14%] [32mBuilding CXX object CMakeFiles/ros_gz_bridge_lib.dir/src/ros_gz_bridge.cpp.o[0m
[14.069s] [ 16%] [32m[1mLinking CXX static library libgtest.a[0m
[14.248s] [ 17%] [32mBuilding CXX object CMakeFiles/ros_gz_bridge_lib.dir/src/convert/utils.cpp.o[0m
[14.480s] [ 17%] Built target gtest
[14.572s] [ 18%] [32mBuilding CXX object CMakeFiles/ros_gz_bridge_lib.dir/src/convert/builtin_interfaces.cpp.o[0m
[15.131s] [ 19%] [32mBuilding CXX object CMakeFiles/ros_gz_bridge_lib.dir/src/convert/actuator_msgs.cpp.o[0m
[25.707s] [ 20%] [32mBuilding CXX object CMakeFiles/ros_gz_bridge_lib.dir/src/convert/std_msgs.cpp.o[0m
[27.836s] [ 21%] [32mBuilding CXX object CMakeFiles/ros_gz_bridge_lib.dir/src/convert/sensor_msgs.cpp.o[0m
[30.852s] [ 22%] [32mBuilding CXX object CMakeFiles/ros_gz_bridge_lib.dir/src/convert/rosgraph_msgs.cpp.o[0m
[31.342s] [ 24%] [32mBuilding CXX object CMakeFiles/ros_gz_bridge_lib.dir/src/convert/ros_gz_interfaces.cpp.o[0m
[32.359s] [ 25%] [32mBuilding CXX object CMakeFiles/ros_gz_bridge_lib.dir/src/convert/tf2_msgs.cpp.o[0m
[33.377s] [ 26%] [32mBuilding CXX object CMakeFiles/ros_gz_bridge_lib.dir/src/convert/rcl_interfaces.cpp.o[0m
[34.252s] [ 27%] [32mBuilding CXX object CMakeFiles/ros_gz_bridge_lib.dir/src/convert/nav_msgs.cpp.o[0m
[35.277s] [ 28%] [32mBuilding CXX object CMakeFiles/ros_gz_bridge_lib.dir/src/convert/trajectory_msgs.cpp.o[0m
[37.484s] [ 29%] [32mBuilding CXX object CMakeFiles/ros_gz_bridge_lib.dir/generated/factories/builtin_interfaces.cpp.o[0m
[40.503s] [ 32%] [32mBuilding CXX object CMakeFiles/ros_gz_bridge_lib.dir/generated/factories/actuator_msgs.cpp.o[0m
[40.503s] [ 32%] [32mBuilding CXX object CMakeFiles/ros_gz_bridge_lib.dir/generated/get_mappings.cpp.o[0m
[41.515s] [ 33%] [32mBuilding CXX object CMakeFiles/ros_gz_bridge_lib.dir/generated/get_factory.cpp.o[0m
[41.796s] [ 34%] [32mBuilding CXX object CMakeFiles/ros_gz_bridge_lib.dir/src/convert/vision_msgs.cpp.o[0m
[42.814s] [ 35%] [32mBuilding CXX object CMakeFiles/ros_gz_bridge_lib.dir/generated/factories/geometry_msgs.cpp.o[0m
[42.815s] [ 36%] [32mBuilding CXX object CMakeFiles/ros_gz_bridge_lib.dir/src/convert/geometry_msgs.cpp.o[0m
[44.355s] [ 37%] [32mBuilding CXX object CMakeFiles/ros_gz_bridge_lib.dir/generated/factories/nav_msgs.cpp.o[0m
[45.282s] [ 39%] [32mBuilding CXX object CMakeFiles/ros_gz_bridge_lib.dir/generated/factories/rcl_interfaces.cpp.o[0m
[47.668s] [ 40%] [32mBuilding CXX object CMakeFiles/ros_gz_bridge_lib.dir/generated/factories/ros_gz_interfaces.cpp.o[0m
[53.134s] [ 41%] [32mBuilding CXX object CMakeFiles/ros_gz_bridge_lib.dir/generated/factories/rosgraph_msgs.cpp.o[0m
[57.760s] [ 42%] [32mBuilding CXX object CMakeFiles/ros_gz_bridge_lib.dir/generated/factories/sensor_msgs.cpp.o[0m
[61.723s] [ 43%] [32mBuilding CXX object CMakeFiles/ros_gz_bridge_lib.dir/generated/factories/std_msgs.cpp.o[0m
[62.589s] [ 44%] [32mBuilding CXX object CMakeFiles/ros_gz_bridge_lib.dir/generated/factories/tf2_msgs.cpp.o[0m
[72.883s] [ 45%] [32mBuilding CXX object CMakeFiles/ros_gz_bridge_lib.dir/generated/factories/trajectory_msgs.cpp.o[0m
[79.889s] [ 47%] [32mBuilding CXX object CMakeFiles/ros_gz_bridge_lib.dir/generated/factories/vision_msgs.cpp.o[0m
[128.017s] [ 48%] [32m[1mLinking CXX shared library libros_gz_bridge_lib.so[0m
[158.974s] [ 48%] Built target ros_gz_bridge_lib
[159.012s] [ 50%] [32mBuilding CXX object CMakeFiles/test_utils.dir/test/utils/ros_test_msg.cpp.o[0m
[159.012s] [ 50%] [32mBuilding CXX object CMakeFiles/static_bridge.dir/src/static_bridge.cpp.o[0m
[159.014s] [ 51%] [32mBuilding CXX object CMakeFiles/test_utils.dir/test/utils/gz_test_msg.cpp.o[0m
[159.015s] [ 52%] [32mBuilding CXX object CMakeFiles/test_rcl_interfaces.dir/src/convert/rcl_interfaces.cpp.o[0m
[159.015s] [ 54%] [32mBuilding CXX object CMakeFiles/parameter_bridge.dir/src/parameter_bridge.cpp.o[0m
[159.020s] [ 55%] [32mBuilding CXX object CMakeFiles/ros_gz_bridge_bridge_config.dir/test/bridge_config.cpp.o[0m
[159.023s] [ 56%] [32mBuilding CXX object CMakeFiles/test_ros_gz_interfaces.dir/src/convert/ros_gz_interfaces.cpp.o[0m
[159.030s] [ 57%] [32mBuilding CXX object CMakeFiles/bridge_types.dir/src/bridge_types.cpp.o[0m
[161.024s] [ 58%] [32m[1mLinking CXX executable bridge_types[0m
[161.993s] [ 59%] [32mBuilding CXX object CMakeFiles/test_rcl_interfaces.dir/src/convert/rcl_interfaces_TEST.cpp.o[0m
[163.270s] [ 60%] [32m[1mLinking CXX executable ros_gz_bridge_bridge_config[0m
[167.696s] [ 62%] [32m[1mLinking CXX executable test_rcl_interfaces[0m
[168.236s] [ 62%] Built target test_rcl_interfaces
[168.296s] [ 63%] [32mBuilding CXX object CMakeFiles/test_ros_gz_interfaces.dir/src/convert/ros_gz_interfaces_TEST.cpp.o[0m
[169.822s] [ 64%] [32m[1mLinking CXX executable parameter_bridge[0m
[169.914s] [ 65%] [32m[1mLinking CXX executable static_bridge[0m
[176.597s] [ 66%] [32m[1mLinking CXX static library libtest_utils.a[0m
[176.787s] [ 66%] Built target test_utils
[176.807s] [ 68%] [34m[1mGenerating test helpers[0m
[176.808s] [ 68%] [34m[1mGenerating test helpers[0m
[177.372s] [ 70%] [32mBuilding CXX object CMakeFiles/test_ros_publisher.dir/generated/test/ros_publisher.cpp.o[0m
[177.396s] [ 71%] [32mBuilding CXX object CMakeFiles/test_gz_subscriber.dir/generated/test/gz_subscriber.cpp.o[0m
[177.411s] [ 72%] [32mBuilding CXX object CMakeFiles/test_gz_publisher.dir/generated/test/gz_publisher.cpp.o[0m
[181.522s] [ 73%] [32m[1mLinking CXX executable test_ros_gz_interfaces[0m
[188.812s] [ 73%] Built target bridge_types
[188.917s] [ 74%] [32mBuilding CXX object CMakeFiles/test_gz_server.dir/test/serverclient/gz_server.cpp.o[0m
[191.187s] [ 74%] Built target ros_gz_bridge_bridge_config
[194.411s] [ 75%] [32m[1mLinking CXX executable test_gz_publisher[0m
[196.100s] [ 75%] Built target test_gz_publisher
[196.647s] [ 75%] Built target parameter_bridge
[196.731s] [ 75%] Built target static_bridge
[202.511s] [ 77%] [32m[1mLinking CXX executable test_gz_server[0m
[203.089s] [ 77%] Built target test_gz_server
[203.124s] [ 78%] [32mBuilding CXX object CMakeFiles/test_ros_subscriber.dir/test/subscribers/ros_subscriber.cpp.o[0m
[203.126s] [ 79%] [32mBuilding CXX object CMakeFiles/test_ros_subscriber.dir/generated/test/builtin_interfaces_subscriber.cpp.o[0m
[204.144s] [ 80%] [32mBuilding CXX object CMakeFiles/test_ros_subscriber.dir/generated/test/geometry_msgs_subscriber.cpp.o[0m
[204.308s] [ 80%] Built target test_ros_gz_interfaces
[204.348s] [ 81%] [32mBuilding CXX object CMakeFiles/test_ros_client.dir/test/serverclient/ros_client.cpp.o[0m
[205.336s] [ 82%] [32mBuilding CXX object CMakeFiles/test_ros_subscriber.dir/generated/test/nav_msgs_subscriber.cpp.o[0m
[213.928s] [ 83%] [32m[1mLinking CXX executable test_ros_client[0m
[214.578s] [ 83%] Built target test_ros_client
[215.788s] [ 85%] [32m[1mLinking CXX executable test_gz_subscriber[0m
[217.956s] [ 86%] Built target test_gz_subscriber
[220.979s] [ 87%] [32mBuilding CXX object CMakeFiles/test_ros_subscriber.dir/generated/test/rosgraph_msgs_subscriber.cpp.o[0m
[220.982s] [ 88%] [32mBuilding CXX object CMakeFiles/test_ros_subscriber.dir/generated/test/ros_gz_interfaces_subscriber.cpp.o[0m
[222.001s] [ 89%] [32mBuilding CXX object CMakeFiles/test_ros_subscriber.dir/generated/test/rcl_interfaces_subscriber.cpp.o[0m
[222.591s] [ 90%] [32mBuilding CXX object CMakeFiles/test_ros_subscriber.dir/generated/test/actuator_msgs_subscriber.cpp.o[0m
[223.669s] [ 91%] [32mBuilding CXX object CMakeFiles/test_ros_subscriber.dir/generated/test/sensor_msgs_subscriber.cpp.o[0m
[226.867s] [ 93%] [32mBuilding CXX object CMakeFiles/test_ros_subscriber.dir/generated/test/std_msgs_subscriber.cpp.o[0m
[228.574s] gmake[2]: *** [CMakeFiles/test_ros_subscriber.dir/build.make:226: CMakeFiles/test_ros_subscriber.dir/generated/test/rosgraph_msgs_subscriber.cpp.o] Interrupt
[228.574s] gmake[2]: *** [CMakeFiles/test_ros_subscriber.dir/build.make:170: CMakeFiles/test_ros_subscriber.dir/generated/test/geometry_msgs_subscriber.cpp.o] Interrupt
[228.574s] gmake[2]: *** [CMakeFiles/test_ros_subscriber.dir/build.make:212: CMakeFiles/test_ros_subscriber.dir/generated/test/ros_gz_interfaces_subscriber.cpp.o] Interrupt
[228.575s] gmake[2]: *** [CMakeFiles/test_ros_subscriber.dir/build.make:198: CMakeFiles/test_ros_subscriber.dir/generated/test/rcl_interfaces_subscriber.cpp.o] Interrupt
[228.575s] gmake[2]: *** [CMakeFiles/test_ros_subscriber.dir/build.make:156: CMakeFiles/test_ros_subscriber.dir/generated/test/actuator_msgs_subscriber.cpp.o] Interrupt
[228.575s] gmake[2]: *** [CMakeFiles/test_ros_subscriber.dir/build.make:240: CMakeFiles/test_ros_subscriber.dir/generated/test/sensor_msgs_subscriber.cpp.o] Interrupt
[228.575s] gmake[2]: *** [CMakeFiles/test_ros_subscriber.dir/build.make:254: CMakeFiles/test_ros_subscriber.dir/generated/test/std_msgs_subscriber.cpp.o] Interrupt
[228.575s] gmake[2]: *** wait: No child processes.  Stop.
[228.575s] gmake[2]: *** Waiting for unfinished jobs....
[228.575s] gmake[2]: *** wait: No child processes.  Stop.
[228.576s] gmake[1]: *** [CMakeFiles/Makefile2:422: CMakeFiles/test_ros_publisher.dir/all] Error 2
[228.576s] gmake[1]: *** [CMakeFiles/Makefile2:530: CMakeFiles/test_ros_subscriber.dir/all] Interrupt
[228.576s] gmake: *** [Makefile:146: all] Interrupt
[228.768s] Invoked command in '/home/jacobrod/worms_ws/build/ros_gz_bridge' returned '-2': CMAKE_PREFIX_PATH=/home/jacobrod/worms_ws/install/ros_gz_interfaces:/home/jacobrod/worms_ws/install/worms_gazebo:/home/jacobrod/worms_ws/install/worms_description:/home/jacobrod/worms_ws/install/ros_ign:/home/jacobrod/worms_ws/install/ros_ign_gazebo_demos:/home/jacobrod/worms_ws/install/ros_gz:/home/jacobrod/worms_ws/install/ros_gz_sim_demos:/home/jacobrod/worms_ws/install/sdformat_urdf:/home/jacobrod/worms_ws/install/sdformat_test_files:/home/jacobrod/worms_ws/install/ros_ign_interfaces:/home/jacobrod/worms_ws/install/ros_ign_image:/home/jacobrod/worms_ws/install/ros_ign_gazebo:/home/jacobrod/worms_ws/install/ros_ign_bridge:/home/jacobrod/worms_ws/install/ros_gz_sim:/home/jacobrod/worms_ws/install/ros_gz_image:/home/jacobrod/worms_ws/install/ros_gz_bridge:/home/jacobrod/worms_ws/install/ros_gz_example_bringup:/home/jacobrod/worms_ws/install/ros_gz_example_gazebo:/home/jacobrod/worms_ws/install/ros_gz_example_description:/home/jacobrod/worms_ws/install/ros_gz_example_application:/home/jacobrod/worms_ws/install/core_bringup:/home/jacobrod/worms_ws/install/worms_mech:/opt/ros/humble LD_LIBRARY_PATH=/home/jacobrod/worms_ws/install/ros_gz_interfaces/lib:/home/jacobrod/worms_ws/install/sdformat_urdf/lib:/home/jacobrod/worms_ws/install/ros_ign_interfaces/lib:/home/jacobrod/worms_ws/install/ros_gz_sim/lib:/home/jacobrod/worms_ws/install/ros_gz_bridge/lib:/opt/ros/humble/opt/rviz_ogre_vendor/lib:/opt/ros/humble/lib/x86_64-linux-gnu:/opt/ros/humble/lib /usr/bin/cmake --build /home/jacobrod/worms_ws/build/ros_gz_bridge -- -j8 -l8
