[0.258s] Invoking command in '/home/jacobrod/worms_ws/build/ros_gz_sim_demos': CMAKE_PREFIX_PATH=/home/jacobrod/worms_ws/install/ros_gz_image:/home/jacobrod/worms_ws/install/sdformat_urdf:/home/jacobrod/worms_ws/install/ros_gz_bridge:/home/jacobrod/worms_ws/install/ros_gz_sim:/home/jacobrod/worms_ws/install/ros_gz_interfaces:/home/jacobrod/worms_ws/install/worms_gazebo:/home/jacobrod/worms_ws/install/worms_description:/home/jacobrod/worms_ws/install/ros_ign:/home/jacobrod/worms_ws/install/ros_ign_gazebo_demos:/home/jacobrod/worms_ws/install/ros_gz:/home/jacobrod/worms_ws/install/ros_gz_sim_demos:/home/jacobrod/worms_ws/install/sdformat_test_files:/home/jacobrod/worms_ws/install/ros_ign_interfaces:/home/jacobrod/worms_ws/install/ros_ign_image:/home/jacobrod/worms_ws/install/ros_ign_gazebo:/home/jacobrod/worms_ws/install/ros_ign_bridge:/home/jacobrod/worms_ws/install/ros_gz_example_bringup:/home/jacobrod/worms_ws/install/ros_gz_example_gazebo:/home/jacobrod/worms_ws/install/ros_gz_example_description:/home/jacobrod/worms_ws/install/ros_gz_example_application:/home/jacobrod/worms_ws/install/core_bringup:/home/jacobrod/worms_ws/install/worms_mech:/opt/ros/humble LD_LIBRARY_PATH=/home/jacobrod/worms_ws/install/sdformat_urdf/lib:/home/jacobrod/worms_ws/install/ros_gz_bridge/lib:/home/jacobrod/worms_ws/install/ros_gz_sim/lib:/home/jacobrod/worms_ws/install/ros_gz_interfaces/lib:/home/jacobrod/worms_ws/install/ros_ign_interfaces/lib:/opt/ros/humble/opt/rviz_ogre_vendor/lib:/opt/ros/humble/lib/x86_64-linux-gnu:/opt/ros/humble/lib /usr/bin/cmake --build /home/jacobrod/worms_ws/build/ros_gz_sim_demos -- -j8 -l8
[0.365s] Invoked command in '/home/jacobrod/worms_ws/build/ros_gz_sim_demos' returned '0': CMAKE_PREFIX_PATH=/home/jacobrod/worms_ws/install/ros_gz_image:/home/jacobrod/worms_ws/install/sdformat_urdf:/home/jacobrod/worms_ws/install/ros_gz_bridge:/home/jacobrod/worms_ws/install/ros_gz_sim:/home/jacobrod/worms_ws/install/ros_gz_interfaces:/home/jacobrod/worms_ws/install/worms_gazebo:/home/jacobrod/worms_ws/install/worms_description:/home/jacobrod/worms_ws/install/ros_ign:/home/jacobrod/worms_ws/install/ros_ign_gazebo_demos:/home/jacobrod/worms_ws/install/ros_gz:/home/jacobrod/worms_ws/install/ros_gz_sim_demos:/home/jacobrod/worms_ws/install/sdformat_test_files:/home/jacobrod/worms_ws/install/ros_ign_interfaces:/home/jacobrod/worms_ws/install/ros_ign_image:/home/jacobrod/worms_ws/install/ros_ign_gazebo:/home/jacobrod/worms_ws/install/ros_ign_bridge:/home/jacobrod/worms_ws/install/ros_gz_example_bringup:/home/jacobrod/worms_ws/install/ros_gz_example_gazebo:/home/jacobrod/worms_ws/install/ros_gz_example_description:/home/jacobrod/worms_ws/install/ros_gz_example_application:/home/jacobrod/worms_ws/install/core_bringup:/home/jacobrod/worms_ws/install/worms_mech:/opt/ros/humble LD_LIBRARY_PATH=/home/jacobrod/worms_ws/install/sdformat_urdf/lib:/home/jacobrod/worms_ws/install/ros_gz_bridge/lib:/home/jacobrod/worms_ws/install/ros_gz_sim/lib:/home/jacobrod/worms_ws/install/ros_gz_interfaces/lib:/home/jacobrod/worms_ws/install/ros_ign_interfaces/lib:/opt/ros/humble/opt/rviz_ogre_vendor/lib:/opt/ros/humble/lib/x86_64-linux-gnu:/opt/ros/humble/lib /usr/bin/cmake --build /home/jacobrod/worms_ws/build/ros_gz_sim_demos -- -j8 -l8
[0.396s] Invoking command in '/home/jacobrod/worms_ws/build/ros_gz_sim_demos': CMAKE_PREFIX_PATH=/home/jacobrod/worms_ws/install/ros_gz_image:/home/jacobrod/worms_ws/install/sdformat_urdf:/home/jacobrod/worms_ws/install/ros_gz_bridge:/home/jacobrod/worms_ws/install/ros_gz_sim:/home/jacobrod/worms_ws/install/ros_gz_interfaces:/home/jacobrod/worms_ws/install/worms_gazebo:/home/jacobrod/worms_ws/install/worms_description:/home/jacobrod/worms_ws/install/ros_ign:/home/jacobrod/worms_ws/install/ros_ign_gazebo_demos:/home/jacobrod/worms_ws/install/ros_gz:/home/jacobrod/worms_ws/install/ros_gz_sim_demos:/home/jacobrod/worms_ws/install/sdformat_test_files:/home/jacobrod/worms_ws/install/ros_ign_interfaces:/home/jacobrod/worms_ws/install/ros_ign_image:/home/jacobrod/worms_ws/install/ros_ign_gazebo:/home/jacobrod/worms_ws/install/ros_ign_bridge:/home/jacobrod/worms_ws/install/ros_gz_example_bringup:/home/jacobrod/worms_ws/install/ros_gz_example_gazebo:/home/jacobrod/worms_ws/install/ros_gz_example_description:/home/jacobrod/worms_ws/install/ros_gz_example_application:/home/jacobrod/worms_ws/install/core_bringup:/home/jacobrod/worms_ws/install/worms_mech:/opt/ros/humble LD_LIBRARY_PATH=/home/jacobrod/worms_ws/install/sdformat_urdf/lib:/home/jacobrod/worms_ws/install/ros_gz_bridge/lib:/home/jacobrod/worms_ws/install/ros_gz_sim/lib:/home/jacobrod/worms_ws/install/ros_gz_interfaces/lib:/home/jacobrod/worms_ws/install/ros_ign_interfaces/lib:/opt/ros/humble/opt/rviz_ogre_vendor/lib:/opt/ros/humble/lib/x86_64-linux-gnu:/opt/ros/humble/lib /usr/bin/cmake --install /home/jacobrod/worms_ws/build/ros_gz_sim_demos
[0.405s] -- Install configuration: ""
[0.406s] -- Up-to-date: /home/jacobrod/worms_ws/install/ros_gz_sim_demos/share/ros_gz_sim_demos/launch
[0.406s] -- Up-to-date: /home/jacobrod/worms_ws/install/ros_gz_sim_demos/share/ros_gz_sim_demos/launch/battery.launch.py
[0.407s] -- Up-to-date: /home/jacobrod/worms_ws/install/ros_gz_sim_demos/share/ros_gz_sim_demos/launch/imu.launch.py
[0.407s] -- Up-to-date: /home/jacobrod/worms_ws/install/ros_gz_sim_demos/share/ros_gz_sim_demos/launch/diff_drive.launch.py
[0.407s] -- Up-to-date: /home/jacobrod/worms_ws/install/ros_gz_sim_demos/share/ros_gz_sim_demos/launch/sdf_parser.launch.py
[0.407s] -- Up-to-date: /home/jacobrod/worms_ws/install/ros_gz_sim_demos/share/ros_gz_sim_demos/launch/triggered_camera.launch.py
[0.408s] -- Up-to-date: /home/jacobrod/worms_ws/install/ros_gz_sim_demos/share/ros_gz_sim_demos/launch/robot_description_publisher.launch.py
[0.408s] -- Up-to-date: /home/jacobrod/worms_ws/install/ros_gz_sim_demos/share/ros_gz_sim_demos/launch/air_pressure.launch.py
[0.408s] -- Up-to-date: /home/jacobrod/worms_ws/install/ros_gz_sim_demos/share/ros_gz_sim_demos/launch/rgbd_camera_bridge.launch.py
[0.408s] -- Up-to-date: /home/jacobrod/worms_ws/install/ros_gz_sim_demos/share/ros_gz_sim_demos/launch/gpu_lidar.launch.py
[0.408s] -- Up-to-date: /home/jacobrod/worms_ws/install/ros_gz_sim_demos/share/ros_gz_sim_demos/launch/gpu_lidar_bridge.launch.py
[0.408s] -- Up-to-date: /home/jacobrod/worms_ws/install/ros_gz_sim_demos/share/ros_gz_sim_demos/launch/joint_states.launch.py
[0.409s] -- Up-to-date: /home/jacobrod/worms_ws/install/ros_gz_sim_demos/share/ros_gz_sim_demos/launch/navsat.launch.py
[0.409s] -- Up-to-date: /home/jacobrod/worms_ws/install/ros_gz_sim_demos/share/ros_gz_sim_demos/launch/camera.launch.py
[0.409s] -- Up-to-date: /home/jacobrod/worms_ws/install/ros_gz_sim_demos/share/ros_gz_sim_demos/launch/depth_camera.launch.py
[0.409s] -- Up-to-date: /home/jacobrod/worms_ws/install/ros_gz_sim_demos/share/ros_gz_sim_demos/launch/magnetometer.launch.py
[0.409s] -- Up-to-date: /home/jacobrod/worms_ws/install/ros_gz_sim_demos/share/ros_gz_sim_demos/launch/tf_bridge.launch.py
[0.409s] -- Up-to-date: /home/jacobrod/worms_ws/install/ros_gz_sim_demos/share/ros_gz_sim_demos/launch/rgbd_camera.launch.py
[0.409s] -- Up-to-date: /home/jacobrod/worms_ws/install/ros_gz_sim_demos/share/ros_gz_sim_demos/launch/image_bridge.launch.py
[0.409s] -- Up-to-date: /home/jacobrod/worms_ws/install/ros_gz_sim_demos/share/ros_gz_sim_demos/rviz
[0.410s] -- Up-to-date: /home/jacobrod/worms_ws/install/ros_gz_sim_demos/share/ros_gz_sim_demos/rviz/tf_bridge.rviz
[0.410s] -- Up-to-date: /home/jacobrod/worms_ws/install/ros_gz_sim_demos/share/ros_gz_sim_demos/rviz/rgbd_camera.rviz
[0.411s] -- Up-to-date: /home/jacobrod/worms_ws/install/ros_gz_sim_demos/share/ros_gz_sim_demos/rviz/depth_camera.rviz
[0.411s] -- Up-to-date: /home/jacobrod/worms_ws/install/ros_gz_sim_demos/share/ros_gz_sim_demos/rviz/camera.rviz
[0.411s] -- Up-to-date: /home/jacobrod/worms_ws/install/ros_gz_sim_demos/share/ros_gz_sim_demos/rviz/vehicle.rviz
[0.411s] -- Up-to-date: /home/jacobrod/worms_ws/install/ros_gz_sim_demos/share/ros_gz_sim_demos/rviz/robot_description_publisher.rviz
[0.412s] -- Up-to-date: /home/jacobrod/worms_ws/install/ros_gz_sim_demos/share/ros_gz_sim_demos/rviz/gpu_lidar.rviz
[0.412s] -- Up-to-date: /home/jacobrod/worms_ws/install/ros_gz_sim_demos/share/ros_gz_sim_demos/rviz/rgbd_camera_bridge.rviz
[0.412s] -- Up-to-date: /home/jacobrod/worms_ws/install/ros_gz_sim_demos/share/ros_gz_sim_demos/rviz/imu.rviz
[0.412s] -- Up-to-date: /home/jacobrod/worms_ws/install/ros_gz_sim_demos/share/ros_gz_sim_demos/rviz/gpu_lidar_bridge.rviz
[0.412s] -- Up-to-date: /home/jacobrod/worms_ws/install/ros_gz_sim_demos/share/ros_gz_sim_demos/rviz/joint_states.rviz
[0.413s] -- Up-to-date: /home/jacobrod/worms_ws/install/ros_gz_sim_demos/share/ros_gz_sim_demos/rviz/diff_drive.rviz
[0.413s] -- Up-to-date: /home/jacobrod/worms_ws/install/ros_gz_sim_demos/share/ros_gz_sim_demos/models
[0.413s] -- Up-to-date: /home/jacobrod/worms_ws/install/ros_gz_sim_demos/share/ros_gz_sim_demos/models/vehicle
[0.413s] -- Up-to-date: /home/jacobrod/worms_ws/install/ros_gz_sim_demos/share/ros_gz_sim_demos/models/vehicle/model.config
[0.413s] -- Up-to-date: /home/jacobrod/worms_ws/install/ros_gz_sim_demos/share/ros_gz_sim_demos/models/vehicle/model.sdf
[0.414s] -- Up-to-date: /home/jacobrod/worms_ws/install/ros_gz_sim_demos/share/ros_gz_sim_demos/models/double_pendulum_model.sdf
[0.414s] -- Up-to-date: /home/jacobrod/worms_ws/install/ros_gz_sim_demos/share/ros_gz_sim_demos/models/rrbot.xacro
[0.414s] -- Up-to-date: /home/jacobrod/worms_ws/install/ros_gz_sim_demos/share/ros_gz_sim_demos/worlds
[0.415s] -- Up-to-date: /home/jacobrod/worms_ws/install/ros_gz_sim_demos/share/ros_gz_sim_demos/worlds/vehicle.sdf
[0.415s] -- Up-to-date: /home/jacobrod/worms_ws/install/ros_gz_sim_demos/share/ros_gz_sim_demos/environment/ros_gz_sim_demos.dsv
[0.415s] -- Up-to-date: /home/jacobrod/worms_ws/install/ros_gz_sim_demos/share/ament_index/resource_index/package_run_dependencies/ros_gz_sim_demos
[0.415s] -- Up-to-date: /home/jacobrod/worms_ws/install/ros_gz_sim_demos/share/ament_index/resource_index/parent_prefix_path/ros_gz_sim_demos
[0.415s] -- Up-to-date: /home/jacobrod/worms_ws/install/ros_gz_sim_demos/share/ros_gz_sim_demos/environment/ament_prefix_path.sh
[0.416s] -- Up-to-date: /home/jacobrod/worms_ws/install/ros_gz_sim_demos/share/ros_gz_sim_demos/environment/ament_prefix_path.dsv
[0.416s] -- Up-to-date: /home/jacobrod/worms_ws/install/ros_gz_sim_demos/share/ros_gz_sim_demos/environment/path.sh
[0.416s] -- Up-to-date: /home/jacobrod/worms_ws/install/ros_gz_sim_demos/share/ros_gz_sim_demos/environment/path.dsv
[0.416s] -- Up-to-date: /home/jacobrod/worms_ws/install/ros_gz_sim_demos/share/ros_gz_sim_demos/local_setup.bash
[0.416s] -- Up-to-date: /home/jacobrod/worms_ws/install/ros_gz_sim_demos/share/ros_gz_sim_demos/local_setup.sh
[0.416s] -- Up-to-date: /home/jacobrod/worms_ws/install/ros_gz_sim_demos/share/ros_gz_sim_demos/local_setup.zsh
[0.416s] -- Up-to-date: /home/jacobrod/worms_ws/install/ros_gz_sim_demos/share/ros_gz_sim_demos/local_setup.dsv
[0.417s] -- Up-to-date: /home/jacobrod/worms_ws/install/ros_gz_sim_demos/share/ros_gz_sim_demos/package.dsv
[0.417s] -- Up-to-date: /home/jacobrod/worms_ws/install/ros_gz_sim_demos/share/ament_index/resource_index/packages/ros_gz_sim_demos
[0.417s] -- Up-to-date: /home/jacobrod/worms_ws/install/ros_gz_sim_demos/share/ros_gz_sim_demos/cmake/ros_gz_sim_demosConfig.cmake
[0.417s] -- Up-to-date: /home/jacobrod/worms_ws/install/ros_gz_sim_demos/share/ros_gz_sim_demos/cmake/ros_gz_sim_demosConfig-version.cmake
[0.418s] -- Up-to-date: /home/jacobrod/worms_ws/install/ros_gz_sim_demos/share/ros_gz_sim_demos/package.xml
[0.418s] Invoked command in '/home/jacobrod/worms_ws/build/ros_gz_sim_demos' returned '0': CMAKE_PREFIX_PATH=/home/jacobrod/worms_ws/install/ros_gz_image:/home/jacobrod/worms_ws/install/sdformat_urdf:/home/jacobrod/worms_ws/install/ros_gz_bridge:/home/jacobrod/worms_ws/install/ros_gz_sim:/home/jacobrod/worms_ws/install/ros_gz_interfaces:/home/jacobrod/worms_ws/install/worms_gazebo:/home/jacobrod/worms_ws/install/worms_description:/home/jacobrod/worms_ws/install/ros_ign:/home/jacobrod/worms_ws/install/ros_ign_gazebo_demos:/home/jacobrod/worms_ws/install/ros_gz:/home/jacobrod/worms_ws/install/ros_gz_sim_demos:/home/jacobrod/worms_ws/install/sdformat_test_files:/home/jacobrod/worms_ws/install/ros_ign_interfaces:/home/jacobrod/worms_ws/install/ros_ign_image:/home/jacobrod/worms_ws/install/ros_ign_gazebo:/home/jacobrod/worms_ws/install/ros_ign_bridge:/home/jacobrod/worms_ws/install/ros_gz_example_bringup:/home/jacobrod/worms_ws/install/ros_gz_example_gazebo:/home/jacobrod/worms_ws/install/ros_gz_example_description:/home/jacobrod/worms_ws/install/ros_gz_example_application:/home/jacobrod/worms_ws/install/core_bringup:/home/jacobrod/worms_ws/install/worms_mech:/opt/ros/humble LD_LIBRARY_PATH=/home/jacobrod/worms_ws/install/sdformat_urdf/lib:/home/jacobrod/worms_ws/install/ros_gz_bridge/lib:/home/jacobrod/worms_ws/install/ros_gz_sim/lib:/home/jacobrod/worms_ws/install/ros_gz_interfaces/lib:/home/jacobrod/worms_ws/install/ros_ign_interfaces/lib:/opt/ros/humble/opt/rviz_ogre_vendor/lib:/opt/ros/humble/lib/x86_64-linux-gnu:/opt/ros/humble/lib /usr/bin/cmake --install /home/jacobrod/worms_ws/build/ros_gz_sim_demos
