[100%] Built target create
-- Install configuration: ""
-- Installing: /home/jacobrod/worms_ws/install/ros_ign_gazebo/share/ros_ign_gazebo/launch/ign_gazebo.launch.py
-- Installing: /home/jacobrod/worms_ws/install/ros_ign_gazebo/lib/ros_ign_gazebo/create
-- Set runtime path of "/home/jacobrod/worms_ws/install/ros_ign_gazebo/lib/ros_ign_gazebo/create" to ""
-- Installing: /home/jacobrod/worms_ws/install/ros_ign_gazebo/share/ament_index/resource_index/package_run_dependencies/ros_ign_gazebo
-- Installing: /home/jacobrod/worms_ws/install/ros_ign_gazebo/share/ament_index/resource_index/parent_prefix_path/ros_ign_gazebo
-- Installing: /home/jacobrod/worms_ws/install/ros_ign_gazebo/share/ros_ign_gazebo/environment/ament_prefix_path.sh
-- Installing: /home/jacobrod/worms_ws/install/ros_ign_gazebo/share/ros_ign_gazebo/environment/ament_prefix_path.dsv
-- Installing: /home/jacobrod/worms_ws/install/ros_ign_gazebo/share/ros_ign_gazebo/environment/path.sh
-- Installing: /home/jacobrod/worms_ws/install/ros_ign_gazebo/share/ros_ign_gazebo/environment/path.dsv
-- Installing: /home/jacobrod/worms_ws/install/ros_ign_gazebo/share/ros_ign_gazebo/local_setup.bash
-- Installing: /home/jacobrod/worms_ws/install/ros_ign_gazebo/share/ros_ign_gazebo/local_setup.sh
-- Installing: /home/jacobrod/worms_ws/install/ros_ign_gazebo/share/ros_ign_gazebo/local_setup.zsh
-- Installing: /home/jacobrod/worms_ws/install/ros_ign_gazebo/share/ros_ign_gazebo/local_setup.dsv
-- Installing: /home/jacobrod/worms_ws/install/ros_ign_gazebo/share/ros_ign_gazebo/package.dsv
-- Installing: /home/jacobrod/worms_ws/install/ros_ign_gazebo/share/ament_index/resource_index/packages/ros_ign_gazebo
-- Installing: /home/jacobrod/worms_ws/install/ros_ign_gazebo/share/ros_ign_gazebo/cmake/ament_cmake_export_dependencies-extras.cmake
-- Installing: /home/jacobrod/worms_ws/install/ros_ign_gazebo/share/ros_ign_gazebo/cmake/ros_ign_gazeboConfig.cmake
-- Installing: /home/jacobrod/worms_ws/install/ros_ign_gazebo/share/ros_ign_gazebo/cmake/ros_ign_gazeboConfig-version.cmake
-- Installing: /home/jacobrod/worms_ws/install/ros_ign_gazebo/share/ros_ign_gazebo/package.xml
