[0.266s] Invoking command in '/home/jacobrod/worms_ws/build/ros_ign_gazebo': CMAKE_PREFIX_PATH=/home/jacobrod/worms_ws/install/ros_gz_sim:/home/jacobrod/worms_ws/install/worms_description:/home/jacobrod/worms_ws/install/sdformat_urdf:/home/jacobrod/worms_ws/install/sdformat_test_files:/home/jacobrod/worms_ws/install/ros_gz_interfaces:/home/jacobrod/worms_ws/install/ros_gz_example_description:/home/jacobrod/worms_ws/install/ros_gz_example_application:/home/jacobrod/worms_ws/install/core_bringup:/home/jacobrod/worms_ws/install/worms_mech:/opt/ros/humble LD_LIBRARY_PATH=/home/jacobrod/worms_ws/install/ros_gz_sim/lib:/home/jacobrod/worms_ws/install/sdformat_urdf/lib:/home/jacobrod/worms_ws/install/ros_gz_interfaces/lib:/opt/ros/humble/opt/rviz_ogre_vendor/lib:/opt/ros/humble/lib/x86_64-linux-gnu:/opt/ros/humble/lib /usr/bin/cmake --build /home/jacobrod/worms_ws/build/ros_ign_gazebo -- -j8 -l8
[0.344s] [100%] Built target create
[0.410s] Invoked command in '/home/jacobrod/worms_ws/build/ros_ign_gazebo' returned '0': CMAKE_PREFIX_PATH=/home/jacobrod/worms_ws/install/ros_gz_sim:/home/jacobrod/worms_ws/install/worms_description:/home/jacobrod/worms_ws/install/sdformat_urdf:/home/jacobrod/worms_ws/install/sdformat_test_files:/home/jacobrod/worms_ws/install/ros_gz_interfaces:/home/jacobrod/worms_ws/install/ros_gz_example_description:/home/jacobrod/worms_ws/install/ros_gz_example_application:/home/jacobrod/worms_ws/install/core_bringup:/home/jacobrod/worms_ws/install/worms_mech:/opt/ros/humble LD_LIBRARY_PATH=/home/jacobrod/worms_ws/install/ros_gz_sim/lib:/home/jacobrod/worms_ws/install/sdformat_urdf/lib:/home/jacobrod/worms_ws/install/ros_gz_interfaces/lib:/opt/ros/humble/opt/rviz_ogre_vendor/lib:/opt/ros/humble/lib/x86_64-linux-gnu:/opt/ros/humble/lib /usr/bin/cmake --build /home/jacobrod/worms_ws/build/ros_ign_gazebo -- -j8 -l8
[0.444s] Invoking command in '/home/jacobrod/worms_ws/build/ros_ign_gazebo': CMAKE_PREFIX_PATH=/home/jacobrod/worms_ws/install/ros_gz_sim:/home/jacobrod/worms_ws/install/worms_description:/home/jacobrod/worms_ws/install/sdformat_urdf:/home/jacobrod/worms_ws/install/sdformat_test_files:/home/jacobrod/worms_ws/install/ros_gz_interfaces:/home/jacobrod/worms_ws/install/ros_gz_example_description:/home/jacobrod/worms_ws/install/ros_gz_example_application:/home/jacobrod/worms_ws/install/core_bringup:/home/jacobrod/worms_ws/install/worms_mech:/opt/ros/humble LD_LIBRARY_PATH=/home/jacobrod/worms_ws/install/ros_gz_sim/lib:/home/jacobrod/worms_ws/install/sdformat_urdf/lib:/home/jacobrod/worms_ws/install/ros_gz_interfaces/lib:/opt/ros/humble/opt/rviz_ogre_vendor/lib:/opt/ros/humble/lib/x86_64-linux-gnu:/opt/ros/humble/lib /usr/bin/cmake --install /home/jacobrod/worms_ws/build/ros_ign_gazebo
[0.453s] -- Install configuration: ""
[0.453s] -- Installing: /home/jacobrod/worms_ws/install/ros_ign_gazebo/share/ros_ign_gazebo/launch/ign_gazebo.launch.py
[0.454s] -- Installing: /home/jacobrod/worms_ws/install/ros_ign_gazebo/lib/ros_ign_gazebo/create
[0.454s] -- Set runtime path of "/home/jacobrod/worms_ws/install/ros_ign_gazebo/lib/ros_ign_gazebo/create" to ""
[0.455s] -- Installing: /home/jacobrod/worms_ws/install/ros_ign_gazebo/share/ament_index/resource_index/package_run_dependencies/ros_ign_gazebo
[0.457s] -- Installing: /home/jacobrod/worms_ws/install/ros_ign_gazebo/share/ament_index/resource_index/parent_prefix_path/ros_ign_gazebo
[0.458s] -- Installing: /home/jacobrod/worms_ws/install/ros_ign_gazebo/share/ros_ign_gazebo/environment/ament_prefix_path.sh
[0.458s] -- Installing: /home/jacobrod/worms_ws/install/ros_ign_gazebo/share/ros_ign_gazebo/environment/ament_prefix_path.dsv
[0.458s] -- Installing: /home/jacobrod/worms_ws/install/ros_ign_gazebo/share/ros_ign_gazebo/environment/path.sh
[0.458s] -- Installing: /home/jacobrod/worms_ws/install/ros_ign_gazebo/share/ros_ign_gazebo/environment/path.dsv
[0.458s] -- Installing: /home/jacobrod/worms_ws/install/ros_ign_gazebo/share/ros_ign_gazebo/local_setup.bash
[0.459s] -- Installing: /home/jacobrod/worms_ws/install/ros_ign_gazebo/share/ros_ign_gazebo/local_setup.sh
[0.459s] -- Installing: /home/jacobrod/worms_ws/install/ros_ign_gazebo/share/ros_ign_gazebo/local_setup.zsh
[0.459s] -- Installing: /home/jacobrod/worms_ws/install/ros_ign_gazebo/share/ros_ign_gazebo/local_setup.dsv
[0.459s] -- Installing: /home/jacobrod/worms_ws/install/ros_ign_gazebo/share/ros_ign_gazebo/package.dsv
[0.459s] -- Installing: /home/jacobrod/worms_ws/install/ros_ign_gazebo/share/ament_index/resource_index/packages/ros_ign_gazebo
[0.459s] -- Installing: /home/jacobrod/worms_ws/install/ros_ign_gazebo/share/ros_ign_gazebo/cmake/ament_cmake_export_dependencies-extras.cmake
[0.460s] -- Installing: /home/jacobrod/worms_ws/install/ros_ign_gazebo/share/ros_ign_gazebo/cmake/ros_ign_gazeboConfig.cmake
[0.460s] -- Installing: /home/jacobrod/worms_ws/install/ros_ign_gazebo/share/ros_ign_gazebo/cmake/ros_ign_gazeboConfig-version.cmake
[0.460s] -- Installing: /home/jacobrod/worms_ws/install/ros_ign_gazebo/share/ros_ign_gazebo/package.xml
[0.465s] Invoked command in '/home/jacobrod/worms_ws/build/ros_ign_gazebo' returned '0': CMAKE_PREFIX_PATH=/home/jacobrod/worms_ws/install/ros_gz_sim:/home/jacobrod/worms_ws/install/worms_description:/home/jacobrod/worms_ws/install/sdformat_urdf:/home/jacobrod/worms_ws/install/sdformat_test_files:/home/jacobrod/worms_ws/install/ros_gz_interfaces:/home/jacobrod/worms_ws/install/ros_gz_example_description:/home/jacobrod/worms_ws/install/ros_gz_example_application:/home/jacobrod/worms_ws/install/core_bringup:/home/jacobrod/worms_ws/install/worms_mech:/opt/ros/humble LD_LIBRARY_PATH=/home/jacobrod/worms_ws/install/ros_gz_sim/lib:/home/jacobrod/worms_ws/install/sdformat_urdf/lib:/home/jacobrod/worms_ws/install/ros_gz_interfaces/lib:/opt/ros/humble/opt/rviz_ogre_vendor/lib:/opt/ros/humble/lib/x86_64-linux-gnu:/opt/ros/humble/lib /usr/bin/cmake --install /home/jacobrod/worms_ws/build/ros_ign_gazebo
