[0.693s] Invoking command in '/home/oligo/worms_mech_ws/src/worms_mech': PYTHONPATH=/home/oligo/worms_mech_ws/build/worms_mech/prefix_override:/home/oligo/worms_mech_ws/install/worms_mech/lib/python3.10/site-packages:${PYTHONPATH} /usr/bin/python3 setup.py egg_info --egg-base ../../build/worms_mech build --build-base /home/oligo/worms_mech_ws/build/worms_mech/build install --record /home/oligo/worms_mech_ws/build/worms_mech/install.log --single-version-externally-managed
[0.921s] running egg_info
[0.921s] writing ../../build/worms_mech/worms_mech.egg-info/PKG-INFO
[0.922s] writing dependency_links to ../../build/worms_mech/worms_mech.egg-info/dependency_links.txt
[0.922s] writing entry points to ../../build/worms_mech/worms_mech.egg-info/entry_points.txt
[0.922s] writing requirements to ../../build/worms_mech/worms_mech.egg-info/requires.txt
[0.922s] writing top-level names to ../../build/worms_mech/worms_mech.egg-info/top_level.txt
[0.924s] reading manifest file '../../build/worms_mech/worms_mech.egg-info/SOURCES.txt'
[0.925s] writing manifest file '../../build/worms_mech/worms_mech.egg-info/SOURCES.txt'
[0.925s] running build
[0.925s] running build_py
[0.925s] copying worms_mech/gait_manager.py -> /home/oligo/worms_mech_ws/build/worms_mech/build/lib/worms_mech
[0.926s] running install
[0.926s] /usr/lib/python3/dist-packages/setuptools/command/install.py:34: SetuptoolsDeprecationWarning: setup.py install is deprecated. Use build and pip and other standards-based tools.
[0.926s]   warnings.warn(
[0.926s] running install_lib
[0.927s] copying /home/oligo/worms_mech_ws/build/worms_mech/build/lib/worms_mech/gait_manager.py -> /home/oligo/worms_mech_ws/install/worms_mech/lib/python3.10/site-packages/worms_mech
[0.928s] byte-compiling /home/oligo/worms_mech_ws/install/worms_mech/lib/python3.10/site-packages/worms_mech/gait_manager.py to gait_manager.cpython-310.pyc
[0.929s] running install_data
[0.929s] running install_egg_info
[0.931s] removing '/home/oligo/worms_mech_ws/install/worms_mech/lib/python3.10/site-packages/worms_mech-0.0.0-py3.10.egg-info' (and everything under it)
[0.932s] Copying ../../build/worms_mech/worms_mech.egg-info to /home/oligo/worms_mech_ws/install/worms_mech/lib/python3.10/site-packages/worms_mech-0.0.0-py3.10.egg-info
[0.933s] running install_scripts
[0.957s] Installing controller_node script to /home/oligo/worms_mech_ws/install/worms_mech/lib/worms_mech
[0.957s] Installing gait_manager script to /home/oligo/worms_mech_ws/install/worms_mech/lib/worms_mech
[0.957s] Installing gait_parser script to /home/oligo/worms_mech_ws/install/worms_mech/lib/worms_mech
[0.957s] Installing hardware_interface script to /home/oligo/worms_mech_ws/install/worms_mech/lib/worms_mech
[0.957s] Installing joint_command_publisher script to /home/oligo/worms_mech_ws/install/worms_mech/lib/worms_mech
[0.957s] Installing joystick_control script to /home/oligo/worms_mech_ws/install/worms_mech/lib/worms_mech
[0.958s] Installing stand_node script to /home/oligo/worms_mech_ws/install/worms_mech/lib/worms_mech
[0.958s] Installing testbed_interface script to /home/oligo/worms_mech_ws/install/worms_mech/lib/worms_mech
[0.958s] writing list of installed files to '/home/oligo/worms_mech_ws/build/worms_mech/install.log'
[0.983s] Invoked command in '/home/oligo/worms_mech_ws/src/worms_mech' returned '0': PYTHONPATH=/home/oligo/worms_mech_ws/build/worms_mech/prefix_override:/home/oligo/worms_mech_ws/install/worms_mech/lib/python3.10/site-packages:${PYTHONPATH} /usr/bin/python3 setup.py egg_info --egg-base ../../build/worms_mech build --build-base /home/oligo/worms_mech_ws/build/worms_mech/build install --record /home/oligo/worms_mech_ws/build/worms_mech/install.log --single-version-externally-managed
