[0.414s] Invoking command in '/home/jacobrod/worms_ws/build/core_bringup': CMAKE_PREFIX_PATH=${CMAKE_PREFIX_PATH}:/home/jacobrod/worms_ws/src/install/worms_mech:/home/jacobrod/worms_ws/install/worms_mech:/opt/ros/humble /usr/bin/cmake /home/jacobrod/worms_ws/src/core_bringup -DBUILD_TESTING=ON -DCMAKE_INSTALL_PREFIX=/home/jacobrod/worms_ws/install/core_bringup
[0.514s] -- The C compiler identification is GNU 11.4.0
[0.615s] -- The CXX compiler identification is GNU 11.4.0
[0.629s] -- Detecting C compiler ABI info
[0.764s] -- Detecting C compiler ABI info - done
[0.778s] -- Check for working C compiler: /usr/bin/cc - skipped
[0.779s] -- Detecting C compile features
[0.780s] -- Detecting C compile features - done
[0.785s] -- Detecting CXX compiler ABI info
[0.950s] -- Detecting CXX compiler ABI info - done
[0.968s] -- Check for working CXX compiler: /usr/bin/c++ - skipped
[0.969s] -- Detecting CXX compile features
[0.969s] -- Detecting CXX compile features - done
[0.975s] -- Found ament_cmake: 1.3.5 (/opt/ros/humble/share/ament_cmake/cmake)
[1.282s] -- Found Python3: /usr/bin/python3.10 (found version "3.10.12") found components: Interpreter 
[1.457s] -- Found ament_lint_auto: 0.12.8 (/opt/ros/humble/share/ament_lint_auto/cmake)
[1.592s] -- Added test 'copyright' to check source files copyright and LICENSE
[1.594s] -- Added test 'flake8' to check Python code syntax and style conventions
[1.596s] -- Added test 'lint_cmake' to check CMake code style
[1.598s] -- Added test 'pep257' to check Python code against some of the docstring style conventions in PEP 257
[1.601s] -- Added test 'xmllint' to check XML markup files
[1.609s] -- Configuring done
[1.610s] -- Generating done
[1.612s] -- Build files have been written to: /home/jacobrod/worms_ws/build/core_bringup
[1.621s] Invoked command in '/home/jacobrod/worms_ws/build/core_bringup' returned '0': CMAKE_PREFIX_PATH=${CMAKE_PREFIX_PATH}:/home/jacobrod/worms_ws/src/install/worms_mech:/home/jacobrod/worms_ws/install/worms_mech:/opt/ros/humble /usr/bin/cmake /home/jacobrod/worms_ws/src/core_bringup -DBUILD_TESTING=ON -DCMAKE_INSTALL_PREFIX=/home/jacobrod/worms_ws/install/core_bringup
[1.621s] Invoking command in '/home/jacobrod/worms_ws/build/core_bringup': CMAKE_PREFIX_PATH=${CMAKE_PREFIX_PATH}:/home/jacobrod/worms_ws/src/install/worms_mech:/home/jacobrod/worms_ws/install/worms_mech:/opt/ros/humble /usr/bin/cmake --build /home/jacobrod/worms_ws/build/core_bringup -- -j8 -l8
[1.715s] Invoked command in '/home/jacobrod/worms_ws/build/core_bringup' returned '0': CMAKE_PREFIX_PATH=${CMAKE_PREFIX_PATH}:/home/jacobrod/worms_ws/src/install/worms_mech:/home/jacobrod/worms_ws/install/worms_mech:/opt/ros/humble /usr/bin/cmake --build /home/jacobrod/worms_ws/build/core_bringup -- -j8 -l8
[1.770s] Invoking command in '/home/jacobrod/worms_ws/build/core_bringup': CMAKE_PREFIX_PATH=${CMAKE_PREFIX_PATH}:/home/jacobrod/worms_ws/src/install/worms_mech:/home/jacobrod/worms_ws/install/worms_mech:/opt/ros/humble /usr/bin/cmake --install /home/jacobrod/worms_ws/build/core_bringup
[1.773s] -- Install configuration: ""
[1.773s] -- Installing: /home/jacobrod/worms_ws/install/core_bringup/share/core_bringup/launch
[1.774s] -- Installing: /home/jacobrod/worms_ws/install/core_bringup/share/core_bringup/launch/worms_gazebo.launch.py
[1.774s] -- Installing: /home/jacobrod/worms_ws/install/core_bringup/share/core_bringup/launch/hound_gazebo.launch.py
[1.774s] -- Installing: /home/jacobrod/worms_ws/install/core_bringup/share/core_bringup/launch/worms_hound_rviz.launch.py
[1.774s] -- Installing: /home/jacobrod/worms_ws/install/core_bringup/share/core_bringup/launch/worms_setup.launch copy.py
[1.774s] -- Installing: /home/jacobrod/worms_ws/install/core_bringup/share/core_bringup/launch/worms_hound_gazebo.launch.py
[1.775s] -- Installing: /home/jacobrod/worms_ws/install/core_bringup/share/core_bringup/config
[1.775s] -- Installing: /home/jacobrod/worms_ws/install/core_bringup/share/core_bringup/config/worms_bridge.yaml
[1.775s] -- Installing: /home/jacobrod/worms_ws/install/core_bringup/share/core_bringup/config/worms.rviz
[1.775s] -- Installing: /home/jacobrod/worms_ws/install/core_bringup/share/core_bringup/config/diff_drive.rviz
[1.775s] -- Installing: /home/jacobrod/worms_ws/install/core_bringup/share/ament_index/resource_index/package_run_dependencies/core_bringup
[1.775s] -- Installing: /home/jacobrod/worms_ws/install/core_bringup/share/ament_index/resource_index/parent_prefix_path/core_bringup
[1.776s] -- Installing: /home/jacobrod/worms_ws/install/core_bringup/share/core_bringup/environment/ament_prefix_path.sh
[1.776s] -- Installing: /home/jacobrod/worms_ws/install/core_bringup/share/core_bringup/environment/ament_prefix_path.dsv
[1.776s] -- Installing: /home/jacobrod/worms_ws/install/core_bringup/share/core_bringup/environment/path.sh
[1.776s] -- Installing: /home/jacobrod/worms_ws/install/core_bringup/share/core_bringup/environment/path.dsv
[1.776s] -- Installing: /home/jacobrod/worms_ws/install/core_bringup/share/core_bringup/local_setup.bash
[1.777s] -- Installing: /home/jacobrod/worms_ws/install/core_bringup/share/core_bringup/local_setup.sh
[1.777s] -- Installing: /home/jacobrod/worms_ws/install/core_bringup/share/core_bringup/local_setup.zsh
[1.777s] -- Installing: /home/jacobrod/worms_ws/install/core_bringup/share/core_bringup/local_setup.dsv
[1.777s] -- Installing: /home/jacobrod/worms_ws/install/core_bringup/share/core_bringup/package.dsv
[1.777s] -- Installing: /home/jacobrod/worms_ws/install/core_bringup/share/ament_index/resource_index/packages/core_bringup
[1.777s] -- Installing: /home/jacobrod/worms_ws/install/core_bringup/share/core_bringup/cmake/core_bringupConfig.cmake
[1.777s] -- Installing: /home/jacobrod/worms_ws/install/core_bringup/share/core_bringup/cmake/core_bringupConfig-version.cmake
[1.778s] -- Installing: /home/jacobrod/worms_ws/install/core_bringup/share/core_bringup/package.xml
[1.785s] Invoked command in '/home/jacobrod/worms_ws/build/core_bringup' returned '0': CMAKE_PREFIX_PATH=${CMAKE_PREFIX_PATH}:/home/jacobrod/worms_ws/src/install/worms_mech:/home/jacobrod/worms_ws/install/worms_mech:/opt/ros/humble /usr/bin/cmake --install /home/jacobrod/worms_ws/build/core_bringup
