[3.778s] DEBUG:colcon:Command line arguments: ['/usr/bin/colcon', 'build']
[3.778s] DEBUG:colcon:Parsed command line arguments: Namespace(log_base=None, log_level=None, verb_name='build', build_base='build', install_base='install', merge_install=False, symlink_install=False, test_result_base=None, continue_on_error=False, executor='parallel', parallel_workers=4, event_handlers=None, ignore_user_meta=False, metas=['./colcon.meta'], base_paths=['.'], packages_ignore=None, packages_ignore_regex=None, paths=None, packages_up_to=None, packages_up_to_regex=None, packages_above=None, packages_above_and_dependencies=None, packages_above_depth=None, packages_select_by_dep=None, packages_skip_by_dep=None, packages_skip_up_to=None, packages_select_build_failed=False, packages_skip_build_finished=False, packages_select_test_failures=False, packages_skip_test_passed=False, packages_select=None, packages_skip=None, packages_select_regex=None, packages_skip_regex=None, packages_start=None, packages_end=None, allow_overriding=[], cmake_args=None, cmake_target=None, cmake_target_skip_unavailable=False, cmake_clean_cache=False, cmake_clean_first=False, cmake_force_configure=False, ament_cmake_args=None, catkin_cmake_args=None, catkin_skip_building_tests=False, verb_parser=<colcon_defaults.argument_parser.defaults.DefaultArgumentsDecorator object at 0xffffb3f2cf10>, verb_extension=<colcon_core.verb.build.BuildVerb object at 0xffffb421ad70>, main=<bound method BuildVerb.main of <colcon_core.verb.build.BuildVerb object at 0xffffb421ad70>>)
[3.961s] Level 1:colcon.colcon_core.package_discovery:discover_packages(colcon_meta) check parameters
[3.961s] Level 1:colcon.colcon_core.package_discovery:discover_packages(recursive) check parameters
[3.961s] Level 1:colcon.colcon_core.package_discovery:discover_packages(ignore) check parameters
[3.961s] Level 1:colcon.colcon_core.package_discovery:discover_packages(path) check parameters
[3.962s] Level 1:colcon.colcon_core.package_discovery:discover_packages(colcon_meta) discover
[3.962s] Level 1:colcon.colcon_core.package_discovery:discover_packages(recursive) discover
[3.962s] INFO:colcon.colcon_core.package_discovery:Crawling recursively for packages in '/home/worm3/worms_mech_ws'
[3.962s] Level 1:colcon.colcon_core.package_identification:_identify(.) by extensions ['ignore', 'ignore_ament_install']
[3.963s] Level 1:colcon.colcon_core.package_identification:_identify(.) by extension 'ignore'
[3.963s] Level 1:colcon.colcon_core.package_identification:_identify(.) by extension 'ignore_ament_install'
[3.963s] Level 1:colcon.colcon_core.package_identification:_identify(.) by extensions ['colcon_pkg']
[3.963s] Level 1:colcon.colcon_core.package_identification:_identify(.) by extension 'colcon_pkg'
[3.964s] Level 1:colcon.colcon_core.package_identification:_identify(.) by extensions ['colcon_meta']
[3.964s] Level 1:colcon.colcon_core.package_identification:_identify(.) by extension 'colcon_meta'
[3.964s] Level 1:colcon.colcon_core.package_identification:_identify(.) by extensions ['ros']
[3.964s] Level 1:colcon.colcon_core.package_identification:_identify(.) by extension 'ros'
[4.010s] Level 1:colcon.colcon_core.package_identification:_identify(.) by extensions ['cmake', 'python']
[4.011s] Level 1:colcon.colcon_core.package_identification:_identify(.) by extension 'cmake'
[4.011s] Level 1:colcon.colcon_core.package_identification:_identify(.) by extension 'python'
[4.011s] Level 1:colcon.colcon_core.package_identification:_identify(.) by extensions ['python_setup_py']
[4.011s] Level 1:colcon.colcon_core.package_identification:_identify(.) by extension 'python_setup_py'
[4.012s] Level 1:colcon.colcon_core.package_identification:_identify(build) by extensions ['ignore', 'ignore_ament_install']
[4.012s] Level 1:colcon.colcon_core.package_identification:_identify(build) by extension 'ignore'
[4.012s] Level 1:colcon.colcon_core.package_identification:_identify(build) ignored
[4.013s] Level 1:colcon.colcon_core.package_identification:_identify(install) by extensions ['ignore', 'ignore_ament_install']
[4.013s] Level 1:colcon.colcon_core.package_identification:_identify(install) by extension 'ignore'
[4.013s] Level 1:colcon.colcon_core.package_identification:_identify(install) ignored
[4.015s] Level 1:colcon.colcon_core.package_identification:_identify(log) by extensions ['ignore', 'ignore_ament_install']
[4.016s] Level 1:colcon.colcon_core.package_identification:_identify(log) by extension 'ignore'
[4.016s] Level 1:colcon.colcon_core.package_identification:_identify(log) ignored
[4.016s] Level 1:colcon.colcon_core.package_identification:_identify(src) by extensions ['ignore', 'ignore_ament_install']
[4.017s] Level 1:colcon.colcon_core.package_identification:_identify(src) by extension 'ignore'
[4.017s] Level 1:colcon.colcon_core.package_identification:_identify(src) by extension 'ignore_ament_install'
[4.017s] Level 1:colcon.colcon_core.package_identification:_identify(src) by extensions ['colcon_pkg']
[4.017s] Level 1:colcon.colcon_core.package_identification:_identify(src) by extension 'colcon_pkg'
[4.017s] Level 1:colcon.colcon_core.package_identification:_identify(src) by extensions ['colcon_meta']
[4.017s] Level 1:colcon.colcon_core.package_identification:_identify(src) by extension 'colcon_meta'
[4.018s] Level 1:colcon.colcon_core.package_identification:_identify(src) by extensions ['ros']
[4.018s] Level 1:colcon.colcon_core.package_identification:_identify(src) by extension 'ros'
[4.018s] Level 1:colcon.colcon_core.package_identification:_identify(src) by extensions ['cmake', 'python']
[4.018s] Level 1:colcon.colcon_core.package_identification:_identify(src) by extension 'cmake'
[4.018s] Level 1:colcon.colcon_core.package_identification:_identify(src) by extension 'python'
[4.019s] Level 1:colcon.colcon_core.package_identification:_identify(src) by extensions ['python_setup_py']
[4.019s] Level 1:colcon.colcon_core.package_identification:_identify(src) by extension 'python_setup_py'
[4.019s] Level 1:colcon.colcon_core.package_identification:_identify(src/launch) by extensions ['ignore', 'ignore_ament_install']
[4.019s] Level 1:colcon.colcon_core.package_identification:_identify(src/launch) by extension 'ignore'
[4.020s] Level 1:colcon.colcon_core.package_identification:_identify(src/launch) by extension 'ignore_ament_install'
[4.020s] Level 1:colcon.colcon_core.package_identification:_identify(src/launch) by extensions ['colcon_pkg']
[4.020s] Level 1:colcon.colcon_core.package_identification:_identify(src/launch) by extension 'colcon_pkg'
[4.020s] Level 1:colcon.colcon_core.package_identification:_identify(src/launch) by extensions ['colcon_meta']
[4.020s] Level 1:colcon.colcon_core.package_identification:_identify(src/launch) by extension 'colcon_meta'
[4.020s] Level 1:colcon.colcon_core.package_identification:_identify(src/launch) by extensions ['ros']
[4.021s] Level 1:colcon.colcon_core.package_identification:_identify(src/launch) by extension 'ros'
[4.021s] Level 1:colcon.colcon_core.package_identification:_identify(src/launch) by extensions ['cmake', 'python']
[4.021s] Level 1:colcon.colcon_core.package_identification:_identify(src/launch) by extension 'cmake'
[4.021s] Level 1:colcon.colcon_core.package_identification:_identify(src/launch) by extension 'python'
[4.021s] Level 1:colcon.colcon_core.package_identification:_identify(src/launch) by extensions ['python_setup_py']
[4.021s] Level 1:colcon.colcon_core.package_identification:_identify(src/launch) by extension 'python_setup_py'
[4.022s] Level 1:colcon.colcon_core.package_identification:_identify(src/worms_mech) by extensions ['ignore', 'ignore_ament_install']
[4.022s] Level 1:colcon.colcon_core.package_identification:_identify(src/worms_mech) by extension 'ignore'
[4.022s] Level 1:colcon.colcon_core.package_identification:_identify(src/worms_mech) by extension 'ignore_ament_install'
[4.023s] Level 1:colcon.colcon_core.package_identification:_identify(src/worms_mech) by extensions ['colcon_pkg']
[4.023s] Level 1:colcon.colcon_core.package_identification:_identify(src/worms_mech) by extension 'colcon_pkg'
[4.023s] Level 1:colcon.colcon_core.package_identification:_identify(src/worms_mech) by extensions ['colcon_meta']
[4.023s] Level 1:colcon.colcon_core.package_identification:_identify(src/worms_mech) by extension 'colcon_meta'
[4.023s] Level 1:colcon.colcon_core.package_identification:_identify(src/worms_mech) by extensions ['ros']
[4.023s] Level 1:colcon.colcon_core.package_identification:_identify(src/worms_mech) by extension 'ros'
[4.032s] DEBUG:colcon.colcon_core.package_identification:Package 'src/worms_mech' with type 'ros.ament_python' and name 'worms_mech'
[4.032s] Level 1:colcon.colcon_core.package_discovery:discover_packages(recursive) using defaults
[4.032s] Level 1:colcon.colcon_core.package_discovery:discover_packages(ignore) discover
[4.033s] Level 1:colcon.colcon_core.package_discovery:discover_packages(ignore) using defaults
[4.033s] Level 1:colcon.colcon_core.package_discovery:discover_packages(path) discover
[4.033s] Level 1:colcon.colcon_core.package_discovery:discover_packages(path) using defaults
[4.371s] Level 1:colcon.colcon_core.package_discovery:discover_packages(prefix_path) check parameters
[4.371s] Level 1:colcon.colcon_core.package_discovery:discover_packages(prefix_path) discover
[4.483s] DEBUG:colcon.colcon_installed_package_information.package_discovery:Found 1 installed packages in /home/worm3/worms_mech_ws/install
[4.543s] DEBUG:colcon.colcon_installed_package_information.package_discovery:Found 180 installed packages in /opt/ros/humble
[4.547s] Level 1:colcon.colcon_core.package_discovery:discover_packages(prefix_path) using defaults
[4.820s] Level 5:colcon.colcon_core.verb:set package 'worms_mech' build argument 'cmake_args' from command line to 'None'
[4.821s] Level 5:colcon.colcon_core.verb:set package 'worms_mech' build argument 'cmake_target' from command line to 'None'
[4.821s] Level 5:colcon.colcon_core.verb:set package 'worms_mech' build argument 'cmake_target_skip_unavailable' from command line to 'False'
[4.821s] Level 5:colcon.colcon_core.verb:set package 'worms_mech' build argument 'cmake_clean_cache' from command line to 'False'
[4.821s] Level 5:colcon.colcon_core.verb:set package 'worms_mech' build argument 'cmake_clean_first' from command line to 'False'
[4.821s] Level 5:colcon.colcon_core.verb:set package 'worms_mech' build argument 'cmake_force_configure' from command line to 'False'
[4.821s] Level 5:colcon.colcon_core.verb:set package 'worms_mech' build argument 'ament_cmake_args' from command line to 'None'
[4.821s] Level 5:colcon.colcon_core.verb:set package 'worms_mech' build argument 'catkin_cmake_args' from command line to 'None'
[4.821s] Level 5:colcon.colcon_core.verb:set package 'worms_mech' build argument 'catkin_skip_building_tests' from command line to 'False'
[4.821s] DEBUG:colcon.colcon_core.verb:Building package 'worms_mech' with the following arguments: {'ament_cmake_args': None, 'build_base': '/home/worm3/worms_mech_ws/build/worms_mech', 'catkin_cmake_args': None, 'catkin_skip_building_tests': False, 'cmake_args': None, 'cmake_clean_cache': False, 'cmake_clean_first': False, 'cmake_force_configure': False, 'cmake_target': None, 'cmake_target_skip_unavailable': False, 'install_base': '/home/worm3/worms_mech_ws/install/worms_mech', 'merge_install': False, 'path': '/home/worm3/worms_mech_ws/src/worms_mech', 'symlink_install': False, 'test_result_base': None}
[4.874s] INFO:colcon.colcon_core.executor:Executing jobs using 'parallel' executor
[4.930s] DEBUG:colcon.colcon_parallel_executor.executor.parallel:run_until_complete
[4.931s] INFO:colcon.colcon_ros.task.ament_python.build:Building ROS package in '/home/worm3/worms_mech_ws/src/worms_mech' with build type 'ament_python'
[4.931s] Level 1:colcon.colcon_core.shell:create_environment_hook('worms_mech', 'ament_prefix_path')
[4.993s] INFO:colcon.colcon_core.plugin_system:Skipping extension 'colcon_core.shell.bat': Not used on non-Windows systems
[4.994s] INFO:colcon.colcon_core.shell:Creating environment hook '/home/worm3/worms_mech_ws/install/worms_mech/share/worms_mech/hook/ament_prefix_path.ps1'
[4.997s] INFO:colcon.colcon_core.shell:Creating environment descriptor '/home/worm3/worms_mech_ws/install/worms_mech/share/worms_mech/hook/ament_prefix_path.dsv'
[4.999s] INFO:colcon.colcon_core.shell:Creating environment hook '/home/worm3/worms_mech_ws/install/worms_mech/share/worms_mech/hook/ament_prefix_path.sh'
[5.056s] INFO:colcon.colcon_core.shell:Skip shell extension 'powershell' for command environment: Not usable outside of PowerShell
[5.056s] DEBUG:colcon.colcon_core.shell:Skip shell extension 'dsv' for command environment
[6.234s] INFO:colcon.colcon_core.task.python.build:Building Python package in '/home/worm3/worms_mech_ws/src/worms_mech'
[6.289s] INFO:colcon.colcon_core.shell:Skip shell extension 'powershell' for command environment: Not usable outside of PowerShell
[6.290s] DEBUG:colcon.colcon_core.shell:Skip shell extension 'dsv' for command environment
[7.737s] DEBUG:colcon.colcon_core.event_handler.log_command:Invoking command in '/home/worm3/worms_mech_ws/src/worms_mech': PYTHONPATH=/home/worm3/worms_mech_ws/build/worms_mech/prefix_override:/home/worm3/worms_mech_ws/install/worms_mech/lib/python3.10/site-packages:${PYTHONPATH} /usr/bin/python3 setup.py egg_info --egg-base ../../build/worms_mech build --build-base /home/worm3/worms_mech_ws/build/worms_mech/build install --record /home/worm3/worms_mech_ws/build/worms_mech/install.log --single-version-externally-managed
[8.926s] DEBUG:colcon.colcon_core.event_handler.log_command:Invoked command in '/home/worm3/worms_mech_ws/src/worms_mech' returned '0': PYTHONPATH=/home/worm3/worms_mech_ws/build/worms_mech/prefix_override:/home/worm3/worms_mech_ws/install/worms_mech/lib/python3.10/site-packages:${PYTHONPATH} /usr/bin/python3 setup.py egg_info --egg-base ../../build/worms_mech build --build-base /home/worm3/worms_mech_ws/build/worms_mech/build install --record /home/worm3/worms_mech_ws/build/worms_mech/install.log --single-version-externally-managed
[8.991s] Level 1:colcon.colcon_core.environment:checking '/home/worm3/worms_mech_ws/install/worms_mech' for CMake module files
[8.994s] Level 1:colcon.colcon_core.environment:checking '/home/worm3/worms_mech_ws/install/worms_mech' for CMake config files
[8.998s] Level 1:colcon.colcon_core.environment:checking '/home/worm3/worms_mech_ws/install/worms_mech/lib'
[8.999s] Level 1:colcon.colcon_core.environment:checking '/home/worm3/worms_mech_ws/install/worms_mech/bin'
[8.999s] Level 1:colcon.colcon_core.environment:checking '/home/worm3/worms_mech_ws/install/worms_mech/lib/pkgconfig/worms_mech.pc'
[9.000s] Level 1:colcon.colcon_core.environment:checking '/home/worm3/worms_mech_ws/install/worms_mech/lib/python3.10/site-packages'
[9.000s] Level 1:colcon.colcon_core.shell:create_environment_hook('worms_mech', 'pythonpath')
[9.054s] INFO:colcon.colcon_core.shell:Creating environment hook '/home/worm3/worms_mech_ws/install/worms_mech/share/worms_mech/hook/pythonpath.ps1'
[9.057s] INFO:colcon.colcon_core.shell:Creating environment descriptor '/home/worm3/worms_mech_ws/install/worms_mech/share/worms_mech/hook/pythonpath.dsv'
[9.058s] INFO:colcon.colcon_core.shell:Creating environment hook '/home/worm3/worms_mech_ws/install/worms_mech/share/worms_mech/hook/pythonpath.sh'
[9.060s] Level 1:colcon.colcon_core.environment:checking '/home/worm3/worms_mech_ws/install/worms_mech/bin'
[9.061s] Level 1:colcon.colcon_core.environment:create_environment_scripts_only(worms_mech)
[9.116s] INFO:colcon.colcon_core.shell:Creating package script '/home/worm3/worms_mech_ws/install/worms_mech/share/worms_mech/package.ps1'
[9.119s] INFO:colcon.colcon_core.shell:Creating package descriptor '/home/worm3/worms_mech_ws/install/worms_mech/share/worms_mech/package.dsv'
[9.122s] INFO:colcon.colcon_core.shell:Creating package script '/home/worm3/worms_mech_ws/install/worms_mech/share/worms_mech/package.sh'
[9.125s] INFO:colcon.colcon_core.shell:Creating package script '/home/worm3/worms_mech_ws/install/worms_mech/share/worms_mech/package.bash'
[9.129s] INFO:colcon.colcon_core.shell:Creating package script '/home/worm3/worms_mech_ws/install/worms_mech/share/worms_mech/package.zsh'
[9.131s] Level 1:colcon.colcon_core.environment:create_file_with_runtime_dependencies(/home/worm3/worms_mech_ws/install/worms_mech/share/colcon-core/packages/worms_mech)
[9.133s] DEBUG:colcon.colcon_parallel_executor.executor.parallel:closing loop
[9.134s] DEBUG:colcon.colcon_parallel_executor.executor.parallel:loop closed
[9.134s] DEBUG:colcon.colcon_parallel_executor.executor.parallel:run_until_complete finished with '0'
[9.134s] DEBUG:colcon.colcon_core.event_reactor:joining thread
[9.209s] INFO:colcon.colcon_core.plugin_system:Skipping extension 'colcon_notification.desktop_notification.terminal_notifier': Not used on non-Darwin systems
[9.209s] INFO:colcon.colcon_core.plugin_system:Skipping extension 'colcon_notification.desktop_notification.win32': Not used on non-Windows systems
[9.209s] INFO:colcon.colcon_notification.desktop_notification:Sending desktop notification using 'notify2'
[9.250s] DEBUG:colcon.colcon_core.event_reactor:joined thread
[9.308s] INFO:colcon.colcon_core.shell:Creating prefix script '/home/worm3/worms_mech_ws/install/local_setup.ps1'
[9.311s] INFO:colcon.colcon_core.shell:Creating prefix util module '/home/worm3/worms_mech_ws/install/_local_setup_util_ps1.py'
[9.317s] INFO:colcon.colcon_core.shell:Creating prefix chain script '/home/worm3/worms_mech_ws/install/setup.ps1'
[9.373s] INFO:colcon.colcon_core.shell:Creating prefix script '/home/worm3/worms_mech_ws/install/local_setup.sh'
[9.376s] INFO:colcon.colcon_core.shell:Creating prefix util module '/home/worm3/worms_mech_ws/install/_local_setup_util_sh.py'
[9.378s] INFO:colcon.colcon_core.shell:Creating prefix chain script '/home/worm3/worms_mech_ws/install/setup.sh'
[9.435s] INFO:colcon.colcon_core.shell:Creating prefix script '/home/worm3/worms_mech_ws/install/local_setup.bash'
[9.437s] INFO:colcon.colcon_core.shell:Creating prefix chain script '/home/worm3/worms_mech_ws/install/setup.bash'
[9.494s] INFO:colcon.colcon_core.shell:Creating prefix script '/home/worm3/worms_mech_ws/install/local_setup.zsh'
[9.497s] INFO:colcon.colcon_core.shell:Creating prefix chain script '/home/worm3/worms_mech_ws/install/setup.zsh'
