[2.791s] Invoking command in '/home/worm3/worms_mech_ws/src/worms_mech': PYTHONPATH=/home/worm3/worms_mech_ws/build/worms_mech/prefix_override:/home/worm3/worms_mech_ws/install/worms_mech/lib/python3.10/site-packages:${PYTHONPATH} /usr/bin/python3 setup.py egg_info --egg-base ../../build/worms_mech build --build-base /home/worm3/worms_mech_ws/build/worms_mech/build install --record /home/worm3/worms_mech_ws/build/worms_mech/install.log --single-version-externally-managed
[3.706s] running egg_info
[3.709s] writing ../../build/worms_mech/worms_mech.egg-info/PKG-INFO
[3.710s] writing dependency_links to ../../build/worms_mech/worms_mech.egg-info/dependency_links.txt
[3.711s] writing entry points to ../../build/worms_mech/worms_mech.egg-info/entry_points.txt
[3.712s] writing requirements to ../../build/worms_mech/worms_mech.egg-info/requires.txt
[3.712s] writing top-level names to ../../build/worms_mech/worms_mech.egg-info/top_level.txt
[3.721s] reading manifest file '../../build/worms_mech/worms_mech.egg-info/SOURCES.txt'
[3.725s] writing manifest file '../../build/worms_mech/worms_mech.egg-info/SOURCES.txt'
[3.726s] running build
[3.726s] running build_py
[3.728s] copying worms_mech/gait_manager.py -> /home/worm3/worms_mech_ws/build/worms_mech/build/lib/worms_mech
[3.732s] running install
[3.732s] /usr/lib/python3/dist-packages/setuptools/command/install.py:34: SetuptoolsDeprecationWarning: setup.py install is deprecated. Use build and pip and other standards-based tools.
[3.733s]   warnings.warn(
[3.733s] running install_lib
[3.738s] copying /home/worm3/worms_mech_ws/build/worms_mech/build/lib/worms_mech/gait_manager.py -> /home/worm3/worms_mech_ws/install/worms_mech/lib/python3.10/site-packages/worms_mech
[3.742s] byte-compiling /home/worm3/worms_mech_ws/install/worms_mech/lib/python3.10/site-packages/worms_mech/gait_manager.py to gait_manager.cpython-310.pyc
[3.750s] running install_data
[3.752s] running install_egg_info
[3.758s] removing '/home/worm3/worms_mech_ws/install/worms_mech/lib/python3.10/site-packages/worms_mech-0.0.0-py3.10.egg-info' (and everything under it)
[3.760s] Copying ../../build/worms_mech/worms_mech.egg-info to /home/worm3/worms_mech_ws/install/worms_mech/lib/python3.10/site-packages/worms_mech-0.0.0-py3.10.egg-info
[3.765s] running install_scripts
[3.840s] Installing camera_scanner script to /home/worm3/worms_mech_ws/install/worms_mech/lib/worms_mech
[3.841s] Installing controller_node script to /home/worm3/worms_mech_ws/install/worms_mech/lib/worms_mech
[3.842s] Installing gait_action_node script to /home/worm3/worms_mech_ws/install/worms_mech/lib/worms_mech
[3.843s] Installing gait_manager script to /home/worm3/worms_mech_ws/install/worms_mech/lib/worms_mech
[3.844s] Installing gait_parser script to /home/worm3/worms_mech_ws/install/worms_mech/lib/worms_mech
[3.845s] Installing hardware_interface script to /home/worm3/worms_mech_ws/install/worms_mech/lib/worms_mech
[3.846s] Installing joint_command_publisher script to /home/worm3/worms_mech_ws/install/worms_mech/lib/worms_mech
[3.846s] Installing joystick_control script to /home/worm3/worms_mech_ws/install/worms_mech/lib/worms_mech
[3.847s] Installing stand_node script to /home/worm3/worms_mech_ws/install/worms_mech/lib/worms_mech
[3.848s] Installing testbed_interface script to /home/worm3/worms_mech_ws/install/worms_mech/lib/worms_mech
[3.851s] writing list of installed files to '/home/worm3/worms_mech_ws/build/worms_mech/install.log'
[3.966s] Invoked command in '/home/worm3/worms_mech_ws/src/worms_mech' returned '0': PYTHONPATH=/home/worm3/worms_mech_ws/build/worms_mech/prefix_override:/home/worm3/worms_mech_ws/install/worms_mech/lib/python3.10/site-packages:${PYTHONPATH} /usr/bin/python3 setup.py egg_info --egg-base ../../build/worms_mech build --build-base /home/worm3/worms_mech_ws/build/worms_mech/build install --record /home/worm3/worms_mech_ws/build/worms_mech/install.log --single-version-externally-managed
