[0.750s] Invoking command in '/home/jacobrod/worms_mech_ws/src/worms_mech': PYTHONPATH=/home/jacobrod/worms_mech_ws/build/worms_mech/prefix_override:/home/jacobrod/worms_mech_ws/install/worms_mech/lib/python3.10/site-packages:${PYTHONPATH} /usr/bin/python3 setup.py egg_info --egg-base ../../build/worms_mech build --build-base /home/jacobrod/worms_mech_ws/build/worms_mech/build install --record /home/jacobrod/worms_mech_ws/build/worms_mech/install.log --single-version-externally-managed
[0.989s] running egg_info
[0.990s] writing ../../build/worms_mech/worms_mech.egg-info/PKG-INFO
[0.990s] writing dependency_links to ../../build/worms_mech/worms_mech.egg-info/dependency_links.txt
[0.990s] writing entry points to ../../build/worms_mech/worms_mech.egg-info/entry_points.txt
[0.990s] writing requirements to ../../build/worms_mech/worms_mech.egg-info/requires.txt
[0.991s] writing top-level names to ../../build/worms_mech/worms_mech.egg-info/top_level.txt
[0.992s] reading manifest file '../../build/worms_mech/worms_mech.egg-info/SOURCES.txt'
[0.993s] writing manifest file '../../build/worms_mech/worms_mech.egg-info/SOURCES.txt'
[0.994s] running build
[0.994s] running build_py
[0.994s] running install
[0.994s] /usr/lib/python3/dist-packages/setuptools/command/install.py:34: SetuptoolsDeprecationWarning: setup.py install is deprecated. Use build and pip and other standards-based tools.
[0.994s]   warnings.warn(
[0.995s] running install_lib
[0.996s] running install_data
[0.997s] running install_egg_info
[0.999s] removing '/home/jacobrod/worms_mech_ws/install/worms_mech/lib/python3.10/site-packages/worms_mech-0.0.0-py3.10.egg-info' (and everything under it)
[0.999s] Copying ../../build/worms_mech/worms_mech.egg-info to /home/jacobrod/worms_mech_ws/install/worms_mech/lib/python3.10/site-packages/worms_mech-0.0.0-py3.10.egg-info
[1.000s] running install_scripts
[1.020s] Installing gait_parser script to /home/jacobrod/worms_mech_ws/install/worms_mech/lib/worms_mech
[1.020s] Installing hardware_interface script to /home/jacobrod/worms_mech_ws/install/worms_mech/lib/worms_mech
[1.020s] Installing joint_command_publisher script to /home/jacobrod/worms_mech_ws/install/worms_mech/lib/worms_mech
[1.021s] Installing joystick_control script to /home/jacobrod/worms_mech_ws/install/worms_mech/lib/worms_mech
[1.021s] Installing testbed_interface script to /home/jacobrod/worms_mech_ws/install/worms_mech/lib/worms_mech
[1.021s] writing list of installed files to '/home/jacobrod/worms_mech_ws/build/worms_mech/install.log'
[1.045s] Invoked command in '/home/jacobrod/worms_mech_ws/src/worms_mech' returned '0': PYTHONPATH=/home/jacobrod/worms_mech_ws/build/worms_mech/prefix_override:/home/jacobrod/worms_mech_ws/install/worms_mech/lib/python3.10/site-packages:${PYTHONPATH} /usr/bin/python3 setup.py egg_info --egg-base ../../build/worms_mech build --build-base /home/jacobrod/worms_mech_ws/build/worms_mech/build install --record /home/jacobrod/worms_mech_ws/build/worms_mech/install.log --single-version-externally-managed
