[0.136s] Invoking command in '/home/jacobrod/worms_ws/build/worms_gazebo': CMAKE_PREFIX_PATH=${CMAKE_PREFIX_PATH}:/home/jacobrod/worms_ws/src/install/worms_mech:/home/jacobrod/worms_ws/install/worms_mech:/opt/ros/humble /usr/bin/cmake /home/jacobrod/worms_ws/src/worms_gazebo -DBUILD_TESTING=ON -DCMAKE_INSTALL_PREFIX=/home/jacobrod/worms_ws/install/worms_gazebo
[1.286s] -- The C compiler identification is GNU 11.4.0
[1.286s] -- The CXX compiler identification is GNU 11.4.0
[1.286s] -- Detecting C compiler ABI info
[1.287s] -- Detecting C compiler ABI info - done
[1.287s] -- Check for working C compiler: /usr/bin/cc - skipped
[1.287s] -- Detecting C compile features
[1.287s] -- Detecting C compile features - done
[1.287s] -- Detecting CXX compiler ABI info
[1.287s] -- Detecting CXX compiler ABI info - done
[1.287s] -- Check for working CXX compiler: /usr/bin/c++ - skipped
[1.288s] -- Detecting CXX compile features
[1.288s] -- Detecting CXX compile features - done
[1.288s] -- Found ament_cmake: 1.3.5 (/opt/ros/humble/share/ament_cmake/cmake)
[1.288s] -- Found Python3: /usr/bin/python3.10 (found version "3.10.12") found components: Interpreter 
[1.288s] -- Looking for gz-plugin2 -- found version 2.0.2
[1.289s] -- Searching for dependencies of gz-plugin2
[1.289s] -- Looking for gz-utils2 -- found version 2.1.0
[1.289s] -- Searching for dependencies of gz-utils2
[1.289s] -- Searching for <gz-utils2> component [cli]
[1.289s] -- Looking for gz-utils2-cli -- found version 2.1.0
[1.289s] -- Searching for dependencies of gz-utils2-cli
[1.289s] -- Searching for <gz-plugin2> component [register]
[1.289s] -- Looking for gz-plugin2-register -- found version 2.0.2
[1.290s] -- Searching for dependencies of gz-plugin2-register
[1.290s] -- Looking for gz-common5 -- found version 5.4.2
[1.290s] -- Searching for dependencies of gz-common5
[1.290s] -- Looking for gz-utils2 -- found version 2.1.0
[1.292s] -- Looking for dlfcn.h - found
[1.292s] -- Looking for libdl - found
[1.292s] -- Found DL: TRUE  
[1.293s] -- Checking for module 'uuid'
[1.293s] --   Found uuid, version 2.37.2
[1.347s] -- Found UUID: TRUE  
[1.348s] -- Searching for <gz-common5> component [profiler]
[1.354s] -- Looking for gz-common5-profiler -- found version 5.4.2
[1.356s] -- Searching for dependencies of gz-common5-profiler
[1.363s] -- Looking for gz-sim7 -- found version 7.6.0
[1.363s] -- Searching for dependencies of gz-sim7
[1.369s] -- Looking for sdformat13 -- found version 13.6.0
[1.371s] -- Searching for dependencies of sdformat13
[1.380s] -- Checking for module 'tinyxml2'
[1.404s] --   Found tinyxml2, version 9.0.0
[1.486s] -- Looking for gz-math7 -- found version 7.3.0
[1.492s] -- Searching for dependencies of gz-math7
[1.500s] -- Looking for gz-utils2 -- found version 2.1.0
[1.507s] -- Looking for gz-utils2 -- found version 2.1.0
[1.508s] -- Looking for gz-plugin2 -- found version 2.0.2
[1.508s] -- Searching for dependencies of gz-plugin2
[1.509s] -- Looking for gz-utils2 -- found version 2.1.0
[1.509s] -- Searching for <gz-plugin2> component [loader]
[1.510s] -- Looking for gz-plugin2-loader -- found version 2.0.2
[1.510s] -- Searching for dependencies of gz-plugin2-loader
[1.511s] -- Searching for <gz-plugin2> component [register]
[1.524s] -- Looking for gz-transport12 -- found version 12.2.1
[1.525s] -- Searching for dependencies of gz-transport12
[1.735s] -- Found Protobuf: /usr/lib/x86_64-linux-gnu/libprotobuf.so (found version "3.12.4") 
[1.758s] -- Config-file not installed for ZeroMQ -- checking for pkg-config
[1.765s] -- Checking for module 'libzmq >= 4'
[1.784s] --   Found libzmq , version 4.3.4
[1.830s] -- Found ZeroMQ: TRUE (Required is at least version "4") 
[1.839s] -- Looking for gz-utils2 -- found version 2.1.0
[1.845s] -- Looking for gz-msgs9 -- found version 9.5.0
[1.845s] -- Searching for dependencies of gz-msgs9
[1.878s] -- Looking for gz-math7 -- found version 7.3.0
[1.885s] -- Searching for <gz-transport12> component [log]
[1.889s] -- Looking for gz-transport12-log -- found version 12.2.1
[1.890s] -- Searching for dependencies of gz-transport12-log
[1.891s] -- Searching for <gz-transport12> component [parameters]
[1.896s] -- Looking for gz-transport12-parameters -- found version 12.2.1
[1.896s] -- Searching for dependencies of gz-transport12-parameters
[1.898s] -- Looking for gz-msgs9 -- found version 9.5.0
[1.898s] -- Looking for gz-common5 -- found version 5.4.2
[1.899s] -- Searching for dependencies of gz-common5
[1.900s] -- Looking for gz-utils2 -- found version 2.1.0
[1.900s] -- Looking for dlfcn.h - found
[1.900s] -- Looking for libdl - found
[1.913s] -- Searching for <gz-common5> component [profiler]
[1.914s] -- Searching for <gz-common5> component [events]
[1.921s] -- Looking for gz-common5-events -- found version 5.4.2
[1.921s] -- Searching for dependencies of gz-common5-events
[1.922s] -- Looking for gz-math7 -- found version 7.3.0
[1.923s] -- Searching for <gz-common5> component [av]
[1.928s] -- Looking for gz-common5-av -- found version 5.4.2
[1.929s] -- Searching for dependencies of gz-common5-av
[1.935s] -- Checking for module 'libswscale'
[1.955s] --   Found libswscale, version 5.9.100
[1.999s] -- Found SWSCALE: TRUE  
[2.005s] -- Checking for module 'libavdevice >= 56.4.100'
[2.023s] --   Found libavdevice , version 58.13.100
[2.075s] -- Found AVDEVICE: TRUE (Required is at least version "56.4.100") 
[2.078s] -- Checking for module 'libavformat'
[2.096s] --   Found libavformat, version 58.76.100
[2.143s] -- Found AVFORMAT: TRUE  
[2.150s] -- Checking for module 'libavcodec'
[2.168s] --   Found libavcodec, version 58.134.100
[2.209s] -- Found AVCODEC: TRUE  
[2.217s] -- Checking for module 'libavutil'
[2.236s] --   Found libavutil, version 56.70.100
[2.283s] -- Found AVUTIL: TRUE  
[2.284s] -- Searching for <gz-common5> component [io]
[2.290s] -- Looking for gz-common5-io -- found version 5.4.2
[2.290s] -- Searching for dependencies of gz-common5-io
[2.295s] -- Looking for gz-fuel_tools8 -- found version 8.1.0
[2.295s] -- Searching for dependencies of gz-fuel_tools8
[2.407s] -- Found CURL: /usr/lib/x86_64-linux-gnu/libcurl.so (found version "7.81.0")  
[2.423s] -- Checking for module 'jsoncpp'
[2.443s] --   Found jsoncpp, version 1.9.5
[2.488s] -- Found JSONCPP: TRUE  
[2.497s] -- Checking for module 'libzip'
[2.516s] --   Found libzip, version 1.7.3
[2.557s] -- Found ZIP: TRUE  
[2.558s] -- Looking for gz-utils2 -- found version 2.1.0
[2.558s] -- Looking for gz-common5 -- found version 5.4.2
[2.559s] -- Searching for dependencies of gz-common5
[2.560s] -- Looking for gz-utils2 -- found version 2.1.0
[2.560s] -- Looking for dlfcn.h - found
[2.560s] -- Looking for libdl - found
[2.569s] -- Searching for <gz-common5> component [testing]
[2.575s] -- Looking for gz-common5-testing -- found version 5.4.2
[2.576s] -- Searching for dependencies of gz-common5-testing
[2.576s] -- Looking for gz-math7 -- found version 7.3.0
[2.576s] -- Looking for gz-msgs9 -- found version 9.5.0
[2.583s] -- Looking for gz-gui7 -- found version 7.2.1
[2.584s] -- Searching for dependencies of gz-gui7
[2.619s] -- Looking for gz-utils2 -- found version 2.1.0
[2.620s] -- Looking for gz-math7 -- found version 7.3.0
[2.621s] -- Looking for gz-common5 -- found version 5.4.2
[2.621s] -- Looking for gz-plugin2 -- found version 2.0.2
[2.622s] -- Looking for gz-transport12 -- found version 12.2.1
[2.630s] -- Looking for gz-rendering7 -- found version 7.4.2
[2.630s] -- Searching for dependencies of gz-rendering7
[2.630s] -- Looking for gz-math7 -- found version 7.3.0
[2.631s] -- Searching for dependencies of gz-math7
[2.631s] -- Looking for gz-utils2 -- found version 2.1.0
[2.632s] -- Searching for <gz-math7> component [eigen3]
[2.637s] -- Looking for gz-math7-eigen3 -- found version 7.3.0
[2.638s] -- Searching for dependencies of gz-math7-eigen3
[2.649s] -- Looking for gz-common5 -- found version 5.4.2
[2.650s] -- Searching for dependencies of gz-common5
[2.650s] -- Looking for gz-utils2 -- found version 2.1.0
[2.650s] -- Looking for dlfcn.h - found
[2.651s] -- Looking for libdl - found
[2.661s] -- Searching for <gz-common5> component [graphics]
[2.664s] -- Looking for gz-common5-graphics -- found version 5.4.2
[2.665s] -- Searching for dependencies of gz-common5-graphics
[2.665s] -- Looking for gz-math7 -- found version 7.3.0
[2.681s] -- Found GzAssimp: TRUE (found version "5.2.0") 
[2.682s] -- Searching for <gz-common5> component [events]
[2.682s] -- Searching for <gz-common5> component [geospatial]
[2.689s] -- Looking for gz-common5-geospatial -- found version 5.4.2
[2.689s] -- Searching for dependencies of gz-common5-geospatial
[2.690s] -- Looking for gz-math7 -- found version 7.3.0
[2.691s] -- Looking for gz-common5 -- found version 5.4.2
[2.693s] -- Looking for gz-plugin2 -- found version 2.0.2
[2.693s] -- Searching for dependencies of gz-plugin2
[2.694s] -- Looking for gz-utils2 -- found version 2.1.0
[2.694s] -- Searching for <gz-plugin2> component [all]
[2.700s] -- Looking for all libraries of gz-plugin2 -- found version 2.0.2
[2.700s] -- Looking for gz-plugin2 -- found version 2.0.2
[2.703s] -- Looking for gz-utils2 -- found version 2.1.0
[2.713s] -- Found OpenGL: /usr/lib/x86_64-linux-gnu/libOpenGL.so  found components: OpenGL 
[2.715s] -- Looking for gz-msgs9 -- found version 9.5.0
[2.743s] -- Looking for gz-physics6 -- found version 6.5.1
[2.744s] -- Searching for dependencies of gz-physics6
[2.745s] -- Looking for gz-math7 -- found version 7.3.0
[2.745s] -- Looking for gz-plugin2 -- found version 2.0.2
[2.746s] -- Looking for gz-utils2 -- found version 2.1.0
[2.748s] -- Searching for <gz-physics6> component [heightmap]
[2.754s] -- Looking for gz-physics6-heightmap -- found version 6.5.1
[2.755s] -- Searching for dependencies of gz-physics6-heightmap
[2.756s] -- Looking for gz-common5 -- found version 5.4.2
[2.756s] -- Searching for <gz-physics6> component [mesh]
[2.763s] -- Looking for gz-physics6-mesh -- found version 6.5.1
[2.763s] -- Searching for dependencies of gz-physics6-mesh
[2.764s] -- Looking for gz-common5 -- found version 5.4.2
[2.765s] -- Searching for <gz-physics6> component [sdf]
[2.770s] -- Looking for gz-physics6-sdf -- found version 6.5.1
[2.770s] -- Searching for dependencies of gz-physics6-sdf
[2.771s] -- Looking for sdformat13 -- found version 13.6.0
[2.779s] -- Looking for gz-sensors7 -- found version 7.3.0
[2.780s] -- Searching for dependencies of gz-sensors7
[2.814s] -- Looking for gz-math7 -- found version 7.3.0
[2.814s] -- Looking for gz-common5 -- found version 5.4.2
[2.815s] -- Looking for gz-transport12 -- found version 12.2.1
[2.816s] -- Looking for gz-rendering7 -- found version 7.4.2
[2.816s] -- Looking for gz-msgs9 -- found version 9.5.0
[2.817s] -- Looking for sdformat13 -- found version 13.6.0
[2.818s] -- Searching for <gz-sensors7> component [air_pressure]
[2.824s] -- Looking for gz-sensors7-air_pressure -- found version 7.3.0
[2.825s] -- Searching for dependencies of gz-sensors7-air_pressure
[2.826s] -- Searching for <gz-sensors7> component [air_speed]
[2.832s] -- Looking for gz-sensors7-air_speed -- found version 7.3.0
[2.833s] -- Searching for dependencies of gz-sensors7-air_speed
[2.833s] -- Searching for <gz-sensors7> component [altimeter]
[2.840s] -- Looking for gz-sensors7-altimeter -- found version 7.3.0
[2.841s] -- Searching for dependencies of gz-sensors7-altimeter
[2.842s] -- Searching for <gz-sensors7> component [imu]
[2.848s] -- Looking for gz-sensors7-imu -- found version 7.3.0
[2.849s] -- Searching for dependencies of gz-sensors7-imu
[2.849s] -- Searching for <gz-sensors7> component [force_torque]
[2.856s] -- Looking for gz-sensors7-force_torque -- found version 7.3.0
[2.856s] -- Searching for dependencies of gz-sensors7-force_torque
[2.857s] -- Searching for <gz-sensors7> component [logical_camera]
[2.863s] -- Looking for gz-sensors7-logical_camera -- found version 7.3.0
[2.864s] -- Searching for dependencies of gz-sensors7-logical_camera
[2.864s] -- Searching for <gz-sensors7> component [magnetometer]
[2.873s] -- Looking for gz-sensors7-magnetometer -- found version 7.3.0
[2.873s] -- Searching for dependencies of gz-sensors7-magnetometer
[2.873s] -- Searching for <gz-sensors7> component [navsat]
[2.879s] -- Looking for gz-sensors7-navsat -- found version 7.3.0
[2.879s] -- Searching for dependencies of gz-sensors7-navsat
[2.881s] -- Searching for <gz-sensors7> component [rendering]
[2.887s] -- Looking for gz-sensors7-rendering -- found version 7.3.0
[2.888s] -- Searching for dependencies of gz-sensors7-rendering
[2.889s] -- Searching for <gz-sensors7> component [lidar]
[2.896s] -- Looking for gz-sensors7-lidar -- found version 7.3.0
[2.897s] -- Searching for dependencies of gz-sensors7-lidar
[2.898s] -- Looking for gz-sensors7 -- found version 7.3.0
[2.899s] -- Searching for <gz-sensors7> component [gpu_lidar]
[2.906s] -- Looking for gz-sensors7-gpu_lidar -- found version 7.3.0
[2.907s] -- Searching for dependencies of gz-sensors7-gpu_lidar
[2.907s] -- Looking for gz-sensors7 -- found version 7.3.0
[2.908s] -- Searching for <gz-sensors7> component [camera]
[2.914s] -- Looking for gz-sensors7-camera -- found version 7.3.0
[2.914s] -- Searching for dependencies of gz-sensors7-camera
[2.915s] -- Looking for gz-sensors7 -- found version 7.3.0
[2.916s] -- Searching for <gz-sensors7> component [boundingbox_camera]
[2.922s] -- Looking for gz-sensors7-boundingbox_camera -- found version 7.3.0
[2.923s] -- Searching for dependencies of gz-sensors7-boundingbox_camera
[2.924s] -- Searching for <gz-sensors7> component [segmentation_camera]
[2.931s] -- Looking for gz-sensors7-segmentation_camera -- found version 7.3.0
[2.932s] -- Searching for dependencies of gz-sensors7-segmentation_camera
[2.933s] -- Searching for <gz-sensors7> component [depth_camera]
[2.941s] -- Looking for gz-sensors7-depth_camera -- found version 7.3.0
[2.941s] -- Searching for dependencies of gz-sensors7-depth_camera
[2.942s] -- Looking for gz-sensors7 -- found version 7.3.0
[2.943s] -- Searching for <gz-sensors7> component [rgbd_camera]
[2.950s] -- Looking for gz-sensors7-rgbd_camera -- found version 7.3.0
[2.951s] -- Searching for dependencies of gz-sensors7-rgbd_camera
[2.952s] -- Looking for gz-sensors7 -- found version 7.3.0
[2.952s] -- Searching for <gz-sensors7> component [thermal_camera]
[2.958s] -- Looking for gz-sensors7-thermal_camera -- found version 7.3.0
[2.959s] -- Searching for dependencies of gz-sensors7-thermal_camera
[2.960s] -- Looking for gz-sensors7 -- found version 7.3.0
[2.961s] -- Searching for <gz-sensors7> component [wide_angle_camera]
[2.966s] -- Looking for gz-sensors7-wide_angle_camera -- found version 7.3.0
[2.967s] -- Searching for dependencies of gz-sensors7-wide_angle_camera
[2.969s] -- Looking for gz-rendering7 -- found version 7.4.2
[2.969s] -- Looking for gz-math7 -- found version 7.3.0
[2.970s] -- Looking for gz-utils2 -- found version 2.1.0
[2.999s] -- Found ament_lint_auto: 0.12.8 (/opt/ros/humble/share/ament_lint_auto/cmake)
[3.106s] -- Added test 'copyright' to check source files copyright and LICENSE
[3.110s] -- Added test 'cppcheck' to perform static code analysis on C / C++ code
[3.110s] -- Configured cppcheck include dirs: /home/jacobrod/worms_ws/src/worms_gazebo/include
[3.110s] -- Configured cppcheck exclude dirs and/or files: 
[3.114s] -- Added test 'cpplint' to check C / C++ code against the Google style
[3.114s] -- Configured cpplint exclude dirs and/or files: 
[3.116s] -- Added test 'lint_cmake' to check CMake code style
[3.118s] -- Added test 'uncrustify' to check C / C++ code style
[3.118s] -- Configured uncrustify additional arguments: 
[3.120s] -- Added test 'xmllint' to check XML markup files
[3.124s] -- Configuring done
[3.145s] -- Generating done
[3.148s] -- Build files have been written to: /home/jacobrod/worms_ws/build/worms_gazebo
[3.403s] Invoked command in '/home/jacobrod/worms_ws/build/worms_gazebo' returned '0': CMAKE_PREFIX_PATH=${CMAKE_PREFIX_PATH}:/home/jacobrod/worms_ws/src/install/worms_mech:/home/jacobrod/worms_ws/install/worms_mech:/opt/ros/humble /usr/bin/cmake /home/jacobrod/worms_ws/src/worms_gazebo -DBUILD_TESTING=ON -DCMAKE_INSTALL_PREFIX=/home/jacobrod/worms_ws/install/worms_gazebo
[3.405s] Invoking command in '/home/jacobrod/worms_ws/build/worms_gazebo': CMAKE_PREFIX_PATH=${CMAKE_PREFIX_PATH}:/home/jacobrod/worms_ws/src/install/worms_mech:/home/jacobrod/worms_ws/install/worms_mech:/opt/ros/humble /usr/bin/cmake --build /home/jacobrod/worms_ws/build/worms_gazebo -- -j8 -l8
[3.482s] [ 25%] [32mBuilding CXX object CMakeFiles/BasicSystem.dir/src/BasicSystem.cc.o[0m
[3.485s] [ 50%] [32mBuilding CXX object CMakeFiles/FullSystem.dir/src/FullSystem.cc.o[0m
[7.446s] [ 75%] [32m[1mLinking CXX shared library libBasicSystem.so[0m
[7.833s] [ 75%] Built target BasicSystem
[8.047s] [100%] [32m[1mLinking CXX shared library libFullSystem.so[0m
[8.386s] [100%] Built target FullSystem
[8.407s] Invoked command in '/home/jacobrod/worms_ws/build/worms_gazebo' returned '0': CMAKE_PREFIX_PATH=${CMAKE_PREFIX_PATH}:/home/jacobrod/worms_ws/src/install/worms_mech:/home/jacobrod/worms_ws/install/worms_mech:/opt/ros/humble /usr/bin/cmake --build /home/jacobrod/worms_ws/build/worms_gazebo -- -j8 -l8
[8.467s] Invoking command in '/home/jacobrod/worms_ws/build/worms_gazebo': CMAKE_PREFIX_PATH=${CMAKE_PREFIX_PATH}:/home/jacobrod/worms_ws/src/install/worms_mech:/home/jacobrod/worms_ws/install/worms_mech:/opt/ros/humble /usr/bin/cmake --install /home/jacobrod/worms_ws/build/worms_gazebo
[8.489s] -- Install configuration: ""
[8.489s] -- Installing: /home/jacobrod/worms_ws/install/worms_gazebo/lib/worms_gazebo/libBasicSystem.so
[8.489s] -- Installing: /home/jacobrod/worms_ws/install/worms_gazebo/lib/worms_gazebo/libFullSystem.so
[8.489s] -- Installing: /home/jacobrod/worms_ws/install/worms_gazebo/share/worms_gazebo/worlds
[8.489s] -- Installing: /home/jacobrod/worms_ws/install/worms_gazebo/share/worms_gazebo/worlds/model.config
[8.489s] -- Installing: /home/jacobrod/worms_ws/install/worms_gazebo/share/worms_gazebo/worlds/model.sdf
[8.489s] -- Installing: /home/jacobrod/worms_ws/install/worms_gazebo/share/worms_gazebo/worlds/worms.sdf
[8.489s] -- Installing: /home/jacobrod/worms_ws/install/worms_gazebo/share/worms_gazebo/worlds/moon_dem.sdf
[8.489s] -- Installing: /home/jacobrod/worms_ws/install/worms_gazebo/share/worms_gazebo/worlds/diff_drive.sdf
[8.490s] -- Installing: /home/jacobrod/worms_ws/install/worms_gazebo/share/worms_gazebo/environment/worms_gazebo.dsv
[8.490s] -- Installing: /home/jacobrod/worms_ws/install/worms_gazebo/share/worms_gazebo/environment/worms_gazebo.sh
[8.490s] -- Installing: /home/jacobrod/worms_ws/install/worms_gazebo/share/ament_index/resource_index/package_run_dependencies/worms_gazebo
[8.490s] -- Installing: /home/jacobrod/worms_ws/install/worms_gazebo/share/ament_index/resource_index/parent_prefix_path/worms_gazebo
[8.490s] -- Installing: /home/jacobrod/worms_ws/install/worms_gazebo/share/worms_gazebo/environment/ament_prefix_path.sh
[8.490s] -- Installing: /home/jacobrod/worms_ws/install/worms_gazebo/share/worms_gazebo/environment/ament_prefix_path.dsv
[8.490s] -- Installing: /home/jacobrod/worms_ws/install/worms_gazebo/share/worms_gazebo/environment/path.sh
[8.490s] -- Installing: /home/jacobrod/worms_ws/install/worms_gazebo/share/worms_gazebo/environment/path.dsv
[8.490s] -- Installing: /home/jacobrod/worms_ws/install/worms_gazebo/share/worms_gazebo/local_setup.bash
[8.491s] -- Installing: /home/jacobrod/worms_ws/install/worms_gazebo/share/worms_gazebo/local_setup.sh
[8.491s] -- Installing: /home/jacobrod/worms_ws/install/worms_gazebo/share/worms_gazebo/local_setup.zsh
[8.491s] -- Installing: /home/jacobrod/worms_ws/install/worms_gazebo/share/worms_gazebo/local_setup.dsv
[8.491s] -- Installing: /home/jacobrod/worms_ws/install/worms_gazebo/share/worms_gazebo/package.dsv
[8.491s] -- Installing: /home/jacobrod/worms_ws/install/worms_gazebo/share/ament_index/resource_index/packages/worms_gazebo
[8.491s] -- Installing: /home/jacobrod/worms_ws/install/worms_gazebo/share/worms_gazebo/cmake/worms_gazeboConfig.cmake
[8.491s] -- Installing: /home/jacobrod/worms_ws/install/worms_gazebo/share/worms_gazebo/cmake/worms_gazeboConfig-version.cmake
[8.491s] -- Installing: /home/jacobrod/worms_ws/install/worms_gazebo/share/worms_gazebo/package.xml
[8.503s] Invoked command in '/home/jacobrod/worms_ws/build/worms_gazebo' returned '0': CMAKE_PREFIX_PATH=${CMAKE_PREFIX_PATH}:/home/jacobrod/worms_ws/src/install/worms_mech:/home/jacobrod/worms_ws/install/worms_mech:/opt/ros/humble /usr/bin/cmake --install /home/jacobrod/worms_ws/build/worms_gazebo
