[0.804s] Invoking command in '/home/jacobrod/worms_ws/build/ros_gz_example_gazebo': AMENT_PREFIX_PATH=/home/jacobrod/worms_ws/install/ros_gz_example_description:${AMENT_PREFIX_PATH} CMAKE_PREFIX_PATH=/home/jacobrod/worms_ws/install/ros_gz_example_description:/home/jacobrod/worms_ws/install/worms_gazebo:/home/jacobrod/worms_ws/install/worms_description:/home/jacobrod/worms_ws/install/ros_ign:/home/jacobrod/worms_ws/install/ros_ign_gazebo_demos:/home/jacobrod/worms_ws/install/ros_gz:/home/jacobrod/worms_ws/install/ros_gz_sim_demos:/home/jacobrod/worms_ws/install/sdformat_urdf:/home/jacobrod/worms_ws/install/sdformat_test_files:/home/jacobrod/worms_ws/install/ros_ign_interfaces:/home/jacobrod/worms_ws/install/ros_ign_image:/home/jacobrod/worms_ws/install/ros_ign_gazebo:/home/jacobrod/worms_ws/install/ros_ign_bridge:/home/jacobrod/worms_ws/install/ros_gz_sim:/home/jacobrod/worms_ws/install/ros_gz_image:/home/jacobrod/worms_ws/install/ros_gz_bridge:/home/jacobrod/worms_ws/install/ros_gz_interfaces:/home/jacobrod/worms_ws/install/ros_gz_example_bringup:/home/jacobrod/worms_ws/install/ros_gz_example_gazebo:/home/jacobrod/worms_ws/install/ros_gz_example_application:/home/jacobrod/worms_ws/install/core_bringup:/home/jacobrod/worms_ws/install/worms_mech:/opt/ros/humble GZ_SIM_RESOURCE_PATH=/home/jacobrod/worms_ws/install/ros_gz_example_description/share/ros_gz_example_description/models:${GZ_SIM_RESOURCE_PATH} /usr/bin/cmake /home/jacobrod/worms_ws/src/worms_gazebo_sim/worms_gazebo -DBUILD_TESTING=ON -DCMAKE_INSTALL_PREFIX=/home/jacobrod/worms_ws/install/ros_gz_example_gazebo
[0.884s] -- The C compiler identification is GNU 11.4.0
[0.985s] -- The CXX compiler identification is GNU 11.4.0
[0.996s] -- Detecting C compiler ABI info
[1.118s] -- Detecting C compiler ABI info - done
[1.137s] -- Check for working C compiler: /usr/bin/cc - skipped
[1.138s] -- Detecting C compile features
[1.139s] -- Detecting C compile features - done
[1.146s] -- Detecting CXX compiler ABI info
[1.261s] -- Detecting CXX compiler ABI info - done
[1.280s] -- Check for working CXX compiler: /usr/bin/c++ - skipped
[1.280s] -- Detecting CXX compile features
[1.281s] -- Detecting CXX compile features - done
[1.284s] -- Found ament_cmake: 1.3.6 (/opt/ros/humble/share/ament_cmake/cmake)
[1.649s] -- Found Python3: /usr/bin/python3.10 (found version "3.10.12") found components: Interpreter 
[1.880s] -- Found ros_gz_example_description: 0.0.0 (/home/jacobrod/worms_ws/install/ros_gz_example_description/share/ros_gz_example_description/cmake)
[1.910s] -- Looking for gz-plugin2 -- found version 2.0.2
[1.911s] -- Searching for dependencies of gz-plugin2
[1.916s] -- Looking for gz-utils2 -- found version 2.2.0
[1.917s] -- Searching for dependencies of gz-utils2
[1.918s] -- Searching for <gz-utils2> component [cli]
[1.922s] -- Looking for gz-utils2-cli -- found version 2.2.0
[1.923s] -- Searching for dependencies of gz-utils2-cli
[1.925s] -- Searching for <gz-plugin2> component [register]
[1.930s] -- Looking for gz-plugin2-register -- found version 2.0.2
[1.931s] -- Searching for dependencies of gz-plugin2-register
[1.938s] -- Looking for gz-common5 -- found version 5.4.2
[1.945s] -- Searching for dependencies of gz-common5
[1.955s] -- Looking for gz-utils2 -- found version 2.2.0
[1.957s] -- Looking for dlfcn.h - found
[1.983s] -- Looking for libdl - found
[1.986s] -- Found DL: TRUE  
[1.997s] -- Checking for module 'uuid'
[2.024s] --   Found uuid, version 2.37.2
[2.079s] -- Found UUID: TRUE  
[2.080s] -- Searching for <gz-common5> component [profiler]
[2.085s] -- Looking for gz-common5-profiler -- found version 5.4.2
[2.085s] -- Searching for dependencies of gz-common5-profiler
[2.092s] -- Looking for gz-sim7 -- found version 7.6.0
[2.093s] -- Searching for dependencies of gz-sim7
[2.098s] -- Looking for sdformat13 -- found version 13.6.0
[2.098s] -- Searching for dependencies of sdformat13
[2.107s] -- Checking for module 'tinyxml2'
[2.133s] --   Found tinyxml2, version 9.0.0
[2.420s] -- Looking for gz-math7 -- found version 7.3.0
[2.421s] -- Searching for dependencies of gz-math7
[2.421s] -- Looking for gz-utils2 -- found version 2.2.0
[2.424s] -- Looking for gz-utils2 -- found version 2.2.0
[2.436s] -- Looking for gz-plugin2 -- found version 2.0.2
[2.436s] -- Searching for dependencies of gz-plugin2
[2.437s] -- Looking for gz-utils2 -- found version 2.2.0
[2.437s] -- Searching for <gz-plugin2> component [loader]
[2.442s] -- Looking for gz-plugin2-loader -- found version 2.0.2
[2.443s] -- Searching for dependencies of gz-plugin2-loader
[2.444s] -- Searching for <gz-plugin2> component [register]
[2.464s] -- Looking for gz-transport12 -- found version 12.2.1
[2.465s] -- Searching for dependencies of gz-transport12
[3.311s] -- Found Protobuf: /usr/lib/x86_64-linux-gnu/libprotobuf.so (found version "3.12.4") 
[3.348s] -- Config-file not installed for ZeroMQ -- checking for pkg-config
[3.373s] -- Checking for module 'libzmq >= 4'
[3.416s] --   Found libzmq , version 4.3.4
[3.640s] -- Found ZeroMQ: TRUE (Required is at least version "4") 
[3.669s] -- Looking for gz-utils2 -- found version 2.2.0
[3.674s] -- Looking for gz-msgs9 -- found version 9.5.0
[3.675s] -- Searching for dependencies of gz-msgs9
[3.740s] -- Looking for gz-math7 -- found version 7.3.0
[3.765s] -- Searching for <gz-transport12> component [log]
[3.773s] -- Looking for gz-transport12-log -- found version 12.2.1
[3.774s] -- Searching for dependencies of gz-transport12-log
[3.775s] -- Searching for <gz-transport12> component [parameters]
[3.780s] -- Looking for gz-transport12-parameters -- found version 12.2.1
[3.782s] -- Searching for dependencies of gz-transport12-parameters
[3.784s] -- Looking for gz-msgs9 -- found version 9.5.0
[3.785s] -- Looking for gz-common5 -- found version 5.4.2
[3.786s] -- Searching for dependencies of gz-common5
[3.787s] -- Looking for gz-utils2 -- found version 2.2.0
[3.787s] -- Looking for dlfcn.h - found
[3.788s] -- Looking for libdl - found
[3.807s] -- Searching for <gz-common5> component [profiler]
[3.808s] -- Searching for <gz-common5> component [events]
[3.813s] -- Looking for gz-common5-events -- found version 5.4.2
[3.814s] -- Searching for dependencies of gz-common5-events
[3.815s] -- Looking for gz-math7 -- found version 7.3.0
[3.817s] -- Searching for <gz-common5> component [av]
[3.823s] -- Looking for gz-common5-av -- found version 5.4.2
[3.824s] -- Searching for dependencies of gz-common5-av
[3.833s] -- Checking for module 'libswscale'
[3.868s] --   Found libswscale, version 5.9.100
[3.929s] -- Found SWSCALE: TRUE  
[3.944s] -- Checking for module 'libavdevice >= 56.4.100'
[3.976s] --   Found libavdevice , version 58.13.100
[4.096s] -- Found AVDEVICE: TRUE (Required is at least version "56.4.100") 
[4.117s] -- Checking for module 'libavformat'
[4.211s] --   Found libavformat, version 58.76.100
[4.435s] -- Found AVFORMAT: TRUE  
[4.459s] -- Checking for module 'libavcodec'
[4.516s] --   Found libavcodec, version 58.134.100
[4.581s] -- Found AVCODEC: TRUE  
[4.590s] -- Checking for module 'libavutil'
[4.668s] --   Found libavutil, version 56.70.100
[4.803s] -- Found AVUTIL: TRUE  
[4.804s] -- Searching for <gz-common5> component [io]
[4.809s] -- Looking for gz-common5-io -- found version 5.4.2
[4.811s] -- Searching for dependencies of gz-common5-io
[4.817s] -- Looking for gz-fuel_tools8 -- found version 8.1.0
[4.818s] -- Searching for dependencies of gz-fuel_tools8
[5.001s] -- Found CURL: /usr/lib/x86_64-linux-gnu/libcurl.so (found version "7.81.0")  
[5.017s] -- Checking for module 'jsoncpp'
[5.091s] --   Found jsoncpp, version 1.9.5
[5.186s] -- Found JSONCPP: TRUE  
[5.198s] -- Checking for module 'libzip'
[5.224s] --   Found libzip, version 1.7.3
[5.290s] -- Found ZIP: TRUE  
[5.291s] -- Looking for gz-utils2 -- found version 2.2.0
[5.292s] -- Looking for gz-common5 -- found version 5.4.2
[5.294s] -- Searching for dependencies of gz-common5
[5.295s] -- Looking for gz-utils2 -- found version 2.2.0
[5.295s] -- Looking for dlfcn.h - found
[5.296s] -- Looking for libdl - found
[5.309s] -- Searching for <gz-common5> component [testing]
[5.314s] -- Looking for gz-common5-testing -- found version 5.4.2
[5.315s] -- Searching for dependencies of gz-common5-testing
[5.317s] -- Looking for gz-math7 -- found version 7.3.0
[5.318s] -- Looking for gz-msgs9 -- found version 9.5.0
[5.325s] -- Looking for gz-gui7 -- found version 7.2.1
[5.326s] -- Searching for dependencies of gz-gui7
[5.374s] -- Looking for gz-utils2 -- found version 2.2.0
[5.376s] -- Looking for gz-math7 -- found version 7.3.0
[5.377s] -- Looking for gz-common5 -- found version 5.4.2
[5.378s] -- Looking for gz-plugin2 -- found version 2.0.2
[5.379s] -- Looking for gz-transport12 -- found version 12.2.1
[5.384s] -- Looking for gz-rendering7 -- found version 7.4.2
[5.385s] -- Searching for dependencies of gz-rendering7
[5.386s] -- Looking for gz-math7 -- found version 7.3.0
[5.388s] -- Searching for dependencies of gz-math7
[5.388s] -- Looking for gz-utils2 -- found version 2.2.0
[5.389s] -- Searching for <gz-math7> component [eigen3]
[5.394s] -- Looking for gz-math7-eigen3 -- found version 7.3.0
[5.396s] -- Searching for dependencies of gz-math7-eigen3
[5.410s] -- Looking for gz-common5 -- found version 5.4.2
[5.411s] -- Searching for dependencies of gz-common5
[5.412s] -- Looking for gz-utils2 -- found version 2.2.0
[5.413s] -- Looking for dlfcn.h - found
[5.413s] -- Looking for libdl - found
[5.427s] -- Searching for <gz-common5> component [graphics]
[5.432s] -- Looking for gz-common5-graphics -- found version 5.4.2
[5.433s] -- Searching for dependencies of gz-common5-graphics
[5.434s] -- Looking for gz-math7 -- found version 7.3.0
[5.447s] -- Found GzAssimp: TRUE (found version "5.2.0") 
[5.448s] -- Searching for <gz-common5> component [events]
[5.449s] -- Searching for <gz-common5> component [geospatial]
[5.457s] -- Looking for gz-common5-geospatial -- found version 5.4.2
[5.458s] -- Searching for dependencies of gz-common5-geospatial
[5.460s] -- Looking for gz-math7 -- found version 7.3.0
[5.462s] -- Looking for gz-common5 -- found version 5.4.2
[5.464s] -- Looking for gz-plugin2 -- found version 2.0.2
[5.465s] -- Searching for dependencies of gz-plugin2
[5.466s] -- Looking for gz-utils2 -- found version 2.2.0
[5.467s] -- Searching for <gz-plugin2> component [all]
[5.472s] -- Looking for all libraries of gz-plugin2 -- found version 2.0.2
[5.473s] -- Looking for gz-plugin2 -- found version 2.0.2
[5.476s] -- Looking for gz-utils2 -- found version 2.2.0
[5.488s] -- Found OpenGL: /usr/lib/x86_64-linux-gnu/libOpenGL.so  found components: OpenGL 
[5.491s] -- Looking for gz-msgs9 -- found version 9.5.0
[5.532s] -- Looking for gz-physics6 -- found version 6.5.1
[5.533s] -- Searching for dependencies of gz-physics6
[5.534s] -- Looking for gz-math7 -- found version 7.3.0
[5.535s] -- Looking for gz-plugin2 -- found version 2.0.2
[5.536s] -- Looking for gz-utils2 -- found version 2.2.0
[5.539s] -- Searching for <gz-physics6> component [heightmap]
[5.544s] -- Looking for gz-physics6-heightmap -- found version 6.5.1
[5.545s] -- Searching for dependencies of gz-physics6-heightmap
[5.546s] -- Looking for gz-common5 -- found version 5.4.2
[5.547s] -- Searching for <gz-physics6> component [mesh]
[5.552s] -- Looking for gz-physics6-mesh -- found version 6.5.1
[5.554s] -- Searching for dependencies of gz-physics6-mesh
[5.558s] -- Looking for gz-common5 -- found version 5.4.2
[5.559s] -- Searching for <gz-physics6> component [sdf]
[5.565s] -- Looking for gz-physics6-sdf -- found version 6.5.1
[5.566s] -- Searching for dependencies of gz-physics6-sdf
[5.567s] -- Looking for sdformat13 -- found version 13.6.0
[5.576s] -- Looking for gz-sensors7 -- found version 7.3.0
[5.578s] -- Searching for dependencies of gz-sensors7
[5.612s] -- Looking for gz-math7 -- found version 7.3.0
[5.613s] -- Looking for gz-common5 -- found version 5.4.2
[5.614s] -- Looking for gz-transport12 -- found version 12.2.1
[5.616s] -- Looking for gz-rendering7 -- found version 7.4.2
[5.617s] -- Looking for gz-msgs9 -- found version 9.5.0
[5.618s] -- Looking for sdformat13 -- found version 13.6.0
[5.619s] -- Searching for <gz-sensors7> component [air_pressure]
[5.624s] -- Looking for gz-sensors7-air_pressure -- found version 7.3.0
[5.625s] -- Searching for dependencies of gz-sensors7-air_pressure
[5.627s] -- Searching for <gz-sensors7> component [air_speed]
[5.632s] -- Looking for gz-sensors7-air_speed -- found version 7.3.0
[5.633s] -- Searching for dependencies of gz-sensors7-air_speed
[5.634s] -- Searching for <gz-sensors7> component [altimeter]
[5.639s] -- Looking for gz-sensors7-altimeter -- found version 7.3.0
[5.640s] -- Searching for dependencies of gz-sensors7-altimeter
[5.642s] -- Searching for <gz-sensors7> component [imu]
[5.647s] -- Looking for gz-sensors7-imu -- found version 7.3.0
[5.648s] -- Searching for dependencies of gz-sensors7-imu
[5.649s] -- Searching for <gz-sensors7> component [force_torque]
[5.655s] -- Looking for gz-sensors7-force_torque -- found version 7.3.0
[5.659s] -- Searching for dependencies of gz-sensors7-force_torque
[5.660s] -- Searching for <gz-sensors7> component [logical_camera]
[5.666s] -- Looking for gz-sensors7-logical_camera -- found version 7.3.0
[5.667s] -- Searching for dependencies of gz-sensors7-logical_camera
[5.668s] -- Searching for <gz-sensors7> component [magnetometer]
[5.673s] -- Looking for gz-sensors7-magnetometer -- found version 7.3.0
[5.674s] -- Searching for dependencies of gz-sensors7-magnetometer
[5.676s] -- Searching for <gz-sensors7> component [navsat]
[5.681s] -- Looking for gz-sensors7-navsat -- found version 7.3.0
[5.682s] -- Searching for dependencies of gz-sensors7-navsat
[5.683s] -- Searching for <gz-sensors7> component [rendering]
[5.688s] -- Looking for gz-sensors7-rendering -- found version 7.3.0
[5.690s] -- Searching for dependencies of gz-sensors7-rendering
[5.691s] -- Searching for <gz-sensors7> component [lidar]
[5.696s] -- Looking for gz-sensors7-lidar -- found version 7.3.0
[5.697s] -- Searching for dependencies of gz-sensors7-lidar
[5.698s] -- Looking for gz-sensors7 -- found version 7.3.0
[5.699s] -- Searching for <gz-sensors7> component [gpu_lidar]
[5.705s] -- Looking for gz-sensors7-gpu_lidar -- found version 7.3.0
[5.706s] -- Searching for dependencies of gz-sensors7-gpu_lidar
[5.707s] -- Looking for gz-sensors7 -- found version 7.3.0
[5.708s] -- Searching for <gz-sensors7> component [camera]
[5.720s] -- Looking for gz-sensors7-camera -- found version 7.3.0
[5.722s] -- Searching for dependencies of gz-sensors7-camera
[5.723s] -- Looking for gz-sensors7 -- found version 7.3.0
[5.724s] -- Searching for <gz-sensors7> component [boundingbox_camera]
[5.729s] -- Looking for gz-sensors7-boundingbox_camera -- found version 7.3.0
[5.730s] -- Searching for dependencies of gz-sensors7-boundingbox_camera
[5.731s] -- Searching for <gz-sensors7> component [segmentation_camera]
[5.737s] -- Looking for gz-sensors7-segmentation_camera -- found version 7.3.0
[5.738s] -- Searching for dependencies of gz-sensors7-segmentation_camera
[5.739s] -- Searching for <gz-sensors7> component [depth_camera]
[5.744s] -- Looking for gz-sensors7-depth_camera -- found version 7.3.0
[5.746s] -- Searching for dependencies of gz-sensors7-depth_camera
[5.747s] -- Looking for gz-sensors7 -- found version 7.3.0
[5.748s] -- Searching for <gz-sensors7> component [rgbd_camera]
[5.753s] -- Looking for gz-sensors7-rgbd_camera -- found version 7.3.0
[5.755s] -- Searching for dependencies of gz-sensors7-rgbd_camera
[5.759s] -- Looking for gz-sensors7 -- found version 7.3.0
[5.761s] -- Searching for <gz-sensors7> component [thermal_camera]
[5.767s] -- Looking for gz-sensors7-thermal_camera -- found version 7.3.0
[5.768s] -- Searching for dependencies of gz-sensors7-thermal_camera
[5.769s] -- Looking for gz-sensors7 -- found version 7.3.0
[5.771s] -- Searching for <gz-sensors7> component [wide_angle_camera]
[5.776s] -- Looking for gz-sensors7-wide_angle_camera -- found version 7.3.0
[5.777s] -- Searching for dependencies of gz-sensors7-wide_angle_camera
[5.779s] -- Looking for gz-rendering7 -- found version 7.4.2
[5.780s] -- Looking for gz-math7 -- found version 7.3.0
[5.781s] -- Looking for gz-utils2 -- found version 2.2.0
[5.823s] -- Compiling against Gazebo Garden
[5.823s] -- Found ament_lint_auto: 0.12.9 (/opt/ros/humble/share/ament_lint_auto/cmake)
[5.947s] -- Configuring done
[5.979s] -- Generating done
[5.983s] -- Build files have been written to: /home/jacobrod/worms_ws/build/ros_gz_example_gazebo
[6.010s] Invoked command in '/home/jacobrod/worms_ws/build/ros_gz_example_gazebo' returned '0': AMENT_PREFIX_PATH=/home/jacobrod/worms_ws/install/ros_gz_example_description:${AMENT_PREFIX_PATH} CMAKE_PREFIX_PATH=/home/jacobrod/worms_ws/install/ros_gz_example_description:/home/jacobrod/worms_ws/install/worms_gazebo:/home/jacobrod/worms_ws/install/worms_description:/home/jacobrod/worms_ws/install/ros_ign:/home/jacobrod/worms_ws/install/ros_ign_gazebo_demos:/home/jacobrod/worms_ws/install/ros_gz:/home/jacobrod/worms_ws/install/ros_gz_sim_demos:/home/jacobrod/worms_ws/install/sdformat_urdf:/home/jacobrod/worms_ws/install/sdformat_test_files:/home/jacobrod/worms_ws/install/ros_ign_interfaces:/home/jacobrod/worms_ws/install/ros_ign_image:/home/jacobrod/worms_ws/install/ros_ign_gazebo:/home/jacobrod/worms_ws/install/ros_ign_bridge:/home/jacobrod/worms_ws/install/ros_gz_sim:/home/jacobrod/worms_ws/install/ros_gz_image:/home/jacobrod/worms_ws/install/ros_gz_bridge:/home/jacobrod/worms_ws/install/ros_gz_interfaces:/home/jacobrod/worms_ws/install/ros_gz_example_bringup:/home/jacobrod/worms_ws/install/ros_gz_example_gazebo:/home/jacobrod/worms_ws/install/ros_gz_example_application:/home/jacobrod/worms_ws/install/core_bringup:/home/jacobrod/worms_ws/install/worms_mech:/opt/ros/humble GZ_SIM_RESOURCE_PATH=/home/jacobrod/worms_ws/install/ros_gz_example_description/share/ros_gz_example_description/models:${GZ_SIM_RESOURCE_PATH} /usr/bin/cmake /home/jacobrod/worms_ws/src/worms_gazebo_sim/worms_gazebo -DBUILD_TESTING=ON -DCMAKE_INSTALL_PREFIX=/home/jacobrod/worms_ws/install/ros_gz_example_gazebo
[6.011s] Invoking command in '/home/jacobrod/worms_ws/build/ros_gz_example_gazebo': AMENT_PREFIX_PATH=/home/jacobrod/worms_ws/install/ros_gz_example_description:${AMENT_PREFIX_PATH} CMAKE_PREFIX_PATH=/home/jacobrod/worms_ws/install/ros_gz_example_description:/home/jacobrod/worms_ws/install/worms_gazebo:/home/jacobrod/worms_ws/install/worms_description:/home/jacobrod/worms_ws/install/ros_ign:/home/jacobrod/worms_ws/install/ros_ign_gazebo_demos:/home/jacobrod/worms_ws/install/ros_gz:/home/jacobrod/worms_ws/install/ros_gz_sim_demos:/home/jacobrod/worms_ws/install/sdformat_urdf:/home/jacobrod/worms_ws/install/sdformat_test_files:/home/jacobrod/worms_ws/install/ros_ign_interfaces:/home/jacobrod/worms_ws/install/ros_ign_image:/home/jacobrod/worms_ws/install/ros_ign_gazebo:/home/jacobrod/worms_ws/install/ros_ign_bridge:/home/jacobrod/worms_ws/install/ros_gz_sim:/home/jacobrod/worms_ws/install/ros_gz_image:/home/jacobrod/worms_ws/install/ros_gz_bridge:/home/jacobrod/worms_ws/install/ros_gz_interfaces:/home/jacobrod/worms_ws/install/ros_gz_example_bringup:/home/jacobrod/worms_ws/install/ros_gz_example_gazebo:/home/jacobrod/worms_ws/install/ros_gz_example_application:/home/jacobrod/worms_ws/install/core_bringup:/home/jacobrod/worms_ws/install/worms_mech:/opt/ros/humble GZ_SIM_RESOURCE_PATH=/home/jacobrod/worms_ws/install/ros_gz_example_description/share/ros_gz_example_description/models:${GZ_SIM_RESOURCE_PATH} /usr/bin/cmake --build /home/jacobrod/worms_ws/build/ros_gz_example_gazebo -- -j8 -l8
[6.111s] [ 25%] [32mBuilding CXX object CMakeFiles/BasicSystem.dir/src/BasicSystem.cc.o[0m
[6.126s] [ 50%] [32mBuilding CXX object CMakeFiles/FullSystem.dir/src/FullSystem.cc.o[0m
[12.425s] [ 75%] [32m[1mLinking CXX shared library libBasicSystem.so[0m
[12.456s] [100%] [32m[1mLinking CXX shared library libFullSystem.so[0m
[13.164s] [100%] Built target FullSystem
[13.182s] [100%] Built target BasicSystem
[13.224s] Invoked command in '/home/jacobrod/worms_ws/build/ros_gz_example_gazebo' returned '0': AMENT_PREFIX_PATH=/home/jacobrod/worms_ws/install/ros_gz_example_description:${AMENT_PREFIX_PATH} CMAKE_PREFIX_PATH=/home/jacobrod/worms_ws/install/ros_gz_example_description:/home/jacobrod/worms_ws/install/worms_gazebo:/home/jacobrod/worms_ws/install/worms_description:/home/jacobrod/worms_ws/install/ros_ign:/home/jacobrod/worms_ws/install/ros_ign_gazebo_demos:/home/jacobrod/worms_ws/install/ros_gz:/home/jacobrod/worms_ws/install/ros_gz_sim_demos:/home/jacobrod/worms_ws/install/sdformat_urdf:/home/jacobrod/worms_ws/install/sdformat_test_files:/home/jacobrod/worms_ws/install/ros_ign_interfaces:/home/jacobrod/worms_ws/install/ros_ign_image:/home/jacobrod/worms_ws/install/ros_ign_gazebo:/home/jacobrod/worms_ws/install/ros_ign_bridge:/home/jacobrod/worms_ws/install/ros_gz_sim:/home/jacobrod/worms_ws/install/ros_gz_image:/home/jacobrod/worms_ws/install/ros_gz_bridge:/home/jacobrod/worms_ws/install/ros_gz_interfaces:/home/jacobrod/worms_ws/install/ros_gz_example_bringup:/home/jacobrod/worms_ws/install/ros_gz_example_gazebo:/home/jacobrod/worms_ws/install/ros_gz_example_application:/home/jacobrod/worms_ws/install/core_bringup:/home/jacobrod/worms_ws/install/worms_mech:/opt/ros/humble GZ_SIM_RESOURCE_PATH=/home/jacobrod/worms_ws/install/ros_gz_example_description/share/ros_gz_example_description/models:${GZ_SIM_RESOURCE_PATH} /usr/bin/cmake --build /home/jacobrod/worms_ws/build/ros_gz_example_gazebo -- -j8 -l8
[13.747s] Invoking command in '/home/jacobrod/worms_ws/build/ros_gz_example_gazebo': AMENT_PREFIX_PATH=/home/jacobrod/worms_ws/install/ros_gz_example_description:${AMENT_PREFIX_PATH} CMAKE_PREFIX_PATH=/home/jacobrod/worms_ws/install/ros_gz_example_description:/home/jacobrod/worms_ws/install/worms_gazebo:/home/jacobrod/worms_ws/install/worms_description:/home/jacobrod/worms_ws/install/ros_ign:/home/jacobrod/worms_ws/install/ros_ign_gazebo_demos:/home/jacobrod/worms_ws/install/ros_gz:/home/jacobrod/worms_ws/install/ros_gz_sim_demos:/home/jacobrod/worms_ws/install/sdformat_urdf:/home/jacobrod/worms_ws/install/sdformat_test_files:/home/jacobrod/worms_ws/install/ros_ign_interfaces:/home/jacobrod/worms_ws/install/ros_ign_image:/home/jacobrod/worms_ws/install/ros_ign_gazebo:/home/jacobrod/worms_ws/install/ros_ign_bridge:/home/jacobrod/worms_ws/install/ros_gz_sim:/home/jacobrod/worms_ws/install/ros_gz_image:/home/jacobrod/worms_ws/install/ros_gz_bridge:/home/jacobrod/worms_ws/install/ros_gz_interfaces:/home/jacobrod/worms_ws/install/ros_gz_example_bringup:/home/jacobrod/worms_ws/install/ros_gz_example_gazebo:/home/jacobrod/worms_ws/install/ros_gz_example_application:/home/jacobrod/worms_ws/install/core_bringup:/home/jacobrod/worms_ws/install/worms_mech:/opt/ros/humble GZ_SIM_RESOURCE_PATH=/home/jacobrod/worms_ws/install/ros_gz_example_description/share/ros_gz_example_description/models:${GZ_SIM_RESOURCE_PATH} /usr/bin/cmake --install /home/jacobrod/worms_ws/build/ros_gz_example_gazebo
[13.780s] -- Install configuration: ""
[13.780s] -- Installing: /home/jacobrod/worms_ws/install/ros_gz_example_gazebo/lib/ros_gz_example_gazebo/libBasicSystem.so
[13.781s] -- Installing: /home/jacobrod/worms_ws/install/ros_gz_example_gazebo/lib/ros_gz_example_gazebo/libFullSystem.so
[13.782s] -- Installing: /home/jacobrod/worms_ws/install/ros_gz_example_gazebo/share/ros_gz_example_gazebo/worlds
[13.789s] -- Installing: /home/jacobrod/worms_ws/install/ros_gz_example_gazebo/share/ros_gz_example_gazebo/worlds/model.config
[13.791s] -- Installing: /home/jacobrod/worms_ws/install/ros_gz_example_gazebo/share/ros_gz_example_gazebo/worlds/model.sdf
[13.800s] -- Installing: /home/jacobrod/worms_ws/install/ros_gz_example_gazebo/share/ros_gz_example_gazebo/worlds/worms.sdf
[13.808s] -- Installing: /home/jacobrod/worms_ws/install/ros_gz_example_gazebo/share/ros_gz_example_gazebo/worlds/moon_dem.sdf
[13.808s] -- Installing: /home/jacobrod/worms_ws/install/ros_gz_example_gazebo/share/ros_gz_example_gazebo/worlds/diff_drive.sdf
[13.809s] -- Installing: /home/jacobrod/worms_ws/install/ros_gz_example_gazebo/share/ros_gz_example_gazebo/environment/ros_gz_example_gazebo.dsv
[13.809s] -- Installing: /home/jacobrod/worms_ws/install/ros_gz_example_gazebo/share/ros_gz_example_gazebo/environment/ros_gz_example_gazebo.sh
[13.809s] -- Installing: /home/jacobrod/worms_ws/install/ros_gz_example_gazebo/share/ament_index/resource_index/package_run_dependencies/ros_gz_example_gazebo
[13.810s] -- Installing: /home/jacobrod/worms_ws/install/ros_gz_example_gazebo/share/ament_index/resource_index/parent_prefix_path/ros_gz_example_gazebo
[13.810s] -- Installing: /home/jacobrod/worms_ws/install/ros_gz_example_gazebo/share/ros_gz_example_gazebo/environment/ament_prefix_path.sh
[13.811s] -- Installing: /home/jacobrod/worms_ws/install/ros_gz_example_gazebo/share/ros_gz_example_gazebo/environment/ament_prefix_path.dsv
[13.811s] -- Installing: /home/jacobrod/worms_ws/install/ros_gz_example_gazebo/share/ros_gz_example_gazebo/environment/path.sh
[13.811s] -- Installing: /home/jacobrod/worms_ws/install/ros_gz_example_gazebo/share/ros_gz_example_gazebo/environment/path.dsv
[13.811s] -- Installing: /home/jacobrod/worms_ws/install/ros_gz_example_gazebo/share/ros_gz_example_gazebo/local_setup.bash
[13.811s] -- Installing: /home/jacobrod/worms_ws/install/ros_gz_example_gazebo/share/ros_gz_example_gazebo/local_setup.sh
[13.812s] -- Installing: /home/jacobrod/worms_ws/install/ros_gz_example_gazebo/share/ros_gz_example_gazebo/local_setup.zsh
[13.812s] -- Installing: /home/jacobrod/worms_ws/install/ros_gz_example_gazebo/share/ros_gz_example_gazebo/local_setup.dsv
[13.812s] -- Installing: /home/jacobrod/worms_ws/install/ros_gz_example_gazebo/share/ros_gz_example_gazebo/package.dsv
[13.812s] -- Installing: /home/jacobrod/worms_ws/install/ros_gz_example_gazebo/share/ament_index/resource_index/packages/ros_gz_example_gazebo
[13.812s] -- Installing: /home/jacobrod/worms_ws/install/ros_gz_example_gazebo/share/ros_gz_example_gazebo/cmake/ros_gz_example_gazeboConfig.cmake
[13.813s] -- Installing: /home/jacobrod/worms_ws/install/ros_gz_example_gazebo/share/ros_gz_example_gazebo/cmake/ros_gz_example_gazeboConfig-version.cmake
[13.813s] -- Installing: /home/jacobrod/worms_ws/install/ros_gz_example_gazebo/share/ros_gz_example_gazebo/package.xml
[13.824s] Invoked command in '/home/jacobrod/worms_ws/build/ros_gz_example_gazebo' returned '0': AMENT_PREFIX_PATH=/home/jacobrod/worms_ws/install/ros_gz_example_description:${AMENT_PREFIX_PATH} CMAKE_PREFIX_PATH=/home/jacobrod/worms_ws/install/ros_gz_example_description:/home/jacobrod/worms_ws/install/worms_gazebo:/home/jacobrod/worms_ws/install/worms_description:/home/jacobrod/worms_ws/install/ros_ign:/home/jacobrod/worms_ws/install/ros_ign_gazebo_demos:/home/jacobrod/worms_ws/install/ros_gz:/home/jacobrod/worms_ws/install/ros_gz_sim_demos:/home/jacobrod/worms_ws/install/sdformat_urdf:/home/jacobrod/worms_ws/install/sdformat_test_files:/home/jacobrod/worms_ws/install/ros_ign_interfaces:/home/jacobrod/worms_ws/install/ros_ign_image:/home/jacobrod/worms_ws/install/ros_ign_gazebo:/home/jacobrod/worms_ws/install/ros_ign_bridge:/home/jacobrod/worms_ws/install/ros_gz_sim:/home/jacobrod/worms_ws/install/ros_gz_image:/home/jacobrod/worms_ws/install/ros_gz_bridge:/home/jacobrod/worms_ws/install/ros_gz_interfaces:/home/jacobrod/worms_ws/install/ros_gz_example_bringup:/home/jacobrod/worms_ws/install/ros_gz_example_gazebo:/home/jacobrod/worms_ws/install/ros_gz_example_application:/home/jacobrod/worms_ws/install/core_bringup:/home/jacobrod/worms_ws/install/worms_mech:/opt/ros/humble GZ_SIM_RESOURCE_PATH=/home/jacobrod/worms_ws/install/ros_gz_example_description/share/ros_gz_example_description/models:${GZ_SIM_RESOURCE_PATH} /usr/bin/cmake --install /home/jacobrod/worms_ws/build/ros_gz_example_gazebo
