[2.383s] Invoking command in '/home/jacobrod/worms_ws/src/worms_mech': PYTHONPATH=/home/jacobrod/worms_ws/build/worms_mech/prefix_override:/home/jacobrod/worms_ws/install/worms_mech/lib/python3.10/site-packages:${PYTHONPATH} /usr/bin/python3 setup.py egg_info --egg-base ../../build/worms_mech build --build-base /home/jacobrod/worms_ws/build/worms_mech/build install --record /home/jacobrod/worms_ws/build/worms_mech/install.log --single-version-externally-managed
[2.879s] running egg_info
[2.880s] creating ../../build/worms_mech/worms_mech.egg-info
[2.881s] writing ../../build/worms_mech/worms_mech.egg-info/PKG-INFO
[2.881s] writing dependency_links to ../../build/worms_mech/worms_mech.egg-info/dependency_links.txt
[2.881s] writing entry points to ../../build/worms_mech/worms_mech.egg-info/entry_points.txt
[2.881s] writing requirements to ../../build/worms_mech/worms_mech.egg-info/requires.txt
[2.882s] writing top-level names to ../../build/worms_mech/worms_mech.egg-info/top_level.txt
[2.882s] writing manifest file '../../build/worms_mech/worms_mech.egg-info/SOURCES.txt'
[2.885s] reading manifest file '../../build/worms_mech/worms_mech.egg-info/SOURCES.txt'
[2.886s] writing manifest file '../../build/worms_mech/worms_mech.egg-info/SOURCES.txt'
[2.886s] running build
[2.887s] running build_py
[2.887s] creating /home/jacobrod/worms_ws/build/worms_mech/build
[2.887s] creating /home/jacobrod/worms_ws/build/worms_mech/build/lib
[2.888s] creating /home/jacobrod/worms_ws/build/worms_mech/build/lib/worms_mech
[2.888s] copying worms_mech/hardware_interface.py -> /home/jacobrod/worms_ws/build/worms_mech/build/lib/worms_mech
[2.888s] copying worms_mech/joint_command_publisher.py -> /home/jacobrod/worms_ws/build/worms_mech/build/lib/worms_mech
[2.888s] copying worms_mech/__init__.py -> /home/jacobrod/worms_ws/build/worms_mech/build/lib/worms_mech
[2.888s] copying worms_mech/joystick_control.py -> /home/jacobrod/worms_ws/build/worms_mech/build/lib/worms_mech
[2.889s] running install
[2.889s] /usr/lib/python3/dist-packages/setuptools/command/install.py:34: SetuptoolsDeprecationWarning: setup.py install is deprecated. Use build and pip and other standards-based tools.
[2.889s]   warnings.warn(
[2.890s] running install_lib
[2.891s] creating /home/jacobrod/worms_ws/install/worms_mech/lib/python3.10/site-packages/worms_mech
[2.892s] copying /home/jacobrod/worms_ws/build/worms_mech/build/lib/worms_mech/hardware_interface.py -> /home/jacobrod/worms_ws/install/worms_mech/lib/python3.10/site-packages/worms_mech
[2.892s] copying /home/jacobrod/worms_ws/build/worms_mech/build/lib/worms_mech/joint_command_publisher.py -> /home/jacobrod/worms_ws/install/worms_mech/lib/python3.10/site-packages/worms_mech
[2.892s] copying /home/jacobrod/worms_ws/build/worms_mech/build/lib/worms_mech/__init__.py -> /home/jacobrod/worms_ws/install/worms_mech/lib/python3.10/site-packages/worms_mech
[2.892s] copying /home/jacobrod/worms_ws/build/worms_mech/build/lib/worms_mech/joystick_control.py -> /home/jacobrod/worms_ws/install/worms_mech/lib/python3.10/site-packages/worms_mech
[2.894s] byte-compiling /home/jacobrod/worms_ws/install/worms_mech/lib/python3.10/site-packages/worms_mech/hardware_interface.py to hardware_interface.cpython-310.pyc
[2.898s] byte-compiling /home/jacobrod/worms_ws/install/worms_mech/lib/python3.10/site-packages/worms_mech/joint_command_publisher.py to joint_command_publisher.cpython-310.pyc
[2.898s] byte-compiling /home/jacobrod/worms_ws/install/worms_mech/lib/python3.10/site-packages/worms_mech/__init__.py to __init__.cpython-310.pyc
[2.899s] byte-compiling /home/jacobrod/worms_ws/install/worms_mech/lib/python3.10/site-packages/worms_mech/joystick_control.py to joystick_control.cpython-310.pyc
[2.899s] running install_data
[2.899s] creating /home/jacobrod/worms_ws/install/worms_mech/share/ament_index
[2.900s] creating /home/jacobrod/worms_ws/install/worms_mech/share/ament_index/resource_index
[2.900s] creating /home/jacobrod/worms_ws/install/worms_mech/share/ament_index/resource_index/packages
[2.901s] copying resource/worms_mech -> /home/jacobrod/worms_ws/install/worms_mech/share/ament_index/resource_index/packages
[2.901s] copying package.xml -> /home/jacobrod/worms_ws/install/worms_mech/share/worms_mech
[2.902s] running install_egg_info
[2.905s] Copying ../../build/worms_mech/worms_mech.egg-info to /home/jacobrod/worms_ws/install/worms_mech/lib/python3.10/site-packages/worms_mech-0.0.0-py3.10.egg-info
[2.907s] running install_scripts
[2.947s] Installing hardware_interface script to /home/jacobrod/worms_ws/install/worms_mech/lib/worms_mech
[2.948s] Installing joint_command_publisher script to /home/jacobrod/worms_ws/install/worms_mech/lib/worms_mech
[2.949s] Installing joystick_control script to /home/jacobrod/worms_ws/install/worms_mech/lib/worms_mech
[2.950s] writing list of installed files to '/home/jacobrod/worms_ws/build/worms_mech/install.log'
[3.007s] Invoked command in '/home/jacobrod/worms_ws/src/worms_mech' returned '0': PYTHONPATH=/home/jacobrod/worms_ws/build/worms_mech/prefix_override:/home/jacobrod/worms_ws/install/worms_mech/lib/python3.10/site-packages:${PYTHONPATH} /usr/bin/python3 setup.py egg_info --egg-base ../../build/worms_mech build --build-base /home/jacobrod/worms_ws/build/worms_mech/build install --record /home/jacobrod/worms_ws/build/worms_mech/install.log --single-version-externally-managed
