[0.106s] Invoking command in '/home/jacobrod/worms_ws/build/worms_gazebo': CMAKE_PREFIX_PATH=${CMAKE_PREFIX_PATH}:/home/jacobrod/worms_ws/install/worms_mech:/opt/ros/humble /usr/bin/cmake /home/jacobrod/worms_ws/src/worms_gazebo -DBUILD_TESTING=ON -DCMAKE_INSTALL_PREFIX=/home/jacobrod/worms_ws/install/worms_gazebo
[1.234s] -- The C compiler identification is GNU 11.4.0
[1.234s] -- The CXX compiler identification is GNU 11.4.0
[1.235s] -- Detecting C compiler ABI info
[1.235s] -- Detecting C compiler ABI info - done
[1.237s] -- Check for working C compiler: /usr/bin/cc - skipped
[1.237s] -- Detecting C compile features
[1.237s] -- Detecting C compile features - done
[1.237s] -- Detecting CXX compiler ABI info
[1.237s] -- Detecting CXX compiler ABI info - done
[1.237s] -- Check for working CXX compiler: /usr/bin/c++ - skipped
[1.237s] -- Detecting CXX compile features
[1.238s] -- Detecting CXX compile features - done
[1.238s] -- Found ament_cmake: 1.3.6 (/opt/ros/humble/share/ament_cmake/cmake)
[1.238s] -- Found Python3: /usr/bin/python3.10 (found version "3.10.12") found components: Interpreter 
[1.238s] -- Looking for gz-plugin2 -- found version 2.0.2
[1.238s] -- Searching for dependencies of gz-plugin2
[1.238s] -- Looking for gz-utils2 -- found version 2.2.0
[1.239s] -- Searching for dependencies of gz-utils2
[1.239s] -- Searching for <gz-utils2> component [cli]
[1.239s] -- Looking for gz-utils2-cli -- found version 2.2.0
[1.239s] -- Searching for dependencies of gz-utils2-cli
[1.239s] -- Searching for <gz-plugin2> component [register]
[1.239s] -- Looking for gz-plugin2-register -- found version 2.0.2
[1.239s] -- Searching for dependencies of gz-plugin2-register
[1.240s] -- Looking for gz-common5 -- found version 5.4.2
[1.240s] -- Searching for dependencies of gz-common5
[1.240s] -- Looking for gz-utils2 -- found version 2.2.0
[1.240s] -- Looking for dlfcn.h - found
[1.242s] -- Looking for libdl - found
[1.242s] -- Found DL: TRUE  
[1.242s] -- Checking for module 'uuid'
[1.242s] --   Found uuid, version 2.37.2
[1.260s] -- Found UUID: TRUE  
[1.260s] -- Searching for <gz-common5> component [profiler]
[1.263s] -- Looking for gz-common5-profiler -- found version 5.4.2
[1.264s] -- Searching for dependencies of gz-common5-profiler
[1.273s] -- Looking for gz-sim7 -- found version 7.6.0
[1.274s] -- Searching for dependencies of gz-sim7
[1.279s] -- Looking for sdformat13 -- found version 13.6.0
[1.280s] -- Searching for dependencies of sdformat13
[1.289s] -- Checking for module 'tinyxml2'
[1.312s] --   Found tinyxml2, version 9.0.0
[1.394s] -- Looking for gz-math7 -- found version 7.3.0
[1.398s] -- Searching for dependencies of gz-math7
[1.399s] -- Looking for gz-utils2 -- found version 2.2.0
[1.400s] -- Looking for gz-utils2 -- found version 2.2.0
[1.401s] -- Looking for gz-plugin2 -- found version 2.0.2
[1.402s] -- Searching for dependencies of gz-plugin2
[1.402s] -- Looking for gz-utils2 -- found version 2.2.0
[1.403s] -- Searching for <gz-plugin2> component [loader]
[1.404s] -- Looking for gz-plugin2-loader -- found version 2.0.2
[1.404s] -- Searching for dependencies of gz-plugin2-loader
[1.405s] -- Searching for <gz-plugin2> component [register]
[1.408s] -- Looking for gz-transport12 -- found version 12.2.1
[1.408s] -- Searching for dependencies of gz-transport12
[1.644s] -- Found Protobuf: /usr/lib/x86_64-linux-gnu/libprotobuf.so (found version "3.12.4") 
[1.667s] -- Config-file not installed for ZeroMQ -- checking for pkg-config
[1.673s] -- Checking for module 'libzmq >= 4'
[1.695s] --   Found libzmq , version 4.3.4
[1.746s] -- Found ZeroMQ: TRUE (Required is at least version "4") 
[1.758s] -- Looking for gz-utils2 -- found version 2.2.0
[1.762s] -- Looking for gz-msgs9 -- found version 9.5.0
[1.763s] -- Searching for dependencies of gz-msgs9
[1.795s] -- Looking for gz-math7 -- found version 7.3.0
[1.804s] -- Searching for <gz-transport12> component [log]
[1.808s] -- Looking for gz-transport12-log -- found version 12.2.1
[1.809s] -- Searching for dependencies of gz-transport12-log
[1.810s] -- Searching for <gz-transport12> component [parameters]
[1.813s] -- Looking for gz-transport12-parameters -- found version 12.2.1
[1.814s] -- Searching for dependencies of gz-transport12-parameters
[1.815s] -- Looking for gz-msgs9 -- found version 9.5.0
[1.816s] -- Looking for gz-common5 -- found version 5.4.2
[1.816s] -- Searching for dependencies of gz-common5
[1.817s] -- Looking for gz-utils2 -- found version 2.2.0
[1.817s] -- Looking for dlfcn.h - found
[1.818s] -- Looking for libdl - found
[1.828s] -- Searching for <gz-common5> component [profiler]
[1.828s] -- Searching for <gz-common5> component [events]
[1.832s] -- Looking for gz-common5-events -- found version 5.4.2
[1.832s] -- Searching for dependencies of gz-common5-events
[1.833s] -- Looking for gz-math7 -- found version 7.3.0
[1.834s] -- Searching for <gz-common5> component [av]
[1.838s] -- Looking for gz-common5-av -- found version 5.4.2
[1.838s] -- Searching for dependencies of gz-common5-av
[1.846s] -- Checking for module 'libswscale'
[1.866s] --   Found libswscale, version 5.9.100
[1.907s] -- Found SWSCALE: TRUE  
[1.914s] -- Checking for module 'libavdevice >= 56.4.100'
[1.932s] --   Found libavdevice , version 58.13.100
[1.983s] -- Found AVDEVICE: TRUE (Required is at least version "56.4.100") 
[1.988s] -- Checking for module 'libavformat'
[2.005s] --   Found libavformat, version 58.76.100
[2.055s] -- Found AVFORMAT: TRUE  
[2.062s] -- Checking for module 'libavcodec'
[2.083s] --   Found libavcodec, version 58.134.100
[2.136s] -- Found AVCODEC: TRUE  
[2.144s] -- Checking for module 'libavutil'
[2.164s] --   Found libavutil, version 56.70.100
[2.211s] -- Found AVUTIL: TRUE  
[2.211s] -- Searching for <gz-common5> component [io]
[2.212s] -- Looking for gz-common5-io -- found version 5.4.2
[2.213s] -- Searching for dependencies of gz-common5-io
[2.218s] -- Looking for gz-fuel_tools8 -- found version 8.1.0
[2.219s] -- Searching for dependencies of gz-fuel_tools8
[2.325s] -- Found CURL: /usr/lib/x86_64-linux-gnu/libcurl.so (found version "7.81.0")  
[2.338s] -- Checking for module 'jsoncpp'
[2.358s] --   Found jsoncpp, version 1.9.5
[2.403s] -- Found JSONCPP: TRUE  
[2.413s] -- Checking for module 'libzip'
[2.434s] --   Found libzip, version 1.7.3
[2.485s] -- Found ZIP: TRUE  
[2.485s] -- Looking for gz-utils2 -- found version 2.2.0
[2.486s] -- Looking for gz-common5 -- found version 5.4.2
[2.486s] -- Searching for dependencies of gz-common5
[2.487s] -- Looking for gz-utils2 -- found version 2.2.0
[2.488s] -- Looking for dlfcn.h - found
[2.488s] -- Looking for libdl - found
[2.500s] -- Searching for <gz-common5> component [testing]
[2.505s] -- Looking for gz-common5-testing -- found version 5.4.2
[2.506s] -- Searching for dependencies of gz-common5-testing
[2.507s] -- Looking for gz-math7 -- found version 7.3.0
[2.510s] -- Looking for gz-msgs9 -- found version 9.5.0
[2.512s] -- Looking for gz-gui7 -- found version 7.2.1
[2.513s] -- Searching for dependencies of gz-gui7
[2.551s] -- Looking for gz-utils2 -- found version 2.2.0
[2.551s] -- Looking for gz-math7 -- found version 7.3.0
[2.552s] -- Looking for gz-common5 -- found version 5.4.2
[2.552s] -- Looking for gz-plugin2 -- found version 2.0.2
[2.552s] -- Looking for gz-transport12 -- found version 12.2.1
[2.556s] -- Looking for gz-rendering7 -- found version 7.4.2
[2.556s] -- Searching for dependencies of gz-rendering7
[2.557s] -- Looking for gz-math7 -- found version 7.3.0
[2.557s] -- Searching for dependencies of gz-math7
[2.558s] -- Looking for gz-utils2 -- found version 2.2.0
[2.558s] -- Searching for <gz-math7> component [eigen3]
[2.563s] -- Looking for gz-math7-eigen3 -- found version 7.3.0
[2.564s] -- Searching for dependencies of gz-math7-eigen3
[2.578s] -- Looking for gz-common5 -- found version 5.4.2
[2.579s] -- Searching for dependencies of gz-common5
[2.579s] -- Looking for gz-utils2 -- found version 2.2.0
[2.580s] -- Looking for dlfcn.h - found
[2.580s] -- Looking for libdl - found
[2.592s] -- Searching for <gz-common5> component [graphics]
[2.597s] -- Looking for gz-common5-graphics -- found version 5.4.2
[2.598s] -- Searching for dependencies of gz-common5-graphics
[2.598s] -- Looking for gz-math7 -- found version 7.3.0
[2.611s] -- Found GzAssimp: TRUE (found version "5.2.0") 
[2.612s] -- Searching for <gz-common5> component [events]
[2.613s] -- Searching for <gz-common5> component [geospatial]
[2.619s] -- Looking for gz-common5-geospatial -- found version 5.4.2
[2.620s] -- Searching for dependencies of gz-common5-geospatial
[2.621s] -- Looking for gz-math7 -- found version 7.3.0
[2.621s] -- Looking for gz-common5 -- found version 5.4.2
[2.624s] -- Looking for gz-plugin2 -- found version 2.0.2
[2.624s] -- Searching for dependencies of gz-plugin2
[2.625s] -- Looking for gz-utils2 -- found version 2.2.0
[2.625s] -- Searching for <gz-plugin2> component [all]
[2.631s] -- Looking for all libraries of gz-plugin2 -- found version 2.0.2
[2.632s] -- Looking for gz-plugin2 -- found version 2.0.2
[2.636s] -- Looking for gz-utils2 -- found version 2.2.0
[2.646s] -- Found OpenGL: /usr/lib/x86_64-linux-gnu/libOpenGL.so  found components: OpenGL 
[2.647s] -- Looking for gz-msgs9 -- found version 9.5.0
[2.689s] -- Looking for gz-physics6 -- found version 6.5.1
[2.690s] -- Searching for dependencies of gz-physics6
[2.690s] -- Looking for gz-math7 -- found version 7.3.0
[2.691s] -- Looking for gz-plugin2 -- found version 2.0.2
[2.692s] -- Looking for gz-utils2 -- found version 2.2.0
[2.696s] -- Searching for <gz-physics6> component [heightmap]
[2.700s] -- Looking for gz-physics6-heightmap -- found version 6.5.1
[2.701s] -- Searching for dependencies of gz-physics6-heightmap
[2.702s] -- Looking for gz-common5 -- found version 5.4.2
[2.703s] -- Searching for <gz-physics6> component [mesh]
[2.708s] -- Looking for gz-physics6-mesh -- found version 6.5.1
[2.709s] -- Searching for dependencies of gz-physics6-mesh
[2.710s] -- Looking for gz-common5 -- found version 5.4.2
[2.711s] -- Searching for <gz-physics6> component [sdf]
[2.717s] -- Looking for gz-physics6-sdf -- found version 6.5.1
[2.718s] -- Searching for dependencies of gz-physics6-sdf
[2.718s] -- Looking for sdformat13 -- found version 13.6.0
[2.724s] -- Looking for gz-sensors7 -- found version 7.3.0
[2.725s] -- Searching for dependencies of gz-sensors7
[2.761s] -- Looking for gz-math7 -- found version 7.3.0
[2.761s] -- Looking for gz-common5 -- found version 5.4.2
[2.762s] -- Looking for gz-transport12 -- found version 12.2.1
[2.762s] -- Looking for gz-rendering7 -- found version 7.4.2
[2.763s] -- Looking for gz-msgs9 -- found version 9.5.0
[2.763s] -- Looking for sdformat13 -- found version 13.6.0
[2.764s] -- Searching for <gz-sensors7> component [air_pressure]
[2.768s] -- Looking for gz-sensors7-air_pressure -- found version 7.3.0
[2.768s] -- Searching for dependencies of gz-sensors7-air_pressure
[2.769s] -- Searching for <gz-sensors7> component [air_speed]
[2.773s] -- Looking for gz-sensors7-air_speed -- found version 7.3.0
[2.774s] -- Searching for dependencies of gz-sensors7-air_speed
[2.775s] -- Searching for <gz-sensors7> component [altimeter]
[2.779s] -- Looking for gz-sensors7-altimeter -- found version 7.3.0
[2.780s] -- Searching for dependencies of gz-sensors7-altimeter
[2.781s] -- Searching for <gz-sensors7> component [imu]
[2.785s] -- Looking for gz-sensors7-imu -- found version 7.3.0
[2.785s] -- Searching for dependencies of gz-sensors7-imu
[2.786s] -- Searching for <gz-sensors7> component [force_torque]
[2.790s] -- Looking for gz-sensors7-force_torque -- found version 7.3.0
[2.790s] -- Searching for dependencies of gz-sensors7-force_torque
[2.791s] -- Searching for <gz-sensors7> component [logical_camera]
[2.795s] -- Looking for gz-sensors7-logical_camera -- found version 7.3.0
[2.796s] -- Searching for dependencies of gz-sensors7-logical_camera
[2.796s] -- Searching for <gz-sensors7> component [magnetometer]
[2.800s] -- Looking for gz-sensors7-magnetometer -- found version 7.3.0
[2.801s] -- Searching for dependencies of gz-sensors7-magnetometer
[2.802s] -- Searching for <gz-sensors7> component [navsat]
[2.805s] -- Looking for gz-sensors7-navsat -- found version 7.3.0
[2.806s] -- Searching for dependencies of gz-sensors7-navsat
[2.807s] -- Searching for <gz-sensors7> component [rendering]
[2.810s] -- Looking for gz-sensors7-rendering -- found version 7.3.0
[2.811s] -- Searching for dependencies of gz-sensors7-rendering
[2.811s] -- Searching for <gz-sensors7> component [lidar]
[2.815s] -- Looking for gz-sensors7-lidar -- found version 7.3.0
[2.816s] -- Searching for dependencies of gz-sensors7-lidar
[2.817s] -- Looking for gz-sensors7 -- found version 7.3.0
[2.818s] -- Searching for <gz-sensors7> component [gpu_lidar]
[2.821s] -- Looking for gz-sensors7-gpu_lidar -- found version 7.3.0
[2.822s] -- Searching for dependencies of gz-sensors7-gpu_lidar
[2.822s] -- Looking for gz-sensors7 -- found version 7.3.0
[2.823s] -- Searching for <gz-sensors7> component [camera]
[2.827s] -- Looking for gz-sensors7-camera -- found version 7.3.0
[2.828s] -- Searching for dependencies of gz-sensors7-camera
[2.828s] -- Looking for gz-sensors7 -- found version 7.3.0
[2.829s] -- Searching for <gz-sensors7> component [boundingbox_camera]
[2.833s] -- Looking for gz-sensors7-boundingbox_camera -- found version 7.3.0
[2.834s] -- Searching for dependencies of gz-sensors7-boundingbox_camera
[2.834s] -- Searching for <gz-sensors7> component [segmentation_camera]
[2.838s] -- Looking for gz-sensors7-segmentation_camera -- found version 7.3.0
[2.839s] -- Searching for dependencies of gz-sensors7-segmentation_camera
[2.840s] -- Searching for <gz-sensors7> component [depth_camera]
[2.844s] -- Looking for gz-sensors7-depth_camera -- found version 7.3.0
[2.845s] -- Searching for dependencies of gz-sensors7-depth_camera
[2.846s] -- Looking for gz-sensors7 -- found version 7.3.0
[2.847s] -- Searching for <gz-sensors7> component [rgbd_camera]
[2.851s] -- Looking for gz-sensors7-rgbd_camera -- found version 7.3.0
[2.852s] -- Searching for dependencies of gz-sensors7-rgbd_camera
[2.852s] -- Looking for gz-sensors7 -- found version 7.3.0
[2.853s] -- Searching for <gz-sensors7> component [thermal_camera]
[2.857s] -- Looking for gz-sensors7-thermal_camera -- found version 7.3.0
[2.857s] -- Searching for dependencies of gz-sensors7-thermal_camera
[2.858s] -- Looking for gz-sensors7 -- found version 7.3.0
[2.858s] -- Searching for <gz-sensors7> component [wide_angle_camera]
[2.862s] -- Looking for gz-sensors7-wide_angle_camera -- found version 7.3.0
[2.862s] -- Searching for dependencies of gz-sensors7-wide_angle_camera
[2.864s] -- Looking for gz-rendering7 -- found version 7.4.2
[2.864s] -- Looking for gz-math7 -- found version 7.3.0
[2.865s] -- Looking for gz-utils2 -- found version 2.2.0
[2.892s] -- Found ament_lint_auto: 0.12.9 (/opt/ros/humble/share/ament_lint_auto/cmake)
[2.997s] -- Added test 'copyright' to check source files copyright and LICENSE
[3.000s] -- Added test 'cppcheck' to perform static code analysis on C / C++ code
[3.001s] -- Configured cppcheck include dirs: /home/jacobrod/worms_ws/src/worms_gazebo/include
[3.001s] -- Configured cppcheck exclude dirs and/or files: 
[3.004s] -- Added test 'cpplint' to check C / C++ code against the Google style
[3.004s] -- Configured cpplint exclude dirs and/or files: 
[3.006s] -- Added test 'lint_cmake' to check CMake code style
[3.010s] -- Added test 'uncrustify' to check C / C++ code style
[3.010s] -- Configured uncrustify additional arguments: 
[3.011s] -- Added test 'xmllint' to check XML markup files
[3.015s] -- Configuring done
[3.041s] -- Generating done
[3.044s] -- Build files have been written to: /home/jacobrod/worms_ws/build/worms_gazebo
[3.111s] Invoked command in '/home/jacobrod/worms_ws/build/worms_gazebo' returned '0': CMAKE_PREFIX_PATH=${CMAKE_PREFIX_PATH}:/home/jacobrod/worms_ws/install/worms_mech:/opt/ros/humble /usr/bin/cmake /home/jacobrod/worms_ws/src/worms_gazebo -DBUILD_TESTING=ON -DCMAKE_INSTALL_PREFIX=/home/jacobrod/worms_ws/install/worms_gazebo
[3.112s] Invoking command in '/home/jacobrod/worms_ws/build/worms_gazebo': CMAKE_PREFIX_PATH=${CMAKE_PREFIX_PATH}:/home/jacobrod/worms_ws/install/worms_mech:/opt/ros/humble /usr/bin/cmake --build /home/jacobrod/worms_ws/build/worms_gazebo -- -j8 -l8
[3.188s] [ 25%] [32mBuilding CXX object CMakeFiles/FullSystem.dir/src/FullSystem.cc.o[0m
[3.189s] [ 50%] [32mBuilding CXX object CMakeFiles/BasicSystem.dir/src/BasicSystem.cc.o[0m
[6.989s] [ 75%] [32m[1mLinking CXX shared library libBasicSystem.so[0m
[7.434s] [ 75%] Built target BasicSystem
[7.866s] [100%] [32m[1mLinking CXX shared library libFullSystem.so[0m
[8.209s] [100%] Built target FullSystem
[8.228s] Invoked command in '/home/jacobrod/worms_ws/build/worms_gazebo' returned '0': CMAKE_PREFIX_PATH=${CMAKE_PREFIX_PATH}:/home/jacobrod/worms_ws/install/worms_mech:/opt/ros/humble /usr/bin/cmake --build /home/jacobrod/worms_ws/build/worms_gazebo -- -j8 -l8
[8.298s] Invoking command in '/home/jacobrod/worms_ws/build/worms_gazebo': CMAKE_PREFIX_PATH=${CMAKE_PREFIX_PATH}:/home/jacobrod/worms_ws/install/worms_mech:/opt/ros/humble /usr/bin/cmake --install /home/jacobrod/worms_ws/build/worms_gazebo
[8.309s] -- Install configuration: ""
[8.310s] -- Installing: /home/jacobrod/worms_ws/install/worms_gazebo/lib/worms_gazebo/libBasicSystem.so
[8.311s] -- Installing: /home/jacobrod/worms_ws/install/worms_gazebo/lib/worms_gazebo/libFullSystem.so
[8.312s] -- Installing: /home/jacobrod/worms_ws/install/worms_gazebo/share/worms_gazebo/worlds
[8.315s] -- Installing: /home/jacobrod/worms_ws/install/worms_gazebo/share/worms_gazebo/worlds/model.config
[8.315s] -- Installing: /home/jacobrod/worms_ws/install/worms_gazebo/share/worms_gazebo/worlds/model.sdf
[8.315s] -- Installing: /home/jacobrod/worms_ws/install/worms_gazebo/share/worms_gazebo/worlds/worms.sdf
[8.317s] -- Installing: /home/jacobrod/worms_ws/install/worms_gazebo/share/worms_gazebo/worlds/moon_dem.sdf
[8.317s] -- Installing: /home/jacobrod/worms_ws/install/worms_gazebo/share/worms_gazebo/worlds/diff_drive.sdf
[8.317s] -- Installing: /home/jacobrod/worms_ws/install/worms_gazebo/share/worms_gazebo/environment/worms_gazebo.dsv
[8.317s] -- Installing: /home/jacobrod/worms_ws/install/worms_gazebo/share/worms_gazebo/environment/worms_gazebo.sh
[8.317s] -- Installing: /home/jacobrod/worms_ws/install/worms_gazebo/share/ament_index/resource_index/package_run_dependencies/worms_gazebo
[8.317s] -- Installing: /home/jacobrod/worms_ws/install/worms_gazebo/share/ament_index/resource_index/parent_prefix_path/worms_gazebo
[8.317s] -- Installing: /home/jacobrod/worms_ws/install/worms_gazebo/share/worms_gazebo/environment/ament_prefix_path.sh
[8.317s] -- Installing: /home/jacobrod/worms_ws/install/worms_gazebo/share/worms_gazebo/environment/ament_prefix_path.dsv
[8.318s] -- Installing: /home/jacobrod/worms_ws/install/worms_gazebo/share/worms_gazebo/environment/path.sh
[8.318s] -- Installing: /home/jacobrod/worms_ws/install/worms_gazebo/share/worms_gazebo/environment/path.dsv
[8.318s] -- Installing: /home/jacobrod/worms_ws/install/worms_gazebo/share/worms_gazebo/local_setup.bash
[8.318s] -- Installing: /home/jacobrod/worms_ws/install/worms_gazebo/share/worms_gazebo/local_setup.sh
[8.318s] -- Installing: /home/jacobrod/worms_ws/install/worms_gazebo/share/worms_gazebo/local_setup.zsh
[8.318s] -- Installing: /home/jacobrod/worms_ws/install/worms_gazebo/share/worms_gazebo/local_setup.dsv
[8.318s] -- Installing: /home/jacobrod/worms_ws/install/worms_gazebo/share/worms_gazebo/package.dsv
[8.318s] -- Installing: /home/jacobrod/worms_ws/install/worms_gazebo/share/ament_index/resource_index/packages/worms_gazebo
[8.318s] -- Installing: /home/jacobrod/worms_ws/install/worms_gazebo/share/worms_gazebo/cmake/worms_gazeboConfig.cmake
[8.318s] -- Installing: /home/jacobrod/worms_ws/install/worms_gazebo/share/worms_gazebo/cmake/worms_gazeboConfig-version.cmake
[8.319s] -- Installing: /home/jacobrod/worms_ws/install/worms_gazebo/share/worms_gazebo/package.xml
[8.333s] Invoked command in '/home/jacobrod/worms_ws/build/worms_gazebo' returned '0': CMAKE_PREFIX_PATH=${CMAKE_PREFIX_PATH}:/home/jacobrod/worms_ws/install/worms_mech:/opt/ros/humble /usr/bin/cmake --install /home/jacobrod/worms_ws/build/worms_gazebo
