[0.141s] Invoking command in '/home/jacobrod/worms_ws/build/ros_gz_image': CMAKE_PREFIX_PATH=/home/jacobrod/worms_ws/install/ros_gz_bridge:/home/jacobrod/worms_ws/install/ros_gz_interfaces:/home/jacobrod/worms_ws/install/worms_gazebo:/home/jacobrod/worms_ws/install/worms_description:/home/jacobrod/worms_ws/install/ros_ign:/home/jacobrod/worms_ws/install/ros_ign_gazebo_demos:/home/jacobrod/worms_ws/install/ros_gz:/home/jacobrod/worms_ws/install/ros_gz_sim_demos:/home/jacobrod/worms_ws/install/sdformat_urdf:/home/jacobrod/worms_ws/install/sdformat_test_files:/home/jacobrod/worms_ws/install/ros_ign_interfaces:/home/jacobrod/worms_ws/install/ros_ign_image:/home/jacobrod/worms_ws/install/ros_ign_gazebo:/home/jacobrod/worms_ws/install/ros_ign_bridge:/home/jacobrod/worms_ws/install/ros_gz_sim:/home/jacobrod/worms_ws/install/ros_gz_image:/home/jacobrod/worms_ws/install/ros_gz_example_bringup:/home/jacobrod/worms_ws/install/ros_gz_example_gazebo:/home/jacobrod/worms_ws/install/ros_gz_example_description:/home/jacobrod/worms_ws/install/ros_gz_example_application:/home/jacobrod/worms_ws/install/core_bringup:/home/jacobrod/worms_ws/install/worms_mech:/opt/ros/humble LD_LIBRARY_PATH=/home/jacobrod/worms_ws/install/ros_gz_bridge/lib:/home/jacobrod/worms_ws/install/ros_gz_interfaces/lib:/home/jacobrod/worms_ws/install/sdformat_urdf/lib:/home/jacobrod/worms_ws/install/ros_ign_interfaces/lib:/home/jacobrod/worms_ws/install/ros_gz_sim/lib:/opt/ros/humble/opt/rviz_ogre_vendor/lib:/opt/ros/humble/lib/x86_64-linux-gnu:/opt/ros/humble/lib /usr/bin/cmake /home/jacobrod/worms_ws/src/ros_gz/ros_gz_image -DBUILD_TESTING=ON -DCMAKE_INSTALL_PREFIX=/home/jacobrod/worms_ws/install/ros_gz_image
[0.206s] -- The C compiler identification is GNU 11.4.0
[0.267s] -- The CXX compiler identification is GNU 11.4.0
[0.279s] -- Detecting C compiler ABI info
[0.358s] -- Detecting C compiler ABI info - done
[0.366s] -- Check for working C compiler: /usr/bin/cc - skipped
[0.366s] -- Detecting C compile features
[0.367s] -- Detecting C compile features - done
[0.370s] -- Detecting CXX compiler ABI info
[0.461s] -- Detecting CXX compiler ABI info - done
[0.469s] -- Check for working CXX compiler: /usr/bin/c++ - skipped
[0.469s] -- Detecting CXX compile features
[0.470s] -- Detecting CXX compile features - done
[0.473s] -- Found ament_cmake: 1.3.6 (/opt/ros/humble/share/ament_cmake/cmake)
[0.670s] -- Found Python3: /usr/bin/python3.10 (found version "3.10.12") found components: Interpreter 
[0.786s] -- Found image_transport: 3.1.7 (/opt/ros/humble/share/image_transport/cmake)
[0.863s] -- Found rosidl_generator_c: 3.1.5 (/opt/ros/humble/share/rosidl_generator_c/cmake)
[0.872s] -- Found rosidl_adapter: 3.1.5 (/opt/ros/humble/share/rosidl_adapter/cmake)
[0.884s] -- Found rosidl_generator_cpp: 3.1.5 (/opt/ros/humble/share/rosidl_generator_cpp/cmake)
[0.905s] -- Using all available rosidl_typesupport_c: rosidl_typesupport_fastrtps_c;rosidl_typesupport_introspection_c
[0.933s] -- Using all available rosidl_typesupport_cpp: rosidl_typesupport_fastrtps_cpp;rosidl_typesupport_introspection_cpp
[1.037s] -- Found rmw_implementation_cmake: 6.1.1 (/opt/ros/humble/share/rmw_implementation_cmake/cmake)
[1.042s] -- Found rmw_fastrtps_cpp: 6.2.5 (/opt/ros/humble/share/rmw_fastrtps_cpp/cmake)
[1.177s] -- Found OpenSSL: /usr/lib/x86_64-linux-gnu/libcrypto.so (found version "3.0.2")  
[1.217s] -- Found FastRTPS: /opt/ros/humble/include  
[1.290s] -- Using RMW implementation 'rmw_fastrtps_cpp' as default
[1.307s] -- Looking for pthread.h
[1.393s] -- Looking for pthread.h - found
[1.393s] -- Performing Test CMAKE_HAVE_LIBC_PTHREAD
[1.474s] -- Performing Test CMAKE_HAVE_LIBC_PTHREAD - Success
[1.475s] -- Found Threads: TRUE  
[1.885s] -- Found ros_gz_bridge: 0.244.11 (/home/jacobrod/worms_ws/install/ros_gz_bridge/share/ros_gz_bridge/cmake)
[2.618s] -- Looking for gz-transport12 -- found version 12.2.1
[2.627s] -- Searching for dependencies of gz-transport12
[2.655s] -- Found Protobuf: /usr/lib/x86_64-linux-gnu/libprotobuf.so (found version "3.12.4") 
[2.669s] -- Config-file not installed for ZeroMQ -- checking for pkg-config
[2.675s] -- Checking for module 'libzmq >= 4'
[2.690s] --   Found libzmq , version 4.3.4
[2.736s] -- Found ZeroMQ: TRUE (Required is at least version "4") 
[2.743s] -- Checking for module 'uuid'
[2.758s] --   Found uuid, version 2.37.2
[2.794s] -- Found UUID: TRUE  
[2.799s] -- Looking for gz-utils2 -- found version 2.2.0
[2.799s] -- Searching for dependencies of gz-utils2
[2.800s] -- Searching for <gz-utils2> component [cli]
[2.804s] -- Looking for gz-utils2-cli -- found version 2.2.0
[2.805s] -- Searching for dependencies of gz-utils2-cli
[2.810s] -- Looking for gz-msgs9 -- found version 9.5.0
[2.810s] -- Searching for dependencies of gz-msgs9
[2.840s] -- Looking for gz-math7 -- found version 7.3.0
[2.841s] -- Searching for dependencies of gz-math7
[2.841s] -- Looking for gz-utils2 -- found version 2.2.0
[2.848s] -- Checking for module 'tinyxml2'
[2.863s] --   Found tinyxml2, version 9.0.0
[2.904s] -- Looking for gz-msgs9 -- found version 9.5.0
[2.904s] -- Compiling against Gazebo Garden
[3.382s] -- Found ament_lint_auto: 0.12.9 (/opt/ros/humble/share/ament_lint_auto/cmake)
[3.495s] -- Added test 'copyright' to check source files copyright and LICENSE
[3.498s] -- Added test 'cppcheck' to perform static code analysis on C / C++ code
[3.498s] -- Configured cppcheck include dirs: /home/jacobrod/worms_ws/src/ros_gz/ros_gz_image/include
[3.498s] -- Configured cppcheck exclude dirs and/or files: 
[3.500s] -- Added test 'cpplint' to check C / C++ code against the Google style
[3.500s] -- Configured cpplint exclude dirs and/or files: 
[3.501s] -- Added test 'lint_cmake' to check CMake code style
[3.503s] -- Added test 'uncrustify' to check C / C++ code style
[3.503s] -- Configured uncrustify additional arguments: 
[3.504s] -- Added test 'xmllint' to check XML markup files
[3.506s] -- Configuring done
[3.554s] -- Generating done
[3.556s] -- Build files have been written to: /home/jacobrod/worms_ws/build/ros_gz_image
[3.568s] Invoked command in '/home/jacobrod/worms_ws/build/ros_gz_image' returned '0': CMAKE_PREFIX_PATH=/home/jacobrod/worms_ws/install/ros_gz_bridge:/home/jacobrod/worms_ws/install/ros_gz_interfaces:/home/jacobrod/worms_ws/install/worms_gazebo:/home/jacobrod/worms_ws/install/worms_description:/home/jacobrod/worms_ws/install/ros_ign:/home/jacobrod/worms_ws/install/ros_ign_gazebo_demos:/home/jacobrod/worms_ws/install/ros_gz:/home/jacobrod/worms_ws/install/ros_gz_sim_demos:/home/jacobrod/worms_ws/install/sdformat_urdf:/home/jacobrod/worms_ws/install/sdformat_test_files:/home/jacobrod/worms_ws/install/ros_ign_interfaces:/home/jacobrod/worms_ws/install/ros_ign_image:/home/jacobrod/worms_ws/install/ros_ign_gazebo:/home/jacobrod/worms_ws/install/ros_ign_bridge:/home/jacobrod/worms_ws/install/ros_gz_sim:/home/jacobrod/worms_ws/install/ros_gz_image:/home/jacobrod/worms_ws/install/ros_gz_example_bringup:/home/jacobrod/worms_ws/install/ros_gz_example_gazebo:/home/jacobrod/worms_ws/install/ros_gz_example_description:/home/jacobrod/worms_ws/install/ros_gz_example_application:/home/jacobrod/worms_ws/install/core_bringup:/home/jacobrod/worms_ws/install/worms_mech:/opt/ros/humble LD_LIBRARY_PATH=/home/jacobrod/worms_ws/install/ros_gz_bridge/lib:/home/jacobrod/worms_ws/install/ros_gz_interfaces/lib:/home/jacobrod/worms_ws/install/sdformat_urdf/lib:/home/jacobrod/worms_ws/install/ros_ign_interfaces/lib:/home/jacobrod/worms_ws/install/ros_gz_sim/lib:/opt/ros/humble/opt/rviz_ogre_vendor/lib:/opt/ros/humble/lib/x86_64-linux-gnu:/opt/ros/humble/lib /usr/bin/cmake /home/jacobrod/worms_ws/src/ros_gz/ros_gz_image -DBUILD_TESTING=ON -DCMAKE_INSTALL_PREFIX=/home/jacobrod/worms_ws/install/ros_gz_image
[3.569s] Invoking command in '/home/jacobrod/worms_ws/build/ros_gz_image': CMAKE_PREFIX_PATH=/home/jacobrod/worms_ws/install/ros_gz_bridge:/home/jacobrod/worms_ws/install/ros_gz_interfaces:/home/jacobrod/worms_ws/install/worms_gazebo:/home/jacobrod/worms_ws/install/worms_description:/home/jacobrod/worms_ws/install/ros_ign:/home/jacobrod/worms_ws/install/ros_ign_gazebo_demos:/home/jacobrod/worms_ws/install/ros_gz:/home/jacobrod/worms_ws/install/ros_gz_sim_demos:/home/jacobrod/worms_ws/install/sdformat_urdf:/home/jacobrod/worms_ws/install/sdformat_test_files:/home/jacobrod/worms_ws/install/ros_ign_interfaces:/home/jacobrod/worms_ws/install/ros_ign_image:/home/jacobrod/worms_ws/install/ros_ign_gazebo:/home/jacobrod/worms_ws/install/ros_ign_bridge:/home/jacobrod/worms_ws/install/ros_gz_sim:/home/jacobrod/worms_ws/install/ros_gz_image:/home/jacobrod/worms_ws/install/ros_gz_example_bringup:/home/jacobrod/worms_ws/install/ros_gz_example_gazebo:/home/jacobrod/worms_ws/install/ros_gz_example_description:/home/jacobrod/worms_ws/install/ros_gz_example_application:/home/jacobrod/worms_ws/install/core_bringup:/home/jacobrod/worms_ws/install/worms_mech:/opt/ros/humble LD_LIBRARY_PATH=/home/jacobrod/worms_ws/install/ros_gz_bridge/lib:/home/jacobrod/worms_ws/install/ros_gz_interfaces/lib:/home/jacobrod/worms_ws/install/sdformat_urdf/lib:/home/jacobrod/worms_ws/install/ros_ign_interfaces/lib:/home/jacobrod/worms_ws/install/ros_gz_sim/lib:/opt/ros/humble/opt/rviz_ogre_vendor/lib:/opt/ros/humble/lib/x86_64-linux-gnu:/opt/ros/humble/lib /usr/bin/cmake --build /home/jacobrod/worms_ws/build/ros_gz_image -- -j8 -l8
[3.625s] [ 50%] [32mBuilding CXX object CMakeFiles/image_bridge.dir/src/image_bridge.cpp.o[0m
[10.183s] [100%] [32m[1mLinking CXX executable image_bridge[0m
[24.775s] [100%] Built target image_bridge
[24.787s] Invoked command in '/home/jacobrod/worms_ws/build/ros_gz_image' returned '0': CMAKE_PREFIX_PATH=/home/jacobrod/worms_ws/install/ros_gz_bridge:/home/jacobrod/worms_ws/install/ros_gz_interfaces:/home/jacobrod/worms_ws/install/worms_gazebo:/home/jacobrod/worms_ws/install/worms_description:/home/jacobrod/worms_ws/install/ros_ign:/home/jacobrod/worms_ws/install/ros_ign_gazebo_demos:/home/jacobrod/worms_ws/install/ros_gz:/home/jacobrod/worms_ws/install/ros_gz_sim_demos:/home/jacobrod/worms_ws/install/sdformat_urdf:/home/jacobrod/worms_ws/install/sdformat_test_files:/home/jacobrod/worms_ws/install/ros_ign_interfaces:/home/jacobrod/worms_ws/install/ros_ign_image:/home/jacobrod/worms_ws/install/ros_ign_gazebo:/home/jacobrod/worms_ws/install/ros_ign_bridge:/home/jacobrod/worms_ws/install/ros_gz_sim:/home/jacobrod/worms_ws/install/ros_gz_image:/home/jacobrod/worms_ws/install/ros_gz_example_bringup:/home/jacobrod/worms_ws/install/ros_gz_example_gazebo:/home/jacobrod/worms_ws/install/ros_gz_example_description:/home/jacobrod/worms_ws/install/ros_gz_example_application:/home/jacobrod/worms_ws/install/core_bringup:/home/jacobrod/worms_ws/install/worms_mech:/opt/ros/humble LD_LIBRARY_PATH=/home/jacobrod/worms_ws/install/ros_gz_bridge/lib:/home/jacobrod/worms_ws/install/ros_gz_interfaces/lib:/home/jacobrod/worms_ws/install/sdformat_urdf/lib:/home/jacobrod/worms_ws/install/ros_ign_interfaces/lib:/home/jacobrod/worms_ws/install/ros_gz_sim/lib:/opt/ros/humble/opt/rviz_ogre_vendor/lib:/opt/ros/humble/lib/x86_64-linux-gnu:/opt/ros/humble/lib /usr/bin/cmake --build /home/jacobrod/worms_ws/build/ros_gz_image -- -j8 -l8
[24.817s] Invoking command in '/home/jacobrod/worms_ws/build/ros_gz_image': CMAKE_PREFIX_PATH=/home/jacobrod/worms_ws/install/ros_gz_bridge:/home/jacobrod/worms_ws/install/ros_gz_interfaces:/home/jacobrod/worms_ws/install/worms_gazebo:/home/jacobrod/worms_ws/install/worms_description:/home/jacobrod/worms_ws/install/ros_ign:/home/jacobrod/worms_ws/install/ros_ign_gazebo_demos:/home/jacobrod/worms_ws/install/ros_gz:/home/jacobrod/worms_ws/install/ros_gz_sim_demos:/home/jacobrod/worms_ws/install/sdformat_urdf:/home/jacobrod/worms_ws/install/sdformat_test_files:/home/jacobrod/worms_ws/install/ros_ign_interfaces:/home/jacobrod/worms_ws/install/ros_ign_image:/home/jacobrod/worms_ws/install/ros_ign_gazebo:/home/jacobrod/worms_ws/install/ros_ign_bridge:/home/jacobrod/worms_ws/install/ros_gz_sim:/home/jacobrod/worms_ws/install/ros_gz_image:/home/jacobrod/worms_ws/install/ros_gz_example_bringup:/home/jacobrod/worms_ws/install/ros_gz_example_gazebo:/home/jacobrod/worms_ws/install/ros_gz_example_description:/home/jacobrod/worms_ws/install/ros_gz_example_application:/home/jacobrod/worms_ws/install/core_bringup:/home/jacobrod/worms_ws/install/worms_mech:/opt/ros/humble LD_LIBRARY_PATH=/home/jacobrod/worms_ws/install/ros_gz_bridge/lib:/home/jacobrod/worms_ws/install/ros_gz_interfaces/lib:/home/jacobrod/worms_ws/install/sdformat_urdf/lib:/home/jacobrod/worms_ws/install/ros_ign_interfaces/lib:/home/jacobrod/worms_ws/install/ros_gz_sim/lib:/opt/ros/humble/opt/rviz_ogre_vendor/lib:/opt/ros/humble/lib/x86_64-linux-gnu:/opt/ros/humble/lib /usr/bin/cmake --install /home/jacobrod/worms_ws/build/ros_gz_image
[24.826s] -- Install configuration: ""
[24.826s] -- Installing: /home/jacobrod/worms_ws/install/ros_gz_image/lib/ros_gz_image/image_bridge
[24.828s] -- Set runtime path of "/home/jacobrod/worms_ws/install/ros_gz_image/lib/ros_gz_image/image_bridge" to ""
[24.828s] -- Installing: /home/jacobrod/worms_ws/install/ros_gz_image/share/ament_index/resource_index/package_run_dependencies/ros_gz_image
[24.829s] -- Installing: /home/jacobrod/worms_ws/install/ros_gz_image/share/ament_index/resource_index/parent_prefix_path/ros_gz_image
[24.829s] -- Installing: /home/jacobrod/worms_ws/install/ros_gz_image/share/ros_gz_image/environment/ament_prefix_path.sh
[24.829s] -- Installing: /home/jacobrod/worms_ws/install/ros_gz_image/share/ros_gz_image/environment/ament_prefix_path.dsv
[24.829s] -- Installing: /home/jacobrod/worms_ws/install/ros_gz_image/share/ros_gz_image/environment/path.sh
[24.829s] -- Installing: /home/jacobrod/worms_ws/install/ros_gz_image/share/ros_gz_image/environment/path.dsv
[24.830s] -- Installing: /home/jacobrod/worms_ws/install/ros_gz_image/share/ros_gz_image/local_setup.bash
[24.830s] -- Installing: /home/jacobrod/worms_ws/install/ros_gz_image/share/ros_gz_image/local_setup.sh
[24.830s] -- Installing: /home/jacobrod/worms_ws/install/ros_gz_image/share/ros_gz_image/local_setup.zsh
[24.830s] -- Installing: /home/jacobrod/worms_ws/install/ros_gz_image/share/ros_gz_image/local_setup.dsv
[24.830s] -- Installing: /home/jacobrod/worms_ws/install/ros_gz_image/share/ros_gz_image/package.dsv
[24.830s] -- Installing: /home/jacobrod/worms_ws/install/ros_gz_image/share/ament_index/resource_index/packages/ros_gz_image
[24.831s] -- Installing: /home/jacobrod/worms_ws/install/ros_gz_image/share/ros_gz_image/cmake/ros_gz_imageConfig.cmake
[24.831s] -- Installing: /home/jacobrod/worms_ws/install/ros_gz_image/share/ros_gz_image/cmake/ros_gz_imageConfig-version.cmake
[24.831s] -- Installing: /home/jacobrod/worms_ws/install/ros_gz_image/share/ros_gz_image/package.xml
[24.833s] Invoked command in '/home/jacobrod/worms_ws/build/ros_gz_image' returned '0': CMAKE_PREFIX_PATH=/home/jacobrod/worms_ws/install/ros_gz_bridge:/home/jacobrod/worms_ws/install/ros_gz_interfaces:/home/jacobrod/worms_ws/install/worms_gazebo:/home/jacobrod/worms_ws/install/worms_description:/home/jacobrod/worms_ws/install/ros_ign:/home/jacobrod/worms_ws/install/ros_ign_gazebo_demos:/home/jacobrod/worms_ws/install/ros_gz:/home/jacobrod/worms_ws/install/ros_gz_sim_demos:/home/jacobrod/worms_ws/install/sdformat_urdf:/home/jacobrod/worms_ws/install/sdformat_test_files:/home/jacobrod/worms_ws/install/ros_ign_interfaces:/home/jacobrod/worms_ws/install/ros_ign_image:/home/jacobrod/worms_ws/install/ros_ign_gazebo:/home/jacobrod/worms_ws/install/ros_ign_bridge:/home/jacobrod/worms_ws/install/ros_gz_sim:/home/jacobrod/worms_ws/install/ros_gz_image:/home/jacobrod/worms_ws/install/ros_gz_example_bringup:/home/jacobrod/worms_ws/install/ros_gz_example_gazebo:/home/jacobrod/worms_ws/install/ros_gz_example_description:/home/jacobrod/worms_ws/install/ros_gz_example_application:/home/jacobrod/worms_ws/install/core_bringup:/home/jacobrod/worms_ws/install/worms_mech:/opt/ros/humble LD_LIBRARY_PATH=/home/jacobrod/worms_ws/install/ros_gz_bridge/lib:/home/jacobrod/worms_ws/install/ros_gz_interfaces/lib:/home/jacobrod/worms_ws/install/sdformat_urdf/lib:/home/jacobrod/worms_ws/install/ros_ign_interfaces/lib:/home/jacobrod/worms_ws/install/ros_gz_sim/lib:/opt/ros/humble/opt/rviz_ogre_vendor/lib:/opt/ros/humble/lib/x86_64-linux-gnu:/opt/ros/humble/lib /usr/bin/cmake --install /home/jacobrod/worms_ws/build/ros_gz_image
