[0.615s] Invoking command in '/home/jacobrod/worms_ws/build/ros_gz_sim': CMAKE_PREFIX_PATH=${CMAKE_PREFIX_PATH}:/home/jacobrod/worms_ws/install/worms_mech:/opt/ros/humble /usr/bin/cmake --build /home/jacobrod/worms_ws/build/ros_gz_sim -- -j8 -l8
[0.698s] [35m[1mConsolidate compiler generated dependencies of target create[0m
[0.701s] [35m[1mConsolidate compiler generated dependencies of target gtest[0m
[0.716s] [35m[1mConsolidate compiler generated dependencies of target ros_gz_sim[0m
[0.738s] [35m[1mConsolidate compiler generated dependencies of target gtest_main[0m
[0.740s] [ 20%] Built target gtest
[0.748s] [ 40%] Built target ros_gz_sim
[0.753s] [ 60%] Built target gtest_main
[0.772s] [ 80%] Built target create
[0.774s] [35m[1mConsolidate compiler generated dependencies of target test_stopwatch[0m
[0.831s] [100%] Built target test_stopwatch
[1.027s] Invoked command in '/home/jacobrod/worms_ws/build/ros_gz_sim' returned '0': CMAKE_PREFIX_PATH=${CMAKE_PREFIX_PATH}:/home/jacobrod/worms_ws/install/worms_mech:/opt/ros/humble /usr/bin/cmake --build /home/jacobrod/worms_ws/build/ros_gz_sim -- -j8 -l8
[1.472s] Invoking command in '/home/jacobrod/worms_ws/build/ros_gz_sim': CMAKE_PREFIX_PATH=${CMAKE_PREFIX_PATH}:/home/jacobrod/worms_ws/install/worms_mech:/opt/ros/humble /usr/bin/cmake --install /home/jacobrod/worms_ws/build/ros_gz_sim
[1.577s] -- Install configuration: ""
[1.579s] -- Up-to-date: /home/jacobrod/worms_ws/install/ros_gz_sim/include/ros_gz_sim
[1.579s] -- Up-to-date: /home/jacobrod/worms_ws/install/ros_gz_sim/include/ros_gz_sim/Stopwatch.hpp
[1.580s] -- Up-to-date: /home/jacobrod/worms_ws/install/ros_gz_sim/share/ros_gz_sim/launch/gz_sim.launch.py
[1.580s] -- Up-to-date: /home/jacobrod/worms_ws/install/ros_gz_sim/lib/ros_gz_sim/create
[1.580s] -- Up-to-date: /home/jacobrod/worms_ws/install/ros_gz_sim/lib/libros_gz_sim.so
[1.581s] -- Up-to-date: /home/jacobrod/worms_ws/install/ros_gz_sim/lib/ros_gz_sim/test_stopwatch
[1.581s] -- Up-to-date: /home/jacobrod/worms_ws/install/ros_gz_sim/share/ament_index/resource_index/package_run_dependencies/ros_gz_sim
[1.581s] -- Up-to-date: /home/jacobrod/worms_ws/install/ros_gz_sim/share/ament_index/resource_index/parent_prefix_path/ros_gz_sim
[1.581s] -- Up-to-date: /home/jacobrod/worms_ws/install/ros_gz_sim/share/ros_gz_sim/environment/ament_prefix_path.sh
[1.581s] -- Up-to-date: /home/jacobrod/worms_ws/install/ros_gz_sim/share/ros_gz_sim/environment/ament_prefix_path.dsv
[1.582s] -- Up-to-date: /home/jacobrod/worms_ws/install/ros_gz_sim/share/ros_gz_sim/environment/path.sh
[1.582s] -- Up-to-date: /home/jacobrod/worms_ws/install/ros_gz_sim/share/ros_gz_sim/environment/path.dsv
[1.583s] -- Up-to-date: /home/jacobrod/worms_ws/install/ros_gz_sim/share/ros_gz_sim/local_setup.bash
[1.584s] -- Up-to-date: /home/jacobrod/worms_ws/install/ros_gz_sim/share/ros_gz_sim/local_setup.sh
[1.585s] -- Up-to-date: /home/jacobrod/worms_ws/install/ros_gz_sim/share/ros_gz_sim/local_setup.zsh
[1.585s] -- Up-to-date: /home/jacobrod/worms_ws/install/ros_gz_sim/share/ros_gz_sim/local_setup.dsv
[1.586s] -- Installing: /home/jacobrod/worms_ws/install/ros_gz_sim/share/ros_gz_sim/package.dsv
[1.586s] -- Up-to-date: /home/jacobrod/worms_ws/install/ros_gz_sim/share/ament_index/resource_index/packages/ros_gz_sim
[1.586s] -- Up-to-date: /home/jacobrod/worms_ws/install/ros_gz_sim/share/ros_gz_sim/cmake/ros_gz_simExport.cmake
[1.587s] -- Up-to-date: /home/jacobrod/worms_ws/install/ros_gz_sim/share/ros_gz_sim/cmake/ros_gz_simExport-noconfig.cmake
[1.587s] -- Up-to-date: /home/jacobrod/worms_ws/install/ros_gz_sim/share/ros_gz_sim/cmake/ament_cmake_export_targets-extras.cmake
[1.587s] -- Up-to-date: /home/jacobrod/worms_ws/install/ros_gz_sim/share/ros_gz_sim/cmake/ament_cmake_export_dependencies-extras.cmake
[1.587s] -- Up-to-date: /home/jacobrod/worms_ws/install/ros_gz_sim/share/ros_gz_sim/cmake/ros_gz_simConfig.cmake
[1.588s] -- Up-to-date: /home/jacobrod/worms_ws/install/ros_gz_sim/share/ros_gz_sim/cmake/ros_gz_simConfig-version.cmake
[1.588s] -- Up-to-date: /home/jacobrod/worms_ws/install/ros_gz_sim/share/ros_gz_sim/package.xml
[1.875s] Invoked command in '/home/jacobrod/worms_ws/build/ros_gz_sim' returned '0': CMAKE_PREFIX_PATH=${CMAKE_PREFIX_PATH}:/home/jacobrod/worms_ws/install/worms_mech:/opt/ros/humble /usr/bin/cmake --install /home/jacobrod/worms_ws/build/ros_gz_sim
