[0.430s] Invoking command in '/home/jacobrod/worms_ws/build/ros_gz_sim': CMAKE_PREFIX_PATH=/opt/ros/humble /usr/bin/cmake /home/jacobrod/worms_ws/src/ros_gz/ros_gz_sim -DCMAKE_INSTALL_PREFIX=/home/jacobrod/worms_ws/install/ros_gz_sim
[0.470s] -- Found ament_cmake: 1.3.6 (/opt/ros/humble/share/ament_cmake/cmake)
[0.751s] -- Found rclcpp: 16.0.7 (/opt/ros/humble/share/rclcpp/cmake)
[0.806s] -- Found rosidl_generator_c: 3.1.5 (/opt/ros/humble/share/rosidl_generator_c/cmake)
[0.812s] -- Found rosidl_adapter: 3.1.5 (/opt/ros/humble/share/rosidl_adapter/cmake)
[0.820s] -- Found rosidl_generator_cpp: 3.1.5 (/opt/ros/humble/share/rosidl_generator_cpp/cmake)
[0.843s] -- Using all available rosidl_typesupport_c: rosidl_typesupport_fastrtps_c;rosidl_typesupport_introspection_c
[0.873s] -- Using all available rosidl_typesupport_cpp: rosidl_typesupport_fastrtps_cpp;rosidl_typesupport_introspection_cpp
[0.956s] -- Found rmw_implementation_cmake: 6.1.1 (/opt/ros/humble/share/rmw_implementation_cmake/cmake)
[0.957s] -- Found rmw_fastrtps_cpp: 6.2.5 (/opt/ros/humble/share/rmw_fastrtps_cpp/cmake)
[1.132s] -- Using RMW implementation 'rmw_fastrtps_cpp' as default
[1.349s] -- Looking for gz-math7 -- found version 7.3.0
[1.355s] -- Searching for dependencies of gz-math7
[1.355s] -- Looking for gz-utils2 -- found version 2.2.0
[1.356s] -- Searching for dependencies of gz-utils2
[1.357s] -- Looking for gz-transport12 -- found version 12.2.1
[1.358s] -- Searching for dependencies of gz-transport12
[1.396s] -- Config-file not installed for ZeroMQ -- checking for pkg-config
[1.403s] -- Checking for module 'libzmq >= 4'
[1.421s] --   Found libzmq , version 4.3.4
[1.476s] -- Checking for module 'uuid'
[1.492s] --   Found uuid, version 2.37.2
[1.533s] -- Looking for gz-utils2 -- found version 2.2.0
[1.533s] -- Searching for dependencies of gz-utils2
[1.534s] -- Searching for <gz-utils2> component [cli]
[1.534s] -- Looking for gz-utils2-cli -- found version 2.2.0
[1.534s] -- Searching for dependencies of gz-utils2-cli
[1.535s] -- Looking for gz-msgs9 -- found version 9.5.0
[1.536s] -- Searching for dependencies of gz-msgs9
[1.559s] -- Looking for gz-math7 -- found version 7.3.0
[1.566s] -- Checking for module 'tinyxml2'
[1.581s] --   Found tinyxml2, version 9.0.0
[1.621s] -- Looking for gz-msgs9 -- found version 9.5.0
[1.622s] -- Looking for gz-sim7 -- found version 7.6.0
[1.622s] -- Searching for dependencies of gz-sim7
[1.623s] -- Looking for sdformat13 -- found version 13.6.0
[1.623s] -- Searching for dependencies of sdformat13
[1.630s] -- Looking for gz-math7 -- found version 7.3.0
[1.631s] -- Looking for gz-utils2 -- found version 2.2.0
[1.633s] -- Looking for gz-plugin2 -- found version 2.0.2
[1.633s] -- Searching for dependencies of gz-plugin2
[1.633s] -- Looking for gz-utils2 -- found version 2.2.0
[1.634s] -- Searching for <gz-plugin2> component [loader]
[1.634s] -- Looking for gz-plugin2-loader -- found version 2.0.2
[1.635s] -- Searching for dependencies of gz-plugin2-loader
[1.635s] -- Searching for <gz-plugin2> component [register]
[1.636s] -- Looking for gz-plugin2-register -- found version 2.0.2
[1.636s] -- Searching for dependencies of gz-plugin2-register
[1.637s] -- Looking for gz-transport12 -- found version 12.2.1
[1.638s] -- Searching for dependencies of gz-transport12
[1.674s] -- Config-file not installed for ZeroMQ -- checking for pkg-config
[1.680s] -- Checking for module 'libzmq >= 4'
[1.700s] --   Found libzmq , version 4.3.4
[1.753s] -- Looking for gz-utils2 -- found version 2.2.0
[1.753s] -- Looking for gz-msgs9 -- found version 9.5.0
[1.753s] -- Searching for <gz-transport12> component [log]
[1.754s] -- Looking for gz-transport12-log -- found version 12.2.1
[1.754s] -- Searching for dependencies of gz-transport12-log
[1.755s] -- Searching for <gz-transport12> component [parameters]
[1.755s] -- Looking for gz-transport12-parameters -- found version 12.2.1
[1.756s] -- Searching for dependencies of gz-transport12-parameters
[1.758s] -- Looking for gz-msgs9 -- found version 9.5.0
[1.758s] -- Looking for gz-common5 -- found version 5.4.2
[1.759s] -- Searching for dependencies of gz-common5
[1.760s] -- Looking for gz-utils2 -- found version 2.2.0
[1.760s] -- Looking for dlfcn.h - found
[1.761s] -- Looking for libdl - found
[1.772s] -- Searching for <gz-common5> component [profiler]
[1.772s] -- Looking for gz-common5-profiler -- found version 5.4.2
[1.773s] -- Searching for dependencies of gz-common5-profiler
[1.774s] -- Searching for <gz-common5> component [events]
[1.774s] -- Looking for gz-common5-events -- found version 5.4.2
[1.775s] -- Searching for dependencies of gz-common5-events
[1.776s] -- Looking for gz-math7 -- found version 7.3.0
[1.776s] -- Searching for <gz-common5> component [av]
[1.777s] -- Looking for gz-common5-av -- found version 5.4.2
[1.778s] -- Searching for dependencies of gz-common5-av
[1.784s] -- Checking for module 'libswscale'
[1.803s] --   Found libswscale, version 5.9.100
[1.856s] -- Checking for module 'libavdevice >= 56.4.100'
[1.873s] --   Found libavdevice , version 58.13.100
[1.924s] -- Checking for module 'libavformat'
[1.940s] --   Found libavformat, version 58.76.100
[1.982s] -- Checking for module 'libavcodec'
[1.995s] --   Found libavcodec, version 58.134.100
[2.035s] -- Checking for module 'libavutil'
[2.050s] --   Found libavutil, version 56.70.100
[2.084s] -- Searching for <gz-common5> component [io]
[2.084s] -- Looking for gz-common5-io -- found version 5.4.2
[2.085s] -- Searching for dependencies of gz-common5-io
[2.086s] -- Looking for gz-fuel_tools8 -- found version 8.1.0
[2.086s] -- Searching for dependencies of gz-fuel_tools8
[2.127s] -- Checking for module 'jsoncpp'
[2.139s] --   Found jsoncpp, version 1.9.5
[2.177s] -- Checking for module 'libzip'
[2.191s] --   Found libzip, version 1.7.3
[2.236s] -- Looking for gz-utils2 -- found version 2.2.0
[2.237s] -- Looking for gz-common5 -- found version 5.4.2
[2.237s] -- Searching for dependencies of gz-common5
[2.238s] -- Looking for gz-utils2 -- found version 2.2.0
[2.238s] -- Looking for dlfcn.h - found
[2.238s] -- Looking for libdl - found
[2.248s] -- Searching for <gz-common5> component [testing]
[2.248s] -- Looking for gz-common5-testing -- found version 5.4.2
[2.249s] -- Searching for dependencies of gz-common5-testing
[2.250s] -- Looking for gz-math7 -- found version 7.3.0
[2.251s] -- Looking for gz-msgs9 -- found version 9.5.0
[2.252s] -- Looking for gz-gui7 -- found version 7.2.1
[2.253s] -- Searching for dependencies of gz-gui7
[2.287s] -- Looking for gz-utils2 -- found version 2.2.0
[2.287s] -- Looking for gz-math7 -- found version 7.3.0
[2.288s] -- Looking for gz-common5 -- found version 5.4.2
[2.288s] -- Looking for gz-plugin2 -- found version 2.0.2
[2.289s] -- Looking for gz-transport12 -- found version 12.2.1
[2.289s] -- Looking for gz-rendering7 -- found version 7.4.2
[2.290s] -- Searching for dependencies of gz-rendering7
[2.291s] -- Looking for gz-math7 -- found version 7.3.0
[2.292s] -- Searching for dependencies of gz-math7
[2.292s] -- Looking for gz-utils2 -- found version 2.2.0
[2.293s] -- Searching for <gz-math7> component [eigen3]
[2.293s] -- Looking for gz-math7-eigen3 -- found version 7.3.0
[2.294s] -- Searching for dependencies of gz-math7-eigen3
[2.296s] -- Looking for gz-common5 -- found version 5.4.2
[2.298s] -- Searching for dependencies of gz-common5
[2.298s] -- Looking for gz-utils2 -- found version 2.2.0
[2.298s] -- Looking for dlfcn.h - found
[2.298s] -- Looking for libdl - found
[2.310s] -- Searching for <gz-common5> component [graphics]
[2.311s] -- Looking for gz-common5-graphics -- found version 5.4.2
[2.312s] -- Searching for dependencies of gz-common5-graphics
[2.312s] -- Looking for gz-math7 -- found version 7.3.0
[2.316s] -- Searching for <gz-common5> component [events]
[2.316s] -- Searching for <gz-common5> component [geospatial]
[2.317s] -- Looking for gz-common5-geospatial -- found version 5.4.2
[2.318s] -- Searching for dependencies of gz-common5-geospatial
[2.318s] -- Looking for gz-math7 -- found version 7.3.0
[2.319s] -- Looking for gz-common5 -- found version 5.4.2
[2.320s] -- Looking for gz-plugin2 -- found version 2.0.2
[2.320s] -- Searching for dependencies of gz-plugin2
[2.320s] -- Looking for gz-utils2 -- found version 2.2.0
[2.321s] -- Searching for <gz-plugin2> component [all]
[2.321s] -- Looking for all libraries of gz-plugin2 -- found version 2.0.2
[2.322s] -- Looking for gz-plugin2 -- found version 2.0.2
[2.325s] -- Looking for gz-utils2 -- found version 2.2.0
[2.334s] -- Looking for gz-msgs9 -- found version 9.5.0
[2.352s] -- Looking for gz-physics6 -- found version 6.5.1
[2.353s] -- Searching for dependencies of gz-physics6
[2.353s] -- Looking for gz-math7 -- found version 7.3.0
[2.354s] -- Looking for gz-plugin2 -- found version 2.0.2
[2.354s] -- Looking for gz-utils2 -- found version 2.2.0
[2.356s] -- Searching for <gz-physics6> component [heightmap]
[2.356s] -- Looking for gz-physics6-heightmap -- found version 6.5.1
[2.357s] -- Searching for dependencies of gz-physics6-heightmap
[2.358s] -- Looking for gz-common5 -- found version 5.4.2
[2.358s] -- Searching for <gz-physics6> component [mesh]
[2.358s] -- Looking for gz-physics6-mesh -- found version 6.5.1
[2.359s] -- Searching for dependencies of gz-physics6-mesh
[2.359s] -- Looking for gz-common5 -- found version 5.4.2
[2.360s] -- Searching for <gz-physics6> component [sdf]
[2.360s] -- Looking for gz-physics6-sdf -- found version 6.5.1
[2.361s] -- Searching for dependencies of gz-physics6-sdf
[2.362s] -- Looking for sdformat13 -- found version 13.6.0
[2.362s] -- Looking for gz-sensors7 -- found version 7.3.0
[2.363s] -- Searching for dependencies of gz-sensors7
[2.385s] -- Looking for gz-math7 -- found version 7.3.0
[2.385s] -- Looking for gz-common5 -- found version 5.4.2
[2.386s] -- Looking for gz-transport12 -- found version 12.2.1
[2.386s] -- Looking for gz-rendering7 -- found version 7.4.2
[2.387s] -- Looking for gz-msgs9 -- found version 9.5.0
[2.387s] -- Looking for sdformat13 -- found version 13.6.0
[2.388s] -- Searching for <gz-sensors7> component [air_pressure]
[2.388s] -- Looking for gz-sensors7-air_pressure -- found version 7.3.0
[2.389s] -- Searching for dependencies of gz-sensors7-air_pressure
[2.390s] -- Searching for <gz-sensors7> component [air_speed]
[2.390s] -- Looking for gz-sensors7-air_speed -- found version 7.3.0
[2.391s] -- Searching for dependencies of gz-sensors7-air_speed
[2.392s] -- Searching for <gz-sensors7> component [altimeter]
[2.392s] -- Looking for gz-sensors7-altimeter -- found version 7.3.0
[2.393s] -- Searching for dependencies of gz-sensors7-altimeter
[2.393s] -- Searching for <gz-sensors7> component [imu]
[2.394s] -- Looking for gz-sensors7-imu -- found version 7.3.0
[2.394s] -- Searching for dependencies of gz-sensors7-imu
[2.395s] -- Searching for <gz-sensors7> component [force_torque]
[2.395s] -- Looking for gz-sensors7-force_torque -- found version 7.3.0
[2.396s] -- Searching for dependencies of gz-sensors7-force_torque
[2.396s] -- Searching for <gz-sensors7> component [logical_camera]
[2.397s] -- Looking for gz-sensors7-logical_camera -- found version 7.3.0
[2.397s] -- Searching for dependencies of gz-sensors7-logical_camera
[2.398s] -- Searching for <gz-sensors7> component [magnetometer]
[2.398s] -- Looking for gz-sensors7-magnetometer -- found version 7.3.0
[2.399s] -- Searching for dependencies of gz-sensors7-magnetometer
[2.400s] -- Searching for <gz-sensors7> component [navsat]
[2.400s] -- Looking for gz-sensors7-navsat -- found version 7.3.0
[2.401s] -- Searching for dependencies of gz-sensors7-navsat
[2.401s] -- Searching for <gz-sensors7> component [rendering]
[2.402s] -- Looking for gz-sensors7-rendering -- found version 7.3.0
[2.403s] -- Searching for dependencies of gz-sensors7-rendering
[2.403s] -- Searching for <gz-sensors7> component [lidar]
[2.404s] -- Looking for gz-sensors7-lidar -- found version 7.3.0
[2.404s] -- Searching for dependencies of gz-sensors7-lidar
[2.405s] -- Looking for gz-sensors7 -- found version 7.3.0
[2.405s] -- Searching for <gz-sensors7> component [gpu_lidar]
[2.406s] -- Looking for gz-sensors7-gpu_lidar -- found version 7.3.0
[2.406s] -- Searching for dependencies of gz-sensors7-gpu_lidar
[2.407s] -- Looking for gz-sensors7 -- found version 7.3.0
[2.408s] -- Searching for <gz-sensors7> component [camera]
[2.408s] -- Looking for gz-sensors7-camera -- found version 7.3.0
[2.409s] -- Searching for dependencies of gz-sensors7-camera
[2.409s] -- Looking for gz-sensors7 -- found version 7.3.0
[2.410s] -- Searching for <gz-sensors7> component [boundingbox_camera]
[2.411s] -- Looking for gz-sensors7-boundingbox_camera -- found version 7.3.0
[2.411s] -- Searching for dependencies of gz-sensors7-boundingbox_camera
[2.412s] -- Searching for <gz-sensors7> component [segmentation_camera]
[2.412s] -- Looking for gz-sensors7-segmentation_camera -- found version 7.3.0
[2.413s] -- Searching for dependencies of gz-sensors7-segmentation_camera
[2.414s] -- Searching for <gz-sensors7> component [depth_camera]
[2.415s] -- Looking for gz-sensors7-depth_camera -- found version 7.3.0
[2.415s] -- Searching for dependencies of gz-sensors7-depth_camera
[2.416s] -- Looking for gz-sensors7 -- found version 7.3.0
[2.417s] -- Searching for <gz-sensors7> component [rgbd_camera]
[2.417s] -- Looking for gz-sensors7-rgbd_camera -- found version 7.3.0
[2.418s] -- Searching for dependencies of gz-sensors7-rgbd_camera
[2.418s] -- Looking for gz-sensors7 -- found version 7.3.0
[2.419s] -- Searching for <gz-sensors7> component [thermal_camera]
[2.419s] -- Looking for gz-sensors7-thermal_camera -- found version 7.3.0
[2.420s] -- Searching for dependencies of gz-sensors7-thermal_camera
[2.420s] -- Looking for gz-sensors7 -- found version 7.3.0
[2.421s] -- Searching for <gz-sensors7> component [wide_angle_camera]
[2.422s] -- Looking for gz-sensors7-wide_angle_camera -- found version 7.3.0
[2.422s] -- Searching for dependencies of gz-sensors7-wide_angle_camera
[2.423s] -- Looking for gz-rendering7 -- found version 7.4.2
[2.424s] -- Looking for gz-math7 -- found version 7.3.0
[2.425s] -- Looking for gz-utils2 -- found version 2.2.0
[2.449s] -- Compiling against Gazebo Garden
[2.452s] -- Looking for gflags - found
[2.452s] 
[2.456s] -- Found ament_lint_auto: 0.12.9 (/opt/ros/humble/share/ament_lint_auto/cmake)
[2.567s] -- Found ament_cmake_gtest: 1.3.6 (/opt/ros/humble/share/ament_cmake_gtest/cmake)
[2.568s] -- Found gtest sources under '/opt/ros/humble/src/gtest_vendor': C++ tests using 'Google Test' will be built
[2.582s] -- Added test 'copyright' to check source files copyright and LICENSE
[2.584s] -- Added test 'cppcheck' to perform static code analysis on C / C++ code
[2.584s] -- Configured cppcheck include dirs: $<BUILD_INTERFACE:/home/jacobrod/worms_ws/src/ros_gz/ros_gz_sim/include>
[2.584s] -- Configured cppcheck exclude dirs and/or files: 
[2.585s] -- Added test 'cpplint' to check C / C++ code against the Google style
[2.585s] -- Configured cpplint exclude dirs and/or files: 
[2.586s] -- Added test 'lint_cmake' to check CMake code style
[2.587s] -- Added test 'uncrustify' to check C / C++ code style
[2.587s] -- Configured uncrustify additional arguments: 
[2.588s] -- Added test 'xmllint' to check XML markup files
[2.589s] -- Configuring done
[2.625s] -- Generating done
[2.630s] -- Build files have been written to: /home/jacobrod/worms_ws/build/ros_gz_sim
