[2.737s] Invoking command in '/home/tomascr/worms_mech_ws/src/worms_mech': PYTHONPATH=/home/tomascr/worms_mech_ws/install/worms_mech/lib/python3.10/site-packages:${PYTHONPATH} /usr/bin/python3 setup.py egg_info --egg-base ../../build/worms_mech build --build-base /home/tomascr/worms_mech_ws/build/worms_mech/build install --prefix /home/tomascr/worms_mech_ws/install/worms_mech --record /home/tomascr/worms_mech_ws/build/worms_mech/install.log --single-version-externally-managed
[3.806s] running egg_info
[3.809s] writing ../../build/worms_mech/worms_mech.egg-info/PKG-INFO
[3.810s] writing dependency_links to ../../build/worms_mech/worms_mech.egg-info/dependency_links.txt
[3.812s] writing entry points to ../../build/worms_mech/worms_mech.egg-info/entry_points.txt
[3.812s] writing requirements to ../../build/worms_mech/worms_mech.egg-info/requires.txt
[3.813s] writing top-level names to ../../build/worms_mech/worms_mech.egg-info/top_level.txt
[3.822s] reading manifest file '../../build/worms_mech/worms_mech.egg-info/SOURCES.txt'
[3.826s] writing manifest file '../../build/worms_mech/worms_mech.egg-info/SOURCES.txt'
[3.826s] running build
[3.827s] running build_py
[3.828s] copying worms_mech/gait_parser.py -> /home/tomascr/worms_mech_ws/build/worms_mech/build/lib/worms_mech
[3.830s] running install
[3.831s] /usr/lib/python3/dist-packages/setuptools/command/install.py:34: SetuptoolsDeprecationWarning: setup.py install is deprecated. Use build and pip and other standards-based tools.
[3.831s]   warnings.warn(
[3.832s] running install_lib
[3.836s] copying /home/tomascr/worms_mech_ws/build/worms_mech/build/lib/worms_mech/gait_parser.py -> /home/tomascr/worms_mech_ws/install/worms_mech/lib/python3.10/site-packages/worms_mech
[3.840s] byte-compiling /home/tomascr/worms_mech_ws/install/worms_mech/lib/python3.10/site-packages/worms_mech/gait_parser.py to gait_parser.cpython-310.pyc
[3.844s] running install_data
[3.847s] running install_egg_info
[3.853s] removing '/home/tomascr/worms_mech_ws/install/worms_mech/lib/python3.10/site-packages/worms_mech-0.0.0-py3.10.egg-info' (and everything under it)
[3.854s] Copying ../../build/worms_mech/worms_mech.egg-info to /home/tomascr/worms_mech_ws/install/worms_mech/lib/python3.10/site-packages/worms_mech-0.0.0-py3.10.egg-info
[3.860s] running install_scripts
[3.939s] Installing controller_node script to /home/tomascr/worms_mech_ws/install/worms_mech/lib/worms_mech
[3.940s] Installing gait_parser script to /home/tomascr/worms_mech_ws/install/worms_mech/lib/worms_mech
[3.941s] Installing hardware_interface script to /home/tomascr/worms_mech_ws/install/worms_mech/lib/worms_mech
[3.941s] Installing joint_command_publisher script to /home/tomascr/worms_mech_ws/install/worms_mech/lib/worms_mech
[3.942s] Installing joystick_control script to /home/tomascr/worms_mech_ws/install/worms_mech/lib/worms_mech
[3.943s] Installing testbed_interface script to /home/tomascr/worms_mech_ws/install/worms_mech/lib/worms_mech
[3.945s] writing list of installed files to '/home/tomascr/worms_mech_ws/build/worms_mech/install.log'
[4.064s] Invoked command in '/home/tomascr/worms_mech_ws/src/worms_mech' returned '0': PYTHONPATH=/home/tomascr/worms_mech_ws/install/worms_mech/lib/python3.10/site-packages:${PYTHONPATH} /usr/bin/python3 setup.py egg_info --egg-base ../../build/worms_mech build --build-base /home/tomascr/worms_mech_ws/build/worms_mech/build install --prefix /home/tomascr/worms_mech_ws/install/worms_mech --record /home/tomascr/worms_mech_ws/build/worms_mech/install.log --single-version-externally-managed
