[0.463s] Invoking command in '/home/jacobrod/worms_ws/build/ros_gz_sim': CMAKE_PREFIX_PATH=/opt/ros/humble /usr/bin/cmake --build /home/jacobrod/worms_ws/build/ros_gz_sim -- -j8 -l8
[0.925s] [ 20%] Built target gtest_main
[0.926s] [ 40%] Built target gtest
[0.927s] [ 60%] Built target ros_gz_sim
[0.927s] [ 80%] Built target create
[0.927s] [100%] Built target test_stopwatch
[0.942s] Invoked command in '/home/jacobrod/worms_ws/build/ros_gz_sim' returned '0': CMAKE_PREFIX_PATH=/opt/ros/humble /usr/bin/cmake --build /home/jacobrod/worms_ws/build/ros_gz_sim -- -j8 -l8
[1.280s] Invoking command in '/home/jacobrod/worms_ws/build/ros_gz_sim': CMAKE_PREFIX_PATH=/opt/ros/humble /usr/bin/cmake --install /home/jacobrod/worms_ws/build/ros_gz_sim
[1.291s] -- Install configuration: ""
[1.292s] -- Up-to-date: /home/jacobrod/worms_ws/install/ros_gz_sim/include/ros_gz_sim
[1.292s] -- Up-to-date: /home/jacobrod/worms_ws/install/ros_gz_sim/include/ros_gz_sim/Stopwatch.hpp
[1.292s] -- Up-to-date: /home/jacobrod/worms_ws/install/ros_gz_sim/share/ros_gz_sim/launch/gz_sim.launch.py
[1.293s] -- Up-to-date: /home/jacobrod/worms_ws/install/ros_gz_sim/lib/ros_gz_sim/create
[1.293s] -- Up-to-date: /home/jacobrod/worms_ws/install/ros_gz_sim/lib/libros_gz_sim.so
[1.294s] -- Up-to-date: /home/jacobrod/worms_ws/install/ros_gz_sim/lib/ros_gz_sim/test_stopwatch
[1.294s] -- Up-to-date: /home/jacobrod/worms_ws/install/ros_gz_sim/share/ament_index/resource_index/package_run_dependencies/ros_gz_sim
[1.295s] -- Up-to-date: /home/jacobrod/worms_ws/install/ros_gz_sim/share/ament_index/resource_index/parent_prefix_path/ros_gz_sim
[1.295s] -- Up-to-date: /home/jacobrod/worms_ws/install/ros_gz_sim/share/ros_gz_sim/environment/ament_prefix_path.sh
[1.296s] -- Up-to-date: /home/jacobrod/worms_ws/install/ros_gz_sim/share/ros_gz_sim/environment/ament_prefix_path.dsv
[1.296s] -- Up-to-date: /home/jacobrod/worms_ws/install/ros_gz_sim/share/ros_gz_sim/environment/path.sh
[1.296s] -- Up-to-date: /home/jacobrod/worms_ws/install/ros_gz_sim/share/ros_gz_sim/environment/path.dsv
[1.297s] -- Up-to-date: /home/jacobrod/worms_ws/install/ros_gz_sim/share/ros_gz_sim/local_setup.bash
[1.297s] -- Up-to-date: /home/jacobrod/worms_ws/install/ros_gz_sim/share/ros_gz_sim/local_setup.sh
[1.298s] -- Up-to-date: /home/jacobrod/worms_ws/install/ros_gz_sim/share/ros_gz_sim/local_setup.zsh
[1.298s] -- Up-to-date: /home/jacobrod/worms_ws/install/ros_gz_sim/share/ros_gz_sim/local_setup.dsv
[1.298s] -- Installing: /home/jacobrod/worms_ws/install/ros_gz_sim/share/ros_gz_sim/package.dsv
[1.298s] -- Up-to-date: /home/jacobrod/worms_ws/install/ros_gz_sim/share/ament_index/resource_index/packages/ros_gz_sim
[1.299s] -- Up-to-date: /home/jacobrod/worms_ws/install/ros_gz_sim/share/ros_gz_sim/cmake/ros_gz_simExport.cmake
[1.299s] -- Up-to-date: /home/jacobrod/worms_ws/install/ros_gz_sim/share/ros_gz_sim/cmake/ros_gz_simExport-noconfig.cmake
[1.299s] -- Up-to-date: /home/jacobrod/worms_ws/install/ros_gz_sim/share/ros_gz_sim/cmake/ament_cmake_export_targets-extras.cmake
[1.300s] -- Up-to-date: /home/jacobrod/worms_ws/install/ros_gz_sim/share/ros_gz_sim/cmake/ament_cmake_export_dependencies-extras.cmake
[1.300s] -- Up-to-date: /home/jacobrod/worms_ws/install/ros_gz_sim/share/ros_gz_sim/cmake/ros_gz_simConfig.cmake
[1.300s] -- Up-to-date: /home/jacobrod/worms_ws/install/ros_gz_sim/share/ros_gz_sim/cmake/ros_gz_simConfig-version.cmake
[1.301s] -- Up-to-date: /home/jacobrod/worms_ws/install/ros_gz_sim/share/ros_gz_sim/package.xml
[1.673s] Invoked command in '/home/jacobrod/worms_ws/build/ros_gz_sim' returned '0': CMAKE_PREFIX_PATH=/opt/ros/humble /usr/bin/cmake --install /home/jacobrod/worms_ws/build/ros_gz_sim
