[2.674s] Invoking command in '/home/tomascr/worms_mech_ws/src/worms_mech': PYTHONPATH=/home/tomascr/worms_mech_ws/install/worms_mech/lib/python3.10/site-packages:${PYTHONPATH} /usr/bin/python3 setup.py egg_info --egg-base ../../build/worms_mech build --build-base /home/tomascr/worms_mech_ws/build/worms_mech/build install --prefix /home/tomascr/worms_mech_ws/install/worms_mech --record /home/tomascr/worms_mech_ws/build/worms_mech/install.log --single-version-externally-managed
[3.804s] running egg_info
[3.806s] writing ../../build/worms_mech/worms_mech.egg-info/PKG-INFO
[3.807s] writing dependency_links to ../../build/worms_mech/worms_mech.egg-info/dependency_links.txt
[3.809s] writing entry points to ../../build/worms_mech/worms_mech.egg-info/entry_points.txt
[3.809s] writing requirements to ../../build/worms_mech/worms_mech.egg-info/requires.txt
[3.810s] writing top-level names to ../../build/worms_mech/worms_mech.egg-info/top_level.txt
[3.817s] reading manifest file '../../build/worms_mech/worms_mech.egg-info/SOURCES.txt'
[3.821s] writing manifest file '../../build/worms_mech/worms_mech.egg-info/SOURCES.txt'
[3.822s] running build
[3.822s] running build_py
[3.824s] copying worms_mech/gait_parser.py -> /home/tomascr/worms_mech_ws/build/worms_mech/build/lib/worms_mech
[3.826s] running install
[3.827s] /usr/lib/python3/dist-packages/setuptools/command/install.py:34: SetuptoolsDeprecationWarning: setup.py install is deprecated. Use build and pip and other standards-based tools.
[3.827s]   warnings.warn(
[3.828s] running install_lib
[3.832s] copying /home/tomascr/worms_mech_ws/build/worms_mech/build/lib/worms_mech/gait_parser.py -> /home/tomascr/worms_mech_ws/install/worms_mech/lib/python3.10/site-packages/worms_mech
[3.835s] byte-compiling /home/tomascr/worms_mech_ws/install/worms_mech/lib/python3.10/site-packages/worms_mech/gait_parser.py to gait_parser.cpython-310.pyc
[3.840s] running install_data
[3.842s] running install_egg_info
[3.849s] removing '/home/tomascr/worms_mech_ws/install/worms_mech/lib/python3.10/site-packages/worms_mech-0.0.0-py3.10.egg-info' (and everything under it)
[3.851s] Copying ../../build/worms_mech/worms_mech.egg-info to /home/tomascr/worms_mech_ws/install/worms_mech/lib/python3.10/site-packages/worms_mech-0.0.0-py3.10.egg-info
[3.857s] running install_scripts
[3.943s] Installing controller_node script to /home/tomascr/worms_mech_ws/install/worms_mech/lib/worms_mech
[3.944s] Installing gait_parser script to /home/tomascr/worms_mech_ws/install/worms_mech/lib/worms_mech
[3.945s] Installing hardware_interface script to /home/tomascr/worms_mech_ws/install/worms_mech/lib/worms_mech
[3.946s] Installing joint_command_publisher script to /home/tomascr/worms_mech_ws/install/worms_mech/lib/worms_mech
[3.947s] Installing joystick_control script to /home/tomascr/worms_mech_ws/install/worms_mech/lib/worms_mech
[3.948s] Installing testbed_interface script to /home/tomascr/worms_mech_ws/install/worms_mech/lib/worms_mech
[3.951s] writing list of installed files to '/home/tomascr/worms_mech_ws/build/worms_mech/install.log'
[4.082s] Invoked command in '/home/tomascr/worms_mech_ws/src/worms_mech' returned '0': PYTHONPATH=/home/tomascr/worms_mech_ws/install/worms_mech/lib/python3.10/site-packages:${PYTHONPATH} /usr/bin/python3 setup.py egg_info --egg-base ../../build/worms_mech build --build-base /home/tomascr/worms_mech_ws/build/worms_mech/build install --prefix /home/tomascr/worms_mech_ws/install/worms_mech --record /home/tomascr/worms_mech_ws/build/worms_mech/install.log --single-version-externally-managed
