[0.189s] Invoking command in '/home/jacobrod/worms_ws/build/ros_gz_sim': /usr/bin/cmake /home/jacobrod/worms_ws/src/ros_gz/ros_gz_sim -DCMAKE_INSTALL_PREFIX=/home/jacobrod/worms_ws/install/ros_gz_sim
[0.238s] -- Found ament_cmake: 1.3.5 (/opt/ros/humble/share/ament_cmake/cmake)
[0.515s] Traceback (most recent call last):
[0.515s]   File "/opt/ros/humble/share/ament_cmake_core/cmake/package_templates/templates_2_cmake.py", line 21, in <module>
[0.516s]     from ament_package.templates import get_environment_hook_template_path
[0.516s] ModuleNotFoundError: No module named 'ament_package'
[0.540s] [31mCMake Error at /opt/ros/humble/share/ament_cmake_core/cmake/ament_cmake_package_templates-extras.cmake:41 (message):
[0.540s]   execute_process(/usr/bin/python3.10
[0.541s]   /opt/ros/humble/share/ament_cmake_core/cmake/package_templates/templates_2_cmake.py
[0.541s]   /home/jacobrod/worms_ws/build/ros_gz_sim/ament_cmake_package_templates/templates.cmake)
[0.541s]   returned error code 1
[0.541s] Call Stack (most recent call first):
[0.542s]   /opt/ros/humble/share/ament_cmake_core/cmake/ament_cmake_coreConfig.cmake:41 (include)
[0.542s]   /opt/ros/humble/share/ament_cmake/cmake/ament_cmake_export_dependencies-extras.cmake:15 (find_package)
[0.542s]   /opt/ros/humble/share/ament_cmake/cmake/ament_cmakeConfig.cmake:41 (include)
[0.542s]   CMakeLists.txt:13 (find_package)
[0.542s] 
[0.543s] [0m
[0.554s] -- Configuring incomplete, errors occurred!
[0.555s] See also "/home/jacobrod/worms_ws/build/ros_gz_sim/CMakeFiles/CMakeOutput.log".
[0.577s] Invoked command in '/home/jacobrod/worms_ws/build/ros_gz_sim' returned '1': /usr/bin/cmake /home/jacobrod/worms_ws/src/ros_gz/ros_gz_sim -DCMAKE_INSTALL_PREFIX=/home/jacobrod/worms_ws/install/ros_gz_sim
