[0.527s] Invoking command in '/home/jacobrod/worms_ws/build/ros_gz_example_description': CMAKE_PREFIX_PATH=${CMAKE_PREFIX_PATH}:/home/jacobrod/worms_ws/install/worms_mech:/opt/ros/humble /usr/bin/cmake --build /home/jacobrod/worms_ws/build/ros_gz_example_description -- -j8 -l8
[1.083s] Invoked command in '/home/jacobrod/worms_ws/build/ros_gz_example_description' returned '0': CMAKE_PREFIX_PATH=${CMAKE_PREFIX_PATH}:/home/jacobrod/worms_ws/install/worms_mech:/opt/ros/humble /usr/bin/cmake --build /home/jacobrod/worms_ws/build/ros_gz_example_description -- -j8 -l8
[1.139s] Invoking command in '/home/jacobrod/worms_ws/build/ros_gz_example_description': CMAKE_PREFIX_PATH=${CMAKE_PREFIX_PATH}:/home/jacobrod/worms_ws/install/worms_mech:/opt/ros/humble /usr/bin/cmake --install /home/jacobrod/worms_ws/build/ros_gz_example_description
[1.196s] -- Install configuration: ""
[1.196s] -- Up-to-date: /home/jacobrod/worms_ws/install/ros_gz_example_description/share/ros_gz_example_description/models
[1.197s] -- Up-to-date: /home/jacobrod/worms_ws/install/ros_gz_example_description/share/ros_gz_example_description/models/diff_drive
[1.197s] -- Up-to-date: /home/jacobrod/worms_ws/install/ros_gz_example_description/share/ros_gz_example_description/models/diff_drive/model.config
[1.197s] -- Up-to-date: /home/jacobrod/worms_ws/install/ros_gz_example_description/share/ros_gz_example_description/models/diff_drive/model.sdf
[1.198s] -- Up-to-date: /home/jacobrod/worms_ws/install/ros_gz_example_description/share/ros_gz_example_description/models/worms_1
[1.198s] -- Up-to-date: /home/jacobrod/worms_ws/install/ros_gz_example_description/share/ros_gz_example_description/models/worms_1/urdf
[1.198s] -- Up-to-date: /home/jacobrod/worms_ws/install/ros_gz_example_description/share/ros_gz_example_description/models/worms_1/urdf/worms_1.xacro
[1.199s] -- Up-to-date: /home/jacobrod/worms_ws/install/ros_gz_example_description/share/ros_gz_example_description/models/worms_1/urdf/worms_1.csv
[1.199s] -- Up-to-date: /home/jacobrod/worms_ws/install/ros_gz_example_description/share/ros_gz_example_description/models/worms_1/model.config
[1.199s] -- Up-to-date: /home/jacobrod/worms_ws/install/ros_gz_example_description/share/ros_gz_example_description/models/worms_1/worms_1.sdf
[1.199s] -- Up-to-date: /home/jacobrod/worms_ws/install/ros_gz_example_description/share/ros_gz_example_description/models/worms_1/meshes
[1.200s] -- Up-to-date: /home/jacobrod/worms_ws/install/ros_gz_example_description/share/ros_gz_example_description/models/worms_1/meshes/Link1.STL
[1.200s] -- Up-to-date: /home/jacobrod/worms_ws/install/ros_gz_example_description/share/ros_gz_example_description/models/worms_1/meshes/base_link.STL
[1.200s] -- Up-to-date: /home/jacobrod/worms_ws/install/ros_gz_example_description/share/ros_gz_example_description/models/worms_1/meshes/Link3.STL
[1.200s] -- Up-to-date: /home/jacobrod/worms_ws/install/ros_gz_example_description/share/ros_gz_example_description/models/worms_1/meshes/Link2.STL
[1.200s] -- Up-to-date: /home/jacobrod/worms_ws/install/ros_gz_example_description/share/ros_gz_example_description/models/worms_1/config
[1.201s] -- Up-to-date: /home/jacobrod/worms_ws/install/ros_gz_example_description/share/ros_gz_example_description/models/worms_1/config/worms_1.yaml
[1.201s] -- Up-to-date: /home/jacobrod/worms_ws/install/ros_gz_example_description/share/ros_gz_example_description/models/rrbot
[1.201s] -- Up-to-date: /home/jacobrod/worms_ws/install/ros_gz_example_description/share/ros_gz_example_description/models/rrbot/model.sdf
[1.202s] -- Up-to-date: /home/jacobrod/worms_ws/install/ros_gz_example_description/share/ros_gz_example_description/environment/ros_gz_example_description.dsv
[1.202s] -- Up-to-date: /home/jacobrod/worms_ws/install/ros_gz_example_description/share/ros_gz_example_description/environment/ros_gz_example_description.sh
[1.202s] -- Up-to-date: /home/jacobrod/worms_ws/install/ros_gz_example_description/share/ament_index/resource_index/package_run_dependencies/ros_gz_example_description
[1.203s] -- Up-to-date: /home/jacobrod/worms_ws/install/ros_gz_example_description/share/ament_index/resource_index/parent_prefix_path/ros_gz_example_description
[1.203s] -- Up-to-date: /home/jacobrod/worms_ws/install/ros_gz_example_description/share/ros_gz_example_description/environment/ament_prefix_path.sh
[1.203s] -- Up-to-date: /home/jacobrod/worms_ws/install/ros_gz_example_description/share/ros_gz_example_description/environment/ament_prefix_path.dsv
[1.204s] -- Up-to-date: /home/jacobrod/worms_ws/install/ros_gz_example_description/share/ros_gz_example_description/environment/path.sh
[1.204s] -- Up-to-date: /home/jacobrod/worms_ws/install/ros_gz_example_description/share/ros_gz_example_description/environment/path.dsv
[1.204s] -- Up-to-date: /home/jacobrod/worms_ws/install/ros_gz_example_description/share/ros_gz_example_description/local_setup.bash
[1.204s] -- Up-to-date: /home/jacobrod/worms_ws/install/ros_gz_example_description/share/ros_gz_example_description/local_setup.sh
[1.205s] -- Up-to-date: /home/jacobrod/worms_ws/install/ros_gz_example_description/share/ros_gz_example_description/local_setup.zsh
[1.205s] -- Up-to-date: /home/jacobrod/worms_ws/install/ros_gz_example_description/share/ros_gz_example_description/local_setup.dsv
[1.205s] -- Installing: /home/jacobrod/worms_ws/install/ros_gz_example_description/share/ros_gz_example_description/package.dsv
[1.211s] -- Up-to-date: /home/jacobrod/worms_ws/install/ros_gz_example_description/share/ament_index/resource_index/packages/ros_gz_example_description
[1.211s] -- Up-to-date: /home/jacobrod/worms_ws/install/ros_gz_example_description/share/ros_gz_example_description/cmake/ros_gz_example_descriptionConfig.cmake
[1.211s] -- Up-to-date: /home/jacobrod/worms_ws/install/ros_gz_example_description/share/ros_gz_example_description/cmake/ros_gz_example_descriptionConfig-version.cmake
[1.211s] -- Up-to-date: /home/jacobrod/worms_ws/install/ros_gz_example_description/share/ros_gz_example_description/package.xml
[1.378s] Invoked command in '/home/jacobrod/worms_ws/build/ros_gz_example_description' returned '0': CMAKE_PREFIX_PATH=${CMAKE_PREFIX_PATH}:/home/jacobrod/worms_ws/install/worms_mech:/opt/ros/humble /usr/bin/cmake --install /home/jacobrod/worms_ws/build/ros_gz_example_description
