[0.199s] Invoking command in '/home/jacobrod/worms_ws/build/ros_ign_gazebo': CMAKE_PREFIX_PATH=/home/jacobrod/worms_ws/install/ros_gz_sim:/home/jacobrod/worms_ws/install/worms_gazebo:/home/jacobrod/worms_ws/install/worms_description:/home/jacobrod/worms_ws/install/ros_ign:/home/jacobrod/worms_ws/install/ros_ign_gazebo_demos:/home/jacobrod/worms_ws/install/ros_gz:/home/jacobrod/worms_ws/install/ros_gz_sim_demos:/home/jacobrod/worms_ws/install/sdformat_urdf:/home/jacobrod/worms_ws/install/sdformat_test_files:/home/jacobrod/worms_ws/install/ros_ign_interfaces:/home/jacobrod/worms_ws/install/ros_ign_image:/home/jacobrod/worms_ws/install/ros_ign_gazebo:/home/jacobrod/worms_ws/install/ros_ign_bridge:/home/jacobrod/worms_ws/install/ros_gz_image:/home/jacobrod/worms_ws/install/ros_gz_bridge:/home/jacobrod/worms_ws/install/ros_gz_interfaces:/home/jacobrod/worms_ws/install/ros_gz_example_bringup:/home/jacobrod/worms_ws/install/ros_gz_example_gazebo:/home/jacobrod/worms_ws/install/ros_gz_example_description:/home/jacobrod/worms_ws/install/ros_gz_example_application:/home/jacobrod/worms_ws/install/core_bringup:/home/jacobrod/worms_ws/install/worms_mech:/opt/ros/humble LD_LIBRARY_PATH=/home/jacobrod/worms_ws/install/ros_gz_sim/lib:/home/jacobrod/worms_ws/install/sdformat_urdf/lib:/home/jacobrod/worms_ws/install/ros_ign_interfaces/lib:/home/jacobrod/worms_ws/install/ros_gz_bridge/lib:/home/jacobrod/worms_ws/install/ros_gz_interfaces/lib:/opt/ros/humble/opt/rviz_ogre_vendor/lib:/opt/ros/humble/lib/x86_64-linux-gnu:/opt/ros/humble/lib /usr/bin/cmake /home/jacobrod/worms_ws/src/ros_gz/ros_ign_gazebo -DCMAKE_INSTALL_PREFIX=/home/jacobrod/worms_ws/install/ros_ign_gazebo
[0.215s] -- Found ament_cmake: 1.3.6 (/opt/ros/humble/share/ament_cmake/cmake)
[0.426s] -- Found ament_index_cpp: 1.4.0 (/opt/ros/humble/share/ament_index_cpp/cmake)
[0.430s] -- Looking for gz-sim7 -- found version 7.6.0
[0.439s] -- Searching for dependencies of gz-sim7
[0.440s] -- Looking for sdformat13 -- found version 13.6.0
[0.440s] -- Searching for dependencies of sdformat13
[0.447s] -- Checking for module 'tinyxml2'
[0.466s] --   Found tinyxml2, version 9.0.0
[0.510s] -- Looking for gz-math7 -- found version 7.3.0
[0.510s] -- Searching for dependencies of gz-math7
[0.511s] -- Looking for gz-utils2 -- found version 2.2.0
[0.512s] -- Searching for dependencies of gz-utils2
[0.514s] -- Looking for gz-utils2 -- found version 2.2.0
[0.515s] -- Searching for dependencies of gz-utils2
[0.515s] -- Searching for <gz-utils2> component [cli]
[0.516s] -- Looking for gz-utils2-cli -- found version 2.2.0
[0.517s] -- Searching for dependencies of gz-utils2-cli
[0.519s] -- Looking for gz-plugin2 -- found version 2.0.2
[0.519s] -- Searching for dependencies of gz-plugin2
[0.520s] -- Looking for gz-utils2 -- found version 2.2.0
[0.521s] -- Searching for <gz-plugin2> component [loader]
[0.522s] -- Looking for gz-plugin2-loader -- found version 2.0.2
[0.522s] -- Searching for dependencies of gz-plugin2-loader
[0.523s] -- Searching for <gz-plugin2> component [register]
[0.523s] -- Looking for gz-plugin2-register -- found version 2.0.2
[0.524s] -- Searching for dependencies of gz-plugin2-register
[0.526s] -- Looking for gz-transport12 -- found version 12.2.1
[0.527s] -- Searching for dependencies of gz-transport12
[0.587s] -- Config-file not installed for ZeroMQ -- checking for pkg-config
[0.595s] -- Checking for module 'libzmq >= 4'
[0.616s] --   Found libzmq , version 4.3.4
[0.674s] -- Checking for module 'uuid'
[0.693s] --   Found uuid, version 2.37.2
[0.730s] -- Looking for gz-utils2 -- found version 2.2.0
[0.731s] -- Looking for gz-msgs9 -- found version 9.5.0
[0.731s] -- Searching for dependencies of gz-msgs9
[0.801s] -- Looking for gz-math7 -- found version 7.3.0
[0.809s] -- Searching for <gz-transport12> component [log]
[0.809s] -- Looking for gz-transport12-log -- found version 12.2.1
[0.810s] -- Searching for dependencies of gz-transport12-log
[0.810s] -- Searching for <gz-transport12> component [parameters]
[0.810s] -- Looking for gz-transport12-parameters -- found version 12.2.1
[0.810s] -- Searching for dependencies of gz-transport12-parameters
[0.810s] -- Looking for gz-msgs9 -- found version 9.5.0
[0.810s] -- Looking for gz-common5 -- found version 5.4.2
[0.810s] -- Searching for dependencies of gz-common5
[0.811s] -- Looking for gz-utils2 -- found version 2.2.0
[0.811s] -- Looking for dlfcn.h - found
[0.811s] -- Looking for libdl - found
[0.811s] -- Searching for <gz-common5> component [profiler]
[0.811s] -- Looking for gz-common5-profiler -- found version 5.4.2
[0.811s] -- Searching for dependencies of gz-common5-profiler
[0.811s] -- Searching for <gz-common5> component [events]
[0.812s] -- Looking for gz-common5-events -- found version 5.4.2
[0.812s] -- Searching for dependencies of gz-common5-events
[0.812s] -- Looking for gz-math7 -- found version 7.3.0
[0.812s] -- Searching for <gz-common5> component [av]
[0.812s] -- Looking for gz-common5-av -- found version 5.4.2
[0.812s] -- Searching for dependencies of gz-common5-av
[0.812s] -- Checking for module 'libswscale'
[0.827s] --   Found libswscale, version 5.9.100
[0.874s] -- Checking for module 'libavdevice >= 56.4.100'
[0.894s] --   Found libavdevice , version 58.13.100
[0.954s] -- Checking for module 'libavformat'
[0.974s] --   Found libavformat, version 58.76.100
[1.036s] -- Checking for module 'libavcodec'
[1.055s] --   Found libavcodec, version 58.134.100
[1.113s] -- Checking for module 'libavutil'
[1.132s] --   Found libavutil, version 56.70.100
[1.176s] -- Searching for <gz-common5> component [io]
[1.176s] -- Looking for gz-common5-io -- found version 5.4.2
[1.177s] -- Searching for dependencies of gz-common5-io
[1.178s] -- Looking for gz-fuel_tools8 -- found version 8.1.0
[1.179s] -- Searching for dependencies of gz-fuel_tools8
[1.251s] -- Checking for module 'jsoncpp'
[1.272s] --   Found jsoncpp, version 1.9.5
[1.327s] -- Checking for module 'libzip'
[1.345s] --   Found libzip, version 1.7.3
[1.394s] -- Looking for gz-utils2 -- found version 2.2.0
[1.395s] -- Looking for gz-common5 -- found version 5.4.2
[1.396s] -- Searching for dependencies of gz-common5
[1.397s] -- Looking for gz-utils2 -- found version 2.2.0
[1.397s] -- Looking for dlfcn.h - found
[1.397s] -- Looking for libdl - found
[1.410s] -- Searching for <gz-common5> component [testing]
[1.411s] -- Looking for gz-common5-testing -- found version 5.4.2
[1.411s] -- Searching for dependencies of gz-common5-testing
[1.413s] -- Looking for gz-math7 -- found version 7.3.0
[1.413s] -- Looking for gz-msgs9 -- found version 9.5.0
[1.414s] -- Looking for gz-gui7 -- found version 7.2.1
[1.415s] -- Searching for dependencies of gz-gui7
[1.448s] -- Looking for gz-utils2 -- found version 2.2.0
[1.449s] -- Looking for gz-math7 -- found version 7.3.0
[1.450s] -- Looking for gz-common5 -- found version 5.4.2
[1.450s] -- Looking for gz-plugin2 -- found version 2.0.2
[1.451s] -- Looking for gz-transport12 -- found version 12.2.1
[1.452s] -- Looking for gz-rendering7 -- found version 7.4.2
[1.452s] -- Searching for dependencies of gz-rendering7
[1.453s] -- Looking for gz-math7 -- found version 7.3.0
[1.454s] -- Searching for dependencies of gz-math7
[1.455s] -- Looking for gz-utils2 -- found version 2.2.0
[1.455s] -- Searching for <gz-math7> component [eigen3]
[1.456s] -- Looking for gz-math7-eigen3 -- found version 7.3.0
[1.457s] -- Searching for dependencies of gz-math7-eigen3
[1.459s] -- Looking for gz-common5 -- found version 5.4.2
[1.460s] -- Searching for dependencies of gz-common5
[1.460s] -- Looking for gz-utils2 -- found version 2.2.0
[1.460s] -- Looking for dlfcn.h - found
[1.460s] -- Looking for libdl - found
[1.470s] -- Searching for <gz-common5> component [graphics]
[1.470s] -- Looking for gz-common5-graphics -- found version 5.4.2
[1.471s] -- Searching for dependencies of gz-common5-graphics
[1.472s] -- Looking for gz-math7 -- found version 7.3.0
[1.476s] -- Searching for <gz-common5> component [events]
[1.477s] -- Searching for <gz-common5> component [geospatial]
[1.478s] -- Looking for gz-common5-geospatial -- found version 5.4.2
[1.479s] -- Searching for dependencies of gz-common5-geospatial
[1.479s] -- Looking for gz-math7 -- found version 7.3.0
[1.480s] -- Looking for gz-common5 -- found version 5.4.2
[1.482s] -- Looking for gz-plugin2 -- found version 2.0.2
[1.483s] -- Searching for dependencies of gz-plugin2
[1.483s] -- Looking for gz-utils2 -- found version 2.2.0
[1.483s] -- Searching for <gz-plugin2> component [all]
[1.484s] -- Looking for all libraries of gz-plugin2 -- found version 2.0.2
[1.485s] -- Looking for gz-plugin2 -- found version 2.0.2
[1.487s] -- Looking for gz-utils2 -- found version 2.2.0
[1.491s] -- Looking for gz-msgs9 -- found version 9.5.0
[1.513s] -- Looking for gz-physics6 -- found version 6.5.1
[1.513s] -- Searching for dependencies of gz-physics6
[1.514s] -- Looking for gz-math7 -- found version 7.3.0
[1.515s] -- Looking for gz-plugin2 -- found version 2.0.2
[1.515s] -- Looking for gz-utils2 -- found version 2.2.0
[1.517s] -- Searching for <gz-physics6> component [heightmap]
[1.517s] -- Looking for gz-physics6-heightmap -- found version 6.5.1
[1.518s] -- Searching for dependencies of gz-physics6-heightmap
[1.518s] -- Looking for gz-common5 -- found version 5.4.2
[1.519s] -- Searching for <gz-physics6> component [mesh]
[1.520s] -- Looking for gz-physics6-mesh -- found version 6.5.1
[1.520s] -- Searching for dependencies of gz-physics6-mesh
[1.521s] -- Looking for gz-common5 -- found version 5.4.2
[1.522s] -- Searching for <gz-physics6> component [sdf]
[1.522s] -- Looking for gz-physics6-sdf -- found version 6.5.1
[1.523s] -- Searching for dependencies of gz-physics6-sdf
[1.524s] -- Looking for sdformat13 -- found version 13.6.0
[1.525s] -- Looking for gz-sensors7 -- found version 7.3.0
[1.525s] -- Searching for dependencies of gz-sensors7
[1.552s] -- Looking for gz-math7 -- found version 7.3.0
[1.552s] -- Looking for gz-common5 -- found version 5.4.2
[1.553s] -- Looking for gz-transport12 -- found version 12.2.1
[1.554s] -- Looking for gz-rendering7 -- found version 7.4.2
[1.554s] -- Looking for gz-msgs9 -- found version 9.5.0
[1.555s] -- Looking for sdformat13 -- found version 13.6.0
[1.555s] -- Searching for <gz-sensors7> component [air_pressure]
[1.556s] -- Looking for gz-sensors7-air_pressure -- found version 7.3.0
[1.556s] -- Searching for dependencies of gz-sensors7-air_pressure
[1.557s] -- Searching for <gz-sensors7> component [air_speed]
[1.558s] -- Looking for gz-sensors7-air_speed -- found version 7.3.0
[1.558s] -- Searching for dependencies of gz-sensors7-air_speed
[1.559s] -- Searching for <gz-sensors7> component [altimeter]
[1.560s] -- Looking for gz-sensors7-altimeter -- found version 7.3.0
[1.560s] -- Searching for dependencies of gz-sensors7-altimeter
[1.561s] -- Searching for <gz-sensors7> component [imu]
[1.561s] -- Looking for gz-sensors7-imu -- found version 7.3.0
[1.562s] -- Searching for dependencies of gz-sensors7-imu
[1.563s] -- Searching for <gz-sensors7> component [force_torque]
[1.563s] -- Looking for gz-sensors7-force_torque -- found version 7.3.0
[1.564s] -- Searching for dependencies of gz-sensors7-force_torque
[1.564s] -- Searching for <gz-sensors7> component [logical_camera]
[1.565s] -- Looking for gz-sensors7-logical_camera -- found version 7.3.0
[1.566s] -- Searching for dependencies of gz-sensors7-logical_camera
[1.566s] -- Searching for <gz-sensors7> component [magnetometer]
[1.567s] -- Looking for gz-sensors7-magnetometer -- found version 7.3.0
[1.568s] -- Searching for dependencies of gz-sensors7-magnetometer
[1.569s] -- Searching for <gz-sensors7> component [navsat]
[1.569s] -- Looking for gz-sensors7-navsat -- found version 7.3.0
[1.570s] -- Searching for dependencies of gz-sensors7-navsat
[1.571s] -- Searching for <gz-sensors7> component [rendering]
[1.571s] -- Looking for gz-sensors7-rendering -- found version 7.3.0
[1.572s] -- Searching for dependencies of gz-sensors7-rendering
[1.573s] -- Searching for <gz-sensors7> component [lidar]
[1.573s] -- Looking for gz-sensors7-lidar -- found version 7.3.0
[1.574s] -- Searching for dependencies of gz-sensors7-lidar
[1.575s] -- Looking for gz-sensors7 -- found version 7.3.0
[1.576s] -- Searching for <gz-sensors7> component [gpu_lidar]
[1.577s] -- Looking for gz-sensors7-gpu_lidar -- found version 7.3.0
[1.578s] -- Searching for dependencies of gz-sensors7-gpu_lidar
[1.578s] -- Looking for gz-sensors7 -- found version 7.3.0
[1.579s] -- Searching for <gz-sensors7> component [camera]
[1.579s] -- Looking for gz-sensors7-camera -- found version 7.3.0
[1.580s] -- Searching for dependencies of gz-sensors7-camera
[1.580s] -- Looking for gz-sensors7 -- found version 7.3.0
[1.581s] -- Searching for <gz-sensors7> component [boundingbox_camera]
[1.581s] -- Looking for gz-sensors7-boundingbox_camera -- found version 7.3.0
[1.582s] -- Searching for dependencies of gz-sensors7-boundingbox_camera
[1.582s] -- Searching for <gz-sensors7> component [segmentation_camera]
[1.583s] -- Looking for gz-sensors7-segmentation_camera -- found version 7.3.0
[1.584s] -- Searching for dependencies of gz-sensors7-segmentation_camera
[1.584s] -- Searching for <gz-sensors7> component [depth_camera]
[1.585s] -- Looking for gz-sensors7-depth_camera -- found version 7.3.0
[1.585s] -- Searching for dependencies of gz-sensors7-depth_camera
[1.586s] -- Looking for gz-sensors7 -- found version 7.3.0
[1.586s] -- Searching for <gz-sensors7> component [rgbd_camera]
[1.587s] -- Looking for gz-sensors7-rgbd_camera -- found version 7.3.0
[1.587s] -- Searching for dependencies of gz-sensors7-rgbd_camera
[1.588s] -- Looking for gz-sensors7 -- found version 7.3.0
[1.589s] -- Searching for <gz-sensors7> component [thermal_camera]
[1.589s] -- Looking for gz-sensors7-thermal_camera -- found version 7.3.0
[1.590s] -- Searching for dependencies of gz-sensors7-thermal_camera
[1.590s] -- Looking for gz-sensors7 -- found version 7.3.0
[1.591s] -- Searching for <gz-sensors7> component [wide_angle_camera]
[1.592s] -- Looking for gz-sensors7-wide_angle_camera -- found version 7.3.0
[1.593s] -- Searching for dependencies of gz-sensors7-wide_angle_camera
[1.594s] -- Looking for gz-rendering7 -- found version 7.4.2
[1.594s] -- Looking for gz-math7 -- found version 7.3.0
[1.595s] -- Looking for gz-utils2 -- found version 2.2.0
[1.623s] -- Compiling against Gazebo Garden
[1.700s] -- Configuring done
[1.709s] -- Generating done
[1.711s] -- Build files have been written to: /home/jacobrod/worms_ws/build/ros_ign_gazebo
[1.868s] Invoked command in '/home/jacobrod/worms_ws/build/ros_ign_gazebo' returned '0': CMAKE_PREFIX_PATH=/home/jacobrod/worms_ws/install/ros_gz_sim:/home/jacobrod/worms_ws/install/worms_gazebo:/home/jacobrod/worms_ws/install/worms_description:/home/jacobrod/worms_ws/install/ros_ign:/home/jacobrod/worms_ws/install/ros_ign_gazebo_demos:/home/jacobrod/worms_ws/install/ros_gz:/home/jacobrod/worms_ws/install/ros_gz_sim_demos:/home/jacobrod/worms_ws/install/sdformat_urdf:/home/jacobrod/worms_ws/install/sdformat_test_files:/home/jacobrod/worms_ws/install/ros_ign_interfaces:/home/jacobrod/worms_ws/install/ros_ign_image:/home/jacobrod/worms_ws/install/ros_ign_gazebo:/home/jacobrod/worms_ws/install/ros_ign_bridge:/home/jacobrod/worms_ws/install/ros_gz_image:/home/jacobrod/worms_ws/install/ros_gz_bridge:/home/jacobrod/worms_ws/install/ros_gz_interfaces:/home/jacobrod/worms_ws/install/ros_gz_example_bringup:/home/jacobrod/worms_ws/install/ros_gz_example_gazebo:/home/jacobrod/worms_ws/install/ros_gz_example_description:/home/jacobrod/worms_ws/install/ros_gz_example_application:/home/jacobrod/worms_ws/install/core_bringup:/home/jacobrod/worms_ws/install/worms_mech:/opt/ros/humble LD_LIBRARY_PATH=/home/jacobrod/worms_ws/install/ros_gz_sim/lib:/home/jacobrod/worms_ws/install/sdformat_urdf/lib:/home/jacobrod/worms_ws/install/ros_ign_interfaces/lib:/home/jacobrod/worms_ws/install/ros_gz_bridge/lib:/home/jacobrod/worms_ws/install/ros_gz_interfaces/lib:/opt/ros/humble/opt/rviz_ogre_vendor/lib:/opt/ros/humble/lib/x86_64-linux-gnu:/opt/ros/humble/lib /usr/bin/cmake /home/jacobrod/worms_ws/src/ros_gz/ros_ign_gazebo -DCMAKE_INSTALL_PREFIX=/home/jacobrod/worms_ws/install/ros_ign_gazebo
[1.870s] Invoking command in '/home/jacobrod/worms_ws/build/ros_ign_gazebo': CMAKE_PREFIX_PATH=/home/jacobrod/worms_ws/install/ros_gz_sim:/home/jacobrod/worms_ws/install/worms_gazebo:/home/jacobrod/worms_ws/install/worms_description:/home/jacobrod/worms_ws/install/ros_ign:/home/jacobrod/worms_ws/install/ros_ign_gazebo_demos:/home/jacobrod/worms_ws/install/ros_gz:/home/jacobrod/worms_ws/install/ros_gz_sim_demos:/home/jacobrod/worms_ws/install/sdformat_urdf:/home/jacobrod/worms_ws/install/sdformat_test_files:/home/jacobrod/worms_ws/install/ros_ign_interfaces:/home/jacobrod/worms_ws/install/ros_ign_image:/home/jacobrod/worms_ws/install/ros_ign_gazebo:/home/jacobrod/worms_ws/install/ros_ign_bridge:/home/jacobrod/worms_ws/install/ros_gz_image:/home/jacobrod/worms_ws/install/ros_gz_bridge:/home/jacobrod/worms_ws/install/ros_gz_interfaces:/home/jacobrod/worms_ws/install/ros_gz_example_bringup:/home/jacobrod/worms_ws/install/ros_gz_example_gazebo:/home/jacobrod/worms_ws/install/ros_gz_example_description:/home/jacobrod/worms_ws/install/ros_gz_example_application:/home/jacobrod/worms_ws/install/core_bringup:/home/jacobrod/worms_ws/install/worms_mech:/opt/ros/humble LD_LIBRARY_PATH=/home/jacobrod/worms_ws/install/ros_gz_sim/lib:/home/jacobrod/worms_ws/install/sdformat_urdf/lib:/home/jacobrod/worms_ws/install/ros_ign_interfaces/lib:/home/jacobrod/worms_ws/install/ros_gz_bridge/lib:/home/jacobrod/worms_ws/install/ros_gz_interfaces/lib:/opt/ros/humble/opt/rviz_ogre_vendor/lib:/opt/ros/humble/lib/x86_64-linux-gnu:/opt/ros/humble/lib /usr/bin/cmake --build /home/jacobrod/worms_ws/build/ros_ign_gazebo -- -j8 -l8
[1.919s] [35m[1mConsolidate compiler generated dependencies of target create[0m
[1.933s] [100%] Built target create
[1.947s] Invoked command in '/home/jacobrod/worms_ws/build/ros_ign_gazebo' returned '0': CMAKE_PREFIX_PATH=/home/jacobrod/worms_ws/install/ros_gz_sim:/home/jacobrod/worms_ws/install/worms_gazebo:/home/jacobrod/worms_ws/install/worms_description:/home/jacobrod/worms_ws/install/ros_ign:/home/jacobrod/worms_ws/install/ros_ign_gazebo_demos:/home/jacobrod/worms_ws/install/ros_gz:/home/jacobrod/worms_ws/install/ros_gz_sim_demos:/home/jacobrod/worms_ws/install/sdformat_urdf:/home/jacobrod/worms_ws/install/sdformat_test_files:/home/jacobrod/worms_ws/install/ros_ign_interfaces:/home/jacobrod/worms_ws/install/ros_ign_image:/home/jacobrod/worms_ws/install/ros_ign_gazebo:/home/jacobrod/worms_ws/install/ros_ign_bridge:/home/jacobrod/worms_ws/install/ros_gz_image:/home/jacobrod/worms_ws/install/ros_gz_bridge:/home/jacobrod/worms_ws/install/ros_gz_interfaces:/home/jacobrod/worms_ws/install/ros_gz_example_bringup:/home/jacobrod/worms_ws/install/ros_gz_example_gazebo:/home/jacobrod/worms_ws/install/ros_gz_example_description:/home/jacobrod/worms_ws/install/ros_gz_example_application:/home/jacobrod/worms_ws/install/core_bringup:/home/jacobrod/worms_ws/install/worms_mech:/opt/ros/humble LD_LIBRARY_PATH=/home/jacobrod/worms_ws/install/ros_gz_sim/lib:/home/jacobrod/worms_ws/install/sdformat_urdf/lib:/home/jacobrod/worms_ws/install/ros_ign_interfaces/lib:/home/jacobrod/worms_ws/install/ros_gz_bridge/lib:/home/jacobrod/worms_ws/install/ros_gz_interfaces/lib:/opt/ros/humble/opt/rviz_ogre_vendor/lib:/opt/ros/humble/lib/x86_64-linux-gnu:/opt/ros/humble/lib /usr/bin/cmake --build /home/jacobrod/worms_ws/build/ros_ign_gazebo -- -j8 -l8
[1.984s] Invoking command in '/home/jacobrod/worms_ws/build/ros_ign_gazebo': CMAKE_PREFIX_PATH=/home/jacobrod/worms_ws/install/ros_gz_sim:/home/jacobrod/worms_ws/install/worms_gazebo:/home/jacobrod/worms_ws/install/worms_description:/home/jacobrod/worms_ws/install/ros_ign:/home/jacobrod/worms_ws/install/ros_ign_gazebo_demos:/home/jacobrod/worms_ws/install/ros_gz:/home/jacobrod/worms_ws/install/ros_gz_sim_demos:/home/jacobrod/worms_ws/install/sdformat_urdf:/home/jacobrod/worms_ws/install/sdformat_test_files:/home/jacobrod/worms_ws/install/ros_ign_interfaces:/home/jacobrod/worms_ws/install/ros_ign_image:/home/jacobrod/worms_ws/install/ros_ign_gazebo:/home/jacobrod/worms_ws/install/ros_ign_bridge:/home/jacobrod/worms_ws/install/ros_gz_image:/home/jacobrod/worms_ws/install/ros_gz_bridge:/home/jacobrod/worms_ws/install/ros_gz_interfaces:/home/jacobrod/worms_ws/install/ros_gz_example_bringup:/home/jacobrod/worms_ws/install/ros_gz_example_gazebo:/home/jacobrod/worms_ws/install/ros_gz_example_description:/home/jacobrod/worms_ws/install/ros_gz_example_application:/home/jacobrod/worms_ws/install/core_bringup:/home/jacobrod/worms_ws/install/worms_mech:/opt/ros/humble LD_LIBRARY_PATH=/home/jacobrod/worms_ws/install/ros_gz_sim/lib:/home/jacobrod/worms_ws/install/sdformat_urdf/lib:/home/jacobrod/worms_ws/install/ros_ign_interfaces/lib:/home/jacobrod/worms_ws/install/ros_gz_bridge/lib:/home/jacobrod/worms_ws/install/ros_gz_interfaces/lib:/opt/ros/humble/opt/rviz_ogre_vendor/lib:/opt/ros/humble/lib/x86_64-linux-gnu:/opt/ros/humble/lib /usr/bin/cmake --install /home/jacobrod/worms_ws/build/ros_ign_gazebo
[1.994s] -- Install configuration: ""
[1.994s] -- Up-to-date: /home/jacobrod/worms_ws/install/ros_ign_gazebo/share/ros_ign_gazebo/launch/ign_gazebo.launch.py
[1.995s] -- Up-to-date: /home/jacobrod/worms_ws/install/ros_ign_gazebo/lib/ros_ign_gazebo/create
[1.995s] -- Up-to-date: /home/jacobrod/worms_ws/install/ros_ign_gazebo/share/ament_index/resource_index/package_run_dependencies/ros_ign_gazebo
[1.995s] -- Installing: /home/jacobrod/worms_ws/install/ros_ign_gazebo/share/ament_index/resource_index/parent_prefix_path/ros_ign_gazebo
[1.995s] -- Up-to-date: /home/jacobrod/worms_ws/install/ros_ign_gazebo/share/ros_ign_gazebo/environment/ament_prefix_path.sh
[1.995s] -- Installing: /home/jacobrod/worms_ws/install/ros_ign_gazebo/share/ros_ign_gazebo/environment/ament_prefix_path.dsv
[1.996s] -- Up-to-date: /home/jacobrod/worms_ws/install/ros_ign_gazebo/share/ros_ign_gazebo/environment/path.sh
[1.996s] -- Installing: /home/jacobrod/worms_ws/install/ros_ign_gazebo/share/ros_ign_gazebo/environment/path.dsv
[1.996s] -- Up-to-date: /home/jacobrod/worms_ws/install/ros_ign_gazebo/share/ros_ign_gazebo/local_setup.bash
[1.996s] -- Up-to-date: /home/jacobrod/worms_ws/install/ros_ign_gazebo/share/ros_ign_gazebo/local_setup.sh
[1.996s] -- Up-to-date: /home/jacobrod/worms_ws/install/ros_ign_gazebo/share/ros_ign_gazebo/local_setup.zsh
[1.996s] -- Installing: /home/jacobrod/worms_ws/install/ros_ign_gazebo/share/ros_ign_gazebo/local_setup.dsv
[1.996s] -- Installing: /home/jacobrod/worms_ws/install/ros_ign_gazebo/share/ros_ign_gazebo/package.dsv
[1.997s] -- Up-to-date: /home/jacobrod/worms_ws/install/ros_ign_gazebo/share/ament_index/resource_index/packages/ros_ign_gazebo
[1.997s] -- Up-to-date: /home/jacobrod/worms_ws/install/ros_ign_gazebo/share/ros_ign_gazebo/cmake/ament_cmake_export_dependencies-extras.cmake
[1.997s] -- Up-to-date: /home/jacobrod/worms_ws/install/ros_ign_gazebo/share/ros_ign_gazebo/cmake/ros_ign_gazeboConfig.cmake
[1.997s] -- Up-to-date: /home/jacobrod/worms_ws/install/ros_ign_gazebo/share/ros_ign_gazebo/cmake/ros_ign_gazeboConfig-version.cmake
[1.997s] -- Up-to-date: /home/jacobrod/worms_ws/install/ros_ign_gazebo/share/ros_ign_gazebo/package.xml
[1.999s] Invoked command in '/home/jacobrod/worms_ws/build/ros_ign_gazebo' returned '0': CMAKE_PREFIX_PATH=/home/jacobrod/worms_ws/install/ros_gz_sim:/home/jacobrod/worms_ws/install/worms_gazebo:/home/jacobrod/worms_ws/install/worms_description:/home/jacobrod/worms_ws/install/ros_ign:/home/jacobrod/worms_ws/install/ros_ign_gazebo_demos:/home/jacobrod/worms_ws/install/ros_gz:/home/jacobrod/worms_ws/install/ros_gz_sim_demos:/home/jacobrod/worms_ws/install/sdformat_urdf:/home/jacobrod/worms_ws/install/sdformat_test_files:/home/jacobrod/worms_ws/install/ros_ign_interfaces:/home/jacobrod/worms_ws/install/ros_ign_image:/home/jacobrod/worms_ws/install/ros_ign_gazebo:/home/jacobrod/worms_ws/install/ros_ign_bridge:/home/jacobrod/worms_ws/install/ros_gz_image:/home/jacobrod/worms_ws/install/ros_gz_bridge:/home/jacobrod/worms_ws/install/ros_gz_interfaces:/home/jacobrod/worms_ws/install/ros_gz_example_bringup:/home/jacobrod/worms_ws/install/ros_gz_example_gazebo:/home/jacobrod/worms_ws/install/ros_gz_example_description:/home/jacobrod/worms_ws/install/ros_gz_example_application:/home/jacobrod/worms_ws/install/core_bringup:/home/jacobrod/worms_ws/install/worms_mech:/opt/ros/humble LD_LIBRARY_PATH=/home/jacobrod/worms_ws/install/ros_gz_sim/lib:/home/jacobrod/worms_ws/install/sdformat_urdf/lib:/home/jacobrod/worms_ws/install/ros_ign_interfaces/lib:/home/jacobrod/worms_ws/install/ros_gz_bridge/lib:/home/jacobrod/worms_ws/install/ros_gz_interfaces/lib:/opt/ros/humble/opt/rviz_ogre_vendor/lib:/opt/ros/humble/lib/x86_64-linux-gnu:/opt/ros/humble/lib /usr/bin/cmake --install /home/jacobrod/worms_ws/build/ros_ign_gazebo
