[1.670s] Invoking command in '/home/jacobrod/worms_ws/src/worms_mech': PYTHONPATH=/home/jacobrod/worms_ws/build/worms_mech/prefix_override:/home/jacobrod/worms_ws/install/worms_mech/lib/python3.10/site-packages:${PYTHONPATH} /usr/bin/python3 setup.py egg_info --egg-base ../../build/worms_mech build --build-base /home/jacobrod/worms_ws/build/worms_mech/build install --record /home/jacobrod/worms_ws/build/worms_mech/install.log --single-version-externally-managed
[2.012s] running egg_info
[2.016s] writing ../../build/worms_mech/worms_mech.egg-info/PKG-INFO
[2.020s] writing dependency_links to ../../build/worms_mech/worms_mech.egg-info/dependency_links.txt
[2.020s] writing entry points to ../../build/worms_mech/worms_mech.egg-info/entry_points.txt
[2.022s] writing requirements to ../../build/worms_mech/worms_mech.egg-info/requires.txt
[2.026s] writing top-level names to ../../build/worms_mech/worms_mech.egg-info/top_level.txt
[2.048s] reading manifest file '../../build/worms_mech/worms_mech.egg-info/SOURCES.txt'
[2.056s] writing manifest file '../../build/worms_mech/worms_mech.egg-info/SOURCES.txt'
[2.056s] running build
[2.056s] running build_py
[2.058s] copying worms_mech/joystick_control.py -> /home/jacobrod/worms_ws/build/worms_mech/build/lib/worms_mech
[2.059s] running install
[2.061s] /usr/lib/python3/dist-packages/setuptools/command/install.py:34: SetuptoolsDeprecationWarning: setup.py install is deprecated. Use build and pip and other standards-based tools.
[2.062s]   warnings.warn(
[2.065s] running install_lib
[2.075s] copying /home/jacobrod/worms_ws/build/worms_mech/build/lib/worms_mech/joystick_control.py -> /home/jacobrod/worms_ws/install/worms_mech/lib/python3.10/site-packages/worms_mech
[2.076s] byte-compiling /home/jacobrod/worms_ws/install/worms_mech/lib/python3.10/site-packages/worms_mech/joystick_control.py to joystick_control.cpython-310.pyc
[2.079s] running install_data
[2.087s] running install_egg_info
[2.095s] removing '/home/jacobrod/worms_ws/install/worms_mech/lib/python3.10/site-packages/worms_mech-0.0.0-py3.10.egg-info' (and everything under it)
[2.095s] Copying ../../build/worms_mech/worms_mech.egg-info to /home/jacobrod/worms_ws/install/worms_mech/lib/python3.10/site-packages/worms_mech-0.0.0-py3.10.egg-info
[2.096s] running install_scripts
[2.096s] Installing hardware_interface script to /home/jacobrod/worms_ws/install/worms_mech/lib/worms_mech
[2.096s] Installing joint_command_publisher script to /home/jacobrod/worms_ws/install/worms_mech/lib/worms_mech
[2.096s] Installing joystick_control script to /home/jacobrod/worms_ws/install/worms_mech/lib/worms_mech
[2.097s] writing list of installed files to '/home/jacobrod/worms_ws/build/worms_mech/install.log'
[2.308s] Invoked command in '/home/jacobrod/worms_ws/src/worms_mech' returned '0': PYTHONPATH=/home/jacobrod/worms_ws/build/worms_mech/prefix_override:/home/jacobrod/worms_ws/install/worms_mech/lib/python3.10/site-packages:${PYTHONPATH} /usr/bin/python3 setup.py egg_info --egg-base ../../build/worms_mech build --build-base /home/jacobrod/worms_ws/build/worms_mech/build install --record /home/jacobrod/worms_ws/build/worms_mech/install.log --single-version-externally-managed
