[0.091s] Invoking command in '/home/jacobrod/worms_ws/build/ros_ign_interfaces': CMAKE_PREFIX_PATH=/home/jacobrod/worms_ws/install/ros_gz_interfaces:/home/jacobrod/worms_ws/install/worms_gazebo:/home/jacobrod/worms_ws/install/worms_description:/home/jacobrod/worms_ws/install/ros_ign:/home/jacobrod/worms_ws/install/ros_ign_gazebo_demos:/home/jacobrod/worms_ws/install/ros_gz:/home/jacobrod/worms_ws/install/ros_gz_sim_demos:/home/jacobrod/worms_ws/install/sdformat_urdf:/home/jacobrod/worms_ws/install/sdformat_test_files:/home/jacobrod/worms_ws/install/ros_ign_interfaces:/home/jacobrod/worms_ws/install/ros_ign_image:/home/jacobrod/worms_ws/install/ros_ign_gazebo:/home/jacobrod/worms_ws/install/ros_ign_bridge:/home/jacobrod/worms_ws/install/ros_gz_sim:/home/jacobrod/worms_ws/install/ros_gz_image:/home/jacobrod/worms_ws/install/ros_gz_bridge:/home/jacobrod/worms_ws/install/ros_gz_example_bringup:/home/jacobrod/worms_ws/install/ros_gz_example_gazebo:/home/jacobrod/worms_ws/install/ros_gz_example_description:/home/jacobrod/worms_ws/install/ros_gz_example_application:/home/jacobrod/worms_ws/install/core_bringup:/home/jacobrod/worms_ws/install/worms_mech:/opt/ros/humble LD_LIBRARY_PATH=/home/jacobrod/worms_ws/install/ros_gz_interfaces/lib:/home/jacobrod/worms_ws/install/sdformat_urdf/lib:/home/jacobrod/worms_ws/install/ros_ign_interfaces/lib:/home/jacobrod/worms_ws/install/ros_gz_sim/lib:/home/jacobrod/worms_ws/install/ros_gz_bridge/lib:/opt/ros/humble/opt/rviz_ogre_vendor/lib:/opt/ros/humble/lib/x86_64-linux-gnu:/opt/ros/humble/lib /usr/bin/cmake /home/jacobrod/worms_ws/src/ros_gz/ros_ign_interfaces -DCMAKE_INSTALL_PREFIX=/home/jacobrod/worms_ws/install/ros_ign_interfaces
[0.106s] -- Found ament_cmake: 1.3.6 (/opt/ros/humble/share/ament_cmake/cmake)
[0.280s] -- Found builtin_interfaces: 1.2.1 (/opt/ros/humble/share/builtin_interfaces/cmake)
[0.312s] -- Found rosidl_generator_c: 3.1.5 (/opt/ros/humble/share/rosidl_generator_c/cmake)
[0.315s] -- Found rosidl_adapter: 3.1.5 (/opt/ros/humble/share/rosidl_adapter/cmake)
[0.325s] -- Found rosidl_generator_cpp: 3.1.5 (/opt/ros/humble/share/rosidl_generator_cpp/cmake)
[0.346s] -- Using all available rosidl_typesupport_c: rosidl_typesupport_fastrtps_c;rosidl_typesupport_introspection_c
[0.379s] -- Using all available rosidl_typesupport_cpp: rosidl_typesupport_fastrtps_cpp;rosidl_typesupport_introspection_cpp
[0.412s] -- Found std_msgs: 4.2.3 (/opt/ros/humble/share/std_msgs/cmake)
[0.476s] -- Found geometry_msgs: 4.2.3 (/opt/ros/humble/share/geometry_msgs/cmake)
[0.530s] -- Found ros_gz_interfaces: 0.244.11 (/home/jacobrod/worms_ws/install/ros_gz_interfaces/share/ros_gz_interfaces/cmake)
[0.659s] -- Found rosidl_default_generators: 1.2.0 (/opt/ros/humble/share/rosidl_default_generators/cmake)
[1.159s] -- Found ament_cmake_cppcheck: 0.12.9 (/opt/ros/humble/share/ament_cmake_cppcheck/cmake)
[1.161s] -- Found ament_cmake_cpplint: 0.12.9 (/opt/ros/humble/share/ament_cmake_cpplint/cmake)
[1.162s] -- Found ament_cmake_uncrustify: 0.12.9 (/opt/ros/humble/share/ament_cmake_uncrustify/cmake)
[1.164s] -- Found ament_cmake_ros: 0.10.0 (/opt/ros/humble/share/ament_cmake_ros/cmake)
[1.818s] -- Using all available rosidl_typesupport_c: rosidl_typesupport_fastrtps_c;rosidl_typesupport_introspection_c
[2.073s] -- Using all available rosidl_typesupport_cpp: rosidl_typesupport_fastrtps_cpp;rosidl_typesupport_introspection_cpp
[2.105s] -- Found python_cmake_module: 0.10.0 (/opt/ros/humble/share/python_cmake_module/cmake)
[2.133s] -- Using PYTHON_EXECUTABLE: /usr/bin/python3
[2.133s] -- Using PYTHON_INCLUDE_DIRS: /usr/include/python3.10
[2.133s] -- Using PYTHON_LIBRARIES: /usr/lib/x86_64-linux-gnu/libpython3.10.so
[2.224s] -- Found ament_cmake_flake8: 0.12.9 (/opt/ros/humble/share/ament_cmake_flake8/cmake)
[2.225s] -- Found ament_cmake_pep257: 0.12.9 (/opt/ros/humble/share/ament_cmake_pep257/cmake)
[2.232s] -- Configuring done
[2.316s] -- Generating done
[2.321s] -- Build files have been written to: /home/jacobrod/worms_ws/build/ros_ign_interfaces
[2.332s] Invoked command in '/home/jacobrod/worms_ws/build/ros_ign_interfaces' returned '0': CMAKE_PREFIX_PATH=/home/jacobrod/worms_ws/install/ros_gz_interfaces:/home/jacobrod/worms_ws/install/worms_gazebo:/home/jacobrod/worms_ws/install/worms_description:/home/jacobrod/worms_ws/install/ros_ign:/home/jacobrod/worms_ws/install/ros_ign_gazebo_demos:/home/jacobrod/worms_ws/install/ros_gz:/home/jacobrod/worms_ws/install/ros_gz_sim_demos:/home/jacobrod/worms_ws/install/sdformat_urdf:/home/jacobrod/worms_ws/install/sdformat_test_files:/home/jacobrod/worms_ws/install/ros_ign_interfaces:/home/jacobrod/worms_ws/install/ros_ign_image:/home/jacobrod/worms_ws/install/ros_ign_gazebo:/home/jacobrod/worms_ws/install/ros_ign_bridge:/home/jacobrod/worms_ws/install/ros_gz_sim:/home/jacobrod/worms_ws/install/ros_gz_image:/home/jacobrod/worms_ws/install/ros_gz_bridge:/home/jacobrod/worms_ws/install/ros_gz_example_bringup:/home/jacobrod/worms_ws/install/ros_gz_example_gazebo:/home/jacobrod/worms_ws/install/ros_gz_example_description:/home/jacobrod/worms_ws/install/ros_gz_example_application:/home/jacobrod/worms_ws/install/core_bringup:/home/jacobrod/worms_ws/install/worms_mech:/opt/ros/humble LD_LIBRARY_PATH=/home/jacobrod/worms_ws/install/ros_gz_interfaces/lib:/home/jacobrod/worms_ws/install/sdformat_urdf/lib:/home/jacobrod/worms_ws/install/ros_ign_interfaces/lib:/home/jacobrod/worms_ws/install/ros_gz_sim/lib:/home/jacobrod/worms_ws/install/ros_gz_bridge/lib:/opt/ros/humble/opt/rviz_ogre_vendor/lib:/opt/ros/humble/lib/x86_64-linux-gnu:/opt/ros/humble/lib /usr/bin/cmake /home/jacobrod/worms_ws/src/ros_gz/ros_ign_interfaces -DCMAKE_INSTALL_PREFIX=/home/jacobrod/worms_ws/install/ros_ign_interfaces
[2.334s] Invoking command in '/home/jacobrod/worms_ws/build/ros_ign_interfaces': CMAKE_PREFIX_PATH=/home/jacobrod/worms_ws/install/ros_gz_interfaces:/home/jacobrod/worms_ws/install/worms_gazebo:/home/jacobrod/worms_ws/install/worms_description:/home/jacobrod/worms_ws/install/ros_ign:/home/jacobrod/worms_ws/install/ros_ign_gazebo_demos:/home/jacobrod/worms_ws/install/ros_gz:/home/jacobrod/worms_ws/install/ros_gz_sim_demos:/home/jacobrod/worms_ws/install/sdformat_urdf:/home/jacobrod/worms_ws/install/sdformat_test_files:/home/jacobrod/worms_ws/install/ros_ign_interfaces:/home/jacobrod/worms_ws/install/ros_ign_image:/home/jacobrod/worms_ws/install/ros_ign_gazebo:/home/jacobrod/worms_ws/install/ros_ign_bridge:/home/jacobrod/worms_ws/install/ros_gz_sim:/home/jacobrod/worms_ws/install/ros_gz_image:/home/jacobrod/worms_ws/install/ros_gz_bridge:/home/jacobrod/worms_ws/install/ros_gz_example_bringup:/home/jacobrod/worms_ws/install/ros_gz_example_gazebo:/home/jacobrod/worms_ws/install/ros_gz_example_description:/home/jacobrod/worms_ws/install/ros_gz_example_application:/home/jacobrod/worms_ws/install/core_bringup:/home/jacobrod/worms_ws/install/worms_mech:/opt/ros/humble LD_LIBRARY_PATH=/home/jacobrod/worms_ws/install/ros_gz_interfaces/lib:/home/jacobrod/worms_ws/install/sdformat_urdf/lib:/home/jacobrod/worms_ws/install/ros_ign_interfaces/lib:/home/jacobrod/worms_ws/install/ros_gz_sim/lib:/home/jacobrod/worms_ws/install/ros_gz_bridge/lib:/opt/ros/humble/opt/rviz_ogre_vendor/lib:/opt/ros/humble/lib/x86_64-linux-gnu:/opt/ros/humble/lib /usr/bin/cmake --build /home/jacobrod/worms_ws/build/ros_ign_interfaces -- -j8 -l8
[2.393s] [35m[1mConsolidate compiler generated dependencies of target ros_ign_interfaces__rosidl_generator_c[0m
[2.405s] [  0%] Built target ros_ign_interfaces__cpp
[2.424s] [  0%] Built target ament_cmake_python_copy_ros_ign_interfaces
[2.426s] [ 12%] Built target ros_ign_interfaces__rosidl_generator_c
[2.430s] [35m[1mConsolidate compiler generated dependencies of target ros_ign_interfaces__rosidl_typesupport_fastrtps_cpp[0m
[2.430s] [35m[1mConsolidate compiler generated dependencies of target ros_ign_interfaces__rosidl_typesupport_cpp[0m
[2.434s] [35m[1mConsolidate compiler generated dependencies of target ros_ign_interfaces__rosidl_typesupport_introspection_cpp[0m
[2.455s] [35m[1mConsolidate compiler generated dependencies of target ros_ign_interfaces__rosidl_typesupport_introspection_c[0m
[2.462s] [35m[1mConsolidate compiler generated dependencies of target ros_ign_interfaces__rosidl_typesupport_fastrtps_c[0m
[2.474s] [35m[1mConsolidate compiler generated dependencies of target ros_ign_interfaces__rosidl_typesupport_c[0m
[2.487s] [ 24%] Built target ros_ign_interfaces__rosidl_typesupport_cpp
[2.494s] [ 43%] Built target ros_ign_interfaces__rosidl_typesupport_fastrtps_cpp
[2.494s] [ 48%] Built target ros_ign_interfaces__rosidl_typesupport_introspection_c
[2.505s] [ 60%] Built target ros_ign_interfaces__rosidl_typesupport_introspection_cpp
[2.509s] [ 72%] Built target ros_ign_interfaces__rosidl_typesupport_c
[2.524s] [ 84%] Built target ros_ign_interfaces__rosidl_typesupport_fastrtps_c
[2.553s] [ 84%] Built target ros_ign_interfaces
[2.580s] [ 85%] Built target ros_ign_interfaces__py
[2.603s] [35m[1mConsolidate compiler generated dependencies of target ros_ign_interfaces__rosidl_generator_py[0m
[2.640s] [ 96%] Built target ros_ign_interfaces__rosidl_generator_py
[2.656s] [35m[1mConsolidate compiler generated dependencies of target ros_ign_interfaces__rosidl_typesupport_introspection_c__pyext[0m
[2.657s] [35m[1mConsolidate compiler generated dependencies of target ros_ign_interfaces__rosidl_typesupport_fastrtps_c__pyext[0m
[2.657s] [35m[1mConsolidate compiler generated dependencies of target ros_ign_interfaces__rosidl_typesupport_c__pyext[0m
[2.680s] [100%] Built target ros_ign_interfaces__rosidl_typesupport_fastrtps_c__pyext
[2.680s] [100%] Built target ros_ign_interfaces__rosidl_typesupport_c__pyext
[2.680s] [100%] Built target ros_ign_interfaces__rosidl_typesupport_introspection_c__pyext
[2.763s] running egg_info
[2.764s] writing ros_ign_interfaces.egg-info/PKG-INFO
[2.764s] writing dependency_links to ros_ign_interfaces.egg-info/dependency_links.txt
[2.765s] writing top-level names to ros_ign_interfaces.egg-info/top_level.txt
[2.767s] reading manifest file 'ros_ign_interfaces.egg-info/SOURCES.txt'
[2.768s] writing manifest file 'ros_ign_interfaces.egg-info/SOURCES.txt'
[2.814s] [100%] Built target ament_cmake_python_build_ros_ign_interfaces_egg
[2.831s] Invoked command in '/home/jacobrod/worms_ws/build/ros_ign_interfaces' returned '0': CMAKE_PREFIX_PATH=/home/jacobrod/worms_ws/install/ros_gz_interfaces:/home/jacobrod/worms_ws/install/worms_gazebo:/home/jacobrod/worms_ws/install/worms_description:/home/jacobrod/worms_ws/install/ros_ign:/home/jacobrod/worms_ws/install/ros_ign_gazebo_demos:/home/jacobrod/worms_ws/install/ros_gz:/home/jacobrod/worms_ws/install/ros_gz_sim_demos:/home/jacobrod/worms_ws/install/sdformat_urdf:/home/jacobrod/worms_ws/install/sdformat_test_files:/home/jacobrod/worms_ws/install/ros_ign_interfaces:/home/jacobrod/worms_ws/install/ros_ign_image:/home/jacobrod/worms_ws/install/ros_ign_gazebo:/home/jacobrod/worms_ws/install/ros_ign_bridge:/home/jacobrod/worms_ws/install/ros_gz_sim:/home/jacobrod/worms_ws/install/ros_gz_image:/home/jacobrod/worms_ws/install/ros_gz_bridge:/home/jacobrod/worms_ws/install/ros_gz_example_bringup:/home/jacobrod/worms_ws/install/ros_gz_example_gazebo:/home/jacobrod/worms_ws/install/ros_gz_example_description:/home/jacobrod/worms_ws/install/ros_gz_example_application:/home/jacobrod/worms_ws/install/core_bringup:/home/jacobrod/worms_ws/install/worms_mech:/opt/ros/humble LD_LIBRARY_PATH=/home/jacobrod/worms_ws/install/ros_gz_interfaces/lib:/home/jacobrod/worms_ws/install/sdformat_urdf/lib:/home/jacobrod/worms_ws/install/ros_ign_interfaces/lib:/home/jacobrod/worms_ws/install/ros_gz_sim/lib:/home/jacobrod/worms_ws/install/ros_gz_bridge/lib:/opt/ros/humble/opt/rviz_ogre_vendor/lib:/opt/ros/humble/lib/x86_64-linux-gnu:/opt/ros/humble/lib /usr/bin/cmake --build /home/jacobrod/worms_ws/build/ros_ign_interfaces -- -j8 -l8
[3.427s] Invoking command in '/home/jacobrod/worms_ws/build/ros_ign_interfaces': CMAKE_PREFIX_PATH=/home/jacobrod/worms_ws/install/ros_gz_interfaces:/home/jacobrod/worms_ws/install/worms_gazebo:/home/jacobrod/worms_ws/install/worms_description:/home/jacobrod/worms_ws/install/ros_ign:/home/jacobrod/worms_ws/install/ros_ign_gazebo_demos:/home/jacobrod/worms_ws/install/ros_gz:/home/jacobrod/worms_ws/install/ros_gz_sim_demos:/home/jacobrod/worms_ws/install/sdformat_urdf:/home/jacobrod/worms_ws/install/sdformat_test_files:/home/jacobrod/worms_ws/install/ros_ign_interfaces:/home/jacobrod/worms_ws/install/ros_ign_image:/home/jacobrod/worms_ws/install/ros_ign_gazebo:/home/jacobrod/worms_ws/install/ros_ign_bridge:/home/jacobrod/worms_ws/install/ros_gz_sim:/home/jacobrod/worms_ws/install/ros_gz_image:/home/jacobrod/worms_ws/install/ros_gz_bridge:/home/jacobrod/worms_ws/install/ros_gz_example_bringup:/home/jacobrod/worms_ws/install/ros_gz_example_gazebo:/home/jacobrod/worms_ws/install/ros_gz_example_description:/home/jacobrod/worms_ws/install/ros_gz_example_application:/home/jacobrod/worms_ws/install/core_bringup:/home/jacobrod/worms_ws/install/worms_mech:/opt/ros/humble LD_LIBRARY_PATH=/home/jacobrod/worms_ws/install/ros_gz_interfaces/lib:/home/jacobrod/worms_ws/install/sdformat_urdf/lib:/home/jacobrod/worms_ws/install/ros_ign_interfaces/lib:/home/jacobrod/worms_ws/install/ros_gz_sim/lib:/home/jacobrod/worms_ws/install/ros_gz_bridge/lib:/opt/ros/humble/opt/rviz_ogre_vendor/lib:/opt/ros/humble/lib/x86_64-linux-gnu:/opt/ros/humble/lib /usr/bin/cmake --install /home/jacobrod/worms_ws/build/ros_ign_interfaces
[3.436s] -- Install configuration: ""
[3.436s] -- Up-to-date: /home/jacobrod/worms_ws/install/ros_ign_interfaces/share/ament_index/resource_index/rosidl_interfaces/ros_ign_interfaces
[3.436s] -- Up-to-date: /home/jacobrod/worms_ws/install/ros_ign_interfaces/include/ros_ign_interfaces/ros_ign_interfaces
[3.437s] -- Up-to-date: /home/jacobrod/worms_ws/install/ros_ign_interfaces/include/ros_ign_interfaces/ros_ign_interfaces/msg
[3.437s] -- Up-to-date: /home/jacobrod/worms_ws/install/ros_ign_interfaces/include/ros_ign_interfaces/ros_ign_interfaces/msg/track_visual.h
[3.437s] -- Up-to-date: /home/jacobrod/worms_ws/install/ros_ign_interfaces/include/ros_ign_interfaces/ros_ign_interfaces/msg/world_reset.h
[3.437s] -- Up-to-date: /home/jacobrod/worms_ws/install/ros_ign_interfaces/include/ros_ign_interfaces/ros_ign_interfaces/msg/rosidl_generator_c__visibility_control.h
[3.438s] -- Up-to-date: /home/jacobrod/worms_ws/install/ros_ign_interfaces/include/ros_ign_interfaces/ros_ign_interfaces/msg/entity.h
[3.438s] -- Up-to-date: /home/jacobrod/worms_ws/install/ros_ign_interfaces/include/ros_ign_interfaces/ros_ign_interfaces/msg/string_vec.h
[3.438s] -- Up-to-date: /home/jacobrod/worms_ws/install/ros_ign_interfaces/include/ros_ign_interfaces/ros_ign_interfaces/msg/light.h
[3.438s] -- Up-to-date: /home/jacobrod/worms_ws/install/ros_ign_interfaces/include/ros_ign_interfaces/ros_ign_interfaces/msg/detail
[3.439s] -- Up-to-date: /home/jacobrod/worms_ws/install/ros_ign_interfaces/include/ros_ign_interfaces/ros_ign_interfaces/msg/detail/video_record__type_support.h
[3.439s] -- Up-to-date: /home/jacobrod/worms_ws/install/ros_ign_interfaces/include/ros_ign_interfaces/ros_ign_interfaces/msg/detail/gui_camera__functions.c
[3.439s] -- Up-to-date: /home/jacobrod/worms_ws/install/ros_ign_interfaces/include/ros_ign_interfaces/ros_ign_interfaces/msg/detail/entity__struct.h
[3.440s] -- Up-to-date: /home/jacobrod/worms_ws/install/ros_ign_interfaces/include/ros_ign_interfaces/ros_ign_interfaces/msg/detail/light__functions.c
[3.440s] -- Up-to-date: /home/jacobrod/worms_ws/install/ros_ign_interfaces/include/ros_ign_interfaces/ros_ign_interfaces/msg/detail/video_record__functions.h
[3.440s] -- Up-to-date: /home/jacobrod/worms_ws/install/ros_ign_interfaces/include/ros_ign_interfaces/ros_ign_interfaces/msg/detail/world_control__functions.h
[3.440s] -- Up-to-date: /home/jacobrod/worms_ws/install/ros_ign_interfaces/include/ros_ign_interfaces/ros_ign_interfaces/msg/detail/string_vec__functions.h
[3.440s] -- Up-to-date: /home/jacobrod/worms_ws/install/ros_ign_interfaces/include/ros_ign_interfaces/ros_ign_interfaces/msg/detail/string_vec__type_support.h
[3.440s] -- Up-to-date: /home/jacobrod/worms_ws/install/ros_ign_interfaces/include/ros_ign_interfaces/ros_ign_interfaces/msg/detail/video_record__functions.c
[3.441s] -- Up-to-date: /home/jacobrod/worms_ws/install/ros_ign_interfaces/include/ros_ign_interfaces/ros_ign_interfaces/msg/detail/entity__functions.h
[3.441s] -- Up-to-date: /home/jacobrod/worms_ws/install/ros_ign_interfaces/include/ros_ign_interfaces/ros_ign_interfaces/msg/detail/light__type_support.h
[3.441s] -- Up-to-date: /home/jacobrod/worms_ws/install/ros_ign_interfaces/include/ros_ign_interfaces/ros_ign_interfaces/msg/detail/world_control__struct.h
[3.441s] -- Up-to-date: /home/jacobrod/worms_ws/install/ros_ign_interfaces/include/ros_ign_interfaces/ros_ign_interfaces/msg/detail/world_control__functions.c
[3.442s] -- Up-to-date: /home/jacobrod/worms_ws/install/ros_ign_interfaces/include/ros_ign_interfaces/ros_ign_interfaces/msg/detail/string_vec__struct.h
[3.442s] -- Up-to-date: /home/jacobrod/worms_ws/install/ros_ign_interfaces/include/ros_ign_interfaces/ros_ign_interfaces/msg/detail/string_vec__functions.c
[3.442s] -- Up-to-date: /home/jacobrod/worms_ws/install/ros_ign_interfaces/include/ros_ign_interfaces/ros_ign_interfaces/msg/detail/joint_wrench__type_support.h
[3.442s] -- Up-to-date: /home/jacobrod/worms_ws/install/ros_ign_interfaces/include/ros_ign_interfaces/ros_ign_interfaces/msg/detail/contacts__struct.h
[3.442s] -- Up-to-date: /home/jacobrod/worms_ws/install/ros_ign_interfaces/include/ros_ign_interfaces/ros_ign_interfaces/msg/detail/track_visual__functions.h
[3.443s] -- Up-to-date: /home/jacobrod/worms_ws/install/ros_ign_interfaces/include/ros_ign_interfaces/ros_ign_interfaces/msg/detail/joint_wrench__struct.h
[3.443s] -- Up-to-date: /home/jacobrod/worms_ws/install/ros_ign_interfaces/include/ros_ign_interfaces/ros_ign_interfaces/msg/detail/contact__type_support.h
[3.443s] -- Up-to-date: /home/jacobrod/worms_ws/install/ros_ign_interfaces/include/ros_ign_interfaces/ros_ign_interfaces/msg/detail/world_reset__functions.h
[3.443s] -- Up-to-date: /home/jacobrod/worms_ws/install/ros_ign_interfaces/include/ros_ign_interfaces/ros_ign_interfaces/msg/detail/entity__type_support.h
[3.444s] -- Up-to-date: /home/jacobrod/worms_ws/install/ros_ign_interfaces/include/ros_ign_interfaces/ros_ign_interfaces/msg/detail/light__functions.h
[3.444s] -- Up-to-date: /home/jacobrod/worms_ws/install/ros_ign_interfaces/include/ros_ign_interfaces/ros_ign_interfaces/msg/detail/world_reset__functions.c
[3.444s] -- Up-to-date: /home/jacobrod/worms_ws/install/ros_ign_interfaces/include/ros_ign_interfaces/ros_ign_interfaces/msg/detail/world_reset__type_support.h
[3.444s] -- Up-to-date: /home/jacobrod/worms_ws/install/ros_ign_interfaces/include/ros_ign_interfaces/ros_ign_interfaces/msg/detail/gui_camera__type_support.h
[3.445s] -- Up-to-date: /home/jacobrod/worms_ws/install/ros_ign_interfaces/include/ros_ign_interfaces/ros_ign_interfaces/msg/detail/video_record__struct.h
[3.445s] -- Up-to-date: /home/jacobrod/worms_ws/install/ros_ign_interfaces/include/ros_ign_interfaces/ros_ign_interfaces/msg/detail/entity_factory__functions.c
[3.445s] -- Up-to-date: /home/jacobrod/worms_ws/install/ros_ign_interfaces/include/ros_ign_interfaces/ros_ign_interfaces/msg/detail/track_visual__struct.h
[3.445s] -- Up-to-date: /home/jacobrod/worms_ws/install/ros_ign_interfaces/include/ros_ign_interfaces/ros_ign_interfaces/msg/detail/contacts__functions.c
[3.446s] -- Up-to-date: /home/jacobrod/worms_ws/install/ros_ign_interfaces/include/ros_ign_interfaces/ros_ign_interfaces/msg/detail/joint_wrench__functions.c
[3.446s] -- Up-to-date: /home/jacobrod/worms_ws/install/ros_ign_interfaces/include/ros_ign_interfaces/ros_ign_interfaces/msg/detail/gui_camera__functions.h
[3.446s] -- Up-to-date: /home/jacobrod/worms_ws/install/ros_ign_interfaces/include/ros_ign_interfaces/ros_ign_interfaces/msg/detail/contact__functions.h
[3.446s] -- Up-to-date: /home/jacobrod/worms_ws/install/ros_ign_interfaces/include/ros_ign_interfaces/ros_ign_interfaces/msg/detail/gui_camera__struct.h
[3.446s] -- Up-to-date: /home/jacobrod/worms_ws/install/ros_ign_interfaces/include/ros_ign_interfaces/ros_ign_interfaces/msg/detail/contacts__functions.h
[3.447s] -- Up-to-date: /home/jacobrod/worms_ws/install/ros_ign_interfaces/include/ros_ign_interfaces/ros_ign_interfaces/msg/detail/joint_wrench__functions.h
[3.447s] -- Up-to-date: /home/jacobrod/worms_ws/install/ros_ign_interfaces/include/ros_ign_interfaces/ros_ign_interfaces/msg/detail/contacts__type_support.h
[3.447s] -- Up-to-date: /home/jacobrod/worms_ws/install/ros_ign_interfaces/include/ros_ign_interfaces/ros_ign_interfaces/msg/detail/track_visual__functions.c
[3.447s] -- Up-to-date: /home/jacobrod/worms_ws/install/ros_ign_interfaces/include/ros_ign_interfaces/ros_ign_interfaces/msg/detail/entity_factory__functions.h
[3.447s] -- Up-to-date: /home/jacobrod/worms_ws/install/ros_ign_interfaces/include/ros_ign_interfaces/ros_ign_interfaces/msg/detail/entity__functions.c
[3.447s] -- Up-to-date: /home/jacobrod/worms_ws/install/ros_ign_interfaces/include/ros_ign_interfaces/ros_ign_interfaces/msg/detail/entity_factory__struct.h
[3.447s] -- Up-to-date: /home/jacobrod/worms_ws/install/ros_ign_interfaces/include/ros_ign_interfaces/ros_ign_interfaces/msg/detail/entity_factory__type_support.h
[3.448s] -- Up-to-date: /home/jacobrod/worms_ws/install/ros_ign_interfaces/include/ros_ign_interfaces/ros_ign_interfaces/msg/detail/track_visual__type_support.h
[3.448s] -- Up-to-date: /home/jacobrod/worms_ws/install/ros_ign_interfaces/include/ros_ign_interfaces/ros_ign_interfaces/msg/detail/contact__functions.c
[3.448s] -- Up-to-date: /home/jacobrod/worms_ws/install/ros_ign_interfaces/include/ros_ign_interfaces/ros_ign_interfaces/msg/detail/contact__struct.h
[3.448s] -- Up-to-date: /home/jacobrod/worms_ws/install/ros_ign_interfaces/include/ros_ign_interfaces/ros_ign_interfaces/msg/detail/light__struct.h
[3.449s] -- Up-to-date: /home/jacobrod/worms_ws/install/ros_ign_interfaces/include/ros_ign_interfaces/ros_ign_interfaces/msg/detail/world_control__type_support.h
[3.449s] -- Up-to-date: /home/jacobrod/worms_ws/install/ros_ign_interfaces/include/ros_ign_interfaces/ros_ign_interfaces/msg/detail/world_reset__struct.h
[3.449s] -- Up-to-date: /home/jacobrod/worms_ws/install/ros_ign_interfaces/include/ros_ign_interfaces/ros_ign_interfaces/msg/contacts.h
[3.449s] -- Up-to-date: /home/jacobrod/worms_ws/install/ros_ign_interfaces/include/ros_ign_interfaces/ros_ign_interfaces/msg/joint_wrench.h
[3.449s] -- Up-to-date: /home/jacobrod/worms_ws/install/ros_ign_interfaces/include/ros_ign_interfaces/ros_ign_interfaces/msg/video_record.h
[3.449s] -- Up-to-date: /home/jacobrod/worms_ws/install/ros_ign_interfaces/include/ros_ign_interfaces/ros_ign_interfaces/msg/world_control.h
[3.449s] -- Up-to-date: /home/jacobrod/worms_ws/install/ros_ign_interfaces/include/ros_ign_interfaces/ros_ign_interfaces/msg/gui_camera.h
[3.449s] -- Up-to-date: /home/jacobrod/worms_ws/install/ros_ign_interfaces/include/ros_ign_interfaces/ros_ign_interfaces/msg/entity_factory.h
[3.450s] -- Up-to-date: /home/jacobrod/worms_ws/install/ros_ign_interfaces/include/ros_ign_interfaces/ros_ign_interfaces/msg/contact.h
[3.450s] -- Up-to-date: /home/jacobrod/worms_ws/install/ros_ign_interfaces/include/ros_ign_interfaces/ros_ign_interfaces/srv
[3.450s] -- Up-to-date: /home/jacobrod/worms_ws/install/ros_ign_interfaces/include/ros_ign_interfaces/ros_ign_interfaces/srv/delete_entity.h
[3.450s] -- Up-to-date: /home/jacobrod/worms_ws/install/ros_ign_interfaces/include/ros_ign_interfaces/ros_ign_interfaces/srv/control_world.h
[3.450s] -- Up-to-date: /home/jacobrod/worms_ws/install/ros_ign_interfaces/include/ros_ign_interfaces/ros_ign_interfaces/srv/detail
[3.451s] -- Up-to-date: /home/jacobrod/worms_ws/install/ros_ign_interfaces/include/ros_ign_interfaces/ros_ign_interfaces/srv/detail/spawn_entity__type_support.h
[3.451s] -- Up-to-date: /home/jacobrod/worms_ws/install/ros_ign_interfaces/include/ros_ign_interfaces/ros_ign_interfaces/srv/detail/set_entity_pose__struct.h
[3.451s] -- Up-to-date: /home/jacobrod/worms_ws/install/ros_ign_interfaces/include/ros_ign_interfaces/ros_ign_interfaces/srv/detail/control_world__struct.h
[3.451s] -- Up-to-date: /home/jacobrod/worms_ws/install/ros_ign_interfaces/include/ros_ign_interfaces/ros_ign_interfaces/srv/detail/control_world__type_support.h
[3.451s] -- Up-to-date: /home/jacobrod/worms_ws/install/ros_ign_interfaces/include/ros_ign_interfaces/ros_ign_interfaces/srv/detail/control_world__functions.c
[3.451s] -- Up-to-date: /home/jacobrod/worms_ws/install/ros_ign_interfaces/include/ros_ign_interfaces/ros_ign_interfaces/srv/detail/spawn_entity__functions.h
[3.451s] -- Up-to-date: /home/jacobrod/worms_ws/install/ros_ign_interfaces/include/ros_ign_interfaces/ros_ign_interfaces/srv/detail/control_world__functions.h
[3.452s] -- Up-to-date: /home/jacobrod/worms_ws/install/ros_ign_interfaces/include/ros_ign_interfaces/ros_ign_interfaces/srv/detail/delete_entity__functions.c
[3.452s] -- Up-to-date: /home/jacobrod/worms_ws/install/ros_ign_interfaces/include/ros_ign_interfaces/ros_ign_interfaces/srv/detail/delete_entity__struct.h
[3.452s] -- Up-to-date: /home/jacobrod/worms_ws/install/ros_ign_interfaces/include/ros_ign_interfaces/ros_ign_interfaces/srv/detail/set_entity_pose__functions.h
[3.452s] -- Up-to-date: /home/jacobrod/worms_ws/install/ros_ign_interfaces/include/ros_ign_interfaces/ros_ign_interfaces/srv/detail/set_entity_pose__functions.c
[3.452s] -- Up-to-date: /home/jacobrod/worms_ws/install/ros_ign_interfaces/include/ros_ign_interfaces/ros_ign_interfaces/srv/detail/delete_entity__functions.h
[3.452s] -- Up-to-date: /home/jacobrod/worms_ws/install/ros_ign_interfaces/include/ros_ign_interfaces/ros_ign_interfaces/srv/detail/spawn_entity__struct.h
[3.452s] -- Up-to-date: /home/jacobrod/worms_ws/install/ros_ign_interfaces/include/ros_ign_interfaces/ros_ign_interfaces/srv/detail/set_entity_pose__type_support.h
[3.453s] -- Up-to-date: /home/jacobrod/worms_ws/install/ros_ign_interfaces/include/ros_ign_interfaces/ros_ign_interfaces/srv/detail/spawn_entity__functions.c
[3.453s] -- Up-to-date: /home/jacobrod/worms_ws/install/ros_ign_interfaces/include/ros_ign_interfaces/ros_ign_interfaces/srv/detail/delete_entity__type_support.h
[3.453s] -- Up-to-date: /home/jacobrod/worms_ws/install/ros_ign_interfaces/include/ros_ign_interfaces/ros_ign_interfaces/srv/spawn_entity.h
[3.453s] -- Up-to-date: /home/jacobrod/worms_ws/install/ros_ign_interfaces/include/ros_ign_interfaces/ros_ign_interfaces/srv/set_entity_pose.h
[3.453s] -- Up-to-date: /home/jacobrod/worms_ws/install/ros_ign_interfaces/share/ros_ign_interfaces/environment/library_path.sh
[3.453s] -- Installing: /home/jacobrod/worms_ws/install/ros_ign_interfaces/share/ros_ign_interfaces/environment/library_path.dsv
[3.454s] -- Up-to-date: /home/jacobrod/worms_ws/install/ros_ign_interfaces/lib/libros_ign_interfaces__rosidl_generator_c.so
[3.454s] -- Up-to-date: /home/jacobrod/worms_ws/install/ros_ign_interfaces/include/ros_ign_interfaces/ros_ign_interfaces
[3.454s] -- Up-to-date: /home/jacobrod/worms_ws/install/ros_ign_interfaces/include/ros_ign_interfaces/ros_ign_interfaces/msg
[3.454s] -- Up-to-date: /home/jacobrod/worms_ws/install/ros_ign_interfaces/include/ros_ign_interfaces/ros_ign_interfaces/msg/detail
[3.455s] -- Up-to-date: /home/jacobrod/worms_ws/install/ros_ign_interfaces/include/ros_ign_interfaces/ros_ign_interfaces/msg/detail/gui_camera__rosidl_typesupport_fastrtps_c.h
[3.455s] -- Up-to-date: /home/jacobrod/worms_ws/install/ros_ign_interfaces/include/ros_ign_interfaces/ros_ign_interfaces/msg/detail/entity__rosidl_typesupport_fastrtps_c.h
[3.455s] -- Up-to-date: /home/jacobrod/worms_ws/install/ros_ign_interfaces/include/ros_ign_interfaces/ros_ign_interfaces/msg/detail/contact__rosidl_typesupport_fastrtps_c.h
[3.455s] -- Up-to-date: /home/jacobrod/worms_ws/install/ros_ign_interfaces/include/ros_ign_interfaces/ros_ign_interfaces/msg/detail/string_vec__rosidl_typesupport_fastrtps_c.h
[3.455s] -- Up-to-date: /home/jacobrod/worms_ws/install/ros_ign_interfaces/include/ros_ign_interfaces/ros_ign_interfaces/msg/detail/entity_factory__rosidl_typesupport_fastrtps_c.h
[3.455s] -- Up-to-date: /home/jacobrod/worms_ws/install/ros_ign_interfaces/include/ros_ign_interfaces/ros_ign_interfaces/msg/detail/world_reset__rosidl_typesupport_fastrtps_c.h
[3.455s] -- Up-to-date: /home/jacobrod/worms_ws/install/ros_ign_interfaces/include/ros_ign_interfaces/ros_ign_interfaces/msg/detail/world_control__rosidl_typesupport_fastrtps_c.h
[3.456s] -- Up-to-date: /home/jacobrod/worms_ws/install/ros_ign_interfaces/include/ros_ign_interfaces/ros_ign_interfaces/msg/detail/light__rosidl_typesupport_fastrtps_c.h
[3.456s] -- Up-to-date: /home/jacobrod/worms_ws/install/ros_ign_interfaces/include/ros_ign_interfaces/ros_ign_interfaces/msg/detail/video_record__rosidl_typesupport_fastrtps_c.h
[3.456s] -- Up-to-date: /home/jacobrod/worms_ws/install/ros_ign_interfaces/include/ros_ign_interfaces/ros_ign_interfaces/msg/detail/track_visual__rosidl_typesupport_fastrtps_c.h
[3.456s] -- Up-to-date: /home/jacobrod/worms_ws/install/ros_ign_interfaces/include/ros_ign_interfaces/ros_ign_interfaces/msg/detail/joint_wrench__rosidl_typesupport_fastrtps_c.h
[3.456s] -- Up-to-date: /home/jacobrod/worms_ws/install/ros_ign_interfaces/include/ros_ign_interfaces/ros_ign_interfaces/msg/detail/contacts__rosidl_typesupport_fastrtps_c.h
[3.456s] -- Up-to-date: /home/jacobrod/worms_ws/install/ros_ign_interfaces/include/ros_ign_interfaces/ros_ign_interfaces/msg/rosidl_typesupport_fastrtps_c__visibility_control.h
[3.456s] -- Up-to-date: /home/jacobrod/worms_ws/install/ros_ign_interfaces/include/ros_ign_interfaces/ros_ign_interfaces/srv
[3.456s] -- Up-to-date: /home/jacobrod/worms_ws/install/ros_ign_interfaces/include/ros_ign_interfaces/ros_ign_interfaces/srv/detail
[3.456s] -- Up-to-date: /home/jacobrod/worms_ws/install/ros_ign_interfaces/include/ros_ign_interfaces/ros_ign_interfaces/srv/detail/delete_entity__rosidl_typesupport_fastrtps_c.h
[3.457s] -- Up-to-date: /home/jacobrod/worms_ws/install/ros_ign_interfaces/include/ros_ign_interfaces/ros_ign_interfaces/srv/detail/spawn_entity__rosidl_typesupport_fastrtps_c.h
[3.457s] -- Up-to-date: /home/jacobrod/worms_ws/install/ros_ign_interfaces/include/ros_ign_interfaces/ros_ign_interfaces/srv/detail/set_entity_pose__rosidl_typesupport_fastrtps_c.h
[3.457s] -- Up-to-date: /home/jacobrod/worms_ws/install/ros_ign_interfaces/include/ros_ign_interfaces/ros_ign_interfaces/srv/detail/control_world__rosidl_typesupport_fastrtps_c.h
[3.457s] -- Up-to-date: /home/jacobrod/worms_ws/install/ros_ign_interfaces/lib/libros_ign_interfaces__rosidl_typesupport_fastrtps_c.so
[3.457s] -- Up-to-date: /home/jacobrod/worms_ws/install/ros_ign_interfaces/include/ros_ign_interfaces/ros_ign_interfaces
[3.457s] -- Up-to-date: /home/jacobrod/worms_ws/install/ros_ign_interfaces/include/ros_ign_interfaces/ros_ign_interfaces/msg
[3.457s] -- Up-to-date: /home/jacobrod/worms_ws/install/ros_ign_interfaces/include/ros_ign_interfaces/ros_ign_interfaces/msg/joint_wrench.hpp
[3.457s] -- Up-to-date: /home/jacobrod/worms_ws/install/ros_ign_interfaces/include/ros_ign_interfaces/ros_ign_interfaces/msg/contact.hpp
[3.457s] -- Up-to-date: /home/jacobrod/worms_ws/install/ros_ign_interfaces/include/ros_ign_interfaces/ros_ign_interfaces/msg/track_visual.hpp
[3.458s] -- Up-to-date: /home/jacobrod/worms_ws/install/ros_ign_interfaces/include/ros_ign_interfaces/ros_ign_interfaces/msg/entity_factory.hpp
[3.458s] -- Up-to-date: /home/jacobrod/worms_ws/install/ros_ign_interfaces/include/ros_ign_interfaces/ros_ign_interfaces/msg/world_reset.hpp
[3.458s] -- Up-to-date: /home/jacobrod/worms_ws/install/ros_ign_interfaces/include/ros_ign_interfaces/ros_ign_interfaces/msg/gui_camera.hpp
[3.458s] -- Up-to-date: /home/jacobrod/worms_ws/install/ros_ign_interfaces/include/ros_ign_interfaces/ros_ign_interfaces/msg/detail
[3.458s] -- Up-to-date: /home/jacobrod/worms_ws/install/ros_ign_interfaces/include/ros_ign_interfaces/ros_ign_interfaces/msg/detail/string_vec__builder.hpp
[3.458s] -- Up-to-date: /home/jacobrod/worms_ws/install/ros_ign_interfaces/include/ros_ign_interfaces/ros_ign_interfaces/msg/detail/video_record__traits.hpp
[3.458s] -- Up-to-date: /home/jacobrod/worms_ws/install/ros_ign_interfaces/include/ros_ign_interfaces/ros_ign_interfaces/msg/detail/string_vec__traits.hpp
[3.458s] -- Up-to-date: /home/jacobrod/worms_ws/install/ros_ign_interfaces/include/ros_ign_interfaces/ros_ign_interfaces/msg/detail/joint_wrench__builder.hpp
[3.458s] -- Up-to-date: /home/jacobrod/worms_ws/install/ros_ign_interfaces/include/ros_ign_interfaces/ros_ign_interfaces/msg/detail/world_control__struct.hpp
[3.459s] -- Up-to-date: /home/jacobrod/worms_ws/install/ros_ign_interfaces/include/ros_ign_interfaces/ros_ign_interfaces/msg/detail/contacts__traits.hpp
[3.459s] -- Up-to-date: /home/jacobrod/worms_ws/install/ros_ign_interfaces/include/ros_ign_interfaces/ros_ign_interfaces/msg/detail/track_visual__traits.hpp
[3.459s] -- Up-to-date: /home/jacobrod/worms_ws/install/ros_ign_interfaces/include/ros_ign_interfaces/ros_ign_interfaces/msg/detail/contacts__struct.hpp
[3.459s] -- Up-to-date: /home/jacobrod/worms_ws/install/ros_ign_interfaces/include/ros_ign_interfaces/ros_ign_interfaces/msg/detail/gui_camera__struct.hpp
[3.459s] -- Up-to-date: /home/jacobrod/worms_ws/install/ros_ign_interfaces/include/ros_ign_interfaces/ros_ign_interfaces/msg/detail/light__traits.hpp
[3.459s] -- Up-to-date: /home/jacobrod/worms_ws/install/ros_ign_interfaces/include/ros_ign_interfaces/ros_ign_interfaces/msg/detail/track_visual__builder.hpp
[3.459s] -- Up-to-date: /home/jacobrod/worms_ws/install/ros_ign_interfaces/include/ros_ign_interfaces/ros_ign_interfaces/msg/detail/entity__struct.hpp
[3.459s] -- Up-to-date: /home/jacobrod/worms_ws/install/ros_ign_interfaces/include/ros_ign_interfaces/ros_ign_interfaces/msg/detail/gui_camera__traits.hpp
[3.459s] -- Up-to-date: /home/jacobrod/worms_ws/install/ros_ign_interfaces/include/ros_ign_interfaces/ros_ign_interfaces/msg/detail/track_visual__struct.hpp
[3.460s] -- Up-to-date: /home/jacobrod/worms_ws/install/ros_ign_interfaces/include/ros_ign_interfaces/ros_ign_interfaces/msg/detail/video_record__builder.hpp
[3.460s] -- Up-to-date: /home/jacobrod/worms_ws/install/ros_ign_interfaces/include/ros_ign_interfaces/ros_ign_interfaces/msg/detail/joint_wrench__traits.hpp
[3.460s] -- Up-to-date: /home/jacobrod/worms_ws/install/ros_ign_interfaces/include/ros_ign_interfaces/ros_ign_interfaces/msg/detail/light__builder.hpp
[3.460s] -- Up-to-date: /home/jacobrod/worms_ws/install/ros_ign_interfaces/include/ros_ign_interfaces/ros_ign_interfaces/msg/detail/entity_factory__struct.hpp
[3.460s] -- Up-to-date: /home/jacobrod/worms_ws/install/ros_ign_interfaces/include/ros_ign_interfaces/ros_ign_interfaces/msg/detail/world_reset__builder.hpp
[3.460s] -- Up-to-date: /home/jacobrod/worms_ws/install/ros_ign_interfaces/include/ros_ign_interfaces/ros_ign_interfaces/msg/detail/contact__builder.hpp
[3.460s] -- Up-to-date: /home/jacobrod/worms_ws/install/ros_ign_interfaces/include/ros_ign_interfaces/ros_ign_interfaces/msg/detail/world_control__builder.hpp
[3.460s] -- Up-to-date: /home/jacobrod/worms_ws/install/ros_ign_interfaces/include/ros_ign_interfaces/ros_ign_interfaces/msg/detail/string_vec__struct.hpp
[3.461s] -- Up-to-date: /home/jacobrod/worms_ws/install/ros_ign_interfaces/include/ros_ign_interfaces/ros_ign_interfaces/msg/detail/entity__traits.hpp
[3.461s] -- Up-to-date: /home/jacobrod/worms_ws/install/ros_ign_interfaces/include/ros_ign_interfaces/ros_ign_interfaces/msg/detail/entity_factory__traits.hpp
[3.461s] -- Up-to-date: /home/jacobrod/worms_ws/install/ros_ign_interfaces/include/ros_ign_interfaces/ros_ign_interfaces/msg/detail/world_reset__struct.hpp
[3.461s] -- Up-to-date: /home/jacobrod/worms_ws/install/ros_ign_interfaces/include/ros_ign_interfaces/ros_ign_interfaces/msg/detail/world_control__traits.hpp
[3.461s] -- Up-to-date: /home/jacobrod/worms_ws/install/ros_ign_interfaces/include/ros_ign_interfaces/ros_ign_interfaces/msg/detail/contacts__builder.hpp
[3.461s] -- Up-to-date: /home/jacobrod/worms_ws/install/ros_ign_interfaces/include/ros_ign_interfaces/ros_ign_interfaces/msg/detail/world_reset__traits.hpp
[3.461s] -- Up-to-date: /home/jacobrod/worms_ws/install/ros_ign_interfaces/include/ros_ign_interfaces/ros_ign_interfaces/msg/detail/entity_factory__builder.hpp
[3.461s] -- Up-to-date: /home/jacobrod/worms_ws/install/ros_ign_interfaces/include/ros_ign_interfaces/ros_ign_interfaces/msg/detail/joint_wrench__struct.hpp
[3.461s] -- Up-to-date: /home/jacobrod/worms_ws/install/ros_ign_interfaces/include/ros_ign_interfaces/ros_ign_interfaces/msg/detail/contact__struct.hpp
[3.462s] -- Up-to-date: /home/jacobrod/worms_ws/install/ros_ign_interfaces/include/ros_ign_interfaces/ros_ign_interfaces/msg/detail/entity__builder.hpp
[3.462s] -- Up-to-date: /home/jacobrod/worms_ws/install/ros_ign_interfaces/include/ros_ign_interfaces/ros_ign_interfaces/msg/detail/contact__traits.hpp
[3.462s] -- Up-to-date: /home/jacobrod/worms_ws/install/ros_ign_interfaces/include/ros_ign_interfaces/ros_ign_interfaces/msg/detail/light__struct.hpp
[3.462s] -- Up-to-date: /home/jacobrod/worms_ws/install/ros_ign_interfaces/include/ros_ign_interfaces/ros_ign_interfaces/msg/detail/video_record__struct.hpp
[3.462s] -- Up-to-date: /home/jacobrod/worms_ws/install/ros_ign_interfaces/include/ros_ign_interfaces/ros_ign_interfaces/msg/detail/gui_camera__builder.hpp
[3.462s] -- Up-to-date: /home/jacobrod/worms_ws/install/ros_ign_interfaces/include/ros_ign_interfaces/ros_ign_interfaces/msg/world_control.hpp
[3.462s] -- Up-to-date: /home/jacobrod/worms_ws/install/ros_ign_interfaces/include/ros_ign_interfaces/ros_ign_interfaces/msg/string_vec.hpp
[3.462s] -- Up-to-date: /home/jacobrod/worms_ws/install/ros_ign_interfaces/include/ros_ign_interfaces/ros_ign_interfaces/msg/light.hpp
[3.462s] -- Up-to-date: /home/jacobrod/worms_ws/install/ros_ign_interfaces/include/ros_ign_interfaces/ros_ign_interfaces/msg/video_record.hpp
[3.463s] -- Up-to-date: /home/jacobrod/worms_ws/install/ros_ign_interfaces/include/ros_ign_interfaces/ros_ign_interfaces/msg/entity.hpp
[3.463s] -- Up-to-date: /home/jacobrod/worms_ws/install/ros_ign_interfaces/include/ros_ign_interfaces/ros_ign_interfaces/msg/contacts.hpp
[3.463s] -- Up-to-date: /home/jacobrod/worms_ws/install/ros_ign_interfaces/include/ros_ign_interfaces/ros_ign_interfaces/srv
[3.463s] -- Up-to-date: /home/jacobrod/worms_ws/install/ros_ign_interfaces/include/ros_ign_interfaces/ros_ign_interfaces/srv/delete_entity.hpp
[3.463s] -- Up-to-date: /home/jacobrod/worms_ws/install/ros_ign_interfaces/include/ros_ign_interfaces/ros_ign_interfaces/srv/control_world.hpp
[3.463s] -- Up-to-date: /home/jacobrod/worms_ws/install/ros_ign_interfaces/include/ros_ign_interfaces/ros_ign_interfaces/srv/spawn_entity.hpp
[3.463s] -- Up-to-date: /home/jacobrod/worms_ws/install/ros_ign_interfaces/include/ros_ign_interfaces/ros_ign_interfaces/srv/detail
[3.463s] -- Up-to-date: /home/jacobrod/worms_ws/install/ros_ign_interfaces/include/ros_ign_interfaces/ros_ign_interfaces/srv/detail/spawn_entity__struct.hpp
[3.463s] -- Up-to-date: /home/jacobrod/worms_ws/install/ros_ign_interfaces/include/ros_ign_interfaces/ros_ign_interfaces/srv/detail/set_entity_pose__traits.hpp
[3.464s] -- Up-to-date: /home/jacobrod/worms_ws/install/ros_ign_interfaces/include/ros_ign_interfaces/ros_ign_interfaces/srv/detail/delete_entity__builder.hpp
[3.464s] -- Up-to-date: /home/jacobrod/worms_ws/install/ros_ign_interfaces/include/ros_ign_interfaces/ros_ign_interfaces/srv/detail/set_entity_pose__struct.hpp
[3.464s] -- Up-to-date: /home/jacobrod/worms_ws/install/ros_ign_interfaces/include/ros_ign_interfaces/ros_ign_interfaces/srv/detail/control_world__struct.hpp
[3.464s] -- Up-to-date: /home/jacobrod/worms_ws/install/ros_ign_interfaces/include/ros_ign_interfaces/ros_ign_interfaces/srv/detail/control_world__builder.hpp
[3.464s] -- Up-to-date: /home/jacobrod/worms_ws/install/ros_ign_interfaces/include/ros_ign_interfaces/ros_ign_interfaces/srv/detail/control_world__traits.hpp
[3.464s] -- Up-to-date: /home/jacobrod/worms_ws/install/ros_ign_interfaces/include/ros_ign_interfaces/ros_ign_interfaces/srv/detail/delete_entity__struct.hpp
[3.464s] -- Up-to-date: /home/jacobrod/worms_ws/install/ros_ign_interfaces/include/ros_ign_interfaces/ros_ign_interfaces/srv/detail/set_entity_pose__builder.hpp
[3.464s] -- Up-to-date: /home/jacobrod/worms_ws/install/ros_ign_interfaces/include/ros_ign_interfaces/ros_ign_interfaces/srv/detail/spawn_entity__builder.hpp
[3.464s] -- Up-to-date: /home/jacobrod/worms_ws/install/ros_ign_interfaces/include/ros_ign_interfaces/ros_ign_interfaces/srv/detail/spawn_entity__traits.hpp
[3.465s] -- Up-to-date: /home/jacobrod/worms_ws/install/ros_ign_interfaces/include/ros_ign_interfaces/ros_ign_interfaces/srv/detail/delete_entity__traits.hpp
[3.465s] -- Up-to-date: /home/jacobrod/worms_ws/install/ros_ign_interfaces/include/ros_ign_interfaces/ros_ign_interfaces/srv/set_entity_pose.hpp
[3.465s] -- Up-to-date: /home/jacobrod/worms_ws/install/ros_ign_interfaces/include/ros_ign_interfaces/ros_ign_interfaces
[3.465s] -- Up-to-date: /home/jacobrod/worms_ws/install/ros_ign_interfaces/include/ros_ign_interfaces/ros_ign_interfaces/msg
[3.465s] -- Up-to-date: /home/jacobrod/worms_ws/install/ros_ign_interfaces/include/ros_ign_interfaces/ros_ign_interfaces/msg/detail
[3.465s] -- Up-to-date: /home/jacobrod/worms_ws/install/ros_ign_interfaces/include/ros_ign_interfaces/ros_ign_interfaces/msg/detail/contact__rosidl_typesupport_fastrtps_cpp.hpp
[3.465s] -- Up-to-date: /home/jacobrod/worms_ws/install/ros_ign_interfaces/include/ros_ign_interfaces/ros_ign_interfaces/msg/detail/video_record__rosidl_typesupport_fastrtps_cpp.hpp
[3.465s] -- Up-to-date: /home/jacobrod/worms_ws/install/ros_ign_interfaces/include/ros_ign_interfaces/ros_ign_interfaces/msg/detail/entity__rosidl_typesupport_fastrtps_cpp.hpp
[3.465s] -- Up-to-date: /home/jacobrod/worms_ws/install/ros_ign_interfaces/include/ros_ign_interfaces/ros_ign_interfaces/msg/detail/joint_wrench__rosidl_typesupport_fastrtps_cpp.hpp
[3.466s] -- Up-to-date: /home/jacobrod/worms_ws/install/ros_ign_interfaces/include/ros_ign_interfaces/ros_ign_interfaces/msg/detail/world_control__rosidl_typesupport_fastrtps_cpp.hpp
[3.466s] -- Up-to-date: /home/jacobrod/worms_ws/install/ros_ign_interfaces/include/ros_ign_interfaces/ros_ign_interfaces/msg/detail/entity_factory__rosidl_typesupport_fastrtps_cpp.hpp
[3.466s] -- Up-to-date: /home/jacobrod/worms_ws/install/ros_ign_interfaces/include/ros_ign_interfaces/ros_ign_interfaces/msg/detail/gui_camera__rosidl_typesupport_fastrtps_cpp.hpp
[3.466s] -- Up-to-date: /home/jacobrod/worms_ws/install/ros_ign_interfaces/include/ros_ign_interfaces/ros_ign_interfaces/msg/detail/light__rosidl_typesupport_fastrtps_cpp.hpp
[3.466s] -- Up-to-date: /home/jacobrod/worms_ws/install/ros_ign_interfaces/include/ros_ign_interfaces/ros_ign_interfaces/msg/detail/contacts__rosidl_typesupport_fastrtps_cpp.hpp
[3.466s] -- Up-to-date: /home/jacobrod/worms_ws/install/ros_ign_interfaces/include/ros_ign_interfaces/ros_ign_interfaces/msg/detail/track_visual__rosidl_typesupport_fastrtps_cpp.hpp
[3.466s] -- Up-to-date: /home/jacobrod/worms_ws/install/ros_ign_interfaces/include/ros_ign_interfaces/ros_ign_interfaces/msg/detail/dds_fastrtps
[3.466s] -- Up-to-date: /home/jacobrod/worms_ws/install/ros_ign_interfaces/include/ros_ign_interfaces/ros_ign_interfaces/msg/detail/world_reset__rosidl_typesupport_fastrtps_cpp.hpp
[3.466s] -- Up-to-date: /home/jacobrod/worms_ws/install/ros_ign_interfaces/include/ros_ign_interfaces/ros_ign_interfaces/msg/detail/string_vec__rosidl_typesupport_fastrtps_cpp.hpp
[3.467s] -- Up-to-date: /home/jacobrod/worms_ws/install/ros_ign_interfaces/include/ros_ign_interfaces/ros_ign_interfaces/msg/rosidl_typesupport_fastrtps_cpp__visibility_control.h
[3.467s] -- Up-to-date: /home/jacobrod/worms_ws/install/ros_ign_interfaces/include/ros_ign_interfaces/ros_ign_interfaces/srv
[3.467s] -- Up-to-date: /home/jacobrod/worms_ws/install/ros_ign_interfaces/include/ros_ign_interfaces/ros_ign_interfaces/srv/detail
[3.467s] -- Up-to-date: /home/jacobrod/worms_ws/install/ros_ign_interfaces/include/ros_ign_interfaces/ros_ign_interfaces/srv/detail/control_world__rosidl_typesupport_fastrtps_cpp.hpp
[3.467s] -- Up-to-date: /home/jacobrod/worms_ws/install/ros_ign_interfaces/include/ros_ign_interfaces/ros_ign_interfaces/srv/detail/delete_entity__rosidl_typesupport_fastrtps_cpp.hpp
[3.467s] -- Up-to-date: /home/jacobrod/worms_ws/install/ros_ign_interfaces/include/ros_ign_interfaces/ros_ign_interfaces/srv/detail/dds_fastrtps
[3.467s] -- Up-to-date: /home/jacobrod/worms_ws/install/ros_ign_interfaces/include/ros_ign_interfaces/ros_ign_interfaces/srv/detail/spawn_entity__rosidl_typesupport_fastrtps_cpp.hpp
[3.467s] -- Up-to-date: /home/jacobrod/worms_ws/install/ros_ign_interfaces/include/ros_ign_interfaces/ros_ign_interfaces/srv/detail/set_entity_pose__rosidl_typesupport_fastrtps_cpp.hpp
[3.467s] -- Up-to-date: /home/jacobrod/worms_ws/install/ros_ign_interfaces/lib/libros_ign_interfaces__rosidl_typesupport_fastrtps_cpp.so
[3.468s] -- Up-to-date: /home/jacobrod/worms_ws/install/ros_ign_interfaces/include/ros_ign_interfaces/ros_ign_interfaces
[3.468s] -- Up-to-date: /home/jacobrod/worms_ws/install/ros_ign_interfaces/include/ros_ign_interfaces/ros_ign_interfaces/msg
[3.468s] -- Up-to-date: /home/jacobrod/worms_ws/install/ros_ign_interfaces/include/ros_ign_interfaces/ros_ign_interfaces/msg/rosidl_typesupport_introspection_c__visibility_control.h
[3.468s] -- Up-to-date: /home/jacobrod/worms_ws/install/ros_ign_interfaces/include/ros_ign_interfaces/ros_ign_interfaces/msg/detail
[3.468s] -- Up-to-date: /home/jacobrod/worms_ws/install/ros_ign_interfaces/include/ros_ign_interfaces/ros_ign_interfaces/msg/detail/entity_factory__type_support.c
[3.468s] -- Up-to-date: /home/jacobrod/worms_ws/install/ros_ign_interfaces/include/ros_ign_interfaces/ros_ign_interfaces/msg/detail/entity__type_support.c
[3.468s] -- Up-to-date: /home/jacobrod/worms_ws/install/ros_ign_interfaces/include/ros_ign_interfaces/ros_ign_interfaces/msg/detail/light__type_support.c
[3.468s] -- Up-to-date: /home/jacobrod/worms_ws/install/ros_ign_interfaces/include/ros_ign_interfaces/ros_ign_interfaces/msg/detail/contacts__rosidl_typesupport_introspection_c.h
[3.468s] -- Up-to-date: /home/jacobrod/worms_ws/install/ros_ign_interfaces/include/ros_ign_interfaces/ros_ign_interfaces/msg/detail/string_vec__rosidl_typesupport_introspection_c.h
[3.469s] -- Up-to-date: /home/jacobrod/worms_ws/install/ros_ign_interfaces/include/ros_ign_interfaces/ros_ign_interfaces/msg/detail/track_visual__rosidl_typesupport_introspection_c.h
[3.469s] -- Up-to-date: /home/jacobrod/worms_ws/install/ros_ign_interfaces/include/ros_ign_interfaces/ros_ign_interfaces/msg/detail/contacts__type_support.c
[3.469s] -- Up-to-date: /home/jacobrod/worms_ws/install/ros_ign_interfaces/include/ros_ign_interfaces/ros_ign_interfaces/msg/detail/track_visual__type_support.c
[3.469s] -- Up-to-date: /home/jacobrod/worms_ws/install/ros_ign_interfaces/include/ros_ign_interfaces/ros_ign_interfaces/msg/detail/contact__rosidl_typesupport_introspection_c.h
[3.469s] -- Up-to-date: /home/jacobrod/worms_ws/install/ros_ign_interfaces/include/ros_ign_interfaces/ros_ign_interfaces/msg/detail/world_control__rosidl_typesupport_introspection_c.h
[3.469s] -- Up-to-date: /home/jacobrod/worms_ws/install/ros_ign_interfaces/include/ros_ign_interfaces/ros_ign_interfaces/msg/detail/world_reset__rosidl_typesupport_introspection_c.h
[3.469s] -- Up-to-date: /home/jacobrod/worms_ws/install/ros_ign_interfaces/include/ros_ign_interfaces/ros_ign_interfaces/msg/detail/entity__rosidl_typesupport_introspection_c.h
[3.469s] -- Up-to-date: /home/jacobrod/worms_ws/install/ros_ign_interfaces/include/ros_ign_interfaces/ros_ign_interfaces/msg/detail/video_record__rosidl_typesupport_introspection_c.h
[3.469s] -- Up-to-date: /home/jacobrod/worms_ws/install/ros_ign_interfaces/include/ros_ign_interfaces/ros_ign_interfaces/msg/detail/video_record__type_support.c
[3.470s] -- Up-to-date: /home/jacobrod/worms_ws/install/ros_ign_interfaces/include/ros_ign_interfaces/ros_ign_interfaces/msg/detail/entity_factory__rosidl_typesupport_introspection_c.h
[3.470s] -- Up-to-date: /home/jacobrod/worms_ws/install/ros_ign_interfaces/include/ros_ign_interfaces/ros_ign_interfaces/msg/detail/gui_camera__rosidl_typesupport_introspection_c.h
[3.470s] -- Up-to-date: /home/jacobrod/worms_ws/install/ros_ign_interfaces/include/ros_ign_interfaces/ros_ign_interfaces/msg/detail/world_reset__type_support.c
[3.470s] -- Up-to-date: /home/jacobrod/worms_ws/install/ros_ign_interfaces/include/ros_ign_interfaces/ros_ign_interfaces/msg/detail/joint_wrench__type_support.c
[3.470s] -- Up-to-date: /home/jacobrod/worms_ws/install/ros_ign_interfaces/include/ros_ign_interfaces/ros_ign_interfaces/msg/detail/string_vec__type_support.c
[3.470s] -- Up-to-date: /home/jacobrod/worms_ws/install/ros_ign_interfaces/include/ros_ign_interfaces/ros_ign_interfaces/msg/detail/joint_wrench__rosidl_typesupport_introspection_c.h
[3.470s] -- Up-to-date: /home/jacobrod/worms_ws/install/ros_ign_interfaces/include/ros_ign_interfaces/ros_ign_interfaces/msg/detail/world_control__type_support.c
[3.470s] -- Up-to-date: /home/jacobrod/worms_ws/install/ros_ign_interfaces/include/ros_ign_interfaces/ros_ign_interfaces/msg/detail/gui_camera__type_support.c
[3.470s] -- Up-to-date: /home/jacobrod/worms_ws/install/ros_ign_interfaces/include/ros_ign_interfaces/ros_ign_interfaces/msg/detail/light__rosidl_typesupport_introspection_c.h
[3.471s] -- Up-to-date: /home/jacobrod/worms_ws/install/ros_ign_interfaces/include/ros_ign_interfaces/ros_ign_interfaces/msg/detail/contact__type_support.c
[3.471s] -- Up-to-date: /home/jacobrod/worms_ws/install/ros_ign_interfaces/include/ros_ign_interfaces/ros_ign_interfaces/srv
[3.471s] -- Up-to-date: /home/jacobrod/worms_ws/install/ros_ign_interfaces/include/ros_ign_interfaces/ros_ign_interfaces/srv/detail
[3.471s] -- Up-to-date: /home/jacobrod/worms_ws/install/ros_ign_interfaces/include/ros_ign_interfaces/ros_ign_interfaces/srv/detail/delete_entity__type_support.c
[3.471s] -- Up-to-date: /home/jacobrod/worms_ws/install/ros_ign_interfaces/include/ros_ign_interfaces/ros_ign_interfaces/srv/detail/set_entity_pose__type_support.c
[3.471s] -- Up-to-date: /home/jacobrod/worms_ws/install/ros_ign_interfaces/include/ros_ign_interfaces/ros_ign_interfaces/srv/detail/spawn_entity__rosidl_typesupport_introspection_c.h
[3.471s] -- Up-to-date: /home/jacobrod/worms_ws/install/ros_ign_interfaces/include/ros_ign_interfaces/ros_ign_interfaces/srv/detail/set_entity_pose__rosidl_typesupport_introspection_c.h
[3.471s] -- Up-to-date: /home/jacobrod/worms_ws/install/ros_ign_interfaces/include/ros_ign_interfaces/ros_ign_interfaces/srv/detail/control_world__rosidl_typesupport_introspection_c.h
[3.471s] -- Up-to-date: /home/jacobrod/worms_ws/install/ros_ign_interfaces/include/ros_ign_interfaces/ros_ign_interfaces/srv/detail/spawn_entity__type_support.c
[3.472s] -- Up-to-date: /home/jacobrod/worms_ws/install/ros_ign_interfaces/include/ros_ign_interfaces/ros_ign_interfaces/srv/detail/delete_entity__rosidl_typesupport_introspection_c.h
[3.472s] -- Up-to-date: /home/jacobrod/worms_ws/install/ros_ign_interfaces/include/ros_ign_interfaces/ros_ign_interfaces/srv/detail/control_world__type_support.c
[3.472s] -- Up-to-date: /home/jacobrod/worms_ws/install/ros_ign_interfaces/lib/libros_ign_interfaces__rosidl_typesupport_introspection_c.so
[3.472s] -- Up-to-date: /home/jacobrod/worms_ws/install/ros_ign_interfaces/lib/libros_ign_interfaces__rosidl_typesupport_c.so
[3.472s] -- Up-to-date: /home/jacobrod/worms_ws/install/ros_ign_interfaces/include/ros_ign_interfaces/ros_ign_interfaces
[3.472s] -- Up-to-date: /home/jacobrod/worms_ws/install/ros_ign_interfaces/include/ros_ign_interfaces/ros_ign_interfaces/msg
[3.472s] -- Up-to-date: /home/jacobrod/worms_ws/install/ros_ign_interfaces/include/ros_ign_interfaces/ros_ign_interfaces/msg/detail
[3.472s] -- Up-to-date: /home/jacobrod/worms_ws/install/ros_ign_interfaces/include/ros_ign_interfaces/ros_ign_interfaces/msg/detail/world_reset__rosidl_typesupport_introspection_cpp.hpp
[3.473s] -- Up-to-date: /home/jacobrod/worms_ws/install/ros_ign_interfaces/include/ros_ign_interfaces/ros_ign_interfaces/msg/detail/entity_factory__type_support.cpp
[3.473s] -- Up-to-date: /home/jacobrod/worms_ws/install/ros_ign_interfaces/include/ros_ign_interfaces/ros_ign_interfaces/msg/detail/world_control__type_support.cpp
[3.473s] -- Up-to-date: /home/jacobrod/worms_ws/install/ros_ign_interfaces/include/ros_ign_interfaces/ros_ign_interfaces/msg/detail/contacts__rosidl_typesupport_introspection_cpp.hpp
[3.473s] -- Up-to-date: /home/jacobrod/worms_ws/install/ros_ign_interfaces/include/ros_ign_interfaces/ros_ign_interfaces/msg/detail/joint_wrench__rosidl_typesupport_introspection_cpp.hpp
[3.473s] -- Up-to-date: /home/jacobrod/worms_ws/install/ros_ign_interfaces/include/ros_ign_interfaces/ros_ign_interfaces/msg/detail/video_record__rosidl_typesupport_introspection_cpp.hpp
[3.473s] -- Up-to-date: /home/jacobrod/worms_ws/install/ros_ign_interfaces/include/ros_ign_interfaces/ros_ign_interfaces/msg/detail/track_visual__rosidl_typesupport_introspection_cpp.hpp
[3.473s] -- Up-to-date: /home/jacobrod/worms_ws/install/ros_ign_interfaces/include/ros_ign_interfaces/ros_ign_interfaces/msg/detail/string_vec__rosidl_typesupport_introspection_cpp.hpp
[3.473s] -- Up-to-date: /home/jacobrod/worms_ws/install/ros_ign_interfaces/include/ros_ign_interfaces/ros_ign_interfaces/msg/detail/light__rosidl_typesupport_introspection_cpp.hpp
[3.474s] -- Up-to-date: /home/jacobrod/worms_ws/install/ros_ign_interfaces/include/ros_ign_interfaces/ros_ign_interfaces/msg/detail/track_visual__type_support.cpp
[3.474s] -- Up-to-date: /home/jacobrod/worms_ws/install/ros_ign_interfaces/include/ros_ign_interfaces/ros_ign_interfaces/msg/detail/video_record__type_support.cpp
[3.474s] -- Up-to-date: /home/jacobrod/worms_ws/install/ros_ign_interfaces/include/ros_ign_interfaces/ros_ign_interfaces/msg/detail/entity_factory__rosidl_typesupport_introspection_cpp.hpp
[3.474s] -- Up-to-date: /home/jacobrod/worms_ws/install/ros_ign_interfaces/include/ros_ign_interfaces/ros_ign_interfaces/msg/detail/world_reset__type_support.cpp
[3.474s] -- Up-to-date: /home/jacobrod/worms_ws/install/ros_ign_interfaces/include/ros_ign_interfaces/ros_ign_interfaces/msg/detail/contact__type_support.cpp
[3.474s] -- Up-to-date: /home/jacobrod/worms_ws/install/ros_ign_interfaces/include/ros_ign_interfaces/ros_ign_interfaces/msg/detail/string_vec__type_support.cpp
[3.474s] -- Up-to-date: /home/jacobrod/worms_ws/install/ros_ign_interfaces/include/ros_ign_interfaces/ros_ign_interfaces/msg/detail/world_control__rosidl_typesupport_introspection_cpp.hpp
[3.474s] -- Up-to-date: /home/jacobrod/worms_ws/install/ros_ign_interfaces/include/ros_ign_interfaces/ros_ign_interfaces/msg/detail/light__type_support.cpp
[3.475s] -- Up-to-date: /home/jacobrod/worms_ws/install/ros_ign_interfaces/include/ros_ign_interfaces/ros_ign_interfaces/msg/detail/contacts__type_support.cpp
[3.475s] -- Up-to-date: /home/jacobrod/worms_ws/install/ros_ign_interfaces/include/ros_ign_interfaces/ros_ign_interfaces/msg/detail/gui_camera__type_support.cpp
[3.475s] -- Up-to-date: /home/jacobrod/worms_ws/install/ros_ign_interfaces/include/ros_ign_interfaces/ros_ign_interfaces/msg/detail/gui_camera__rosidl_typesupport_introspection_cpp.hpp
[3.475s] -- Up-to-date: /home/jacobrod/worms_ws/install/ros_ign_interfaces/include/ros_ign_interfaces/ros_ign_interfaces/msg/detail/contact__rosidl_typesupport_introspection_cpp.hpp
[3.475s] -- Up-to-date: /home/jacobrod/worms_ws/install/ros_ign_interfaces/include/ros_ign_interfaces/ros_ign_interfaces/msg/detail/entity__type_support.cpp
[3.475s] -- Up-to-date: /home/jacobrod/worms_ws/install/ros_ign_interfaces/include/ros_ign_interfaces/ros_ign_interfaces/msg/detail/entity__rosidl_typesupport_introspection_cpp.hpp
[3.475s] -- Up-to-date: /home/jacobrod/worms_ws/install/ros_ign_interfaces/include/ros_ign_interfaces/ros_ign_interfaces/msg/detail/joint_wrench__type_support.cpp
[3.475s] -- Up-to-date: /home/jacobrod/worms_ws/install/ros_ign_interfaces/include/ros_ign_interfaces/ros_ign_interfaces/srv
[3.475s] -- Up-to-date: /home/jacobrod/worms_ws/install/ros_ign_interfaces/include/ros_ign_interfaces/ros_ign_interfaces/srv/detail
[3.476s] -- Up-to-date: /home/jacobrod/worms_ws/install/ros_ign_interfaces/include/ros_ign_interfaces/ros_ign_interfaces/srv/detail/delete_entity__type_support.cpp
[3.476s] -- Up-to-date: /home/jacobrod/worms_ws/install/ros_ign_interfaces/include/ros_ign_interfaces/ros_ign_interfaces/srv/detail/set_entity_pose__type_support.cpp
[3.476s] -- Up-to-date: /home/jacobrod/worms_ws/install/ros_ign_interfaces/include/ros_ign_interfaces/ros_ign_interfaces/srv/detail/control_world__rosidl_typesupport_introspection_cpp.hpp
[3.476s] -- Up-to-date: /home/jacobrod/worms_ws/install/ros_ign_interfaces/include/ros_ign_interfaces/ros_ign_interfaces/srv/detail/delete_entity__rosidl_typesupport_introspection_cpp.hpp
[3.476s] -- Up-to-date: /home/jacobrod/worms_ws/install/ros_ign_interfaces/include/ros_ign_interfaces/ros_ign_interfaces/srv/detail/spawn_entity__rosidl_typesupport_introspection_cpp.hpp
[3.476s] -- Up-to-date: /home/jacobrod/worms_ws/install/ros_ign_interfaces/include/ros_ign_interfaces/ros_ign_interfaces/srv/detail/control_world__type_support.cpp
[3.476s] -- Up-to-date: /home/jacobrod/worms_ws/install/ros_ign_interfaces/include/ros_ign_interfaces/ros_ign_interfaces/srv/detail/spawn_entity__type_support.cpp
[3.476s] -- Up-to-date: /home/jacobrod/worms_ws/install/ros_ign_interfaces/include/ros_ign_interfaces/ros_ign_interfaces/srv/detail/set_entity_pose__rosidl_typesupport_introspection_cpp.hpp
[3.476s] -- Up-to-date: /home/jacobrod/worms_ws/install/ros_ign_interfaces/lib/libros_ign_interfaces__rosidl_typesupport_introspection_cpp.so
[3.477s] -- Up-to-date: /home/jacobrod/worms_ws/install/ros_ign_interfaces/lib/libros_ign_interfaces__rosidl_typesupport_cpp.so
[3.477s] -- Up-to-date: /home/jacobrod/worms_ws/install/ros_ign_interfaces/share/ros_ign_interfaces/environment/pythonpath.sh
[3.477s] -- Installing: /home/jacobrod/worms_ws/install/ros_ign_interfaces/share/ros_ign_interfaces/environment/pythonpath.dsv
[3.477s] -- Up-to-date: /home/jacobrod/worms_ws/install/ros_ign_interfaces/local/lib/python3.10/dist-packages/ros_ign_interfaces-0.244.11-py3.10.egg-info
[3.477s] -- Installing: /home/jacobrod/worms_ws/install/ros_ign_interfaces/local/lib/python3.10/dist-packages/ros_ign_interfaces-0.244.11-py3.10.egg-info/PKG-INFO
[3.477s] -- Installing: /home/jacobrod/worms_ws/install/ros_ign_interfaces/local/lib/python3.10/dist-packages/ros_ign_interfaces-0.244.11-py3.10.egg-info/dependency_links.txt
[3.477s] -- Installing: /home/jacobrod/worms_ws/install/ros_ign_interfaces/local/lib/python3.10/dist-packages/ros_ign_interfaces-0.244.11-py3.10.egg-info/top_level.txt
[3.478s] -- Installing: /home/jacobrod/worms_ws/install/ros_ign_interfaces/local/lib/python3.10/dist-packages/ros_ign_interfaces-0.244.11-py3.10.egg-info/SOURCES.txt
[3.478s] -- Up-to-date: /home/jacobrod/worms_ws/install/ros_ign_interfaces/local/lib/python3.10/dist-packages/ros_ign_interfaces
[3.478s] -- Up-to-date: /home/jacobrod/worms_ws/install/ros_ign_interfaces/local/lib/python3.10/dist-packages/ros_ign_interfaces/_ros_ign_interfaces_s.ep.rosidl_typesupport_fastrtps_c.c
[3.478s] -- Up-to-date: /home/jacobrod/worms_ws/install/ros_ign_interfaces/local/lib/python3.10/dist-packages/ros_ign_interfaces/ros_ign_interfaces_s__rosidl_typesupport_c.cpython-310-x86_64-linux-gnu.so
[3.478s] -- Up-to-date: /home/jacobrod/worms_ws/install/ros_ign_interfaces/local/lib/python3.10/dist-packages/ros_ign_interfaces/ros_ign_interfaces_s__rosidl_typesupport_fastrtps_c.cpython-310-x86_64-linux-gnu.so
[3.478s] -- Up-to-date: /home/jacobrod/worms_ws/install/ros_ign_interfaces/local/lib/python3.10/dist-packages/ros_ign_interfaces/msg
[3.478s] -- Up-to-date: /home/jacobrod/worms_ws/install/ros_ign_interfaces/local/lib/python3.10/dist-packages/ros_ign_interfaces/msg/_joint_wrench.py
[3.478s] -- Up-to-date: /home/jacobrod/worms_ws/install/ros_ign_interfaces/local/lib/python3.10/dist-packages/ros_ign_interfaces/msg/_joint_wrench_s.c
[3.478s] -- Up-to-date: /home/jacobrod/worms_ws/install/ros_ign_interfaces/local/lib/python3.10/dist-packages/ros_ign_interfaces/msg/_contact.py
[3.479s] -- Up-to-date: /home/jacobrod/worms_ws/install/ros_ign_interfaces/local/lib/python3.10/dist-packages/ros_ign_interfaces/msg/_entity_factory.py
[3.479s] -- Up-to-date: /home/jacobrod/worms_ws/install/ros_ign_interfaces/local/lib/python3.10/dist-packages/ros_ign_interfaces/msg/_entity_factory_s.c
[3.479s] -- Up-to-date: /home/jacobrod/worms_ws/install/ros_ign_interfaces/local/lib/python3.10/dist-packages/ros_ign_interfaces/msg/_light_s.c
[3.479s] -- Up-to-date: /home/jacobrod/worms_ws/install/ros_ign_interfaces/local/lib/python3.10/dist-packages/ros_ign_interfaces/msg/_world_reset.py
[3.479s] -- Up-to-date: /home/jacobrod/worms_ws/install/ros_ign_interfaces/local/lib/python3.10/dist-packages/ros_ign_interfaces/msg/_gui_camera_s.c
[3.479s] -- Up-to-date: /home/jacobrod/worms_ws/install/ros_ign_interfaces/local/lib/python3.10/dist-packages/ros_ign_interfaces/msg/_track_visual_s.c
[3.479s] -- Up-to-date: /home/jacobrod/worms_ws/install/ros_ign_interfaces/local/lib/python3.10/dist-packages/ros_ign_interfaces/msg/_video_record.py
[3.479s] -- Up-to-date: /home/jacobrod/worms_ws/install/ros_ign_interfaces/local/lib/python3.10/dist-packages/ros_ign_interfaces/msg/_contacts_s.c
[3.480s] -- Up-to-date: /home/jacobrod/worms_ws/install/ros_ign_interfaces/local/lib/python3.10/dist-packages/ros_ign_interfaces/msg/_contacts.py
[3.480s] -- Up-to-date: /home/jacobrod/worms_ws/install/ros_ign_interfaces/local/lib/python3.10/dist-packages/ros_ign_interfaces/msg/_light.py
[3.480s] -- Up-to-date: /home/jacobrod/worms_ws/install/ros_ign_interfaces/local/lib/python3.10/dist-packages/ros_ign_interfaces/msg/_track_visual.py
[3.480s] -- Up-to-date: /home/jacobrod/worms_ws/install/ros_ign_interfaces/local/lib/python3.10/dist-packages/ros_ign_interfaces/msg/_world_reset_s.c
[3.480s] -- Up-to-date: /home/jacobrod/worms_ws/install/ros_ign_interfaces/local/lib/python3.10/dist-packages/ros_ign_interfaces/msg/_string_vec_s.c
[3.480s] -- Up-to-date: /home/jacobrod/worms_ws/install/ros_ign_interfaces/local/lib/python3.10/dist-packages/ros_ign_interfaces/msg/_string_vec.py
[3.480s] -- Up-to-date: /home/jacobrod/worms_ws/install/ros_ign_interfaces/local/lib/python3.10/dist-packages/ros_ign_interfaces/msg/_entity.py
[3.480s] -- Up-to-date: /home/jacobrod/worms_ws/install/ros_ign_interfaces/local/lib/python3.10/dist-packages/ros_ign_interfaces/msg/_gui_camera.py
[3.480s] -- Up-to-date: /home/jacobrod/worms_ws/install/ros_ign_interfaces/local/lib/python3.10/dist-packages/ros_ign_interfaces/msg/_world_control_s.c
[3.481s] -- Up-to-date: /home/jacobrod/worms_ws/install/ros_ign_interfaces/local/lib/python3.10/dist-packages/ros_ign_interfaces/msg/_entity_s.c
[3.481s] -- Up-to-date: /home/jacobrod/worms_ws/install/ros_ign_interfaces/local/lib/python3.10/dist-packages/ros_ign_interfaces/msg/_contact_s.c
[3.481s] -- Up-to-date: /home/jacobrod/worms_ws/install/ros_ign_interfaces/local/lib/python3.10/dist-packages/ros_ign_interfaces/msg/_world_control.py
[3.481s] -- Up-to-date: /home/jacobrod/worms_ws/install/ros_ign_interfaces/local/lib/python3.10/dist-packages/ros_ign_interfaces/msg/_video_record_s.c
[3.481s] -- Up-to-date: /home/jacobrod/worms_ws/install/ros_ign_interfaces/local/lib/python3.10/dist-packages/ros_ign_interfaces/msg/__init__.py
[3.481s] -- Up-to-date: /home/jacobrod/worms_ws/install/ros_ign_interfaces/local/lib/python3.10/dist-packages/ros_ign_interfaces/_ros_ign_interfaces_s.ep.rosidl_typesupport_introspection_c.c
[3.481s] -- Up-to-date: /home/jacobrod/worms_ws/install/ros_ign_interfaces/local/lib/python3.10/dist-packages/ros_ign_interfaces/libros_ign_interfaces__rosidl_generator_py.so
[3.481s] -- Up-to-date: /home/jacobrod/worms_ws/install/ros_ign_interfaces/local/lib/python3.10/dist-packages/ros_ign_interfaces/srv
[3.482s] -- Up-to-date: /home/jacobrod/worms_ws/install/ros_ign_interfaces/local/lib/python3.10/dist-packages/ros_ign_interfaces/srv/_set_entity_pose_s.c
[3.482s] -- Up-to-date: /home/jacobrod/worms_ws/install/ros_ign_interfaces/local/lib/python3.10/dist-packages/ros_ign_interfaces/srv/_delete_entity.py
[3.482s] -- Up-to-date: /home/jacobrod/worms_ws/install/ros_ign_interfaces/local/lib/python3.10/dist-packages/ros_ign_interfaces/srv/_control_world_s.c
[3.482s] -- Up-to-date: /home/jacobrod/worms_ws/install/ros_ign_interfaces/local/lib/python3.10/dist-packages/ros_ign_interfaces/srv/_spawn_entity_s.c
[3.482s] -- Up-to-date: /home/jacobrod/worms_ws/install/ros_ign_interfaces/local/lib/python3.10/dist-packages/ros_ign_interfaces/srv/_spawn_entity.py
[3.482s] -- Up-to-date: /home/jacobrod/worms_ws/install/ros_ign_interfaces/local/lib/python3.10/dist-packages/ros_ign_interfaces/srv/_set_entity_pose.py
[3.482s] -- Up-to-date: /home/jacobrod/worms_ws/install/ros_ign_interfaces/local/lib/python3.10/dist-packages/ros_ign_interfaces/srv/_control_world.py
[3.482s] -- Up-to-date: /home/jacobrod/worms_ws/install/ros_ign_interfaces/local/lib/python3.10/dist-packages/ros_ign_interfaces/srv/_delete_entity_s.c
[3.483s] -- Up-to-date: /home/jacobrod/worms_ws/install/ros_ign_interfaces/local/lib/python3.10/dist-packages/ros_ign_interfaces/srv/__init__.py
[3.483s] -- Up-to-date: /home/jacobrod/worms_ws/install/ros_ign_interfaces/local/lib/python3.10/dist-packages/ros_ign_interfaces/ros_ign_interfaces_s__rosidl_typesupport_introspection_c.cpython-310-x86_64-linux-gnu.so
[3.483s] -- Installing: /home/jacobrod/worms_ws/install/ros_ign_interfaces/local/lib/python3.10/dist-packages/ros_ign_interfaces/__init__.py
[3.483s] -- Up-to-date: /home/jacobrod/worms_ws/install/ros_ign_interfaces/local/lib/python3.10/dist-packages/ros_ign_interfaces/_ros_ign_interfaces_s.ep.rosidl_typesupport_c.c
[3.499s] Listing '/home/jacobrod/worms_ws/install/ros_ign_interfaces/local/lib/python3.10/dist-packages/ros_ign_interfaces'...
[3.500s] Compiling '/home/jacobrod/worms_ws/install/ros_ign_interfaces/local/lib/python3.10/dist-packages/ros_ign_interfaces/__init__.py'...
[3.500s] Listing '/home/jacobrod/worms_ws/install/ros_ign_interfaces/local/lib/python3.10/dist-packages/ros_ign_interfaces/msg'...
[3.500s] Listing '/home/jacobrod/worms_ws/install/ros_ign_interfaces/local/lib/python3.10/dist-packages/ros_ign_interfaces/srv'...
[3.508s] -- Up-to-date: /home/jacobrod/worms_ws/install/ros_ign_interfaces/local/lib/python3.10/dist-packages/ros_ign_interfaces/ros_ign_interfaces_s__rosidl_typesupport_fastrtps_c.cpython-310-x86_64-linux-gnu.so
[3.508s] -- Up-to-date: /home/jacobrod/worms_ws/install/ros_ign_interfaces/local/lib/python3.10/dist-packages/ros_ign_interfaces/ros_ign_interfaces_s__rosidl_typesupport_introspection_c.cpython-310-x86_64-linux-gnu.so
[3.509s] -- Up-to-date: /home/jacobrod/worms_ws/install/ros_ign_interfaces/local/lib/python3.10/dist-packages/ros_ign_interfaces/ros_ign_interfaces_s__rosidl_typesupport_c.cpython-310-x86_64-linux-gnu.so
[3.510s] -- Up-to-date: /home/jacobrod/worms_ws/install/ros_ign_interfaces/lib/libros_ign_interfaces__rosidl_generator_py.so
[3.510s] -- Up-to-date: /home/jacobrod/worms_ws/install/ros_ign_interfaces/share/ros_ign_interfaces/msg/Contact.idl
[3.511s] -- Up-to-date: /home/jacobrod/worms_ws/install/ros_ign_interfaces/share/ros_ign_interfaces/msg/Contacts.idl
[3.511s] -- Up-to-date: /home/jacobrod/worms_ws/install/ros_ign_interfaces/share/ros_ign_interfaces/msg/Entity.idl
[3.511s] -- Up-to-date: /home/jacobrod/worms_ws/install/ros_ign_interfaces/share/ros_ign_interfaces/msg/EntityFactory.idl
[3.511s] -- Up-to-date: /home/jacobrod/worms_ws/install/ros_ign_interfaces/share/ros_ign_interfaces/msg/GuiCamera.idl
[3.511s] -- Up-to-date: /home/jacobrod/worms_ws/install/ros_ign_interfaces/share/ros_ign_interfaces/msg/JointWrench.idl
[3.512s] -- Up-to-date: /home/jacobrod/worms_ws/install/ros_ign_interfaces/share/ros_ign_interfaces/msg/Light.idl
[3.512s] -- Up-to-date: /home/jacobrod/worms_ws/install/ros_ign_interfaces/share/ros_ign_interfaces/msg/StringVec.idl
[3.512s] -- Up-to-date: /home/jacobrod/worms_ws/install/ros_ign_interfaces/share/ros_ign_interfaces/msg/TrackVisual.idl
[3.512s] -- Up-to-date: /home/jacobrod/worms_ws/install/ros_ign_interfaces/share/ros_ign_interfaces/msg/VideoRecord.idl
[3.512s] -- Up-to-date: /home/jacobrod/worms_ws/install/ros_ign_interfaces/share/ros_ign_interfaces/msg/WorldControl.idl
[3.512s] -- Up-to-date: /home/jacobrod/worms_ws/install/ros_ign_interfaces/share/ros_ign_interfaces/msg/WorldReset.idl
[3.513s] -- Up-to-date: /home/jacobrod/worms_ws/install/ros_ign_interfaces/share/ros_ign_interfaces/srv/ControlWorld.idl
[3.513s] -- Up-to-date: /home/jacobrod/worms_ws/install/ros_ign_interfaces/share/ros_ign_interfaces/srv/DeleteEntity.idl
[3.513s] -- Up-to-date: /home/jacobrod/worms_ws/install/ros_ign_interfaces/share/ros_ign_interfaces/srv/SetEntityPose.idl
[3.513s] -- Up-to-date: /home/jacobrod/worms_ws/install/ros_ign_interfaces/share/ros_ign_interfaces/srv/SpawnEntity.idl
[3.513s] -- Up-to-date: /home/jacobrod/worms_ws/install/ros_ign_interfaces/share/ros_ign_interfaces/msg/Contact.msg
[3.513s] -- Up-to-date: /home/jacobrod/worms_ws/install/ros_ign_interfaces/share/ros_ign_interfaces/msg/Contacts.msg
[3.513s] -- Up-to-date: /home/jacobrod/worms_ws/install/ros_ign_interfaces/share/ros_ign_interfaces/msg/Entity.msg
[3.514s] -- Up-to-date: /home/jacobrod/worms_ws/install/ros_ign_interfaces/share/ros_ign_interfaces/msg/EntityFactory.msg
[3.514s] -- Up-to-date: /home/jacobrod/worms_ws/install/ros_ign_interfaces/share/ros_ign_interfaces/msg/GuiCamera.msg
[3.514s] -- Up-to-date: /home/jacobrod/worms_ws/install/ros_ign_interfaces/share/ros_ign_interfaces/msg/JointWrench.msg
[3.514s] -- Up-to-date: /home/jacobrod/worms_ws/install/ros_ign_interfaces/share/ros_ign_interfaces/msg/Light.msg
[3.514s] -- Up-to-date: /home/jacobrod/worms_ws/install/ros_ign_interfaces/share/ros_ign_interfaces/msg/StringVec.msg
[3.514s] -- Up-to-date: /home/jacobrod/worms_ws/install/ros_ign_interfaces/share/ros_ign_interfaces/msg/TrackVisual.msg
[3.514s] -- Up-to-date: /home/jacobrod/worms_ws/install/ros_ign_interfaces/share/ros_ign_interfaces/msg/VideoRecord.msg
[3.514s] -- Up-to-date: /home/jacobrod/worms_ws/install/ros_ign_interfaces/share/ros_ign_interfaces/msg/WorldControl.msg
[3.514s] -- Up-to-date: /home/jacobrod/worms_ws/install/ros_ign_interfaces/share/ros_ign_interfaces/msg/WorldReset.msg
[3.515s] -- Up-to-date: /home/jacobrod/worms_ws/install/ros_ign_interfaces/share/ros_ign_interfaces/srv/ControlWorld.srv
[3.515s] -- Up-to-date: /home/jacobrod/worms_ws/install/ros_ign_interfaces/share/ros_ign_interfaces/srv/ControlWorld_Request.msg
[3.515s] -- Up-to-date: /home/jacobrod/worms_ws/install/ros_ign_interfaces/share/ros_ign_interfaces/srv/ControlWorld_Response.msg
[3.515s] -- Up-to-date: /home/jacobrod/worms_ws/install/ros_ign_interfaces/share/ros_ign_interfaces/srv/DeleteEntity.srv
[3.515s] -- Up-to-date: /home/jacobrod/worms_ws/install/ros_ign_interfaces/share/ros_ign_interfaces/srv/DeleteEntity_Request.msg
[3.515s] -- Up-to-date: /home/jacobrod/worms_ws/install/ros_ign_interfaces/share/ros_ign_interfaces/srv/DeleteEntity_Response.msg
[3.515s] -- Up-to-date: /home/jacobrod/worms_ws/install/ros_ign_interfaces/share/ros_ign_interfaces/srv/SetEntityPose.srv
[3.515s] -- Up-to-date: /home/jacobrod/worms_ws/install/ros_ign_interfaces/share/ros_ign_interfaces/srv/SetEntityPose_Request.msg
[3.516s] -- Up-to-date: /home/jacobrod/worms_ws/install/ros_ign_interfaces/share/ros_ign_interfaces/srv/SetEntityPose_Response.msg
[3.516s] -- Up-to-date: /home/jacobrod/worms_ws/install/ros_ign_interfaces/share/ros_ign_interfaces/srv/SpawnEntity.srv
[3.516s] -- Up-to-date: /home/jacobrod/worms_ws/install/ros_ign_interfaces/share/ros_ign_interfaces/srv/SpawnEntity_Request.msg
[3.516s] -- Up-to-date: /home/jacobrod/worms_ws/install/ros_ign_interfaces/share/ros_ign_interfaces/srv/SpawnEntity_Response.msg
[3.516s] -- Up-to-date: /home/jacobrod/worms_ws/install/ros_ign_interfaces/share/ament_index/resource_index/package_run_dependencies/ros_ign_interfaces
[3.516s] -- Installing: /home/jacobrod/worms_ws/install/ros_ign_interfaces/share/ament_index/resource_index/parent_prefix_path/ros_ign_interfaces
[3.516s] -- Up-to-date: /home/jacobrod/worms_ws/install/ros_ign_interfaces/share/ros_ign_interfaces/environment/ament_prefix_path.sh
[3.517s] -- Installing: /home/jacobrod/worms_ws/install/ros_ign_interfaces/share/ros_ign_interfaces/environment/ament_prefix_path.dsv
[3.517s] -- Up-to-date: /home/jacobrod/worms_ws/install/ros_ign_interfaces/share/ros_ign_interfaces/environment/path.sh
[3.517s] -- Installing: /home/jacobrod/worms_ws/install/ros_ign_interfaces/share/ros_ign_interfaces/environment/path.dsv
[3.517s] -- Up-to-date: /home/jacobrod/worms_ws/install/ros_ign_interfaces/share/ros_ign_interfaces/local_setup.bash
[3.517s] -- Up-to-date: /home/jacobrod/worms_ws/install/ros_ign_interfaces/share/ros_ign_interfaces/local_setup.sh
[3.518s] -- Up-to-date: /home/jacobrod/worms_ws/install/ros_ign_interfaces/share/ros_ign_interfaces/local_setup.zsh
[3.518s] -- Installing: /home/jacobrod/worms_ws/install/ros_ign_interfaces/share/ros_ign_interfaces/local_setup.dsv
[3.518s] -- Installing: /home/jacobrod/worms_ws/install/ros_ign_interfaces/share/ros_ign_interfaces/package.dsv
[3.518s] -- Up-to-date: /home/jacobrod/worms_ws/install/ros_ign_interfaces/share/ament_index/resource_index/packages/ros_ign_interfaces
[3.518s] -- Up-to-date: /home/jacobrod/worms_ws/install/ros_ign_interfaces/share/ros_ign_interfaces/cmake/export_ros_ign_interfaces__rosidl_generator_cExport.cmake
[3.518s] -- Up-to-date: /home/jacobrod/worms_ws/install/ros_ign_interfaces/share/ros_ign_interfaces/cmake/export_ros_ign_interfaces__rosidl_generator_cExport-noconfig.cmake
[3.519s] -- Up-to-date: /home/jacobrod/worms_ws/install/ros_ign_interfaces/share/ros_ign_interfaces/cmake/export_ros_ign_interfaces__rosidl_typesupport_fastrtps_cExport.cmake
[3.519s] -- Up-to-date: /home/jacobrod/worms_ws/install/ros_ign_interfaces/share/ros_ign_interfaces/cmake/export_ros_ign_interfaces__rosidl_typesupport_fastrtps_cExport-noconfig.cmake
[3.519s] -- Up-to-date: /home/jacobrod/worms_ws/install/ros_ign_interfaces/share/ros_ign_interfaces/cmake/export_ros_ign_interfaces__rosidl_generator_cppExport.cmake
[3.519s] -- Up-to-date: /home/jacobrod/worms_ws/install/ros_ign_interfaces/share/ros_ign_interfaces/cmake/export_ros_ign_interfaces__rosidl_typesupport_fastrtps_cppExport.cmake
[3.519s] -- Up-to-date: /home/jacobrod/worms_ws/install/ros_ign_interfaces/share/ros_ign_interfaces/cmake/export_ros_ign_interfaces__rosidl_typesupport_fastrtps_cppExport-noconfig.cmake
[3.519s] -- Up-to-date: /home/jacobrod/worms_ws/install/ros_ign_interfaces/share/ros_ign_interfaces/cmake/ros_ign_interfaces__rosidl_typesupport_introspection_cExport.cmake
[3.520s] -- Up-to-date: /home/jacobrod/worms_ws/install/ros_ign_interfaces/share/ros_ign_interfaces/cmake/ros_ign_interfaces__rosidl_typesupport_introspection_cExport-noconfig.cmake
[3.520s] -- Up-to-date: /home/jacobrod/worms_ws/install/ros_ign_interfaces/share/ros_ign_interfaces/cmake/ros_ign_interfaces__rosidl_typesupport_cExport.cmake
[3.520s] -- Up-to-date: /home/jacobrod/worms_ws/install/ros_ign_interfaces/share/ros_ign_interfaces/cmake/ros_ign_interfaces__rosidl_typesupport_cExport-noconfig.cmake
[3.520s] -- Up-to-date: /home/jacobrod/worms_ws/install/ros_ign_interfaces/share/ros_ign_interfaces/cmake/ros_ign_interfaces__rosidl_typesupport_introspection_cppExport.cmake
[3.520s] -- Up-to-date: /home/jacobrod/worms_ws/install/ros_ign_interfaces/share/ros_ign_interfaces/cmake/ros_ign_interfaces__rosidl_typesupport_introspection_cppExport-noconfig.cmake
[3.520s] -- Up-to-date: /home/jacobrod/worms_ws/install/ros_ign_interfaces/share/ros_ign_interfaces/cmake/ros_ign_interfaces__rosidl_typesupport_cppExport.cmake
[3.520s] -- Up-to-date: /home/jacobrod/worms_ws/install/ros_ign_interfaces/share/ros_ign_interfaces/cmake/ros_ign_interfaces__rosidl_typesupport_cppExport-noconfig.cmake
[3.520s] -- Up-to-date: /home/jacobrod/worms_ws/install/ros_ign_interfaces/share/ros_ign_interfaces/cmake/export_ros_ign_interfaces__rosidl_generator_pyExport.cmake
[3.520s] -- Up-to-date: /home/jacobrod/worms_ws/install/ros_ign_interfaces/share/ros_ign_interfaces/cmake/export_ros_ign_interfaces__rosidl_generator_pyExport-noconfig.cmake
[3.520s] -- Up-to-date: /home/jacobrod/worms_ws/install/ros_ign_interfaces/share/ros_ign_interfaces/cmake/rosidl_cmake-extras.cmake
[3.521s] -- Up-to-date: /home/jacobrod/worms_ws/install/ros_ign_interfaces/share/ros_ign_interfaces/cmake/ament_cmake_export_dependencies-extras.cmake
[3.521s] -- Up-to-date: /home/jacobrod/worms_ws/install/ros_ign_interfaces/share/ros_ign_interfaces/cmake/ament_cmake_export_include_directories-extras.cmake
[3.521s] -- Up-to-date: /home/jacobrod/worms_ws/install/ros_ign_interfaces/share/ros_ign_interfaces/cmake/ament_cmake_export_libraries-extras.cmake
[3.521s] -- Up-to-date: /home/jacobrod/worms_ws/install/ros_ign_interfaces/share/ros_ign_interfaces/cmake/ament_cmake_export_targets-extras.cmake
[3.521s] -- Up-to-date: /home/jacobrod/worms_ws/install/ros_ign_interfaces/share/ros_ign_interfaces/cmake/rosidl_cmake_export_typesupport_targets-extras.cmake
[3.521s] -- Up-to-date: /home/jacobrod/worms_ws/install/ros_ign_interfaces/share/ros_ign_interfaces/cmake/rosidl_cmake_export_typesupport_libraries-extras.cmake
[3.521s] -- Up-to-date: /home/jacobrod/worms_ws/install/ros_ign_interfaces/share/ros_ign_interfaces/cmake/ros_ign_interfacesConfig.cmake
[3.522s] -- Up-to-date: /home/jacobrod/worms_ws/install/ros_ign_interfaces/share/ros_ign_interfaces/cmake/ros_ign_interfacesConfig-version.cmake
[3.522s] -- Up-to-date: /home/jacobrod/worms_ws/install/ros_ign_interfaces/share/ros_ign_interfaces/package.xml
[3.523s] Invoked command in '/home/jacobrod/worms_ws/build/ros_ign_interfaces' returned '0': CMAKE_PREFIX_PATH=/home/jacobrod/worms_ws/install/ros_gz_interfaces:/home/jacobrod/worms_ws/install/worms_gazebo:/home/jacobrod/worms_ws/install/worms_description:/home/jacobrod/worms_ws/install/ros_ign:/home/jacobrod/worms_ws/install/ros_ign_gazebo_demos:/home/jacobrod/worms_ws/install/ros_gz:/home/jacobrod/worms_ws/install/ros_gz_sim_demos:/home/jacobrod/worms_ws/install/sdformat_urdf:/home/jacobrod/worms_ws/install/sdformat_test_files:/home/jacobrod/worms_ws/install/ros_ign_interfaces:/home/jacobrod/worms_ws/install/ros_ign_image:/home/jacobrod/worms_ws/install/ros_ign_gazebo:/home/jacobrod/worms_ws/install/ros_ign_bridge:/home/jacobrod/worms_ws/install/ros_gz_sim:/home/jacobrod/worms_ws/install/ros_gz_image:/home/jacobrod/worms_ws/install/ros_gz_bridge:/home/jacobrod/worms_ws/install/ros_gz_example_bringup:/home/jacobrod/worms_ws/install/ros_gz_example_gazebo:/home/jacobrod/worms_ws/install/ros_gz_example_description:/home/jacobrod/worms_ws/install/ros_gz_example_application:/home/jacobrod/worms_ws/install/core_bringup:/home/jacobrod/worms_ws/install/worms_mech:/opt/ros/humble LD_LIBRARY_PATH=/home/jacobrod/worms_ws/install/ros_gz_interfaces/lib:/home/jacobrod/worms_ws/install/sdformat_urdf/lib:/home/jacobrod/worms_ws/install/ros_ign_interfaces/lib:/home/jacobrod/worms_ws/install/ros_gz_sim/lib:/home/jacobrod/worms_ws/install/ros_gz_bridge/lib:/opt/ros/humble/opt/rviz_ogre_vendor/lib:/opt/ros/humble/lib/x86_64-linux-gnu:/opt/ros/humble/lib /usr/bin/cmake --install /home/jacobrod/worms_ws/build/ros_ign_interfaces
