[2.838s] Invoking command in '/home/worm3/worms_mech_ws/src/worms_mech': PYTHONPATH=/home/worm3/worms_mech_ws/build/worms_mech/prefix_override:/home/worm3/worms_mech_ws/install/worms_mech/lib/python3.10/site-packages:${PYTHONPATH} /usr/bin/python3 setup.py egg_info --egg-base ../../build/worms_mech build --build-base /home/worm3/worms_mech_ws/build/worms_mech/build install --record /home/worm3/worms_mech_ws/build/worms_mech/install.log --single-version-externally-managed
[3.755s] running egg_info
[3.758s] writing ../../build/worms_mech/worms_mech.egg-info/PKG-INFO
[3.759s] writing dependency_links to ../../build/worms_mech/worms_mech.egg-info/dependency_links.txt
[3.761s] writing entry points to ../../build/worms_mech/worms_mech.egg-info/entry_points.txt
[3.762s] writing requirements to ../../build/worms_mech/worms_mech.egg-info/requires.txt
[3.763s] writing top-level names to ../../build/worms_mech/worms_mech.egg-info/top_level.txt
[3.771s] reading manifest file '../../build/worms_mech/worms_mech.egg-info/SOURCES.txt'
[3.775s] writing manifest file '../../build/worms_mech/worms_mech.egg-info/SOURCES.txt'
[3.776s] running build
[3.776s] running build_py
[3.777s] copying worms_mech/joint_command_publisher.py -> /home/worm3/worms_mech_ws/build/worms_mech/build/lib/worms_mech
[3.780s] copying worms_mech/group_joint_controller.py -> /home/worm3/worms_mech_ws/build/worms_mech/build/lib/worms_mech
[3.783s] running install
[3.784s] /usr/lib/python3/dist-packages/setuptools/command/install.py:34: SetuptoolsDeprecationWarning: setup.py install is deprecated. Use build and pip and other standards-based tools.
[3.785s]   warnings.warn(
[3.785s] running install_lib
[3.813s] copying /home/worm3/worms_mech_ws/build/worms_mech/build/lib/worms_mech/joint_command_publisher.py -> /home/worm3/worms_mech_ws/install/worms_mech/lib/python3.10/site-packages/worms_mech
[3.821s] copying /home/worm3/worms_mech_ws/build/worms_mech/build/lib/worms_mech/group_joint_controller.py -> /home/worm3/worms_mech_ws/install/worms_mech/lib/python3.10/site-packages/worms_mech
[3.826s] byte-compiling /home/worm3/worms_mech_ws/install/worms_mech/lib/python3.10/site-packages/worms_mech/joint_command_publisher.py to joint_command_publisher.cpython-310.pyc
[3.833s] byte-compiling /home/worm3/worms_mech_ws/install/worms_mech/lib/python3.10/site-packages/worms_mech/group_joint_controller.py to group_joint_controller.cpython-310.pyc
[3.837s] running install_data
[3.840s] running install_egg_info
[3.847s] removing '/home/worm3/worms_mech_ws/install/worms_mech/lib/python3.10/site-packages/worms_mech-0.0.0-py3.10.egg-info' (and everything under it)
[3.848s] Copying ../../build/worms_mech/worms_mech.egg-info to /home/worm3/worms_mech_ws/install/worms_mech/lib/python3.10/site-packages/worms_mech-0.0.0-py3.10.egg-info
[3.854s] running install_scripts
[3.939s] Installing camera_scanner script to /home/worm3/worms_mech_ws/install/worms_mech/lib/worms_mech
[3.940s] Installing controller_node script to /home/worm3/worms_mech_ws/install/worms_mech/lib/worms_mech
[3.941s] Installing gait_action_node script to /home/worm3/worms_mech_ws/install/worms_mech/lib/worms_mech
[3.942s] Installing gait_manager script to /home/worm3/worms_mech_ws/install/worms_mech/lib/worms_mech
[3.943s] Installing gait_parser script to /home/worm3/worms_mech_ws/install/worms_mech/lib/worms_mech
[3.944s] Installing group_joint_controller script to /home/worm3/worms_mech_ws/install/worms_mech/lib/worms_mech
[3.945s] Installing hardware_interface script to /home/worm3/worms_mech_ws/install/worms_mech/lib/worms_mech
[3.946s] Installing joint_command_publisher script to /home/worm3/worms_mech_ws/install/worms_mech/lib/worms_mech
[3.947s] Installing joystick_control script to /home/worm3/worms_mech_ws/install/worms_mech/lib/worms_mech
[3.948s] Installing simple_hardware_interface script to /home/worm3/worms_mech_ws/install/worms_mech/lib/worms_mech
[3.949s] Installing stand_node script to /home/worm3/worms_mech_ws/install/worms_mech/lib/worms_mech
[3.950s] Installing testbed_interface script to /home/worm3/worms_mech_ws/install/worms_mech/lib/worms_mech
[3.953s] writing list of installed files to '/home/worm3/worms_mech_ws/build/worms_mech/install.log'
[4.078s] Invoked command in '/home/worm3/worms_mech_ws/src/worms_mech' returned '0': PYTHONPATH=/home/worm3/worms_mech_ws/build/worms_mech/prefix_override:/home/worm3/worms_mech_ws/install/worms_mech/lib/python3.10/site-packages:${PYTHONPATH} /usr/bin/python3 setup.py egg_info --egg-base ../../build/worms_mech build --build-base /home/worm3/worms_mech_ws/build/worms_mech/build install --record /home/worm3/worms_mech_ws/build/worms_mech/install.log --single-version-externally-managed
