[0.090s] Invoking command in '/home/worm7/worms_mech_ws/build/image_tools': CMAKE_PREFIX_PATH=/home/worm7/worms_ws/install/worms_interfaces:/home/worm7/worms_ws/install/tracetools_image_pipeline:/home/worm7/worms_ws/install/opencv_cam:/home/worm7/worms_ws/install/ros2_shared:/home/worm7/worms_ws/install/motor_debug:/home/worm7/worms_ws/install/walking_gait_sync:/home/worm7/worms_ws/install/startup:/home/worm7/worms_ws/install/py_srvcli:/home/worm7/worms_ws/install/py_pubsub:/home/worm7/worms_ws/install/motor_readout:/home/worm7/worms_ws/install/heart_beat_pub:/home/worm7/worms_ws/install/camera_calibration:/opt/ros/humble:/home/worm7/worms_ws/install/image_transport:/home/worm7/worms_ws/install/camera_info_manager:/home/worm7/worms_ws/install/camera_calibration_parsers /usr/bin/cmake /home/worm7/worms_mech_ws/src/image_tools -DCMAKE_INSTALL_PREFIX=/home/worm7/worms_mech_ws/install/image_tools
[1.318s] -- The C compiler identification is GNU 11.4.0
[2.096s] -- The CXX compiler identification is GNU 11.4.0
[2.154s] -- Detecting C compiler ABI info
[2.549s] -- Detecting C compiler ABI info - done
[2.575s] -- Check for working C compiler: /usr/bin/cc - skipped
[2.577s] -- Detecting C compile features
[2.580s] -- Detecting C compile features - done
[2.596s] -- Detecting CXX compiler ABI info
[2.994s] -- Detecting CXX compiler ABI info - done
[3.021s] -- Check for working CXX compiler: /usr/bin/c++ - skipped
[3.022s] -- Detecting CXX compile features
[3.023s] -- Detecting CXX compile features - done
[3.070s] -- Found ament_cmake: 1.3.2 (/opt/ros/humble/share/ament_cmake/cmake)
[4.103s] -- Found Python3: /usr/bin/python3.10 (found version "3.10.12") found components: Interpreter 
[5.325s] -- Found rclcpp: 16.0.1 (/opt/ros/humble/share/rclcpp/cmake)
[6.002s] -- Found rosidl_generator_c: 3.1.3 (/opt/ros/humble/share/rosidl_generator_c/cmake)
[6.083s] -- Found rosidl_adapter: 3.1.3 (/opt/ros/humble/share/rosidl_adapter/cmake)
[6.184s] -- Found rosidl_generator_cpp: 3.1.3 (/opt/ros/humble/share/rosidl_generator_cpp/cmake)
[6.316s] -- Using all available rosidl_typesupport_c: rosidl_typesupport_fastrtps_c;rosidl_typesupport_introspection_c
[6.504s] -- Using all available rosidl_typesupport_cpp: rosidl_typesupport_fastrtps_cpp;rosidl_typesupport_introspection_cpp
[7.016s] -- Found rmw_implementation_cmake: 6.1.0 (/opt/ros/humble/share/rmw_implementation_cmake/cmake)
[7.059s] -- Found rmw_fastrtps_cpp: 6.2.1 (/opt/ros/humble/share/rmw_fastrtps_cpp/cmake)
[7.896s] -- Found OpenSSL: /usr/lib/aarch64-linux-gnu/libcrypto.so (found version "3.0.2")  
[8.184s] -- Found FastRTPS: /opt/ros/humble/include  
[8.661s] -- Using RMW implementation 'rmw_fastrtps_cpp' as default
[9.485s] -- Found rclcpp_components: 16.0.1 (/opt/ros/humble/share/rclcpp_components/cmake)
[9.939s] -- Found sensor_msgs: 4.2.2 (/opt/ros/humble/share/sensor_msgs/cmake)
[10.555s] -- Found OpenCV: /usr (found version "4.5.4") found components: core highgui imgcodecs imgproc videoio 
[10.613s] -- Found ament_lint_auto: 0.12.4 (/opt/ros/humble/share/ament_lint_auto/cmake)
[11.903s] -- Found python_cmake_module: 0.10.0 (/opt/ros/humble/share/python_cmake_module/cmake)
[12.025s] -- Found PythonInterp: /usr/bin/python3 (found suitable version "3.10.12", minimum required is "3.6") 
[12.061s] -- Found PythonLibs: /usr/lib/aarch64-linux-gnu/libpython3.10.so (found suitable version "3.10.12", minimum required is "3.5") 
[12.061s] -- Using PYTHON_EXECUTABLE: /usr/bin/python3
[12.062s] -- Using PYTHON_INCLUDE_DIRS: /usr/include/python3.10
[12.062s] -- Using PYTHON_LIBRARIES: /usr/lib/aarch64-linux-gnu/libpython3.10.so
[12.177s] -- Found PythonExtra: .so  
[12.413s] -- Added test 'copyright' to check source files copyright and LICENSE
[12.433s] -- Added test 'cppcheck' to perform static code analysis on C / C++ code
[12.434s] -- Configured cppcheck include dirs: $<BUILD_INTERFACE:/home/worm7/worms_mech_ws/src/image_tools/include>
[12.435s] -- Configured cppcheck exclude dirs and/or files: 
[12.451s] -- Added test 'cpplint' to check C / C++ code against the Google style
[12.451s] -- Configured cpplint exclude dirs and/or files: 
[12.462s] -- Added test 'lint_cmake' to check CMake code style
[12.482s] -- Added test 'uncrustify' to check C / C++ code style
[12.482s] -- Configured uncrustify additional arguments: 
[12.488s] -- Added test 'xmllint' to check XML markup files
[12.507s] -- Configuring done
[12.602s] -- Generating done
[12.610s] -- Build files have been written to: /home/worm7/worms_mech_ws/build/image_tools
[12.656s] Invoked command in '/home/worm7/worms_mech_ws/build/image_tools' returned '0': CMAKE_PREFIX_PATH=/home/worm7/worms_ws/install/worms_interfaces:/home/worm7/worms_ws/install/tracetools_image_pipeline:/home/worm7/worms_ws/install/opencv_cam:/home/worm7/worms_ws/install/ros2_shared:/home/worm7/worms_ws/install/motor_debug:/home/worm7/worms_ws/install/walking_gait_sync:/home/worm7/worms_ws/install/startup:/home/worm7/worms_ws/install/py_srvcli:/home/worm7/worms_ws/install/py_pubsub:/home/worm7/worms_ws/install/motor_readout:/home/worm7/worms_ws/install/heart_beat_pub:/home/worm7/worms_ws/install/camera_calibration:/opt/ros/humble:/home/worm7/worms_ws/install/image_transport:/home/worm7/worms_ws/install/camera_info_manager:/home/worm7/worms_ws/install/camera_calibration_parsers /usr/bin/cmake /home/worm7/worms_mech_ws/src/image_tools -DCMAKE_INSTALL_PREFIX=/home/worm7/worms_mech_ws/install/image_tools
[12.668s] Invoking command in '/home/worm7/worms_mech_ws/build/image_tools': CMAKE_PREFIX_PATH=/home/worm7/worms_ws/install/worms_interfaces:/home/worm7/worms_ws/install/tracetools_image_pipeline:/home/worm7/worms_ws/install/opencv_cam:/home/worm7/worms_ws/install/ros2_shared:/home/worm7/worms_ws/install/motor_debug:/home/worm7/worms_ws/install/walking_gait_sync:/home/worm7/worms_ws/install/startup:/home/worm7/worms_ws/install/py_srvcli:/home/worm7/worms_ws/install/py_pubsub:/home/worm7/worms_ws/install/motor_readout:/home/worm7/worms_ws/install/heart_beat_pub:/home/worm7/worms_ws/install/camera_calibration:/opt/ros/humble:/home/worm7/worms_ws/install/image_transport:/home/worm7/worms_ws/install/camera_info_manager:/home/worm7/worms_ws/install/camera_calibration_parsers /usr/bin/cmake --build /home/worm7/worms_mech_ws/build/image_tools -- -j4 -l4
[12.926s] [ 11%] [32mBuilding CXX object CMakeFiles/image_tools.dir/src/burger.cpp.o[0m
[12.928s] [ 22%] [32mBuilding CXX object CMakeFiles/cam2image.dir/rclcpp_components/node_main_cam2image.cpp.o[0m
[12.940s] [ 33%] [32mBuilding CXX object CMakeFiles/showimage.dir/rclcpp_components/node_main_showimage.cpp.o[0m
[12.941s] [ 44%] [32mBuilding CXX object CMakeFiles/image_tools.dir/src/cam2image.cpp.o[0m
[22.053s] [ 55%] [32mBuilding CXX object CMakeFiles/image_tools.dir/src/cv_mat_sensor_msgs_image_type_adapter.cpp.o[0m
[31.575s] [ 66%] [32mBuilding CXX object CMakeFiles/image_tools.dir/src/showimage.cpp.o[0m
[33.057s] [ 77%] [32m[1mLinking CXX executable cam2image[0m
[33.816s] [ 88%] [32m[1mLinking CXX executable showimage[0m
[34.342s] [ 88%] Built target cam2image
[34.862s] [ 88%] Built target showimage
[79.287s] [100%] [32m[1mLinking CXX shared library libimage_tools.so[0m
[82.941s] [100%] Built target image_tools
[82.995s] Invoked command in '/home/worm7/worms_mech_ws/build/image_tools' returned '0': CMAKE_PREFIX_PATH=/home/worm7/worms_ws/install/worms_interfaces:/home/worm7/worms_ws/install/tracetools_image_pipeline:/home/worm7/worms_ws/install/opencv_cam:/home/worm7/worms_ws/install/ros2_shared:/home/worm7/worms_ws/install/motor_debug:/home/worm7/worms_ws/install/walking_gait_sync:/home/worm7/worms_ws/install/startup:/home/worm7/worms_ws/install/py_srvcli:/home/worm7/worms_ws/install/py_pubsub:/home/worm7/worms_ws/install/motor_readout:/home/worm7/worms_ws/install/heart_beat_pub:/home/worm7/worms_ws/install/camera_calibration:/opt/ros/humble:/home/worm7/worms_ws/install/image_transport:/home/worm7/worms_ws/install/camera_info_manager:/home/worm7/worms_ws/install/camera_calibration_parsers /usr/bin/cmake --build /home/worm7/worms_mech_ws/build/image_tools -- -j4 -l4
[83.290s] Invoking command in '/home/worm7/worms_mech_ws/build/image_tools': CMAKE_PREFIX_PATH=/home/worm7/worms_ws/install/worms_interfaces:/home/worm7/worms_ws/install/tracetools_image_pipeline:/home/worm7/worms_ws/install/opencv_cam:/home/worm7/worms_ws/install/ros2_shared:/home/worm7/worms_ws/install/motor_debug:/home/worm7/worms_ws/install/walking_gait_sync:/home/worm7/worms_ws/install/startup:/home/worm7/worms_ws/install/py_srvcli:/home/worm7/worms_ws/install/py_pubsub:/home/worm7/worms_ws/install/motor_readout:/home/worm7/worms_ws/install/heart_beat_pub:/home/worm7/worms_ws/install/camera_calibration:/opt/ros/humble:/home/worm7/worms_ws/install/image_transport:/home/worm7/worms_ws/install/camera_info_manager:/home/worm7/worms_ws/install/camera_calibration_parsers /usr/bin/cmake --install /home/worm7/worms_mech_ws/build/image_tools
[83.328s] -- Install configuration: ""
[83.332s] -- Installing: /home/worm7/worms_mech_ws/install/image_tools/lib/image_tools/cam2image
[83.339s] -- Set runtime path of "/home/worm7/worms_mech_ws/install/image_tools/lib/image_tools/cam2image" to ""
[83.340s] -- Installing: /home/worm7/worms_mech_ws/install/image_tools/lib/image_tools/showimage
[83.346s] -- Set runtime path of "/home/worm7/worms_mech_ws/install/image_tools/lib/image_tools/showimage" to ""
[83.346s] -- Installing: /home/worm7/worms_mech_ws/install/image_tools/lib/libimage_tools.so
[83.431s] -- Set runtime path of "/home/worm7/worms_mech_ws/install/image_tools/lib/libimage_tools.so" to ""
[83.432s] -- Installing: /home/worm7/worms_mech_ws/install/image_tools/include/image_tools
[83.433s] -- Installing: /home/worm7/worms_mech_ws/install/image_tools/include/image_tools/image_tools
[83.434s] -- Installing: /home/worm7/worms_mech_ws/install/image_tools/include/image_tools/image_tools/cv_mat_sensor_msgs_image_type_adapter.hpp
[83.438s] -- Installing: /home/worm7/worms_mech_ws/install/image_tools/include/image_tools/image_tools/visibility_control.h
[83.438s] -- Installing: /home/worm7/worms_mech_ws/install/image_tools/share/image_tools/environment/library_path.sh
[83.439s] -- Installing: /home/worm7/worms_mech_ws/install/image_tools/share/image_tools/environment/library_path.dsv
[83.440s] -- Installing: /home/worm7/worms_mech_ws/install/image_tools/share/ament_index/resource_index/package_run_dependencies/image_tools
[83.442s] -- Installing: /home/worm7/worms_mech_ws/install/image_tools/share/ament_index/resource_index/parent_prefix_path/image_tools
[83.443s] -- Installing: /home/worm7/worms_mech_ws/install/image_tools/share/image_tools/environment/ament_prefix_path.sh
[83.444s] -- Installing: /home/worm7/worms_mech_ws/install/image_tools/share/image_tools/environment/ament_prefix_path.dsv
[83.445s] -- Installing: /home/worm7/worms_mech_ws/install/image_tools/share/image_tools/environment/path.sh
[83.446s] -- Installing: /home/worm7/worms_mech_ws/install/image_tools/share/image_tools/environment/path.dsv
[83.447s] -- Installing: /home/worm7/worms_mech_ws/install/image_tools/share/image_tools/local_setup.bash
[83.448s] -- Installing: /home/worm7/worms_mech_ws/install/image_tools/share/image_tools/local_setup.sh
[83.449s] -- Installing: /home/worm7/worms_mech_ws/install/image_tools/share/image_tools/local_setup.zsh
[83.450s] -- Installing: /home/worm7/worms_mech_ws/install/image_tools/share/image_tools/local_setup.dsv
[83.451s] -- Installing: /home/worm7/worms_mech_ws/install/image_tools/share/image_tools/package.dsv
[83.453s] -- Installing: /home/worm7/worms_mech_ws/install/image_tools/share/ament_index/resource_index/packages/image_tools
[83.454s] -- Installing: /home/worm7/worms_mech_ws/install/image_tools/share/ament_index/resource_index/rclcpp_components/image_tools
[83.456s] -- Installing: /home/worm7/worms_mech_ws/install/image_tools/share/image_tools/cmake/image_toolsExport.cmake
[83.457s] -- Installing: /home/worm7/worms_mech_ws/install/image_tools/share/image_tools/cmake/image_toolsExport-noconfig.cmake
[83.458s] -- Installing: /home/worm7/worms_mech_ws/install/image_tools/share/image_tools/cmake/ament_cmake_export_libraries-extras.cmake
[83.459s] -- Installing: /home/worm7/worms_mech_ws/install/image_tools/share/image_tools/cmake/ament_cmake_export_targets-extras.cmake
[83.460s] -- Installing: /home/worm7/worms_mech_ws/install/image_tools/share/image_tools/cmake/ament_cmake_export_dependencies-extras.cmake
[83.462s] -- Installing: /home/worm7/worms_mech_ws/install/image_tools/share/image_tools/cmake/image_toolsConfig.cmake
[83.462s] -- Installing: /home/worm7/worms_mech_ws/install/image_tools/share/image_tools/cmake/image_toolsConfig-version.cmake
[83.464s] -- Installing: /home/worm7/worms_mech_ws/install/image_tools/share/image_tools/package.xml
[83.473s] Invoked command in '/home/worm7/worms_mech_ws/build/image_tools' returned '0': CMAKE_PREFIX_PATH=/home/worm7/worms_ws/install/worms_interfaces:/home/worm7/worms_ws/install/tracetools_image_pipeline:/home/worm7/worms_ws/install/opencv_cam:/home/worm7/worms_ws/install/ros2_shared:/home/worm7/worms_ws/install/motor_debug:/home/worm7/worms_ws/install/walking_gait_sync:/home/worm7/worms_ws/install/startup:/home/worm7/worms_ws/install/py_srvcli:/home/worm7/worms_ws/install/py_pubsub:/home/worm7/worms_ws/install/motor_readout:/home/worm7/worms_ws/install/heart_beat_pub:/home/worm7/worms_ws/install/camera_calibration:/opt/ros/humble:/home/worm7/worms_ws/install/image_transport:/home/worm7/worms_ws/install/camera_info_manager:/home/worm7/worms_ws/install/camera_calibration_parsers /usr/bin/cmake --install /home/worm7/worms_mech_ws/build/image_tools
