[0.522s] Invoking command in '/home/jacobrod/worms_ws/build/ros_gz_interfaces': CMAKE_PREFIX_PATH=/opt/ros/humble /usr/bin/cmake --build /home/jacobrod/worms_ws/build/ros_gz_interfaces -- -j8 -l8
[0.993s] [  0%] Built target ros_gz_interfaces__cpp
[0.993s] [ 12%] Built target ros_gz_interfaces__rosidl_generator_c
[0.993s] [ 12%] Built target ament_cmake_python_copy_ros_gz_interfaces
[0.994s] [ 24%] Built target ros_gz_interfaces__rosidl_typesupport_cpp
[0.994s] [ 37%] Built target ros_gz_interfaces__rosidl_typesupport_introspection_cpp
[0.995s] [ 49%] Built target ros_gz_interfaces__rosidl_typesupport_c
[0.996s] [ 61%] Built target ros_gz_interfaces__rosidl_typesupport_fastrtps_cpp
[0.996s] [ 73%] Built target ros_gz_interfaces__rosidl_typesupport_introspection_c
[0.997s] [ 85%] Built target ros_gz_interfaces__rosidl_typesupport_fastrtps_c
[0.997s] [ 85%] Built target ros_gz_interfaces
[0.998s] [ 86%] Built target ros_gz_interfaces__py
[0.998s] [ 97%] Built target ros_gz_interfaces__rosidl_generator_py
[0.999s] [ 99%] Built target ros_gz_interfaces__rosidl_typesupport_fastrtps_c__pyext
[0.999s] [ 99%] Built target ros_gz_interfaces__rosidl_typesupport_introspection_c__pyext
[1.000s] [100%] Built target ros_gz_interfaces__rosidl_typesupport_c__pyext
[1.014s] running egg_info
[1.016s] writing ros_gz_interfaces.egg-info/PKG-INFO
[1.017s] writing dependency_links to ros_gz_interfaces.egg-info/dependency_links.txt
[1.017s] writing top-level names to ros_gz_interfaces.egg-info/top_level.txt
[1.022s] reading manifest file 'ros_gz_interfaces.egg-info/SOURCES.txt'
[1.025s] writing manifest file 'ros_gz_interfaces.egg-info/SOURCES.txt'
[1.119s] [100%] Built target ament_cmake_python_build_ros_gz_interfaces_egg
[1.437s] Invoked command in '/home/jacobrod/worms_ws/build/ros_gz_interfaces' returned '0': CMAKE_PREFIX_PATH=/opt/ros/humble /usr/bin/cmake --build /home/jacobrod/worms_ws/build/ros_gz_interfaces -- -j8 -l8
[2.308s] Invoking command in '/home/jacobrod/worms_ws/build/ros_gz_interfaces': CMAKE_PREFIX_PATH=/opt/ros/humble /usr/bin/cmake --install /home/jacobrod/worms_ws/build/ros_gz_interfaces
[2.409s] -- Install configuration: ""
[2.409s] -- Up-to-date: /home/jacobrod/worms_ws/install/ros_gz_interfaces/share/ament_index/resource_index/rosidl_interfaces/ros_gz_interfaces
[2.410s] -- Up-to-date: /home/jacobrod/worms_ws/install/ros_gz_interfaces/include/ros_gz_interfaces/ros_gz_interfaces
[2.411s] -- Up-to-date: /home/jacobrod/worms_ws/install/ros_gz_interfaces/include/ros_gz_interfaces/ros_gz_interfaces/msg
[2.411s] -- Up-to-date: /home/jacobrod/worms_ws/install/ros_gz_interfaces/include/ros_gz_interfaces/ros_gz_interfaces/msg/track_visual.h
[2.412s] -- Up-to-date: /home/jacobrod/worms_ws/install/ros_gz_interfaces/include/ros_gz_interfaces/ros_gz_interfaces/msg/sensor_noise.h
[2.414s] -- Up-to-date: /home/jacobrod/worms_ws/install/ros_gz_interfaces/include/ros_gz_interfaces/ros_gz_interfaces/msg/world_reset.h
[2.414s] -- Up-to-date: /home/jacobrod/worms_ws/install/ros_gz_interfaces/include/ros_gz_interfaces/ros_gz_interfaces/msg/rosidl_generator_c__visibility_control.h
[2.415s] -- Up-to-date: /home/jacobrod/worms_ws/install/ros_gz_interfaces/include/ros_gz_interfaces/ros_gz_interfaces/msg/float32_array.h
[2.416s] -- Up-to-date: /home/jacobrod/worms_ws/install/ros_gz_interfaces/include/ros_gz_interfaces/ros_gz_interfaces/msg/entity.h
[2.417s] -- Up-to-date: /home/jacobrod/worms_ws/install/ros_gz_interfaces/include/ros_gz_interfaces/ros_gz_interfaces/msg/string_vec.h
[2.417s] -- Up-to-date: /home/jacobrod/worms_ws/install/ros_gz_interfaces/include/ros_gz_interfaces/ros_gz_interfaces/msg/altimeter.h
[2.418s] -- Up-to-date: /home/jacobrod/worms_ws/install/ros_gz_interfaces/include/ros_gz_interfaces/ros_gz_interfaces/msg/light.h
[2.418s] -- Up-to-date: /home/jacobrod/worms_ws/install/ros_gz_interfaces/include/ros_gz_interfaces/ros_gz_interfaces/msg/detail
[2.418s] -- Up-to-date: /home/jacobrod/worms_ws/install/ros_gz_interfaces/include/ros_gz_interfaces/ros_gz_interfaces/msg/detail/video_record__type_support.h
[2.418s] -- Up-to-date: /home/jacobrod/worms_ws/install/ros_gz_interfaces/include/ros_gz_interfaces/ros_gz_interfaces/msg/detail/gui_camera__functions.c
[2.419s] -- Up-to-date: /home/jacobrod/worms_ws/install/ros_gz_interfaces/include/ros_gz_interfaces/ros_gz_interfaces/msg/detail/entity__struct.h
[2.420s] -- Up-to-date: /home/jacobrod/worms_ws/install/ros_gz_interfaces/include/ros_gz_interfaces/ros_gz_interfaces/msg/detail/light__functions.c
[2.420s] -- Up-to-date: /home/jacobrod/worms_ws/install/ros_gz_interfaces/include/ros_gz_interfaces/ros_gz_interfaces/msg/detail/video_record__functions.h
[2.421s] -- Up-to-date: /home/jacobrod/worms_ws/install/ros_gz_interfaces/include/ros_gz_interfaces/ros_gz_interfaces/msg/detail/world_control__functions.h
[2.421s] -- Up-to-date: /home/jacobrod/worms_ws/install/ros_gz_interfaces/include/ros_gz_interfaces/ros_gz_interfaces/msg/detail/string_vec__functions.h
[2.421s] -- Up-to-date: /home/jacobrod/worms_ws/install/ros_gz_interfaces/include/ros_gz_interfaces/ros_gz_interfaces/msg/detail/string_vec__type_support.h
[2.421s] -- Up-to-date: /home/jacobrod/worms_ws/install/ros_gz_interfaces/include/ros_gz_interfaces/ros_gz_interfaces/msg/detail/video_record__functions.c
[2.422s] -- Up-to-date: /home/jacobrod/worms_ws/install/ros_gz_interfaces/include/ros_gz_interfaces/ros_gz_interfaces/msg/detail/entity__functions.h
[2.422s] -- Up-to-date: /home/jacobrod/worms_ws/install/ros_gz_interfaces/include/ros_gz_interfaces/ros_gz_interfaces/msg/detail/light__type_support.h
[2.422s] -- Up-to-date: /home/jacobrod/worms_ws/install/ros_gz_interfaces/include/ros_gz_interfaces/ros_gz_interfaces/msg/detail/world_control__struct.h
[2.423s] -- Up-to-date: /home/jacobrod/worms_ws/install/ros_gz_interfaces/include/ros_gz_interfaces/ros_gz_interfaces/msg/detail/world_control__functions.c
[2.424s] -- Up-to-date: /home/jacobrod/worms_ws/install/ros_gz_interfaces/include/ros_gz_interfaces/ros_gz_interfaces/msg/detail/string_vec__struct.h
[2.425s] -- Up-to-date: /home/jacobrod/worms_ws/install/ros_gz_interfaces/include/ros_gz_interfaces/ros_gz_interfaces/msg/detail/string_vec__functions.c
[2.426s] -- Up-to-date: /home/jacobrod/worms_ws/install/ros_gz_interfaces/include/ros_gz_interfaces/ros_gz_interfaces/msg/detail/joint_wrench__type_support.h
[2.426s] -- Up-to-date: /home/jacobrod/worms_ws/install/ros_gz_interfaces/include/ros_gz_interfaces/ros_gz_interfaces/msg/detail/param_vec__struct.h
[2.427s] -- Up-to-date: /home/jacobrod/worms_ws/install/ros_gz_interfaces/include/ros_gz_interfaces/ros_gz_interfaces/msg/detail/contacts__struct.h
[2.427s] -- Up-to-date: /home/jacobrod/worms_ws/install/ros_gz_interfaces/include/ros_gz_interfaces/ros_gz_interfaces/msg/detail/track_visual__functions.h
[2.427s] -- Up-to-date: /home/jacobrod/worms_ws/install/ros_gz_interfaces/include/ros_gz_interfaces/ros_gz_interfaces/msg/detail/joint_wrench__struct.h
[2.427s] -- Up-to-date: /home/jacobrod/worms_ws/install/ros_gz_interfaces/include/ros_gz_interfaces/ros_gz_interfaces/msg/detail/param_vec__type_support.h
[2.427s] -- Up-to-date: /home/jacobrod/worms_ws/install/ros_gz_interfaces/include/ros_gz_interfaces/ros_gz_interfaces/msg/detail/float32_array__functions.c
[2.427s] -- Up-to-date: /home/jacobrod/worms_ws/install/ros_gz_interfaces/include/ros_gz_interfaces/ros_gz_interfaces/msg/detail/contact__type_support.h
[2.427s] -- Up-to-date: /home/jacobrod/worms_ws/install/ros_gz_interfaces/include/ros_gz_interfaces/ros_gz_interfaces/msg/detail/world_reset__functions.h
[2.428s] -- Up-to-date: /home/jacobrod/worms_ws/install/ros_gz_interfaces/include/ros_gz_interfaces/ros_gz_interfaces/msg/detail/entity__type_support.h
[2.428s] -- Up-to-date: /home/jacobrod/worms_ws/install/ros_gz_interfaces/include/ros_gz_interfaces/ros_gz_interfaces/msg/detail/light__functions.h
[2.428s] -- Up-to-date: /home/jacobrod/worms_ws/install/ros_gz_interfaces/include/ros_gz_interfaces/ros_gz_interfaces/msg/detail/world_reset__functions.c
[2.428s] -- Up-to-date: /home/jacobrod/worms_ws/install/ros_gz_interfaces/include/ros_gz_interfaces/ros_gz_interfaces/msg/detail/param_vec__functions.h
[2.428s] -- Up-to-date: /home/jacobrod/worms_ws/install/ros_gz_interfaces/include/ros_gz_interfaces/ros_gz_interfaces/msg/detail/world_reset__type_support.h
[2.428s] -- Up-to-date: /home/jacobrod/worms_ws/install/ros_gz_interfaces/include/ros_gz_interfaces/ros_gz_interfaces/msg/detail/dataframe__functions.c
[2.428s] -- Up-to-date: /home/jacobrod/worms_ws/install/ros_gz_interfaces/include/ros_gz_interfaces/ros_gz_interfaces/msg/detail/gui_camera__type_support.h
[2.429s] -- Up-to-date: /home/jacobrod/worms_ws/install/ros_gz_interfaces/include/ros_gz_interfaces/ros_gz_interfaces/msg/detail/video_record__struct.h
[2.429s] -- Up-to-date: /home/jacobrod/worms_ws/install/ros_gz_interfaces/include/ros_gz_interfaces/ros_gz_interfaces/msg/detail/entity_factory__functions.c
[2.429s] -- Up-to-date: /home/jacobrod/worms_ws/install/ros_gz_interfaces/include/ros_gz_interfaces/ros_gz_interfaces/msg/detail/track_visual__struct.h
[2.429s] -- Up-to-date: /home/jacobrod/worms_ws/install/ros_gz_interfaces/include/ros_gz_interfaces/ros_gz_interfaces/msg/detail/contacts__functions.c
[2.429s] -- Up-to-date: /home/jacobrod/worms_ws/install/ros_gz_interfaces/include/ros_gz_interfaces/ros_gz_interfaces/msg/detail/sensor_noise__struct.h
[2.429s] -- Up-to-date: /home/jacobrod/worms_ws/install/ros_gz_interfaces/include/ros_gz_interfaces/ros_gz_interfaces/msg/detail/dataframe__type_support.h
[2.429s] -- Up-to-date: /home/jacobrod/worms_ws/install/ros_gz_interfaces/include/ros_gz_interfaces/ros_gz_interfaces/msg/detail/joint_wrench__functions.c
[2.429s] -- Up-to-date: /home/jacobrod/worms_ws/install/ros_gz_interfaces/include/ros_gz_interfaces/ros_gz_interfaces/msg/detail/gui_camera__functions.h
[2.430s] -- Up-to-date: /home/jacobrod/worms_ws/install/ros_gz_interfaces/include/ros_gz_interfaces/ros_gz_interfaces/msg/detail/altimeter__struct.h
[2.430s] -- Up-to-date: /home/jacobrod/worms_ws/install/ros_gz_interfaces/include/ros_gz_interfaces/ros_gz_interfaces/msg/detail/dataframe__functions.h
[2.430s] -- Up-to-date: /home/jacobrod/worms_ws/install/ros_gz_interfaces/include/ros_gz_interfaces/ros_gz_interfaces/msg/detail/contact__functions.h
[2.430s] -- Up-to-date: /home/jacobrod/worms_ws/install/ros_gz_interfaces/include/ros_gz_interfaces/ros_gz_interfaces/msg/detail/gui_camera__struct.h
[2.430s] -- Up-to-date: /home/jacobrod/worms_ws/install/ros_gz_interfaces/include/ros_gz_interfaces/ros_gz_interfaces/msg/detail/contacts__functions.h
[2.430s] -- Up-to-date: /home/jacobrod/worms_ws/install/ros_gz_interfaces/include/ros_gz_interfaces/ros_gz_interfaces/msg/detail/float32_array__functions.h
[2.430s] -- Up-to-date: /home/jacobrod/worms_ws/install/ros_gz_interfaces/include/ros_gz_interfaces/ros_gz_interfaces/msg/detail/altimeter__functions.c
[2.430s] -- Up-to-date: /home/jacobrod/worms_ws/install/ros_gz_interfaces/include/ros_gz_interfaces/ros_gz_interfaces/msg/detail/sensor_noise__functions.c
[2.431s] -- Up-to-date: /home/jacobrod/worms_ws/install/ros_gz_interfaces/include/ros_gz_interfaces/ros_gz_interfaces/msg/detail/param_vec__functions.c
[2.431s] -- Up-to-date: /home/jacobrod/worms_ws/install/ros_gz_interfaces/include/ros_gz_interfaces/ros_gz_interfaces/msg/detail/sensor_noise__functions.h
[2.431s] -- Up-to-date: /home/jacobrod/worms_ws/install/ros_gz_interfaces/include/ros_gz_interfaces/ros_gz_interfaces/msg/detail/dataframe__struct.h
[2.431s] -- Up-to-date: /home/jacobrod/worms_ws/install/ros_gz_interfaces/include/ros_gz_interfaces/ros_gz_interfaces/msg/detail/joint_wrench__functions.h
[2.431s] -- Up-to-date: /home/jacobrod/worms_ws/install/ros_gz_interfaces/include/ros_gz_interfaces/ros_gz_interfaces/msg/detail/contacts__type_support.h
[2.431s] -- Up-to-date: /home/jacobrod/worms_ws/install/ros_gz_interfaces/include/ros_gz_interfaces/ros_gz_interfaces/msg/detail/track_visual__functions.c
[2.431s] -- Up-to-date: /home/jacobrod/worms_ws/install/ros_gz_interfaces/include/ros_gz_interfaces/ros_gz_interfaces/msg/detail/altimeter__functions.h
[2.431s] -- Up-to-date: /home/jacobrod/worms_ws/install/ros_gz_interfaces/include/ros_gz_interfaces/ros_gz_interfaces/msg/detail/entity_factory__functions.h
[2.432s] -- Up-to-date: /home/jacobrod/worms_ws/install/ros_gz_interfaces/include/ros_gz_interfaces/ros_gz_interfaces/msg/detail/sensor_noise__type_support.h
[2.432s] -- Up-to-date: /home/jacobrod/worms_ws/install/ros_gz_interfaces/include/ros_gz_interfaces/ros_gz_interfaces/msg/detail/entity__functions.c
[2.432s] -- Up-to-date: /home/jacobrod/worms_ws/install/ros_gz_interfaces/include/ros_gz_interfaces/ros_gz_interfaces/msg/detail/altimeter__type_support.h
[2.432s] -- Up-to-date: /home/jacobrod/worms_ws/install/ros_gz_interfaces/include/ros_gz_interfaces/ros_gz_interfaces/msg/detail/entity_factory__struct.h
[2.432s] -- Up-to-date: /home/jacobrod/worms_ws/install/ros_gz_interfaces/include/ros_gz_interfaces/ros_gz_interfaces/msg/detail/entity_factory__type_support.h
[2.432s] -- Up-to-date: /home/jacobrod/worms_ws/install/ros_gz_interfaces/include/ros_gz_interfaces/ros_gz_interfaces/msg/detail/track_visual__type_support.h
[2.432s] -- Up-to-date: /home/jacobrod/worms_ws/install/ros_gz_interfaces/include/ros_gz_interfaces/ros_gz_interfaces/msg/detail/contact__functions.c
[2.432s] -- Up-to-date: /home/jacobrod/worms_ws/install/ros_gz_interfaces/include/ros_gz_interfaces/ros_gz_interfaces/msg/detail/contact__struct.h
[2.433s] -- Up-to-date: /home/jacobrod/worms_ws/install/ros_gz_interfaces/include/ros_gz_interfaces/ros_gz_interfaces/msg/detail/float32_array__type_support.h
[2.433s] -- Up-to-date: /home/jacobrod/worms_ws/install/ros_gz_interfaces/include/ros_gz_interfaces/ros_gz_interfaces/msg/detail/light__struct.h
[2.433s] -- Up-to-date: /home/jacobrod/worms_ws/install/ros_gz_interfaces/include/ros_gz_interfaces/ros_gz_interfaces/msg/detail/world_control__type_support.h
[2.433s] -- Up-to-date: /home/jacobrod/worms_ws/install/ros_gz_interfaces/include/ros_gz_interfaces/ros_gz_interfaces/msg/detail/world_reset__struct.h
[2.433s] -- Up-to-date: /home/jacobrod/worms_ws/install/ros_gz_interfaces/include/ros_gz_interfaces/ros_gz_interfaces/msg/detail/float32_array__struct.h
[2.433s] -- Up-to-date: /home/jacobrod/worms_ws/install/ros_gz_interfaces/include/ros_gz_interfaces/ros_gz_interfaces/msg/contacts.h
[2.433s] -- Up-to-date: /home/jacobrod/worms_ws/install/ros_gz_interfaces/include/ros_gz_interfaces/ros_gz_interfaces/msg/param_vec.h
[2.433s] -- Up-to-date: /home/jacobrod/worms_ws/install/ros_gz_interfaces/include/ros_gz_interfaces/ros_gz_interfaces/msg/joint_wrench.h
[2.433s] -- Up-to-date: /home/jacobrod/worms_ws/install/ros_gz_interfaces/include/ros_gz_interfaces/ros_gz_interfaces/msg/video_record.h
[2.434s] -- Up-to-date: /home/jacobrod/worms_ws/install/ros_gz_interfaces/include/ros_gz_interfaces/ros_gz_interfaces/msg/world_control.h
[2.434s] -- Up-to-date: /home/jacobrod/worms_ws/install/ros_gz_interfaces/include/ros_gz_interfaces/ros_gz_interfaces/msg/dataframe.h
[2.434s] -- Up-to-date: /home/jacobrod/worms_ws/install/ros_gz_interfaces/include/ros_gz_interfaces/ros_gz_interfaces/msg/gui_camera.h
[2.434s] -- Up-to-date: /home/jacobrod/worms_ws/install/ros_gz_interfaces/include/ros_gz_interfaces/ros_gz_interfaces/msg/entity_factory.h
[2.434s] -- Up-to-date: /home/jacobrod/worms_ws/install/ros_gz_interfaces/include/ros_gz_interfaces/ros_gz_interfaces/msg/contact.h
[2.434s] -- Up-to-date: /home/jacobrod/worms_ws/install/ros_gz_interfaces/include/ros_gz_interfaces/ros_gz_interfaces/srv
[2.434s] -- Up-to-date: /home/jacobrod/worms_ws/install/ros_gz_interfaces/include/ros_gz_interfaces/ros_gz_interfaces/srv/delete_entity.h
[2.435s] -- Up-to-date: /home/jacobrod/worms_ws/install/ros_gz_interfaces/include/ros_gz_interfaces/ros_gz_interfaces/srv/control_world.h
[2.435s] -- Up-to-date: /home/jacobrod/worms_ws/install/ros_gz_interfaces/include/ros_gz_interfaces/ros_gz_interfaces/srv/detail
[2.435s] -- Up-to-date: /home/jacobrod/worms_ws/install/ros_gz_interfaces/include/ros_gz_interfaces/ros_gz_interfaces/srv/detail/spawn_entity__type_support.h
[2.435s] -- Up-to-date: /home/jacobrod/worms_ws/install/ros_gz_interfaces/include/ros_gz_interfaces/ros_gz_interfaces/srv/detail/set_entity_pose__struct.h
[2.435s] -- Up-to-date: /home/jacobrod/worms_ws/install/ros_gz_interfaces/include/ros_gz_interfaces/ros_gz_interfaces/srv/detail/control_world__struct.h
[2.435s] -- Up-to-date: /home/jacobrod/worms_ws/install/ros_gz_interfaces/include/ros_gz_interfaces/ros_gz_interfaces/srv/detail/control_world__type_support.h
[2.435s] -- Up-to-date: /home/jacobrod/worms_ws/install/ros_gz_interfaces/include/ros_gz_interfaces/ros_gz_interfaces/srv/detail/control_world__functions.c
[2.435s] -- Up-to-date: /home/jacobrod/worms_ws/install/ros_gz_interfaces/include/ros_gz_interfaces/ros_gz_interfaces/srv/detail/spawn_entity__functions.h
[2.436s] -- Up-to-date: /home/jacobrod/worms_ws/install/ros_gz_interfaces/include/ros_gz_interfaces/ros_gz_interfaces/srv/detail/control_world__functions.h
[2.436s] -- Up-to-date: /home/jacobrod/worms_ws/install/ros_gz_interfaces/include/ros_gz_interfaces/ros_gz_interfaces/srv/detail/delete_entity__functions.c
[2.436s] -- Up-to-date: /home/jacobrod/worms_ws/install/ros_gz_interfaces/include/ros_gz_interfaces/ros_gz_interfaces/srv/detail/delete_entity__struct.h
[2.436s] -- Up-to-date: /home/jacobrod/worms_ws/install/ros_gz_interfaces/include/ros_gz_interfaces/ros_gz_interfaces/srv/detail/set_entity_pose__functions.h
[2.436s] -- Up-to-date: /home/jacobrod/worms_ws/install/ros_gz_interfaces/include/ros_gz_interfaces/ros_gz_interfaces/srv/detail/set_entity_pose__functions.c
[2.436s] -- Up-to-date: /home/jacobrod/worms_ws/install/ros_gz_interfaces/include/ros_gz_interfaces/ros_gz_interfaces/srv/detail/delete_entity__functions.h
[2.436s] -- Up-to-date: /home/jacobrod/worms_ws/install/ros_gz_interfaces/include/ros_gz_interfaces/ros_gz_interfaces/srv/detail/spawn_entity__struct.h
[2.436s] -- Up-to-date: /home/jacobrod/worms_ws/install/ros_gz_interfaces/include/ros_gz_interfaces/ros_gz_interfaces/srv/detail/set_entity_pose__type_support.h
[2.437s] -- Up-to-date: /home/jacobrod/worms_ws/install/ros_gz_interfaces/include/ros_gz_interfaces/ros_gz_interfaces/srv/detail/spawn_entity__functions.c
[2.437s] -- Up-to-date: /home/jacobrod/worms_ws/install/ros_gz_interfaces/include/ros_gz_interfaces/ros_gz_interfaces/srv/detail/delete_entity__type_support.h
[2.437s] -- Up-to-date: /home/jacobrod/worms_ws/install/ros_gz_interfaces/include/ros_gz_interfaces/ros_gz_interfaces/srv/spawn_entity.h
[2.437s] -- Up-to-date: /home/jacobrod/worms_ws/install/ros_gz_interfaces/include/ros_gz_interfaces/ros_gz_interfaces/srv/set_entity_pose.h
[2.437s] -- Up-to-date: /home/jacobrod/worms_ws/install/ros_gz_interfaces/share/ros_gz_interfaces/environment/library_path.sh
[2.437s] -- Up-to-date: /home/jacobrod/worms_ws/install/ros_gz_interfaces/share/ros_gz_interfaces/environment/library_path.dsv
[2.437s] -- Up-to-date: /home/jacobrod/worms_ws/install/ros_gz_interfaces/lib/libros_gz_interfaces__rosidl_generator_c.so
[2.437s] -- Up-to-date: /home/jacobrod/worms_ws/install/ros_gz_interfaces/include/ros_gz_interfaces/ros_gz_interfaces
[2.438s] -- Up-to-date: /home/jacobrod/worms_ws/install/ros_gz_interfaces/include/ros_gz_interfaces/ros_gz_interfaces/msg
[2.438s] -- Up-to-date: /home/jacobrod/worms_ws/install/ros_gz_interfaces/include/ros_gz_interfaces/ros_gz_interfaces/msg/detail
[2.438s] -- Up-to-date: /home/jacobrod/worms_ws/install/ros_gz_interfaces/include/ros_gz_interfaces/ros_gz_interfaces/msg/detail/gui_camera__rosidl_typesupport_fastrtps_c.h
[2.438s] -- Up-to-date: /home/jacobrod/worms_ws/install/ros_gz_interfaces/include/ros_gz_interfaces/ros_gz_interfaces/msg/detail/entity__rosidl_typesupport_fastrtps_c.h
[2.438s] -- Up-to-date: /home/jacobrod/worms_ws/install/ros_gz_interfaces/include/ros_gz_interfaces/ros_gz_interfaces/msg/detail/param_vec__rosidl_typesupport_fastrtps_c.h
[2.438s] -- Up-to-date: /home/jacobrod/worms_ws/install/ros_gz_interfaces/include/ros_gz_interfaces/ros_gz_interfaces/msg/detail/altimeter__rosidl_typesupport_fastrtps_c.h
[2.438s] -- Up-to-date: /home/jacobrod/worms_ws/install/ros_gz_interfaces/include/ros_gz_interfaces/ros_gz_interfaces/msg/detail/contact__rosidl_typesupport_fastrtps_c.h
[2.439s] -- Up-to-date: /home/jacobrod/worms_ws/install/ros_gz_interfaces/include/ros_gz_interfaces/ros_gz_interfaces/msg/detail/string_vec__rosidl_typesupport_fastrtps_c.h
[2.439s] -- Up-to-date: /home/jacobrod/worms_ws/install/ros_gz_interfaces/include/ros_gz_interfaces/ros_gz_interfaces/msg/detail/entity_factory__rosidl_typesupport_fastrtps_c.h
[2.439s] -- Up-to-date: /home/jacobrod/worms_ws/install/ros_gz_interfaces/include/ros_gz_interfaces/ros_gz_interfaces/msg/detail/world_reset__rosidl_typesupport_fastrtps_c.h
[2.439s] -- Up-to-date: /home/jacobrod/worms_ws/install/ros_gz_interfaces/include/ros_gz_interfaces/ros_gz_interfaces/msg/detail/float32_array__rosidl_typesupport_fastrtps_c.h
[2.439s] -- Up-to-date: /home/jacobrod/worms_ws/install/ros_gz_interfaces/include/ros_gz_interfaces/ros_gz_interfaces/msg/detail/world_control__rosidl_typesupport_fastrtps_c.h
[2.439s] -- Up-to-date: /home/jacobrod/worms_ws/install/ros_gz_interfaces/include/ros_gz_interfaces/ros_gz_interfaces/msg/detail/light__rosidl_typesupport_fastrtps_c.h
[2.439s] -- Up-to-date: /home/jacobrod/worms_ws/install/ros_gz_interfaces/include/ros_gz_interfaces/ros_gz_interfaces/msg/detail/video_record__rosidl_typesupport_fastrtps_c.h
[2.439s] -- Up-to-date: /home/jacobrod/worms_ws/install/ros_gz_interfaces/include/ros_gz_interfaces/ros_gz_interfaces/msg/detail/sensor_noise__rosidl_typesupport_fastrtps_c.h
[2.439s] -- Up-to-date: /home/jacobrod/worms_ws/install/ros_gz_interfaces/include/ros_gz_interfaces/ros_gz_interfaces/msg/detail/track_visual__rosidl_typesupport_fastrtps_c.h
[2.440s] -- Up-to-date: /home/jacobrod/worms_ws/install/ros_gz_interfaces/include/ros_gz_interfaces/ros_gz_interfaces/msg/detail/joint_wrench__rosidl_typesupport_fastrtps_c.h
[2.440s] -- Up-to-date: /home/jacobrod/worms_ws/install/ros_gz_interfaces/include/ros_gz_interfaces/ros_gz_interfaces/msg/detail/dataframe__rosidl_typesupport_fastrtps_c.h
[2.440s] -- Up-to-date: /home/jacobrod/worms_ws/install/ros_gz_interfaces/include/ros_gz_interfaces/ros_gz_interfaces/msg/detail/contacts__rosidl_typesupport_fastrtps_c.h
[2.440s] -- Up-to-date: /home/jacobrod/worms_ws/install/ros_gz_interfaces/include/ros_gz_interfaces/ros_gz_interfaces/msg/rosidl_typesupport_fastrtps_c__visibility_control.h
[2.440s] -- Up-to-date: /home/jacobrod/worms_ws/install/ros_gz_interfaces/include/ros_gz_interfaces/ros_gz_interfaces/srv
[2.440s] -- Up-to-date: /home/jacobrod/worms_ws/install/ros_gz_interfaces/include/ros_gz_interfaces/ros_gz_interfaces/srv/detail
[2.440s] -- Up-to-date: /home/jacobrod/worms_ws/install/ros_gz_interfaces/include/ros_gz_interfaces/ros_gz_interfaces/srv/detail/delete_entity__rosidl_typesupport_fastrtps_c.h
[2.441s] -- Up-to-date: /home/jacobrod/worms_ws/install/ros_gz_interfaces/include/ros_gz_interfaces/ros_gz_interfaces/srv/detail/spawn_entity__rosidl_typesupport_fastrtps_c.h
[2.441s] -- Up-to-date: /home/jacobrod/worms_ws/install/ros_gz_interfaces/include/ros_gz_interfaces/ros_gz_interfaces/srv/detail/set_entity_pose__rosidl_typesupport_fastrtps_c.h
[2.441s] -- Up-to-date: /home/jacobrod/worms_ws/install/ros_gz_interfaces/include/ros_gz_interfaces/ros_gz_interfaces/srv/detail/control_world__rosidl_typesupport_fastrtps_c.h
[2.441s] -- Up-to-date: /home/jacobrod/worms_ws/install/ros_gz_interfaces/lib/libros_gz_interfaces__rosidl_typesupport_fastrtps_c.so
[2.441s] -- Up-to-date: /home/jacobrod/worms_ws/install/ros_gz_interfaces/include/ros_gz_interfaces/ros_gz_interfaces
[2.441s] -- Up-to-date: /home/jacobrod/worms_ws/install/ros_gz_interfaces/include/ros_gz_interfaces/ros_gz_interfaces/msg
[2.441s] -- Up-to-date: /home/jacobrod/worms_ws/install/ros_gz_interfaces/include/ros_gz_interfaces/ros_gz_interfaces/msg/joint_wrench.hpp
[2.441s] -- Up-to-date: /home/jacobrod/worms_ws/install/ros_gz_interfaces/include/ros_gz_interfaces/ros_gz_interfaces/msg/param_vec.hpp
[2.442s] -- Up-to-date: /home/jacobrod/worms_ws/install/ros_gz_interfaces/include/ros_gz_interfaces/ros_gz_interfaces/msg/contact.hpp
[2.442s] -- Up-to-date: /home/jacobrod/worms_ws/install/ros_gz_interfaces/include/ros_gz_interfaces/ros_gz_interfaces/msg/dataframe.hpp
[2.442s] -- Up-to-date: /home/jacobrod/worms_ws/install/ros_gz_interfaces/include/ros_gz_interfaces/ros_gz_interfaces/msg/float32_array.hpp
[2.442s] -- Up-to-date: /home/jacobrod/worms_ws/install/ros_gz_interfaces/include/ros_gz_interfaces/ros_gz_interfaces/msg/track_visual.hpp
[2.442s] -- Up-to-date: /home/jacobrod/worms_ws/install/ros_gz_interfaces/include/ros_gz_interfaces/ros_gz_interfaces/msg/entity_factory.hpp
[2.442s] -- Up-to-date: /home/jacobrod/worms_ws/install/ros_gz_interfaces/include/ros_gz_interfaces/ros_gz_interfaces/msg/world_reset.hpp
[2.442s] -- Up-to-date: /home/jacobrod/worms_ws/install/ros_gz_interfaces/include/ros_gz_interfaces/ros_gz_interfaces/msg/gui_camera.hpp
[2.442s] -- Up-to-date: /home/jacobrod/worms_ws/install/ros_gz_interfaces/include/ros_gz_interfaces/ros_gz_interfaces/msg/detail
[2.443s] -- Up-to-date: /home/jacobrod/worms_ws/install/ros_gz_interfaces/include/ros_gz_interfaces/ros_gz_interfaces/msg/detail/string_vec__builder.hpp
[2.443s] -- Up-to-date: /home/jacobrod/worms_ws/install/ros_gz_interfaces/include/ros_gz_interfaces/ros_gz_interfaces/msg/detail/video_record__traits.hpp
[2.443s] -- Up-to-date: /home/jacobrod/worms_ws/install/ros_gz_interfaces/include/ros_gz_interfaces/ros_gz_interfaces/msg/detail/sensor_noise__traits.hpp
[2.443s] -- Up-to-date: /home/jacobrod/worms_ws/install/ros_gz_interfaces/include/ros_gz_interfaces/ros_gz_interfaces/msg/detail/string_vec__traits.hpp
[2.443s] -- Up-to-date: /home/jacobrod/worms_ws/install/ros_gz_interfaces/include/ros_gz_interfaces/ros_gz_interfaces/msg/detail/float32_array__traits.hpp
[2.443s] -- Up-to-date: /home/jacobrod/worms_ws/install/ros_gz_interfaces/include/ros_gz_interfaces/ros_gz_interfaces/msg/detail/joint_wrench__builder.hpp
[2.443s] -- Up-to-date: /home/jacobrod/worms_ws/install/ros_gz_interfaces/include/ros_gz_interfaces/ros_gz_interfaces/msg/detail/float32_array__builder.hpp
[2.444s] -- Up-to-date: /home/jacobrod/worms_ws/install/ros_gz_interfaces/include/ros_gz_interfaces/ros_gz_interfaces/msg/detail/float32_array__struct.hpp
[2.444s] -- Up-to-date: /home/jacobrod/worms_ws/install/ros_gz_interfaces/include/ros_gz_interfaces/ros_gz_interfaces/msg/detail/world_control__struct.hpp
[2.444s] -- Up-to-date: /home/jacobrod/worms_ws/install/ros_gz_interfaces/include/ros_gz_interfaces/ros_gz_interfaces/msg/detail/sensor_noise__struct.hpp
[2.444s] -- Up-to-date: /home/jacobrod/worms_ws/install/ros_gz_interfaces/include/ros_gz_interfaces/ros_gz_interfaces/msg/detail/contacts__traits.hpp
[2.444s] -- Up-to-date: /home/jacobrod/worms_ws/install/ros_gz_interfaces/include/ros_gz_interfaces/ros_gz_interfaces/msg/detail/dataframe__traits.hpp
[2.444s] -- Up-to-date: /home/jacobrod/worms_ws/install/ros_gz_interfaces/include/ros_gz_interfaces/ros_gz_interfaces/msg/detail/track_visual__traits.hpp
[2.444s] -- Up-to-date: /home/jacobrod/worms_ws/install/ros_gz_interfaces/include/ros_gz_interfaces/ros_gz_interfaces/msg/detail/contacts__struct.hpp
[2.444s] -- Up-to-date: /home/jacobrod/worms_ws/install/ros_gz_interfaces/include/ros_gz_interfaces/ros_gz_interfaces/msg/detail/gui_camera__struct.hpp
[2.445s] -- Up-to-date: /home/jacobrod/worms_ws/install/ros_gz_interfaces/include/ros_gz_interfaces/ros_gz_interfaces/msg/detail/light__traits.hpp
[2.445s] -- Up-to-date: /home/jacobrod/worms_ws/install/ros_gz_interfaces/include/ros_gz_interfaces/ros_gz_interfaces/msg/detail/track_visual__builder.hpp
[2.445s] -- Up-to-date: /home/jacobrod/worms_ws/install/ros_gz_interfaces/include/ros_gz_interfaces/ros_gz_interfaces/msg/detail/entity__struct.hpp
[2.445s] -- Up-to-date: /home/jacobrod/worms_ws/install/ros_gz_interfaces/include/ros_gz_interfaces/ros_gz_interfaces/msg/detail/gui_camera__traits.hpp
[2.445s] -- Up-to-date: /home/jacobrod/worms_ws/install/ros_gz_interfaces/include/ros_gz_interfaces/ros_gz_interfaces/msg/detail/track_visual__struct.hpp
[2.446s] -- Up-to-date: /home/jacobrod/worms_ws/install/ros_gz_interfaces/include/ros_gz_interfaces/ros_gz_interfaces/msg/detail/altimeter__traits.hpp
[2.446s] -- Up-to-date: /home/jacobrod/worms_ws/install/ros_gz_interfaces/include/ros_gz_interfaces/ros_gz_interfaces/msg/detail/altimeter__builder.hpp
[2.446s] -- Up-to-date: /home/jacobrod/worms_ws/install/ros_gz_interfaces/include/ros_gz_interfaces/ros_gz_interfaces/msg/detail/video_record__builder.hpp
[2.446s] -- Up-to-date: /home/jacobrod/worms_ws/install/ros_gz_interfaces/include/ros_gz_interfaces/ros_gz_interfaces/msg/detail/altimeter__struct.hpp
[2.446s] -- Up-to-date: /home/jacobrod/worms_ws/install/ros_gz_interfaces/include/ros_gz_interfaces/ros_gz_interfaces/msg/detail/joint_wrench__traits.hpp
[2.446s] -- Up-to-date: /home/jacobrod/worms_ws/install/ros_gz_interfaces/include/ros_gz_interfaces/ros_gz_interfaces/msg/detail/param_vec__struct.hpp
[2.446s] -- Up-to-date: /home/jacobrod/worms_ws/install/ros_gz_interfaces/include/ros_gz_interfaces/ros_gz_interfaces/msg/detail/light__builder.hpp
[2.446s] -- Up-to-date: /home/jacobrod/worms_ws/install/ros_gz_interfaces/include/ros_gz_interfaces/ros_gz_interfaces/msg/detail/entity_factory__struct.hpp
[2.447s] -- Up-to-date: /home/jacobrod/worms_ws/install/ros_gz_interfaces/include/ros_gz_interfaces/ros_gz_interfaces/msg/detail/sensor_noise__builder.hpp
[2.447s] -- Up-to-date: /home/jacobrod/worms_ws/install/ros_gz_interfaces/include/ros_gz_interfaces/ros_gz_interfaces/msg/detail/world_reset__builder.hpp
[2.447s] -- Up-to-date: /home/jacobrod/worms_ws/install/ros_gz_interfaces/include/ros_gz_interfaces/ros_gz_interfaces/msg/detail/contact__builder.hpp
[2.447s] -- Up-to-date: /home/jacobrod/worms_ws/install/ros_gz_interfaces/include/ros_gz_interfaces/ros_gz_interfaces/msg/detail/world_control__builder.hpp
[2.447s] -- Up-to-date: /home/jacobrod/worms_ws/install/ros_gz_interfaces/include/ros_gz_interfaces/ros_gz_interfaces/msg/detail/string_vec__struct.hpp
[2.447s] -- Up-to-date: /home/jacobrod/worms_ws/install/ros_gz_interfaces/include/ros_gz_interfaces/ros_gz_interfaces/msg/detail/entity__traits.hpp
[2.447s] -- Up-to-date: /home/jacobrod/worms_ws/install/ros_gz_interfaces/include/ros_gz_interfaces/ros_gz_interfaces/msg/detail/entity_factory__traits.hpp
[2.447s] -- Up-to-date: /home/jacobrod/worms_ws/install/ros_gz_interfaces/include/ros_gz_interfaces/ros_gz_interfaces/msg/detail/world_reset__struct.hpp
[2.448s] -- Up-to-date: /home/jacobrod/worms_ws/install/ros_gz_interfaces/include/ros_gz_interfaces/ros_gz_interfaces/msg/detail/world_control__traits.hpp
[2.448s] -- Up-to-date: /home/jacobrod/worms_ws/install/ros_gz_interfaces/include/ros_gz_interfaces/ros_gz_interfaces/msg/detail/param_vec__builder.hpp
[2.448s] -- Up-to-date: /home/jacobrod/worms_ws/install/ros_gz_interfaces/include/ros_gz_interfaces/ros_gz_interfaces/msg/detail/dataframe__struct.hpp
[2.448s] -- Up-to-date: /home/jacobrod/worms_ws/install/ros_gz_interfaces/include/ros_gz_interfaces/ros_gz_interfaces/msg/detail/dataframe__builder.hpp
[2.448s] -- Up-to-date: /home/jacobrod/worms_ws/install/ros_gz_interfaces/include/ros_gz_interfaces/ros_gz_interfaces/msg/detail/contacts__builder.hpp
[2.448s] -- Up-to-date: /home/jacobrod/worms_ws/install/ros_gz_interfaces/include/ros_gz_interfaces/ros_gz_interfaces/msg/detail/world_reset__traits.hpp
[2.448s] -- Up-to-date: /home/jacobrod/worms_ws/install/ros_gz_interfaces/include/ros_gz_interfaces/ros_gz_interfaces/msg/detail/entity_factory__builder.hpp
[2.448s] -- Up-to-date: /home/jacobrod/worms_ws/install/ros_gz_interfaces/include/ros_gz_interfaces/ros_gz_interfaces/msg/detail/joint_wrench__struct.hpp
[2.449s] -- Up-to-date: /home/jacobrod/worms_ws/install/ros_gz_interfaces/include/ros_gz_interfaces/ros_gz_interfaces/msg/detail/contact__struct.hpp
[2.449s] -- Up-to-date: /home/jacobrod/worms_ws/install/ros_gz_interfaces/include/ros_gz_interfaces/ros_gz_interfaces/msg/detail/entity__builder.hpp
[2.449s] -- Up-to-date: /home/jacobrod/worms_ws/install/ros_gz_interfaces/include/ros_gz_interfaces/ros_gz_interfaces/msg/detail/param_vec__traits.hpp
[2.449s] -- Up-to-date: /home/jacobrod/worms_ws/install/ros_gz_interfaces/include/ros_gz_interfaces/ros_gz_interfaces/msg/detail/contact__traits.hpp
[2.449s] -- Up-to-date: /home/jacobrod/worms_ws/install/ros_gz_interfaces/include/ros_gz_interfaces/ros_gz_interfaces/msg/detail/light__struct.hpp
[2.449s] -- Up-to-date: /home/jacobrod/worms_ws/install/ros_gz_interfaces/include/ros_gz_interfaces/ros_gz_interfaces/msg/detail/video_record__struct.hpp
[2.449s] -- Up-to-date: /home/jacobrod/worms_ws/install/ros_gz_interfaces/include/ros_gz_interfaces/ros_gz_interfaces/msg/detail/gui_camera__builder.hpp
[2.450s] -- Up-to-date: /home/jacobrod/worms_ws/install/ros_gz_interfaces/include/ros_gz_interfaces/ros_gz_interfaces/msg/world_control.hpp
[2.450s] -- Up-to-date: /home/jacobrod/worms_ws/install/ros_gz_interfaces/include/ros_gz_interfaces/ros_gz_interfaces/msg/string_vec.hpp
[2.450s] -- Up-to-date: /home/jacobrod/worms_ws/install/ros_gz_interfaces/include/ros_gz_interfaces/ros_gz_interfaces/msg/sensor_noise.hpp
[2.450s] -- Up-to-date: /home/jacobrod/worms_ws/install/ros_gz_interfaces/include/ros_gz_interfaces/ros_gz_interfaces/msg/light.hpp
[2.450s] -- Up-to-date: /home/jacobrod/worms_ws/install/ros_gz_interfaces/include/ros_gz_interfaces/ros_gz_interfaces/msg/video_record.hpp
[2.450s] -- Up-to-date: /home/jacobrod/worms_ws/install/ros_gz_interfaces/include/ros_gz_interfaces/ros_gz_interfaces/msg/altimeter.hpp
[2.450s] -- Up-to-date: /home/jacobrod/worms_ws/install/ros_gz_interfaces/include/ros_gz_interfaces/ros_gz_interfaces/msg/entity.hpp
[2.450s] -- Up-to-date: /home/jacobrod/worms_ws/install/ros_gz_interfaces/include/ros_gz_interfaces/ros_gz_interfaces/msg/contacts.hpp
[2.451s] -- Up-to-date: /home/jacobrod/worms_ws/install/ros_gz_interfaces/include/ros_gz_interfaces/ros_gz_interfaces/srv
[2.452s] -- Up-to-date: /home/jacobrod/worms_ws/install/ros_gz_interfaces/include/ros_gz_interfaces/ros_gz_interfaces/srv/delete_entity.hpp
[2.452s] -- Up-to-date: /home/jacobrod/worms_ws/install/ros_gz_interfaces/include/ros_gz_interfaces/ros_gz_interfaces/srv/control_world.hpp
[2.452s] -- Up-to-date: /home/jacobrod/worms_ws/install/ros_gz_interfaces/include/ros_gz_interfaces/ros_gz_interfaces/srv/spawn_entity.hpp
[2.452s] -- Up-to-date: /home/jacobrod/worms_ws/install/ros_gz_interfaces/include/ros_gz_interfaces/ros_gz_interfaces/srv/detail
[2.452s] -- Up-to-date: /home/jacobrod/worms_ws/install/ros_gz_interfaces/include/ros_gz_interfaces/ros_gz_interfaces/srv/detail/spawn_entity__struct.hpp
[2.452s] -- Up-to-date: /home/jacobrod/worms_ws/install/ros_gz_interfaces/include/ros_gz_interfaces/ros_gz_interfaces/srv/detail/set_entity_pose__traits.hpp
[2.452s] -- Up-to-date: /home/jacobrod/worms_ws/install/ros_gz_interfaces/include/ros_gz_interfaces/ros_gz_interfaces/srv/detail/delete_entity__builder.hpp
[2.453s] -- Up-to-date: /home/jacobrod/worms_ws/install/ros_gz_interfaces/include/ros_gz_interfaces/ros_gz_interfaces/srv/detail/set_entity_pose__struct.hpp
[2.453s] -- Up-to-date: /home/jacobrod/worms_ws/install/ros_gz_interfaces/include/ros_gz_interfaces/ros_gz_interfaces/srv/detail/control_world__struct.hpp
[2.453s] -- Up-to-date: /home/jacobrod/worms_ws/install/ros_gz_interfaces/include/ros_gz_interfaces/ros_gz_interfaces/srv/detail/control_world__builder.hpp
[2.453s] -- Up-to-date: /home/jacobrod/worms_ws/install/ros_gz_interfaces/include/ros_gz_interfaces/ros_gz_interfaces/srv/detail/control_world__traits.hpp
[2.453s] -- Up-to-date: /home/jacobrod/worms_ws/install/ros_gz_interfaces/include/ros_gz_interfaces/ros_gz_interfaces/srv/detail/delete_entity__struct.hpp
[2.453s] -- Up-to-date: /home/jacobrod/worms_ws/install/ros_gz_interfaces/include/ros_gz_interfaces/ros_gz_interfaces/srv/detail/set_entity_pose__builder.hpp
[2.453s] -- Up-to-date: /home/jacobrod/worms_ws/install/ros_gz_interfaces/include/ros_gz_interfaces/ros_gz_interfaces/srv/detail/spawn_entity__builder.hpp
[2.453s] -- Up-to-date: /home/jacobrod/worms_ws/install/ros_gz_interfaces/include/ros_gz_interfaces/ros_gz_interfaces/srv/detail/spawn_entity__traits.hpp
[2.454s] -- Up-to-date: /home/jacobrod/worms_ws/install/ros_gz_interfaces/include/ros_gz_interfaces/ros_gz_interfaces/srv/detail/delete_entity__traits.hpp
[2.454s] -- Up-to-date: /home/jacobrod/worms_ws/install/ros_gz_interfaces/include/ros_gz_interfaces/ros_gz_interfaces/srv/set_entity_pose.hpp
[2.454s] -- Up-to-date: /home/jacobrod/worms_ws/install/ros_gz_interfaces/include/ros_gz_interfaces/ros_gz_interfaces
[2.454s] -- Up-to-date: /home/jacobrod/worms_ws/install/ros_gz_interfaces/include/ros_gz_interfaces/ros_gz_interfaces/msg
[2.454s] -- Up-to-date: /home/jacobrod/worms_ws/install/ros_gz_interfaces/include/ros_gz_interfaces/ros_gz_interfaces/msg/detail
[2.454s] -- Up-to-date: /home/jacobrod/worms_ws/install/ros_gz_interfaces/include/ros_gz_interfaces/ros_gz_interfaces/msg/detail/contact__rosidl_typesupport_fastrtps_cpp.hpp
[2.454s] -- Up-to-date: /home/jacobrod/worms_ws/install/ros_gz_interfaces/include/ros_gz_interfaces/ros_gz_interfaces/msg/detail/video_record__rosidl_typesupport_fastrtps_cpp.hpp
[2.455s] -- Up-to-date: /home/jacobrod/worms_ws/install/ros_gz_interfaces/include/ros_gz_interfaces/ros_gz_interfaces/msg/detail/entity__rosidl_typesupport_fastrtps_cpp.hpp
[2.455s] -- Up-to-date: /home/jacobrod/worms_ws/install/ros_gz_interfaces/include/ros_gz_interfaces/ros_gz_interfaces/msg/detail/joint_wrench__rosidl_typesupport_fastrtps_cpp.hpp
[2.455s] -- Up-to-date: /home/jacobrod/worms_ws/install/ros_gz_interfaces/include/ros_gz_interfaces/ros_gz_interfaces/msg/detail/world_control__rosidl_typesupport_fastrtps_cpp.hpp
[2.455s] -- Up-to-date: /home/jacobrod/worms_ws/install/ros_gz_interfaces/include/ros_gz_interfaces/ros_gz_interfaces/msg/detail/sensor_noise__rosidl_typesupport_fastrtps_cpp.hpp
[2.455s] -- Up-to-date: /home/jacobrod/worms_ws/install/ros_gz_interfaces/include/ros_gz_interfaces/ros_gz_interfaces/msg/detail/entity_factory__rosidl_typesupport_fastrtps_cpp.hpp
[2.455s] -- Up-to-date: /home/jacobrod/worms_ws/install/ros_gz_interfaces/include/ros_gz_interfaces/ros_gz_interfaces/msg/detail/gui_camera__rosidl_typesupport_fastrtps_cpp.hpp
[2.455s] -- Up-to-date: /home/jacobrod/worms_ws/install/ros_gz_interfaces/include/ros_gz_interfaces/ros_gz_interfaces/msg/detail/light__rosidl_typesupport_fastrtps_cpp.hpp
[2.455s] -- Up-to-date: /home/jacobrod/worms_ws/install/ros_gz_interfaces/include/ros_gz_interfaces/ros_gz_interfaces/msg/detail/contacts__rosidl_typesupport_fastrtps_cpp.hpp
[2.456s] -- Up-to-date: /home/jacobrod/worms_ws/install/ros_gz_interfaces/include/ros_gz_interfaces/ros_gz_interfaces/msg/detail/dataframe__rosidl_typesupport_fastrtps_cpp.hpp
[2.456s] -- Up-to-date: /home/jacobrod/worms_ws/install/ros_gz_interfaces/include/ros_gz_interfaces/ros_gz_interfaces/msg/detail/track_visual__rosidl_typesupport_fastrtps_cpp.hpp
[2.456s] -- Up-to-date: /home/jacobrod/worms_ws/install/ros_gz_interfaces/include/ros_gz_interfaces/ros_gz_interfaces/msg/detail/dds_fastrtps
[2.456s] -- Up-to-date: /home/jacobrod/worms_ws/install/ros_gz_interfaces/include/ros_gz_interfaces/ros_gz_interfaces/msg/detail/float32_array__rosidl_typesupport_fastrtps_cpp.hpp
[2.456s] -- Up-to-date: /home/jacobrod/worms_ws/install/ros_gz_interfaces/include/ros_gz_interfaces/ros_gz_interfaces/msg/detail/altimeter__rosidl_typesupport_fastrtps_cpp.hpp
[2.456s] -- Up-to-date: /home/jacobrod/worms_ws/install/ros_gz_interfaces/include/ros_gz_interfaces/ros_gz_interfaces/msg/detail/param_vec__rosidl_typesupport_fastrtps_cpp.hpp
[2.456s] -- Up-to-date: /home/jacobrod/worms_ws/install/ros_gz_interfaces/include/ros_gz_interfaces/ros_gz_interfaces/msg/detail/world_reset__rosidl_typesupport_fastrtps_cpp.hpp
[2.456s] -- Up-to-date: /home/jacobrod/worms_ws/install/ros_gz_interfaces/include/ros_gz_interfaces/ros_gz_interfaces/msg/detail/string_vec__rosidl_typesupport_fastrtps_cpp.hpp
[2.457s] -- Up-to-date: /home/jacobrod/worms_ws/install/ros_gz_interfaces/include/ros_gz_interfaces/ros_gz_interfaces/msg/rosidl_typesupport_fastrtps_cpp__visibility_control.h
[2.457s] -- Up-to-date: /home/jacobrod/worms_ws/install/ros_gz_interfaces/include/ros_gz_interfaces/ros_gz_interfaces/srv
[2.457s] -- Up-to-date: /home/jacobrod/worms_ws/install/ros_gz_interfaces/include/ros_gz_interfaces/ros_gz_interfaces/srv/detail
[2.457s] -- Up-to-date: /home/jacobrod/worms_ws/install/ros_gz_interfaces/include/ros_gz_interfaces/ros_gz_interfaces/srv/detail/control_world__rosidl_typesupport_fastrtps_cpp.hpp
[2.457s] -- Up-to-date: /home/jacobrod/worms_ws/install/ros_gz_interfaces/include/ros_gz_interfaces/ros_gz_interfaces/srv/detail/delete_entity__rosidl_typesupport_fastrtps_cpp.hpp
[2.457s] -- Up-to-date: /home/jacobrod/worms_ws/install/ros_gz_interfaces/include/ros_gz_interfaces/ros_gz_interfaces/srv/detail/dds_fastrtps
[2.457s] -- Up-to-date: /home/jacobrod/worms_ws/install/ros_gz_interfaces/include/ros_gz_interfaces/ros_gz_interfaces/srv/detail/spawn_entity__rosidl_typesupport_fastrtps_cpp.hpp
[2.458s] -- Up-to-date: /home/jacobrod/worms_ws/install/ros_gz_interfaces/include/ros_gz_interfaces/ros_gz_interfaces/srv/detail/set_entity_pose__rosidl_typesupport_fastrtps_cpp.hpp
[2.458s] -- Up-to-date: /home/jacobrod/worms_ws/install/ros_gz_interfaces/lib/libros_gz_interfaces__rosidl_typesupport_fastrtps_cpp.so
[2.458s] -- Up-to-date: /home/jacobrod/worms_ws/install/ros_gz_interfaces/include/ros_gz_interfaces/ros_gz_interfaces
[2.458s] -- Up-to-date: /home/jacobrod/worms_ws/install/ros_gz_interfaces/include/ros_gz_interfaces/ros_gz_interfaces/msg
[2.458s] -- Up-to-date: /home/jacobrod/worms_ws/install/ros_gz_interfaces/include/ros_gz_interfaces/ros_gz_interfaces/msg/rosidl_typesupport_introspection_c__visibility_control.h
[2.458s] -- Up-to-date: /home/jacobrod/worms_ws/install/ros_gz_interfaces/include/ros_gz_interfaces/ros_gz_interfaces/msg/detail
[2.458s] -- Up-to-date: /home/jacobrod/worms_ws/install/ros_gz_interfaces/include/ros_gz_interfaces/ros_gz_interfaces/msg/detail/entity_factory__type_support.c
[2.458s] -- Up-to-date: /home/jacobrod/worms_ws/install/ros_gz_interfaces/include/ros_gz_interfaces/ros_gz_interfaces/msg/detail/entity__type_support.c
[2.459s] -- Up-to-date: /home/jacobrod/worms_ws/install/ros_gz_interfaces/include/ros_gz_interfaces/ros_gz_interfaces/msg/detail/light__type_support.c
[2.459s] -- Up-to-date: /home/jacobrod/worms_ws/install/ros_gz_interfaces/include/ros_gz_interfaces/ros_gz_interfaces/msg/detail/contacts__rosidl_typesupport_introspection_c.h
[2.459s] -- Up-to-date: /home/jacobrod/worms_ws/install/ros_gz_interfaces/include/ros_gz_interfaces/ros_gz_interfaces/msg/detail/string_vec__rosidl_typesupport_introspection_c.h
[2.459s] -- Up-to-date: /home/jacobrod/worms_ws/install/ros_gz_interfaces/include/ros_gz_interfaces/ros_gz_interfaces/msg/detail/param_vec__type_support.c
[2.459s] -- Up-to-date: /home/jacobrod/worms_ws/install/ros_gz_interfaces/include/ros_gz_interfaces/ros_gz_interfaces/msg/detail/param_vec__rosidl_typesupport_introspection_c.h
[2.459s] -- Up-to-date: /home/jacobrod/worms_ws/install/ros_gz_interfaces/include/ros_gz_interfaces/ros_gz_interfaces/msg/detail/track_visual__rosidl_typesupport_introspection_c.h
[2.459s] -- Up-to-date: /home/jacobrod/worms_ws/install/ros_gz_interfaces/include/ros_gz_interfaces/ros_gz_interfaces/msg/detail/altimeter__type_support.c
[2.459s] -- Up-to-date: /home/jacobrod/worms_ws/install/ros_gz_interfaces/include/ros_gz_interfaces/ros_gz_interfaces/msg/detail/contacts__type_support.c
[2.460s] -- Up-to-date: /home/jacobrod/worms_ws/install/ros_gz_interfaces/include/ros_gz_interfaces/ros_gz_interfaces/msg/detail/dataframe__rosidl_typesupport_introspection_c.h
[2.460s] -- Up-to-date: /home/jacobrod/worms_ws/install/ros_gz_interfaces/include/ros_gz_interfaces/ros_gz_interfaces/msg/detail/track_visual__type_support.c
[2.460s] -- Up-to-date: /home/jacobrod/worms_ws/install/ros_gz_interfaces/include/ros_gz_interfaces/ros_gz_interfaces/msg/detail/contact__rosidl_typesupport_introspection_c.h
[2.460s] -- Up-to-date: /home/jacobrod/worms_ws/install/ros_gz_interfaces/include/ros_gz_interfaces/ros_gz_interfaces/msg/detail/altimeter__rosidl_typesupport_introspection_c.h
[2.460s] -- Up-to-date: /home/jacobrod/worms_ws/install/ros_gz_interfaces/include/ros_gz_interfaces/ros_gz_interfaces/msg/detail/world_control__rosidl_typesupport_introspection_c.h
[2.460s] -- Up-to-date: /home/jacobrod/worms_ws/install/ros_gz_interfaces/include/ros_gz_interfaces/ros_gz_interfaces/msg/detail/dataframe__type_support.c
[2.460s] -- Up-to-date: /home/jacobrod/worms_ws/install/ros_gz_interfaces/include/ros_gz_interfaces/ros_gz_interfaces/msg/detail/world_reset__rosidl_typesupport_introspection_c.h
[2.460s] -- Up-to-date: /home/jacobrod/worms_ws/install/ros_gz_interfaces/include/ros_gz_interfaces/ros_gz_interfaces/msg/detail/sensor_noise__type_support.c
[2.460s] -- Up-to-date: /home/jacobrod/worms_ws/install/ros_gz_interfaces/include/ros_gz_interfaces/ros_gz_interfaces/msg/detail/entity__rosidl_typesupport_introspection_c.h
[2.461s] -- Up-to-date: /home/jacobrod/worms_ws/install/ros_gz_interfaces/include/ros_gz_interfaces/ros_gz_interfaces/msg/detail/video_record__rosidl_typesupport_introspection_c.h
[2.461s] -- Up-to-date: /home/jacobrod/worms_ws/install/ros_gz_interfaces/include/ros_gz_interfaces/ros_gz_interfaces/msg/detail/sensor_noise__rosidl_typesupport_introspection_c.h
[2.461s] -- Up-to-date: /home/jacobrod/worms_ws/install/ros_gz_interfaces/include/ros_gz_interfaces/ros_gz_interfaces/msg/detail/video_record__type_support.c
[2.461s] -- Up-to-date: /home/jacobrod/worms_ws/install/ros_gz_interfaces/include/ros_gz_interfaces/ros_gz_interfaces/msg/detail/entity_factory__rosidl_typesupport_introspection_c.h
[2.461s] -- Up-to-date: /home/jacobrod/worms_ws/install/ros_gz_interfaces/include/ros_gz_interfaces/ros_gz_interfaces/msg/detail/float32_array__rosidl_typesupport_introspection_c.h
[2.461s] -- Up-to-date: /home/jacobrod/worms_ws/install/ros_gz_interfaces/include/ros_gz_interfaces/ros_gz_interfaces/msg/detail/gui_camera__rosidl_typesupport_introspection_c.h
[2.461s] -- Up-to-date: /home/jacobrod/worms_ws/install/ros_gz_interfaces/include/ros_gz_interfaces/ros_gz_interfaces/msg/detail/world_reset__type_support.c
[2.461s] -- Up-to-date: /home/jacobrod/worms_ws/install/ros_gz_interfaces/include/ros_gz_interfaces/ros_gz_interfaces/msg/detail/joint_wrench__type_support.c
[2.462s] -- Up-to-date: /home/jacobrod/worms_ws/install/ros_gz_interfaces/include/ros_gz_interfaces/ros_gz_interfaces/msg/detail/string_vec__type_support.c
[2.462s] -- Up-to-date: /home/jacobrod/worms_ws/install/ros_gz_interfaces/include/ros_gz_interfaces/ros_gz_interfaces/msg/detail/joint_wrench__rosidl_typesupport_introspection_c.h
[2.462s] -- Up-to-date: /home/jacobrod/worms_ws/install/ros_gz_interfaces/include/ros_gz_interfaces/ros_gz_interfaces/msg/detail/world_control__type_support.c
[2.462s] -- Up-to-date: /home/jacobrod/worms_ws/install/ros_gz_interfaces/include/ros_gz_interfaces/ros_gz_interfaces/msg/detail/float32_array__type_support.c
[2.462s] -- Up-to-date: /home/jacobrod/worms_ws/install/ros_gz_interfaces/include/ros_gz_interfaces/ros_gz_interfaces/msg/detail/gui_camera__type_support.c
[2.462s] -- Up-to-date: /home/jacobrod/worms_ws/install/ros_gz_interfaces/include/ros_gz_interfaces/ros_gz_interfaces/msg/detail/light__rosidl_typesupport_introspection_c.h
[2.462s] -- Up-to-date: /home/jacobrod/worms_ws/install/ros_gz_interfaces/include/ros_gz_interfaces/ros_gz_interfaces/msg/detail/contact__type_support.c
[2.462s] -- Up-to-date: /home/jacobrod/worms_ws/install/ros_gz_interfaces/include/ros_gz_interfaces/ros_gz_interfaces/srv
[2.463s] -- Up-to-date: /home/jacobrod/worms_ws/install/ros_gz_interfaces/include/ros_gz_interfaces/ros_gz_interfaces/srv/detail
[2.463s] -- Up-to-date: /home/jacobrod/worms_ws/install/ros_gz_interfaces/include/ros_gz_interfaces/ros_gz_interfaces/srv/detail/delete_entity__type_support.c
[2.463s] -- Up-to-date: /home/jacobrod/worms_ws/install/ros_gz_interfaces/include/ros_gz_interfaces/ros_gz_interfaces/srv/detail/set_entity_pose__type_support.c
[2.463s] -- Up-to-date: /home/jacobrod/worms_ws/install/ros_gz_interfaces/include/ros_gz_interfaces/ros_gz_interfaces/srv/detail/spawn_entity__rosidl_typesupport_introspection_c.h
[2.463s] -- Up-to-date: /home/jacobrod/worms_ws/install/ros_gz_interfaces/include/ros_gz_interfaces/ros_gz_interfaces/srv/detail/set_entity_pose__rosidl_typesupport_introspection_c.h
[2.464s] -- Up-to-date: /home/jacobrod/worms_ws/install/ros_gz_interfaces/include/ros_gz_interfaces/ros_gz_interfaces/srv/detail/control_world__rosidl_typesupport_introspection_c.h
[2.464s] -- Up-to-date: /home/jacobrod/worms_ws/install/ros_gz_interfaces/include/ros_gz_interfaces/ros_gz_interfaces/srv/detail/spawn_entity__type_support.c
[2.464s] -- Up-to-date: /home/jacobrod/worms_ws/install/ros_gz_interfaces/include/ros_gz_interfaces/ros_gz_interfaces/srv/detail/delete_entity__rosidl_typesupport_introspection_c.h
[2.464s] -- Up-to-date: /home/jacobrod/worms_ws/install/ros_gz_interfaces/include/ros_gz_interfaces/ros_gz_interfaces/srv/detail/control_world__type_support.c
[2.465s] -- Up-to-date: /home/jacobrod/worms_ws/install/ros_gz_interfaces/lib/libros_gz_interfaces__rosidl_typesupport_introspection_c.so
[2.465s] -- Up-to-date: /home/jacobrod/worms_ws/install/ros_gz_interfaces/lib/libros_gz_interfaces__rosidl_typesupport_c.so
[2.465s] -- Up-to-date: /home/jacobrod/worms_ws/install/ros_gz_interfaces/include/ros_gz_interfaces/ros_gz_interfaces
[2.465s] -- Up-to-date: /home/jacobrod/worms_ws/install/ros_gz_interfaces/include/ros_gz_interfaces/ros_gz_interfaces/msg
[2.465s] -- Up-to-date: /home/jacobrod/worms_ws/install/ros_gz_interfaces/include/ros_gz_interfaces/ros_gz_interfaces/msg/detail
[2.466s] -- Up-to-date: /home/jacobrod/worms_ws/install/ros_gz_interfaces/include/ros_gz_interfaces/ros_gz_interfaces/msg/detail/param_vec__type_support.cpp
[2.466s] -- Up-to-date: /home/jacobrod/worms_ws/install/ros_gz_interfaces/include/ros_gz_interfaces/ros_gz_interfaces/msg/detail/float32_array__rosidl_typesupport_introspection_cpp.hpp
[2.466s] -- Up-to-date: /home/jacobrod/worms_ws/install/ros_gz_interfaces/include/ros_gz_interfaces/ros_gz_interfaces/msg/detail/world_reset__rosidl_typesupport_introspection_cpp.hpp
[2.466s] -- Up-to-date: /home/jacobrod/worms_ws/install/ros_gz_interfaces/include/ros_gz_interfaces/ros_gz_interfaces/msg/detail/entity_factory__type_support.cpp
[2.466s] -- Up-to-date: /home/jacobrod/worms_ws/install/ros_gz_interfaces/include/ros_gz_interfaces/ros_gz_interfaces/msg/detail/world_control__type_support.cpp
[2.466s] -- Up-to-date: /home/jacobrod/worms_ws/install/ros_gz_interfaces/include/ros_gz_interfaces/ros_gz_interfaces/msg/detail/param_vec__rosidl_typesupport_introspection_cpp.hpp
[2.467s] -- Up-to-date: /home/jacobrod/worms_ws/install/ros_gz_interfaces/include/ros_gz_interfaces/ros_gz_interfaces/msg/detail/contacts__rosidl_typesupport_introspection_cpp.hpp
[2.467s] -- Up-to-date: /home/jacobrod/worms_ws/install/ros_gz_interfaces/include/ros_gz_interfaces/ros_gz_interfaces/msg/detail/joint_wrench__rosidl_typesupport_introspection_cpp.hpp
[2.467s] -- Up-to-date: /home/jacobrod/worms_ws/install/ros_gz_interfaces/include/ros_gz_interfaces/ros_gz_interfaces/msg/detail/video_record__rosidl_typesupport_introspection_cpp.hpp
[2.467s] -- Up-to-date: /home/jacobrod/worms_ws/install/ros_gz_interfaces/include/ros_gz_interfaces/ros_gz_interfaces/msg/detail/track_visual__rosidl_typesupport_introspection_cpp.hpp
[2.467s] -- Up-to-date: /home/jacobrod/worms_ws/install/ros_gz_interfaces/include/ros_gz_interfaces/ros_gz_interfaces/msg/detail/string_vec__rosidl_typesupport_introspection_cpp.hpp
[2.467s] -- Up-to-date: /home/jacobrod/worms_ws/install/ros_gz_interfaces/include/ros_gz_interfaces/ros_gz_interfaces/msg/detail/light__rosidl_typesupport_introspection_cpp.hpp
[2.467s] -- Up-to-date: /home/jacobrod/worms_ws/install/ros_gz_interfaces/include/ros_gz_interfaces/ros_gz_interfaces/msg/detail/track_visual__type_support.cpp
[2.467s] -- Up-to-date: /home/jacobrod/worms_ws/install/ros_gz_interfaces/include/ros_gz_interfaces/ros_gz_interfaces/msg/detail/video_record__type_support.cpp
[2.468s] -- Up-to-date: /home/jacobrod/worms_ws/install/ros_gz_interfaces/include/ros_gz_interfaces/ros_gz_interfaces/msg/detail/entity_factory__rosidl_typesupport_introspection_cpp.hpp
[2.468s] -- Up-to-date: /home/jacobrod/worms_ws/install/ros_gz_interfaces/include/ros_gz_interfaces/ros_gz_interfaces/msg/detail/sensor_noise__type_support.cpp
[2.468s] -- Up-to-date: /home/jacobrod/worms_ws/install/ros_gz_interfaces/include/ros_gz_interfaces/ros_gz_interfaces/msg/detail/world_reset__type_support.cpp
[2.468s] -- Up-to-date: /home/jacobrod/worms_ws/install/ros_gz_interfaces/include/ros_gz_interfaces/ros_gz_interfaces/msg/detail/contact__type_support.cpp
[2.468s] -- Up-to-date: /home/jacobrod/worms_ws/install/ros_gz_interfaces/include/ros_gz_interfaces/ros_gz_interfaces/msg/detail/altimeter__rosidl_typesupport_introspection_cpp.hpp
[2.468s] -- Up-to-date: /home/jacobrod/worms_ws/install/ros_gz_interfaces/include/ros_gz_interfaces/ros_gz_interfaces/msg/detail/string_vec__type_support.cpp
[2.468s] -- Up-to-date: /home/jacobrod/worms_ws/install/ros_gz_interfaces/include/ros_gz_interfaces/ros_gz_interfaces/msg/detail/float32_array__type_support.cpp
[2.468s] -- Up-to-date: /home/jacobrod/worms_ws/install/ros_gz_interfaces/include/ros_gz_interfaces/ros_gz_interfaces/msg/detail/sensor_noise__rosidl_typesupport_introspection_cpp.hpp
[2.468s] -- Up-to-date: /home/jacobrod/worms_ws/install/ros_gz_interfaces/include/ros_gz_interfaces/ros_gz_interfaces/msg/detail/world_control__rosidl_typesupport_introspection_cpp.hpp
[2.469s] -- Up-to-date: /home/jacobrod/worms_ws/install/ros_gz_interfaces/include/ros_gz_interfaces/ros_gz_interfaces/msg/detail/light__type_support.cpp
[2.469s] -- Up-to-date: /home/jacobrod/worms_ws/install/ros_gz_interfaces/include/ros_gz_interfaces/ros_gz_interfaces/msg/detail/dataframe__type_support.cpp
[2.469s] -- Up-to-date: /home/jacobrod/worms_ws/install/ros_gz_interfaces/include/ros_gz_interfaces/ros_gz_interfaces/msg/detail/contacts__type_support.cpp
[2.469s] -- Up-to-date: /home/jacobrod/worms_ws/install/ros_gz_interfaces/include/ros_gz_interfaces/ros_gz_interfaces/msg/detail/gui_camera__type_support.cpp
[2.469s] -- Up-to-date: /home/jacobrod/worms_ws/install/ros_gz_interfaces/include/ros_gz_interfaces/ros_gz_interfaces/msg/detail/gui_camera__rosidl_typesupport_introspection_cpp.hpp
[2.469s] -- Up-to-date: /home/jacobrod/worms_ws/install/ros_gz_interfaces/include/ros_gz_interfaces/ros_gz_interfaces/msg/detail/dataframe__rosidl_typesupport_introspection_cpp.hpp
[2.469s] -- Up-to-date: /home/jacobrod/worms_ws/install/ros_gz_interfaces/include/ros_gz_interfaces/ros_gz_interfaces/msg/detail/contact__rosidl_typesupport_introspection_cpp.hpp
[2.469s] -- Up-to-date: /home/jacobrod/worms_ws/install/ros_gz_interfaces/include/ros_gz_interfaces/ros_gz_interfaces/msg/detail/entity__type_support.cpp
[2.470s] -- Up-to-date: /home/jacobrod/worms_ws/install/ros_gz_interfaces/include/ros_gz_interfaces/ros_gz_interfaces/msg/detail/entity__rosidl_typesupport_introspection_cpp.hpp
[2.470s] -- Up-to-date: /home/jacobrod/worms_ws/install/ros_gz_interfaces/include/ros_gz_interfaces/ros_gz_interfaces/msg/detail/altimeter__type_support.cpp
[2.470s] -- Up-to-date: /home/jacobrod/worms_ws/install/ros_gz_interfaces/include/ros_gz_interfaces/ros_gz_interfaces/msg/detail/joint_wrench__type_support.cpp
[2.470s] -- Up-to-date: /home/jacobrod/worms_ws/install/ros_gz_interfaces/include/ros_gz_interfaces/ros_gz_interfaces/srv
[2.470s] -- Up-to-date: /home/jacobrod/worms_ws/install/ros_gz_interfaces/include/ros_gz_interfaces/ros_gz_interfaces/srv/detail
[2.470s] -- Up-to-date: /home/jacobrod/worms_ws/install/ros_gz_interfaces/include/ros_gz_interfaces/ros_gz_interfaces/srv/detail/delete_entity__type_support.cpp
[2.470s] -- Up-to-date: /home/jacobrod/worms_ws/install/ros_gz_interfaces/include/ros_gz_interfaces/ros_gz_interfaces/srv/detail/set_entity_pose__type_support.cpp
[2.470s] -- Up-to-date: /home/jacobrod/worms_ws/install/ros_gz_interfaces/include/ros_gz_interfaces/ros_gz_interfaces/srv/detail/control_world__rosidl_typesupport_introspection_cpp.hpp
[2.470s] -- Up-to-date: /home/jacobrod/worms_ws/install/ros_gz_interfaces/include/ros_gz_interfaces/ros_gz_interfaces/srv/detail/delete_entity__rosidl_typesupport_introspection_cpp.hpp
[2.471s] -- Up-to-date: /home/jacobrod/worms_ws/install/ros_gz_interfaces/include/ros_gz_interfaces/ros_gz_interfaces/srv/detail/spawn_entity__rosidl_typesupport_introspection_cpp.hpp
[2.471s] -- Up-to-date: /home/jacobrod/worms_ws/install/ros_gz_interfaces/include/ros_gz_interfaces/ros_gz_interfaces/srv/detail/control_world__type_support.cpp
[2.471s] -- Up-to-date: /home/jacobrod/worms_ws/install/ros_gz_interfaces/include/ros_gz_interfaces/ros_gz_interfaces/srv/detail/spawn_entity__type_support.cpp
[2.471s] -- Up-to-date: /home/jacobrod/worms_ws/install/ros_gz_interfaces/include/ros_gz_interfaces/ros_gz_interfaces/srv/detail/set_entity_pose__rosidl_typesupport_introspection_cpp.hpp
[2.471s] -- Up-to-date: /home/jacobrod/worms_ws/install/ros_gz_interfaces/lib/libros_gz_interfaces__rosidl_typesupport_introspection_cpp.so
[2.472s] -- Up-to-date: /home/jacobrod/worms_ws/install/ros_gz_interfaces/lib/libros_gz_interfaces__rosidl_typesupport_cpp.so
[2.473s] -- Up-to-date: /home/jacobrod/worms_ws/install/ros_gz_interfaces/share/ros_gz_interfaces/environment/pythonpath.sh
[2.473s] -- Up-to-date: /home/jacobrod/worms_ws/install/ros_gz_interfaces/share/ros_gz_interfaces/environment/pythonpath.dsv
[2.473s] -- Up-to-date: /home/jacobrod/worms_ws/install/ros_gz_interfaces/local/lib/python3.10/dist-packages/ros_gz_interfaces-0.244.11-py3.10.egg-info
[2.473s] -- Installing: /home/jacobrod/worms_ws/install/ros_gz_interfaces/local/lib/python3.10/dist-packages/ros_gz_interfaces-0.244.11-py3.10.egg-info/PKG-INFO
[2.473s] -- Installing: /home/jacobrod/worms_ws/install/ros_gz_interfaces/local/lib/python3.10/dist-packages/ros_gz_interfaces-0.244.11-py3.10.egg-info/dependency_links.txt
[2.473s] -- Installing: /home/jacobrod/worms_ws/install/ros_gz_interfaces/local/lib/python3.10/dist-packages/ros_gz_interfaces-0.244.11-py3.10.egg-info/top_level.txt
[2.473s] -- Installing: /home/jacobrod/worms_ws/install/ros_gz_interfaces/local/lib/python3.10/dist-packages/ros_gz_interfaces-0.244.11-py3.10.egg-info/SOURCES.txt
[2.473s] -- Up-to-date: /home/jacobrod/worms_ws/install/ros_gz_interfaces/local/lib/python3.10/dist-packages/ros_gz_interfaces
[2.473s] -- Up-to-date: /home/jacobrod/worms_ws/install/ros_gz_interfaces/local/lib/python3.10/dist-packages/ros_gz_interfaces/_ros_gz_interfaces_s.ep.rosidl_typesupport_c.c
[2.474s] -- Up-to-date: /home/jacobrod/worms_ws/install/ros_gz_interfaces/local/lib/python3.10/dist-packages/ros_gz_interfaces/msg
[2.474s] -- Up-to-date: /home/jacobrod/worms_ws/install/ros_gz_interfaces/local/lib/python3.10/dist-packages/ros_gz_interfaces/msg/_joint_wrench.py
[2.474s] -- Up-to-date: /home/jacobrod/worms_ws/install/ros_gz_interfaces/local/lib/python3.10/dist-packages/ros_gz_interfaces/msg/_joint_wrench_s.c
[2.474s] -- Up-to-date: /home/jacobrod/worms_ws/install/ros_gz_interfaces/local/lib/python3.10/dist-packages/ros_gz_interfaces/msg/_param_vec_s.c
[2.474s] -- Up-to-date: /home/jacobrod/worms_ws/install/ros_gz_interfaces/local/lib/python3.10/dist-packages/ros_gz_interfaces/msg/_altimeter.py
[2.474s] -- Up-to-date: /home/jacobrod/worms_ws/install/ros_gz_interfaces/local/lib/python3.10/dist-packages/ros_gz_interfaces/msg/_param_vec.py
[2.474s] -- Up-to-date: /home/jacobrod/worms_ws/install/ros_gz_interfaces/local/lib/python3.10/dist-packages/ros_gz_interfaces/msg/_contact.py
[2.474s] -- Up-to-date: /home/jacobrod/worms_ws/install/ros_gz_interfaces/local/lib/python3.10/dist-packages/ros_gz_interfaces/msg/_dataframe.py
[2.475s] -- Up-to-date: /home/jacobrod/worms_ws/install/ros_gz_interfaces/local/lib/python3.10/dist-packages/ros_gz_interfaces/msg/_entity_factory.py
[2.475s] -- Up-to-date: /home/jacobrod/worms_ws/install/ros_gz_interfaces/local/lib/python3.10/dist-packages/ros_gz_interfaces/msg/_entity_factory_s.c
[2.475s] -- Up-to-date: /home/jacobrod/worms_ws/install/ros_gz_interfaces/local/lib/python3.10/dist-packages/ros_gz_interfaces/msg/_light_s.c
[2.475s] -- Up-to-date: /home/jacobrod/worms_ws/install/ros_gz_interfaces/local/lib/python3.10/dist-packages/ros_gz_interfaces/msg/_world_reset.py
[2.475s] -- Up-to-date: /home/jacobrod/worms_ws/install/ros_gz_interfaces/local/lib/python3.10/dist-packages/ros_gz_interfaces/msg/_gui_camera_s.c
[2.475s] -- Up-to-date: /home/jacobrod/worms_ws/install/ros_gz_interfaces/local/lib/python3.10/dist-packages/ros_gz_interfaces/msg/_track_visual_s.c
[2.475s] -- Up-to-date: /home/jacobrod/worms_ws/install/ros_gz_interfaces/local/lib/python3.10/dist-packages/ros_gz_interfaces/msg/_sensor_noise_s.c
[2.475s] -- Up-to-date: /home/jacobrod/worms_ws/install/ros_gz_interfaces/local/lib/python3.10/dist-packages/ros_gz_interfaces/msg/_video_record.py
[2.475s] -- Up-to-date: /home/jacobrod/worms_ws/install/ros_gz_interfaces/local/lib/python3.10/dist-packages/ros_gz_interfaces/msg/_contacts_s.c
[2.476s] -- Up-to-date: /home/jacobrod/worms_ws/install/ros_gz_interfaces/local/lib/python3.10/dist-packages/ros_gz_interfaces/msg/_contacts.py
[2.476s] -- Up-to-date: /home/jacobrod/worms_ws/install/ros_gz_interfaces/local/lib/python3.10/dist-packages/ros_gz_interfaces/msg/_light.py
[2.476s] -- Up-to-date: /home/jacobrod/worms_ws/install/ros_gz_interfaces/local/lib/python3.10/dist-packages/ros_gz_interfaces/msg/_track_visual.py
[2.476s] -- Up-to-date: /home/jacobrod/worms_ws/install/ros_gz_interfaces/local/lib/python3.10/dist-packages/ros_gz_interfaces/msg/_world_reset_s.c
[2.476s] -- Up-to-date: /home/jacobrod/worms_ws/install/ros_gz_interfaces/local/lib/python3.10/dist-packages/ros_gz_interfaces/msg/_float32_array_s.c
[2.476s] -- Up-to-date: /home/jacobrod/worms_ws/install/ros_gz_interfaces/local/lib/python3.10/dist-packages/ros_gz_interfaces/msg/_altimeter_s.c
[2.476s] -- Up-to-date: /home/jacobrod/worms_ws/install/ros_gz_interfaces/local/lib/python3.10/dist-packages/ros_gz_interfaces/msg/_string_vec_s.c
[2.476s] -- Up-to-date: /home/jacobrod/worms_ws/install/ros_gz_interfaces/local/lib/python3.10/dist-packages/ros_gz_interfaces/msg/_string_vec.py
[2.476s] -- Up-to-date: /home/jacobrod/worms_ws/install/ros_gz_interfaces/local/lib/python3.10/dist-packages/ros_gz_interfaces/msg/_entity.py
[2.477s] -- Up-to-date: /home/jacobrod/worms_ws/install/ros_gz_interfaces/local/lib/python3.10/dist-packages/ros_gz_interfaces/msg/_gui_camera.py
[2.477s] -- Up-to-date: /home/jacobrod/worms_ws/install/ros_gz_interfaces/local/lib/python3.10/dist-packages/ros_gz_interfaces/msg/_world_control_s.c
[2.477s] -- Up-to-date: /home/jacobrod/worms_ws/install/ros_gz_interfaces/local/lib/python3.10/dist-packages/ros_gz_interfaces/msg/_entity_s.c
[2.477s] -- Up-to-date: /home/jacobrod/worms_ws/install/ros_gz_interfaces/local/lib/python3.10/dist-packages/ros_gz_interfaces/msg/_contact_s.c
[2.477s] -- Up-to-date: /home/jacobrod/worms_ws/install/ros_gz_interfaces/local/lib/python3.10/dist-packages/ros_gz_interfaces/msg/_world_control.py
[2.477s] -- Up-to-date: /home/jacobrod/worms_ws/install/ros_gz_interfaces/local/lib/python3.10/dist-packages/ros_gz_interfaces/msg/_sensor_noise.py
[2.477s] -- Up-to-date: /home/jacobrod/worms_ws/install/ros_gz_interfaces/local/lib/python3.10/dist-packages/ros_gz_interfaces/msg/_float32_array.py
[2.478s] -- Up-to-date: /home/jacobrod/worms_ws/install/ros_gz_interfaces/local/lib/python3.10/dist-packages/ros_gz_interfaces/msg/_video_record_s.c
[2.478s] -- Up-to-date: /home/jacobrod/worms_ws/install/ros_gz_interfaces/local/lib/python3.10/dist-packages/ros_gz_interfaces/msg/__init__.py
[2.478s] -- Up-to-date: /home/jacobrod/worms_ws/install/ros_gz_interfaces/local/lib/python3.10/dist-packages/ros_gz_interfaces/msg/_dataframe_s.c
[2.478s] -- Up-to-date: /home/jacobrod/worms_ws/install/ros_gz_interfaces/local/lib/python3.10/dist-packages/ros_gz_interfaces/libros_gz_interfaces__rosidl_generator_py.so
[2.478s] -- Up-to-date: /home/jacobrod/worms_ws/install/ros_gz_interfaces/local/lib/python3.10/dist-packages/ros_gz_interfaces/_ros_gz_interfaces_s.ep.rosidl_typesupport_fastrtps_c.c
[2.478s] -- Up-to-date: /home/jacobrod/worms_ws/install/ros_gz_interfaces/local/lib/python3.10/dist-packages/ros_gz_interfaces/_ros_gz_interfaces_s.ep.rosidl_typesupport_introspection_c.c
[2.478s] -- Up-to-date: /home/jacobrod/worms_ws/install/ros_gz_interfaces/local/lib/python3.10/dist-packages/ros_gz_interfaces/ros_gz_interfaces_s__rosidl_typesupport_fastrtps_c.cpython-310-x86_64-linux-gnu.so
[2.478s] -- Up-to-date: /home/jacobrod/worms_ws/install/ros_gz_interfaces/local/lib/python3.10/dist-packages/ros_gz_interfaces/ros_gz_interfaces_s__rosidl_typesupport_introspection_c.cpython-310-x86_64-linux-gnu.so
[2.478s] -- Up-to-date: /home/jacobrod/worms_ws/install/ros_gz_interfaces/local/lib/python3.10/dist-packages/ros_gz_interfaces/srv
[2.479s] -- Up-to-date: /home/jacobrod/worms_ws/install/ros_gz_interfaces/local/lib/python3.10/dist-packages/ros_gz_interfaces/srv/_set_entity_pose_s.c
[2.479s] -- Up-to-date: /home/jacobrod/worms_ws/install/ros_gz_interfaces/local/lib/python3.10/dist-packages/ros_gz_interfaces/srv/_delete_entity.py
[2.479s] -- Up-to-date: /home/jacobrod/worms_ws/install/ros_gz_interfaces/local/lib/python3.10/dist-packages/ros_gz_interfaces/srv/_control_world_s.c
[2.479s] -- Up-to-date: /home/jacobrod/worms_ws/install/ros_gz_interfaces/local/lib/python3.10/dist-packages/ros_gz_interfaces/srv/_spawn_entity_s.c
[2.479s] -- Up-to-date: /home/jacobrod/worms_ws/install/ros_gz_interfaces/local/lib/python3.10/dist-packages/ros_gz_interfaces/srv/_spawn_entity.py
[2.479s] -- Up-to-date: /home/jacobrod/worms_ws/install/ros_gz_interfaces/local/lib/python3.10/dist-packages/ros_gz_interfaces/srv/_set_entity_pose.py
[2.479s] -- Up-to-date: /home/jacobrod/worms_ws/install/ros_gz_interfaces/local/lib/python3.10/dist-packages/ros_gz_interfaces/srv/_control_world.py
[2.479s] -- Up-to-date: /home/jacobrod/worms_ws/install/ros_gz_interfaces/local/lib/python3.10/dist-packages/ros_gz_interfaces/srv/_delete_entity_s.c
[2.479s] -- Up-to-date: /home/jacobrod/worms_ws/install/ros_gz_interfaces/local/lib/python3.10/dist-packages/ros_gz_interfaces/srv/__init__.py
[2.480s] -- Up-to-date: /home/jacobrod/worms_ws/install/ros_gz_interfaces/local/lib/python3.10/dist-packages/ros_gz_interfaces/ros_gz_interfaces_s__rosidl_typesupport_c.cpython-310-x86_64-linux-gnu.so
[2.480s] -- Up-to-date: /home/jacobrod/worms_ws/install/ros_gz_interfaces/local/lib/python3.10/dist-packages/ros_gz_interfaces/__init__.py
[2.486s] Listing '/home/jacobrod/worms_ws/install/ros_gz_interfaces/local/lib/python3.10/dist-packages/ros_gz_interfaces'...
[2.486s] Listing '/home/jacobrod/worms_ws/install/ros_gz_interfaces/local/lib/python3.10/dist-packages/ros_gz_interfaces/msg'...
[2.486s] Listing '/home/jacobrod/worms_ws/install/ros_gz_interfaces/local/lib/python3.10/dist-packages/ros_gz_interfaces/srv'...
[2.495s] -- Up-to-date: /home/jacobrod/worms_ws/install/ros_gz_interfaces/local/lib/python3.10/dist-packages/ros_gz_interfaces/ros_gz_interfaces_s__rosidl_typesupport_fastrtps_c.cpython-310-x86_64-linux-gnu.so
[2.496s] -- Up-to-date: /home/jacobrod/worms_ws/install/ros_gz_interfaces/local/lib/python3.10/dist-packages/ros_gz_interfaces/ros_gz_interfaces_s__rosidl_typesupport_introspection_c.cpython-310-x86_64-linux-gnu.so
[2.497s] -- Up-to-date: /home/jacobrod/worms_ws/install/ros_gz_interfaces/local/lib/python3.10/dist-packages/ros_gz_interfaces/ros_gz_interfaces_s__rosidl_typesupport_c.cpython-310-x86_64-linux-gnu.so
[2.498s] -- Up-to-date: /home/jacobrod/worms_ws/install/ros_gz_interfaces/lib/libros_gz_interfaces__rosidl_generator_py.so
[2.499s] -- Up-to-date: /home/jacobrod/worms_ws/install/ros_gz_interfaces/share/ros_gz_interfaces/msg/Altimeter.idl
[2.499s] -- Up-to-date: /home/jacobrod/worms_ws/install/ros_gz_interfaces/share/ros_gz_interfaces/msg/Contact.idl
[2.499s] -- Up-to-date: /home/jacobrod/worms_ws/install/ros_gz_interfaces/share/ros_gz_interfaces/msg/Contacts.idl
[2.499s] -- Up-to-date: /home/jacobrod/worms_ws/install/ros_gz_interfaces/share/ros_gz_interfaces/msg/Dataframe.idl
[2.499s] -- Up-to-date: /home/jacobrod/worms_ws/install/ros_gz_interfaces/share/ros_gz_interfaces/msg/Entity.idl
[2.500s] -- Up-to-date: /home/jacobrod/worms_ws/install/ros_gz_interfaces/share/ros_gz_interfaces/msg/EntityFactory.idl
[2.500s] -- Up-to-date: /home/jacobrod/worms_ws/install/ros_gz_interfaces/share/ros_gz_interfaces/msg/Float32Array.idl
[2.500s] -- Up-to-date: /home/jacobrod/worms_ws/install/ros_gz_interfaces/share/ros_gz_interfaces/msg/GuiCamera.idl
[2.500s] -- Up-to-date: /home/jacobrod/worms_ws/install/ros_gz_interfaces/share/ros_gz_interfaces/msg/JointWrench.idl
[2.501s] -- Up-to-date: /home/jacobrod/worms_ws/install/ros_gz_interfaces/share/ros_gz_interfaces/msg/Light.idl
[2.501s] -- Up-to-date: /home/jacobrod/worms_ws/install/ros_gz_interfaces/share/ros_gz_interfaces/msg/ParamVec.idl
[2.501s] -- Up-to-date: /home/jacobrod/worms_ws/install/ros_gz_interfaces/share/ros_gz_interfaces/msg/SensorNoise.idl
[2.501s] -- Up-to-date: /home/jacobrod/worms_ws/install/ros_gz_interfaces/share/ros_gz_interfaces/msg/StringVec.idl
[2.501s] -- Up-to-date: /home/jacobrod/worms_ws/install/ros_gz_interfaces/share/ros_gz_interfaces/msg/TrackVisual.idl
[2.502s] -- Up-to-date: /home/jacobrod/worms_ws/install/ros_gz_interfaces/share/ros_gz_interfaces/msg/VideoRecord.idl
[2.502s] -- Up-to-date: /home/jacobrod/worms_ws/install/ros_gz_interfaces/share/ros_gz_interfaces/msg/WorldControl.idl
[2.502s] -- Up-to-date: /home/jacobrod/worms_ws/install/ros_gz_interfaces/share/ros_gz_interfaces/msg/WorldReset.idl
[2.502s] -- Up-to-date: /home/jacobrod/worms_ws/install/ros_gz_interfaces/share/ros_gz_interfaces/srv/ControlWorld.idl
[2.503s] -- Up-to-date: /home/jacobrod/worms_ws/install/ros_gz_interfaces/share/ros_gz_interfaces/srv/DeleteEntity.idl
[2.503s] -- Up-to-date: /home/jacobrod/worms_ws/install/ros_gz_interfaces/share/ros_gz_interfaces/srv/SetEntityPose.idl
[2.503s] -- Up-to-date: /home/jacobrod/worms_ws/install/ros_gz_interfaces/share/ros_gz_interfaces/srv/SpawnEntity.idl
[2.503s] -- Up-to-date: /home/jacobrod/worms_ws/install/ros_gz_interfaces/share/ros_gz_interfaces/msg/Altimeter.msg
[2.503s] -- Up-to-date: /home/jacobrod/worms_ws/install/ros_gz_interfaces/share/ros_gz_interfaces/msg/Contact.msg
[2.504s] -- Up-to-date: /home/jacobrod/worms_ws/install/ros_gz_interfaces/share/ros_gz_interfaces/msg/Contacts.msg
[2.504s] -- Up-to-date: /home/jacobrod/worms_ws/install/ros_gz_interfaces/share/ros_gz_interfaces/msg/Dataframe.msg
[2.504s] -- Up-to-date: /home/jacobrod/worms_ws/install/ros_gz_interfaces/share/ros_gz_interfaces/msg/Entity.msg
[2.504s] -- Up-to-date: /home/jacobrod/worms_ws/install/ros_gz_interfaces/share/ros_gz_interfaces/msg/EntityFactory.msg
[2.504s] -- Up-to-date: /home/jacobrod/worms_ws/install/ros_gz_interfaces/share/ros_gz_interfaces/msg/Float32Array.msg
[2.505s] -- Up-to-date: /home/jacobrod/worms_ws/install/ros_gz_interfaces/share/ros_gz_interfaces/msg/GuiCamera.msg
[2.505s] -- Up-to-date: /home/jacobrod/worms_ws/install/ros_gz_interfaces/share/ros_gz_interfaces/msg/JointWrench.msg
[2.505s] -- Up-to-date: /home/jacobrod/worms_ws/install/ros_gz_interfaces/share/ros_gz_interfaces/msg/Light.msg
[2.505s] -- Up-to-date: /home/jacobrod/worms_ws/install/ros_gz_interfaces/share/ros_gz_interfaces/msg/ParamVec.msg
[2.506s] -- Up-to-date: /home/jacobrod/worms_ws/install/ros_gz_interfaces/share/ros_gz_interfaces/msg/SensorNoise.msg
[2.506s] -- Up-to-date: /home/jacobrod/worms_ws/install/ros_gz_interfaces/share/ros_gz_interfaces/msg/StringVec.msg
[2.506s] -- Up-to-date: /home/jacobrod/worms_ws/install/ros_gz_interfaces/share/ros_gz_interfaces/msg/TrackVisual.msg
[2.506s] -- Up-to-date: /home/jacobrod/worms_ws/install/ros_gz_interfaces/share/ros_gz_interfaces/msg/VideoRecord.msg
[2.507s] -- Up-to-date: /home/jacobrod/worms_ws/install/ros_gz_interfaces/share/ros_gz_interfaces/msg/WorldControl.msg
[2.507s] -- Up-to-date: /home/jacobrod/worms_ws/install/ros_gz_interfaces/share/ros_gz_interfaces/msg/WorldReset.msg
[2.507s] -- Up-to-date: /home/jacobrod/worms_ws/install/ros_gz_interfaces/share/ros_gz_interfaces/srv/ControlWorld.srv
[2.507s] -- Up-to-date: /home/jacobrod/worms_ws/install/ros_gz_interfaces/share/ros_gz_interfaces/srv/ControlWorld_Request.msg
[2.507s] -- Up-to-date: /home/jacobrod/worms_ws/install/ros_gz_interfaces/share/ros_gz_interfaces/srv/ControlWorld_Response.msg
[2.507s] -- Up-to-date: /home/jacobrod/worms_ws/install/ros_gz_interfaces/share/ros_gz_interfaces/srv/DeleteEntity.srv
[2.507s] -- Up-to-date: /home/jacobrod/worms_ws/install/ros_gz_interfaces/share/ros_gz_interfaces/srv/DeleteEntity_Request.msg
[2.508s] -- Up-to-date: /home/jacobrod/worms_ws/install/ros_gz_interfaces/share/ros_gz_interfaces/srv/DeleteEntity_Response.msg
[2.508s] -- Up-to-date: /home/jacobrod/worms_ws/install/ros_gz_interfaces/share/ros_gz_interfaces/srv/SetEntityPose.srv
[2.508s] -- Up-to-date: /home/jacobrod/worms_ws/install/ros_gz_interfaces/share/ros_gz_interfaces/srv/SetEntityPose_Request.msg
[2.509s] -- Up-to-date: /home/jacobrod/worms_ws/install/ros_gz_interfaces/share/ros_gz_interfaces/srv/SetEntityPose_Response.msg
[2.509s] -- Up-to-date: /home/jacobrod/worms_ws/install/ros_gz_interfaces/share/ros_gz_interfaces/srv/SpawnEntity.srv
[2.509s] -- Up-to-date: /home/jacobrod/worms_ws/install/ros_gz_interfaces/share/ros_gz_interfaces/srv/SpawnEntity_Request.msg
[2.509s] -- Up-to-date: /home/jacobrod/worms_ws/install/ros_gz_interfaces/share/ros_gz_interfaces/srv/SpawnEntity_Response.msg
[2.509s] -- Up-to-date: /home/jacobrod/worms_ws/install/ros_gz_interfaces/share/ament_index/resource_index/package_run_dependencies/ros_gz_interfaces
[2.509s] -- Up-to-date: /home/jacobrod/worms_ws/install/ros_gz_interfaces/share/ament_index/resource_index/parent_prefix_path/ros_gz_interfaces
[2.509s] -- Up-to-date: /home/jacobrod/worms_ws/install/ros_gz_interfaces/share/ros_gz_interfaces/environment/ament_prefix_path.sh
[2.510s] -- Up-to-date: /home/jacobrod/worms_ws/install/ros_gz_interfaces/share/ros_gz_interfaces/environment/ament_prefix_path.dsv
[2.510s] -- Up-to-date: /home/jacobrod/worms_ws/install/ros_gz_interfaces/share/ros_gz_interfaces/environment/path.sh
[2.510s] -- Up-to-date: /home/jacobrod/worms_ws/install/ros_gz_interfaces/share/ros_gz_interfaces/environment/path.dsv
[2.510s] -- Up-to-date: /home/jacobrod/worms_ws/install/ros_gz_interfaces/share/ros_gz_interfaces/local_setup.bash
[2.510s] -- Up-to-date: /home/jacobrod/worms_ws/install/ros_gz_interfaces/share/ros_gz_interfaces/local_setup.sh
[2.510s] -- Up-to-date: /home/jacobrod/worms_ws/install/ros_gz_interfaces/share/ros_gz_interfaces/local_setup.zsh
[2.510s] -- Up-to-date: /home/jacobrod/worms_ws/install/ros_gz_interfaces/share/ros_gz_interfaces/local_setup.dsv
[2.511s] -- Installing: /home/jacobrod/worms_ws/install/ros_gz_interfaces/share/ros_gz_interfaces/package.dsv
[2.511s] -- Up-to-date: /home/jacobrod/worms_ws/install/ros_gz_interfaces/share/ament_index/resource_index/packages/ros_gz_interfaces
[2.511s] -- Up-to-date: /home/jacobrod/worms_ws/install/ros_gz_interfaces/share/ros_gz_interfaces/cmake/export_ros_gz_interfaces__rosidl_generator_cExport.cmake
[2.511s] -- Up-to-date: /home/jacobrod/worms_ws/install/ros_gz_interfaces/share/ros_gz_interfaces/cmake/export_ros_gz_interfaces__rosidl_generator_cExport-noconfig.cmake
[2.511s] -- Up-to-date: /home/jacobrod/worms_ws/install/ros_gz_interfaces/share/ros_gz_interfaces/cmake/export_ros_gz_interfaces__rosidl_typesupport_fastrtps_cExport.cmake
[2.511s] -- Up-to-date: /home/jacobrod/worms_ws/install/ros_gz_interfaces/share/ros_gz_interfaces/cmake/export_ros_gz_interfaces__rosidl_typesupport_fastrtps_cExport-noconfig.cmake
[2.511s] -- Up-to-date: /home/jacobrod/worms_ws/install/ros_gz_interfaces/share/ros_gz_interfaces/cmake/export_ros_gz_interfaces__rosidl_generator_cppExport.cmake
[2.517s] -- Up-to-date: /home/jacobrod/worms_ws/install/ros_gz_interfaces/share/ros_gz_interfaces/cmake/export_ros_gz_interfaces__rosidl_typesupport_fastrtps_cppExport.cmake
[2.517s] -- Up-to-date: /home/jacobrod/worms_ws/install/ros_gz_interfaces/share/ros_gz_interfaces/cmake/export_ros_gz_interfaces__rosidl_typesupport_fastrtps_cppExport-noconfig.cmake
[2.517s] -- Up-to-date: /home/jacobrod/worms_ws/install/ros_gz_interfaces/share/ros_gz_interfaces/cmake/ros_gz_interfaces__rosidl_typesupport_introspection_cExport.cmake
[2.517s] -- Up-to-date: /home/jacobrod/worms_ws/install/ros_gz_interfaces/share/ros_gz_interfaces/cmake/ros_gz_interfaces__rosidl_typesupport_introspection_cExport-noconfig.cmake
[2.517s] -- Up-to-date: /home/jacobrod/worms_ws/install/ros_gz_interfaces/share/ros_gz_interfaces/cmake/ros_gz_interfaces__rosidl_typesupport_cExport.cmake
[2.518s] -- Up-to-date: /home/jacobrod/worms_ws/install/ros_gz_interfaces/share/ros_gz_interfaces/cmake/ros_gz_interfaces__rosidl_typesupport_cExport-noconfig.cmake
[2.518s] -- Up-to-date: /home/jacobrod/worms_ws/install/ros_gz_interfaces/share/ros_gz_interfaces/cmake/ros_gz_interfaces__rosidl_typesupport_introspection_cppExport.cmake
[2.518s] -- Up-to-date: /home/jacobrod/worms_ws/install/ros_gz_interfaces/share/ros_gz_interfaces/cmake/ros_gz_interfaces__rosidl_typesupport_introspection_cppExport-noconfig.cmake
[2.518s] -- Up-to-date: /home/jacobrod/worms_ws/install/ros_gz_interfaces/share/ros_gz_interfaces/cmake/ros_gz_interfaces__rosidl_typesupport_cppExport.cmake
[2.518s] -- Up-to-date: /home/jacobrod/worms_ws/install/ros_gz_interfaces/share/ros_gz_interfaces/cmake/ros_gz_interfaces__rosidl_typesupport_cppExport-noconfig.cmake
[2.518s] -- Up-to-date: /home/jacobrod/worms_ws/install/ros_gz_interfaces/share/ros_gz_interfaces/cmake/export_ros_gz_interfaces__rosidl_generator_pyExport.cmake
[2.518s] -- Up-to-date: /home/jacobrod/worms_ws/install/ros_gz_interfaces/share/ros_gz_interfaces/cmake/export_ros_gz_interfaces__rosidl_generator_pyExport-noconfig.cmake
[2.519s] -- Up-to-date: /home/jacobrod/worms_ws/install/ros_gz_interfaces/share/ros_gz_interfaces/cmake/rosidl_cmake-extras.cmake
[2.519s] -- Up-to-date: /home/jacobrod/worms_ws/install/ros_gz_interfaces/share/ros_gz_interfaces/cmake/ament_cmake_export_dependencies-extras.cmake
[2.519s] -- Up-to-date: /home/jacobrod/worms_ws/install/ros_gz_interfaces/share/ros_gz_interfaces/cmake/ament_cmake_export_include_directories-extras.cmake
[2.520s] -- Up-to-date: /home/jacobrod/worms_ws/install/ros_gz_interfaces/share/ros_gz_interfaces/cmake/ament_cmake_export_libraries-extras.cmake
[2.520s] -- Up-to-date: /home/jacobrod/worms_ws/install/ros_gz_interfaces/share/ros_gz_interfaces/cmake/ament_cmake_export_targets-extras.cmake
[2.520s] -- Up-to-date: /home/jacobrod/worms_ws/install/ros_gz_interfaces/share/ros_gz_interfaces/cmake/rosidl_cmake_export_typesupport_targets-extras.cmake
[2.520s] -- Up-to-date: /home/jacobrod/worms_ws/install/ros_gz_interfaces/share/ros_gz_interfaces/cmake/rosidl_cmake_export_typesupport_libraries-extras.cmake
[2.520s] -- Up-to-date: /home/jacobrod/worms_ws/install/ros_gz_interfaces/share/ros_gz_interfaces/cmake/ros_gz_interfacesConfig.cmake
[2.521s] -- Up-to-date: /home/jacobrod/worms_ws/install/ros_gz_interfaces/share/ros_gz_interfaces/cmake/ros_gz_interfacesConfig-version.cmake
[2.521s] -- Up-to-date: /home/jacobrod/worms_ws/install/ros_gz_interfaces/share/ros_gz_interfaces/package.xml
[2.614s] Invoked command in '/home/jacobrod/worms_ws/build/ros_gz_interfaces' returned '0': CMAKE_PREFIX_PATH=/opt/ros/humble /usr/bin/cmake --install /home/jacobrod/worms_ws/build/ros_gz_interfaces
