running egg_info
creating ../../build/joystick_ros2/joystick_ros2.egg-info
writing ../../build/joystick_ros2/joystick_ros2.egg-info/PKG-INFO
writing dependency_links to ../../build/joystick_ros2/joystick_ros2.egg-info/dependency_links.txt
writing entry points to ../../build/joystick_ros2/joystick_ros2.egg-info/entry_points.txt
writing requirements to ../../build/joystick_ros2/joystick_ros2.egg-info/requires.txt
writing top-level names to ../../build/joystick_ros2/joystick_ros2.egg-info/top_level.txt
writing manifest file '../../build/joystick_ros2/joystick_ros2.egg-info/SOURCES.txt'
reading manifest file '../../build/joystick_ros2/joystick_ros2.egg-info/SOURCES.txt'
adding license file 'LICENSE'
writing manifest file '../../build/joystick_ros2/joystick_ros2.egg-info/SOURCES.txt'
running build
running build_py
creating /home/oligo/worms_mech_ws/build/joystick_ros2/build
creating /home/oligo/worms_mech_ws/build/joystick_ros2/build/lib
copying joystick_ros2.py -> /home/oligo/worms_mech_ws/build/joystick_ros2/build/lib
copying inputs.py -> /home/oligo/worms_mech_ws/build/joystick_ros2/build/lib
running install
running install_lib
copying /home/oligo/worms_mech_ws/build/joystick_ros2/build/lib/joystick_ros2.py -> /home/oligo/worms_mech_ws/install/joystick_ros2/lib/python3.10/site-packages
copying /home/oligo/worms_mech_ws/build/joystick_ros2/build/lib/inputs.py -> /home/oligo/worms_mech_ws/install/joystick_ros2/lib/python3.10/site-packages
byte-compiling /home/oligo/worms_mech_ws/install/joystick_ros2/lib/python3.10/site-packages/joystick_ros2.py to joystick_ros2.cpython-310.pyc
byte-compiling /home/oligo/worms_mech_ws/install/joystick_ros2/lib/python3.10/site-packages/inputs.py to inputs.cpython-310.pyc
running install_data
creating /home/oligo/worms_mech_ws/install/joystick_ros2/share/ament_index
creating /home/oligo/worms_mech_ws/install/joystick_ros2/share/ament_index/resource_index
creating /home/oligo/worms_mech_ws/install/joystick_ros2/share/ament_index/resource_index/packages
copying resource/joystick_ros2 -> /home/oligo/worms_mech_ws/install/joystick_ros2/share/ament_index/resource_index/packages
creating /home/oligo/worms_mech_ws/install/joystick_ros2/shared
creating /home/oligo/worms_mech_ws/install/joystick_ros2/shared/joystick_ros2
copying package.xml -> /home/oligo/worms_mech_ws/install/joystick_ros2/shared/joystick_ros2
running install_egg_info
Copying ../../build/joystick_ros2/joystick_ros2.egg-info to /home/oligo/worms_mech_ws/install/joystick_ros2/lib/python3.10/site-packages/joystick_ros2-0.0.1-py3.10.egg-info
running install_scripts
Installing joystick_ros2 script to /home/oligo/worms_mech_ws/install/joystick_ros2/lib/joystick_ros2
writing list of installed files to '/home/oligo/worms_mech_ws/build/joystick_ros2/install.log'
