[0.574s] Invoking command in '/home/oligo/worms_mech_ws/src/joystick_ros2': PYTHONPATH=/home/oligo/worms_mech_ws/build/joystick_ros2/prefix_override:/home/oligo/worms_mech_ws/install/joystick_ros2/lib/python3.10/site-packages:${PYTHONPATH} /usr/bin/python3 setup.py egg_info --egg-base ../../build/joystick_ros2 build --build-base /home/oligo/worms_mech_ws/build/joystick_ros2/build install --record /home/oligo/worms_mech_ws/build/joystick_ros2/install.log --install-scripts $base/lib/joystick_ros2 --single-version-externally-managed
[0.681s] /usr/lib/python3/dist-packages/setuptools/dist.py:723: UserWarning: Usage of dash-separated 'script-dir' will not be supported in future versions. Please use the underscore name 'script_dir' instead
[0.681s]   warnings.warn(
[0.685s] running egg_info
[0.685s] creating ../../build/joystick_ros2/joystick_ros2.egg-info
[0.685s] writing ../../build/joystick_ros2/joystick_ros2.egg-info/PKG-INFO
[0.685s] writing dependency_links to ../../build/joystick_ros2/joystick_ros2.egg-info/dependency_links.txt
[0.686s] writing entry points to ../../build/joystick_ros2/joystick_ros2.egg-info/entry_points.txt
[0.686s] writing requirements to ../../build/joystick_ros2/joystick_ros2.egg-info/requires.txt
[0.686s] writing top-level names to ../../build/joystick_ros2/joystick_ros2.egg-info/top_level.txt
[0.686s] writing manifest file '../../build/joystick_ros2/joystick_ros2.egg-info/SOURCES.txt'
[0.687s] reading manifest file '../../build/joystick_ros2/joystick_ros2.egg-info/SOURCES.txt'
[0.687s] adding license file 'LICENSE'
[0.687s] writing manifest file '../../build/joystick_ros2/joystick_ros2.egg-info/SOURCES.txt'
[0.687s] running build
[0.687s] running build_py
[0.687s] creating /home/oligo/worms_mech_ws/build/joystick_ros2/build
[0.687s] creating /home/oligo/worms_mech_ws/build/joystick_ros2/build/lib
[0.687s] copying joystick_ros2.py -> /home/oligo/worms_mech_ws/build/joystick_ros2/build/lib
[0.687s] copying inputs.py -> /home/oligo/worms_mech_ws/build/joystick_ros2/build/lib
[0.687s] running install
[0.689s] /usr/lib/python3/dist-packages/setuptools/command/install.py:34: SetuptoolsDeprecationWarning: setup.py install is deprecated. Use build and pip and other standards-based tools.
[0.689s]   warnings.warn(
[0.689s] running install_lib
[0.690s] copying /home/oligo/worms_mech_ws/build/joystick_ros2/build/lib/joystick_ros2.py -> /home/oligo/worms_mech_ws/install/joystick_ros2/lib/python3.10/site-packages
[0.690s] copying /home/oligo/worms_mech_ws/build/joystick_ros2/build/lib/inputs.py -> /home/oligo/worms_mech_ws/install/joystick_ros2/lib/python3.10/site-packages
[0.690s] byte-compiling /home/oligo/worms_mech_ws/install/joystick_ros2/lib/python3.10/site-packages/joystick_ros2.py to joystick_ros2.cpython-310.pyc
[0.691s] byte-compiling /home/oligo/worms_mech_ws/install/joystick_ros2/lib/python3.10/site-packages/inputs.py to inputs.cpython-310.pyc
[0.699s] running install_data
[0.699s] creating /home/oligo/worms_mech_ws/install/joystick_ros2/share/ament_index
[0.699s] creating /home/oligo/worms_mech_ws/install/joystick_ros2/share/ament_index/resource_index
[0.699s] creating /home/oligo/worms_mech_ws/install/joystick_ros2/share/ament_index/resource_index/packages
[0.699s] copying resource/joystick_ros2 -> /home/oligo/worms_mech_ws/install/joystick_ros2/share/ament_index/resource_index/packages
[0.699s] creating /home/oligo/worms_mech_ws/install/joystick_ros2/shared
[0.699s] creating /home/oligo/worms_mech_ws/install/joystick_ros2/shared/joystick_ros2
[0.699s] copying package.xml -> /home/oligo/worms_mech_ws/install/joystick_ros2/shared/joystick_ros2
[0.699s] running install_egg_info
[0.700s] Copying ../../build/joystick_ros2/joystick_ros2.egg-info to /home/oligo/worms_mech_ws/install/joystick_ros2/lib/python3.10/site-packages/joystick_ros2-0.0.1-py3.10.egg-info
[0.700s] running install_scripts
[0.712s] Installing joystick_ros2 script to /home/oligo/worms_mech_ws/install/joystick_ros2/lib/joystick_ros2
[0.712s] writing list of installed files to '/home/oligo/worms_mech_ws/build/joystick_ros2/install.log'
[0.727s] Invoked command in '/home/oligo/worms_mech_ws/src/joystick_ros2' returned '0': PYTHONPATH=/home/oligo/worms_mech_ws/build/joystick_ros2/prefix_override:/home/oligo/worms_mech_ws/install/joystick_ros2/lib/python3.10/site-packages:${PYTHONPATH} /usr/bin/python3 setup.py egg_info --egg-base ../../build/joystick_ros2 build --build-base /home/oligo/worms_mech_ws/build/joystick_ros2/build install --record /home/oligo/worms_mech_ws/build/joystick_ros2/install.log --install-scripts $base/lib/joystick_ros2 --single-version-externally-managed
