[0.557s] Invoking command in '/home/jacobrod/worms_ws/build/ros_gz_sim': CMAKE_PREFIX_PATH=${CMAKE_PREFIX_PATH}:/home/jacobrod/worms_ws/install/worms_mech:/opt/ros/humble /usr/bin/cmake /home/jacobrod/worms_ws/src/ros_gz/ros_gz_sim -DCMAKE_INSTALL_PREFIX=/home/jacobrod/worms_ws/install/ros_gz_sim
[0.605s] -- Found ament_cmake: 1.3.6 (/opt/ros/humble/share/ament_cmake/cmake)
[0.855s] -- Found rclcpp: 16.0.7 (/opt/ros/humble/share/rclcpp/cmake)
[0.923s] -- Found rosidl_generator_c: 3.1.5 (/opt/ros/humble/share/rosidl_generator_c/cmake)
[0.928s] -- Found rosidl_adapter: 3.1.5 (/opt/ros/humble/share/rosidl_adapter/cmake)
[0.941s] -- Found rosidl_generator_cpp: 3.1.5 (/opt/ros/humble/share/rosidl_generator_cpp/cmake)
[0.968s] -- Using all available rosidl_typesupport_c: rosidl_typesupport_fastrtps_c;rosidl_typesupport_introspection_c
[1.007s] -- Using all available rosidl_typesupport_cpp: rosidl_typesupport_fastrtps_cpp;rosidl_typesupport_introspection_cpp
[1.171s] -- Found rmw_implementation_cmake: 6.1.1 (/opt/ros/humble/share/rmw_implementation_cmake/cmake)
[1.176s] -- Found rmw_fastrtps_cpp: 6.2.5 (/opt/ros/humble/share/rmw_fastrtps_cpp/cmake)
[1.451s] -- Using RMW implementation 'rmw_fastrtps_cpp' as default
[1.723s] -- Looking for gz-math7 -- found version 7.3.0
[1.730s] -- Searching for dependencies of gz-math7
[1.731s] -- Looking for gz-utils2 -- found version 2.2.0
[1.731s] -- Searching for dependencies of gz-utils2
[1.734s] -- Looking for gz-transport12 -- found version 12.2.1
[1.734s] -- Searching for dependencies of gz-transport12
[1.782s] -- Config-file not installed for ZeroMQ -- checking for pkg-config
[1.790s] -- Checking for module 'libzmq >= 4'
[1.811s] --   Found libzmq , version 4.3.4
[1.869s] -- Checking for module 'uuid'
[1.895s] --   Found uuid, version 2.37.2
[1.948s] -- Looking for gz-utils2 -- found version 2.2.0
[1.950s] -- Searching for dependencies of gz-utils2
[1.951s] -- Searching for <gz-utils2> component [cli]
[1.951s] -- Looking for gz-utils2-cli -- found version 2.2.0
[1.952s] -- Searching for dependencies of gz-utils2-cli
[1.954s] -- Looking for gz-msgs9 -- found version 9.5.0
[1.954s] -- Searching for dependencies of gz-msgs9
[1.993s] -- Looking for gz-math7 -- found version 7.3.0
[2.001s] -- Checking for module 'tinyxml2'
[2.025s] --   Found tinyxml2, version 9.0.0
[2.079s] -- Looking for gz-msgs9 -- found version 9.5.0
[2.079s] -- Looking for gz-sim7 -- found version 7.6.0
[2.080s] -- Searching for dependencies of gz-sim7
[2.080s] -- Looking for sdformat13 -- found version 13.6.0
[2.081s] -- Searching for dependencies of sdformat13
[2.091s] -- Looking for gz-math7 -- found version 7.3.0
[2.091s] -- Looking for gz-utils2 -- found version 2.2.0
[2.093s] -- Looking for gz-plugin2 -- found version 2.0.2
[2.095s] -- Searching for dependencies of gz-plugin2
[2.096s] -- Looking for gz-utils2 -- found version 2.2.0
[2.096s] -- Searching for <gz-plugin2> component [loader]
[2.097s] -- Looking for gz-plugin2-loader -- found version 2.0.2
[2.098s] -- Searching for dependencies of gz-plugin2-loader
[2.099s] -- Searching for <gz-plugin2> component [register]
[2.100s] -- Looking for gz-plugin2-register -- found version 2.0.2
[2.100s] -- Searching for dependencies of gz-plugin2-register
[2.102s] -- Looking for gz-transport12 -- found version 12.2.1
[2.103s] -- Searching for dependencies of gz-transport12
[2.158s] -- Config-file not installed for ZeroMQ -- checking for pkg-config
[2.161s] -- Checking for module 'libzmq >= 4'
[2.190s] --   Found libzmq , version 4.3.4
[2.265s] -- Looking for gz-utils2 -- found version 2.2.0
[2.265s] -- Looking for gz-msgs9 -- found version 9.5.0
[2.267s] -- Searching for <gz-transport12> component [log]
[2.267s] -- Looking for gz-transport12-log -- found version 12.2.1
[2.268s] -- Searching for dependencies of gz-transport12-log
[2.268s] -- Searching for <gz-transport12> component [parameters]
[2.269s] -- Looking for gz-transport12-parameters -- found version 12.2.1
[2.270s] -- Searching for dependencies of gz-transport12-parameters
[2.272s] -- Looking for gz-msgs9 -- found version 9.5.0
[2.273s] -- Looking for gz-common5 -- found version 5.4.2
[2.274s] -- Searching for dependencies of gz-common5
[2.275s] -- Looking for gz-utils2 -- found version 2.2.0
[2.275s] -- Looking for dlfcn.h - found
[2.275s] -- Looking for libdl - found
[2.292s] -- Searching for <gz-common5> component [profiler]
[2.293s] -- Looking for gz-common5-profiler -- found version 5.4.2
[2.294s] -- Searching for dependencies of gz-common5-profiler
[2.294s] -- Searching for <gz-common5> component [events]
[2.295s] -- Looking for gz-common5-events -- found version 5.4.2
[2.296s] -- Searching for dependencies of gz-common5-events
[2.296s] -- Looking for gz-math7 -- found version 7.3.0
[2.297s] -- Searching for <gz-common5> component [av]
[2.298s] -- Looking for gz-common5-av -- found version 5.4.2
[2.299s] -- Searching for dependencies of gz-common5-av
[2.308s] -- Checking for module 'libswscale'
[2.331s] --   Found libswscale, version 5.9.100
[2.403s] -- Checking for module 'libavdevice >= 56.4.100'
[2.431s] --   Found libavdevice , version 58.13.100
[2.510s] -- Checking for module 'libavformat'
[2.537s] --   Found libavformat, version 58.76.100
[2.608s] -- Checking for module 'libavcodec'
[2.635s] --   Found libavcodec, version 58.134.100
[2.712s] -- Checking for module 'libavutil'
[2.737s] --   Found libavutil, version 56.70.100
[2.798s] -- Searching for <gz-common5> component [io]
[2.800s] -- Looking for gz-common5-io -- found version 5.4.2
[2.800s] -- Searching for dependencies of gz-common5-io
[2.801s] -- Looking for gz-fuel_tools8 -- found version 8.1.0
[2.802s] -- Searching for dependencies of gz-fuel_tools8
[2.876s] -- Checking for module 'jsoncpp'
[2.903s] --   Found jsoncpp, version 1.9.5
[2.963s] -- Checking for module 'libzip'
[2.992s] --   Found libzip, version 1.7.3
[3.043s] -- Looking for gz-utils2 -- found version 2.2.0
[3.044s] -- Looking for gz-common5 -- found version 5.4.2
[3.045s] -- Searching for dependencies of gz-common5
[3.046s] -- Looking for gz-utils2 -- found version 2.2.0
[3.046s] -- Looking for dlfcn.h - found
[3.046s] -- Looking for libdl - found
[3.058s] -- Searching for <gz-common5> component [testing]
[3.058s] -- Looking for gz-common5-testing -- found version 5.4.2
[3.060s] -- Searching for dependencies of gz-common5-testing
[3.061s] -- Looking for gz-math7 -- found version 7.3.0
[3.062s] -- Looking for gz-msgs9 -- found version 9.5.0
[3.064s] -- Looking for gz-gui7 -- found version 7.2.1
[3.064s] -- Searching for dependencies of gz-gui7
[3.112s] -- Looking for gz-utils2 -- found version 2.2.0
[3.112s] -- Looking for gz-math7 -- found version 7.3.0
[3.113s] -- Looking for gz-common5 -- found version 5.4.2
[3.114s] -- Looking for gz-plugin2 -- found version 2.0.2
[3.114s] -- Looking for gz-transport12 -- found version 12.2.1
[3.115s] -- Looking for gz-rendering7 -- found version 7.4.2
[3.116s] -- Searching for dependencies of gz-rendering7
[3.118s] -- Looking for gz-math7 -- found version 7.3.0
[3.118s] -- Searching for dependencies of gz-math7
[3.118s] -- Looking for gz-utils2 -- found version 2.2.0
[3.119s] -- Searching for <gz-math7> component [eigen3]
[3.119s] -- Looking for gz-math7-eigen3 -- found version 7.3.0
[3.120s] -- Searching for dependencies of gz-math7-eigen3
[3.123s] -- Looking for gz-common5 -- found version 5.4.2
[3.124s] -- Searching for dependencies of gz-common5
[3.124s] -- Looking for gz-utils2 -- found version 2.2.0
[3.124s] -- Looking for dlfcn.h - found
[3.124s] -- Looking for libdl - found
[3.134s] -- Searching for <gz-common5> component [graphics]
[3.135s] -- Looking for gz-common5-graphics -- found version 5.4.2
[3.136s] -- Searching for dependencies of gz-common5-graphics
[3.136s] -- Looking for gz-math7 -- found version 7.3.0
[3.140s] -- Searching for <gz-common5> component [events]
[3.140s] -- Searching for <gz-common5> component [geospatial]
[3.141s] -- Looking for gz-common5-geospatial -- found version 5.4.2
[3.142s] -- Searching for dependencies of gz-common5-geospatial
[3.142s] -- Looking for gz-math7 -- found version 7.3.0
[3.143s] -- Looking for gz-common5 -- found version 5.4.2
[3.144s] -- Looking for gz-plugin2 -- found version 2.0.2
[3.145s] -- Searching for dependencies of gz-plugin2
[3.145s] -- Looking for gz-utils2 -- found version 2.2.0
[3.146s] -- Searching for <gz-plugin2> component [all]
[3.146s] -- Looking for all libraries of gz-plugin2 -- found version 2.0.2
[3.147s] -- Looking for gz-plugin2 -- found version 2.0.2
[3.149s] -- Looking for gz-utils2 -- found version 2.2.0
[3.154s] -- Looking for gz-msgs9 -- found version 9.5.0
[3.179s] -- Looking for gz-physics6 -- found version 6.5.1
[3.180s] -- Searching for dependencies of gz-physics6
[3.180s] -- Looking for gz-math7 -- found version 7.3.0
[3.181s] -- Looking for gz-plugin2 -- found version 2.0.2
[3.183s] -- Looking for gz-utils2 -- found version 2.2.0
[3.185s] -- Searching for <gz-physics6> component [heightmap]
[3.185s] -- Looking for gz-physics6-heightmap -- found version 6.5.1
[3.185s] -- Searching for dependencies of gz-physics6-heightmap
[3.186s] -- Looking for gz-common5 -- found version 5.4.2
[3.187s] -- Searching for <gz-physics6> component [mesh]
[3.188s] -- Looking for gz-physics6-mesh -- found version 6.5.1
[3.189s] -- Searching for dependencies of gz-physics6-mesh
[3.190s] -- Looking for gz-common5 -- found version 5.4.2
[3.191s] -- Searching for <gz-physics6> component [sdf]
[3.192s] -- Looking for gz-physics6-sdf -- found version 6.5.1
[3.193s] -- Searching for dependencies of gz-physics6-sdf
[3.193s] -- Looking for sdformat13 -- found version 13.6.0
[3.195s] -- Looking for gz-sensors7 -- found version 7.3.0
[3.196s] -- Searching for dependencies of gz-sensors7
[3.234s] -- Looking for gz-math7 -- found version 7.3.0
[3.235s] -- Looking for gz-common5 -- found version 5.4.2
[3.236s] -- Looking for gz-transport12 -- found version 12.2.1
[3.236s] -- Looking for gz-rendering7 -- found version 7.4.2
[3.237s] -- Looking for gz-msgs9 -- found version 9.5.0
[3.238s] -- Looking for sdformat13 -- found version 13.6.0
[3.239s] -- Searching for <gz-sensors7> component [air_pressure]
[3.239s] -- Looking for gz-sensors7-air_pressure -- found version 7.3.0
[3.241s] -- Searching for dependencies of gz-sensors7-air_pressure
[3.241s] -- Searching for <gz-sensors7> component [air_speed]
[3.242s] -- Looking for gz-sensors7-air_speed -- found version 7.3.0
[3.243s] -- Searching for dependencies of gz-sensors7-air_speed
[3.243s] -- Searching for <gz-sensors7> component [altimeter]
[3.244s] -- Looking for gz-sensors7-altimeter -- found version 7.3.0
[3.245s] -- Searching for dependencies of gz-sensors7-altimeter
[3.246s] -- Searching for <gz-sensors7> component [imu]
[3.247s] -- Looking for gz-sensors7-imu -- found version 7.3.0
[3.247s] -- Searching for dependencies of gz-sensors7-imu
[3.248s] -- Searching for <gz-sensors7> component [force_torque]
[3.249s] -- Looking for gz-sensors7-force_torque -- found version 7.3.0
[3.250s] -- Searching for dependencies of gz-sensors7-force_torque
[3.251s] -- Searching for <gz-sensors7> component [logical_camera]
[3.251s] -- Looking for gz-sensors7-logical_camera -- found version 7.3.0
[3.252s] -- Searching for dependencies of gz-sensors7-logical_camera
[3.255s] -- Searching for <gz-sensors7> component [magnetometer]
[3.255s] -- Looking for gz-sensors7-magnetometer -- found version 7.3.0
[3.258s] -- Searching for dependencies of gz-sensors7-magnetometer
[3.258s] -- Searching for <gz-sensors7> component [navsat]
[3.259s] -- Looking for gz-sensors7-navsat -- found version 7.3.0
[3.259s] -- Searching for dependencies of gz-sensors7-navsat
[3.260s] -- Searching for <gz-sensors7> component [rendering]
[3.260s] -- Looking for gz-sensors7-rendering -- found version 7.3.0
[3.261s] -- Searching for dependencies of gz-sensors7-rendering
[3.262s] -- Searching for <gz-sensors7> component [lidar]
[3.262s] -- Looking for gz-sensors7-lidar -- found version 7.3.0
[3.263s] -- Searching for dependencies of gz-sensors7-lidar
[3.264s] -- Looking for gz-sensors7 -- found version 7.3.0
[3.265s] -- Searching for <gz-sensors7> component [gpu_lidar]
[3.265s] -- Looking for gz-sensors7-gpu_lidar -- found version 7.3.0
[3.266s] -- Searching for dependencies of gz-sensors7-gpu_lidar
[3.267s] -- Looking for gz-sensors7 -- found version 7.3.0
[3.268s] -- Searching for <gz-sensors7> component [camera]
[3.268s] -- Looking for gz-sensors7-camera -- found version 7.3.0
[3.269s] -- Searching for dependencies of gz-sensors7-camera
[3.270s] -- Looking for gz-sensors7 -- found version 7.3.0
[3.271s] -- Searching for <gz-sensors7> component [boundingbox_camera]
[3.272s] -- Looking for gz-sensors7-boundingbox_camera -- found version 7.3.0
[3.272s] -- Searching for dependencies of gz-sensors7-boundingbox_camera
[3.273s] -- Searching for <gz-sensors7> component [segmentation_camera]
[3.275s] -- Looking for gz-sensors7-segmentation_camera -- found version 7.3.0
[3.275s] -- Searching for dependencies of gz-sensors7-segmentation_camera
[3.276s] -- Searching for <gz-sensors7> component [depth_camera]
[3.276s] -- Looking for gz-sensors7-depth_camera -- found version 7.3.0
[3.277s] -- Searching for dependencies of gz-sensors7-depth_camera
[3.278s] -- Looking for gz-sensors7 -- found version 7.3.0
[3.279s] -- Searching for <gz-sensors7> component [rgbd_camera]
[3.279s] -- Looking for gz-sensors7-rgbd_camera -- found version 7.3.0
[3.280s] -- Searching for dependencies of gz-sensors7-rgbd_camera
[3.281s] -- Looking for gz-sensors7 -- found version 7.3.0
[3.282s] -- Searching for <gz-sensors7> component [thermal_camera]
[3.283s] -- Looking for gz-sensors7-thermal_camera -- found version 7.3.0
[3.285s] -- Searching for dependencies of gz-sensors7-thermal_camera
[3.286s] -- Looking for gz-sensors7 -- found version 7.3.0
[3.286s] -- Searching for <gz-sensors7> component [wide_angle_camera]
[3.286s] -- Looking for gz-sensors7-wide_angle_camera -- found version 7.3.0
[3.288s] -- Searching for dependencies of gz-sensors7-wide_angle_camera
[3.290s] -- Looking for gz-rendering7 -- found version 7.4.2
[3.291s] -- Looking for gz-math7 -- found version 7.3.0
[3.291s] -- Looking for gz-utils2 -- found version 2.2.0
[3.329s] -- Compiling against Gazebo Garden
[3.332s] -- Looking for gflags - found
[3.333s] 
[3.341s] -- Found ament_lint_auto: 0.12.9 (/opt/ros/humble/share/ament_lint_auto/cmake)
[3.530s] -- Found ament_cmake_gtest: 1.3.6 (/opt/ros/humble/share/ament_cmake_gtest/cmake)
[3.531s] -- Found gtest sources under '/opt/ros/humble/src/gtest_vendor': C++ tests using 'Google Test' will be built
[3.548s] -- Added test 'copyright' to check source files copyright and LICENSE
[3.550s] -- Added test 'cppcheck' to perform static code analysis on C / C++ code
[3.550s] -- Configured cppcheck include dirs: $<BUILD_INTERFACE:/home/jacobrod/worms_ws/src/ros_gz/ros_gz_sim/include>
[3.551s] -- Configured cppcheck exclude dirs and/or files: 
[3.552s] -- Added test 'cpplint' to check C / C++ code against the Google style
[3.552s] -- Configured cpplint exclude dirs and/or files: 
[3.553s] -- Added test 'lint_cmake' to check CMake code style
[3.556s] -- Added test 'uncrustify' to check C / C++ code style
[3.556s] -- Configured uncrustify additional arguments: 
[3.556s] -- Added test 'xmllint' to check XML markup files
[3.558s] -- Configuring done
[3.597s] -- Generating done
[3.604s] -- Build files have been written to: /home/jacobrod/worms_ws/build/ros_gz_sim
[3.730s] Invoked command in '/home/jacobrod/worms_ws/build/ros_gz_sim' returned '0': CMAKE_PREFIX_PATH=${CMAKE_PREFIX_PATH}:/home/jacobrod/worms_ws/install/worms_mech:/opt/ros/humble /usr/bin/cmake /home/jacobrod/worms_ws/src/ros_gz/ros_gz_sim -DCMAKE_INSTALL_PREFIX=/home/jacobrod/worms_ws/install/ros_gz_sim
[3.734s] Invoking command in '/home/jacobrod/worms_ws/build/ros_gz_sim': CMAKE_PREFIX_PATH=${CMAKE_PREFIX_PATH}:/home/jacobrod/worms_ws/install/worms_mech:/opt/ros/humble /usr/bin/cmake --build /home/jacobrod/worms_ws/build/ros_gz_sim -- -j8 -l8
[3.808s] [35m[1mConsolidate compiler generated dependencies of target create[0m
[3.808s] [35m[1mConsolidate compiler generated dependencies of target ros_gz_sim[0m
[3.812s] [35m[1mConsolidate compiler generated dependencies of target gtest[0m
[3.825s] [35m[1mConsolidate compiler generated dependencies of target gtest_main[0m
[3.854s] [ 20%] Built target gtest
[3.861s] [ 40%] Built target gtest_main
[3.866s] [ 60%] Built target create
[3.878s] [ 80%] Built target ros_gz_sim
[3.919s] [35m[1mConsolidate compiler generated dependencies of target test_stopwatch[0m
[3.965s] [100%] Built target test_stopwatch
[3.999s] Invoked command in '/home/jacobrod/worms_ws/build/ros_gz_sim' returned '0': CMAKE_PREFIX_PATH=${CMAKE_PREFIX_PATH}:/home/jacobrod/worms_ws/install/worms_mech:/opt/ros/humble /usr/bin/cmake --build /home/jacobrod/worms_ws/build/ros_gz_sim -- -j8 -l8
[4.197s] Invoking command in '/home/jacobrod/worms_ws/build/ros_gz_sim': CMAKE_PREFIX_PATH=${CMAKE_PREFIX_PATH}:/home/jacobrod/worms_ws/install/worms_mech:/opt/ros/humble /usr/bin/cmake --install /home/jacobrod/worms_ws/build/ros_gz_sim
[4.202s] -- Install configuration: ""
[4.202s] -- Up-to-date: /home/jacobrod/worms_ws/install/ros_gz_sim/include/ros_gz_sim
[4.202s] -- Up-to-date: /home/jacobrod/worms_ws/install/ros_gz_sim/include/ros_gz_sim/Stopwatch.hpp
[4.202s] -- Up-to-date: /home/jacobrod/worms_ws/install/ros_gz_sim/share/ros_gz_sim/launch/gz_sim.launch.py
[4.202s] -- Up-to-date: /home/jacobrod/worms_ws/install/ros_gz_sim/lib/ros_gz_sim/create
[4.203s] -- Up-to-date: /home/jacobrod/worms_ws/install/ros_gz_sim/lib/libros_gz_sim.so
[4.204s] -- Up-to-date: /home/jacobrod/worms_ws/install/ros_gz_sim/lib/ros_gz_sim/test_stopwatch
[4.204s] -- Up-to-date: /home/jacobrod/worms_ws/install/ros_gz_sim/share/ament_index/resource_index/package_run_dependencies/ros_gz_sim
[4.205s] -- Installing: /home/jacobrod/worms_ws/install/ros_gz_sim/share/ament_index/resource_index/parent_prefix_path/ros_gz_sim
[4.205s] -- Up-to-date: /home/jacobrod/worms_ws/install/ros_gz_sim/share/ros_gz_sim/environment/ament_prefix_path.sh
[4.205s] -- Installing: /home/jacobrod/worms_ws/install/ros_gz_sim/share/ros_gz_sim/environment/ament_prefix_path.dsv
[4.205s] -- Up-to-date: /home/jacobrod/worms_ws/install/ros_gz_sim/share/ros_gz_sim/environment/path.sh
[4.205s] -- Installing: /home/jacobrod/worms_ws/install/ros_gz_sim/share/ros_gz_sim/environment/path.dsv
[4.205s] -- Up-to-date: /home/jacobrod/worms_ws/install/ros_gz_sim/share/ros_gz_sim/local_setup.bash
[4.206s] -- Up-to-date: /home/jacobrod/worms_ws/install/ros_gz_sim/share/ros_gz_sim/local_setup.sh
[4.206s] -- Up-to-date: /home/jacobrod/worms_ws/install/ros_gz_sim/share/ros_gz_sim/local_setup.zsh
[4.206s] -- Installing: /home/jacobrod/worms_ws/install/ros_gz_sim/share/ros_gz_sim/local_setup.dsv
[4.206s] -- Installing: /home/jacobrod/worms_ws/install/ros_gz_sim/share/ros_gz_sim/package.dsv
[4.206s] -- Up-to-date: /home/jacobrod/worms_ws/install/ros_gz_sim/share/ament_index/resource_index/packages/ros_gz_sim
[4.206s] -- Up-to-date: /home/jacobrod/worms_ws/install/ros_gz_sim/share/ros_gz_sim/cmake/ros_gz_simExport.cmake
[4.207s] -- Up-to-date: /home/jacobrod/worms_ws/install/ros_gz_sim/share/ros_gz_sim/cmake/ros_gz_simExport-noconfig.cmake
[4.207s] -- Up-to-date: /home/jacobrod/worms_ws/install/ros_gz_sim/share/ros_gz_sim/cmake/ament_cmake_export_targets-extras.cmake
[4.207s] -- Up-to-date: /home/jacobrod/worms_ws/install/ros_gz_sim/share/ros_gz_sim/cmake/ament_cmake_export_dependencies-extras.cmake
[4.207s] -- Up-to-date: /home/jacobrod/worms_ws/install/ros_gz_sim/share/ros_gz_sim/cmake/ros_gz_simConfig.cmake
[4.207s] -- Up-to-date: /home/jacobrod/worms_ws/install/ros_gz_sim/share/ros_gz_sim/cmake/ros_gz_simConfig-version.cmake
[4.207s] -- Up-to-date: /home/jacobrod/worms_ws/install/ros_gz_sim/share/ros_gz_sim/package.xml
[4.210s] Invoked command in '/home/jacobrod/worms_ws/build/ros_gz_sim' returned '0': CMAKE_PREFIX_PATH=${CMAKE_PREFIX_PATH}:/home/jacobrod/worms_ws/install/worms_mech:/opt/ros/humble /usr/bin/cmake --install /home/jacobrod/worms_ws/build/ros_gz_sim
