[1.992s] Invoking command in '/home/jacobrod/worms_ws/src/worms_mech': PYTHONPATH=/home/jacobrod/worms_ws/build/worms_mech/prefix_override:/home/jacobrod/worms_ws/install/worms_mech/lib/python3.10/site-packages:${PYTHONPATH} /usr/bin/python3 setup.py egg_info --egg-base ../../build/worms_mech build --build-base /home/jacobrod/worms_ws/build/worms_mech/build install --record /home/jacobrod/worms_ws/build/worms_mech/install.log --single-version-externally-managed
[2.348s] running egg_info
[2.352s] writing ../../build/worms_mech/worms_mech.egg-info/PKG-INFO
[2.353s] writing dependency_links to ../../build/worms_mech/worms_mech.egg-info/dependency_links.txt
[2.354s] writing entry points to ../../build/worms_mech/worms_mech.egg-info/entry_points.txt
[2.354s] writing requirements to ../../build/worms_mech/worms_mech.egg-info/requires.txt
[2.354s] writing top-level names to ../../build/worms_mech/worms_mech.egg-info/top_level.txt
[2.355s] reading manifest file '../../build/worms_mech/worms_mech.egg-info/SOURCES.txt'
[2.356s] writing manifest file '../../build/worms_mech/worms_mech.egg-info/SOURCES.txt'
[2.356s] running build
[2.356s] running build_py
[2.357s] running install
[2.357s] /usr/lib/python3/dist-packages/setuptools/command/install.py:34: SetuptoolsDeprecationWarning: setup.py install is deprecated. Use build and pip and other standards-based tools.
[2.357s]   warnings.warn(
[2.357s] running install_lib
[2.359s] running install_data
[2.360s] running install_egg_info
[2.362s] removing '/home/jacobrod/worms_ws/install/worms_mech/lib/python3.10/site-packages/worms_mech-0.0.0-py3.10.egg-info' (and everything under it)
[2.362s] Copying ../../build/worms_mech/worms_mech.egg-info to /home/jacobrod/worms_ws/install/worms_mech/lib/python3.10/site-packages/worms_mech-0.0.0-py3.10.egg-info
[2.363s] running install_scripts
[2.390s] Installing hardware_interface script to /home/jacobrod/worms_ws/install/worms_mech/lib/worms_mech
[2.391s] Installing joint_command_publisher script to /home/jacobrod/worms_ws/install/worms_mech/lib/worms_mech
[2.391s] Installing joystick_control script to /home/jacobrod/worms_ws/install/worms_mech/lib/worms_mech
[2.391s] writing list of installed files to '/home/jacobrod/worms_ws/build/worms_mech/install.log'
[2.639s] Invoked command in '/home/jacobrod/worms_ws/src/worms_mech' returned '0': PYTHONPATH=/home/jacobrod/worms_ws/build/worms_mech/prefix_override:/home/jacobrod/worms_ws/install/worms_mech/lib/python3.10/site-packages:${PYTHONPATH} /usr/bin/python3 setup.py egg_info --egg-base ../../build/worms_mech build --build-base /home/jacobrod/worms_ws/build/worms_mech/build install --record /home/jacobrod/worms_ws/build/worms_mech/install.log --single-version-externally-managed
