[0.486s] Invoking command in '/home/jacobrod/worms_ws/build/ros_gz_interfaces': CMAKE_PREFIX_PATH=/opt/ros/humble /usr/bin/cmake --build /home/jacobrod/worms_ws/build/ros_gz_interfaces -- -j8 -l8
[0.593s] [35m[1mConsolidate compiler generated dependencies of target ros_gz_interfaces__rosidl_generator_c[0m
[0.627s] [  0%] Built target ros_gz_interfaces__cpp
[0.632s] [  0%] Built target ament_cmake_python_copy_ros_gz_interfaces
[0.632s] [ 12%] Built target ros_gz_interfaces__rosidl_generator_c
[0.697s] [35m[1mConsolidate compiler generated dependencies of target ros_gz_interfaces__rosidl_typesupport_c[0m
[0.697s] [35m[1mConsolidate compiler generated dependencies of target ros_gz_interfaces__rosidl_typesupport_cpp[0m
[0.715s] [35m[1mConsolidate compiler generated dependencies of target ros_gz_interfaces__rosidl_typesupport_introspection_c[0m
[0.715s] [35m[1mConsolidate compiler generated dependencies of target ros_gz_interfaces__rosidl_typesupport_fastrtps_cpp[0m
[0.715s] [35m[1mConsolidate compiler generated dependencies of target ros_gz_interfaces__rosidl_typesupport_introspection_cpp[0m
[0.717s] [35m[1mConsolidate compiler generated dependencies of target ros_gz_interfaces__rosidl_typesupport_fastrtps_c[0m
[0.747s] [ 24%] Built target ros_gz_interfaces__rosidl_typesupport_c
[0.748s] [ 36%] Built target ros_gz_interfaces__rosidl_typesupport_cpp
[0.748s] [ 48%] Built target ros_gz_interfaces__rosidl_typesupport_introspection_c
[0.758s] [ 61%] Built target ros_gz_interfaces__rosidl_typesupport_introspection_cpp
[0.763s] [ 73%] Built target ros_gz_interfaces__rosidl_typesupport_fastrtps_cpp
[0.768s] [ 85%] Built target ros_gz_interfaces__rosidl_typesupport_fastrtps_c
[0.796s] [ 85%] Built target ros_gz_interfaces
[0.825s] [ 86%] Built target ros_gz_interfaces__py
[0.848s] [35m[1mConsolidate compiler generated dependencies of target ros_gz_interfaces__rosidl_generator_py[0m
[0.897s] [ 97%] Built target ros_gz_interfaces__rosidl_generator_py
[0.914s] [35m[1mConsolidate compiler generated dependencies of target ros_gz_interfaces__rosidl_typesupport_fastrtps_c__pyext[0m
[0.914s] [35m[1mConsolidate compiler generated dependencies of target ros_gz_interfaces__rosidl_typesupport_c__pyext[0m
[0.915s] [35m[1mConsolidate compiler generated dependencies of target ros_gz_interfaces__rosidl_typesupport_introspection_c__pyext[0m
[0.935s] [ 98%] Built target ros_gz_interfaces__rosidl_typesupport_introspection_c__pyext
[0.938s] [100%] Built target ros_gz_interfaces__rosidl_typesupport_c__pyext
[0.938s] [100%] Built target ros_gz_interfaces__rosidl_typesupport_fastrtps_c__pyext
[1.040s] running egg_info
[1.041s] writing ros_gz_interfaces.egg-info/PKG-INFO
[1.041s] writing dependency_links to ros_gz_interfaces.egg-info/dependency_links.txt
[1.041s] writing top-level names to ros_gz_interfaces.egg-info/top_level.txt
[1.044s] reading manifest file 'ros_gz_interfaces.egg-info/SOURCES.txt'
[1.046s] writing manifest file 'ros_gz_interfaces.egg-info/SOURCES.txt'
[1.083s] [100%] Built target ament_cmake_python_build_ros_gz_interfaces_egg
