[0.819s] Invoking command in '/home/jacobrod/worms_ws/build/ros_gz_example_gazebo': CMAKE_PREFIX_PATH=/home/jacobrod/worms_ws/install/ros_gz_example_description:/home/jacobrod/worms_ws/src/install/worms_gazebo:/home/jacobrod/worms_ws/src/install/worms_description:/home/jacobrod/worms_ws/src/install/ros_gz_example_bringup:/home/jacobrod/worms_ws/src/install/ros_gz_example_gazebo:/home/jacobrod/worms_ws/src/install/ros_gz_example_description:/home/jacobrod/worms_ws/src/install/ros_gz_example_application:/home/jacobrod/worms_ws/src/install/core_bringup:/home/jacobrod/worms_ws/install/worms_gazebo:/home/jacobrod/worms_ws/install/worms_description:/home/jacobrod/worms_ws/install/ros_ign:/home/jacobrod/worms_ws/install/ros_ign_gazebo_demos:/home/jacobrod/worms_ws/install/ros_gz:/home/jacobrod/worms_ws/install/ros_gz_sim_demos:/home/jacobrod/worms_ws/install/sdformat_urdf:/home/jacobrod/worms_ws/install/sdformat_test_files:/home/jacobrod/worms_ws/install/ros_ign_interfaces:/home/jacobrod/worms_ws/install/ros_ign_image:/home/jacobrod/worms_ws/install/ros_ign_gazebo:/home/jacobrod/worms_ws/install/ros_ign_bridge:/home/jacobrod/worms_ws/install/ros_gz_sim:/home/jacobrod/worms_ws/install/ros_gz_image:/home/jacobrod/worms_ws/install/ros_gz_bridge:/home/jacobrod/worms_ws/install/ros_gz_interfaces:/home/jacobrod/worms_ws/install/ros_gz_example_bringup:/home/jacobrod/worms_ws/install/ros_gz_example_gazebo:/home/jacobrod/worms_ws/install/ros_gz_example_application:/home/jacobrod/worms_ws/install/core_bringup:/home/jacobrod/AllSeaingVehicle2/install:/home/jacobrod/worms_ws/src/install/worms_mech:/home/jacobrod/worms_ws/install/worms_mech:/opt/ros/humble GZ_SIM_RESOURCE_PATH=/home/jacobrod/worms_ws/install/ros_gz_example_description/share/ros_gz_example_description/models:${GZ_SIM_RESOURCE_PATH} /usr/bin/cmake /home/jacobrod/worms_ws/src/worms_gazebo_sim/worms_gazebo -DBUILD_TESTING=ON -DCMAKE_INSTALL_PREFIX=/home/jacobrod/worms_ws/install/ros_gz_example_gazebo
[0.905s] -- The C compiler identification is GNU 11.4.0
[1.001s] -- The CXX compiler identification is GNU 11.4.0
[1.014s] -- Detecting C compiler ABI info
[1.129s] -- Detecting C compiler ABI info - done
[1.148s] -- Check for working C compiler: /usr/bin/cc - skipped
[1.148s] -- Detecting C compile features
[1.149s] -- Detecting C compile features - done
[1.154s] -- Detecting CXX compiler ABI info
[1.292s] -- Detecting CXX compiler ABI info - done
[1.315s] -- Check for working CXX compiler: /usr/bin/c++ - skipped
[1.316s] -- Detecting CXX compile features
[1.317s] -- Detecting CXX compile features - done
[1.322s] -- Found ament_cmake: 1.3.5 (/opt/ros/humble/share/ament_cmake/cmake)
[1.709s] -- Found Python3: /usr/bin/python3.10 (found version "3.10.12") found components: Interpreter 
[1.932s] -- Found ros_gz_example_description: 0.0.0 (/home/jacobrod/worms_ws/install/ros_gz_example_description/share/ros_gz_example_description/cmake)
[1.951s] -- Looking for gz-plugin2 -- found version 2.0.2
[1.952s] -- Searching for dependencies of gz-plugin2
[1.958s] -- Looking for gz-utils2 -- found version 2.1.0
[1.959s] -- Searching for dependencies of gz-utils2
[1.959s] -- Searching for <gz-utils2> component [cli]
[1.966s] -- Looking for gz-utils2-cli -- found version 2.1.0
[1.967s] -- Searching for dependencies of gz-utils2-cli
[1.968s] -- Searching for <gz-plugin2> component [register]
[1.975s] -- Looking for gz-plugin2-register -- found version 2.0.2
[1.976s] -- Searching for dependencies of gz-plugin2-register
[1.983s] -- Looking for gz-common5 -- found version 5.4.2
[1.984s] -- Searching for dependencies of gz-common5
[1.984s] -- Looking for gz-utils2 -- found version 2.1.0
[1.985s] -- Looking for dlfcn.h - found
[2.000s] -- Looking for libdl - found
[2.002s] -- Found DL: TRUE  
[2.020s] -- Checking for module 'uuid'
[2.062s] --   Found uuid, version 2.37.2
[2.118s] -- Found UUID: TRUE  
[2.119s] -- Searching for <gz-common5> component [profiler]
[2.125s] -- Looking for gz-common5-profiler -- found version 5.4.2
[2.126s] -- Searching for dependencies of gz-common5-profiler
[2.136s] -- Looking for gz-sim7 -- found version 7.6.0
[2.137s] -- Searching for dependencies of gz-sim7
[2.143s] -- Looking for sdformat13 -- found version 13.6.0
[2.143s] -- Searching for dependencies of sdformat13
[2.151s] -- Checking for module 'tinyxml2'
[2.178s] --   Found tinyxml2, version 9.0.0
[2.373s] -- Looking for gz-math7 -- found version 7.3.0
[2.373s] -- Searching for dependencies of gz-math7
[2.374s] -- Looking for gz-utils2 -- found version 2.1.0
[2.386s] -- Looking for gz-utils2 -- found version 2.1.0
[2.388s] -- Looking for gz-plugin2 -- found version 2.0.2
[2.388s] -- Searching for dependencies of gz-plugin2
[2.389s] -- Looking for gz-utils2 -- found version 2.1.0
[2.390s] -- Searching for <gz-plugin2> component [loader]
[2.396s] -- Looking for gz-plugin2-loader -- found version 2.0.2
[2.398s] -- Searching for dependencies of gz-plugin2-loader
[2.408s] -- Searching for <gz-plugin2> component [register]
[2.416s] -- Looking for gz-transport12 -- found version 12.2.1
[2.417s] -- Searching for dependencies of gz-transport12
[3.341s] -- Found Protobuf: /usr/lib/x86_64-linux-gnu/libprotobuf.so (found version "3.12.4") 
[3.384s] -- Config-file not installed for ZeroMQ -- checking for pkg-config
[3.411s] -- Checking for module 'libzmq >= 4'
[3.516s] --   Found libzmq , version 4.3.4
[3.616s] -- Found ZeroMQ: TRUE (Required is at least version "4") 
[3.635s] -- Looking for gz-utils2 -- found version 2.1.0
[3.642s] -- Looking for gz-msgs9 -- found version 9.5.0
[3.643s] -- Searching for dependencies of gz-msgs9
[3.680s] -- Looking for gz-math7 -- found version 7.3.0
[3.691s] -- Searching for <gz-transport12> component [log]
[3.699s] -- Looking for gz-transport12-log -- found version 12.2.1
[3.700s] -- Searching for dependencies of gz-transport12-log
[3.701s] -- Searching for <gz-transport12> component [parameters]
[3.707s] -- Looking for gz-transport12-parameters -- found version 12.2.1
[3.708s] -- Searching for dependencies of gz-transport12-parameters
[3.710s] -- Looking for gz-msgs9 -- found version 9.5.0
[3.711s] -- Looking for gz-common5 -- found version 5.4.2
[3.712s] -- Searching for dependencies of gz-common5
[3.712s] -- Looking for gz-utils2 -- found version 2.1.0
[3.713s] -- Looking for dlfcn.h - found
[3.713s] -- Looking for libdl - found
[3.725s] -- Searching for <gz-common5> component [profiler]
[3.726s] -- Searching for <gz-common5> component [events]
[3.733s] -- Looking for gz-common5-events -- found version 5.4.2
[3.734s] -- Searching for dependencies of gz-common5-events
[3.735s] -- Looking for gz-math7 -- found version 7.3.0
[3.736s] -- Searching for <gz-common5> component [av]
[3.742s] -- Looking for gz-common5-av -- found version 5.4.2
[3.743s] -- Searching for dependencies of gz-common5-av
[3.753s] -- Checking for module 'libswscale'
[3.852s] --   Found libswscale, version 5.9.100
[4.040s] -- Found SWSCALE: TRUE  
[4.075s] -- Checking for module 'libavdevice >= 56.4.100'
[4.180s] --   Found libavdevice , version 58.13.100
[4.407s] -- Found AVDEVICE: TRUE (Required is at least version "56.4.100") 
[4.417s] -- Checking for module 'libavformat'
[4.511s] --   Found libavformat, version 58.76.100
[4.587s] -- Found AVFORMAT: TRUE  
[4.596s] -- Checking for module 'libavcodec'
[4.667s] --   Found libavcodec, version 58.134.100
[4.810s] -- Found AVCODEC: TRUE  
[4.819s] -- Checking for module 'libavutil'
[4.846s] --   Found libavutil, version 56.70.100
[4.933s] -- Found AVUTIL: TRUE  
[4.934s] -- Searching for <gz-common5> component [io]
[4.941s] -- Looking for gz-common5-io -- found version 5.4.2
[4.943s] -- Searching for dependencies of gz-common5-io
[4.951s] -- Looking for gz-fuel_tools8 -- found version 8.1.0
[4.952s] -- Searching for dependencies of gz-fuel_tools8
[5.298s] -- Found CURL: /usr/lib/x86_64-linux-gnu/libcurl.so (found version "7.81.0")  
[5.316s] -- Checking for module 'jsoncpp'
[5.346s] --   Found jsoncpp, version 1.9.5
[5.436s] -- Found JSONCPP: TRUE  
[5.450s] -- Checking for module 'libzip'
[5.476s] --   Found libzip, version 1.7.3
[5.538s] -- Found ZIP: TRUE  
[5.539s] -- Looking for gz-utils2 -- found version 2.1.0
[5.540s] -- Looking for gz-common5 -- found version 5.4.2
[5.542s] -- Searching for dependencies of gz-common5
[5.542s] -- Looking for gz-utils2 -- found version 2.1.0
[5.543s] -- Looking for dlfcn.h - found
[5.543s] -- Looking for libdl - found
[5.557s] -- Searching for <gz-common5> component [testing]
[5.565s] -- Looking for gz-common5-testing -- found version 5.4.2
[5.566s] -- Searching for dependencies of gz-common5-testing
[5.568s] -- Looking for gz-math7 -- found version 7.3.0
[5.569s] -- Looking for gz-msgs9 -- found version 9.5.0
[5.577s] -- Looking for gz-gui7 -- found version 7.2.1
[5.579s] -- Searching for dependencies of gz-gui7
[5.625s] -- Looking for gz-utils2 -- found version 2.1.0
[5.626s] -- Looking for gz-math7 -- found version 7.3.0
[5.627s] -- Looking for gz-common5 -- found version 5.4.2
[5.628s] -- Looking for gz-plugin2 -- found version 2.0.2
[5.629s] -- Looking for gz-transport12 -- found version 12.2.1
[5.636s] -- Looking for gz-rendering7 -- found version 7.4.2
[5.638s] -- Searching for dependencies of gz-rendering7
[5.639s] -- Looking for gz-math7 -- found version 7.3.0
[5.640s] -- Searching for dependencies of gz-math7
[5.641s] -- Looking for gz-utils2 -- found version 2.1.0
[5.642s] -- Searching for <gz-math7> component [eigen3]
[5.649s] -- Looking for gz-math7-eigen3 -- found version 7.3.0
[5.650s] -- Searching for dependencies of gz-math7-eigen3
[5.667s] -- Looking for gz-common5 -- found version 5.4.2
[5.668s] -- Searching for dependencies of gz-common5
[5.669s] -- Looking for gz-utils2 -- found version 2.1.0
[5.670s] -- Looking for dlfcn.h - found
[5.670s] -- Looking for libdl - found
[5.683s] -- Searching for <gz-common5> component [graphics]
[5.690s] -- Looking for gz-common5-graphics -- found version 5.4.2
[5.691s] -- Searching for dependencies of gz-common5-graphics
[5.692s] -- Looking for gz-math7 -- found version 7.3.0
[5.708s] -- Found GzAssimp: TRUE (found version "5.2.0") 
[5.710s] -- Searching for <gz-common5> component [events]
[5.711s] -- Searching for <gz-common5> component [geospatial]
[5.717s] -- Looking for gz-common5-geospatial -- found version 5.4.2
[5.719s] -- Searching for dependencies of gz-common5-geospatial
[5.719s] -- Looking for gz-math7 -- found version 7.3.0
[5.721s] -- Looking for gz-common5 -- found version 5.4.2
[5.723s] -- Looking for gz-plugin2 -- found version 2.0.2
[5.724s] -- Searching for dependencies of gz-plugin2
[5.725s] -- Looking for gz-utils2 -- found version 2.1.0
[5.726s] -- Searching for <gz-plugin2> component [all]
[5.732s] -- Looking for all libraries of gz-plugin2 -- found version 2.0.2
[5.734s] -- Looking for gz-plugin2 -- found version 2.0.2
[5.737s] -- Looking for gz-utils2 -- found version 2.1.0
[5.752s] -- Found OpenGL: /usr/lib/x86_64-linux-gnu/libOpenGL.so  found components: OpenGL 
[5.755s] -- Looking for gz-msgs9 -- found version 9.5.0
[5.798s] -- Looking for gz-physics6 -- found version 6.5.1
[5.800s] -- Searching for dependencies of gz-physics6
[5.801s] -- Looking for gz-math7 -- found version 7.3.0
[5.802s] -- Looking for gz-plugin2 -- found version 2.0.2
[5.803s] -- Looking for gz-utils2 -- found version 2.1.0
[5.805s] -- Searching for <gz-physics6> component [heightmap]
[5.812s] -- Looking for gz-physics6-heightmap -- found version 6.5.1
[5.813s] -- Searching for dependencies of gz-physics6-heightmap
[5.814s] -- Looking for gz-common5 -- found version 5.4.2
[5.815s] -- Searching for <gz-physics6> component [mesh]
[5.824s] -- Looking for gz-physics6-mesh -- found version 6.5.1
[5.824s] -- Searching for dependencies of gz-physics6-mesh
[5.824s] -- Looking for gz-common5 -- found version 5.4.2
[5.825s] -- Searching for <gz-physics6> component [sdf]
[5.831s] -- Looking for gz-physics6-sdf -- found version 6.5.1
[5.832s] -- Searching for dependencies of gz-physics6-sdf
[5.833s] -- Looking for sdformat13 -- found version 13.6.0
[5.842s] -- Looking for gz-sensors7 -- found version 7.3.0
[5.843s] -- Searching for dependencies of gz-sensors7
[5.885s] -- Looking for gz-math7 -- found version 7.3.0
[5.885s] -- Looking for gz-common5 -- found version 5.4.2
[5.886s] -- Looking for gz-transport12 -- found version 12.2.1
[5.887s] -- Looking for gz-rendering7 -- found version 7.4.2
[5.888s] -- Looking for gz-msgs9 -- found version 9.5.0
[5.889s] -- Looking for sdformat13 -- found version 13.6.0
[5.890s] -- Searching for <gz-sensors7> component [air_pressure]
[5.897s] -- Looking for gz-sensors7-air_pressure -- found version 7.3.0
[5.898s] -- Searching for dependencies of gz-sensors7-air_pressure
[5.899s] -- Searching for <gz-sensors7> component [air_speed]
[5.909s] -- Looking for gz-sensors7-air_speed -- found version 7.3.0
[5.919s] -- Searching for dependencies of gz-sensors7-air_speed
[5.920s] -- Searching for <gz-sensors7> component [altimeter]
[5.920s] -- Looking for gz-sensors7-altimeter -- found version 7.3.0
[5.920s] -- Searching for dependencies of gz-sensors7-altimeter
[5.920s] -- Searching for <gz-sensors7> component [imu]
[5.925s] -- Looking for gz-sensors7-imu -- found version 7.3.0
[5.925s] -- Searching for dependencies of gz-sensors7-imu
[5.926s] -- Searching for <gz-sensors7> component [force_torque]
[5.933s] -- Looking for gz-sensors7-force_torque -- found version 7.3.0
[5.934s] -- Searching for dependencies of gz-sensors7-force_torque
[5.935s] -- Searching for <gz-sensors7> component [logical_camera]
[5.942s] -- Looking for gz-sensors7-logical_camera -- found version 7.3.0
[5.942s] -- Searching for dependencies of gz-sensors7-logical_camera
[5.943s] -- Searching for <gz-sensors7> component [magnetometer]
[5.950s] -- Looking for gz-sensors7-magnetometer -- found version 7.3.0
[5.951s] -- Searching for dependencies of gz-sensors7-magnetometer
[5.952s] -- Searching for <gz-sensors7> component [navsat]
[5.958s] -- Looking for gz-sensors7-navsat -- found version 7.3.0
[5.959s] -- Searching for dependencies of gz-sensors7-navsat
[5.960s] -- Searching for <gz-sensors7> component [rendering]
[5.967s] -- Looking for gz-sensors7-rendering -- found version 7.3.0
[5.968s] -- Searching for dependencies of gz-sensors7-rendering
[5.969s] -- Searching for <gz-sensors7> component [lidar]
[5.977s] -- Looking for gz-sensors7-lidar -- found version 7.3.0
[5.977s] -- Searching for dependencies of gz-sensors7-lidar
[5.977s] -- Looking for gz-sensors7 -- found version 7.3.0
[5.978s] -- Searching for <gz-sensors7> component [gpu_lidar]
[5.984s] -- Looking for gz-sensors7-gpu_lidar -- found version 7.3.0
[5.985s] -- Searching for dependencies of gz-sensors7-gpu_lidar
[5.986s] -- Looking for gz-sensors7 -- found version 7.3.0
[5.987s] -- Searching for <gz-sensors7> component [camera]
[5.994s] -- Looking for gz-sensors7-camera -- found version 7.3.0
[5.995s] -- Searching for dependencies of gz-sensors7-camera
[5.995s] -- Looking for gz-sensors7 -- found version 7.3.0
[5.996s] -- Searching for <gz-sensors7> component [boundingbox_camera]
[6.003s] -- Looking for gz-sensors7-boundingbox_camera -- found version 7.3.0
[6.004s] -- Searching for dependencies of gz-sensors7-boundingbox_camera
[6.004s] -- Searching for <gz-sensors7> component [segmentation_camera]
[6.012s] -- Looking for gz-sensors7-segmentation_camera -- found version 7.3.0
[6.012s] -- Searching for dependencies of gz-sensors7-segmentation_camera
[6.013s] -- Searching for <gz-sensors7> component [depth_camera]
[6.019s] -- Looking for gz-sensors7-depth_camera -- found version 7.3.0
[6.020s] -- Searching for dependencies of gz-sensors7-depth_camera
[6.021s] -- Looking for gz-sensors7 -- found version 7.3.0
[6.022s] -- Searching for <gz-sensors7> component [rgbd_camera]
[6.028s] -- Looking for gz-sensors7-rgbd_camera -- found version 7.3.0
[6.029s] -- Searching for dependencies of gz-sensors7-rgbd_camera
[6.030s] -- Looking for gz-sensors7 -- found version 7.3.0
[6.031s] -- Searching for <gz-sensors7> component [thermal_camera]
[6.038s] -- Looking for gz-sensors7-thermal_camera -- found version 7.3.0
[6.039s] -- Searching for dependencies of gz-sensors7-thermal_camera
[6.039s] -- Looking for gz-sensors7 -- found version 7.3.0
[6.040s] -- Searching for <gz-sensors7> component [wide_angle_camera]
[6.048s] -- Looking for gz-sensors7-wide_angle_camera -- found version 7.3.0
[6.049s] -- Searching for dependencies of gz-sensors7-wide_angle_camera
[6.051s] -- Looking for gz-rendering7 -- found version 7.4.2
[6.052s] -- Looking for gz-math7 -- found version 7.3.0
[6.053s] -- Looking for gz-utils2 -- found version 2.1.0
[6.093s] -- Compiling against Gazebo Garden
[6.098s] -- Found ament_lint_auto: 0.12.8 (/opt/ros/humble/share/ament_lint_auto/cmake)
[6.221s] -- Configuring done
[6.247s] -- Generating done
[6.250s] -- Build files have been written to: /home/jacobrod/worms_ws/build/ros_gz_example_gazebo
[6.271s] Invoked command in '/home/jacobrod/worms_ws/build/ros_gz_example_gazebo' returned '0': CMAKE_PREFIX_PATH=/home/jacobrod/worms_ws/install/ros_gz_example_description:/home/jacobrod/worms_ws/src/install/worms_gazebo:/home/jacobrod/worms_ws/src/install/worms_description:/home/jacobrod/worms_ws/src/install/ros_gz_example_bringup:/home/jacobrod/worms_ws/src/install/ros_gz_example_gazebo:/home/jacobrod/worms_ws/src/install/ros_gz_example_description:/home/jacobrod/worms_ws/src/install/ros_gz_example_application:/home/jacobrod/worms_ws/src/install/core_bringup:/home/jacobrod/worms_ws/install/worms_gazebo:/home/jacobrod/worms_ws/install/worms_description:/home/jacobrod/worms_ws/install/ros_ign:/home/jacobrod/worms_ws/install/ros_ign_gazebo_demos:/home/jacobrod/worms_ws/install/ros_gz:/home/jacobrod/worms_ws/install/ros_gz_sim_demos:/home/jacobrod/worms_ws/install/sdformat_urdf:/home/jacobrod/worms_ws/install/sdformat_test_files:/home/jacobrod/worms_ws/install/ros_ign_interfaces:/home/jacobrod/worms_ws/install/ros_ign_image:/home/jacobrod/worms_ws/install/ros_ign_gazebo:/home/jacobrod/worms_ws/install/ros_ign_bridge:/home/jacobrod/worms_ws/install/ros_gz_sim:/home/jacobrod/worms_ws/install/ros_gz_image:/home/jacobrod/worms_ws/install/ros_gz_bridge:/home/jacobrod/worms_ws/install/ros_gz_interfaces:/home/jacobrod/worms_ws/install/ros_gz_example_bringup:/home/jacobrod/worms_ws/install/ros_gz_example_gazebo:/home/jacobrod/worms_ws/install/ros_gz_example_application:/home/jacobrod/worms_ws/install/core_bringup:/home/jacobrod/AllSeaingVehicle2/install:/home/jacobrod/worms_ws/src/install/worms_mech:/home/jacobrod/worms_ws/install/worms_mech:/opt/ros/humble GZ_SIM_RESOURCE_PATH=/home/jacobrod/worms_ws/install/ros_gz_example_description/share/ros_gz_example_description/models:${GZ_SIM_RESOURCE_PATH} /usr/bin/cmake /home/jacobrod/worms_ws/src/worms_gazebo_sim/worms_gazebo -DBUILD_TESTING=ON -DCMAKE_INSTALL_PREFIX=/home/jacobrod/worms_ws/install/ros_gz_example_gazebo
[6.272s] Invoking command in '/home/jacobrod/worms_ws/build/ros_gz_example_gazebo': CMAKE_PREFIX_PATH=/home/jacobrod/worms_ws/install/ros_gz_example_description:/home/jacobrod/worms_ws/src/install/worms_gazebo:/home/jacobrod/worms_ws/src/install/worms_description:/home/jacobrod/worms_ws/src/install/ros_gz_example_bringup:/home/jacobrod/worms_ws/src/install/ros_gz_example_gazebo:/home/jacobrod/worms_ws/src/install/ros_gz_example_description:/home/jacobrod/worms_ws/src/install/ros_gz_example_application:/home/jacobrod/worms_ws/src/install/core_bringup:/home/jacobrod/worms_ws/install/worms_gazebo:/home/jacobrod/worms_ws/install/worms_description:/home/jacobrod/worms_ws/install/ros_ign:/home/jacobrod/worms_ws/install/ros_ign_gazebo_demos:/home/jacobrod/worms_ws/install/ros_gz:/home/jacobrod/worms_ws/install/ros_gz_sim_demos:/home/jacobrod/worms_ws/install/sdformat_urdf:/home/jacobrod/worms_ws/install/sdformat_test_files:/home/jacobrod/worms_ws/install/ros_ign_interfaces:/home/jacobrod/worms_ws/install/ros_ign_image:/home/jacobrod/worms_ws/install/ros_ign_gazebo:/home/jacobrod/worms_ws/install/ros_ign_bridge:/home/jacobrod/worms_ws/install/ros_gz_sim:/home/jacobrod/worms_ws/install/ros_gz_image:/home/jacobrod/worms_ws/install/ros_gz_bridge:/home/jacobrod/worms_ws/install/ros_gz_interfaces:/home/jacobrod/worms_ws/install/ros_gz_example_bringup:/home/jacobrod/worms_ws/install/ros_gz_example_gazebo:/home/jacobrod/worms_ws/install/ros_gz_example_application:/home/jacobrod/worms_ws/install/core_bringup:/home/jacobrod/AllSeaingVehicle2/install:/home/jacobrod/worms_ws/src/install/worms_mech:/home/jacobrod/worms_ws/install/worms_mech:/opt/ros/humble GZ_SIM_RESOURCE_PATH=/home/jacobrod/worms_ws/install/ros_gz_example_description/share/ros_gz_example_description/models:${GZ_SIM_RESOURCE_PATH} /usr/bin/cmake --build /home/jacobrod/worms_ws/build/ros_gz_example_gazebo -- -j8 -l8
[6.351s] [ 25%] [32mBuilding CXX object CMakeFiles/FullSystem.dir/src/FullSystem.cc.o[0m
[6.351s] [ 50%] [32mBuilding CXX object CMakeFiles/BasicSystem.dir/src/BasicSystem.cc.o[0m
[12.509s] [ 75%] [32m[1mLinking CXX shared library libBasicSystem.so[0m
[13.000s] [100%] [32m[1mLinking CXX shared library libFullSystem.so[0m
[13.309s] [100%] Built target BasicSystem
[13.504s] [100%] Built target FullSystem
[13.562s] Invoked command in '/home/jacobrod/worms_ws/build/ros_gz_example_gazebo' returned '0': CMAKE_PREFIX_PATH=/home/jacobrod/worms_ws/install/ros_gz_example_description:/home/jacobrod/worms_ws/src/install/worms_gazebo:/home/jacobrod/worms_ws/src/install/worms_description:/home/jacobrod/worms_ws/src/install/ros_gz_example_bringup:/home/jacobrod/worms_ws/src/install/ros_gz_example_gazebo:/home/jacobrod/worms_ws/src/install/ros_gz_example_description:/home/jacobrod/worms_ws/src/install/ros_gz_example_application:/home/jacobrod/worms_ws/src/install/core_bringup:/home/jacobrod/worms_ws/install/worms_gazebo:/home/jacobrod/worms_ws/install/worms_description:/home/jacobrod/worms_ws/install/ros_ign:/home/jacobrod/worms_ws/install/ros_ign_gazebo_demos:/home/jacobrod/worms_ws/install/ros_gz:/home/jacobrod/worms_ws/install/ros_gz_sim_demos:/home/jacobrod/worms_ws/install/sdformat_urdf:/home/jacobrod/worms_ws/install/sdformat_test_files:/home/jacobrod/worms_ws/install/ros_ign_interfaces:/home/jacobrod/worms_ws/install/ros_ign_image:/home/jacobrod/worms_ws/install/ros_ign_gazebo:/home/jacobrod/worms_ws/install/ros_ign_bridge:/home/jacobrod/worms_ws/install/ros_gz_sim:/home/jacobrod/worms_ws/install/ros_gz_image:/home/jacobrod/worms_ws/install/ros_gz_bridge:/home/jacobrod/worms_ws/install/ros_gz_interfaces:/home/jacobrod/worms_ws/install/ros_gz_example_bringup:/home/jacobrod/worms_ws/install/ros_gz_example_gazebo:/home/jacobrod/worms_ws/install/ros_gz_example_application:/home/jacobrod/worms_ws/install/core_bringup:/home/jacobrod/AllSeaingVehicle2/install:/home/jacobrod/worms_ws/src/install/worms_mech:/home/jacobrod/worms_ws/install/worms_mech:/opt/ros/humble GZ_SIM_RESOURCE_PATH=/home/jacobrod/worms_ws/install/ros_gz_example_description/share/ros_gz_example_description/models:${GZ_SIM_RESOURCE_PATH} /usr/bin/cmake --build /home/jacobrod/worms_ws/build/ros_gz_example_gazebo -- -j8 -l8
[14.090s] Invoking command in '/home/jacobrod/worms_ws/build/ros_gz_example_gazebo': CMAKE_PREFIX_PATH=/home/jacobrod/worms_ws/install/ros_gz_example_description:/home/jacobrod/worms_ws/src/install/worms_gazebo:/home/jacobrod/worms_ws/src/install/worms_description:/home/jacobrod/worms_ws/src/install/ros_gz_example_bringup:/home/jacobrod/worms_ws/src/install/ros_gz_example_gazebo:/home/jacobrod/worms_ws/src/install/ros_gz_example_description:/home/jacobrod/worms_ws/src/install/ros_gz_example_application:/home/jacobrod/worms_ws/src/install/core_bringup:/home/jacobrod/worms_ws/install/worms_gazebo:/home/jacobrod/worms_ws/install/worms_description:/home/jacobrod/worms_ws/install/ros_ign:/home/jacobrod/worms_ws/install/ros_ign_gazebo_demos:/home/jacobrod/worms_ws/install/ros_gz:/home/jacobrod/worms_ws/install/ros_gz_sim_demos:/home/jacobrod/worms_ws/install/sdformat_urdf:/home/jacobrod/worms_ws/install/sdformat_test_files:/home/jacobrod/worms_ws/install/ros_ign_interfaces:/home/jacobrod/worms_ws/install/ros_ign_image:/home/jacobrod/worms_ws/install/ros_ign_gazebo:/home/jacobrod/worms_ws/install/ros_ign_bridge:/home/jacobrod/worms_ws/install/ros_gz_sim:/home/jacobrod/worms_ws/install/ros_gz_image:/home/jacobrod/worms_ws/install/ros_gz_bridge:/home/jacobrod/worms_ws/install/ros_gz_interfaces:/home/jacobrod/worms_ws/install/ros_gz_example_bringup:/home/jacobrod/worms_ws/install/ros_gz_example_gazebo:/home/jacobrod/worms_ws/install/ros_gz_example_application:/home/jacobrod/worms_ws/install/core_bringup:/home/jacobrod/AllSeaingVehicle2/install:/home/jacobrod/worms_ws/src/install/worms_mech:/home/jacobrod/worms_ws/install/worms_mech:/opt/ros/humble GZ_SIM_RESOURCE_PATH=/home/jacobrod/worms_ws/install/ros_gz_example_description/share/ros_gz_example_description/models:${GZ_SIM_RESOURCE_PATH} /usr/bin/cmake --install /home/jacobrod/worms_ws/build/ros_gz_example_gazebo
[14.102s] -- Install configuration: ""
[14.102s] -- Installing: /home/jacobrod/worms_ws/install/ros_gz_example_gazebo/lib/ros_gz_example_gazebo/libBasicSystem.so
[14.103s] -- Installing: /home/jacobrod/worms_ws/install/ros_gz_example_gazebo/lib/ros_gz_example_gazebo/libFullSystem.so
[14.104s] -- Installing: /home/jacobrod/worms_ws/install/ros_gz_example_gazebo/share/ros_gz_example_gazebo/worlds
[14.104s] -- Installing: /home/jacobrod/worms_ws/install/ros_gz_example_gazebo/share/ros_gz_example_gazebo/worlds/model.config
[14.104s] -- Installing: /home/jacobrod/worms_ws/install/ros_gz_example_gazebo/share/ros_gz_example_gazebo/worlds/model.sdf
[14.105s] -- Installing: /home/jacobrod/worms_ws/install/ros_gz_example_gazebo/share/ros_gz_example_gazebo/worlds/worms.sdf
[14.105s] -- Installing: /home/jacobrod/worms_ws/install/ros_gz_example_gazebo/share/ros_gz_example_gazebo/worlds/moon_dem.sdf
[14.111s] -- Installing: /home/jacobrod/worms_ws/install/ros_gz_example_gazebo/share/ros_gz_example_gazebo/worlds/diff_drive.sdf
[14.111s] -- Installing: /home/jacobrod/worms_ws/install/ros_gz_example_gazebo/share/ros_gz_example_gazebo/environment/ros_gz_example_gazebo.dsv
[14.112s] -- Installing: /home/jacobrod/worms_ws/install/ros_gz_example_gazebo/share/ros_gz_example_gazebo/environment/ros_gz_example_gazebo.sh
[14.113s] -- Installing: /home/jacobrod/worms_ws/install/ros_gz_example_gazebo/share/ament_index/resource_index/package_run_dependencies/ros_gz_example_gazebo
[14.116s] -- Installing: /home/jacobrod/worms_ws/install/ros_gz_example_gazebo/share/ament_index/resource_index/parent_prefix_path/ros_gz_example_gazebo
[14.120s] -- Installing: /home/jacobrod/worms_ws/install/ros_gz_example_gazebo/share/ros_gz_example_gazebo/environment/ament_prefix_path.sh
[14.120s] -- Installing: /home/jacobrod/worms_ws/install/ros_gz_example_gazebo/share/ros_gz_example_gazebo/environment/ament_prefix_path.dsv
[14.121s] -- Installing: /home/jacobrod/worms_ws/install/ros_gz_example_gazebo/share/ros_gz_example_gazebo/environment/path.sh
[14.121s] -- Installing: /home/jacobrod/worms_ws/install/ros_gz_example_gazebo/share/ros_gz_example_gazebo/environment/path.dsv
[14.121s] -- Installing: /home/jacobrod/worms_ws/install/ros_gz_example_gazebo/share/ros_gz_example_gazebo/local_setup.bash
[14.122s] -- Installing: /home/jacobrod/worms_ws/install/ros_gz_example_gazebo/share/ros_gz_example_gazebo/local_setup.sh
[14.123s] -- Installing: /home/jacobrod/worms_ws/install/ros_gz_example_gazebo/share/ros_gz_example_gazebo/local_setup.zsh
[14.123s] -- Installing: /home/jacobrod/worms_ws/install/ros_gz_example_gazebo/share/ros_gz_example_gazebo/local_setup.dsv
[14.123s] -- Installing: /home/jacobrod/worms_ws/install/ros_gz_example_gazebo/share/ros_gz_example_gazebo/package.dsv
[14.124s] -- Installing: /home/jacobrod/worms_ws/install/ros_gz_example_gazebo/share/ament_index/resource_index/packages/ros_gz_example_gazebo
[14.127s] -- Installing: /home/jacobrod/worms_ws/install/ros_gz_example_gazebo/share/ros_gz_example_gazebo/cmake/ros_gz_example_gazeboConfig.cmake
[14.127s] -- Installing: /home/jacobrod/worms_ws/install/ros_gz_example_gazebo/share/ros_gz_example_gazebo/cmake/ros_gz_example_gazeboConfig-version.cmake
[14.127s] -- Installing: /home/jacobrod/worms_ws/install/ros_gz_example_gazebo/share/ros_gz_example_gazebo/package.xml
[14.136s] Invoked command in '/home/jacobrod/worms_ws/build/ros_gz_example_gazebo' returned '0': CMAKE_PREFIX_PATH=/home/jacobrod/worms_ws/install/ros_gz_example_description:/home/jacobrod/worms_ws/src/install/worms_gazebo:/home/jacobrod/worms_ws/src/install/worms_description:/home/jacobrod/worms_ws/src/install/ros_gz_example_bringup:/home/jacobrod/worms_ws/src/install/ros_gz_example_gazebo:/home/jacobrod/worms_ws/src/install/ros_gz_example_description:/home/jacobrod/worms_ws/src/install/ros_gz_example_application:/home/jacobrod/worms_ws/src/install/core_bringup:/home/jacobrod/worms_ws/install/worms_gazebo:/home/jacobrod/worms_ws/install/worms_description:/home/jacobrod/worms_ws/install/ros_ign:/home/jacobrod/worms_ws/install/ros_ign_gazebo_demos:/home/jacobrod/worms_ws/install/ros_gz:/home/jacobrod/worms_ws/install/ros_gz_sim_demos:/home/jacobrod/worms_ws/install/sdformat_urdf:/home/jacobrod/worms_ws/install/sdformat_test_files:/home/jacobrod/worms_ws/install/ros_ign_interfaces:/home/jacobrod/worms_ws/install/ros_ign_image:/home/jacobrod/worms_ws/install/ros_ign_gazebo:/home/jacobrod/worms_ws/install/ros_ign_bridge:/home/jacobrod/worms_ws/install/ros_gz_sim:/home/jacobrod/worms_ws/install/ros_gz_image:/home/jacobrod/worms_ws/install/ros_gz_bridge:/home/jacobrod/worms_ws/install/ros_gz_interfaces:/home/jacobrod/worms_ws/install/ros_gz_example_bringup:/home/jacobrod/worms_ws/install/ros_gz_example_gazebo:/home/jacobrod/worms_ws/install/ros_gz_example_application:/home/jacobrod/worms_ws/install/core_bringup:/home/jacobrod/AllSeaingVehicle2/install:/home/jacobrod/worms_ws/src/install/worms_mech:/home/jacobrod/worms_ws/install/worms_mech:/opt/ros/humble GZ_SIM_RESOURCE_PATH=/home/jacobrod/worms_ws/install/ros_gz_example_description/share/ros_gz_example_description/models:${GZ_SIM_RESOURCE_PATH} /usr/bin/cmake --install /home/jacobrod/worms_ws/build/ros_gz_example_gazebo
