/home/jacobrod/worms_mech_ws/install/worms_mech/lib/python3.10/site-packages/worms_mech/hardware_interface.py
/home/jacobrod/worms_mech_ws/install/worms_mech/lib/python3.10/site-packages/worms_mech/gait_manager.py
/home/jacobrod/worms_mech_ws/install/worms_mech/lib/python3.10/site-packages/worms_mech/gait_parser_actions.py
/home/jacobrod/worms_mech_ws/install/worms_mech/lib/python3.10/site-packages/worms_mech/camera_scanner.py
/home/jacobrod/worms_mech_ws/install/worms_mech/lib/python3.10/site-packages/worms_mech/hardware_interfacev2.py
/home/jacobrod/worms_mech_ws/install/worms_mech/lib/python3.10/site-packages/worms_mech/controller_node.py
/home/jacobrod/worms_mech_ws/install/worms_mech/lib/python3.10/site-packages/worms_mech/simple_hardware_interface.py
/home/jacobrod/worms_mech_ws/install/worms_mech/lib/python3.10/site-packages/worms_mech/action_node.py
/home/jacobrod/worms_mech_ws/install/worms_mech/lib/python3.10/site-packages/worms_mech/testbed_interface.py
/home/jacobrod/worms_mech_ws/install/worms_mech/lib/python3.10/site-packages/worms_mech/group_joint_controller.py
/home/jacobrod/worms_mech_ws/install/worms_mech/lib/python3.10/site-packages/worms_mech/joint_command_publisher.py
/home/jacobrod/worms_mech_ws/install/worms_mech/lib/python3.10/site-packages/worms_mech/file_tester.py
/home/jacobrod/worms_mech_ws/install/worms_mech/lib/python3.10/site-packages/worms_mech/gait_parser.py
/home/jacobrod/worms_mech_ws/install/worms_mech/lib/python3.10/site-packages/worms_mech/controller_nodev2.py
/home/jacobrod/worms_mech_ws/install/worms_mech/lib/python3.10/site-packages/worms_mech/__init__.py
/home/jacobrod/worms_mech_ws/install/worms_mech/lib/python3.10/site-packages/worms_mech/gait_action_node.py
/home/jacobrod/worms_mech_ws/install/worms_mech/lib/python3.10/site-packages/worms_mech/joystick_control.py
/home/jacobrod/worms_mech_ws/install/worms_mech/lib/python3.10/site-packages/worms_mech/__pycache__/hardware_interface.cpython-310.pyc
/home/jacobrod/worms_mech_ws/install/worms_mech/lib/python3.10/site-packages/worms_mech/__pycache__/gait_manager.cpython-310.pyc
/home/jacobrod/worms_mech_ws/install/worms_mech/lib/python3.10/site-packages/worms_mech/__pycache__/gait_parser_actions.cpython-310.pyc
/home/jacobrod/worms_mech_ws/install/worms_mech/lib/python3.10/site-packages/worms_mech/__pycache__/camera_scanner.cpython-310.pyc
/home/jacobrod/worms_mech_ws/install/worms_mech/lib/python3.10/site-packages/worms_mech/__pycache__/hardware_interfacev2.cpython-310.pyc
/home/jacobrod/worms_mech_ws/install/worms_mech/lib/python3.10/site-packages/worms_mech/__pycache__/controller_node.cpython-310.pyc
/home/jacobrod/worms_mech_ws/install/worms_mech/lib/python3.10/site-packages/worms_mech/__pycache__/simple_hardware_interface.cpython-310.pyc
/home/jacobrod/worms_mech_ws/install/worms_mech/lib/python3.10/site-packages/worms_mech/__pycache__/action_node.cpython-310.pyc
/home/jacobrod/worms_mech_ws/install/worms_mech/lib/python3.10/site-packages/worms_mech/__pycache__/testbed_interface.cpython-310.pyc
/home/jacobrod/worms_mech_ws/install/worms_mech/lib/python3.10/site-packages/worms_mech/__pycache__/group_joint_controller.cpython-310.pyc
/home/jacobrod/worms_mech_ws/install/worms_mech/lib/python3.10/site-packages/worms_mech/__pycache__/joint_command_publisher.cpython-310.pyc
/home/jacobrod/worms_mech_ws/install/worms_mech/lib/python3.10/site-packages/worms_mech/__pycache__/file_tester.cpython-310.pyc
/home/jacobrod/worms_mech_ws/install/worms_mech/lib/python3.10/site-packages/worms_mech/__pycache__/gait_parser.cpython-310.pyc
/home/jacobrod/worms_mech_ws/install/worms_mech/lib/python3.10/site-packages/worms_mech/__pycache__/controller_nodev2.cpython-310.pyc
/home/jacobrod/worms_mech_ws/install/worms_mech/lib/python3.10/site-packages/worms_mech/__pycache__/__init__.cpython-310.pyc
/home/jacobrod/worms_mech_ws/install/worms_mech/lib/python3.10/site-packages/worms_mech/__pycache__/gait_action_node.cpython-310.pyc
/home/jacobrod/worms_mech_ws/install/worms_mech/lib/python3.10/site-packages/worms_mech/__pycache__/joystick_control.cpython-310.pyc
/home/jacobrod/worms_mech_ws/install/worms_mech/share/ament_index/resource_index/packages/worms_mech
/home/jacobrod/worms_mech_ws/install/worms_mech/share/worms_mech/package.xml
/home/jacobrod/worms_mech_ws/install/worms_mech/share/worms_mech/gait.launch.py
/home/jacobrod/worms_mech_ws/install/worms_mech/share/worms_mech/camera.launch.py
/home/jacobrod/worms_mech_ws/install/worms_mech/lib/python3.10/site-packages/worms_mech-0.0.0-py3.10.egg-info/PKG-INFO
/home/jacobrod/worms_mech_ws/install/worms_mech/lib/python3.10/site-packages/worms_mech-0.0.0-py3.10.egg-info/dependency_links.txt
/home/jacobrod/worms_mech_ws/install/worms_mech/lib/python3.10/site-packages/worms_mech-0.0.0-py3.10.egg-info/top_level.txt
/home/jacobrod/worms_mech_ws/install/worms_mech/lib/python3.10/site-packages/worms_mech-0.0.0-py3.10.egg-info/entry_points.txt
/home/jacobrod/worms_mech_ws/install/worms_mech/lib/python3.10/site-packages/worms_mech-0.0.0-py3.10.egg-info/requires.txt
/home/jacobrod/worms_mech_ws/install/worms_mech/lib/python3.10/site-packages/worms_mech-0.0.0-py3.10.egg-info/SOURCES.txt
/home/jacobrod/worms_mech_ws/install/worms_mech/lib/python3.10/site-packages/worms_mech-0.0.0-py3.10.egg-info/zip-safe
/home/jacobrod/worms_mech_ws/install/worms_mech/lib/worms_mech/camera_scanner
/home/jacobrod/worms_mech_ws/install/worms_mech/lib/worms_mech/controller_node
/home/jacobrod/worms_mech_ws/install/worms_mech/lib/worms_mech/gait_action_node
/home/jacobrod/worms_mech_ws/install/worms_mech/lib/worms_mech/gait_manager
/home/jacobrod/worms_mech_ws/install/worms_mech/lib/worms_mech/gait_parser
/home/jacobrod/worms_mech_ws/install/worms_mech/lib/worms_mech/group_joint_controller
/home/jacobrod/worms_mech_ws/install/worms_mech/lib/worms_mech/hardware_interface
/home/jacobrod/worms_mech_ws/install/worms_mech/lib/worms_mech/joint_command_publisher
/home/jacobrod/worms_mech_ws/install/worms_mech/lib/worms_mech/joystick_control
/home/jacobrod/worms_mech_ws/install/worms_mech/lib/worms_mech/simple_hardware_interface
/home/jacobrod/worms_mech_ws/install/worms_mech/lib/worms_mech/stand_node
/home/jacobrod/worms_mech_ws/install/worms_mech/lib/worms_mech/testbed_interface
