[0.689s] Invoking command in '/home/oligo/worms_mech_ws/src/worms_mech': PYTHONPATH=/home/oligo/worms_mech_ws/build/worms_mech/prefix_override:/home/oligo/worms_mech_ws/install/worms_mech/lib/python3.10/site-packages: /usr/bin/python3 setup.py egg_info --egg-base ../../build/worms_mech build --build-base /home/oligo/worms_mech_ws/build/worms_mech/build install --record /home/oligo/worms_mech_ws/build/worms_mech/install.log --single-version-externally-managed
[0.993s] running egg_info
[0.994s] writing ../../build/worms_mech/worms_mech.egg-info/PKG-INFO
[0.995s] writing dependency_links to ../../build/worms_mech/worms_mech.egg-info/dependency_links.txt
[0.995s] writing entry points to ../../build/worms_mech/worms_mech.egg-info/entry_points.txt
[0.996s] writing requirements to ../../build/worms_mech/worms_mech.egg-info/requires.txt
[0.996s] writing top-level names to ../../build/worms_mech/worms_mech.egg-info/top_level.txt
[0.998s] reading manifest file '../../build/worms_mech/worms_mech.egg-info/SOURCES.txt'
[1.000s] writing manifest file '../../build/worms_mech/worms_mech.egg-info/SOURCES.txt'
[1.000s] running build
[1.000s] running build_py
[1.002s] copying worms_mech/gait_manager.py -> /home/oligo/worms_mech_ws/build/worms_mech/build/lib/worms_mech
[1.004s] running install
[1.004s] /usr/lib/python3/dist-packages/setuptools/command/install.py:34: SetuptoolsDeprecationWarning: setup.py install is deprecated. Use build and pip and other standards-based tools.
[1.005s]   warnings.warn(
[1.005s] running install_lib
[1.006s] copying /home/oligo/worms_mech_ws/build/worms_mech/build/lib/worms_mech/gait_manager.py -> /home/oligo/worms_mech_ws/install/worms_mech/lib/python3.10/site-packages/worms_mech
[1.007s] byte-compiling /home/oligo/worms_mech_ws/install/worms_mech/lib/python3.10/site-packages/worms_mech/gait_manager.py to gait_manager.cpython-310.pyc
[1.009s] running install_data
[1.011s] running install_egg_info
[1.013s] removing '/home/oligo/worms_mech_ws/install/worms_mech/lib/python3.10/site-packages/worms_mech-0.0.0-py3.10.egg-info' (and everything under it)
[1.013s] Copying ../../build/worms_mech/worms_mech.egg-info to /home/oligo/worms_mech_ws/install/worms_mech/lib/python3.10/site-packages/worms_mech-0.0.0-py3.10.egg-info
[1.014s] running install_scripts
[1.035s] Installing camera_scanner script to /home/oligo/worms_mech_ws/install/worms_mech/lib/worms_mech
[1.036s] Installing controller_node script to /home/oligo/worms_mech_ws/install/worms_mech/lib/worms_mech
[1.037s] Installing gait_action_node script to /home/oligo/worms_mech_ws/install/worms_mech/lib/worms_mech
[1.037s] Installing gait_manager script to /home/oligo/worms_mech_ws/install/worms_mech/lib/worms_mech
[1.037s] Installing gait_parser script to /home/oligo/worms_mech_ws/install/worms_mech/lib/worms_mech
[1.037s] Installing hardware_interface script to /home/oligo/worms_mech_ws/install/worms_mech/lib/worms_mech
[1.037s] Installing joint_command_publisher script to /home/oligo/worms_mech_ws/install/worms_mech/lib/worms_mech
[1.037s] Installing joystick_control script to /home/oligo/worms_mech_ws/install/worms_mech/lib/worms_mech
[1.037s] Installing stand_node script to /home/oligo/worms_mech_ws/install/worms_mech/lib/worms_mech
[1.037s] Installing testbed_interface script to /home/oligo/worms_mech_ws/install/worms_mech/lib/worms_mech
[1.037s] writing list of installed files to '/home/oligo/worms_mech_ws/build/worms_mech/install.log'
[1.068s] Invoked command in '/home/oligo/worms_mech_ws/src/worms_mech' returned '0': PYTHONPATH=/home/oligo/worms_mech_ws/build/worms_mech/prefix_override:/home/oligo/worms_mech_ws/install/worms_mech/lib/python3.10/site-packages: /usr/bin/python3 setup.py egg_info --egg-base ../../build/worms_mech build --build-base /home/oligo/worms_mech_ws/build/worms_mech/build install --record /home/oligo/worms_mech_ws/build/worms_mech/install.log --single-version-externally-managed
