running egg_info
writing ../../build/worms_mech/worms_mech.egg-info/PKG-INFO
writing dependency_links to ../../build/worms_mech/worms_mech.egg-info/dependency_links.txt
writing entry points to ../../build/worms_mech/worms_mech.egg-info/entry_points.txt
writing requirements to ../../build/worms_mech/worms_mech.egg-info/requires.txt
writing top-level names to ../../build/worms_mech/worms_mech.egg-info/top_level.txt
reading manifest file '../../build/worms_mech/worms_mech.egg-info/SOURCES.txt'
writing manifest file '../../build/worms_mech/worms_mech.egg-info/SOURCES.txt'
running build
running build_py
running install
running install_lib
running install_data
running install_egg_info
removing '/home/jacobrod/worms_ws/install/worms_mech/lib/python3.10/site-packages/worms_mech-0.0.0-py3.10.egg-info' (and everything under it)
Copying ../../build/worms_mech/worms_mech.egg-info to /home/jacobrod/worms_ws/install/worms_mech/lib/python3.10/site-packages/worms_mech-0.0.0-py3.10.egg-info
running install_scripts
Installing hardware_interface script to /home/jacobrod/worms_ws/install/worms_mech/lib/worms_mech
Installing joint_command_publisher script to /home/jacobrod/worms_ws/install/worms_mech/lib/worms_mech
Installing joystick_control script to /home/jacobrod/worms_ws/install/worms_mech/lib/worms_mech
writing list of installed files to '/home/jacobrod/worms_ws/build/worms_mech/install.log'
