[0.748s] Invoking command in '/home/jacobrod/worms_mech_ws/src/worms_mech': PYTHONPATH=/home/jacobrod/worms_mech_ws/build/worms_mech/prefix_override:/home/jacobrod/worms_mech_ws/install/worms_mech/lib/python3.10/site-packages:${PYTHONPATH} /usr/bin/python3 setup.py egg_info --egg-base ../../build/worms_mech build --build-base /home/jacobrod/worms_mech_ws/build/worms_mech/build install --record /home/jacobrod/worms_mech_ws/build/worms_mech/install.log --single-version-externally-managed
[0.984s] running egg_info
[0.984s] writing ../../build/worms_mech/worms_mech.egg-info/PKG-INFO
[0.985s] writing dependency_links to ../../build/worms_mech/worms_mech.egg-info/dependency_links.txt
[0.985s] writing entry points to ../../build/worms_mech/worms_mech.egg-info/entry_points.txt
[0.985s] writing requirements to ../../build/worms_mech/worms_mech.egg-info/requires.txt
[0.985s] writing top-level names to ../../build/worms_mech/worms_mech.egg-info/top_level.txt
[0.987s] reading manifest file '../../build/worms_mech/worms_mech.egg-info/SOURCES.txt'
[0.988s] writing manifest file '../../build/worms_mech/worms_mech.egg-info/SOURCES.txt'
[0.988s] running build
[0.988s] running build_py
[0.989s] copying worms_mech/gait_parser.py -> /home/jacobrod/worms_mech_ws/build/worms_mech/build/lib/worms_mech
[0.989s] running install
[0.989s] /usr/lib/python3/dist-packages/setuptools/command/install.py:34: SetuptoolsDeprecationWarning: setup.py install is deprecated. Use build and pip and other standards-based tools.
[0.989s]   warnings.warn(
[0.989s] running install_lib
[0.990s] copying /home/jacobrod/worms_mech_ws/build/worms_mech/build/lib/worms_mech/gait_parser.py -> /home/jacobrod/worms_mech_ws/install/worms_mech/lib/python3.10/site-packages/worms_mech
[0.991s] byte-compiling /home/jacobrod/worms_mech_ws/install/worms_mech/lib/python3.10/site-packages/worms_mech/gait_parser.py to gait_parser.cpython-310.pyc
[0.992s] running install_data
[0.993s] running install_egg_info
[0.995s] removing '/home/jacobrod/worms_mech_ws/install/worms_mech/lib/python3.10/site-packages/worms_mech-0.0.0-py3.10.egg-info' (and everything under it)
[0.995s] Copying ../../build/worms_mech/worms_mech.egg-info to /home/jacobrod/worms_mech_ws/install/worms_mech/lib/python3.10/site-packages/worms_mech-0.0.0-py3.10.egg-info
[0.996s] running install_scripts
[1.015s] Installing gait_parser script to /home/jacobrod/worms_mech_ws/install/worms_mech/lib/worms_mech
[1.016s] Installing hardware_interface script to /home/jacobrod/worms_mech_ws/install/worms_mech/lib/worms_mech
[1.016s] Installing joint_command_publisher script to /home/jacobrod/worms_mech_ws/install/worms_mech/lib/worms_mech
[1.016s] Installing joystick_control script to /home/jacobrod/worms_mech_ws/install/worms_mech/lib/worms_mech
[1.016s] Installing testbed_interface script to /home/jacobrod/worms_mech_ws/install/worms_mech/lib/worms_mech
[1.016s] writing list of installed files to '/home/jacobrod/worms_mech_ws/build/worms_mech/install.log'
[1.040s] Invoked command in '/home/jacobrod/worms_mech_ws/src/worms_mech' returned '0': PYTHONPATH=/home/jacobrod/worms_mech_ws/build/worms_mech/prefix_override:/home/jacobrod/worms_mech_ws/install/worms_mech/lib/python3.10/site-packages:${PYTHONPATH} /usr/bin/python3 setup.py egg_info --egg-base ../../build/worms_mech build --build-base /home/jacobrod/worms_mech_ws/build/worms_mech/build install --record /home/jacobrod/worms_mech_ws/build/worms_mech/install.log --single-version-externally-managed
