[0.088s] Invoking command in '/home/jacobrod/worms_ws/build/worms_description': /usr/bin/cmake /home/jacobrod/worms_ws/src/worms_description -DCMAKE_INSTALL_PREFIX=/home/jacobrod/worms_ws/install/worms_description
[0.171s] -- Found ament_cmake: 1.3.5 (/opt/ros/humble/share/ament_cmake/cmake)
[0.422s] Traceback (most recent call last):
[0.422s]   File "/opt/ros/humble/share/ament_cmake_core/cmake/package_templates/templates_2_cmake.py", line 21, in <module>
[0.422s]     from ament_package.templates import get_environment_hook_template_path
[0.422s] ModuleNotFoundError: No module named 'ament_package'
[0.455s] -- Configuring incomplete, errors occurred!
[0.455s] See also "/home/jacobrod/worms_ws/build/worms_description/CMakeFiles/CMakeOutput.log".
[0.455s] [31mCMake Error at /opt/ros/humble/share/ament_cmake_core/cmake/ament_cmake_package_templates-extras.cmake:41 (message):
[0.455s]   execute_process(/usr/bin/python3.10
[0.455s]   /opt/ros/humble/share/ament_cmake_core/cmake/package_templates/templates_2_cmake.py
[0.456s]   /home/jacobrod/worms_ws/build/worms_description/ament_cmake_package_templates/templates.cmake)
[0.456s]   returned error code 1
[0.456s] Call Stack (most recent call first):
[0.456s]   /opt/ros/humble/share/ament_cmake_core/cmake/ament_cmake_coreConfig.cmake:41 (include)
[0.456s]   /opt/ros/humble/share/ament_cmake/cmake/ament_cmake_export_dependencies-extras.cmake:15 (find_package)
[0.456s]   /opt/ros/humble/share/ament_cmake/cmake/ament_cmakeConfig.cmake:41 (include)
[0.456s]   CMakeLists.txt:5 (find_package)
[0.456s] 
[0.456s] [0m
[0.519s] Invoked command in '/home/jacobrod/worms_ws/build/worms_description' returned '1': /usr/bin/cmake /home/jacobrod/worms_ws/src/worms_description -DCMAKE_INSTALL_PREFIX=/home/jacobrod/worms_ws/install/worms_description
