[0.132s] Invoking command in '/home/jacobrod/worms_ws/build/worms_gazebo': CMAKE_PREFIX_PATH=${CMAKE_PREFIX_PATH}:/home/jacobrod/worms_ws/install/worms_mech:/opt/ros/humble /usr/bin/cmake --build /home/jacobrod/worms_ws/build/worms_gazebo -- -j8 -l8
[0.299s] [ 50%] Built target FullSystem
[0.316s] [100%] Built target BasicSystem
[0.594s] Invoked command in '/home/jacobrod/worms_ws/build/worms_gazebo' returned '0': CMAKE_PREFIX_PATH=${CMAKE_PREFIX_PATH}:/home/jacobrod/worms_ws/install/worms_mech:/opt/ros/humble /usr/bin/cmake --build /home/jacobrod/worms_ws/build/worms_gazebo -- -j8 -l8
[1.090s] Invoking command in '/home/jacobrod/worms_ws/build/worms_gazebo': CMAKE_PREFIX_PATH=${CMAKE_PREFIX_PATH}:/home/jacobrod/worms_ws/install/worms_mech:/opt/ros/humble /usr/bin/cmake --install /home/jacobrod/worms_ws/build/worms_gazebo
[1.292s] -- Install configuration: ""
[1.292s] -- Up-to-date: /home/jacobrod/worms_ws/install/worms_gazebo/lib/worms_gazebo/libBasicSystem.so
[1.293s] -- Up-to-date: /home/jacobrod/worms_ws/install/worms_gazebo/lib/worms_gazebo/libFullSystem.so
[1.293s] -- Up-to-date: /home/jacobrod/worms_ws/install/worms_gazebo/share/worms_gazebo/worlds
[1.294s] -- Up-to-date: /home/jacobrod/worms_ws/install/worms_gazebo/share/worms_gazebo/worlds/model.config
[1.294s] -- Up-to-date: /home/jacobrod/worms_ws/install/worms_gazebo/share/worms_gazebo/worlds/model.sdf
[1.295s] -- Up-to-date: /home/jacobrod/worms_ws/install/worms_gazebo/share/worms_gazebo/worlds/worms.sdf
[1.295s] -- Up-to-date: /home/jacobrod/worms_ws/install/worms_gazebo/share/worms_gazebo/worlds/moon_dem.sdf
[1.295s] -- Up-to-date: /home/jacobrod/worms_ws/install/worms_gazebo/share/worms_gazebo/worlds/diff_drive.sdf
[1.296s] -- Up-to-date: /home/jacobrod/worms_ws/install/worms_gazebo/share/worms_gazebo/environment/worms_gazebo.dsv
[1.296s] -- Up-to-date: /home/jacobrod/worms_ws/install/worms_gazebo/share/worms_gazebo/environment/worms_gazebo.sh
[1.296s] -- Up-to-date: /home/jacobrod/worms_ws/install/worms_gazebo/share/ament_index/resource_index/package_run_dependencies/worms_gazebo
[1.296s] -- Up-to-date: /home/jacobrod/worms_ws/install/worms_gazebo/share/ament_index/resource_index/parent_prefix_path/worms_gazebo
[1.297s] -- Up-to-date: /home/jacobrod/worms_ws/install/worms_gazebo/share/worms_gazebo/environment/ament_prefix_path.sh
[1.297s] -- Up-to-date: /home/jacobrod/worms_ws/install/worms_gazebo/share/worms_gazebo/environment/ament_prefix_path.dsv
[1.297s] -- Up-to-date: /home/jacobrod/worms_ws/install/worms_gazebo/share/worms_gazebo/environment/path.sh
[1.297s] -- Up-to-date: /home/jacobrod/worms_ws/install/worms_gazebo/share/worms_gazebo/environment/path.dsv
[1.297s] -- Up-to-date: /home/jacobrod/worms_ws/install/worms_gazebo/share/worms_gazebo/local_setup.bash
[1.297s] -- Up-to-date: /home/jacobrod/worms_ws/install/worms_gazebo/share/worms_gazebo/local_setup.sh
[1.298s] -- Up-to-date: /home/jacobrod/worms_ws/install/worms_gazebo/share/worms_gazebo/local_setup.zsh
[1.298s] -- Up-to-date: /home/jacobrod/worms_ws/install/worms_gazebo/share/worms_gazebo/local_setup.dsv
[1.298s] -- Installing: /home/jacobrod/worms_ws/install/worms_gazebo/share/worms_gazebo/package.dsv
[1.298s] -- Up-to-date: /home/jacobrod/worms_ws/install/worms_gazebo/share/ament_index/resource_index/packages/worms_gazebo
[1.298s] -- Up-to-date: /home/jacobrod/worms_ws/install/worms_gazebo/share/worms_gazebo/cmake/worms_gazeboConfig.cmake
[1.299s] -- Up-to-date: /home/jacobrod/worms_ws/install/worms_gazebo/share/worms_gazebo/cmake/worms_gazeboConfig-version.cmake
[1.299s] -- Up-to-date: /home/jacobrod/worms_ws/install/worms_gazebo/share/worms_gazebo/package.xml
[1.493s] Invoked command in '/home/jacobrod/worms_ws/build/worms_gazebo' returned '0': CMAKE_PREFIX_PATH=${CMAKE_PREFIX_PATH}:/home/jacobrod/worms_ws/install/worms_mech:/opt/ros/humble /usr/bin/cmake --install /home/jacobrod/worms_ws/build/worms_gazebo
