[4.993s] DEBUG:colcon:Command line arguments: ['/usr/bin/colcon', 'build']
[4.995s] DEBUG:colcon:Parsed command line arguments: Namespace(log_base=None, log_level=None, verb_name='build', build_base='build', install_base='install', merge_install=False, symlink_install=False, test_result_base=None, continue_on_error=False, executor='parallel', parallel_workers=4, event_handlers=None, ignore_user_meta=False, metas=['./colcon.meta'], base_paths=['.'], packages_ignore=None, packages_ignore_regex=None, paths=None, packages_up_to=None, packages_up_to_regex=None, packages_above=None, packages_above_and_dependencies=None, packages_above_depth=None, packages_select_by_dep=None, packages_skip_by_dep=None, packages_skip_up_to=None, packages_select_build_failed=False, packages_skip_build_finished=False, packages_select_test_failures=False, packages_skip_test_passed=False, packages_select=None, packages_skip=None, packages_select_regex=None, packages_skip_regex=None, packages_start=None, packages_end=None, allow_overriding=[], cmake_args=None, cmake_target=None, cmake_target_skip_unavailable=False, cmake_clean_cache=False, cmake_clean_first=False, cmake_force_configure=False, ament_cmake_args=None, catkin_cmake_args=None, catkin_skip_building_tests=False, verb_parser=<colcon_defaults.argument_parser.defaults.DefaultArgumentsDecorator object at 0xffff959eb0d0>, verb_extension=<colcon_core.verb.build.BuildVerb object at 0xffff9644b250>, main=<bound method BuildVerb.main of <colcon_core.verb.build.BuildVerb object at 0xffff9644b250>>)
[5.459s] Level 1:colcon.colcon_core.package_discovery:discover_packages(colcon_meta) check parameters
[5.461s] Level 1:colcon.colcon_core.package_discovery:discover_packages(recursive) check parameters
[5.461s] Level 1:colcon.colcon_core.package_discovery:discover_packages(ignore) check parameters
[5.461s] Level 1:colcon.colcon_core.package_discovery:discover_packages(path) check parameters
[5.462s] Level 1:colcon.colcon_core.package_discovery:discover_packages(colcon_meta) discover
[5.463s] Level 1:colcon.colcon_core.package_discovery:discover_packages(recursive) discover
[5.463s] INFO:colcon.colcon_core.package_discovery:Crawling recursively for packages in '/home/worm7/worms_mech_ws'
[5.470s] Level 1:colcon.colcon_core.package_identification:_identify(.) by extensions ['ignore', 'ignore_ament_install']
[5.479s] Level 1:colcon.colcon_core.package_identification:_identify(.) by extension 'ignore'
[5.482s] Level 1:colcon.colcon_core.package_identification:_identify(.) by extension 'ignore_ament_install'
[5.485s] Level 1:colcon.colcon_core.package_identification:_identify(.) by extensions ['colcon_pkg']
[5.486s] Level 1:colcon.colcon_core.package_identification:_identify(.) by extension 'colcon_pkg'
[5.490s] Level 1:colcon.colcon_core.package_identification:_identify(.) by extensions ['colcon_meta']
[5.491s] Level 1:colcon.colcon_core.package_identification:_identify(.) by extension 'colcon_meta'
[5.491s] Level 1:colcon.colcon_core.package_identification:_identify(.) by extensions ['ros']
[5.492s] Level 1:colcon.colcon_core.package_identification:_identify(.) by extension 'ros'
[5.710s] Level 1:colcon.colcon_core.package_identification:_identify(.) by extensions ['cmake', 'python']
[5.716s] Level 1:colcon.colcon_core.package_identification:_identify(.) by extension 'cmake'
[5.717s] Level 1:colcon.colcon_core.package_identification:_identify(.) by extension 'python'
[5.718s] Level 1:colcon.colcon_core.package_identification:_identify(.) by extensions ['python_setup_py']
[5.719s] Level 1:colcon.colcon_core.package_identification:_identify(.) by extension 'python_setup_py'
[5.720s] Level 1:colcon.colcon_core.package_identification:_identify(build) by extensions ['ignore', 'ignore_ament_install']
[5.721s] Level 1:colcon.colcon_core.package_identification:_identify(build) by extension 'ignore'
[5.722s] Level 1:colcon.colcon_core.package_identification:_identify(build) ignored
[5.723s] Level 1:colcon.colcon_core.package_identification:_identify(install) by extensions ['ignore', 'ignore_ament_install']
[5.725s] Level 1:colcon.colcon_core.package_identification:_identify(install) by extension 'ignore'
[5.727s] Level 1:colcon.colcon_core.package_identification:_identify(install) ignored
[5.733s] Level 1:colcon.colcon_core.package_identification:_identify(log) by extensions ['ignore', 'ignore_ament_install']
[5.734s] Level 1:colcon.colcon_core.package_identification:_identify(log) by extension 'ignore'
[5.735s] Level 1:colcon.colcon_core.package_identification:_identify(log) ignored
[5.737s] Level 1:colcon.colcon_core.package_identification:_identify(src) by extensions ['ignore', 'ignore_ament_install']
[5.738s] Level 1:colcon.colcon_core.package_identification:_identify(src) by extension 'ignore'
[5.739s] Level 1:colcon.colcon_core.package_identification:_identify(src) by extension 'ignore_ament_install'
[5.740s] Level 1:colcon.colcon_core.package_identification:_identify(src) by extensions ['colcon_pkg']
[5.741s] Level 1:colcon.colcon_core.package_identification:_identify(src) by extension 'colcon_pkg'
[5.741s] Level 1:colcon.colcon_core.package_identification:_identify(src) by extensions ['colcon_meta']
[5.747s] Level 1:colcon.colcon_core.package_identification:_identify(src) by extension 'colcon_meta'
[5.747s] Level 1:colcon.colcon_core.package_identification:_identify(src) by extensions ['ros']
[5.747s] Level 1:colcon.colcon_core.package_identification:_identify(src) by extension 'ros'
[5.748s] Level 1:colcon.colcon_core.package_identification:_identify(src) by extensions ['cmake', 'python']
[5.749s] Level 1:colcon.colcon_core.package_identification:_identify(src) by extension 'cmake'
[5.749s] Level 1:colcon.colcon_core.package_identification:_identify(src) by extension 'python'
[5.750s] Level 1:colcon.colcon_core.package_identification:_identify(src) by extensions ['python_setup_py']
[5.750s] Level 1:colcon.colcon_core.package_identification:_identify(src) by extension 'python_setup_py'
[5.752s] Level 1:colcon.colcon_core.package_identification:_identify(src/build) by extensions ['ignore', 'ignore_ament_install']
[5.752s] Level 1:colcon.colcon_core.package_identification:_identify(src/build) by extension 'ignore'
[5.753s] Level 1:colcon.colcon_core.package_identification:_identify(src/build) ignored
[5.755s] Level 1:colcon.colcon_core.package_identification:_identify(src/install) by extensions ['ignore', 'ignore_ament_install']
[5.756s] Level 1:colcon.colcon_core.package_identification:_identify(src/install) by extension 'ignore'
[5.758s] Level 1:colcon.colcon_core.package_identification:_identify(src/install) ignored
[5.761s] Level 1:colcon.colcon_core.package_identification:_identify(src/log) by extensions ['ignore', 'ignore_ament_install']
[5.763s] Level 1:colcon.colcon_core.package_identification:_identify(src/log) by extension 'ignore'
[5.764s] Level 1:colcon.colcon_core.package_identification:_identify(src/log) ignored
[5.766s] Level 1:colcon.colcon_core.package_identification:_identify(src/worms_mech) by extensions ['ignore', 'ignore_ament_install']
[5.767s] Level 1:colcon.colcon_core.package_identification:_identify(src/worms_mech) by extension 'ignore'
[5.768s] Level 1:colcon.colcon_core.package_identification:_identify(src/worms_mech) by extension 'ignore_ament_install'
[5.769s] Level 1:colcon.colcon_core.package_identification:_identify(src/worms_mech) by extensions ['colcon_pkg']
[5.770s] Level 1:colcon.colcon_core.package_identification:_identify(src/worms_mech) by extension 'colcon_pkg'
[5.771s] Level 1:colcon.colcon_core.package_identification:_identify(src/worms_mech) by extensions ['colcon_meta']
[5.772s] Level 1:colcon.colcon_core.package_identification:_identify(src/worms_mech) by extension 'colcon_meta'
[5.773s] Level 1:colcon.colcon_core.package_identification:_identify(src/worms_mech) by extensions ['ros']
[5.776s] Level 1:colcon.colcon_core.package_identification:_identify(src/worms_mech) by extension 'ros'
[5.810s] DEBUG:colcon.colcon_core.package_identification:Package 'src/worms_mech' with type 'ros.ament_python' and name 'worms_mech'
[5.811s] Level 1:colcon.colcon_core.package_discovery:discover_packages(recursive) using defaults
[5.812s] Level 1:colcon.colcon_core.package_discovery:discover_packages(ignore) discover
[5.813s] Level 1:colcon.colcon_core.package_discovery:discover_packages(ignore) using defaults
[5.814s] Level 1:colcon.colcon_core.package_discovery:discover_packages(path) discover
[5.814s] Level 1:colcon.colcon_core.package_discovery:discover_packages(path) using defaults
[6.139s] Level 1:colcon.colcon_core.package_discovery:discover_packages(prefix_path) check parameters
[6.140s] Level 1:colcon.colcon_core.package_discovery:discover_packages(prefix_path) discover
[6.281s] DEBUG:colcon.colcon_installed_package_information.package_discovery:Found 16 installed packages in /home/worm7/worms_ws/install
[6.309s] DEBUG:colcon.colcon_installed_package_information.package_discovery:Found 275 installed packages in /opt/ros/humble
[6.321s] Level 1:colcon.colcon_core.package_discovery:discover_packages(prefix_path) using defaults
[7.558s] Level 5:colcon.colcon_core.verb:set package 'worms_mech' build argument 'cmake_args' from command line to 'None'
[7.560s] Level 5:colcon.colcon_core.verb:set package 'worms_mech' build argument 'cmake_target' from command line to 'None'
[7.562s] Level 5:colcon.colcon_core.verb:set package 'worms_mech' build argument 'cmake_target_skip_unavailable' from command line to 'False'
[7.563s] Level 5:colcon.colcon_core.verb:set package 'worms_mech' build argument 'cmake_clean_cache' from command line to 'False'
[7.564s] Level 5:colcon.colcon_core.verb:set package 'worms_mech' build argument 'cmake_clean_first' from command line to 'False'
[7.565s] Level 5:colcon.colcon_core.verb:set package 'worms_mech' build argument 'cmake_force_configure' from command line to 'False'
[7.568s] Level 5:colcon.colcon_core.verb:set package 'worms_mech' build argument 'ament_cmake_args' from command line to 'None'
[7.569s] Level 5:colcon.colcon_core.verb:set package 'worms_mech' build argument 'catkin_cmake_args' from command line to 'None'
[7.570s] Level 5:colcon.colcon_core.verb:set package 'worms_mech' build argument 'catkin_skip_building_tests' from command line to 'False'
[7.571s] DEBUG:colcon.colcon_core.verb:Building package 'worms_mech' with the following arguments: {'ament_cmake_args': None, 'build_base': '/home/worm7/worms_mech_ws/build/worms_mech', 'catkin_cmake_args': None, 'catkin_skip_building_tests': False, 'cmake_args': None, 'cmake_clean_cache': False, 'cmake_clean_first': False, 'cmake_force_configure': False, 'cmake_target': None, 'cmake_target_skip_unavailable': False, 'install_base': '/home/worm7/worms_mech_ws/install/worms_mech', 'merge_install': False, 'path': '/home/worm7/worms_mech_ws/src/worms_mech', 'symlink_install': False, 'test_result_base': None}
[7.576s] INFO:colcon.colcon_core.executor:Executing jobs using 'parallel' executor
[7.606s] DEBUG:colcon.colcon_parallel_executor.executor.parallel:run_until_complete
[7.607s] INFO:colcon.colcon_ros.task.ament_python.build:Building ROS package in '/home/worm7/worms_mech_ws/src/worms_mech' with build type 'ament_python'
[7.616s] Level 1:colcon.colcon_core.shell:create_environment_hook('worms_mech', 'ament_prefix_path')
[7.674s] INFO:colcon.colcon_core.plugin_system:Skipping extension 'colcon_core.shell.bat': Not used on non-Windows systems
[7.679s] INFO:colcon.colcon_core.shell:Creating environment hook '/home/worm7/worms_mech_ws/install/worms_mech/share/worms_mech/hook/ament_prefix_path.ps1'
[7.701s] INFO:colcon.colcon_core.shell:Creating environment descriptor '/home/worm7/worms_mech_ws/install/worms_mech/share/worms_mech/hook/ament_prefix_path.dsv'
[7.709s] INFO:colcon.colcon_core.shell:Creating environment hook '/home/worm7/worms_mech_ws/install/worms_mech/share/worms_mech/hook/ament_prefix_path.sh'
[7.728s] INFO:colcon.colcon_core.shell:Skip shell extension 'powershell' for command environment: Not usable outside of PowerShell
[7.730s] DEBUG:colcon.colcon_core.shell:Skip shell extension 'dsv' for command environment
[11.585s] INFO:colcon.colcon_core.task.python.build:Building Python package in '/home/worm7/worms_mech_ws/src/worms_mech'
[11.595s] INFO:colcon.colcon_core.shell:Skip shell extension 'powershell' for command environment: Not usable outside of PowerShell
[11.596s] DEBUG:colcon.colcon_core.shell:Skip shell extension 'dsv' for command environment
[16.635s] DEBUG:colcon.colcon_core.event_handler.log_command:Invoking command in '/home/worm7/worms_mech_ws/src/worms_mech': PYTHONPATH=/home/worm7/worms_mech_ws/install/worms_mech/lib/python3.10/site-packages:${PYTHONPATH} /usr/bin/python3 setup.py egg_info --egg-base ../../build/worms_mech build --build-base /home/worm7/worms_mech_ws/build/worms_mech/build install --prefix /home/worm7/worms_mech_ws/install/worms_mech --record /home/worm7/worms_mech_ws/build/worms_mech/install.log --single-version-externally-managed
[20.786s] DEBUG:colcon.colcon_core.event_handler.log_command:Invoked command in '/home/worm7/worms_mech_ws/src/worms_mech' returned '0': PYTHONPATH=/home/worm7/worms_mech_ws/install/worms_mech/lib/python3.10/site-packages:${PYTHONPATH} /usr/bin/python3 setup.py egg_info --egg-base ../../build/worms_mech build --build-base /home/worm7/worms_mech_ws/build/worms_mech/build install --prefix /home/worm7/worms_mech_ws/install/worms_mech --record /home/worm7/worms_mech_ws/build/worms_mech/install.log --single-version-externally-managed
[20.847s] Level 1:colcon.colcon_core.environment:checking '/home/worm7/worms_mech_ws/install/worms_mech' for CMake module files
[20.851s] Level 1:colcon.colcon_core.environment:checking '/home/worm7/worms_mech_ws/install/worms_mech' for CMake config files
[20.866s] Level 1:colcon.colcon_core.environment:checking '/home/worm7/worms_mech_ws/install/worms_mech/lib'
[20.870s] Level 1:colcon.colcon_core.environment:checking '/home/worm7/worms_mech_ws/install/worms_mech/bin'
[20.871s] Level 1:colcon.colcon_core.environment:checking '/home/worm7/worms_mech_ws/install/worms_mech/lib/pkgconfig/worms_mech.pc'
[20.880s] Level 1:colcon.colcon_core.environment:checking '/home/worm7/worms_mech_ws/install/worms_mech/lib/python3.10/site-packages'
[20.882s] Level 1:colcon.colcon_core.shell:create_environment_hook('worms_mech', 'pythonpath')
[20.892s] INFO:colcon.colcon_core.shell:Creating environment hook '/home/worm7/worms_mech_ws/install/worms_mech/share/worms_mech/hook/pythonpath.ps1'
[20.901s] INFO:colcon.colcon_core.shell:Creating environment descriptor '/home/worm7/worms_mech_ws/install/worms_mech/share/worms_mech/hook/pythonpath.dsv'
[20.905s] INFO:colcon.colcon_core.shell:Creating environment hook '/home/worm7/worms_mech_ws/install/worms_mech/share/worms_mech/hook/pythonpath.sh'
[20.908s] Level 1:colcon.colcon_core.environment:checking '/home/worm7/worms_mech_ws/install/worms_mech/bin'
[20.909s] Level 1:colcon.colcon_core.environment:create_environment_scripts_only(worms_mech)
[20.917s] INFO:colcon.colcon_core.shell:Creating package script '/home/worm7/worms_mech_ws/install/worms_mech/share/worms_mech/package.ps1'
[20.930s] INFO:colcon.colcon_core.shell:Creating package descriptor '/home/worm7/worms_mech_ws/install/worms_mech/share/worms_mech/package.dsv'
[20.936s] INFO:colcon.colcon_core.shell:Creating package script '/home/worm7/worms_mech_ws/install/worms_mech/share/worms_mech/package.sh'
[20.947s] INFO:colcon.colcon_core.shell:Creating package script '/home/worm7/worms_mech_ws/install/worms_mech/share/worms_mech/package.bash'
[20.952s] INFO:colcon.colcon_core.shell:Creating package script '/home/worm7/worms_mech_ws/install/worms_mech/share/worms_mech/package.zsh'
[20.958s] Level 1:colcon.colcon_core.environment:create_file_with_runtime_dependencies(/home/worm7/worms_mech_ws/install/worms_mech/share/colcon-core/packages/worms_mech)
[20.962s] DEBUG:colcon.colcon_parallel_executor.executor.parallel:closing loop
[20.965s] DEBUG:colcon.colcon_parallel_executor.executor.parallel:loop closed
[20.966s] DEBUG:colcon.colcon_parallel_executor.executor.parallel:run_until_complete finished with '0'
[20.967s] DEBUG:colcon.colcon_core.event_reactor:joining thread
[21.092s] INFO:colcon.colcon_core.plugin_system:Skipping extension 'colcon_notification.desktop_notification.terminal_notifier': Not used on non-Darwin systems
[21.093s] INFO:colcon.colcon_core.plugin_system:Skipping extension 'colcon_notification.desktop_notification.win32': Not used on non-Windows systems
[21.094s] INFO:colcon.colcon_notification.desktop_notification:Sending desktop notification using 'notify2'
[21.862s] DEBUG:colcon.colcon_core.event_reactor:joined thread
[21.871s] INFO:colcon.colcon_core.shell:Creating prefix script '/home/worm7/worms_mech_ws/install/local_setup.ps1'
[21.883s] INFO:colcon.colcon_core.shell:Creating prefix util module '/home/worm7/worms_mech_ws/install/_local_setup_util_ps1.py'
[21.893s] INFO:colcon.colcon_core.shell:Creating prefix chain script '/home/worm7/worms_mech_ws/install/setup.ps1'
[21.918s] INFO:colcon.colcon_core.shell:Creating prefix script '/home/worm7/worms_mech_ws/install/local_setup.sh'
[21.929s] INFO:colcon.colcon_core.shell:Creating prefix util module '/home/worm7/worms_mech_ws/install/_local_setup_util_sh.py'
[21.935s] INFO:colcon.colcon_core.shell:Creating prefix chain script '/home/worm7/worms_mech_ws/install/setup.sh'
[21.977s] INFO:colcon.colcon_core.shell:Creating prefix script '/home/worm7/worms_mech_ws/install/local_setup.bash'
[21.985s] INFO:colcon.colcon_core.shell:Creating prefix chain script '/home/worm7/worms_mech_ws/install/setup.bash'
[22.030s] INFO:colcon.colcon_core.shell:Creating prefix script '/home/worm7/worms_mech_ws/install/local_setup.zsh'
[22.036s] INFO:colcon.colcon_core.shell:Creating prefix chain script '/home/worm7/worms_mech_ws/install/setup.zsh'
