[0.486s] Invoking command in '/home/jacobrod/worms_ws/build/ros_gz_sim': CMAKE_PREFIX_PATH=/opt/ros/humble /usr/bin/cmake /home/jacobrod/worms_ws/src/ros_gz/ros_gz_sim -DCMAKE_INSTALL_PREFIX=/home/jacobrod/worms_ws/install/ros_gz_sim
[0.632s] -- The C compiler identification is GNU 11.4.0
[0.757s] -- The CXX compiler identification is GNU 11.4.0
[0.770s] -- Detecting C compiler ABI info
[0.905s] -- Detecting C compiler ABI info - done
[0.925s] -- Check for working C compiler: /usr/bin/cc - skipped
[0.932s] -- Detecting C compile features
[0.932s] -- Detecting C compile features - done
[0.933s] -- Detecting CXX compiler ABI info
[1.083s] -- Detecting CXX compiler ABI info - done
[1.101s] -- Check for working CXX compiler: /usr/bin/c++ - skipped
[1.102s] -- Detecting CXX compile features
[1.103s] -- Detecting CXX compile features - done
[1.114s] -- Found ament_cmake: 1.3.6 (/opt/ros/humble/share/ament_cmake/cmake)
[1.453s] -- Found Python3: /usr/bin/python3.10 (found version "3.10.12") found components: Interpreter 
[1.625s] -- Found rclcpp: 16.0.7 (/opt/ros/humble/share/rclcpp/cmake)
[1.711s] -- Found rosidl_generator_c: 3.1.5 (/opt/ros/humble/share/rosidl_generator_c/cmake)
[1.720s] -- Found rosidl_adapter: 3.1.5 (/opt/ros/humble/share/rosidl_adapter/cmake)
[1.736s] -- Found rosidl_generator_cpp: 3.1.5 (/opt/ros/humble/share/rosidl_generator_cpp/cmake)
[1.777s] -- Using all available rosidl_typesupport_c: rosidl_typesupport_fastrtps_c;rosidl_typesupport_introspection_c
[1.824s] -- Using all available rosidl_typesupport_cpp: rosidl_typesupport_fastrtps_cpp;rosidl_typesupport_introspection_cpp
[1.987s] -- Found rmw_implementation_cmake: 6.1.1 (/opt/ros/humble/share/rmw_implementation_cmake/cmake)
[1.993s] -- Found rmw_fastrtps_cpp: 6.2.5 (/opt/ros/humble/share/rmw_fastrtps_cpp/cmake)
[2.147s] -- Found OpenSSL: /usr/lib/x86_64-linux-gnu/libcrypto.so (found version "3.0.2")  
[2.183s] -- Found FastRTPS: /opt/ros/humble/include  
[2.249s] -- Using RMW implementation 'rmw_fastrtps_cpp' as default
[2.264s] -- Looking for pthread.h
[2.362s] -- Looking for pthread.h - found
[2.363s] -- Performing Test CMAKE_HAVE_LIBC_PTHREAD
[2.455s] -- Performing Test CMAKE_HAVE_LIBC_PTHREAD - Success
[2.456s] -- Found Threads: TRUE  
[2.684s] -- Looking for ignition-math6 -- found version 6.15.0
[2.693s] -- Searching for dependencies of ignition-math6
[2.697s] -- Looking for ignition-transport11 -- found version 11.4.1
[2.698s] -- Searching for dependencies of ignition-transport11
[2.731s] -- Found Protobuf: /usr/lib/x86_64-linux-gnu/libprotobuf.so (found version "3.12.4") 
[2.746s] -- Config-file not installed for ZeroMQ -- checking for pkg-config
[2.752s] -- Checking for module 'libzmq >= 4'
[2.769s] --   Found libzmq , version 4.3.4
[2.815s] -- Found ZeroMQ: TRUE (Required is at least version "4") 
[2.824s] -- Checking for module 'uuid'
[2.840s] --   Found uuid, version 2.37.2
[2.885s] -- Found UUID: TRUE  
[2.888s] -- Looking for ignition-utils1 -- found version 1.5.1
[2.889s] -- Searching for dependencies of ignition-utils1
[2.890s] -- Searching for <ignition-utils1> component [cli]
[2.893s] -- Looking for ignition-utils1-cli -- found version 1.5.1
[2.894s] -- Searching for dependencies of ignition-utils1-cli
[2.898s] -- Looking for ignition-msgs8 -- found version 8.7.0
[2.899s] -- Searching for dependencies of ignition-msgs8
[2.923s] -- Found Protobuf: /usr/lib/x86_64-linux-gnu/libprotobuf.so (found suitable version "3.12.4", minimum required is "3") 
[2.924s] -- Looking for ignition-math6 -- found version 6.15.0
[2.933s] -- Checking for module 'tinyxml2'
[2.951s] --   Found tinyxml2, version 9.0.0
[2.997s] -- Looking for ignition-msgs8 -- found version 8.7.0
[3.000s] -- Looking for ignition-gazebo6 -- found version 6.15.0
[3.001s] -- Searching for dependencies of ignition-gazebo6
[3.004s] -- Looking for sdformat12 -- found version 12.7.2
[3.005s] -- Searching for dependencies of sdformat12
[3.016s] -- Looking for ignition-math6 -- found version 6.15.0
[3.016s] -- Looking for ignition-utils1 -- found version 1.5.1
[3.021s] -- Looking for ignition-plugin1 -- found version 1.4.0
[3.021s] -- Searching for dependencies of ignition-plugin1
[3.023s] -- Searching for <ignition-plugin1> component [loader]
[3.026s] -- Looking for ignition-plugin1-loader -- found version 1.4.0
[3.027s] -- Searching for dependencies of ignition-plugin1-loader
[3.028s] -- Searching for <ignition-plugin1> component [register]
[3.031s] -- Looking for ignition-plugin1-register -- found version 1.4.0
[3.031s] -- Searching for dependencies of ignition-plugin1-register
[3.033s] -- Looking for ignition-transport11 -- found version 11.4.1
[3.033s] -- Searching for dependencies of ignition-transport11
[3.056s] -- Found Protobuf: /usr/lib/x86_64-linux-gnu/libprotobuf.so (found version "3.12.4") 
[3.071s] -- Config-file not installed for ZeroMQ -- checking for pkg-config
[3.079s] -- Checking for module 'libzmq >= 4'
[3.096s] --   Found libzmq , version 4.3.4
[3.156s] -- Looking for ignition-utils1 -- found version 1.5.1
[3.157s] -- Looking for ignition-msgs8 -- found version 8.7.0
[3.157s] -- Searching for <ignition-transport11> component [log]
[3.161s] -- Looking for ignition-transport11-log -- found version 11.4.1
[3.162s] -- Searching for dependencies of ignition-transport11-log
[3.163s] -- Searching for <ignition-transport11> component [parameters]
[3.166s] -- Looking for ignition-transport11-parameters -- found version 11.4.1
[3.166s] -- Searching for dependencies of ignition-transport11-parameters
[3.168s] -- Looking for ignition-msgs8 -- found version 8.7.0
[3.171s] -- Looking for ignition-common4 -- found version 4.7.0
[3.172s] -- Searching for dependencies of ignition-common4
[3.172s] -- Looking for dlfcn.h - found
[3.173s] -- Looking for libdl - found
[3.175s] -- Found DL: TRUE  
[3.185s] -- Searching for <ignition-common4> component [profiler]
[3.188s] -- Looking for ignition-common4-profiler -- found version 4.7.0
[3.189s] -- Searching for dependencies of ignition-common4-profiler
[3.189s] -- Searching for <ignition-common4> component [events]
[3.194s] -- Looking for ignition-common4-events -- found version 4.7.0
[3.195s] -- Searching for dependencies of ignition-common4-events
[3.195s] -- Looking for ignition-math6 -- found version 6.15.0
[3.196s] -- Searching for <ignition-common4> component [av]
[3.199s] -- Looking for ignition-common4-av -- found version 4.7.0
[3.199s] -- Searching for dependencies of ignition-common4-av
[3.206s] -- Checking for module 'libswscale'
[3.225s] --   Found libswscale, version 5.9.100
[3.270s] -- Found SWSCALE: TRUE  
[3.277s] -- Checking for module 'libavdevice >= 56.4.100'
[3.294s] --   Found libavdevice , version 58.13.100
[3.341s] -- Found AVDEVICE: TRUE (Required is at least version "56.4.100") 
[3.348s] -- Checking for module 'libavformat'
[3.365s] --   Found libavformat, version 58.76.100
[3.413s] -- Found AVFORMAT: TRUE  
[3.419s] -- Checking for module 'libavcodec'
[3.435s] --   Found libavcodec, version 58.134.100
[3.480s] -- Found AVCODEC: TRUE  
[3.486s] -- Checking for module 'libavutil'
[3.502s] --   Found libavutil, version 56.70.100
[3.544s] -- Found AVUTIL: TRUE  
[3.548s] -- Looking for ignition-fuel_tools7 -- found version 7.3.0
[3.549s] -- Searching for dependencies of ignition-fuel_tools7
[3.649s] -- Found CURL: /usr/lib/x86_64-linux-gnu/libcurl.so (found version "7.81.0")  
[3.663s] -- Checking for module 'jsoncpp'
[3.680s] --   Found jsoncpp, version 1.9.5
[3.722s] -- Found JSONCPP: TRUE  
[3.731s] -- Checking for module 'libzip'
[3.748s] --   Found libzip, version 1.7.3
[3.799s] -- Found ZIP: TRUE  
[3.799s] -- Looking for ignition-common4 -- found version 4.7.0
[3.800s] -- Looking for ignition-math6 -- found version 6.15.0
[3.801s] -- Looking for ignition-msgs8 -- found version 8.7.0
[3.805s] -- Looking for ignition-gui6 -- found version 6.8.0
[3.806s] -- Searching for dependencies of ignition-gui6
[3.830s] -- Found Protobuf: /usr/lib/x86_64-linux-gnu/libprotobuf.so (found suitable version "3.12.4", minimum required is "3") 
[3.839s] -- Looking for ignition-math6 -- found version 6.15.0
[3.840s] -- Looking for ignition-common4 -- found version 4.7.0
[3.841s] -- Looking for ignition-plugin1 -- found version 1.4.0
[3.842s] -- Looking for ignition-transport11 -- found version 11.4.1
[3.846s] -- Looking for ignition-rendering6 -- found version 6.6.2
[3.847s] -- Searching for dependencies of ignition-rendering6
[3.847s] -- Looking for ignition-math6 -- found version 6.15.0
[3.848s] -- Searching for dependencies of ignition-math6
[3.848s] -- Searching for <ignition-math6> component [eigen3]
[3.851s] -- Looking for ignition-math6-eigen3 -- found version 6.15.0
[3.852s] -- Searching for dependencies of ignition-math6-eigen3
[3.863s] -- Looking for ignition-common4 -- found version 4.7.0
[3.864s] -- Searching for dependencies of ignition-common4
[3.864s] -- Looking for dlfcn.h - found
[3.864s] -- Looking for libdl - found
[3.875s] -- Searching for <ignition-common4> component [graphics]
[3.879s] -- Looking for ignition-common4-graphics -- found version 4.7.0
[3.880s] -- Searching for dependencies of ignition-common4-graphics
[3.880s] -- Looking for ignition-math6 -- found version 6.15.0
[3.881s] -- Looking for ignition-utils1 -- found version 1.5.1
[3.882s] -- Searching for <ignition-common4> component [events]
[3.883s] -- Looking for ignition-plugin1 -- found version 1.4.0
[3.883s] -- Searching for dependencies of ignition-plugin1
[3.883s] -- Searching for <ignition-plugin1> component [all]
[3.887s] -- Looking for all libraries of ignition-plugin1 -- found version 1.4.0
[3.887s] -- Looking for ignition-plugin1 -- found version 1.4.0
[3.891s] -- Looking for ignition-msgs8 -- found version 8.7.0
[3.932s] -- Looking for ignition-physics5 -- found version 5.3.2
[3.933s] -- Searching for dependencies of ignition-physics5
[3.933s] -- Looking for ignition-math6 -- found version 6.15.0
[3.934s] -- Looking for ignition-plugin1 -- found version 1.4.0
[3.934s] -- Looking for ignition-utils1 -- found version 1.5.1
[3.936s] -- Searching for <ignition-physics5> component [heightmap]
[3.939s] -- Looking for ignition-physics5-heightmap -- found version 5.3.2
[3.941s] -- Searching for dependencies of ignition-physics5-heightmap
[3.941s] -- Looking for ignition-common4 -- found version 4.7.0
[3.942s] -- Searching for <ignition-physics5> component [mesh]
[3.946s] -- Looking for ignition-physics5-mesh -- found version 5.3.2
[3.946s] -- Searching for dependencies of ignition-physics5-mesh
[3.947s] -- Looking for ignition-common4 -- found version 4.7.0
[3.947s] -- Searching for <ignition-physics5> component [sdf]
[3.951s] -- Looking for ignition-physics5-sdf -- found version 5.3.2
[3.951s] -- Searching for dependencies of ignition-physics5-sdf
[3.952s] -- Looking for sdformat12 -- found version 12.7.2
[3.958s] -- Looking for ignition-sensors6 -- found version 6.7.1
[3.959s] -- Searching for dependencies of ignition-sensors6
[3.982s] -- Found Protobuf: /usr/lib/x86_64-linux-gnu/libprotobuf.so (found version "3.12.4") 
[3.983s] -- Looking for ignition-math6 -- found version 6.15.0
[3.983s] -- Looking for ignition-common4 -- found version 4.7.0
[3.984s] -- Looking for ignition-transport11 -- found version 11.4.1
[3.984s] -- Looking for ignition-rendering6 -- found version 6.6.2
[3.985s] -- Looking for ignition-msgs8 -- found version 8.7.0
[3.986s] -- Looking for sdformat12 -- found version 12.7.2
[3.986s] -- Searching for <ignition-sensors6> component [air_pressure]
[3.990s] -- Looking for ignition-sensors6-air_pressure -- found version 6.7.1
[3.990s] -- Searching for dependencies of ignition-sensors6-air_pressure
[3.992s] -- Searching for <ignition-sensors6> component [altimeter]
[3.996s] -- Looking for ignition-sensors6-altimeter -- found version 6.7.1
[3.996s] -- Searching for dependencies of ignition-sensors6-altimeter
[3.997s] -- Searching for <ignition-sensors6> component [imu]
[4.000s] -- Looking for ignition-sensors6-imu -- found version 6.7.1
[4.001s] -- Searching for dependencies of ignition-sensors6-imu
[4.002s] -- Searching for <ignition-sensors6> component [force_torque]
[4.005s] -- Looking for ignition-sensors6-force_torque -- found version 6.7.1
[4.005s] -- Searching for dependencies of ignition-sensors6-force_torque
[4.006s] -- Searching for <ignition-sensors6> component [logical_camera]
[4.011s] -- Looking for ignition-sensors6-logical_camera -- found version 6.7.1
[4.011s] -- Searching for dependencies of ignition-sensors6-logical_camera
[4.012s] -- Searching for <ignition-sensors6> component [magnetometer]
[4.016s] -- Looking for ignition-sensors6-magnetometer -- found version 6.7.1
[4.016s] -- Searching for dependencies of ignition-sensors6-magnetometer
[4.017s] -- Searching for <ignition-sensors6> component [navsat]
[4.020s] -- Looking for ignition-sensors6-navsat -- found version 6.7.1
[4.021s] -- Searching for dependencies of ignition-sensors6-navsat
[4.022s] -- Searching for <ignition-sensors6> component [rendering]
[4.026s] -- Looking for ignition-sensors6-rendering -- found version 6.7.1
[4.027s] -- Searching for dependencies of ignition-sensors6-rendering
[4.028s] -- Searching for <ignition-sensors6> component [lidar]
[4.031s] -- Looking for ignition-sensors6-lidar -- found version 6.7.1
[4.031s] -- Searching for dependencies of ignition-sensors6-lidar
[4.032s] -- Looking for ignition-sensors6 -- found version 6.7.1
[4.033s] -- Searching for <ignition-sensors6> component [gpu_lidar]
[4.036s] -- Looking for ignition-sensors6-gpu_lidar -- found version 6.7.1
[4.037s] -- Searching for dependencies of ignition-sensors6-gpu_lidar
[4.037s] -- Looking for ignition-sensors6 -- found version 6.7.1
[4.038s] -- Searching for <ignition-sensors6> component [camera]
[4.042s] -- Looking for ignition-sensors6-camera -- found version 6.7.1
[4.043s] -- Searching for dependencies of ignition-sensors6-camera
[4.043s] -- Looking for ignition-sensors6 -- found version 6.7.1
[4.044s] -- Searching for <ignition-sensors6> component [boundingbox_camera]
[4.047s] -- Looking for ignition-sensors6-boundingbox_camera -- found version 6.7.1
[4.048s] -- Searching for dependencies of ignition-sensors6-boundingbox_camera
[4.049s] -- Searching for <ignition-sensors6> component [segmentation_camera]
[4.052s] -- Looking for ignition-sensors6-segmentation_camera -- found version 6.7.1
[4.053s] -- Searching for dependencies of ignition-sensors6-segmentation_camera
[4.054s] -- Searching for <ignition-sensors6> component [depth_camera]
[4.058s] -- Looking for ignition-sensors6-depth_camera -- found version 6.7.1
[4.059s] -- Searching for dependencies of ignition-sensors6-depth_camera
[4.059s] -- Looking for ignition-sensors6 -- found version 6.7.1
[4.060s] -- Searching for <ignition-sensors6> component [rgbd_camera]
[4.063s] -- Looking for ignition-sensors6-rgbd_camera -- found version 6.7.1
[4.064s] -- Searching for dependencies of ignition-sensors6-rgbd_camera
[4.064s] -- Looking for ignition-sensors6 -- found version 6.7.1
[4.065s] -- Searching for <ignition-sensors6> component [thermal_camera]
[4.068s] -- Looking for ignition-sensors6-thermal_camera -- found version 6.7.1
[4.068s] -- Searching for dependencies of ignition-sensors6-thermal_camera
[4.069s] -- Looking for ignition-sensors6 -- found version 6.7.1
[4.070s] -- Looking for ignition-rendering6 -- found version 6.6.2
[4.071s] -- Looking for ignition-math6 -- found version 6.15.0
[4.075s] -- Looking for ignition-utils1 -- found version 1.5.1
[4.100s] -- Compiling against Gazebo Fortress
[4.106s] -- Looking for gflags - found
[4.106s] 
[4.113s] -- Found ament_lint_auto: 0.12.9 (/opt/ros/humble/share/ament_lint_auto/cmake)
[4.229s] -- Found ament_cmake_gtest: 1.3.6 (/opt/ros/humble/share/ament_cmake_gtest/cmake)
[4.233s] -- Found gtest sources under '/opt/ros/humble/src/gtest_vendor': C++ tests using 'Google Test' will be built
[4.245s] -- Added test 'copyright' to check source files copyright and LICENSE
[4.247s] -- Added test 'cppcheck' to perform static code analysis on C / C++ code
[4.247s] -- Configured cppcheck include dirs: $<BUILD_INTERFACE:/home/jacobrod/worms_ws/src/ros_gz/ros_gz_sim/include>
[4.247s] -- Configured cppcheck exclude dirs and/or files: 
[4.248s] -- Added test 'cpplint' to check C / C++ code against the Google style
[4.248s] -- Configured cpplint exclude dirs and/or files: 
[4.249s] -- Added test 'lint_cmake' to check CMake code style
[4.251s] -- Added test 'uncrustify' to check C / C++ code style
[4.251s] -- Configured uncrustify additional arguments: 
[4.252s] -- Added test 'xmllint' to check XML markup files
[4.253s] -- Configuring done
[4.281s] -- Generating done
[4.284s] -- Build files have been written to: /home/jacobrod/worms_ws/build/ros_gz_sim
