[2.842s] Invoking command in '/home/worm3/worms_mech_ws/src/worms_mech': PYTHONPATH=/home/worm3/worms_mech_ws/build/worms_mech/prefix_override:/home/worm3/worms_mech_ws/install/worms_mech/lib/python3.10/site-packages:${PYTHONPATH} /usr/bin/python3 setup.py egg_info --egg-base ../../build/worms_mech build --build-base /home/worm3/worms_mech_ws/build/worms_mech/build install --record /home/worm3/worms_mech_ws/build/worms_mech/install.log --single-version-externally-managed
[3.761s] running egg_info
[3.763s] writing ../../build/worms_mech/worms_mech.egg-info/PKG-INFO
[3.764s] writing dependency_links to ../../build/worms_mech/worms_mech.egg-info/dependency_links.txt
[3.766s] writing entry points to ../../build/worms_mech/worms_mech.egg-info/entry_points.txt
[3.767s] writing requirements to ../../build/worms_mech/worms_mech.egg-info/requires.txt
[3.768s] writing top-level names to ../../build/worms_mech/worms_mech.egg-info/top_level.txt
[3.775s] reading manifest file '../../build/worms_mech/worms_mech.egg-info/SOURCES.txt'
[3.780s] writing manifest file '../../build/worms_mech/worms_mech.egg-info/SOURCES.txt'
[3.780s] running build
[3.781s] running build_py
[3.784s] copying worms_mech/hardware_interface.py -> /home/worm3/worms_mech_ws/build/worms_mech/build/lib/worms_mech
[3.786s] running install
[3.787s] /usr/lib/python3/dist-packages/setuptools/command/install.py:34: SetuptoolsDeprecationWarning: setup.py install is deprecated. Use build and pip and other standards-based tools.
[3.787s]   warnings.warn(
[3.788s] running install_lib
[3.794s] copying /home/worm3/worms_mech_ws/build/worms_mech/build/lib/worms_mech/hardware_interface.py -> /home/worm3/worms_mech_ws/install/worms_mech/lib/python3.10/site-packages/worms_mech
[3.798s] byte-compiling /home/worm3/worms_mech_ws/install/worms_mech/lib/python3.10/site-packages/worms_mech/hardware_interface.py to hardware_interface.cpython-310.pyc
[3.804s] running install_data
[3.806s] running install_egg_info
[3.812s] removing '/home/worm3/worms_mech_ws/install/worms_mech/lib/python3.10/site-packages/worms_mech-0.0.0-py3.10.egg-info' (and everything under it)
[3.814s] Copying ../../build/worms_mech/worms_mech.egg-info to /home/worm3/worms_mech_ws/install/worms_mech/lib/python3.10/site-packages/worms_mech-0.0.0-py3.10.egg-info
[3.820s] running install_scripts
[3.896s] Installing camera_scanner script to /home/worm3/worms_mech_ws/install/worms_mech/lib/worms_mech
[3.897s] Installing controller_node script to /home/worm3/worms_mech_ws/install/worms_mech/lib/worms_mech
[3.897s] Installing gait_action_node script to /home/worm3/worms_mech_ws/install/worms_mech/lib/worms_mech
[3.898s] Installing gait_manager script to /home/worm3/worms_mech_ws/install/worms_mech/lib/worms_mech
[3.899s] Installing gait_parser script to /home/worm3/worms_mech_ws/install/worms_mech/lib/worms_mech
[3.900s] Installing hardware_interface script to /home/worm3/worms_mech_ws/install/worms_mech/lib/worms_mech
[3.901s] Installing joint_command_publisher script to /home/worm3/worms_mech_ws/install/worms_mech/lib/worms_mech
[3.901s] Installing joystick_control script to /home/worm3/worms_mech_ws/install/worms_mech/lib/worms_mech
[3.902s] Installing stand_node script to /home/worm3/worms_mech_ws/install/worms_mech/lib/worms_mech
[3.903s] Installing testbed_interface script to /home/worm3/worms_mech_ws/install/worms_mech/lib/worms_mech
[3.905s] writing list of installed files to '/home/worm3/worms_mech_ws/build/worms_mech/install.log'
[4.020s] Invoked command in '/home/worm3/worms_mech_ws/src/worms_mech' returned '0': PYTHONPATH=/home/worm3/worms_mech_ws/build/worms_mech/prefix_override:/home/worm3/worms_mech_ws/install/worms_mech/lib/python3.10/site-packages:${PYTHONPATH} /usr/bin/python3 setup.py egg_info --egg-base ../../build/worms_mech build --build-base /home/worm3/worms_mech_ws/build/worms_mech/build install --record /home/worm3/worms_mech_ws/build/worms_mech/install.log --single-version-externally-managed
