[3.175s] Invoking command in '/home/tomascr/worms_mech_ws/src/worms_mech': PYTHONPATH=/home/tomascr/worms_mech_ws/install/worms_mech/lib/python3.10/site-packages:${PYTHONPATH} /usr/bin/python3 setup.py egg_info --egg-base ../../build/worms_mech build --build-base /home/tomascr/worms_mech_ws/build/worms_mech/build install --prefix /home/tomascr/worms_mech_ws/install/worms_mech --record /home/tomascr/worms_mech_ws/build/worms_mech/install.log --single-version-externally-managed
[4.475s] running egg_info
[4.478s] writing ../../build/worms_mech/worms_mech.egg-info/PKG-INFO
[5.081s] writing dependency_links to ../../build/worms_mech/worms_mech.egg-info/dependency_links.txt
[5.083s] writing entry points to ../../build/worms_mech/worms_mech.egg-info/entry_points.txt
[5.083s] writing requirements to ../../build/worms_mech/worms_mech.egg-info/requires.txt
[5.084s] writing top-level names to ../../build/worms_mech/worms_mech.egg-info/top_level.txt
[5.092s] reading manifest file '../../build/worms_mech/worms_mech.egg-info/SOURCES.txt'
[5.097s] writing manifest file '../../build/worms_mech/worms_mech.egg-info/SOURCES.txt'
[5.098s] running build
[5.098s] running build_py
[5.099s] copying worms_mech/gait_parser.py -> /home/tomascr/worms_mech_ws/build/worms_mech/build/lib/worms_mech
[5.102s] running install
[5.103s] /usr/lib/python3/dist-packages/setuptools/command/install.py:34: SetuptoolsDeprecationWarning: setup.py install is deprecated. Use build and pip and other standards-based tools.
[5.103s]   warnings.warn(
[5.104s] running install_lib
[5.108s] copying /home/tomascr/worms_mech_ws/build/worms_mech/build/lib/worms_mech/gait_parser.py -> /home/tomascr/worms_mech_ws/install/worms_mech/lib/python3.10/site-packages/worms_mech
[5.112s] byte-compiling /home/tomascr/worms_mech_ws/install/worms_mech/lib/python3.10/site-packages/worms_mech/gait_parser.py to gait_parser.cpython-310.pyc
[5.117s] running install_data
[5.119s] running install_egg_info
[5.127s] removing '/home/tomascr/worms_mech_ws/install/worms_mech/lib/python3.10/site-packages/worms_mech-0.0.0-py3.10.egg-info' (and everything under it)
[5.129s] Copying ../../build/worms_mech/worms_mech.egg-info to /home/tomascr/worms_mech_ws/install/worms_mech/lib/python3.10/site-packages/worms_mech-0.0.0-py3.10.egg-info
[5.135s] running install_scripts
[5.225s] Installing controller_node script to /home/tomascr/worms_mech_ws/install/worms_mech/lib/worms_mech
[5.227s] Installing gait_parser script to /home/tomascr/worms_mech_ws/install/worms_mech/lib/worms_mech
[5.229s] Installing hardware_interface script to /home/tomascr/worms_mech_ws/install/worms_mech/lib/worms_mech
[5.230s] Installing joint_command_publisher script to /home/tomascr/worms_mech_ws/install/worms_mech/lib/worms_mech
[5.232s] Installing joystick_control script to /home/tomascr/worms_mech_ws/install/worms_mech/lib/worms_mech
[5.233s] Installing testbed_interface script to /home/tomascr/worms_mech_ws/install/worms_mech/lib/worms_mech
[5.236s] writing list of installed files to '/home/tomascr/worms_mech_ws/build/worms_mech/install.log'
[5.368s] Invoked command in '/home/tomascr/worms_mech_ws/src/worms_mech' returned '0': PYTHONPATH=/home/tomascr/worms_mech_ws/install/worms_mech/lib/python3.10/site-packages:${PYTHONPATH} /usr/bin/python3 setup.py egg_info --egg-base ../../build/worms_mech build --build-base /home/tomascr/worms_mech_ws/build/worms_mech/build install --prefix /home/tomascr/worms_mech_ws/install/worms_mech --record /home/tomascr/worms_mech_ws/build/worms_mech/install.log --single-version-externally-managed
