[0.456s] Invoking command in '/home/jacobrod/worms_ws/build/core_bringup': CMAKE_PREFIX_PATH=${CMAKE_PREFIX_PATH}:/home/jacobrod/worms_ws/src/install/worms_mech:/home/jacobrod/worms_ws/install/worms_mech:/opt/ros/humble /usr/bin/cmake /home/jacobrod/worms_ws/src/core_bringup -DBUILD_TESTING=ON -DCMAKE_INSTALL_PREFIX=/home/jacobrod/worms_ws/install/core_bringup
[0.563s] -- The C compiler identification is GNU 11.4.0
[0.672s] -- The CXX compiler identification is GNU 11.4.0
[0.687s] -- Detecting C compiler ABI info
[0.817s] -- Detecting C compiler ABI info - done
[0.836s] -- Check for working C compiler: /usr/bin/cc - skipped
[0.837s] -- Detecting C compile features
[0.838s] -- Detecting C compile features - done
[0.844s] -- Detecting CXX compiler ABI info
[1.009s] -- Detecting CXX compiler ABI info - done
[1.035s] -- Check for working CXX compiler: /usr/bin/c++ - skipped
[1.035s] -- Detecting CXX compile features
[1.036s] -- Detecting CXX compile features - done
[1.041s] -- Found ament_cmake: 1.3.5 (/opt/ros/humble/share/ament_cmake/cmake)
[1.356s] -- Found Python3: /usr/bin/python3.10 (found version "3.10.12") found components: Interpreter 
[1.536s] -- Found ament_lint_auto: 0.12.8 (/opt/ros/humble/share/ament_lint_auto/cmake)
[1.690s] -- Added test 'copyright' to check source files copyright and LICENSE
[1.696s] -- Added test 'flake8' to check Python code syntax and style conventions
[1.699s] -- Added test 'lint_cmake' to check CMake code style
[1.704s] -- Added test 'pep257' to check Python code against some of the docstring style conventions in PEP 257
[1.706s] -- Added test 'xmllint' to check XML markup files
[1.716s] -- Configuring done
[1.721s] -- Generating done
[1.722s] -- Build files have been written to: /home/jacobrod/worms_ws/build/core_bringup
[1.733s] Invoked command in '/home/jacobrod/worms_ws/build/core_bringup' returned '0': CMAKE_PREFIX_PATH=${CMAKE_PREFIX_PATH}:/home/jacobrod/worms_ws/src/install/worms_mech:/home/jacobrod/worms_ws/install/worms_mech:/opt/ros/humble /usr/bin/cmake /home/jacobrod/worms_ws/src/core_bringup -DBUILD_TESTING=ON -DCMAKE_INSTALL_PREFIX=/home/jacobrod/worms_ws/install/core_bringup
[1.733s] Invoking command in '/home/jacobrod/worms_ws/build/core_bringup': CMAKE_PREFIX_PATH=${CMAKE_PREFIX_PATH}:/home/jacobrod/worms_ws/src/install/worms_mech:/home/jacobrod/worms_ws/install/worms_mech:/opt/ros/humble /usr/bin/cmake --build /home/jacobrod/worms_ws/build/core_bringup -- -j8 -l8
[1.860s] Invoked command in '/home/jacobrod/worms_ws/build/core_bringup' returned '0': CMAKE_PREFIX_PATH=${CMAKE_PREFIX_PATH}:/home/jacobrod/worms_ws/src/install/worms_mech:/home/jacobrod/worms_ws/install/worms_mech:/opt/ros/humble /usr/bin/cmake --build /home/jacobrod/worms_ws/build/core_bringup -- -j8 -l8
[2.061s] Invoking command in '/home/jacobrod/worms_ws/build/core_bringup': CMAKE_PREFIX_PATH=${CMAKE_PREFIX_PATH}:/home/jacobrod/worms_ws/src/install/worms_mech:/home/jacobrod/worms_ws/install/worms_mech:/opt/ros/humble /usr/bin/cmake --install /home/jacobrod/worms_ws/build/core_bringup
[2.174s] -- Install configuration: ""
[2.174s] -- Installing: /home/jacobrod/worms_ws/install/core_bringup/share/core_bringup/launch
[2.175s] -- Installing: /home/jacobrod/worms_ws/install/core_bringup/share/core_bringup/launch/worms_gazebo.launch.py
[2.176s] -- Installing: /home/jacobrod/worms_ws/install/core_bringup/share/core_bringup/launch/hound_gazebo.launch.py
[2.176s] -- Installing: /home/jacobrod/worms_ws/install/core_bringup/share/core_bringup/launch/worms_hound_rviz.launch.py
[2.176s] -- Installing: /home/jacobrod/worms_ws/install/core_bringup/share/core_bringup/launch/worms_setup.launch copy.py
[2.177s] -- Installing: /home/jacobrod/worms_ws/install/core_bringup/share/core_bringup/launch/worms_hound_gazebo.launch.py
[2.177s] -- Installing: /home/jacobrod/worms_ws/install/core_bringup/share/core_bringup/config
[2.177s] -- Installing: /home/jacobrod/worms_ws/install/core_bringup/share/core_bringup/config/worms_bridge.yaml
[2.177s] -- Installing: /home/jacobrod/worms_ws/install/core_bringup/share/core_bringup/config/worms.rviz
[2.178s] -- Installing: /home/jacobrod/worms_ws/install/core_bringup/share/core_bringup/config/diff_drive.rviz
[2.178s] -- Installing: /home/jacobrod/worms_ws/install/core_bringup/share/ament_index/resource_index/package_run_dependencies/core_bringup
[2.178s] -- Installing: /home/jacobrod/worms_ws/install/core_bringup/share/ament_index/resource_index/parent_prefix_path/core_bringup
[2.178s] -- Installing: /home/jacobrod/worms_ws/install/core_bringup/share/core_bringup/environment/ament_prefix_path.sh
[2.179s] -- Installing: /home/jacobrod/worms_ws/install/core_bringup/share/core_bringup/environment/ament_prefix_path.dsv
[2.179s] -- Installing: /home/jacobrod/worms_ws/install/core_bringup/share/core_bringup/environment/path.sh
[2.179s] -- Installing: /home/jacobrod/worms_ws/install/core_bringup/share/core_bringup/environment/path.dsv
[2.179s] -- Installing: /home/jacobrod/worms_ws/install/core_bringup/share/core_bringup/local_setup.bash
[2.180s] -- Installing: /home/jacobrod/worms_ws/install/core_bringup/share/core_bringup/local_setup.sh
[2.180s] -- Installing: /home/jacobrod/worms_ws/install/core_bringup/share/core_bringup/local_setup.zsh
[2.180s] -- Installing: /home/jacobrod/worms_ws/install/core_bringup/share/core_bringup/local_setup.dsv
[2.181s] -- Installing: /home/jacobrod/worms_ws/install/core_bringup/share/core_bringup/package.dsv
[2.181s] -- Installing: /home/jacobrod/worms_ws/install/core_bringup/share/ament_index/resource_index/packages/core_bringup
[2.181s] -- Installing: /home/jacobrod/worms_ws/install/core_bringup/share/core_bringup/cmake/core_bringupConfig.cmake
[2.181s] -- Installing: /home/jacobrod/worms_ws/install/core_bringup/share/core_bringup/cmake/core_bringupConfig-version.cmake
[2.181s] -- Installing: /home/jacobrod/worms_ws/install/core_bringup/share/core_bringup/package.xml
[2.311s] Invoked command in '/home/jacobrod/worms_ws/build/core_bringup' returned '0': CMAKE_PREFIX_PATH=${CMAKE_PREFIX_PATH}:/home/jacobrod/worms_ws/src/install/worms_mech:/home/jacobrod/worms_ws/install/worms_mech:/opt/ros/humble /usr/bin/cmake --install /home/jacobrod/worms_ws/build/core_bringup
