[0.062s] Invoking command in '/home/jacobrod/worms_ws/build/worms_gazebo': /usr/bin/cmake /home/jacobrod/worms_ws/src/worms_gazebo -DCMAKE_INSTALL_PREFIX=/home/jacobrod/worms_ws/install/worms_gazebo
[0.414s] -- Found ament_cmake: 1.3.5 (/opt/ros/humble/share/ament_cmake/cmake)
[0.416s] Traceback (most recent call last):
[0.416s]   File "/opt/ros/humble/share/ament_cmake_core/cmake/package_templates/templates_2_cmake.py", line 21, in <module>
[0.417s]     from ament_package.templates import get_environment_hook_template_path
[0.417s] ModuleNotFoundError: No module named 'ament_package'
[0.419s] [31mCMake Error at /opt/ros/humble/share/ament_cmake_core/cmake/ament_cmake_package_templates-extras.cmake:41 (message):
[0.419s]   execute_process(/usr/bin/python3.10
[0.419s]   /opt/ros/humble/share/ament_cmake_core/cmake/package_templates/templates_2_cmake.py
[0.419s]   /home/jacobrod/worms_ws/build/worms_gazebo/ament_cmake_package_templates/templates.cmake)
[0.419s]   returned error code 1
[0.420s] Call Stack (most recent call first):
[0.420s]   /opt/ros/humble/share/ament_cmake_core/cmake/ament_cmake_coreConfig.cmake:41 (include)
[0.420s]   /opt/ros/humble/share/ament_cmake/cmake/ament_cmake_export_dependencies-extras.cmake:15 (find_package)
[0.420s]   /opt/ros/humble/share/ament_cmake/cmake/ament_cmakeConfig.cmake:41 (include)
[0.420s]   CMakeLists.txt:10 (find_package)
[0.420s] 
[0.420s] [0m
[0.420s] -- Configuring incomplete, errors occurred!
[0.420s] See also "/home/jacobrod/worms_ws/build/worms_gazebo/CMakeFiles/CMakeOutput.log".
[0.435s] Invoked command in '/home/jacobrod/worms_ws/build/worms_gazebo' returned '1': /usr/bin/cmake /home/jacobrod/worms_ws/src/worms_gazebo -DCMAKE_INSTALL_PREFIX=/home/jacobrod/worms_ws/install/worms_gazebo
