[0.612s] Invoking command in '/home/jacobrod/worms_ws/build/ros_gz_example_description': CMAKE_PREFIX_PATH=${CMAKE_PREFIX_PATH}:/home/jacobrod/worms_ws/src/install/worms_mech:/home/jacobrod/worms_ws/install/worms_mech:/opt/ros/humble /usr/bin/cmake --build /home/jacobrod/worms_ws/build/ros_gz_example_description -- -j8 -l8
[0.690s] Invoked command in '/home/jacobrod/worms_ws/build/ros_gz_example_description' returned '0': CMAKE_PREFIX_PATH=${CMAKE_PREFIX_PATH}:/home/jacobrod/worms_ws/src/install/worms_mech:/home/jacobrod/worms_ws/install/worms_mech:/opt/ros/humble /usr/bin/cmake --build /home/jacobrod/worms_ws/build/ros_gz_example_description -- -j8 -l8
[0.768s] Invoking command in '/home/jacobrod/worms_ws/build/ros_gz_example_description': CMAKE_PREFIX_PATH=${CMAKE_PREFIX_PATH}:/home/jacobrod/worms_ws/src/install/worms_mech:/home/jacobrod/worms_ws/install/worms_mech:/opt/ros/humble /usr/bin/cmake --install /home/jacobrod/worms_ws/build/ros_gz_example_description
[0.796s] -- Install configuration: ""
[0.797s] -- Up-to-date: /home/jacobrod/worms_ws/install/ros_gz_example_description/share/ros_gz_example_description/models
[0.797s] -- Up-to-date: /home/jacobrod/worms_ws/install/ros_gz_example_description/share/ros_gz_example_description/models/diff_drive
[0.798s] -- Up-to-date: /home/jacobrod/worms_ws/install/ros_gz_example_description/share/ros_gz_example_description/models/diff_drive/model.config
[0.798s] -- Up-to-date: /home/jacobrod/worms_ws/install/ros_gz_example_description/share/ros_gz_example_description/models/diff_drive/model.sdf
[0.798s] -- Up-to-date: /home/jacobrod/worms_ws/install/ros_gz_example_description/share/ros_gz_example_description/models/worms_1
[0.798s] -- Up-to-date: /home/jacobrod/worms_ws/install/ros_gz_example_description/share/ros_gz_example_description/models/worms_1/urdf
[0.799s] -- Up-to-date: /home/jacobrod/worms_ws/install/ros_gz_example_description/share/ros_gz_example_description/models/worms_1/urdf/worms_1.xacro
[0.799s] -- Up-to-date: /home/jacobrod/worms_ws/install/ros_gz_example_description/share/ros_gz_example_description/models/worms_1/urdf/worms_1.csv
[0.799s] -- Up-to-date: /home/jacobrod/worms_ws/install/ros_gz_example_description/share/ros_gz_example_description/models/worms_1/worms_1.sdf
[0.799s] -- Up-to-date: /home/jacobrod/worms_ws/install/ros_gz_example_description/share/ros_gz_example_description/models/worms_1/worms_1.config
[0.799s] -- Up-to-date: /home/jacobrod/worms_ws/install/ros_gz_example_description/share/ros_gz_example_description/models/worms_1/meshes
[0.800s] -- Up-to-date: /home/jacobrod/worms_ws/install/ros_gz_example_description/share/ros_gz_example_description/models/worms_1/meshes/Link1.STL
[0.800s] -- Up-to-date: /home/jacobrod/worms_ws/install/ros_gz_example_description/share/ros_gz_example_description/models/worms_1/meshes/base_link.STL
[0.800s] -- Up-to-date: /home/jacobrod/worms_ws/install/ros_gz_example_description/share/ros_gz_example_description/models/worms_1/meshes/Link3.STL
[0.800s] -- Up-to-date: /home/jacobrod/worms_ws/install/ros_gz_example_description/share/ros_gz_example_description/models/worms_1/meshes/Link2.STL
[0.800s] -- Up-to-date: /home/jacobrod/worms_ws/install/ros_gz_example_description/share/ros_gz_example_description/models/worms_1/config
[0.800s] -- Up-to-date: /home/jacobrod/worms_ws/install/ros_gz_example_description/share/ros_gz_example_description/models/worms_1/config/worms_1.yaml
[0.800s] -- Up-to-date: /home/jacobrod/worms_ws/install/ros_gz_example_description/share/ros_gz_example_description/models/rrbot
[0.801s] -- Up-to-date: /home/jacobrod/worms_ws/install/ros_gz_example_description/share/ros_gz_example_description/models/rrbot/model.sdf
[0.815s] -- Up-to-date: /home/jacobrod/worms_ws/install/ros_gz_example_description/share/ros_gz_example_description/environment/ros_gz_example_description.dsv
[0.816s] -- Up-to-date: /home/jacobrod/worms_ws/install/ros_gz_example_description/share/ros_gz_example_description/environment/ros_gz_example_description.sh
[0.816s] -- Up-to-date: /home/jacobrod/worms_ws/install/ros_gz_example_description/share/ament_index/resource_index/package_run_dependencies/ros_gz_example_description
[0.816s] -- Up-to-date: /home/jacobrod/worms_ws/install/ros_gz_example_description/share/ament_index/resource_index/parent_prefix_path/ros_gz_example_description
[0.816s] -- Up-to-date: /home/jacobrod/worms_ws/install/ros_gz_example_description/share/ros_gz_example_description/environment/ament_prefix_path.sh
[0.816s] -- Up-to-date: /home/jacobrod/worms_ws/install/ros_gz_example_description/share/ros_gz_example_description/environment/ament_prefix_path.dsv
[0.816s] -- Up-to-date: /home/jacobrod/worms_ws/install/ros_gz_example_description/share/ros_gz_example_description/environment/path.sh
[0.816s] -- Up-to-date: /home/jacobrod/worms_ws/install/ros_gz_example_description/share/ros_gz_example_description/environment/path.dsv
[0.816s] -- Up-to-date: /home/jacobrod/worms_ws/install/ros_gz_example_description/share/ros_gz_example_description/local_setup.bash
[0.817s] -- Up-to-date: /home/jacobrod/worms_ws/install/ros_gz_example_description/share/ros_gz_example_description/local_setup.sh
[0.817s] -- Up-to-date: /home/jacobrod/worms_ws/install/ros_gz_example_description/share/ros_gz_example_description/local_setup.zsh
[0.817s] -- Up-to-date: /home/jacobrod/worms_ws/install/ros_gz_example_description/share/ros_gz_example_description/local_setup.dsv
[0.817s] -- Installing: /home/jacobrod/worms_ws/install/ros_gz_example_description/share/ros_gz_example_description/package.dsv
[0.817s] -- Up-to-date: /home/jacobrod/worms_ws/install/ros_gz_example_description/share/ament_index/resource_index/packages/ros_gz_example_description
[0.817s] -- Up-to-date: /home/jacobrod/worms_ws/install/ros_gz_example_description/share/ros_gz_example_description/cmake/ros_gz_example_descriptionConfig.cmake
[0.817s] -- Up-to-date: /home/jacobrod/worms_ws/install/ros_gz_example_description/share/ros_gz_example_description/cmake/ros_gz_example_descriptionConfig-version.cmake
[0.818s] -- Up-to-date: /home/jacobrod/worms_ws/install/ros_gz_example_description/share/ros_gz_example_description/package.xml
[0.895s] Invoked command in '/home/jacobrod/worms_ws/build/ros_gz_example_description' returned '0': CMAKE_PREFIX_PATH=${CMAKE_PREFIX_PATH}:/home/jacobrod/worms_ws/src/install/worms_mech:/home/jacobrod/worms_ws/install/worms_mech:/opt/ros/humble /usr/bin/cmake --install /home/jacobrod/worms_ws/build/ros_gz_example_description
