-- Install configuration: ""
-- Installing: /home/jacobrod/worms_ws/install/core_bringup/share/core_bringup/launch
-- Installing: /home/jacobrod/worms_ws/install/core_bringup/share/core_bringup/launch/worms_gazebo.launch.py
-- Installing: /home/jacobrod/worms_ws/install/core_bringup/share/core_bringup/launch/hound_gazebo.launch.py
-- Installing: /home/jacobrod/worms_ws/install/core_bringup/share/core_bringup/launch/worms_hound_rviz.launch.py
-- Installing: /home/jacobrod/worms_ws/install/core_bringup/share/core_bringup/launch/worms_setup.launch copy.py
-- Installing: /home/jacobrod/worms_ws/install/core_bringup/share/core_bringup/launch/worms_hound_gazebo.launch.py
-- Installing: /home/jacobrod/worms_ws/install/core_bringup/share/core_bringup/config
-- Installing: /home/jacobrod/worms_ws/install/core_bringup/share/core_bringup/config/worms_bridge.yaml
-- Installing: /home/jacobrod/worms_ws/install/core_bringup/share/core_bringup/config/worms.rviz
-- Installing: /home/jacobrod/worms_ws/install/core_bringup/share/core_bringup/config/diff_drive.rviz
-- Installing: /home/jacobrod/worms_ws/install/core_bringup/share/ament_index/resource_index/package_run_dependencies/core_bringup
-- Installing: /home/jacobrod/worms_ws/install/core_bringup/share/ament_index/resource_index/parent_prefix_path/core_bringup
-- Installing: /home/jacobrod/worms_ws/install/core_bringup/share/core_bringup/environment/ament_prefix_path.sh
-- Installing: /home/jacobrod/worms_ws/install/core_bringup/share/core_bringup/environment/ament_prefix_path.dsv
-- Installing: /home/jacobrod/worms_ws/install/core_bringup/share/core_bringup/environment/path.sh
-- Installing: /home/jacobrod/worms_ws/install/core_bringup/share/core_bringup/environment/path.dsv
-- Installing: /home/jacobrod/worms_ws/install/core_bringup/share/core_bringup/local_setup.bash
-- Installing: /home/jacobrod/worms_ws/install/core_bringup/share/core_bringup/local_setup.sh
-- Installing: /home/jacobrod/worms_ws/install/core_bringup/share/core_bringup/local_setup.zsh
-- Installing: /home/jacobrod/worms_ws/install/core_bringup/share/core_bringup/local_setup.dsv
-- Installing: /home/jacobrod/worms_ws/install/core_bringup/share/core_bringup/package.dsv
-- Installing: /home/jacobrod/worms_ws/install/core_bringup/share/ament_index/resource_index/packages/core_bringup
-- Installing: /home/jacobrod/worms_ws/install/core_bringup/share/core_bringup/cmake/core_bringupConfig.cmake
-- Installing: /home/jacobrod/worms_ws/install/core_bringup/share/core_bringup/cmake/core_bringupConfig-version.cmake
-- Installing: /home/jacobrod/worms_ws/install/core_bringup/share/core_bringup/package.xml
