[0.143s] Invoking command in '/home/jacobrod/worms_ws/build/worms_gazebo': CMAKE_PREFIX_PATH=${CMAKE_PREFIX_PATH}:/home/jacobrod/worms_ws/src/install/worms_mech:/home/jacobrod/worms_ws/install/worms_mech:/opt/ros/humble /usr/bin/cmake /home/jacobrod/worms_ws/src/worms_gazebo -DBUILD_TESTING=ON -DCMAKE_INSTALL_PREFIX=/home/jacobrod/worms_ws/install/worms_gazebo
[1.315s] -- The C compiler identification is GNU 11.4.0
[1.315s] -- The CXX compiler identification is GNU 11.4.0
[1.315s] -- Detecting C compiler ABI info
[1.315s] -- Detecting C compiler ABI info - done
[1.315s] -- Check for working C compiler: /usr/bin/cc - skipped
[1.315s] -- Detecting C compile features
[1.315s] -- Detecting C compile features - done
[1.316s] -- Detecting CXX compiler ABI info
[1.316s] -- Detecting CXX compiler ABI info - done
[1.316s] -- Check for working CXX compiler: /usr/bin/c++ - skipped
[1.316s] -- Detecting CXX compile features
[1.316s] -- Detecting CXX compile features - done
[1.316s] -- Found ament_cmake: 1.3.5 (/opt/ros/humble/share/ament_cmake/cmake)
[1.316s] -- Found Python3: /usr/bin/python3.10 (found version "3.10.12") found components: Interpreter 
[1.316s] -- Looking for gz-plugin2 -- found version 2.0.2
[1.316s] -- Searching for dependencies of gz-plugin2
[1.317s] -- Looking for gz-utils2 -- found version 2.1.0
[1.317s] -- Searching for dependencies of gz-utils2
[1.317s] -- Searching for <gz-utils2> component [cli]
[1.317s] -- Looking for gz-utils2-cli -- found version 2.1.0
[1.317s] -- Searching for dependencies of gz-utils2-cli
[1.317s] -- Searching for <gz-plugin2> component [register]
[1.317s] -- Looking for gz-plugin2-register -- found version 2.0.2
[1.317s] -- Searching for dependencies of gz-plugin2-register
[1.317s] -- Looking for gz-common5 -- found version 5.4.2
[1.317s] -- Searching for dependencies of gz-common5
[1.318s] -- Looking for gz-utils2 -- found version 2.1.0
[1.318s] -- Looking for dlfcn.h - found
[1.318s] -- Looking for libdl - found
[1.318s] -- Found DL: TRUE  
[1.338s] -- Checking for module 'uuid'
[1.360s] --   Found uuid, version 2.37.2
[1.419s] -- Found UUID: TRUE  
[1.421s] -- Searching for <gz-common5> component [profiler]
[1.426s] -- Looking for gz-common5-profiler -- found version 5.4.2
[1.427s] -- Searching for dependencies of gz-common5-profiler
[1.434s] -- Looking for gz-sim7 -- found version 7.6.0
[1.435s] -- Searching for dependencies of gz-sim7
[1.440s] -- Looking for sdformat13 -- found version 13.6.0
[1.441s] -- Searching for dependencies of sdformat13
[1.450s] -- Checking for module 'tinyxml2'
[1.523s] --   Found tinyxml2, version 9.0.0
[1.573s] -- Looking for gz-math7 -- found version 7.3.0
[1.573s] -- Searching for dependencies of gz-math7
[1.573s] -- Looking for gz-utils2 -- found version 2.1.0
[1.574s] -- Looking for gz-utils2 -- found version 2.1.0
[1.574s] -- Looking for gz-plugin2 -- found version 2.0.2
[1.575s] -- Searching for dependencies of gz-plugin2
[1.575s] -- Looking for gz-utils2 -- found version 2.1.0
[1.575s] -- Searching for <gz-plugin2> component [loader]
[1.578s] -- Looking for gz-plugin2-loader -- found version 2.0.2
[1.579s] -- Searching for dependencies of gz-plugin2-loader
[1.580s] -- Searching for <gz-plugin2> component [register]
[1.584s] -- Looking for gz-transport12 -- found version 12.2.1
[1.585s] -- Searching for dependencies of gz-transport12
[1.797s] -- Found Protobuf: /usr/lib/x86_64-linux-gnu/libprotobuf.so (found version "3.12.4") 
[1.820s] -- Config-file not installed for ZeroMQ -- checking for pkg-config
[1.826s] -- Checking for module 'libzmq >= 4'
[1.846s] --   Found libzmq , version 4.3.4
[1.905s] -- Found ZeroMQ: TRUE (Required is at least version "4") 
[1.917s] -- Looking for gz-utils2 -- found version 2.1.0
[1.923s] -- Looking for gz-msgs9 -- found version 9.5.0
[1.924s] -- Searching for dependencies of gz-msgs9
[1.957s] -- Looking for gz-math7 -- found version 7.3.0
[1.966s] -- Searching for <gz-transport12> component [log]
[1.973s] -- Looking for gz-transport12-log -- found version 12.2.1
[1.973s] -- Searching for dependencies of gz-transport12-log
[1.975s] -- Searching for <gz-transport12> component [parameters]
[1.980s] -- Looking for gz-transport12-parameters -- found version 12.2.1
[1.981s] -- Searching for dependencies of gz-transport12-parameters
[1.982s] -- Looking for gz-msgs9 -- found version 9.5.0
[1.983s] -- Looking for gz-common5 -- found version 5.4.2
[1.984s] -- Searching for dependencies of gz-common5
[1.984s] -- Looking for gz-utils2 -- found version 2.1.0
[1.985s] -- Looking for dlfcn.h - found
[1.985s] -- Looking for libdl - found
[1.997s] -- Searching for <gz-common5> component [profiler]
[1.998s] -- Searching for <gz-common5> component [events]
[2.003s] -- Looking for gz-common5-events -- found version 5.4.2
[2.004s] -- Searching for dependencies of gz-common5-events
[2.004s] -- Looking for gz-math7 -- found version 7.3.0
[2.006s] -- Searching for <gz-common5> component [av]
[2.012s] -- Looking for gz-common5-av -- found version 5.4.2
[2.013s] -- Searching for dependencies of gz-common5-av
[2.021s] -- Checking for module 'libswscale'
[2.041s] --   Found libswscale, version 5.9.100
[2.087s] -- Found SWSCALE: TRUE  
[2.096s] -- Checking for module 'libavdevice >= 56.4.100'
[2.119s] --   Found libavdevice , version 58.13.100
[2.171s] -- Found AVDEVICE: TRUE (Required is at least version "56.4.100") 
[2.179s] -- Checking for module 'libavformat'
[2.202s] --   Found libavformat, version 58.76.100
[2.249s] -- Found AVFORMAT: TRUE  
[2.255s] -- Checking for module 'libavcodec'
[2.278s] --   Found libavcodec, version 58.134.100
[2.325s] -- Found AVCODEC: TRUE  
[2.333s] -- Checking for module 'libavutil'
[2.355s] --   Found libavutil, version 56.70.100
[2.401s] -- Found AVUTIL: TRUE  
[2.402s] -- Searching for <gz-common5> component [io]
[2.407s] -- Looking for gz-common5-io -- found version 5.4.2
[2.408s] -- Searching for dependencies of gz-common5-io
[2.414s] -- Looking for gz-fuel_tools8 -- found version 8.1.0
[2.414s] -- Searching for dependencies of gz-fuel_tools8
[2.538s] -- Found CURL: /usr/lib/x86_64-linux-gnu/libcurl.so (found version "7.81.0")  
[2.551s] -- Checking for module 'jsoncpp'
[2.581s] --   Found jsoncpp, version 1.9.5
[2.644s] -- Found JSONCPP: TRUE  
[2.655s] -- Checking for module 'libzip'
[2.678s] --   Found libzip, version 1.7.3
[2.736s] -- Found ZIP: TRUE  
[2.737s] -- Looking for gz-utils2 -- found version 2.1.0
[2.738s] -- Looking for gz-common5 -- found version 5.4.2
[2.739s] -- Searching for dependencies of gz-common5
[2.740s] -- Looking for gz-utils2 -- found version 2.1.0
[2.742s] -- Looking for dlfcn.h - found
[2.742s] -- Looking for libdl - found
[2.754s] -- Searching for <gz-common5> component [testing]
[2.760s] -- Looking for gz-common5-testing -- found version 5.4.2
[2.761s] -- Searching for dependencies of gz-common5-testing
[2.763s] -- Looking for gz-math7 -- found version 7.3.0
[2.764s] -- Looking for gz-msgs9 -- found version 9.5.0
[2.771s] -- Looking for gz-gui7 -- found version 7.2.1
[2.772s] -- Searching for dependencies of gz-gui7
[2.817s] -- Looking for gz-utils2 -- found version 2.1.0
[2.818s] -- Looking for gz-math7 -- found version 7.3.0
[2.818s] -- Looking for gz-common5 -- found version 5.4.2
[2.819s] -- Looking for gz-plugin2 -- found version 2.0.2
[2.820s] -- Looking for gz-transport12 -- found version 12.2.1
[2.826s] -- Looking for gz-rendering7 -- found version 7.4.2
[2.827s] -- Searching for dependencies of gz-rendering7
[2.828s] -- Looking for gz-math7 -- found version 7.3.0
[2.829s] -- Searching for dependencies of gz-math7
[2.829s] -- Looking for gz-utils2 -- found version 2.1.0
[2.830s] -- Searching for <gz-math7> component [eigen3]
[2.836s] -- Looking for gz-math7-eigen3 -- found version 7.3.0
[2.837s] -- Searching for dependencies of gz-math7-eigen3
[2.852s] -- Looking for gz-common5 -- found version 5.4.2
[2.853s] -- Searching for dependencies of gz-common5
[2.854s] -- Looking for gz-utils2 -- found version 2.1.0
[2.855s] -- Looking for dlfcn.h - found
[2.855s] -- Looking for libdl - found
[2.867s] -- Searching for <gz-common5> component [graphics]
[2.874s] -- Looking for gz-common5-graphics -- found version 5.4.2
[2.875s] -- Searching for dependencies of gz-common5-graphics
[2.875s] -- Looking for gz-math7 -- found version 7.3.0
[2.889s] -- Found GzAssimp: TRUE (found version "5.2.0") 
[2.890s] -- Searching for <gz-common5> component [events]
[2.891s] -- Searching for <gz-common5> component [geospatial]
[2.897s] -- Looking for gz-common5-geospatial -- found version 5.4.2
[2.898s] -- Searching for dependencies of gz-common5-geospatial
[2.899s] -- Looking for gz-math7 -- found version 7.3.0
[2.899s] -- Looking for gz-common5 -- found version 5.4.2
[2.901s] -- Looking for gz-plugin2 -- found version 2.0.2
[2.902s] -- Searching for dependencies of gz-plugin2
[2.903s] -- Looking for gz-utils2 -- found version 2.1.0
[2.903s] -- Searching for <gz-plugin2> component [all]
[2.910s] -- Looking for all libraries of gz-plugin2 -- found version 2.0.2
[2.911s] -- Looking for gz-plugin2 -- found version 2.0.2
[2.914s] -- Looking for gz-utils2 -- found version 2.1.0
[2.928s] -- Found OpenGL: /usr/lib/x86_64-linux-gnu/libOpenGL.so  found components: OpenGL 
[2.931s] -- Looking for gz-msgs9 -- found version 9.5.0
[2.974s] -- Looking for gz-physics6 -- found version 6.5.1
[2.975s] -- Searching for dependencies of gz-physics6
[2.975s] -- Looking for gz-math7 -- found version 7.3.0
[2.976s] -- Looking for gz-plugin2 -- found version 2.0.2
[2.977s] -- Looking for gz-utils2 -- found version 2.1.0
[2.979s] -- Searching for <gz-physics6> component [heightmap]
[2.985s] -- Looking for gz-physics6-heightmap -- found version 6.5.1
[2.986s] -- Searching for dependencies of gz-physics6-heightmap
[2.987s] -- Looking for gz-common5 -- found version 5.4.2
[2.988s] -- Searching for <gz-physics6> component [mesh]
[2.995s] -- Looking for gz-physics6-mesh -- found version 6.5.1
[2.995s] -- Searching for dependencies of gz-physics6-mesh
[2.996s] -- Looking for gz-common5 -- found version 5.4.2
[2.997s] -- Searching for <gz-physics6> component [sdf]
[3.003s] -- Looking for gz-physics6-sdf -- found version 6.5.1
[3.004s] -- Searching for dependencies of gz-physics6-sdf
[3.005s] -- Looking for sdformat13 -- found version 13.6.0
[3.012s] -- Looking for gz-sensors7 -- found version 7.3.0
[3.013s] -- Searching for dependencies of gz-sensors7
[3.049s] -- Looking for gz-math7 -- found version 7.3.0
[3.049s] -- Looking for gz-common5 -- found version 5.4.2
[3.050s] -- Looking for gz-transport12 -- found version 12.2.1
[3.051s] -- Looking for gz-rendering7 -- found version 7.4.2
[3.052s] -- Looking for gz-msgs9 -- found version 9.5.0
[3.052s] -- Looking for sdformat13 -- found version 13.6.0
[3.053s] -- Searching for <gz-sensors7> component [air_pressure]
[3.060s] -- Looking for gz-sensors7-air_pressure -- found version 7.3.0
[3.061s] -- Searching for dependencies of gz-sensors7-air_pressure
[3.062s] -- Searching for <gz-sensors7> component [air_speed]
[3.068s] -- Looking for gz-sensors7-air_speed -- found version 7.3.0
[3.068s] -- Searching for dependencies of gz-sensors7-air_speed
[3.069s] -- Searching for <gz-sensors7> component [altimeter]
[3.076s] -- Looking for gz-sensors7-altimeter -- found version 7.3.0
[3.076s] -- Searching for dependencies of gz-sensors7-altimeter
[3.077s] -- Searching for <gz-sensors7> component [imu]
[3.088s] -- Looking for gz-sensors7-imu -- found version 7.3.0
[3.089s] -- Searching for dependencies of gz-sensors7-imu
[3.089s] -- Searching for <gz-sensors7> component [force_torque]
[3.093s] -- Looking for gz-sensors7-force_torque -- found version 7.3.0
[3.093s] -- Searching for dependencies of gz-sensors7-force_torque
[3.094s] -- Searching for <gz-sensors7> component [logical_camera]
[3.101s] -- Looking for gz-sensors7-logical_camera -- found version 7.3.0
[3.102s] -- Searching for dependencies of gz-sensors7-logical_camera
[3.103s] -- Searching for <gz-sensors7> component [magnetometer]
[3.110s] -- Looking for gz-sensors7-magnetometer -- found version 7.3.0
[3.111s] -- Searching for dependencies of gz-sensors7-magnetometer
[3.112s] -- Searching for <gz-sensors7> component [navsat]
[3.119s] -- Looking for gz-sensors7-navsat -- found version 7.3.0
[3.120s] -- Searching for dependencies of gz-sensors7-navsat
[3.121s] -- Searching for <gz-sensors7> component [rendering]
[3.128s] -- Looking for gz-sensors7-rendering -- found version 7.3.0
[3.129s] -- Searching for dependencies of gz-sensors7-rendering
[3.129s] -- Searching for <gz-sensors7> component [lidar]
[3.136s] -- Looking for gz-sensors7-lidar -- found version 7.3.0
[3.136s] -- Searching for dependencies of gz-sensors7-lidar
[3.137s] -- Looking for gz-sensors7 -- found version 7.3.0
[3.138s] -- Searching for <gz-sensors7> component [gpu_lidar]
[3.144s] -- Looking for gz-sensors7-gpu_lidar -- found version 7.3.0
[3.145s] -- Searching for dependencies of gz-sensors7-gpu_lidar
[3.146s] -- Looking for gz-sensors7 -- found version 7.3.0
[3.147s] -- Searching for <gz-sensors7> component [camera]
[3.153s] -- Looking for gz-sensors7-camera -- found version 7.3.0
[3.154s] -- Searching for dependencies of gz-sensors7-camera
[3.155s] -- Looking for gz-sensors7 -- found version 7.3.0
[3.156s] -- Searching for <gz-sensors7> component [boundingbox_camera]
[3.162s] -- Looking for gz-sensors7-boundingbox_camera -- found version 7.3.0
[3.163s] -- Searching for dependencies of gz-sensors7-boundingbox_camera
[3.164s] -- Searching for <gz-sensors7> component [segmentation_camera]
[3.171s] -- Looking for gz-sensors7-segmentation_camera -- found version 7.3.0
[3.171s] -- Searching for dependencies of gz-sensors7-segmentation_camera
[3.172s] -- Searching for <gz-sensors7> component [depth_camera]
[3.179s] -- Looking for gz-sensors7-depth_camera -- found version 7.3.0
[3.180s] -- Searching for dependencies of gz-sensors7-depth_camera
[3.180s] -- Looking for gz-sensors7 -- found version 7.3.0
[3.181s] -- Searching for <gz-sensors7> component [rgbd_camera]
[3.188s] -- Looking for gz-sensors7-rgbd_camera -- found version 7.3.0
[3.188s] -- Searching for dependencies of gz-sensors7-rgbd_camera
[3.189s] -- Looking for gz-sensors7 -- found version 7.3.0
[3.190s] -- Searching for <gz-sensors7> component [thermal_camera]
[3.196s] -- Looking for gz-sensors7-thermal_camera -- found version 7.3.0
[3.197s] -- Searching for dependencies of gz-sensors7-thermal_camera
[3.198s] -- Looking for gz-sensors7 -- found version 7.3.0
[3.199s] -- Searching for <gz-sensors7> component [wide_angle_camera]
[3.205s] -- Looking for gz-sensors7-wide_angle_camera -- found version 7.3.0
[3.206s] -- Searching for dependencies of gz-sensors7-wide_angle_camera
[3.208s] -- Looking for gz-rendering7 -- found version 7.4.2
[3.209s] -- Looking for gz-math7 -- found version 7.3.0
[3.209s] -- Looking for gz-utils2 -- found version 2.1.0
[3.246s] -- Found ament_lint_auto: 0.12.8 (/opt/ros/humble/share/ament_lint_auto/cmake)
[3.396s] -- Added test 'copyright' to check source files copyright and LICENSE
[3.399s] -- Added test 'cppcheck' to perform static code analysis on C / C++ code
[3.400s] -- Configured cppcheck include dirs: /home/jacobrod/worms_ws/src/worms_gazebo/include
[3.400s] -- Configured cppcheck exclude dirs and/or files: 
[3.404s] -- Added test 'cpplint' to check C / C++ code against the Google style
[3.404s] -- Configured cpplint exclude dirs and/or files: 
[3.408s] -- Added test 'lint_cmake' to check CMake code style
[3.410s] -- Added test 'uncrustify' to check C / C++ code style
[3.411s] -- Configured uncrustify additional arguments: 
[3.413s] -- Added test 'xmllint' to check XML markup files
[3.417s] -- Configuring done
[3.440s] -- Generating done
[3.444s] -- Build files have been written to: /home/jacobrod/worms_ws/build/worms_gazebo
[3.482s] Invoked command in '/home/jacobrod/worms_ws/build/worms_gazebo' returned '0': CMAKE_PREFIX_PATH=${CMAKE_PREFIX_PATH}:/home/jacobrod/worms_ws/src/install/worms_mech:/home/jacobrod/worms_ws/install/worms_mech:/opt/ros/humble /usr/bin/cmake /home/jacobrod/worms_ws/src/worms_gazebo -DBUILD_TESTING=ON -DCMAKE_INSTALL_PREFIX=/home/jacobrod/worms_ws/install/worms_gazebo
[3.484s] Invoking command in '/home/jacobrod/worms_ws/build/worms_gazebo': CMAKE_PREFIX_PATH=${CMAKE_PREFIX_PATH}:/home/jacobrod/worms_ws/src/install/worms_mech:/home/jacobrod/worms_ws/install/worms_mech:/opt/ros/humble /usr/bin/cmake --build /home/jacobrod/worms_ws/build/worms_gazebo -- -j8 -l8
[3.566s] [ 50%] [32mBuilding CXX object CMakeFiles/BasicSystem.dir/src/BasicSystem.cc.o[0m
[3.567s] [ 50%] [32mBuilding CXX object CMakeFiles/FullSystem.dir/src/FullSystem.cc.o[0m
[7.612s] [ 75%] [32m[1mLinking CXX shared library libBasicSystem.so[0m
[7.959s] [ 75%] Built target BasicSystem
[8.262s] [100%] [32m[1mLinking CXX shared library libFullSystem.so[0m
[8.593s] [100%] Built target FullSystem
[8.611s] Invoked command in '/home/jacobrod/worms_ws/build/worms_gazebo' returned '0': CMAKE_PREFIX_PATH=${CMAKE_PREFIX_PATH}:/home/jacobrod/worms_ws/src/install/worms_mech:/home/jacobrod/worms_ws/install/worms_mech:/opt/ros/humble /usr/bin/cmake --build /home/jacobrod/worms_ws/build/worms_gazebo -- -j8 -l8
[8.670s] Invoking command in '/home/jacobrod/worms_ws/build/worms_gazebo': CMAKE_PREFIX_PATH=${CMAKE_PREFIX_PATH}:/home/jacobrod/worms_ws/src/install/worms_mech:/home/jacobrod/worms_ws/install/worms_mech:/opt/ros/humble /usr/bin/cmake --install /home/jacobrod/worms_ws/build/worms_gazebo
[8.683s] -- Install configuration: ""
[8.684s] -- Installing: /home/jacobrod/worms_ws/install/worms_gazebo/lib/worms_gazebo/libBasicSystem.so
[8.684s] -- Installing: /home/jacobrod/worms_ws/install/worms_gazebo/lib/worms_gazebo/libFullSystem.so
[8.686s] -- Installing: /home/jacobrod/worms_ws/install/worms_gazebo/share/worms_gazebo/worlds
[8.686s] -- Installing: /home/jacobrod/worms_ws/install/worms_gazebo/share/worms_gazebo/worlds/model.config
[8.686s] -- Installing: /home/jacobrod/worms_ws/install/worms_gazebo/share/worms_gazebo/worlds/model.sdf
[8.686s] -- Installing: /home/jacobrod/worms_ws/install/worms_gazebo/share/worms_gazebo/worlds/worms.sdf
[8.686s] -- Installing: /home/jacobrod/worms_ws/install/worms_gazebo/share/worms_gazebo/worlds/moon_dem.sdf
[8.687s] -- Installing: /home/jacobrod/worms_ws/install/worms_gazebo/share/worms_gazebo/worlds/diff_drive.sdf
[8.687s] -- Installing: /home/jacobrod/worms_ws/install/worms_gazebo/share/worms_gazebo/environment/worms_gazebo.dsv
[8.687s] -- Installing: /home/jacobrod/worms_ws/install/worms_gazebo/share/worms_gazebo/environment/worms_gazebo.sh
[8.687s] -- Installing: /home/jacobrod/worms_ws/install/worms_gazebo/share/ament_index/resource_index/package_run_dependencies/worms_gazebo
[8.687s] -- Installing: /home/jacobrod/worms_ws/install/worms_gazebo/share/ament_index/resource_index/parent_prefix_path/worms_gazebo
[8.688s] -- Installing: /home/jacobrod/worms_ws/install/worms_gazebo/share/worms_gazebo/environment/ament_prefix_path.sh
[8.688s] -- Installing: /home/jacobrod/worms_ws/install/worms_gazebo/share/worms_gazebo/environment/ament_prefix_path.dsv
[8.688s] -- Installing: /home/jacobrod/worms_ws/install/worms_gazebo/share/worms_gazebo/environment/path.sh
[8.688s] -- Installing: /home/jacobrod/worms_ws/install/worms_gazebo/share/worms_gazebo/environment/path.dsv
[8.689s] -- Installing: /home/jacobrod/worms_ws/install/worms_gazebo/share/worms_gazebo/local_setup.bash
[8.689s] -- Installing: /home/jacobrod/worms_ws/install/worms_gazebo/share/worms_gazebo/local_setup.sh
[8.689s] -- Installing: /home/jacobrod/worms_ws/install/worms_gazebo/share/worms_gazebo/local_setup.zsh
[8.689s] -- Installing: /home/jacobrod/worms_ws/install/worms_gazebo/share/worms_gazebo/local_setup.dsv
[8.689s] -- Installing: /home/jacobrod/worms_ws/install/worms_gazebo/share/worms_gazebo/package.dsv
[8.690s] -- Installing: /home/jacobrod/worms_ws/install/worms_gazebo/share/ament_index/resource_index/packages/worms_gazebo
[8.690s] -- Installing: /home/jacobrod/worms_ws/install/worms_gazebo/share/worms_gazebo/cmake/worms_gazeboConfig.cmake
[8.690s] -- Installing: /home/jacobrod/worms_ws/install/worms_gazebo/share/worms_gazebo/cmake/worms_gazeboConfig-version.cmake
[8.690s] -- Installing: /home/jacobrod/worms_ws/install/worms_gazebo/share/worms_gazebo/package.xml
[8.709s] Invoked command in '/home/jacobrod/worms_ws/build/worms_gazebo' returned '0': CMAKE_PREFIX_PATH=${CMAKE_PREFIX_PATH}:/home/jacobrod/worms_ws/src/install/worms_mech:/home/jacobrod/worms_ws/install/worms_mech:/opt/ros/humble /usr/bin/cmake --install /home/jacobrod/worms_ws/build/worms_gazebo
