[0.725s] Invoking command in '/home/jacobrod/worms_ws/build/ros_gz_example_gazebo': CMAKE_PREFIX_PATH=/home/jacobrod/worms_ws/install/ros_gz_example_description:/home/jacobrod/worms_ws/install/worms_description:/home/jacobrod/worms_ws/install/sdformat_urdf:/home/jacobrod/worms_ws/install/sdformat_test_files:/home/jacobrod/worms_ws/install/ros_gz_sim:/home/jacobrod/worms_ws/install/ros_gz_interfaces:/home/jacobrod/worms_ws/install/ros_gz_example_application:/home/jacobrod/worms_ws/install/core_bringup:/home/jacobrod/worms_ws/install/worms_mech:/opt/ros/humble GZ_SIM_RESOURCE_PATH=/home/jacobrod/worms_ws/install/ros_gz_example_description/share/ros_gz_example_description/models:${GZ_SIM_RESOURCE_PATH} /usr/bin/cmake /home/jacobrod/worms_ws/src/worms_gazebo_sim/worms_gazebo -DCMAKE_INSTALL_PREFIX=/home/jacobrod/worms_ws/install/ros_gz_example_gazebo
[0.786s] -- Found ament_cmake: 1.3.6 (/opt/ros/humble/share/ament_cmake/cmake)
[0.910s] -- Found ros_gz_example_description: 0.0.0 (/home/jacobrod/worms_ws/install/ros_gz_example_description/share/ros_gz_example_description/cmake)
[0.919s] -- Looking for gz-plugin2 -- found version 2.0.2
[0.920s] -- Searching for dependencies of gz-plugin2
[0.920s] -- Looking for gz-utils2 -- found version 2.2.0
[0.921s] -- Searching for dependencies of gz-utils2
[0.922s] -- Searching for <gz-utils2> component [cli]
[0.922s] -- Looking for gz-utils2-cli -- found version 2.2.0
[0.923s] -- Searching for dependencies of gz-utils2-cli
[0.925s] -- Searching for <gz-plugin2> component [register]
[0.925s] -- Looking for gz-plugin2-register -- found version 2.0.2
[0.926s] -- Searching for dependencies of gz-plugin2-register
[0.928s] -- Looking for gz-common5 -- found version 5.4.2
[0.929s] -- Searching for dependencies of gz-common5
[0.930s] -- Looking for gz-utils2 -- found version 2.2.0
[0.930s] -- Looking for dlfcn.h - found
[0.930s] -- Looking for libdl - found
[0.939s] -- Checking for module 'uuid'
[0.961s] --   Found uuid, version 2.37.2
[1.014s] -- Searching for <gz-common5> component [profiler]
[1.015s] -- Looking for gz-common5-profiler -- found version 5.4.2
[1.016s] -- Searching for dependencies of gz-common5-profiler
[1.038s] [31mCMake Error at CMakeLists.txt:26 (find_package):
[1.038s]   By not providing "Findgz-sim7.cmake" in CMAKE_MODULE_PATH this project has
[1.038s]   asked CMake to find a package configuration file provided by "gz-sim7", but
[1.038s]   CMake did not find one.
[1.038s] 
[1.038s]   Could not find a package configuration file provided by "gz-sim7" with any
[1.039s]   of the following names:
[1.039s] 
[1.039s]     gz-sim7Config.cmake
[1.039s]     gz-sim7-config.cmake
[1.039s] 
[1.040s]   Add the installation prefix of "gz-sim7" to CMAKE_PREFIX_PATH or set
[1.040s]   "gz-sim7_DIR" to a directory containing one of the above files.  If
[1.040s]   "gz-sim7" provides a separate development package or SDK, be sure it has
[1.040s]   been installed.
[1.040s] 
[1.040s] [0m
[1.040s] -- Configuring incomplete, errors occurred!
[1.040s] See also "/home/jacobrod/worms_ws/build/ros_gz_example_gazebo/CMakeFiles/CMakeOutput.log".
[1.044s] Invoked command in '/home/jacobrod/worms_ws/build/ros_gz_example_gazebo' returned '1': CMAKE_PREFIX_PATH=/home/jacobrod/worms_ws/install/ros_gz_example_description:/home/jacobrod/worms_ws/install/worms_description:/home/jacobrod/worms_ws/install/sdformat_urdf:/home/jacobrod/worms_ws/install/sdformat_test_files:/home/jacobrod/worms_ws/install/ros_gz_sim:/home/jacobrod/worms_ws/install/ros_gz_interfaces:/home/jacobrod/worms_ws/install/ros_gz_example_application:/home/jacobrod/worms_ws/install/core_bringup:/home/jacobrod/worms_ws/install/worms_mech:/opt/ros/humble GZ_SIM_RESOURCE_PATH=/home/jacobrod/worms_ws/install/ros_gz_example_description/share/ros_gz_example_description/models:${GZ_SIM_RESOURCE_PATH} /usr/bin/cmake /home/jacobrod/worms_ws/src/worms_gazebo_sim/worms_gazebo -DCMAKE_INSTALL_PREFIX=/home/jacobrod/worms_ws/install/ros_gz_example_gazebo
