[1.575s] Invoking command in '/home/jacobrod/worms_ws/src/worms_mech': PYTHONPATH=/home/jacobrod/worms_ws/build/worms_mech/prefix_override:/home/jacobrod/worms_ws/install/worms_mech/lib/python3.10/site-packages:${PYTHONPATH} /usr/bin/python3 setup.py egg_info --egg-base ../../build/worms_mech build --build-base /home/jacobrod/worms_ws/build/worms_mech/build install --record /home/jacobrod/worms_ws/build/worms_mech/install.log --single-version-externally-managed
[1.895s] running egg_info
[1.896s] writing ../../build/worms_mech/worms_mech.egg-info/PKG-INFO
[1.896s] writing dependency_links to ../../build/worms_mech/worms_mech.egg-info/dependency_links.txt
[1.897s] writing entry points to ../../build/worms_mech/worms_mech.egg-info/entry_points.txt
[1.897s] writing requirements to ../../build/worms_mech/worms_mech.egg-info/requires.txt
[1.897s] writing top-level names to ../../build/worms_mech/worms_mech.egg-info/top_level.txt
[1.899s] reading manifest file '../../build/worms_mech/worms_mech.egg-info/SOURCES.txt'
[1.901s] writing manifest file '../../build/worms_mech/worms_mech.egg-info/SOURCES.txt'
[1.901s] running build
[1.902s] running build_py
[1.903s] running install
[1.903s] running install_lib
[1.903s] /usr/lib/python3/dist-packages/setuptools/command/install.py:34: SetuptoolsDeprecationWarning: setup.py install is deprecated. Use build and pip and other standards-based tools.
[1.903s]   warnings.warn(
[1.904s] running install_data
[1.904s] running install_egg_info
[1.905s] removing '/home/jacobrod/worms_ws/install/worms_mech/lib/python3.10/site-packages/worms_mech-0.0.0-py3.10.egg-info' (and everything under it)
[1.905s] Copying ../../build/worms_mech/worms_mech.egg-info to /home/jacobrod/worms_ws/install/worms_mech/lib/python3.10/site-packages/worms_mech-0.0.0-py3.10.egg-info
[1.906s] running install_scripts
[1.927s] Installing hardware_interface script to /home/jacobrod/worms_ws/install/worms_mech/lib/worms_mech
[1.928s] Installing joint_command_publisher script to /home/jacobrod/worms_ws/install/worms_mech/lib/worms_mech
[1.928s] Installing joystick_control script to /home/jacobrod/worms_ws/install/worms_mech/lib/worms_mech
[1.928s] writing list of installed files to '/home/jacobrod/worms_ws/build/worms_mech/install.log'
[2.247s] Invoked command in '/home/jacobrod/worms_ws/src/worms_mech' returned '0': PYTHONPATH=/home/jacobrod/worms_ws/build/worms_mech/prefix_override:/home/jacobrod/worms_ws/install/worms_mech/lib/python3.10/site-packages:${PYTHONPATH} /usr/bin/python3 setup.py egg_info --egg-base ../../build/worms_mech build --build-base /home/jacobrod/worms_ws/build/worms_mech/build install --record /home/jacobrod/worms_ws/build/worms_mech/install.log --single-version-externally-managed
