-- Found ament_cmake_ros: 0.10.0 (/opt/ros/humble/share/ament_cmake_ros/cmake)
-- Found pluginlib: 5.1.0 (/opt/ros/humble/share/pluginlib/cmake)
-- Found urdf_parser_plugin: 2.6.0 (/opt/ros/humble/share/urdf_parser_plugin/cmake)
-- Looking for sdformat12 -- found version 12.7.2
-- Searching for dependencies of sdformat12
-- Looking for ignition-math6 -- found version 6.15.0
-- Searching for dependencies of ignition-math6
-- Looking for ignition-utils1 -- found version 1.5.1
-- Searching for dependencies of ignition-utils1
-- Compiling against Gazebo Fortress (libSDFormat 12)
-- Found ament_lint_auto: 0.12.8 (/opt/ros/humble/share/ament_lint_auto/cmake)
-- Found gtest sources under '/opt/ros/humble/src/gtest_vendor': C++ tests using 'Google Test' will be built
-- Added test 'copyright' to check source files copyright and LICENSE
-- Added test 'cppcheck' to perform static code analysis on C / C++ code
-- Configured cppcheck include dirs: $<BUILD_INTERFACE:/home/jacobrod/worms_ws/src/sdformat_urdf/sdformat_urdf/include>;/home/jacobrod/worms_ws/src/sdformat_urdf/sdformat_urdf/test/include
-- Configured cppcheck exclude dirs and/or files: 
-- Added test 'cpplint' to check C / C++ code against the Google style
-- Configured cpplint exclude dirs and/or files: 
-- Added test 'lint_cmake' to check CMake code style
-- Added test 'uncrustify' to check C / C++ code style
-- Configured uncrustify additional arguments: 
-- Added test 'xmllint' to check XML markup files
-- Configuring done
-- Generating done
-- Build files have been written to: /home/jacobrod/worms_ws/build/sdformat_urdf
[35m[1mConsolidate compiler generated dependencies of target gtest_main[0m
[35m[1mConsolidate compiler generated dependencies of target gtest[0m
[35m[1mConsolidate compiler generated dependencies of target sdformat_urdf[0m
[  9%] Built target gtest_main
[ 22%] [32mBuilding CXX object CMakeFiles/sdformat_urdf.dir/src/sdformat_urdf.cpp.o[0m
[ 22%] Built target gtest
[ 27%] [32m[1mLinking CXX shared library libsdformat_urdf.so[0m
[ 27%] Built target sdformat_urdf
[35m[1mConsolidate compiler generated dependencies of target sdf_joint_tests[0m
[35m[1mConsolidate compiler generated dependencies of target sdf_graph_tests[0m
[35m[1mConsolidate compiler generated dependencies of target sdf_link_tests[0m
[35m[1mConsolidate compiler generated dependencies of target sdformat_urdf_plugin[0m
[35m[1mConsolidate compiler generated dependencies of target sdf_model_tests[0m
[35m[1mConsolidate compiler generated dependencies of target sdf_geometry_tests[0m
[35m[1mConsolidate compiler generated dependencies of target sdf_material_tests[0m
[35m[1mConsolidate compiler generated dependencies of target sdf_pose_tests[0m
[ 40%] [32mBuilding CXX object CMakeFiles/sdf_link_tests.dir/test/link_tests.cpp.o[0m
[ 40%] [32mBuilding CXX object CMakeFiles/sdf_graph_tests.dir/test/graph_tests.cpp.o[0m
[ 45%] [32mBuilding CXX object CMakeFiles/sdformat_urdf_plugin.dir/src/sdformat_urdf_plugin.cpp.o[0m
[ 50%] [32mBuilding CXX object CMakeFiles/sdf_model_tests.dir/test/model_tests.cpp.o[0m
[ 40%] [32mBuilding CXX object CMakeFiles/sdf_joint_tests.dir/test/joint_tests.cpp.o[0m
[ 54%] [32mBuilding CXX object CMakeFiles/sdf_geometry_tests.dir/test/geometry_tests.cpp.o[0m
[ 59%] [32mBuilding CXX object CMakeFiles/sdf_material_tests.dir/test/material_tests.cpp.o[0m
[ 63%] [32mBuilding CXX object CMakeFiles/sdf_pose_tests.dir/test/pose_tests.cpp.o[0m
[ 68%] [32m[1mLinking CXX shared library libsdformat_urdf_plugin.so[0m
[ 68%] Built target sdformat_urdf_plugin
[ 72%] [32m[1mLinking CXX executable sdf_link_tests[0m
[ 77%] [32m[1mLinking CXX executable sdf_model_tests[0m
[ 77%] Built target sdf_link_tests
[ 81%] [32m[1mLinking CXX executable sdf_material_tests[0m
[ 81%] Built target sdf_model_tests
[ 81%] Built target sdf_material_tests
[ 86%] [32m[1mLinking CXX executable sdf_graph_tests[0m
[ 90%] [32m[1mLinking CXX executable sdf_joint_tests[0m
[ 95%] [32m[1mLinking CXX executable sdf_geometry_tests[0m
[100%] [32m[1mLinking CXX executable sdf_pose_tests[0m
[100%] Built target sdf_graph_tests
[100%] Built target sdf_joint_tests
[100%] Built target sdf_geometry_tests
[100%] Built target sdf_pose_tests
