[0.238s] Invoking command in '/home/jacobrod/worms_ws/build/sdformat_urdf': CMAKE_PREFIX_PATH=/home/jacobrod/worms_ws/install/sdformat_test_files:/opt/ros/humble PKG_CONFIG_PATH=/home/jacobrod/worms_ws/install/sdformat_test_files/lib/x86_64-linux-gnu/pkgconfig:/home/jacobrod/worms_ws/install/sdformat_test_files/lib/pkgconfig /usr/bin/cmake /home/jacobrod/worms_ws/src/sdformat_urdf/sdformat_urdf -DCMAKE_INSTALL_PREFIX=/home/jacobrod/worms_ws/install/sdformat_urdf
[0.244s] -- Found ament_cmake_ros: 0.10.0 (/opt/ros/humble/share/ament_cmake_ros/cmake)
[0.438s] -- Found pluginlib: 5.1.0 (/opt/ros/humble/share/pluginlib/cmake)
[0.489s] -- Found urdf_parser_plugin: 2.6.0 (/opt/ros/humble/share/urdf_parser_plugin/cmake)
[0.516s] -- Looking for sdformat12 -- found version 12.7.2
[0.527s] -- Searching for dependencies of sdformat12
[0.540s] -- Looking for ignition-math6 -- found version 6.15.0
[0.541s] -- Searching for dependencies of ignition-math6
[0.546s] -- Looking for ignition-utils1 -- found version 1.5.1
[0.546s] -- Searching for dependencies of ignition-utils1
[0.549s] -- Compiling against Gazebo Fortress (libSDFormat 12)
[0.552s] -- Found ament_lint_auto: 0.12.8 (/opt/ros/humble/share/ament_lint_auto/cmake)
[0.663s] -- Found gtest sources under '/opt/ros/humble/src/gtest_vendor': C++ tests using 'Google Test' will be built
[0.695s] -- Added test 'copyright' to check source files copyright and LICENSE
[0.698s] -- Added test 'cppcheck' to perform static code analysis on C / C++ code
[0.699s] -- Configured cppcheck include dirs: $<BUILD_INTERFACE:/home/jacobrod/worms_ws/src/sdformat_urdf/sdformat_urdf/include>;/home/jacobrod/worms_ws/src/sdformat_urdf/sdformat_urdf/test/include
[0.699s] -- Configured cppcheck exclude dirs and/or files: 
[0.702s] -- Added test 'cpplint' to check C / C++ code against the Google style
[0.702s] -- Configured cpplint exclude dirs and/or files: 
[0.703s] -- Added test 'lint_cmake' to check CMake code style
[0.706s] -- Added test 'uncrustify' to check C / C++ code style
[0.707s] -- Configured uncrustify additional arguments: 
[0.710s] -- Added test 'xmllint' to check XML markup files
[0.711s] -- Configuring done
[0.750s] -- Generating done
[0.754s] -- Build files have been written to: /home/jacobrod/worms_ws/build/sdformat_urdf
[0.860s] Invoked command in '/home/jacobrod/worms_ws/build/sdformat_urdf' returned '0': CMAKE_PREFIX_PATH=/home/jacobrod/worms_ws/install/sdformat_test_files:/opt/ros/humble PKG_CONFIG_PATH=/home/jacobrod/worms_ws/install/sdformat_test_files/lib/x86_64-linux-gnu/pkgconfig:/home/jacobrod/worms_ws/install/sdformat_test_files/lib/pkgconfig /usr/bin/cmake /home/jacobrod/worms_ws/src/sdformat_urdf/sdformat_urdf -DCMAKE_INSTALL_PREFIX=/home/jacobrod/worms_ws/install/sdformat_urdf
[0.860s] Invoking command in '/home/jacobrod/worms_ws/build/sdformat_urdf': CMAKE_PREFIX_PATH=/home/jacobrod/worms_ws/install/sdformat_test_files:/opt/ros/humble PKG_CONFIG_PATH=/home/jacobrod/worms_ws/install/sdformat_test_files/lib/x86_64-linux-gnu/pkgconfig:/home/jacobrod/worms_ws/install/sdformat_test_files/lib/pkgconfig /usr/bin/cmake --build /home/jacobrod/worms_ws/build/sdformat_urdf -- -j8 -l8
[1.290s] [35m[1mConsolidate compiler generated dependencies of target gtest_main[0m
[1.290s] [35m[1mConsolidate compiler generated dependencies of target gtest[0m
[1.291s] [35m[1mConsolidate compiler generated dependencies of target sdformat_urdf[0m
[1.291s] [  9%] Built target gtest_main
[1.291s] [ 22%] [32mBuilding CXX object CMakeFiles/sdformat_urdf.dir/src/sdformat_urdf.cpp.o[0m
[1.292s] [ 22%] Built target gtest
[5.244s] [ 27%] [32m[1mLinking CXX shared library libsdformat_urdf.so[0m
[5.430s] [ 27%] Built target sdformat_urdf
[5.446s] [35m[1mConsolidate compiler generated dependencies of target sdf_joint_tests[0m
[5.446s] [35m[1mConsolidate compiler generated dependencies of target sdf_graph_tests[0m
[5.446s] [35m[1mConsolidate compiler generated dependencies of target sdf_link_tests[0m
[5.447s] [35m[1mConsolidate compiler generated dependencies of target sdformat_urdf_plugin[0m
[5.447s] [35m[1mConsolidate compiler generated dependencies of target sdf_model_tests[0m
[5.447s] [35m[1mConsolidate compiler generated dependencies of target sdf_geometry_tests[0m
[5.449s] [35m[1mConsolidate compiler generated dependencies of target sdf_material_tests[0m
[5.449s] [35m[1mConsolidate compiler generated dependencies of target sdf_pose_tests[0m
[5.470s] [ 40%] [32mBuilding CXX object CMakeFiles/sdf_link_tests.dir/test/link_tests.cpp.o[0m
[5.470s] [ 40%] [32mBuilding CXX object CMakeFiles/sdf_graph_tests.dir/test/graph_tests.cpp.o[0m
[5.470s] [ 45%] [32mBuilding CXX object CMakeFiles/sdformat_urdf_plugin.dir/src/sdformat_urdf_plugin.cpp.o[0m
[5.470s] [ 50%] [32mBuilding CXX object CMakeFiles/sdf_model_tests.dir/test/model_tests.cpp.o[0m
[5.470s] [ 40%] [32mBuilding CXX object CMakeFiles/sdf_joint_tests.dir/test/joint_tests.cpp.o[0m
[5.471s] [ 54%] [32mBuilding CXX object CMakeFiles/sdf_geometry_tests.dir/test/geometry_tests.cpp.o[0m
[5.473s] [ 59%] [32mBuilding CXX object CMakeFiles/sdf_material_tests.dir/test/material_tests.cpp.o[0m
[5.473s] [ 63%] [32mBuilding CXX object CMakeFiles/sdf_pose_tests.dir/test/pose_tests.cpp.o[0m
[10.978s] [ 68%] [32m[1mLinking CXX shared library libsdformat_urdf_plugin.so[0m
[11.255s] [ 68%] Built target sdformat_urdf_plugin
[12.297s] [ 72%] [32m[1mLinking CXX executable sdf_link_tests[0m
[12.369s] [ 77%] [32m[1mLinking CXX executable sdf_model_tests[0m
[12.606s] [ 77%] Built target sdf_link_tests
[12.646s] [ 81%] [32m[1mLinking CXX executable sdf_material_tests[0m
[12.740s] [ 81%] Built target sdf_model_tests
[12.961s] [ 81%] Built target sdf_material_tests
[12.997s] [ 86%] [32m[1mLinking CXX executable sdf_graph_tests[0m
[13.116s] [ 90%] [32m[1mLinking CXX executable sdf_joint_tests[0m
[13.150s] [ 95%] [32m[1mLinking CXX executable sdf_geometry_tests[0m
[13.198s] [100%] [32m[1mLinking CXX executable sdf_pose_tests[0m
[13.251s] [100%] Built target sdf_graph_tests
[13.378s] [100%] Built target sdf_joint_tests
[13.407s] [100%] Built target sdf_geometry_tests
[13.445s] [100%] Built target sdf_pose_tests
