[0.270s] Invoking command in '/home/jacobrod/worms_ws/build/ros_gz_image': CMAKE_PREFIX_PATH=/home/jacobrod/worms_ws/install/ros_gz_bridge:/home/jacobrod/worms_ws/install/ros_gz_interfaces:/home/jacobrod/worms_ws/src/install/worms_gazebo:/home/jacobrod/worms_ws/src/install/worms_description:/home/jacobrod/worms_ws/src/install/ros_gz_example_bringup:/home/jacobrod/worms_ws/src/install/ros_gz_example_gazebo:/home/jacobrod/worms_ws/src/install/ros_gz_example_description:/home/jacobrod/worms_ws/src/install/ros_gz_example_application:/home/jacobrod/worms_ws/src/install/core_bringup:/home/jacobrod/worms_ws/install/worms_gazebo:/home/jacobrod/worms_ws/install/worms_description:/home/jacobrod/worms_ws/install/ros_ign:/home/jacobrod/worms_ws/install/ros_ign_gazebo_demos:/home/jacobrod/worms_ws/install/ros_gz:/home/jacobrod/worms_ws/install/ros_gz_sim_demos:/home/jacobrod/worms_ws/install/sdformat_urdf:/home/jacobrod/worms_ws/install/sdformat_test_files:/home/jacobrod/worms_ws/install/ros_ign_interfaces:/home/jacobrod/worms_ws/install/ros_ign_image:/home/jacobrod/worms_ws/install/ros_ign_gazebo:/home/jacobrod/worms_ws/install/ros_ign_bridge:/home/jacobrod/worms_ws/install/ros_gz_sim:/home/jacobrod/worms_ws/install/ros_gz_image:/home/jacobrod/worms_ws/install/ros_gz_example_bringup:/home/jacobrod/worms_ws/install/ros_gz_example_gazebo:/home/jacobrod/worms_ws/install/ros_gz_example_description:/home/jacobrod/worms_ws/install/ros_gz_example_application:/home/jacobrod/worms_ws/install/core_bringup:/home/jacobrod/AllSeaingVehicle2/install:/home/jacobrod/worms_ws/src/install/worms_mech:/home/jacobrod/worms_ws/install/worms_mech:/opt/ros/humble LD_LIBRARY_PATH=/home/jacobrod/worms_ws/install/ros_gz_bridge/lib:/home/jacobrod/worms_ws/install/ros_gz_interfaces/lib:/home/jacobrod/worms_ws/install/sdformat_urdf/lib:/home/jacobrod/worms_ws/install/ros_ign_interfaces/lib:/home/jacobrod/worms_ws/install/ros_gz_sim/lib:/home/jacobrod/AllSeaingVehicle2/install/lib:/opt/ros/humble/opt/rviz_ogre_vendor/lib:/opt/ros/humble/lib/x86_64-linux-gnu:/opt/ros/humble/lib /usr/bin/cmake /home/jacobrod/worms_ws/src/ros_gz/ros_gz_image -DBUILD_TESTING=ON -DCMAKE_INSTALL_PREFIX=/home/jacobrod/worms_ws/install/ros_gz_image
[0.348s] -- The C compiler identification is GNU 11.4.0
[0.430s] -- The CXX compiler identification is GNU 11.4.0
[0.440s] -- Detecting C compiler ABI info
[0.526s] -- Detecting C compiler ABI info - done
[0.535s] -- Check for working C compiler: /usr/bin/cc - skipped
[0.536s] -- Detecting C compile features
[0.537s] -- Detecting C compile features - done
[0.540s] -- Detecting CXX compiler ABI info
[0.640s] -- Detecting CXX compiler ABI info - done
[0.649s] -- Check for working CXX compiler: /usr/bin/c++ - skipped
[0.649s] -- Detecting CXX compile features
[0.650s] -- Detecting CXX compile features - done
[0.656s] -- Found ament_cmake: 1.3.5 (/opt/ros/humble/share/ament_cmake/cmake)
[0.891s] -- Found Python3: /usr/bin/python3.10 (found version "3.10.12") found components: Interpreter 
[1.068s] -- Found image_transport: 3.1.7 (/opt/ros/humble/share/image_transport/cmake)
[1.187s] -- Found rosidl_generator_c: 3.1.5 (/opt/ros/humble/share/rosidl_generator_c/cmake)
[1.200s] -- Found rosidl_adapter: 3.1.5 (/opt/ros/humble/share/rosidl_adapter/cmake)
[1.219s] -- Found rosidl_generator_cpp: 3.1.5 (/opt/ros/humble/share/rosidl_generator_cpp/cmake)
[1.248s] -- Using all available rosidl_typesupport_c: rosidl_typesupport_fastrtps_c;rosidl_typesupport_introspection_c
[1.286s] -- Using all available rosidl_typesupport_cpp: rosidl_typesupport_fastrtps_cpp;rosidl_typesupport_introspection_cpp
[1.457s] -- Found rmw_implementation_cmake: 6.1.1 (/opt/ros/humble/share/rmw_implementation_cmake/cmake)
[1.465s] -- Found rmw_fastrtps_cpp: 6.2.4 (/opt/ros/humble/share/rmw_fastrtps_cpp/cmake)
[1.680s] -- Found OpenSSL: /usr/lib/x86_64-linux-gnu/libcrypto.so (found version "3.0.2")  
[1.725s] -- Found FastRTPS: /opt/ros/humble/include  
[1.802s] -- Using RMW implementation 'rmw_fastrtps_cpp' as default
[1.823s] -- Looking for pthread.h
[1.911s] -- Looking for pthread.h - found
[1.912s] -- Performing Test CMAKE_HAVE_LIBC_PTHREAD
[1.996s] -- Performing Test CMAKE_HAVE_LIBC_PTHREAD - Success
[1.997s] -- Found Threads: TRUE  
[2.572s] -- Found ros_gz_bridge: 0.244.11 (/home/jacobrod/worms_ws/install/ros_gz_bridge/share/ros_gz_bridge/cmake)
[3.508s] -- Looking for gz-transport12 -- found version 12.2.1
[3.520s] -- Searching for dependencies of gz-transport12
[3.554s] -- Found Protobuf: /usr/lib/x86_64-linux-gnu/libprotobuf.so (found version "3.12.4") 
[3.571s] -- Config-file not installed for ZeroMQ -- checking for pkg-config
[3.577s] -- Checking for module 'libzmq >= 4'
[3.597s] --   Found libzmq , version 4.3.4
[3.642s] -- Found ZeroMQ: TRUE (Required is at least version "4") 
[3.649s] -- Checking for module 'uuid'
[3.669s] --   Found uuid, version 2.37.2
[3.712s] -- Found UUID: TRUE  
[3.718s] -- Looking for gz-utils2 -- found version 2.1.0
[3.719s] -- Searching for dependencies of gz-utils2
[3.719s] -- Searching for <gz-utils2> component [cli]
[3.725s] -- Looking for gz-utils2-cli -- found version 2.1.0
[3.726s] -- Searching for dependencies of gz-utils2-cli
[3.733s] -- Looking for gz-msgs9 -- found version 9.5.0
[3.733s] -- Searching for dependencies of gz-msgs9
[3.768s] -- Looking for gz-math7 -- found version 7.3.0
[3.769s] -- Searching for dependencies of gz-math7
[3.770s] -- Looking for gz-utils2 -- found version 2.1.0
[3.778s] -- Checking for module 'tinyxml2'
[3.803s] --   Found tinyxml2, version 9.0.0
[3.851s] -- Looking for gz-msgs9 -- found version 9.5.0
[3.852s] -- Compiling against Gazebo Garden
[4.280s] -- Found ament_lint_auto: 0.12.8 (/opt/ros/humble/share/ament_lint_auto/cmake)
[4.422s] -- Added test 'copyright' to check source files copyright and LICENSE
[4.424s] -- Added test 'cppcheck' to perform static code analysis on C / C++ code
[4.425s] -- Configured cppcheck include dirs: /home/jacobrod/worms_ws/src/ros_gz/ros_gz_image/include
[4.425s] -- Configured cppcheck exclude dirs and/or files: 
[4.427s] -- Added test 'cpplint' to check C / C++ code against the Google style
[4.427s] -- Configured cpplint exclude dirs and/or files: 
[4.429s] -- Added test 'lint_cmake' to check CMake code style
[4.431s] -- Added test 'uncrustify' to check C / C++ code style
[4.432s] -- Configured uncrustify additional arguments: 
[4.433s] -- Added test 'xmllint' to check XML markup files
[4.436s] -- Configuring done
[4.491s] -- Generating done
[4.494s] -- Build files have been written to: /home/jacobrod/worms_ws/build/ros_gz_image
[4.508s] Invoked command in '/home/jacobrod/worms_ws/build/ros_gz_image' returned '0': CMAKE_PREFIX_PATH=/home/jacobrod/worms_ws/install/ros_gz_bridge:/home/jacobrod/worms_ws/install/ros_gz_interfaces:/home/jacobrod/worms_ws/src/install/worms_gazebo:/home/jacobrod/worms_ws/src/install/worms_description:/home/jacobrod/worms_ws/src/install/ros_gz_example_bringup:/home/jacobrod/worms_ws/src/install/ros_gz_example_gazebo:/home/jacobrod/worms_ws/src/install/ros_gz_example_description:/home/jacobrod/worms_ws/src/install/ros_gz_example_application:/home/jacobrod/worms_ws/src/install/core_bringup:/home/jacobrod/worms_ws/install/worms_gazebo:/home/jacobrod/worms_ws/install/worms_description:/home/jacobrod/worms_ws/install/ros_ign:/home/jacobrod/worms_ws/install/ros_ign_gazebo_demos:/home/jacobrod/worms_ws/install/ros_gz:/home/jacobrod/worms_ws/install/ros_gz_sim_demos:/home/jacobrod/worms_ws/install/sdformat_urdf:/home/jacobrod/worms_ws/install/sdformat_test_files:/home/jacobrod/worms_ws/install/ros_ign_interfaces:/home/jacobrod/worms_ws/install/ros_ign_image:/home/jacobrod/worms_ws/install/ros_ign_gazebo:/home/jacobrod/worms_ws/install/ros_ign_bridge:/home/jacobrod/worms_ws/install/ros_gz_sim:/home/jacobrod/worms_ws/install/ros_gz_image:/home/jacobrod/worms_ws/install/ros_gz_example_bringup:/home/jacobrod/worms_ws/install/ros_gz_example_gazebo:/home/jacobrod/worms_ws/install/ros_gz_example_description:/home/jacobrod/worms_ws/install/ros_gz_example_application:/home/jacobrod/worms_ws/install/core_bringup:/home/jacobrod/AllSeaingVehicle2/install:/home/jacobrod/worms_ws/src/install/worms_mech:/home/jacobrod/worms_ws/install/worms_mech:/opt/ros/humble LD_LIBRARY_PATH=/home/jacobrod/worms_ws/install/ros_gz_bridge/lib:/home/jacobrod/worms_ws/install/ros_gz_interfaces/lib:/home/jacobrod/worms_ws/install/sdformat_urdf/lib:/home/jacobrod/worms_ws/install/ros_ign_interfaces/lib:/home/jacobrod/worms_ws/install/ros_gz_sim/lib:/home/jacobrod/AllSeaingVehicle2/install/lib:/opt/ros/humble/opt/rviz_ogre_vendor/lib:/opt/ros/humble/lib/x86_64-linux-gnu:/opt/ros/humble/lib /usr/bin/cmake /home/jacobrod/worms_ws/src/ros_gz/ros_gz_image -DBUILD_TESTING=ON -DCMAKE_INSTALL_PREFIX=/home/jacobrod/worms_ws/install/ros_gz_image
[4.510s] Invoking command in '/home/jacobrod/worms_ws/build/ros_gz_image': CMAKE_PREFIX_PATH=/home/jacobrod/worms_ws/install/ros_gz_bridge:/home/jacobrod/worms_ws/install/ros_gz_interfaces:/home/jacobrod/worms_ws/src/install/worms_gazebo:/home/jacobrod/worms_ws/src/install/worms_description:/home/jacobrod/worms_ws/src/install/ros_gz_example_bringup:/home/jacobrod/worms_ws/src/install/ros_gz_example_gazebo:/home/jacobrod/worms_ws/src/install/ros_gz_example_description:/home/jacobrod/worms_ws/src/install/ros_gz_example_application:/home/jacobrod/worms_ws/src/install/core_bringup:/home/jacobrod/worms_ws/install/worms_gazebo:/home/jacobrod/worms_ws/install/worms_description:/home/jacobrod/worms_ws/install/ros_ign:/home/jacobrod/worms_ws/install/ros_ign_gazebo_demos:/home/jacobrod/worms_ws/install/ros_gz:/home/jacobrod/worms_ws/install/ros_gz_sim_demos:/home/jacobrod/worms_ws/install/sdformat_urdf:/home/jacobrod/worms_ws/install/sdformat_test_files:/home/jacobrod/worms_ws/install/ros_ign_interfaces:/home/jacobrod/worms_ws/install/ros_ign_image:/home/jacobrod/worms_ws/install/ros_ign_gazebo:/home/jacobrod/worms_ws/install/ros_ign_bridge:/home/jacobrod/worms_ws/install/ros_gz_sim:/home/jacobrod/worms_ws/install/ros_gz_image:/home/jacobrod/worms_ws/install/ros_gz_example_bringup:/home/jacobrod/worms_ws/install/ros_gz_example_gazebo:/home/jacobrod/worms_ws/install/ros_gz_example_description:/home/jacobrod/worms_ws/install/ros_gz_example_application:/home/jacobrod/worms_ws/install/core_bringup:/home/jacobrod/AllSeaingVehicle2/install:/home/jacobrod/worms_ws/src/install/worms_mech:/home/jacobrod/worms_ws/install/worms_mech:/opt/ros/humble LD_LIBRARY_PATH=/home/jacobrod/worms_ws/install/ros_gz_bridge/lib:/home/jacobrod/worms_ws/install/ros_gz_interfaces/lib:/home/jacobrod/worms_ws/install/sdformat_urdf/lib:/home/jacobrod/worms_ws/install/ros_ign_interfaces/lib:/home/jacobrod/worms_ws/install/ros_gz_sim/lib:/home/jacobrod/AllSeaingVehicle2/install/lib:/opt/ros/humble/opt/rviz_ogre_vendor/lib:/opt/ros/humble/lib/x86_64-linux-gnu:/opt/ros/humble/lib /usr/bin/cmake --build /home/jacobrod/worms_ws/build/ros_gz_image -- -j8 -l8
[4.573s] [ 50%] [32mBuilding CXX object CMakeFiles/image_bridge.dir/src/image_bridge.cpp.o[0m
[12.717s] [100%] [32m[1mLinking CXX executable image_bridge[0m
[30.548s] [100%] Built target image_bridge
[30.562s] Invoked command in '/home/jacobrod/worms_ws/build/ros_gz_image' returned '0': CMAKE_PREFIX_PATH=/home/jacobrod/worms_ws/install/ros_gz_bridge:/home/jacobrod/worms_ws/install/ros_gz_interfaces:/home/jacobrod/worms_ws/src/install/worms_gazebo:/home/jacobrod/worms_ws/src/install/worms_description:/home/jacobrod/worms_ws/src/install/ros_gz_example_bringup:/home/jacobrod/worms_ws/src/install/ros_gz_example_gazebo:/home/jacobrod/worms_ws/src/install/ros_gz_example_description:/home/jacobrod/worms_ws/src/install/ros_gz_example_application:/home/jacobrod/worms_ws/src/install/core_bringup:/home/jacobrod/worms_ws/install/worms_gazebo:/home/jacobrod/worms_ws/install/worms_description:/home/jacobrod/worms_ws/install/ros_ign:/home/jacobrod/worms_ws/install/ros_ign_gazebo_demos:/home/jacobrod/worms_ws/install/ros_gz:/home/jacobrod/worms_ws/install/ros_gz_sim_demos:/home/jacobrod/worms_ws/install/sdformat_urdf:/home/jacobrod/worms_ws/install/sdformat_test_files:/home/jacobrod/worms_ws/install/ros_ign_interfaces:/home/jacobrod/worms_ws/install/ros_ign_image:/home/jacobrod/worms_ws/install/ros_ign_gazebo:/home/jacobrod/worms_ws/install/ros_ign_bridge:/home/jacobrod/worms_ws/install/ros_gz_sim:/home/jacobrod/worms_ws/install/ros_gz_image:/home/jacobrod/worms_ws/install/ros_gz_example_bringup:/home/jacobrod/worms_ws/install/ros_gz_example_gazebo:/home/jacobrod/worms_ws/install/ros_gz_example_description:/home/jacobrod/worms_ws/install/ros_gz_example_application:/home/jacobrod/worms_ws/install/core_bringup:/home/jacobrod/AllSeaingVehicle2/install:/home/jacobrod/worms_ws/src/install/worms_mech:/home/jacobrod/worms_ws/install/worms_mech:/opt/ros/humble LD_LIBRARY_PATH=/home/jacobrod/worms_ws/install/ros_gz_bridge/lib:/home/jacobrod/worms_ws/install/ros_gz_interfaces/lib:/home/jacobrod/worms_ws/install/sdformat_urdf/lib:/home/jacobrod/worms_ws/install/ros_ign_interfaces/lib:/home/jacobrod/worms_ws/install/ros_gz_sim/lib:/home/jacobrod/AllSeaingVehicle2/install/lib:/opt/ros/humble/opt/rviz_ogre_vendor/lib:/opt/ros/humble/lib/x86_64-linux-gnu:/opt/ros/humble/lib /usr/bin/cmake --build /home/jacobrod/worms_ws/build/ros_gz_image -- -j8 -l8
[30.599s] Invoking command in '/home/jacobrod/worms_ws/build/ros_gz_image': CMAKE_PREFIX_PATH=/home/jacobrod/worms_ws/install/ros_gz_bridge:/home/jacobrod/worms_ws/install/ros_gz_interfaces:/home/jacobrod/worms_ws/src/install/worms_gazebo:/home/jacobrod/worms_ws/src/install/worms_description:/home/jacobrod/worms_ws/src/install/ros_gz_example_bringup:/home/jacobrod/worms_ws/src/install/ros_gz_example_gazebo:/home/jacobrod/worms_ws/src/install/ros_gz_example_description:/home/jacobrod/worms_ws/src/install/ros_gz_example_application:/home/jacobrod/worms_ws/src/install/core_bringup:/home/jacobrod/worms_ws/install/worms_gazebo:/home/jacobrod/worms_ws/install/worms_description:/home/jacobrod/worms_ws/install/ros_ign:/home/jacobrod/worms_ws/install/ros_ign_gazebo_demos:/home/jacobrod/worms_ws/install/ros_gz:/home/jacobrod/worms_ws/install/ros_gz_sim_demos:/home/jacobrod/worms_ws/install/sdformat_urdf:/home/jacobrod/worms_ws/install/sdformat_test_files:/home/jacobrod/worms_ws/install/ros_ign_interfaces:/home/jacobrod/worms_ws/install/ros_ign_image:/home/jacobrod/worms_ws/install/ros_ign_gazebo:/home/jacobrod/worms_ws/install/ros_ign_bridge:/home/jacobrod/worms_ws/install/ros_gz_sim:/home/jacobrod/worms_ws/install/ros_gz_image:/home/jacobrod/worms_ws/install/ros_gz_example_bringup:/home/jacobrod/worms_ws/install/ros_gz_example_gazebo:/home/jacobrod/worms_ws/install/ros_gz_example_description:/home/jacobrod/worms_ws/install/ros_gz_example_application:/home/jacobrod/worms_ws/install/core_bringup:/home/jacobrod/AllSeaingVehicle2/install:/home/jacobrod/worms_ws/src/install/worms_mech:/home/jacobrod/worms_ws/install/worms_mech:/opt/ros/humble LD_LIBRARY_PATH=/home/jacobrod/worms_ws/install/ros_gz_bridge/lib:/home/jacobrod/worms_ws/install/ros_gz_interfaces/lib:/home/jacobrod/worms_ws/install/sdformat_urdf/lib:/home/jacobrod/worms_ws/install/ros_ign_interfaces/lib:/home/jacobrod/worms_ws/install/ros_gz_sim/lib:/home/jacobrod/AllSeaingVehicle2/install/lib:/opt/ros/humble/opt/rviz_ogre_vendor/lib:/opt/ros/humble/lib/x86_64-linux-gnu:/opt/ros/humble/lib /usr/bin/cmake --install /home/jacobrod/worms_ws/build/ros_gz_image
[30.609s] -- Install configuration: ""
[30.609s] -- Installing: /home/jacobrod/worms_ws/install/ros_gz_image/lib/ros_gz_image/image_bridge
[30.610s] -- Set runtime path of "/home/jacobrod/worms_ws/install/ros_gz_image/lib/ros_gz_image/image_bridge" to ""
[30.610s] -- Installing: /home/jacobrod/worms_ws/install/ros_gz_image/share/ament_index/resource_index/package_run_dependencies/ros_gz_image
[30.610s] -- Installing: /home/jacobrod/worms_ws/install/ros_gz_image/share/ament_index/resource_index/parent_prefix_path/ros_gz_image
[30.611s] -- Installing: /home/jacobrod/worms_ws/install/ros_gz_image/share/ros_gz_image/environment/ament_prefix_path.sh
[30.611s] -- Installing: /home/jacobrod/worms_ws/install/ros_gz_image/share/ros_gz_image/environment/ament_prefix_path.dsv
[30.611s] -- Installing: /home/jacobrod/worms_ws/install/ros_gz_image/share/ros_gz_image/environment/path.sh
[30.611s] -- Installing: /home/jacobrod/worms_ws/install/ros_gz_image/share/ros_gz_image/environment/path.dsv
[30.611s] -- Installing: /home/jacobrod/worms_ws/install/ros_gz_image/share/ros_gz_image/local_setup.bash
[30.612s] -- Installing: /home/jacobrod/worms_ws/install/ros_gz_image/share/ros_gz_image/local_setup.sh
[30.612s] -- Installing: /home/jacobrod/worms_ws/install/ros_gz_image/share/ros_gz_image/local_setup.zsh
[30.612s] -- Installing: /home/jacobrod/worms_ws/install/ros_gz_image/share/ros_gz_image/local_setup.dsv
[30.612s] -- Installing: /home/jacobrod/worms_ws/install/ros_gz_image/share/ros_gz_image/package.dsv
[30.612s] -- Installing: /home/jacobrod/worms_ws/install/ros_gz_image/share/ament_index/resource_index/packages/ros_gz_image
[30.612s] -- Installing: /home/jacobrod/worms_ws/install/ros_gz_image/share/ros_gz_image/cmake/ros_gz_imageConfig.cmake
[30.613s] -- Installing: /home/jacobrod/worms_ws/install/ros_gz_image/share/ros_gz_image/cmake/ros_gz_imageConfig-version.cmake
[30.613s] -- Installing: /home/jacobrod/worms_ws/install/ros_gz_image/share/ros_gz_image/package.xml
[30.615s] Invoked command in '/home/jacobrod/worms_ws/build/ros_gz_image' returned '0': CMAKE_PREFIX_PATH=/home/jacobrod/worms_ws/install/ros_gz_bridge:/home/jacobrod/worms_ws/install/ros_gz_interfaces:/home/jacobrod/worms_ws/src/install/worms_gazebo:/home/jacobrod/worms_ws/src/install/worms_description:/home/jacobrod/worms_ws/src/install/ros_gz_example_bringup:/home/jacobrod/worms_ws/src/install/ros_gz_example_gazebo:/home/jacobrod/worms_ws/src/install/ros_gz_example_description:/home/jacobrod/worms_ws/src/install/ros_gz_example_application:/home/jacobrod/worms_ws/src/install/core_bringup:/home/jacobrod/worms_ws/install/worms_gazebo:/home/jacobrod/worms_ws/install/worms_description:/home/jacobrod/worms_ws/install/ros_ign:/home/jacobrod/worms_ws/install/ros_ign_gazebo_demos:/home/jacobrod/worms_ws/install/ros_gz:/home/jacobrod/worms_ws/install/ros_gz_sim_demos:/home/jacobrod/worms_ws/install/sdformat_urdf:/home/jacobrod/worms_ws/install/sdformat_test_files:/home/jacobrod/worms_ws/install/ros_ign_interfaces:/home/jacobrod/worms_ws/install/ros_ign_image:/home/jacobrod/worms_ws/install/ros_ign_gazebo:/home/jacobrod/worms_ws/install/ros_ign_bridge:/home/jacobrod/worms_ws/install/ros_gz_sim:/home/jacobrod/worms_ws/install/ros_gz_image:/home/jacobrod/worms_ws/install/ros_gz_example_bringup:/home/jacobrod/worms_ws/install/ros_gz_example_gazebo:/home/jacobrod/worms_ws/install/ros_gz_example_description:/home/jacobrod/worms_ws/install/ros_gz_example_application:/home/jacobrod/worms_ws/install/core_bringup:/home/jacobrod/AllSeaingVehicle2/install:/home/jacobrod/worms_ws/src/install/worms_mech:/home/jacobrod/worms_ws/install/worms_mech:/opt/ros/humble LD_LIBRARY_PATH=/home/jacobrod/worms_ws/install/ros_gz_bridge/lib:/home/jacobrod/worms_ws/install/ros_gz_interfaces/lib:/home/jacobrod/worms_ws/install/sdformat_urdf/lib:/home/jacobrod/worms_ws/install/ros_ign_interfaces/lib:/home/jacobrod/worms_ws/install/ros_gz_sim/lib:/home/jacobrod/AllSeaingVehicle2/install/lib:/opt/ros/humble/opt/rviz_ogre_vendor/lib:/opt/ros/humble/lib/x86_64-linux-gnu:/opt/ros/humble/lib /usr/bin/cmake --install /home/jacobrod/worms_ws/build/ros_gz_image
