[0.087s] Invoking command in '/home/jacobrod/worms_ws/build/ros_ign_gazebo_demos': AMENT_PREFIX_PATH=/home/jacobrod/worms_ws/install/ros_gz_sim:${AMENT_PREFIX_PATH} CMAKE_PREFIX_PATH=/home/jacobrod/worms_ws/install/ros_gz_sim_demos:/home/jacobrod/worms_ws/install/ros_gz_image:/home/jacobrod/worms_ws/install/sdformat_urdf:/home/jacobrod/worms_ws/install/ros_gz_bridge:/home/jacobrod/worms_ws/install/ros_gz_sim:/home/jacobrod/worms_ws/install/ros_gz_interfaces:/home/jacobrod/worms_ws/install/worms_gazebo:/home/jacobrod/worms_ws/install/worms_description:/home/jacobrod/worms_ws/install/ros_ign:/home/jacobrod/worms_ws/install/ros_ign_gazebo_demos:/home/jacobrod/worms_ws/install/ros_gz:/home/jacobrod/worms_ws/install/sdformat_test_files:/home/jacobrod/worms_ws/install/ros_ign_interfaces:/home/jacobrod/worms_ws/install/ros_ign_image:/home/jacobrod/worms_ws/install/ros_ign_gazebo:/home/jacobrod/worms_ws/install/ros_ign_bridge:/home/jacobrod/worms_ws/install/ros_gz_example_bringup:/home/jacobrod/worms_ws/install/ros_gz_example_gazebo:/home/jacobrod/worms_ws/install/ros_gz_example_description:/home/jacobrod/worms_ws/install/ros_gz_example_application:/home/jacobrod/worms_ws/install/core_bringup:/home/jacobrod/worms_ws/install/worms_mech:/opt/ros/humble LD_LIBRARY_PATH=/home/jacobrod/worms_ws/install/sdformat_urdf/lib:/home/jacobrod/worms_ws/install/ros_gz_bridge/lib:/home/jacobrod/worms_ws/install/ros_gz_sim/lib:/home/jacobrod/worms_ws/install/ros_gz_interfaces/lib:/home/jacobrod/worms_ws/install/ros_ign_interfaces/lib:/opt/ros/humble/opt/rviz_ogre_vendor/lib:/opt/ros/humble/lib/x86_64-linux-gnu:/opt/ros/humble/lib /usr/bin/cmake /home/jacobrod/worms_ws/src/ros_gz/ros_ign_gazebo_demos -DBUILD_TESTING=ON -DCMAKE_INSTALL_PREFIX=/home/jacobrod/worms_ws/install/ros_ign_gazebo_demos
[0.155s] -- The C compiler identification is GNU 11.4.0
[0.229s] -- The CXX compiler identification is GNU 11.4.0
[0.241s] -- Detecting C compiler ABI info
[0.326s] -- Detecting C compiler ABI info - done
[0.334s] -- Check for working C compiler: /usr/bin/cc - skipped
[0.334s] -- Detecting C compile features
[0.335s] -- Detecting C compile features - done
[0.338s] -- Detecting CXX compiler ABI info
[0.428s] -- Detecting CXX compiler ABI info - done
[0.436s] -- Check for working CXX compiler: /usr/bin/c++ - skipped
[0.437s] -- Detecting CXX compile features
[0.437s] -- Detecting CXX compile features - done
[0.441s] -- Found ament_cmake: 1.3.6 (/opt/ros/humble/share/ament_cmake/cmake)
[0.640s] -- Found Python3: /usr/bin/python3.10 (found version "3.10.12") found components: Interpreter 
[0.760s] -- Found ament_lint_auto: 0.12.9 (/opt/ros/humble/share/ament_lint_auto/cmake)
[0.867s] -- Added test 'copyright' to check source files copyright and LICENSE
[0.870s] -- Added test 'flake8' to check Python code syntax and style conventions
[0.871s] -- Added test 'lint_cmake' to check CMake code style
[0.872s] -- Added test 'pep257' to check Python code against some of the docstring style conventions in PEP 257
[0.874s] -- Added test 'xmllint' to check XML markup files
[0.876s] -- Configuring done
[0.879s] -- Generating done
[0.880s] -- Build files have been written to: /home/jacobrod/worms_ws/build/ros_ign_gazebo_demos
[0.885s] Invoked command in '/home/jacobrod/worms_ws/build/ros_ign_gazebo_demos' returned '0': AMENT_PREFIX_PATH=/home/jacobrod/worms_ws/install/ros_gz_sim:${AMENT_PREFIX_PATH} CMAKE_PREFIX_PATH=/home/jacobrod/worms_ws/install/ros_gz_sim_demos:/home/jacobrod/worms_ws/install/ros_gz_image:/home/jacobrod/worms_ws/install/sdformat_urdf:/home/jacobrod/worms_ws/install/ros_gz_bridge:/home/jacobrod/worms_ws/install/ros_gz_sim:/home/jacobrod/worms_ws/install/ros_gz_interfaces:/home/jacobrod/worms_ws/install/worms_gazebo:/home/jacobrod/worms_ws/install/worms_description:/home/jacobrod/worms_ws/install/ros_ign:/home/jacobrod/worms_ws/install/ros_ign_gazebo_demos:/home/jacobrod/worms_ws/install/ros_gz:/home/jacobrod/worms_ws/install/sdformat_test_files:/home/jacobrod/worms_ws/install/ros_ign_interfaces:/home/jacobrod/worms_ws/install/ros_ign_image:/home/jacobrod/worms_ws/install/ros_ign_gazebo:/home/jacobrod/worms_ws/install/ros_ign_bridge:/home/jacobrod/worms_ws/install/ros_gz_example_bringup:/home/jacobrod/worms_ws/install/ros_gz_example_gazebo:/home/jacobrod/worms_ws/install/ros_gz_example_description:/home/jacobrod/worms_ws/install/ros_gz_example_application:/home/jacobrod/worms_ws/install/core_bringup:/home/jacobrod/worms_ws/install/worms_mech:/opt/ros/humble LD_LIBRARY_PATH=/home/jacobrod/worms_ws/install/sdformat_urdf/lib:/home/jacobrod/worms_ws/install/ros_gz_bridge/lib:/home/jacobrod/worms_ws/install/ros_gz_sim/lib:/home/jacobrod/worms_ws/install/ros_gz_interfaces/lib:/home/jacobrod/worms_ws/install/ros_ign_interfaces/lib:/opt/ros/humble/opt/rviz_ogre_vendor/lib:/opt/ros/humble/lib/x86_64-linux-gnu:/opt/ros/humble/lib /usr/bin/cmake /home/jacobrod/worms_ws/src/ros_gz/ros_ign_gazebo_demos -DBUILD_TESTING=ON -DCMAKE_INSTALL_PREFIX=/home/jacobrod/worms_ws/install/ros_ign_gazebo_demos
[0.887s] Invoking command in '/home/jacobrod/worms_ws/build/ros_ign_gazebo_demos': AMENT_PREFIX_PATH=/home/jacobrod/worms_ws/install/ros_gz_sim:${AMENT_PREFIX_PATH} CMAKE_PREFIX_PATH=/home/jacobrod/worms_ws/install/ros_gz_sim_demos:/home/jacobrod/worms_ws/install/ros_gz_image:/home/jacobrod/worms_ws/install/sdformat_urdf:/home/jacobrod/worms_ws/install/ros_gz_bridge:/home/jacobrod/worms_ws/install/ros_gz_sim:/home/jacobrod/worms_ws/install/ros_gz_interfaces:/home/jacobrod/worms_ws/install/worms_gazebo:/home/jacobrod/worms_ws/install/worms_description:/home/jacobrod/worms_ws/install/ros_ign:/home/jacobrod/worms_ws/install/ros_ign_gazebo_demos:/home/jacobrod/worms_ws/install/ros_gz:/home/jacobrod/worms_ws/install/sdformat_test_files:/home/jacobrod/worms_ws/install/ros_ign_interfaces:/home/jacobrod/worms_ws/install/ros_ign_image:/home/jacobrod/worms_ws/install/ros_ign_gazebo:/home/jacobrod/worms_ws/install/ros_ign_bridge:/home/jacobrod/worms_ws/install/ros_gz_example_bringup:/home/jacobrod/worms_ws/install/ros_gz_example_gazebo:/home/jacobrod/worms_ws/install/ros_gz_example_description:/home/jacobrod/worms_ws/install/ros_gz_example_application:/home/jacobrod/worms_ws/install/core_bringup:/home/jacobrod/worms_ws/install/worms_mech:/opt/ros/humble LD_LIBRARY_PATH=/home/jacobrod/worms_ws/install/sdformat_urdf/lib:/home/jacobrod/worms_ws/install/ros_gz_bridge/lib:/home/jacobrod/worms_ws/install/ros_gz_sim/lib:/home/jacobrod/worms_ws/install/ros_gz_interfaces/lib:/home/jacobrod/worms_ws/install/ros_ign_interfaces/lib:/opt/ros/humble/opt/rviz_ogre_vendor/lib:/opt/ros/humble/lib/x86_64-linux-gnu:/opt/ros/humble/lib /usr/bin/cmake --build /home/jacobrod/worms_ws/build/ros_ign_gazebo_demos -- -j8 -l8
[0.935s] Invoked command in '/home/jacobrod/worms_ws/build/ros_ign_gazebo_demos' returned '0': AMENT_PREFIX_PATH=/home/jacobrod/worms_ws/install/ros_gz_sim:${AMENT_PREFIX_PATH} CMAKE_PREFIX_PATH=/home/jacobrod/worms_ws/install/ros_gz_sim_demos:/home/jacobrod/worms_ws/install/ros_gz_image:/home/jacobrod/worms_ws/install/sdformat_urdf:/home/jacobrod/worms_ws/install/ros_gz_bridge:/home/jacobrod/worms_ws/install/ros_gz_sim:/home/jacobrod/worms_ws/install/ros_gz_interfaces:/home/jacobrod/worms_ws/install/worms_gazebo:/home/jacobrod/worms_ws/install/worms_description:/home/jacobrod/worms_ws/install/ros_ign:/home/jacobrod/worms_ws/install/ros_ign_gazebo_demos:/home/jacobrod/worms_ws/install/ros_gz:/home/jacobrod/worms_ws/install/sdformat_test_files:/home/jacobrod/worms_ws/install/ros_ign_interfaces:/home/jacobrod/worms_ws/install/ros_ign_image:/home/jacobrod/worms_ws/install/ros_ign_gazebo:/home/jacobrod/worms_ws/install/ros_ign_bridge:/home/jacobrod/worms_ws/install/ros_gz_example_bringup:/home/jacobrod/worms_ws/install/ros_gz_example_gazebo:/home/jacobrod/worms_ws/install/ros_gz_example_description:/home/jacobrod/worms_ws/install/ros_gz_example_application:/home/jacobrod/worms_ws/install/core_bringup:/home/jacobrod/worms_ws/install/worms_mech:/opt/ros/humble LD_LIBRARY_PATH=/home/jacobrod/worms_ws/install/sdformat_urdf/lib:/home/jacobrod/worms_ws/install/ros_gz_bridge/lib:/home/jacobrod/worms_ws/install/ros_gz_sim/lib:/home/jacobrod/worms_ws/install/ros_gz_interfaces/lib:/home/jacobrod/worms_ws/install/ros_ign_interfaces/lib:/opt/ros/humble/opt/rviz_ogre_vendor/lib:/opt/ros/humble/lib/x86_64-linux-gnu:/opt/ros/humble/lib /usr/bin/cmake --build /home/jacobrod/worms_ws/build/ros_ign_gazebo_demos -- -j8 -l8
[1.002s] Invoking command in '/home/jacobrod/worms_ws/build/ros_ign_gazebo_demos': AMENT_PREFIX_PATH=/home/jacobrod/worms_ws/install/ros_gz_sim:${AMENT_PREFIX_PATH} CMAKE_PREFIX_PATH=/home/jacobrod/worms_ws/install/ros_gz_sim_demos:/home/jacobrod/worms_ws/install/ros_gz_image:/home/jacobrod/worms_ws/install/sdformat_urdf:/home/jacobrod/worms_ws/install/ros_gz_bridge:/home/jacobrod/worms_ws/install/ros_gz_sim:/home/jacobrod/worms_ws/install/ros_gz_interfaces:/home/jacobrod/worms_ws/install/worms_gazebo:/home/jacobrod/worms_ws/install/worms_description:/home/jacobrod/worms_ws/install/ros_ign:/home/jacobrod/worms_ws/install/ros_ign_gazebo_demos:/home/jacobrod/worms_ws/install/ros_gz:/home/jacobrod/worms_ws/install/sdformat_test_files:/home/jacobrod/worms_ws/install/ros_ign_interfaces:/home/jacobrod/worms_ws/install/ros_ign_image:/home/jacobrod/worms_ws/install/ros_ign_gazebo:/home/jacobrod/worms_ws/install/ros_ign_bridge:/home/jacobrod/worms_ws/install/ros_gz_example_bringup:/home/jacobrod/worms_ws/install/ros_gz_example_gazebo:/home/jacobrod/worms_ws/install/ros_gz_example_description:/home/jacobrod/worms_ws/install/ros_gz_example_application:/home/jacobrod/worms_ws/install/core_bringup:/home/jacobrod/worms_ws/install/worms_mech:/opt/ros/humble LD_LIBRARY_PATH=/home/jacobrod/worms_ws/install/sdformat_urdf/lib:/home/jacobrod/worms_ws/install/ros_gz_bridge/lib:/home/jacobrod/worms_ws/install/ros_gz_sim/lib:/home/jacobrod/worms_ws/install/ros_gz_interfaces/lib:/home/jacobrod/worms_ws/install/ros_ign_interfaces/lib:/opt/ros/humble/opt/rviz_ogre_vendor/lib:/opt/ros/humble/lib/x86_64-linux-gnu:/opt/ros/humble/lib /usr/bin/cmake --install /home/jacobrod/worms_ws/build/ros_ign_gazebo_demos
[1.010s] -- Install configuration: ""
[1.010s] -- Installing: /home/jacobrod/worms_ws/install/ros_ign_gazebo_demos/share/ros_ign_gazebo_demos/launch
[1.011s] -- Installing: /home/jacobrod/worms_ws/install/ros_ign_gazebo_demos/share/ros_ign_gazebo_demos/launch/battery.launch.py
[1.011s] -- Installing: /home/jacobrod/worms_ws/install/ros_ign_gazebo_demos/share/ros_ign_gazebo_demos/launch/imu.launch.py
[1.011s] -- Installing: /home/jacobrod/worms_ws/install/ros_ign_gazebo_demos/share/ros_ign_gazebo_demos/launch/diff_drive.launch.py
[1.011s] -- Installing: /home/jacobrod/worms_ws/install/ros_ign_gazebo_demos/share/ros_ign_gazebo_demos/launch/triggered_camera.launch.py
[1.012s] -- Installing: /home/jacobrod/worms_ws/install/ros_ign_gazebo_demos/share/ros_ign_gazebo_demos/launch/robot_description_publisher.launch.py
[1.012s] -- Installing: /home/jacobrod/worms_ws/install/ros_ign_gazebo_demos/share/ros_ign_gazebo_demos/launch/air_pressure.launch.py
[1.012s] -- Installing: /home/jacobrod/worms_ws/install/ros_ign_gazebo_demos/share/ros_ign_gazebo_demos/launch/rgbd_camera_bridge.launch.py
[1.013s] -- Installing: /home/jacobrod/worms_ws/install/ros_ign_gazebo_demos/share/ros_ign_gazebo_demos/launch/gpu_lidar.launch.py
[1.013s] -- Installing: /home/jacobrod/worms_ws/install/ros_ign_gazebo_demos/share/ros_ign_gazebo_demos/launch/gpu_lidar_bridge.launch.py
[1.013s] -- Installing: /home/jacobrod/worms_ws/install/ros_ign_gazebo_demos/share/ros_ign_gazebo_demos/launch/joint_states.launch.py
[1.014s] -- Installing: /home/jacobrod/worms_ws/install/ros_ign_gazebo_demos/share/ros_ign_gazebo_demos/launch/camera.launch.py
[1.014s] -- Installing: /home/jacobrod/worms_ws/install/ros_ign_gazebo_demos/share/ros_ign_gazebo_demos/launch/depth_camera.launch.py
[1.014s] -- Installing: /home/jacobrod/worms_ws/install/ros_ign_gazebo_demos/share/ros_ign_gazebo_demos/launch/magnetometer.launch.py
[1.014s] -- Installing: /home/jacobrod/worms_ws/install/ros_ign_gazebo_demos/share/ros_ign_gazebo_demos/launch/tf_bridge.launch.py
[1.015s] -- Installing: /home/jacobrod/worms_ws/install/ros_ign_gazebo_demos/share/ros_ign_gazebo_demos/launch/rgbd_camera.launch.py
[1.015s] -- Installing: /home/jacobrod/worms_ws/install/ros_ign_gazebo_demos/share/ros_ign_gazebo_demos/launch/image_bridge.launch.py
[1.015s] -- Installing: /home/jacobrod/worms_ws/install/ros_ign_gazebo_demos/share/ament_index/resource_index/package_run_dependencies/ros_ign_gazebo_demos
[1.016s] -- Installing: /home/jacobrod/worms_ws/install/ros_ign_gazebo_demos/share/ament_index/resource_index/parent_prefix_path/ros_ign_gazebo_demos
[1.016s] -- Installing: /home/jacobrod/worms_ws/install/ros_ign_gazebo_demos/share/ros_ign_gazebo_demos/environment/ament_prefix_path.sh
[1.017s] -- Installing: /home/jacobrod/worms_ws/install/ros_ign_gazebo_demos/share/ros_ign_gazebo_demos/environment/ament_prefix_path.dsv
[1.017s] -- Installing: /home/jacobrod/worms_ws/install/ros_ign_gazebo_demos/share/ros_ign_gazebo_demos/environment/path.sh
[1.017s] -- Installing: /home/jacobrod/worms_ws/install/ros_ign_gazebo_demos/share/ros_ign_gazebo_demos/environment/path.dsv
[1.017s] -- Installing: /home/jacobrod/worms_ws/install/ros_ign_gazebo_demos/share/ros_ign_gazebo_demos/local_setup.bash
[1.017s] -- Installing: /home/jacobrod/worms_ws/install/ros_ign_gazebo_demos/share/ros_ign_gazebo_demos/local_setup.sh
[1.018s] -- Installing: /home/jacobrod/worms_ws/install/ros_ign_gazebo_demos/share/ros_ign_gazebo_demos/local_setup.zsh
[1.018s] -- Installing: /home/jacobrod/worms_ws/install/ros_ign_gazebo_demos/share/ros_ign_gazebo_demos/local_setup.dsv
[1.018s] -- Installing: /home/jacobrod/worms_ws/install/ros_ign_gazebo_demos/share/ros_ign_gazebo_demos/package.dsv
[1.018s] -- Installing: /home/jacobrod/worms_ws/install/ros_ign_gazebo_demos/share/ament_index/resource_index/packages/ros_ign_gazebo_demos
[1.019s] -- Installing: /home/jacobrod/worms_ws/install/ros_ign_gazebo_demos/share/ros_ign_gazebo_demos/cmake/ros_ign_gazebo_demosConfig.cmake
[1.019s] -- Installing: /home/jacobrod/worms_ws/install/ros_ign_gazebo_demos/share/ros_ign_gazebo_demos/cmake/ros_ign_gazebo_demosConfig-version.cmake
[1.019s] -- Installing: /home/jacobrod/worms_ws/install/ros_ign_gazebo_demos/share/ros_ign_gazebo_demos/package.xml
[1.023s] Invoked command in '/home/jacobrod/worms_ws/build/ros_ign_gazebo_demos' returned '0': AMENT_PREFIX_PATH=/home/jacobrod/worms_ws/install/ros_gz_sim:${AMENT_PREFIX_PATH} CMAKE_PREFIX_PATH=/home/jacobrod/worms_ws/install/ros_gz_sim_demos:/home/jacobrod/worms_ws/install/ros_gz_image:/home/jacobrod/worms_ws/install/sdformat_urdf:/home/jacobrod/worms_ws/install/ros_gz_bridge:/home/jacobrod/worms_ws/install/ros_gz_sim:/home/jacobrod/worms_ws/install/ros_gz_interfaces:/home/jacobrod/worms_ws/install/worms_gazebo:/home/jacobrod/worms_ws/install/worms_description:/home/jacobrod/worms_ws/install/ros_ign:/home/jacobrod/worms_ws/install/ros_ign_gazebo_demos:/home/jacobrod/worms_ws/install/ros_gz:/home/jacobrod/worms_ws/install/sdformat_test_files:/home/jacobrod/worms_ws/install/ros_ign_interfaces:/home/jacobrod/worms_ws/install/ros_ign_image:/home/jacobrod/worms_ws/install/ros_ign_gazebo:/home/jacobrod/worms_ws/install/ros_ign_bridge:/home/jacobrod/worms_ws/install/ros_gz_example_bringup:/home/jacobrod/worms_ws/install/ros_gz_example_gazebo:/home/jacobrod/worms_ws/install/ros_gz_example_description:/home/jacobrod/worms_ws/install/ros_gz_example_application:/home/jacobrod/worms_ws/install/core_bringup:/home/jacobrod/worms_ws/install/worms_mech:/opt/ros/humble LD_LIBRARY_PATH=/home/jacobrod/worms_ws/install/sdformat_urdf/lib:/home/jacobrod/worms_ws/install/ros_gz_bridge/lib:/home/jacobrod/worms_ws/install/ros_gz_sim/lib:/home/jacobrod/worms_ws/install/ros_gz_interfaces/lib:/home/jacobrod/worms_ws/install/ros_ign_interfaces/lib:/opt/ros/humble/opt/rviz_ogre_vendor/lib:/opt/ros/humble/lib/x86_64-linux-gnu:/opt/ros/humble/lib /usr/bin/cmake --install /home/jacobrod/worms_ws/build/ros_ign_gazebo_demos
