[0.121s] Invoking command in '/home/jacobrod/worms_ws/build/core_bringup': /usr/bin/cmake /home/jacobrod/worms_ws/src/core_bringup -DCMAKE_INSTALL_PREFIX=/home/jacobrod/worms_ws/install/core_bringup
[0.194s] -- Found ament_cmake: 1.3.5 (/opt/ros/humble/share/ament_cmake/cmake)
[0.442s] Traceback (most recent call last):
[0.442s]   File "/opt/ros/humble/share/ament_cmake_core/cmake/package_templates/templates_2_cmake.py", line 21, in <module>
[0.442s]     from ament_package.templates import get_environment_hook_template_path
[0.442s] ModuleNotFoundError: No module named 'ament_package'
[0.474s] [31mCMake Error at /opt/ros/humble/share/ament_cmake_core/cmake/ament_cmake_package_templates-extras.cmake:41 (message):
[0.475s]   execute_process(/usr/bin/python3.10
[0.477s]   /opt/ros/humble/share/ament_cmake_core/cmake/package_templates/templates_2_cmake.py
[0.479s]   /home/jacobrod/worms_ws/build/core_bringup/ament_cmake_package_templates/templates.cmake)
[0.482s]   returned error code 1
[0.483s] Call Stack (most recent call first):
[0.483s]   /opt/ros/humble/share/ament_cmake_core/cmake/ament_cmake_coreConfig.cmake:41 (include)
[0.484s]   /opt/ros/humble/share/ament_cmake/cmake/ament_cmake_export_dependencies-extras.cmake:15 (find_package)
[0.484s]   /opt/ros/humble/share/ament_cmake/cmake/ament_cmakeConfig.cmake:41 (include)
[0.485s]   CMakeLists.txt:5 (find_package)
[0.488s] 
[0.489s] [0m
[0.489s] -- Configuring incomplete, errors occurred!
[0.489s] See also "/home/jacobrod/worms_ws/build/core_bringup/CMakeFiles/CMakeOutput.log".
[0.498s] Invoked command in '/home/jacobrod/worms_ws/build/core_bringup' returned '1': /usr/bin/cmake /home/jacobrod/worms_ws/src/core_bringup -DCMAKE_INSTALL_PREFIX=/home/jacobrod/worms_ws/install/core_bringup
