[8.664s] Invoking command in '/home/worm7/worms_mech_ws/src/worms_mech': PYTHONPATH=/home/worm7/worms_mech_ws/install/worms_mech/lib/python3.10/site-packages:${PYTHONPATH} /usr/bin/python3 setup.py egg_info --egg-base ../../build/worms_mech build --build-base /home/worm7/worms_mech_ws/build/worms_mech/build install --prefix /home/worm7/worms_mech_ws/install/worms_mech --record /home/worm7/worms_mech_ws/build/worms_mech/install.log --single-version-externally-managed
[12.242s] running egg_info
[12.252s] writing ../../build/worms_mech/worms_mech.egg-info/PKG-INFO
[12.258s] writing dependency_links to ../../build/worms_mech/worms_mech.egg-info/dependency_links.txt
[12.261s] writing entry points to ../../build/worms_mech/worms_mech.egg-info/entry_points.txt
[12.266s] writing requirements to ../../build/worms_mech/worms_mech.egg-info/requires.txt
[12.269s] writing top-level names to ../../build/worms_mech/worms_mech.egg-info/top_level.txt
[12.301s] reading manifest file '../../build/worms_mech/worms_mech.egg-info/SOURCES.txt'
[12.322s] writing manifest file '../../build/worms_mech/worms_mech.egg-info/SOURCES.txt'
[12.323s] running build
[12.326s] running build_py
[12.327s] copying worms_mech/camera_scanner.py -> /home/worm7/worms_mech_ws/build/worms_mech/build/lib/worms_mech
[12.336s] running install
[12.339s] /usr/lib/python3/dist-packages/setuptools/command/install.py:34: SetuptoolsDeprecationWarning: setup.py install is deprecated. Use build and pip and other standards-based tools.
[12.340s]   warnings.warn(
[12.346s] running install_lib
[12.350s] copying /home/worm7/worms_mech_ws/build/worms_mech/build/lib/worms_mech/camera_scanner.py -> /home/worm7/worms_mech_ws/install/worms_mech/lib/python3.10/site-packages/worms_mech
[12.357s] byte-compiling /home/worm7/worms_mech_ws/install/worms_mech/lib/python3.10/site-packages/worms_mech/camera_scanner.py to camera_scanner.cpython-310.pyc
[12.367s] running install_data
[12.372s] running install_egg_info
[12.389s] removing '/home/worm7/worms_mech_ws/install/worms_mech/lib/python3.10/site-packages/worms_mech-0.0.0-py3.10.egg-info' (and everything under it)
[12.402s] Copying ../../build/worms_mech/worms_mech.egg-info to /home/worm7/worms_mech_ws/install/worms_mech/lib/python3.10/site-packages/worms_mech-0.0.0-py3.10.egg-info
[12.412s] running install_scripts
[12.603s] Installing camera_scanner script to /home/worm7/worms_mech_ws/install/worms_mech/lib/worms_mech
[12.605s] Installing controller_node script to /home/worm7/worms_mech_ws/install/worms_mech/lib/worms_mech
[12.609s] Installing gait_action_node script to /home/worm7/worms_mech_ws/install/worms_mech/lib/worms_mech
[12.612s] Installing gait_manager script to /home/worm7/worms_mech_ws/install/worms_mech/lib/worms_mech
[12.620s] Installing gait_parser script to /home/worm7/worms_mech_ws/install/worms_mech/lib/worms_mech
[12.621s] Installing hardware_interface script to /home/worm7/worms_mech_ws/install/worms_mech/lib/worms_mech
[12.632s] Installing joint_command_publisher script to /home/worm7/worms_mech_ws/install/worms_mech/lib/worms_mech
[12.634s] Installing joystick_control script to /home/worm7/worms_mech_ws/install/worms_mech/lib/worms_mech
[12.635s] Installing stand_node script to /home/worm7/worms_mech_ws/install/worms_mech/lib/worms_mech
[12.637s] Installing testbed_interface script to /home/worm7/worms_mech_ws/install/worms_mech/lib/worms_mech
[12.638s] writing list of installed files to '/home/worm7/worms_mech_ws/build/worms_mech/install.log'
[12.870s] Invoked command in '/home/worm7/worms_mech_ws/src/worms_mech' returned '0': PYTHONPATH=/home/worm7/worms_mech_ws/install/worms_mech/lib/python3.10/site-packages:${PYTHONPATH} /usr/bin/python3 setup.py egg_info --egg-base ../../build/worms_mech build --build-base /home/worm7/worms_mech_ws/build/worms_mech/build install --prefix /home/worm7/worms_mech_ws/install/worms_mech --record /home/worm7/worms_mech_ws/build/worms_mech/install.log --single-version-externally-managed
