[0.365s] Invoking command in '/home/jacobrod/worms_ws/build/core_bringup': CMAKE_PREFIX_PATH=${CMAKE_PREFIX_PATH}:/home/jacobrod/worms_ws/install/worms_mech:/opt/ros/humble /usr/bin/cmake --build /home/jacobrod/worms_ws/build/core_bringup -- -j8 -l8
[0.912s] Invoked command in '/home/jacobrod/worms_ws/build/core_bringup' returned '0': CMAKE_PREFIX_PATH=${CMAKE_PREFIX_PATH}:/home/jacobrod/worms_ws/install/worms_mech:/opt/ros/humble /usr/bin/cmake --build /home/jacobrod/worms_ws/build/core_bringup -- -j8 -l8
[0.962s] Invoking command in '/home/jacobrod/worms_ws/build/core_bringup': CMAKE_PREFIX_PATH=${CMAKE_PREFIX_PATH}:/home/jacobrod/worms_ws/install/worms_mech:/opt/ros/humble /usr/bin/cmake --install /home/jacobrod/worms_ws/build/core_bringup
[1.047s] -- Install configuration: ""
[1.047s] -- Up-to-date: /home/jacobrod/worms_ws/install/core_bringup/share/core_bringup/launch
[1.047s] -- Up-to-date: /home/jacobrod/worms_ws/install/core_bringup/share/core_bringup/launch/worms_gazebo.launch.py
[1.047s] -- Up-to-date: /home/jacobrod/worms_ws/install/core_bringup/share/core_bringup/launch/hound_gazebo.launch.py
[1.048s] -- Up-to-date: /home/jacobrod/worms_ws/install/core_bringup/share/core_bringup/launch/worms_hound_rviz.launch.py
[1.048s] -- Up-to-date: /home/jacobrod/worms_ws/install/core_bringup/share/core_bringup/launch/worms_setup.launch copy.py
[1.048s] -- Up-to-date: /home/jacobrod/worms_ws/install/core_bringup/share/core_bringup/launch/worms_hound_gazebo.launch.py
[1.049s] -- Up-to-date: /home/jacobrod/worms_ws/install/core_bringup/share/core_bringup/config
[1.049s] -- Up-to-date: /home/jacobrod/worms_ws/install/core_bringup/share/core_bringup/config/worms_bridge.yaml
[1.049s] -- Up-to-date: /home/jacobrod/worms_ws/install/core_bringup/share/core_bringup/config/worms.rviz
[1.049s] -- Up-to-date: /home/jacobrod/worms_ws/install/core_bringup/share/core_bringup/config/diff_drive.rviz
[1.050s] -- Up-to-date: /home/jacobrod/worms_ws/install/core_bringup/share/ament_index/resource_index/package_run_dependencies/core_bringup
[1.050s] -- Up-to-date: /home/jacobrod/worms_ws/install/core_bringup/share/ament_index/resource_index/parent_prefix_path/core_bringup
[1.050s] -- Up-to-date: /home/jacobrod/worms_ws/install/core_bringup/share/core_bringup/environment/ament_prefix_path.sh
[1.051s] -- Up-to-date: /home/jacobrod/worms_ws/install/core_bringup/share/core_bringup/environment/ament_prefix_path.dsv
[1.051s] -- Up-to-date: /home/jacobrod/worms_ws/install/core_bringup/share/core_bringup/environment/path.sh
[1.051s] -- Up-to-date: /home/jacobrod/worms_ws/install/core_bringup/share/core_bringup/environment/path.dsv
[1.051s] -- Up-to-date: /home/jacobrod/worms_ws/install/core_bringup/share/core_bringup/local_setup.bash
[1.052s] -- Up-to-date: /home/jacobrod/worms_ws/install/core_bringup/share/core_bringup/local_setup.sh
[1.052s] -- Up-to-date: /home/jacobrod/worms_ws/install/core_bringup/share/core_bringup/local_setup.zsh
[1.052s] -- Up-to-date: /home/jacobrod/worms_ws/install/core_bringup/share/core_bringup/local_setup.dsv
[1.052s] -- Installing: /home/jacobrod/worms_ws/install/core_bringup/share/core_bringup/package.dsv
[1.053s] -- Up-to-date: /home/jacobrod/worms_ws/install/core_bringup/share/ament_index/resource_index/packages/core_bringup
[1.053s] -- Up-to-date: /home/jacobrod/worms_ws/install/core_bringup/share/core_bringup/cmake/core_bringupConfig.cmake
[1.053s] -- Up-to-date: /home/jacobrod/worms_ws/install/core_bringup/share/core_bringup/cmake/core_bringupConfig-version.cmake
[1.054s] -- Up-to-date: /home/jacobrod/worms_ws/install/core_bringup/share/core_bringup/package.xml
[1.060s] Invoked command in '/home/jacobrod/worms_ws/build/core_bringup' returned '0': CMAKE_PREFIX_PATH=${CMAKE_PREFIX_PATH}:/home/jacobrod/worms_ws/install/worms_mech:/opt/ros/humble /usr/bin/cmake --install /home/jacobrod/worms_ws/build/core_bringup
