-- Found ament_cmake: 1.3.6 (/opt/ros/humble/share/ament_cmake/cmake)
-- Configuring done
-- Generating done
-- Build files have been written to: /home/jacobrod/worms_ws/build/ros_gz_example_application
-- Install configuration: ""
-- Up-to-date: /home/jacobrod/worms_ws/install/ros_gz_example_application/share/ament_index/resource_index/package_run_dependencies/ros_gz_example_application
-- Installing: /home/jacobrod/worms_ws/install/ros_gz_example_application/share/ament_index/resource_index/parent_prefix_path/ros_gz_example_application
-- Up-to-date: /home/jacobrod/worms_ws/install/ros_gz_example_application/share/ros_gz_example_application/environment/ament_prefix_path.sh
-- Installing: /home/jacobrod/worms_ws/install/ros_gz_example_application/share/ros_gz_example_application/environment/ament_prefix_path.dsv
-- Up-to-date: /home/jacobrod/worms_ws/install/ros_gz_example_application/share/ros_gz_example_application/environment/path.sh
-- Installing: /home/jacobrod/worms_ws/install/ros_gz_example_application/share/ros_gz_example_application/environment/path.dsv
-- Up-to-date: /home/jacobrod/worms_ws/install/ros_gz_example_application/share/ros_gz_example_application/local_setup.bash
-- Up-to-date: /home/jacobrod/worms_ws/install/ros_gz_example_application/share/ros_gz_example_application/local_setup.sh
-- Up-to-date: /home/jacobrod/worms_ws/install/ros_gz_example_application/share/ros_gz_example_application/local_setup.zsh
-- Installing: /home/jacobrod/worms_ws/install/ros_gz_example_application/share/ros_gz_example_application/local_setup.dsv
-- Installing: /home/jacobrod/worms_ws/install/ros_gz_example_application/share/ros_gz_example_application/package.dsv
-- Up-to-date: /home/jacobrod/worms_ws/install/ros_gz_example_application/share/ament_index/resource_index/packages/ros_gz_example_application
-- Up-to-date: /home/jacobrod/worms_ws/install/ros_gz_example_application/share/ros_gz_example_application/cmake/ros_gz_example_applicationConfig.cmake
-- Up-to-date: /home/jacobrod/worms_ws/install/ros_gz_example_application/share/ros_gz_example_application/cmake/ros_gz_example_applicationConfig-version.cmake
-- Up-to-date: /home/jacobrod/worms_ws/install/ros_gz_example_application/share/ros_gz_example_application/package.xml
