[0.304s] Invoking command in '/home/jacobrod/worms_ws/build/ros_gz_bridge': CMAKE_PREFIX_PATH=/home/jacobrod/worms_ws/install/ros_gz_interfaces:/home/jacobrod/worms_ws/install/worms_gazebo:/home/jacobrod/worms_ws/install/worms_description:/home/jacobrod/worms_ws/install/ros_ign:/home/jacobrod/worms_ws/install/ros_ign_gazebo_demos:/home/jacobrod/worms_ws/install/ros_gz:/home/jacobrod/worms_ws/install/ros_gz_sim_demos:/home/jacobrod/worms_ws/install/sdformat_urdf:/home/jacobrod/worms_ws/install/sdformat_test_files:/home/jacobrod/worms_ws/install/ros_ign_interfaces:/home/jacobrod/worms_ws/install/ros_ign_image:/home/jacobrod/worms_ws/install/ros_ign_gazebo:/home/jacobrod/worms_ws/install/ros_ign_bridge:/home/jacobrod/worms_ws/install/ros_gz_sim:/home/jacobrod/worms_ws/install/ros_gz_image:/home/jacobrod/worms_ws/install/ros_gz_bridge:/home/jacobrod/worms_ws/install/ros_gz_example_bringup:/home/jacobrod/worms_ws/install/ros_gz_example_gazebo:/home/jacobrod/worms_ws/install/ros_gz_example_description:/home/jacobrod/worms_ws/install/ros_gz_example_application:/home/jacobrod/worms_ws/install/core_bringup:/home/jacobrod/worms_ws/install/worms_mech:/opt/ros/humble LD_LIBRARY_PATH=/home/jacobrod/worms_ws/install/ros_gz_interfaces/lib:/home/jacobrod/worms_ws/install/sdformat_urdf/lib:/home/jacobrod/worms_ws/install/ros_ign_interfaces/lib:/home/jacobrod/worms_ws/install/ros_gz_sim/lib:/home/jacobrod/worms_ws/install/ros_gz_bridge/lib:/opt/ros/humble/opt/rviz_ogre_vendor/lib:/opt/ros/humble/lib/x86_64-linux-gnu:/opt/ros/humble/lib /usr/bin/cmake --build /home/jacobrod/worms_ws/build/ros_gz_bridge -- -j8 -l8
[0.373s] [35m[1mConsolidate compiler generated dependencies of target gtest_main[0m
[0.374s] [35m[1mConsolidate compiler generated dependencies of target bridge_node[0m
[0.378s] [35m[1mConsolidate compiler generated dependencies of target gtest[0m
[0.400s] [  2%] Built target gtest_main
[0.411s] [  5%] Built target gtest
[0.411s] [  6%] Built target bridge_node
[0.412s] [35m[1mConsolidate compiler generated dependencies of target ros_gz_bridge_lib[0m
[0.439s] [35m[1mConsolidate compiler generated dependencies of target test_rcl_interfaces[0m
[0.457s] [35m[1mConsolidate compiler generated dependencies of target test_utils[0m
[0.482s] [ 10%] Built target test_rcl_interfaces
[0.514s] [ 13%] Built target test_utils
[0.536s] [35m[1mConsolidate compiler generated dependencies of target test_gz_subscriber[0m
[0.538s] [35m[1mConsolidate compiler generated dependencies of target test_gz_publisher[0m
[0.539s] [35m[1mConsolidate compiler generated dependencies of target test_gz_server[0m
[0.546s] [35m[1mConsolidate compiler generated dependencies of target test_ros_subscriber[0m
[0.556s] [35m[1mConsolidate compiler generated dependencies of target test_ros_client[0m
[0.579s] [ 14%] [32mBuilding CXX object CMakeFiles/test_ros_publisher.dir/generated/test/ros_publisher.cpp.o[0m
[0.594s] [ 18%] Built target test_gz_subscriber
[0.602s] [ 19%] [32mBuilding CXX object CMakeFiles/test_ros_subscriber.dir/generated/test/actuator_msgs_subscriber.cpp.o[0m
[0.603s] [ 21%] Built target test_ros_client
[0.605s] [ 25%] Built target test_gz_publisher
[0.608s] [ 27%] Built target test_gz_server
[0.612s] [ 28%] [32mBuilding CXX object CMakeFiles/test_ros_subscriber.dir/generated/test/geometry_msgs_subscriber.cpp.o[0m
[0.624s] [ 29%] [32mBuilding CXX object CMakeFiles/test_ros_subscriber.dir/generated/test/rcl_interfaces_subscriber.cpp.o[0m
[0.626s] [ 31%] [32mBuilding CXX object CMakeFiles/test_ros_subscriber.dir/generated/test/rosgraph_msgs_subscriber.cpp.o[0m
[0.628s] [ 32%] [32mBuilding CXX object CMakeFiles/test_ros_subscriber.dir/generated/test/ros_gz_interfaces_subscriber.cpp.o[0m
[0.631s] [ 73%] Built target ros_gz_bridge_lib
[0.634s] [ 74%] [32mBuilding CXX object CMakeFiles/test_ros_subscriber.dir/generated/test/sensor_msgs_subscriber.cpp.o[0m
[0.697s] [35m[1mConsolidate compiler generated dependencies of target parameter_bridge[0m
[0.791s] [ 77%] Built target parameter_bridge
[0.843s] [ 78%] [32mBuilding CXX object CMakeFiles/test_ros_subscriber.dir/generated/test/std_msgs_subscriber.cpp.o[0m
[27.311s] [35m[1mConsolidate compiler generated dependencies of target static_bridge[0m
[27.351s] [ 80%] Built target static_bridge
[27.379s] [35m[1mConsolidate compiler generated dependencies of target bridge_types[0m
[27.408s] [ 82%] Built target bridge_types
[27.435s] [35m[1mConsolidate compiler generated dependencies of target test_ros_gz_interfaces[0m
[27.486s] [ 86%] Built target test_ros_gz_interfaces
[27.549s] [35m[1mConsolidate compiler generated dependencies of target ros_gz_bridge_bridge_config[0m
[27.601s] [ 88%] Built target ros_gz_bridge_bridge_config
[27.620s] [ 89%] [32mBuilding CXX object CMakeFiles/test_ros_subscriber.dir/generated/test/tf2_msgs_subscriber.cpp.o[0m
[27.651s] [ 90%] [32mBuilding CXX object CMakeFiles/test_ros_subscriber.dir/generated/test/trajectory_msgs_subscriber.cpp.o[0m
[28.490s] [ 91%] [32mBuilding CXX object CMakeFiles/test_ros_subscriber.dir/generated/test/vision_msgs_subscriber.cpp.o[0m
[61.040s] [ 93%] [32m[1mLinking CXX executable test_ros_publisher[0m
[63.826s] [ 94%] Built target test_ros_publisher
[87.026s] [ 95%] [32m[1mLinking CXX executable test_ros_subscriber[0m
[106.608s] [100%] Built target test_ros_subscriber
[106.621s] Invoked command in '/home/jacobrod/worms_ws/build/ros_gz_bridge' returned '0': CMAKE_PREFIX_PATH=/home/jacobrod/worms_ws/install/ros_gz_interfaces:/home/jacobrod/worms_ws/install/worms_gazebo:/home/jacobrod/worms_ws/install/worms_description:/home/jacobrod/worms_ws/install/ros_ign:/home/jacobrod/worms_ws/install/ros_ign_gazebo_demos:/home/jacobrod/worms_ws/install/ros_gz:/home/jacobrod/worms_ws/install/ros_gz_sim_demos:/home/jacobrod/worms_ws/install/sdformat_urdf:/home/jacobrod/worms_ws/install/sdformat_test_files:/home/jacobrod/worms_ws/install/ros_ign_interfaces:/home/jacobrod/worms_ws/install/ros_ign_image:/home/jacobrod/worms_ws/install/ros_ign_gazebo:/home/jacobrod/worms_ws/install/ros_ign_bridge:/home/jacobrod/worms_ws/install/ros_gz_sim:/home/jacobrod/worms_ws/install/ros_gz_image:/home/jacobrod/worms_ws/install/ros_gz_bridge:/home/jacobrod/worms_ws/install/ros_gz_example_bringup:/home/jacobrod/worms_ws/install/ros_gz_example_gazebo:/home/jacobrod/worms_ws/install/ros_gz_example_description:/home/jacobrod/worms_ws/install/ros_gz_example_application:/home/jacobrod/worms_ws/install/core_bringup:/home/jacobrod/worms_ws/install/worms_mech:/opt/ros/humble LD_LIBRARY_PATH=/home/jacobrod/worms_ws/install/ros_gz_interfaces/lib:/home/jacobrod/worms_ws/install/sdformat_urdf/lib:/home/jacobrod/worms_ws/install/ros_ign_interfaces/lib:/home/jacobrod/worms_ws/install/ros_gz_sim/lib:/home/jacobrod/worms_ws/install/ros_gz_bridge/lib:/opt/ros/humble/opt/rviz_ogre_vendor/lib:/opt/ros/humble/lib/x86_64-linux-gnu:/opt/ros/humble/lib /usr/bin/cmake --build /home/jacobrod/worms_ws/build/ros_gz_bridge -- -j8 -l8
[106.845s] Invoking command in '/home/jacobrod/worms_ws/build/ros_gz_bridge': CMAKE_PREFIX_PATH=/home/jacobrod/worms_ws/install/ros_gz_interfaces:/home/jacobrod/worms_ws/install/worms_gazebo:/home/jacobrod/worms_ws/install/worms_description:/home/jacobrod/worms_ws/install/ros_ign:/home/jacobrod/worms_ws/install/ros_ign_gazebo_demos:/home/jacobrod/worms_ws/install/ros_gz:/home/jacobrod/worms_ws/install/ros_gz_sim_demos:/home/jacobrod/worms_ws/install/sdformat_urdf:/home/jacobrod/worms_ws/install/sdformat_test_files:/home/jacobrod/worms_ws/install/ros_ign_interfaces:/home/jacobrod/worms_ws/install/ros_ign_image:/home/jacobrod/worms_ws/install/ros_ign_gazebo:/home/jacobrod/worms_ws/install/ros_ign_bridge:/home/jacobrod/worms_ws/install/ros_gz_sim:/home/jacobrod/worms_ws/install/ros_gz_image:/home/jacobrod/worms_ws/install/ros_gz_bridge:/home/jacobrod/worms_ws/install/ros_gz_example_bringup:/home/jacobrod/worms_ws/install/ros_gz_example_gazebo:/home/jacobrod/worms_ws/install/ros_gz_example_description:/home/jacobrod/worms_ws/install/ros_gz_example_application:/home/jacobrod/worms_ws/install/core_bringup:/home/jacobrod/worms_ws/install/worms_mech:/opt/ros/humble LD_LIBRARY_PATH=/home/jacobrod/worms_ws/install/ros_gz_interfaces/lib:/home/jacobrod/worms_ws/install/sdformat_urdf/lib:/home/jacobrod/worms_ws/install/ros_ign_interfaces/lib:/home/jacobrod/worms_ws/install/ros_gz_sim/lib:/home/jacobrod/worms_ws/install/ros_gz_bridge/lib:/opt/ros/humble/opt/rviz_ogre_vendor/lib:/opt/ros/humble/lib/x86_64-linux-gnu:/opt/ros/humble/lib /usr/bin/cmake --install /home/jacobrod/worms_ws/build/ros_gz_bridge
[106.852s] -- Install configuration: ""
[106.853s] -- Installing: /home/jacobrod/worms_ws/install/ros_gz_bridge/lib/ros_gz_bridge/bridge_node
[106.853s] -- Set runtime path of "/home/jacobrod/worms_ws/install/ros_gz_bridge/lib/ros_gz_bridge/bridge_node" to ""
[106.853s] -- Installing: /home/jacobrod/worms_ws/install/ros_gz_bridge/lib/libros_gz_bridge_lib.so
[107.072s] -- Set runtime path of "/home/jacobrod/worms_ws/install/ros_gz_bridge/lib/libros_gz_bridge_lib.so" to ""
[107.073s] -- Installing: /home/jacobrod/worms_ws/install/ros_gz_bridge/include
[107.073s] -- Installing: /home/jacobrod/worms_ws/install/ros_gz_bridge/include/ros_gz_bridge
[107.073s] -- Installing: /home/jacobrod/worms_ws/install/ros_gz_bridge/include/ros_gz_bridge/convert
[107.073s] -- Installing: /home/jacobrod/worms_ws/install/ros_gz_bridge/include/ros_gz_bridge/convert/std_msgs.hpp
[107.073s] -- Installing: /home/jacobrod/worms_ws/install/ros_gz_bridge/include/ros_gz_bridge/convert/nav_msgs.hpp
[107.073s] -- Installing: /home/jacobrod/worms_ws/install/ros_gz_bridge/include/ros_gz_bridge/convert/sensor_msgs.hpp
[107.073s] -- Installing: /home/jacobrod/worms_ws/install/ros_gz_bridge/include/ros_gz_bridge/convert/rosgraph_msgs.hpp
[107.074s] -- Installing: /home/jacobrod/worms_ws/install/ros_gz_bridge/include/ros_gz_bridge/convert/geometry_msgs.hpp
[107.074s] -- Installing: /home/jacobrod/worms_ws/install/ros_gz_bridge/include/ros_gz_bridge/convert/builtin_interfaces.hpp
[107.074s] -- Installing: /home/jacobrod/worms_ws/install/ros_gz_bridge/include/ros_gz_bridge/convert/ros_gz_interfaces.hpp
[107.074s] -- Installing: /home/jacobrod/worms_ws/install/ros_gz_bridge/include/ros_gz_bridge/convert/rcl_interfaces.hpp
[107.074s] -- Installing: /home/jacobrod/worms_ws/install/ros_gz_bridge/include/ros_gz_bridge/convert/tf2_msgs.hpp
[107.074s] -- Installing: /home/jacobrod/worms_ws/install/ros_gz_bridge/include/ros_gz_bridge/convert/trajectory_msgs.hpp
[107.074s] -- Installing: /home/jacobrod/worms_ws/install/ros_gz_bridge/include/ros_gz_bridge/convert/actuator_msgs.hpp
[107.075s] -- Installing: /home/jacobrod/worms_ws/install/ros_gz_bridge/include/ros_gz_bridge/convert/vision_msgs.hpp
[107.075s] -- Installing: /home/jacobrod/worms_ws/install/ros_gz_bridge/include/ros_gz_bridge/convert_decl.hpp
[107.075s] -- Installing: /home/jacobrod/worms_ws/install/ros_gz_bridge/include/ros_gz_bridge/ros_gz_bridge.hpp
[107.075s] -- Installing: /home/jacobrod/worms_ws/install/ros_gz_bridge/include/ros_gz_bridge/convert.hpp
[107.081s] -- Installing: /home/jacobrod/worms_ws/install/ros_gz_bridge/include/ros_gz_bridge/bridge_config.hpp
[107.081s] -- Installing: /home/jacobrod/worms_ws/install/ros_gz_bridge/share/ros_gz_bridge/environment/library_path.sh
[107.081s] -- Installing: /home/jacobrod/worms_ws/install/ros_gz_bridge/share/ros_gz_bridge/environment/library_path.dsv
[107.081s] -- Installing: /home/jacobrod/worms_ws/install/ros_gz_bridge/lib/ros_gz_bridge/parameter_bridge
[107.082s] -- Set runtime path of "/home/jacobrod/worms_ws/install/ros_gz_bridge/lib/ros_gz_bridge/parameter_bridge" to ""
[107.082s] -- Installing: /home/jacobrod/worms_ws/install/ros_gz_bridge/lib/ros_gz_bridge/static_bridge
[107.083s] -- Set runtime path of "/home/jacobrod/worms_ws/install/ros_gz_bridge/lib/ros_gz_bridge/static_bridge" to ""
[107.083s] -- Installing: /home/jacobrod/worms_ws/install/ros_gz_bridge/lib/ros_gz_bridge/bridge_types
[107.083s] -- Set runtime path of "/home/jacobrod/worms_ws/install/ros_gz_bridge/lib/ros_gz_bridge/bridge_types" to ""
[107.084s] -- Installing: /home/jacobrod/worms_ws/install/ros_gz_bridge/lib/ros_gz_bridge/test_ros_publisher
[107.099s] -- Set runtime path of "/home/jacobrod/worms_ws/install/ros_gz_bridge/lib/ros_gz_bridge/test_ros_publisher" to ""
[107.099s] -- Installing: /home/jacobrod/worms_ws/install/ros_gz_bridge/lib/ros_gz_bridge/test_ros_subscriber
[107.202s] -- Set runtime path of "/home/jacobrod/worms_ws/install/ros_gz_bridge/lib/ros_gz_bridge/test_ros_subscriber" to ""
[107.203s] -- Installing: /home/jacobrod/worms_ws/install/ros_gz_bridge/lib/ros_gz_bridge/test_gz_publisher
[107.205s] -- Set runtime path of "/home/jacobrod/worms_ws/install/ros_gz_bridge/lib/ros_gz_bridge/test_gz_publisher" to ""
[107.205s] -- Installing: /home/jacobrod/worms_ws/install/ros_gz_bridge/lib/ros_gz_bridge/test_gz_subscriber
[107.210s] -- Set runtime path of "/home/jacobrod/worms_ws/install/ros_gz_bridge/lib/ros_gz_bridge/test_gz_subscriber" to ""
[107.210s] -- Installing: /home/jacobrod/worms_ws/install/ros_gz_bridge/lib/ros_gz_bridge/test_gz_server
[107.211s] -- Set runtime path of "/home/jacobrod/worms_ws/install/ros_gz_bridge/lib/ros_gz_bridge/test_gz_server" to ""
[107.211s] -- Installing: /home/jacobrod/worms_ws/install/ros_gz_bridge/lib/ros_gz_bridge/test_ros_client
[107.213s] -- Set runtime path of "/home/jacobrod/worms_ws/install/ros_gz_bridge/lib/ros_gz_bridge/test_ros_client" to ""
[107.213s] -- Installing: /home/jacobrod/worms_ws/install/ros_gz_bridge/share/ament_index/resource_index/package_run_dependencies/ros_gz_bridge
[107.213s] -- Installing: /home/jacobrod/worms_ws/install/ros_gz_bridge/share/ament_index/resource_index/parent_prefix_path/ros_gz_bridge
[107.214s] -- Installing: /home/jacobrod/worms_ws/install/ros_gz_bridge/share/ros_gz_bridge/environment/ament_prefix_path.sh
[107.214s] -- Installing: /home/jacobrod/worms_ws/install/ros_gz_bridge/share/ros_gz_bridge/environment/ament_prefix_path.dsv
[107.214s] -- Installing: /home/jacobrod/worms_ws/install/ros_gz_bridge/share/ros_gz_bridge/environment/path.sh
[107.214s] -- Installing: /home/jacobrod/worms_ws/install/ros_gz_bridge/share/ros_gz_bridge/environment/path.dsv
[107.214s] -- Installing: /home/jacobrod/worms_ws/install/ros_gz_bridge/share/ros_gz_bridge/local_setup.bash
[107.214s] -- Installing: /home/jacobrod/worms_ws/install/ros_gz_bridge/share/ros_gz_bridge/local_setup.sh
[107.215s] -- Installing: /home/jacobrod/worms_ws/install/ros_gz_bridge/share/ros_gz_bridge/local_setup.zsh
[107.215s] -- Installing: /home/jacobrod/worms_ws/install/ros_gz_bridge/share/ros_gz_bridge/local_setup.dsv
[107.215s] -- Installing: /home/jacobrod/worms_ws/install/ros_gz_bridge/share/ros_gz_bridge/package.dsv
[107.215s] -- Installing: /home/jacobrod/worms_ws/install/ros_gz_bridge/share/ament_index/resource_index/packages/ros_gz_bridge
[107.215s] -- Installing: /home/jacobrod/worms_ws/install/ros_gz_bridge/share/ament_index/resource_index/rclcpp_components/ros_gz_bridge
[107.216s] -- Installing: /home/jacobrod/worms_ws/install/ros_gz_bridge/share/ros_gz_bridge/cmake/ament_cmake_export_include_directories-extras.cmake
[107.216s] -- Installing: /home/jacobrod/worms_ws/install/ros_gz_bridge/share/ros_gz_bridge/cmake/ament_cmake_export_libraries-extras.cmake
[107.216s] -- Installing: /home/jacobrod/worms_ws/install/ros_gz_bridge/share/ros_gz_bridge/cmake/ament_cmake_export_dependencies-extras.cmake
[107.216s] -- Installing: /home/jacobrod/worms_ws/install/ros_gz_bridge/share/ros_gz_bridge/cmake/ros_gz_bridgeConfig.cmake
[107.216s] -- Installing: /home/jacobrod/worms_ws/install/ros_gz_bridge/share/ros_gz_bridge/cmake/ros_gz_bridgeConfig-version.cmake
[107.217s] -- Installing: /home/jacobrod/worms_ws/install/ros_gz_bridge/share/ros_gz_bridge/package.xml
[107.219s] Invoked command in '/home/jacobrod/worms_ws/build/ros_gz_bridge' returned '0': CMAKE_PREFIX_PATH=/home/jacobrod/worms_ws/install/ros_gz_interfaces:/home/jacobrod/worms_ws/install/worms_gazebo:/home/jacobrod/worms_ws/install/worms_description:/home/jacobrod/worms_ws/install/ros_ign:/home/jacobrod/worms_ws/install/ros_ign_gazebo_demos:/home/jacobrod/worms_ws/install/ros_gz:/home/jacobrod/worms_ws/install/ros_gz_sim_demos:/home/jacobrod/worms_ws/install/sdformat_urdf:/home/jacobrod/worms_ws/install/sdformat_test_files:/home/jacobrod/worms_ws/install/ros_ign_interfaces:/home/jacobrod/worms_ws/install/ros_ign_image:/home/jacobrod/worms_ws/install/ros_ign_gazebo:/home/jacobrod/worms_ws/install/ros_ign_bridge:/home/jacobrod/worms_ws/install/ros_gz_sim:/home/jacobrod/worms_ws/install/ros_gz_image:/home/jacobrod/worms_ws/install/ros_gz_bridge:/home/jacobrod/worms_ws/install/ros_gz_example_bringup:/home/jacobrod/worms_ws/install/ros_gz_example_gazebo:/home/jacobrod/worms_ws/install/ros_gz_example_description:/home/jacobrod/worms_ws/install/ros_gz_example_application:/home/jacobrod/worms_ws/install/core_bringup:/home/jacobrod/worms_ws/install/worms_mech:/opt/ros/humble LD_LIBRARY_PATH=/home/jacobrod/worms_ws/install/ros_gz_interfaces/lib:/home/jacobrod/worms_ws/install/sdformat_urdf/lib:/home/jacobrod/worms_ws/install/ros_ign_interfaces/lib:/home/jacobrod/worms_ws/install/ros_gz_sim/lib:/home/jacobrod/worms_ws/install/ros_gz_bridge/lib:/opt/ros/humble/opt/rviz_ogre_vendor/lib:/opt/ros/humble/lib/x86_64-linux-gnu:/opt/ros/humble/lib /usr/bin/cmake --install /home/jacobrod/worms_ws/build/ros_gz_bridge
