[35m[1mConsolidate compiler generated dependencies of target BasicSystem[0m
[35m[1mConsolidate compiler generated dependencies of target FullSystem[0m
[ 50%] Built target BasicSystem
[100%] Built target FullSystem
-- Install configuration: ""
-- Up-to-date: /home/jacobrod/worms_ws/install/worms_gazebo/lib/worms_gazebo/libBasicSystem.so
-- Up-to-date: /home/jacobrod/worms_ws/install/worms_gazebo/lib/worms_gazebo/libFullSystem.so
-- Up-to-date: /home/jacobrod/worms_ws/install/worms_gazebo/share/worms_gazebo/worlds
-- Up-to-date: /home/jacobrod/worms_ws/install/worms_gazebo/share/worms_gazebo/worlds/model.config
-- Up-to-date: /home/jacobrod/worms_ws/install/worms_gazebo/share/worms_gazebo/worlds/model.sdf
-- Up-to-date: /home/jacobrod/worms_ws/install/worms_gazebo/share/worms_gazebo/worlds/worms.sdf
-- Up-to-date: /home/jacobrod/worms_ws/install/worms_gazebo/share/worms_gazebo/worlds/moon_dem.sdf
-- Up-to-date: /home/jacobrod/worms_ws/install/worms_gazebo/share/worms_gazebo/worlds/diff_drive.sdf
-- Up-to-date: /home/jacobrod/worms_ws/install/worms_gazebo/share/worms_gazebo/environment/worms_gazebo.dsv
-- Up-to-date: /home/jacobrod/worms_ws/install/worms_gazebo/share/worms_gazebo/environment/worms_gazebo.sh
-- Up-to-date: /home/jacobrod/worms_ws/install/worms_gazebo/share/ament_index/resource_index/package_run_dependencies/worms_gazebo
-- Up-to-date: /home/jacobrod/worms_ws/install/worms_gazebo/share/ament_index/resource_index/parent_prefix_path/worms_gazebo
-- Up-to-date: /home/jacobrod/worms_ws/install/worms_gazebo/share/worms_gazebo/environment/ament_prefix_path.sh
-- Up-to-date: /home/jacobrod/worms_ws/install/worms_gazebo/share/worms_gazebo/environment/ament_prefix_path.dsv
-- Up-to-date: /home/jacobrod/worms_ws/install/worms_gazebo/share/worms_gazebo/environment/path.sh
-- Up-to-date: /home/jacobrod/worms_ws/install/worms_gazebo/share/worms_gazebo/environment/path.dsv
-- Up-to-date: /home/jacobrod/worms_ws/install/worms_gazebo/share/worms_gazebo/local_setup.bash
-- Up-to-date: /home/jacobrod/worms_ws/install/worms_gazebo/share/worms_gazebo/local_setup.sh
-- Up-to-date: /home/jacobrod/worms_ws/install/worms_gazebo/share/worms_gazebo/local_setup.zsh
-- Up-to-date: /home/jacobrod/worms_ws/install/worms_gazebo/share/worms_gazebo/local_setup.dsv
-- Installing: /home/jacobrod/worms_ws/install/worms_gazebo/share/worms_gazebo/package.dsv
-- Up-to-date: /home/jacobrod/worms_ws/install/worms_gazebo/share/ament_index/resource_index/packages/worms_gazebo
-- Up-to-date: /home/jacobrod/worms_ws/install/worms_gazebo/share/worms_gazebo/cmake/worms_gazeboConfig.cmake
-- Up-to-date: /home/jacobrod/worms_ws/install/worms_gazebo/share/worms_gazebo/cmake/worms_gazeboConfig-version.cmake
-- Up-to-date: /home/jacobrod/worms_ws/install/worms_gazebo/share/worms_gazebo/package.xml
