[2.507s] Invoking command in '/home/raspi2/worms_mech_ws/src/worms_mech': PYTHONPATH=/home/raspi2/worms_mech_ws/install/worms_mech/lib/python3.10/site-packages:${PYTHONPATH} /usr/bin/python3 setup.py egg_info --egg-base ../../build/worms_mech build --build-base /home/raspi2/worms_mech_ws/build/worms_mech/build install --prefix /home/raspi2/worms_mech_ws/install/worms_mech --record /home/raspi2/worms_mech_ws/build/worms_mech/install.log --single-version-externally-managed
[3.522s] running egg_info
[3.524s] writing ../../build/worms_mech/worms_mech.egg-info/PKG-INFO
[3.525s] writing dependency_links to ../../build/worms_mech/worms_mech.egg-info/dependency_links.txt
[3.526s] writing entry points to ../../build/worms_mech/worms_mech.egg-info/entry_points.txt
[3.528s] writing requirements to ../../build/worms_mech/worms_mech.egg-info/requires.txt
[3.528s] writing top-level names to ../../build/worms_mech/worms_mech.egg-info/top_level.txt
[3.537s] reading manifest file '../../build/worms_mech/worms_mech.egg-info/SOURCES.txt'
[3.541s] writing manifest file '../../build/worms_mech/worms_mech.egg-info/SOURCES.txt'
[3.541s] running build
[3.542s] running build_py
[3.544s] running install
[3.545s] /usr/lib/python3/dist-packages/setuptools/command/install.py:34: SetuptoolsDeprecationWarning: setup.py install is deprecated. Use build and pip and other standards-based tools.
[3.545s]   warnings.warn(
[3.546s] running install_lib
[3.553s] running install_data
[3.555s] running install_egg_info
[3.561s] removing '/home/raspi2/worms_mech_ws/install/worms_mech/lib/python3.10/site-packages/worms_mech-0.0.0-py3.10.egg-info' (and everything under it)
[3.563s] Copying ../../build/worms_mech/worms_mech.egg-info to /home/raspi2/worms_mech_ws/install/worms_mech/lib/python3.10/site-packages/worms_mech-0.0.0-py3.10.egg-info
[3.568s] running install_scripts
[3.646s] Installing controller_node script to /home/raspi2/worms_mech_ws/install/worms_mech/lib/worms_mech
[3.646s] Installing gait_parser script to /home/raspi2/worms_mech_ws/install/worms_mech/lib/worms_mech
[3.647s] Installing hardware_interface script to /home/raspi2/worms_mech_ws/install/worms_mech/lib/worms_mech
[3.648s] Installing joint_command_publisher script to /home/raspi2/worms_mech_ws/install/worms_mech/lib/worms_mech
[3.648s] Installing joystick_control script to /home/raspi2/worms_mech_ws/install/worms_mech/lib/worms_mech
[3.649s] Installing testbed_interface script to /home/raspi2/worms_mech_ws/install/worms_mech/lib/worms_mech
[3.651s] writing list of installed files to '/home/raspi2/worms_mech_ws/build/worms_mech/install.log'
[3.768s] Invoked command in '/home/raspi2/worms_mech_ws/src/worms_mech' returned '0': PYTHONPATH=/home/raspi2/worms_mech_ws/install/worms_mech/lib/python3.10/site-packages:${PYTHONPATH} /usr/bin/python3 setup.py egg_info --egg-base ../../build/worms_mech build --build-base /home/raspi2/worms_mech_ws/build/worms_mech/build install --prefix /home/raspi2/worms_mech_ws/install/worms_mech --record /home/raspi2/worms_mech_ws/build/worms_mech/install.log --single-version-externally-managed
