[0.083s] Invoking command in '/home/worm6/worms_mech_ws/build/image_tools': CMAKE_PREFIX_PATH=${CMAKE_PREFIX_PATH}:/home/worm6/worms_mech_ws/install/worms_mech:/opt/ros/humble /usr/bin/cmake --build /home/worm6/worms_mech_ws/build/image_tools -- -j4 -l4
[0.272s] [35m[1mConsolidate compiler generated dependencies of target cam2image[0m
[0.273s] [35m[1mConsolidate compiler generated dependencies of target showimage[0m
[0.276s] [35m[1mConsolidate compiler generated dependencies of target image_tools[0m
[0.364s] [ 22%] Built target cam2image
[0.372s] [ 44%] Built target showimage
[0.408s] [100%] Built target image_tools
[0.450s] Invoked command in '/home/worm6/worms_mech_ws/build/image_tools' returned '0': CMAKE_PREFIX_PATH=${CMAKE_PREFIX_PATH}:/home/worm6/worms_mech_ws/install/worms_mech:/opt/ros/humble /usr/bin/cmake --build /home/worm6/worms_mech_ws/build/image_tools -- -j4 -l4
[0.687s] Invoking command in '/home/worm6/worms_mech_ws/build/image_tools': CMAKE_PREFIX_PATH=${CMAKE_PREFIX_PATH}:/home/worm6/worms_mech_ws/install/worms_mech:/opt/ros/humble /usr/bin/cmake --install /home/worm6/worms_mech_ws/build/image_tools
[0.720s] -- Install configuration: ""
[0.722s] -- Up-to-date: /home/worm6/worms_mech_ws/install/image_tools/lib/image_tools/cam2image
[0.725s] -- Up-to-date: /home/worm6/worms_mech_ws/install/image_tools/lib/image_tools/showimage
[0.728s] -- Up-to-date: /home/worm6/worms_mech_ws/install/image_tools/lib/libimage_tools.so
[0.729s] -- Up-to-date: /home/worm6/worms_mech_ws/install/image_tools/include/image_tools
[0.730s] -- Up-to-date: /home/worm6/worms_mech_ws/install/image_tools/include/image_tools/image_tools
[0.731s] -- Up-to-date: /home/worm6/worms_mech_ws/install/image_tools/include/image_tools/image_tools/cv_mat_sensor_msgs_image_type_adapter.hpp
[0.731s] -- Up-to-date: /home/worm6/worms_mech_ws/install/image_tools/include/image_tools/image_tools/visibility_control.h
[0.732s] -- Up-to-date: /home/worm6/worms_mech_ws/install/image_tools/share/image_tools/environment/library_path.sh
[0.732s] -- Up-to-date: /home/worm6/worms_mech_ws/install/image_tools/share/image_tools/environment/library_path.dsv
[0.733s] -- Up-to-date: /home/worm6/worms_mech_ws/install/image_tools/share/ament_index/resource_index/package_run_dependencies/image_tools
[0.734s] -- Up-to-date: /home/worm6/worms_mech_ws/install/image_tools/share/ament_index/resource_index/parent_prefix_path/image_tools
[0.735s] -- Up-to-date: /home/worm6/worms_mech_ws/install/image_tools/share/image_tools/environment/ament_prefix_path.sh
[0.736s] -- Up-to-date: /home/worm6/worms_mech_ws/install/image_tools/share/image_tools/environment/ament_prefix_path.dsv
[0.736s] -- Up-to-date: /home/worm6/worms_mech_ws/install/image_tools/share/image_tools/environment/path.sh
[0.737s] -- Up-to-date: /home/worm6/worms_mech_ws/install/image_tools/share/image_tools/environment/path.dsv
[0.737s] -- Up-to-date: /home/worm6/worms_mech_ws/install/image_tools/share/image_tools/local_setup.bash
[0.738s] -- Up-to-date: /home/worm6/worms_mech_ws/install/image_tools/share/image_tools/local_setup.sh
[0.738s] -- Up-to-date: /home/worm6/worms_mech_ws/install/image_tools/share/image_tools/local_setup.zsh
[0.739s] -- Up-to-date: /home/worm6/worms_mech_ws/install/image_tools/share/image_tools/local_setup.dsv
[0.740s] -- Installing: /home/worm6/worms_mech_ws/install/image_tools/share/image_tools/package.dsv
[0.740s] -- Up-to-date: /home/worm6/worms_mech_ws/install/image_tools/share/ament_index/resource_index/packages/image_tools
[0.741s] -- Up-to-date: /home/worm6/worms_mech_ws/install/image_tools/share/ament_index/resource_index/rclcpp_components/image_tools
[0.741s] -- Up-to-date: /home/worm6/worms_mech_ws/install/image_tools/share/image_tools/cmake/image_toolsExport.cmake
[0.742s] -- Up-to-date: /home/worm6/worms_mech_ws/install/image_tools/share/image_tools/cmake/image_toolsExport-noconfig.cmake
[0.743s] -- Up-to-date: /home/worm6/worms_mech_ws/install/image_tools/share/image_tools/cmake/ament_cmake_export_libraries-extras.cmake
[0.743s] -- Up-to-date: /home/worm6/worms_mech_ws/install/image_tools/share/image_tools/cmake/ament_cmake_export_targets-extras.cmake
[0.744s] -- Up-to-date: /home/worm6/worms_mech_ws/install/image_tools/share/image_tools/cmake/ament_cmake_export_dependencies-extras.cmake
[0.745s] -- Up-to-date: /home/worm6/worms_mech_ws/install/image_tools/share/image_tools/cmake/image_toolsConfig.cmake
[0.745s] -- Up-to-date: /home/worm6/worms_mech_ws/install/image_tools/share/image_tools/cmake/image_toolsConfig-version.cmake
[0.746s] -- Up-to-date: /home/worm6/worms_mech_ws/install/image_tools/share/image_tools/package.xml
[0.750s] Invoked command in '/home/worm6/worms_mech_ws/build/image_tools' returned '0': CMAKE_PREFIX_PATH=${CMAKE_PREFIX_PATH}:/home/worm6/worms_mech_ws/install/worms_mech:/opt/ros/humble /usr/bin/cmake --install /home/worm6/worms_mech_ws/build/image_tools
