[0.328s] Invoking command in '/home/oligo/worms_mech_ws/src/worms_mech': PYTHONPATH=/home/oligo/worms_mech_ws/build/worms_mech/prefix_override:/home/oligo/worms_mech_ws/install/worms_mech/lib/python3.10/site-packages: /usr/bin/python3 setup.py egg_info --egg-base ../../build/worms_mech build --build-base /home/oligo/worms_mech_ws/build/worms_mech/build install --record /home/oligo/worms_mech_ws/build/worms_mech/install.log --single-version-externally-managed
[0.423s] running egg_info
[0.423s] writing ../../build/worms_mech/worms_mech.egg-info/PKG-INFO
[0.423s] writing dependency_links to ../../build/worms_mech/worms_mech.egg-info/dependency_links.txt
[0.424s] writing entry points to ../../build/worms_mech/worms_mech.egg-info/entry_points.txt
[0.424s] writing requirements to ../../build/worms_mech/worms_mech.egg-info/requires.txt
[0.424s] writing top-level names to ../../build/worms_mech/worms_mech.egg-info/top_level.txt
[0.425s] reading manifest file '../../build/worms_mech/worms_mech.egg-info/SOURCES.txt'
[0.426s] writing manifest file '../../build/worms_mech/worms_mech.egg-info/SOURCES.txt'
[0.426s] running build
[0.426s] running build_py
[0.427s] copying worms_mech/simple_hardware_interface.py -> /home/oligo/worms_mech_ws/build/worms_mech/build/lib/worms_mech
[0.427s] copying worms_mech/hardware_interface.py -> /home/oligo/worms_mech_ws/build/worms_mech/build/lib/worms_mech
[0.427s] copying worms_mech/gait_parser_actions.py -> /home/oligo/worms_mech_ws/build/worms_mech/build/lib/worms_mech
[0.427s] copying worms_mech/gait_action_node.py -> /home/oligo/worms_mech_ws/build/worms_mech/build/lib/worms_mech
[0.428s] copying worms_mech/gait_manager.py -> /home/oligo/worms_mech_ws/build/worms_mech/build/lib/worms_mech
[0.428s] running install
[0.429s] /usr/lib/python3/dist-packages/setuptools/command/install.py:34: SetuptoolsDeprecationWarning: setup.py install is deprecated. Use build and pip and other standards-based tools.
[0.429s]   warnings.warn(
[0.429s] running install_lib
[0.429s] copying /home/oligo/worms_mech_ws/build/worms_mech/build/lib/worms_mech/simple_hardware_interface.py -> /home/oligo/worms_mech_ws/install/worms_mech/lib/python3.10/site-packages/worms_mech
[0.429s] copying /home/oligo/worms_mech_ws/build/worms_mech/build/lib/worms_mech/hardware_interface.py -> /home/oligo/worms_mech_ws/install/worms_mech/lib/python3.10/site-packages/worms_mech
[0.429s] copying /home/oligo/worms_mech_ws/build/worms_mech/build/lib/worms_mech/gait_parser_actions.py -> /home/oligo/worms_mech_ws/install/worms_mech/lib/python3.10/site-packages/worms_mech
[0.430s] copying /home/oligo/worms_mech_ws/build/worms_mech/build/lib/worms_mech/gait_action_node.py -> /home/oligo/worms_mech_ws/install/worms_mech/lib/python3.10/site-packages/worms_mech
[0.430s] copying /home/oligo/worms_mech_ws/build/worms_mech/build/lib/worms_mech/gait_manager.py -> /home/oligo/worms_mech_ws/install/worms_mech/lib/python3.10/site-packages/worms_mech
[0.430s] byte-compiling /home/oligo/worms_mech_ws/install/worms_mech/lib/python3.10/site-packages/worms_mech/simple_hardware_interface.py to simple_hardware_interface.cpython-310.pyc
[0.431s] byte-compiling /home/oligo/worms_mech_ws/install/worms_mech/lib/python3.10/site-packages/worms_mech/hardware_interface.py to hardware_interface.cpython-310.pyc
[0.433s] byte-compiling /home/oligo/worms_mech_ws/install/worms_mech/lib/python3.10/site-packages/worms_mech/gait_parser_actions.py to gait_parser_actions.cpython-310.pyc
[0.433s] byte-compiling /home/oligo/worms_mech_ws/install/worms_mech/lib/python3.10/site-packages/worms_mech/gait_action_node.py to gait_action_node.cpython-310.pyc
[0.433s] byte-compiling /home/oligo/worms_mech_ws/install/worms_mech/lib/python3.10/site-packages/worms_mech/gait_manager.py to gait_manager.cpython-310.pyc
[0.433s] running install_data
[0.434s] copying package.xml -> /home/oligo/worms_mech_ws/install/worms_mech/share/worms_mech
[0.434s] running install_egg_info
[0.435s] removing '/home/oligo/worms_mech_ws/install/worms_mech/lib/python3.10/site-packages/worms_mech-0.0.0-py3.10.egg-info' (and everything under it)
[0.435s] Copying ../../build/worms_mech/worms_mech.egg-info to /home/oligo/worms_mech_ws/install/worms_mech/lib/python3.10/site-packages/worms_mech-0.0.0-py3.10.egg-info
[0.436s] running install_scripts
[0.448s] Installing camera_scanner script to /home/oligo/worms_mech_ws/install/worms_mech/lib/worms_mech
[0.448s] Installing controller_node script to /home/oligo/worms_mech_ws/install/worms_mech/lib/worms_mech
[0.448s] Installing gait_action_node script to /home/oligo/worms_mech_ws/install/worms_mech/lib/worms_mech
[0.448s] Installing gait_manager script to /home/oligo/worms_mech_ws/install/worms_mech/lib/worms_mech
[0.448s] Installing gait_parser script to /home/oligo/worms_mech_ws/install/worms_mech/lib/worms_mech
[0.448s] Installing hardware_interface script to /home/oligo/worms_mech_ws/install/worms_mech/lib/worms_mech
[0.448s] Installing joint_command_publisher script to /home/oligo/worms_mech_ws/install/worms_mech/lib/worms_mech
[0.448s] Installing joystick_control script to /home/oligo/worms_mech_ws/install/worms_mech/lib/worms_mech
[0.448s] Installing simpele_hardware_interface script to /home/oligo/worms_mech_ws/install/worms_mech/lib/worms_mech
[0.448s] Installing stand_node script to /home/oligo/worms_mech_ws/install/worms_mech/lib/worms_mech
[0.448s] Installing testbed_interface script to /home/oligo/worms_mech_ws/install/worms_mech/lib/worms_mech
[0.448s] writing list of installed files to '/home/oligo/worms_mech_ws/build/worms_mech/install.log'
[0.463s] Invoked command in '/home/oligo/worms_mech_ws/src/worms_mech' returned '0': PYTHONPATH=/home/oligo/worms_mech_ws/build/worms_mech/prefix_override:/home/oligo/worms_mech_ws/install/worms_mech/lib/python3.10/site-packages: /usr/bin/python3 setup.py egg_info --egg-base ../../build/worms_mech build --build-base /home/oligo/worms_mech_ws/build/worms_mech/build install --record /home/oligo/worms_mech_ws/build/worms_mech/install.log --single-version-externally-managed
