[2.185s] Invoking command in '/home/worm3/worms_mech_ws/src/worms_mech': PYTHONPATH=/home/worm3/worms_mech_ws/build/worms_mech/prefix_override:/home/worm3/worms_mech_ws/install/worms_mech/lib/python3.10/site-packages: /usr/bin/python3 setup.py egg_info --egg-base ../../build/worms_mech build --build-base /home/worm3/worms_mech_ws/build/worms_mech/build install --record /home/worm3/worms_mech_ws/build/worms_mech/install.log --single-version-externally-managed
[2.944s] running egg_info
[2.946s] writing ../../build/worms_mech/worms_mech.egg-info/PKG-INFO
[2.947s] writing dependency_links to ../../build/worms_mech/worms_mech.egg-info/dependency_links.txt
[2.948s] writing entry points to ../../build/worms_mech/worms_mech.egg-info/entry_points.txt
[2.949s] writing requirements to ../../build/worms_mech/worms_mech.egg-info/requires.txt
[2.950s] writing top-level names to ../../build/worms_mech/worms_mech.egg-info/top_level.txt
[2.957s] reading manifest file '../../build/worms_mech/worms_mech.egg-info/SOURCES.txt'
[2.962s] writing manifest file '../../build/worms_mech/worms_mech.egg-info/SOURCES.txt'
[2.962s] running build
[2.963s] running build_py
[2.968s] running install
[2.968s] /usr/lib/python3/dist-packages/setuptools/command/install.py:34: SetuptoolsDeprecationWarning: setup.py install is deprecated. Use build and pip and other standards-based tools.
[2.969s]   warnings.warn(
[2.969s] running install_lib
[2.979s] running install_data
[2.981s] running install_egg_info
[2.987s] removing '/home/worm3/worms_mech_ws/install/worms_mech/lib/python3.10/site-packages/worms_mech-0.0.0-py3.10.egg-info' (and everything under it)
[2.988s] Copying ../../build/worms_mech/worms_mech.egg-info to /home/worm3/worms_mech_ws/install/worms_mech/lib/python3.10/site-packages/worms_mech-0.0.0-py3.10.egg-info
[2.993s] running install_scripts
[3.068s] Installing camera_scanner script to /home/worm3/worms_mech_ws/install/worms_mech/lib/worms_mech
[3.069s] Installing controller_node script to /home/worm3/worms_mech_ws/install/worms_mech/lib/worms_mech
[3.069s] Installing gait_action_node script to /home/worm3/worms_mech_ws/install/worms_mech/lib/worms_mech
[3.070s] Installing gait_manager script to /home/worm3/worms_mech_ws/install/worms_mech/lib/worms_mech
[3.071s] Installing gait_parser script to /home/worm3/worms_mech_ws/install/worms_mech/lib/worms_mech
[3.072s] Installing hardware_interface script to /home/worm3/worms_mech_ws/install/worms_mech/lib/worms_mech
[3.073s] Installing joint_command_publisher script to /home/worm3/worms_mech_ws/install/worms_mech/lib/worms_mech
[3.074s] Installing joystick_control script to /home/worm3/worms_mech_ws/install/worms_mech/lib/worms_mech
[3.075s] Installing simple_hardware_interface script to /home/worm3/worms_mech_ws/install/worms_mech/lib/worms_mech
[3.075s] Installing stand_node script to /home/worm3/worms_mech_ws/install/worms_mech/lib/worms_mech
[3.076s] Installing testbed_interface script to /home/worm3/worms_mech_ws/install/worms_mech/lib/worms_mech
[3.079s] writing list of installed files to '/home/worm3/worms_mech_ws/build/worms_mech/install.log'
[3.187s] Invoked command in '/home/worm3/worms_mech_ws/src/worms_mech' returned '0': PYTHONPATH=/home/worm3/worms_mech_ws/build/worms_mech/prefix_override:/home/worm3/worms_mech_ws/install/worms_mech/lib/python3.10/site-packages: /usr/bin/python3 setup.py egg_info --egg-base ../../build/worms_mech build --build-base /home/worm3/worms_mech_ws/build/worms_mech/build install --record /home/worm3/worms_mech_ws/build/worms_mech/install.log --single-version-externally-managed
