[0.612s] Invoking command in '/home/jacobrod/worms_ws/build/sdformat_urdf': CMAKE_PREFIX_PATH=/home/jacobrod/worms_ws/install/sdformat_test_files:/home/jacobrod/worms_ws/install/worms_gazebo:/home/jacobrod/worms_ws/install/worms_description:/home/jacobrod/worms_ws/install/ros_ign:/home/jacobrod/worms_ws/install/ros_ign_gazebo_demos:/home/jacobrod/worms_ws/install/ros_gz:/home/jacobrod/worms_ws/install/ros_gz_sim_demos:/home/jacobrod/worms_ws/install/sdformat_urdf:/home/jacobrod/worms_ws/install/ros_ign_interfaces:/home/jacobrod/worms_ws/install/ros_ign_image:/home/jacobrod/worms_ws/install/ros_ign_gazebo:/home/jacobrod/worms_ws/install/ros_ign_bridge:/home/jacobrod/worms_ws/install/ros_gz_sim:/home/jacobrod/worms_ws/install/ros_gz_image:/home/jacobrod/worms_ws/install/ros_gz_bridge:/home/jacobrod/worms_ws/install/ros_gz_interfaces:/home/jacobrod/worms_ws/install/ros_gz_example_bringup:/home/jacobrod/worms_ws/install/ros_gz_example_gazebo:/home/jacobrod/worms_ws/install/ros_gz_example_description:/home/jacobrod/worms_ws/install/ros_gz_example_application:/home/jacobrod/worms_ws/install/core_bringup:/home/jacobrod/worms_ws/install/worms_mech:/opt/ros/humble /usr/bin/cmake /home/jacobrod/worms_ws/src/sdformat_urdf/sdformat_urdf -DCMAKE_INSTALL_PREFIX=/home/jacobrod/worms_ws/install/sdformat_urdf
[0.630s] -- Found ament_cmake_ros: 0.10.0 (/opt/ros/humble/share/ament_cmake_ros/cmake)
[0.898s] -- Found pluginlib: 5.1.0 (/opt/ros/humble/share/pluginlib/cmake)
[0.962s] -- Found urdf_parser_plugin: 2.6.0 (/opt/ros/humble/share/urdf_parser_plugin/cmake)
[0.965s] -- Found TinyXML2 via Config file: TinyXML2_DIR-NOTFOUND
[0.965s] -- Looking for sdformat13 -- found version 13.6.0
[0.974s] -- Searching for dependencies of sdformat13
[0.983s] -- Looking for gz-math7 -- found version 7.3.0
[0.984s] -- Searching for dependencies of gz-math7
[0.985s] -- Looking for gz-utils2 -- found version 2.2.0
[0.985s] -- Searching for dependencies of gz-utils2
[0.988s] -- Looking for gz-utils2 -- found version 2.2.0
[0.988s] -- Searching for dependencies of gz-utils2
[0.989s] -- Searching for <gz-utils2> component [cli]
[0.989s] -- Looking for gz-utils2-cli -- found version 2.2.0
[0.990s] -- Searching for dependencies of gz-utils2-cli
[0.992s] -- Compiling against Gazebo Garden (libSDFormat 13)
[0.995s] -- Found ament_lint_auto: 0.12.9 (/opt/ros/humble/share/ament_lint_auto/cmake)
[1.120s] -- Found gtest sources under '/opt/ros/humble/src/gtest_vendor': C++ tests using 'Google Test' will be built
[1.148s] -- Added test 'copyright' to check source files copyright and LICENSE
[1.151s] -- Added test 'cppcheck' to perform static code analysis on C / C++ code
[1.152s] -- Configured cppcheck include dirs: $<BUILD_INTERFACE:/home/jacobrod/worms_ws/src/sdformat_urdf/sdformat_urdf/include>;/home/jacobrod/worms_ws/src/sdformat_urdf/sdformat_urdf/test/include
[1.152s] -- Configured cppcheck exclude dirs and/or files: 
[1.154s] -- Added test 'cpplint' to check C / C++ code against the Google style
[1.154s] -- Configured cpplint exclude dirs and/or files: 
[1.156s] -- Added test 'lint_cmake' to check CMake code style
[1.159s] -- Added test 'uncrustify' to check C / C++ code style
[1.160s] -- Configured uncrustify additional arguments: 
[1.160s] -- Added test 'xmllint' to check XML markup files
[1.162s] -- Configuring done
[1.190s] -- Generating done
[1.196s] -- Build files have been written to: /home/jacobrod/worms_ws/build/sdformat_urdf
[1.763s] Invoked command in '/home/jacobrod/worms_ws/build/sdformat_urdf' returned '0': CMAKE_PREFIX_PATH=/home/jacobrod/worms_ws/install/sdformat_test_files:/home/jacobrod/worms_ws/install/worms_gazebo:/home/jacobrod/worms_ws/install/worms_description:/home/jacobrod/worms_ws/install/ros_ign:/home/jacobrod/worms_ws/install/ros_ign_gazebo_demos:/home/jacobrod/worms_ws/install/ros_gz:/home/jacobrod/worms_ws/install/ros_gz_sim_demos:/home/jacobrod/worms_ws/install/sdformat_urdf:/home/jacobrod/worms_ws/install/ros_ign_interfaces:/home/jacobrod/worms_ws/install/ros_ign_image:/home/jacobrod/worms_ws/install/ros_ign_gazebo:/home/jacobrod/worms_ws/install/ros_ign_bridge:/home/jacobrod/worms_ws/install/ros_gz_sim:/home/jacobrod/worms_ws/install/ros_gz_image:/home/jacobrod/worms_ws/install/ros_gz_bridge:/home/jacobrod/worms_ws/install/ros_gz_interfaces:/home/jacobrod/worms_ws/install/ros_gz_example_bringup:/home/jacobrod/worms_ws/install/ros_gz_example_gazebo:/home/jacobrod/worms_ws/install/ros_gz_example_description:/home/jacobrod/worms_ws/install/ros_gz_example_application:/home/jacobrod/worms_ws/install/core_bringup:/home/jacobrod/worms_ws/install/worms_mech:/opt/ros/humble /usr/bin/cmake /home/jacobrod/worms_ws/src/sdformat_urdf/sdformat_urdf -DCMAKE_INSTALL_PREFIX=/home/jacobrod/worms_ws/install/sdformat_urdf
[1.766s] Invoking command in '/home/jacobrod/worms_ws/build/sdformat_urdf': CMAKE_PREFIX_PATH=/home/jacobrod/worms_ws/install/sdformat_test_files:/home/jacobrod/worms_ws/install/worms_gazebo:/home/jacobrod/worms_ws/install/worms_description:/home/jacobrod/worms_ws/install/ros_ign:/home/jacobrod/worms_ws/install/ros_ign_gazebo_demos:/home/jacobrod/worms_ws/install/ros_gz:/home/jacobrod/worms_ws/install/ros_gz_sim_demos:/home/jacobrod/worms_ws/install/sdformat_urdf:/home/jacobrod/worms_ws/install/ros_ign_interfaces:/home/jacobrod/worms_ws/install/ros_ign_image:/home/jacobrod/worms_ws/install/ros_ign_gazebo:/home/jacobrod/worms_ws/install/ros_ign_bridge:/home/jacobrod/worms_ws/install/ros_gz_sim:/home/jacobrod/worms_ws/install/ros_gz_image:/home/jacobrod/worms_ws/install/ros_gz_bridge:/home/jacobrod/worms_ws/install/ros_gz_interfaces:/home/jacobrod/worms_ws/install/ros_gz_example_bringup:/home/jacobrod/worms_ws/install/ros_gz_example_gazebo:/home/jacobrod/worms_ws/install/ros_gz_example_description:/home/jacobrod/worms_ws/install/ros_gz_example_application:/home/jacobrod/worms_ws/install/core_bringup:/home/jacobrod/worms_ws/install/worms_mech:/opt/ros/humble /usr/bin/cmake --build /home/jacobrod/worms_ws/build/sdformat_urdf -- -j8 -l8
[1.836s] [35m[1mConsolidate compiler generated dependencies of target sdformat_urdf[0m
[1.865s] [35m[1mConsolidate compiler generated dependencies of target gtest_main[0m
[1.865s] [35m[1mConsolidate compiler generated dependencies of target gtest[0m
[1.865s] [  9%] Built target sdformat_urdf
[1.883s] [ 18%] Built target gtest_main
[1.887s] [ 27%] Built target gtest
[1.889s] [35m[1mConsolidate compiler generated dependencies of target sdformat_urdf_plugin[0m
[1.916s] [35m[1mConsolidate compiler generated dependencies of target sdf_geometry_tests[0m
[1.922s] [35m[1mConsolidate compiler generated dependencies of target sdf_graph_tests[0m
[1.938s] [35m[1mConsolidate compiler generated dependencies of target sdf_link_tests[0m
[1.940s] [35m[1mConsolidate compiler generated dependencies of target sdf_pose_tests[0m
[1.941s] [ 36%] Built target sdformat_urdf_plugin
[1.951s] [35m[1mConsolidate compiler generated dependencies of target sdf_material_tests[0m
[1.969s] [ 45%] Built target sdf_geometry_tests
[1.969s] [35m[1mConsolidate compiler generated dependencies of target sdf_joint_tests[0m
[1.977s] [35m[1mConsolidate compiler generated dependencies of target sdf_model_tests[0m
[1.981s] [ 54%] Built target sdf_graph_tests
[2.005s] [ 63%] Built target sdf_material_tests
[2.011s] [ 72%] Built target sdf_joint_tests
[2.015s] [ 81%] Built target sdf_pose_tests
[2.019s] [ 90%] Built target sdf_link_tests
[2.025s] [100%] Built target sdf_model_tests
[2.050s] Invoked command in '/home/jacobrod/worms_ws/build/sdformat_urdf' returned '0': CMAKE_PREFIX_PATH=/home/jacobrod/worms_ws/install/sdformat_test_files:/home/jacobrod/worms_ws/install/worms_gazebo:/home/jacobrod/worms_ws/install/worms_description:/home/jacobrod/worms_ws/install/ros_ign:/home/jacobrod/worms_ws/install/ros_ign_gazebo_demos:/home/jacobrod/worms_ws/install/ros_gz:/home/jacobrod/worms_ws/install/ros_gz_sim_demos:/home/jacobrod/worms_ws/install/sdformat_urdf:/home/jacobrod/worms_ws/install/ros_ign_interfaces:/home/jacobrod/worms_ws/install/ros_ign_image:/home/jacobrod/worms_ws/install/ros_ign_gazebo:/home/jacobrod/worms_ws/install/ros_ign_bridge:/home/jacobrod/worms_ws/install/ros_gz_sim:/home/jacobrod/worms_ws/install/ros_gz_image:/home/jacobrod/worms_ws/install/ros_gz_bridge:/home/jacobrod/worms_ws/install/ros_gz_interfaces:/home/jacobrod/worms_ws/install/ros_gz_example_bringup:/home/jacobrod/worms_ws/install/ros_gz_example_gazebo:/home/jacobrod/worms_ws/install/ros_gz_example_description:/home/jacobrod/worms_ws/install/ros_gz_example_application:/home/jacobrod/worms_ws/install/core_bringup:/home/jacobrod/worms_ws/install/worms_mech:/opt/ros/humble /usr/bin/cmake --build /home/jacobrod/worms_ws/build/sdformat_urdf -- -j8 -l8
[2.186s] Invoking command in '/home/jacobrod/worms_ws/build/sdformat_urdf': CMAKE_PREFIX_PATH=/home/jacobrod/worms_ws/install/sdformat_test_files:/home/jacobrod/worms_ws/install/worms_gazebo:/home/jacobrod/worms_ws/install/worms_description:/home/jacobrod/worms_ws/install/ros_ign:/home/jacobrod/worms_ws/install/ros_ign_gazebo_demos:/home/jacobrod/worms_ws/install/ros_gz:/home/jacobrod/worms_ws/install/ros_gz_sim_demos:/home/jacobrod/worms_ws/install/sdformat_urdf:/home/jacobrod/worms_ws/install/ros_ign_interfaces:/home/jacobrod/worms_ws/install/ros_ign_image:/home/jacobrod/worms_ws/install/ros_ign_gazebo:/home/jacobrod/worms_ws/install/ros_ign_bridge:/home/jacobrod/worms_ws/install/ros_gz_sim:/home/jacobrod/worms_ws/install/ros_gz_image:/home/jacobrod/worms_ws/install/ros_gz_bridge:/home/jacobrod/worms_ws/install/ros_gz_interfaces:/home/jacobrod/worms_ws/install/ros_gz_example_bringup:/home/jacobrod/worms_ws/install/ros_gz_example_gazebo:/home/jacobrod/worms_ws/install/ros_gz_example_description:/home/jacobrod/worms_ws/install/ros_gz_example_application:/home/jacobrod/worms_ws/install/core_bringup:/home/jacobrod/worms_ws/install/worms_mech:/opt/ros/humble /usr/bin/cmake --install /home/jacobrod/worms_ws/build/sdformat_urdf
[2.199s] -- Install configuration: ""
[2.199s] -- Up-to-date: /home/jacobrod/worms_ws/install/sdformat_urdf/lib/libsdformat_urdf.so
[2.201s] -- Up-to-date: /home/jacobrod/worms_ws/install/sdformat_urdf/lib/libsdformat_urdf_plugin.so
[2.201s] -- Up-to-date: /home/jacobrod/worms_ws/install/sdformat_urdf/include
[2.201s] -- Up-to-date: /home/jacobrod/worms_ws/install/sdformat_urdf/include/sdformat_urdf
[2.201s] -- Up-to-date: /home/jacobrod/worms_ws/install/sdformat_urdf/include/sdformat_urdf/visibility_control.hpp
[2.201s] -- Up-to-date: /home/jacobrod/worms_ws/install/sdformat_urdf/include/sdformat_urdf/sdformat_urdf.hpp
[2.201s] -- Up-to-date: /home/jacobrod/worms_ws/install/sdformat_urdf/share/sdformat_urdf/environment/library_path.sh
[2.202s] -- Installing: /home/jacobrod/worms_ws/install/sdformat_urdf/share/sdformat_urdf/environment/library_path.dsv
[2.202s] -- Up-to-date: /home/jacobrod/worms_ws/install/sdformat_urdf/share/sdformat_urdf/sdformat_urdf_plugin.xml
[2.202s] -- Up-to-date: /home/jacobrod/worms_ws/install/sdformat_urdf/share/ament_index/resource_index/package_run_dependencies/sdformat_urdf
[2.202s] -- Installing: /home/jacobrod/worms_ws/install/sdformat_urdf/share/ament_index/resource_index/parent_prefix_path/sdformat_urdf
[2.202s] -- Up-to-date: /home/jacobrod/worms_ws/install/sdformat_urdf/share/sdformat_urdf/environment/ament_prefix_path.sh
[2.202s] -- Installing: /home/jacobrod/worms_ws/install/sdformat_urdf/share/sdformat_urdf/environment/ament_prefix_path.dsv
[2.203s] -- Up-to-date: /home/jacobrod/worms_ws/install/sdformat_urdf/share/sdformat_urdf/environment/path.sh
[2.203s] -- Installing: /home/jacobrod/worms_ws/install/sdformat_urdf/share/sdformat_urdf/environment/path.dsv
[2.203s] -- Up-to-date: /home/jacobrod/worms_ws/install/sdformat_urdf/share/sdformat_urdf/local_setup.bash
[2.203s] -- Up-to-date: /home/jacobrod/worms_ws/install/sdformat_urdf/share/sdformat_urdf/local_setup.sh
[2.203s] -- Up-to-date: /home/jacobrod/worms_ws/install/sdformat_urdf/share/sdformat_urdf/local_setup.zsh
[2.203s] -- Installing: /home/jacobrod/worms_ws/install/sdformat_urdf/share/sdformat_urdf/local_setup.dsv
[2.203s] -- Installing: /home/jacobrod/worms_ws/install/sdformat_urdf/share/sdformat_urdf/package.dsv
[2.203s] -- Up-to-date: /home/jacobrod/worms_ws/install/sdformat_urdf/share/ament_index/resource_index/packages/sdformat_urdf
[2.204s] -- Up-to-date: /home/jacobrod/worms_ws/install/sdformat_urdf/share/ament_index/resource_index/urdf_parser_plugin__pluginlib__plugin/sdformat_urdf
[2.204s] -- Up-to-date: /home/jacobrod/worms_ws/install/sdformat_urdf/share/sdformat_urdf/cmake/sdformat_urdf-exportExport.cmake
[2.204s] -- Up-to-date: /home/jacobrod/worms_ws/install/sdformat_urdf/share/sdformat_urdf/cmake/sdformat_urdf-exportExport-noconfig.cmake
[2.204s] -- Up-to-date: /home/jacobrod/worms_ws/install/sdformat_urdf/share/sdformat_urdf/cmake/ament_cmake_export_dependencies-extras.cmake
[2.204s] -- Up-to-date: /home/jacobrod/worms_ws/install/sdformat_urdf/share/sdformat_urdf/cmake/ament_cmake_export_targets-extras.cmake
[2.204s] -- Up-to-date: /home/jacobrod/worms_ws/install/sdformat_urdf/share/sdformat_urdf/cmake/sdformat_urdfConfig.cmake
[2.204s] -- Up-to-date: /home/jacobrod/worms_ws/install/sdformat_urdf/share/sdformat_urdf/cmake/sdformat_urdfConfig-version.cmake
[2.205s] -- Up-to-date: /home/jacobrod/worms_ws/install/sdformat_urdf/share/sdformat_urdf/package.xml
[2.206s] Invoked command in '/home/jacobrod/worms_ws/build/sdformat_urdf' returned '0': CMAKE_PREFIX_PATH=/home/jacobrod/worms_ws/install/sdformat_test_files:/home/jacobrod/worms_ws/install/worms_gazebo:/home/jacobrod/worms_ws/install/worms_description:/home/jacobrod/worms_ws/install/ros_ign:/home/jacobrod/worms_ws/install/ros_ign_gazebo_demos:/home/jacobrod/worms_ws/install/ros_gz:/home/jacobrod/worms_ws/install/ros_gz_sim_demos:/home/jacobrod/worms_ws/install/sdformat_urdf:/home/jacobrod/worms_ws/install/ros_ign_interfaces:/home/jacobrod/worms_ws/install/ros_ign_image:/home/jacobrod/worms_ws/install/ros_ign_gazebo:/home/jacobrod/worms_ws/install/ros_ign_bridge:/home/jacobrod/worms_ws/install/ros_gz_sim:/home/jacobrod/worms_ws/install/ros_gz_image:/home/jacobrod/worms_ws/install/ros_gz_bridge:/home/jacobrod/worms_ws/install/ros_gz_interfaces:/home/jacobrod/worms_ws/install/ros_gz_example_bringup:/home/jacobrod/worms_ws/install/ros_gz_example_gazebo:/home/jacobrod/worms_ws/install/ros_gz_example_description:/home/jacobrod/worms_ws/install/ros_gz_example_application:/home/jacobrod/worms_ws/install/core_bringup:/home/jacobrod/worms_ws/install/worms_mech:/opt/ros/humble /usr/bin/cmake --install /home/jacobrod/worms_ws/build/sdformat_urdf
