[0.652s] Invoking command in '/home/jacobrod/worms_ws/build/ros_gz_example_gazebo': CMAKE_PREFIX_PATH=/home/jacobrod/worms_ws/install/ros_gz_example_description:/home/jacobrod/worms_ws/install/worms_description:/home/jacobrod/worms_ws/install/sdformat_test_files:/home/jacobrod/worms_ws/install/ros_gz_example_application:/home/jacobrod/worms_ws/install/core_bringup:/home/jacobrod/worms_ws/install/worms_mech:/opt/ros/humble GZ_SIM_RESOURCE_PATH=/home/jacobrod/worms_ws/install/ros_gz_example_description/share/ros_gz_example_description/models:${GZ_SIM_RESOURCE_PATH} /usr/bin/cmake /home/jacobrod/worms_ws/src/worms_gazebo_sim/worms_gazebo -DCMAKE_INSTALL_PREFIX=/home/jacobrod/worms_ws/install/ros_gz_example_gazebo
[1.147s] -- Found ament_cmake: 1.3.6 (/opt/ros/humble/share/ament_cmake/cmake)
[1.148s] -- Found ros_gz_example_description: 0.0.0 (/home/jacobrod/worms_ws/install/ros_gz_example_description/share/ros_gz_example_description/cmake)
[1.148s] -- Looking for gz-plugin2 -- found version 2.0.2
[1.152s] -- Searching for dependencies of gz-plugin2
[1.153s] -- Looking for gz-utils2 -- found version 2.2.0
[1.153s] -- Searching for dependencies of gz-utils2
[1.153s] -- Searching for <gz-utils2> component [cli]
[1.153s] -- Looking for gz-utils2-cli -- found version 2.2.0
[1.153s] -- Searching for dependencies of gz-utils2-cli
[1.153s] -- Searching for <gz-plugin2> component [register]
[1.154s] -- Looking for gz-plugin2-register -- found version 2.0.2
[1.155s] -- Searching for dependencies of gz-plugin2-register
[1.155s] -- Looking for gz-common5 -- found version 5.4.2
[1.155s] -- Searching for dependencies of gz-common5
[1.155s] -- Looking for gz-utils2 -- found version 2.2.0
[1.155s] -- Looking for dlfcn.h - found
[1.155s] -- Looking for libdl - found
[1.163s] -- Checking for module 'uuid'
[1.180s] --   Found uuid, version 2.37.2
[1.225s] -- Searching for <gz-common5> component [profiler]
[1.225s] -- Looking for gz-common5-profiler -- found version 5.4.2
[1.226s] -- Searching for dependencies of gz-common5-profiler
[1.246s] [31mCMake Error at CMakeLists.txt:26 (find_package):
[1.246s]   By not providing "Findgz-sim7.cmake" in CMAKE_MODULE_PATH this project has
[1.246s]   asked CMake to find a package configuration file provided by "gz-sim7", but
[1.246s]   CMake did not find one.
[1.246s] 
[1.246s]   Could not find a package configuration file provided by "gz-sim7" with any
[1.246s]   of the following names:
[1.246s] 
[1.247s]     gz-sim7Config.cmake
[1.247s]     gz-sim7-config.cmake
[1.247s] 
[1.247s]   Add the installation prefix of "gz-sim7" to CMAKE_PREFIX_PATH or set
[1.247s]   "gz-sim7_DIR" to a directory containing one of the above files.  If
[1.247s]   "gz-sim7" provides a separate development package or SDK, be sure it has
[1.247s]   been installed.
[1.248s] 
[1.248s] [0m
[1.250s] -- Configuring incomplete, errors occurred!
[1.251s] See also "/home/jacobrod/worms_ws/build/ros_gz_example_gazebo/CMakeFiles/CMakeOutput.log".
[1.252s] Invoked command in '/home/jacobrod/worms_ws/build/ros_gz_example_gazebo' returned '1': CMAKE_PREFIX_PATH=/home/jacobrod/worms_ws/install/ros_gz_example_description:/home/jacobrod/worms_ws/install/worms_description:/home/jacobrod/worms_ws/install/sdformat_test_files:/home/jacobrod/worms_ws/install/ros_gz_example_application:/home/jacobrod/worms_ws/install/core_bringup:/home/jacobrod/worms_ws/install/worms_mech:/opt/ros/humble GZ_SIM_RESOURCE_PATH=/home/jacobrod/worms_ws/install/ros_gz_example_description/share/ros_gz_example_description/models:${GZ_SIM_RESOURCE_PATH} /usr/bin/cmake /home/jacobrod/worms_ws/src/worms_gazebo_sim/worms_gazebo -DCMAKE_INSTALL_PREFIX=/home/jacobrod/worms_ws/install/ros_gz_example_gazebo
