[2.889s] Invoking command in '/home/worm6/worms_mech_ws/src/worms_mech': PYTHONPATH=/home/worm6/worms_mech_ws/install/worms_mech/lib/python3.10/site-packages:${PYTHONPATH} /usr/bin/python3 setup.py egg_info --egg-base ../../build/worms_mech build --build-base /home/worm6/worms_mech_ws/build/worms_mech/build install --prefix /home/worm6/worms_mech_ws/install/worms_mech --record /home/worm6/worms_mech_ws/build/worms_mech/install.log --single-version-externally-managed
[4.042s] running egg_info
[4.044s] writing ../../build/worms_mech/worms_mech.egg-info/PKG-INFO
[4.046s] writing dependency_links to ../../build/worms_mech/worms_mech.egg-info/dependency_links.txt
[4.048s] writing entry points to ../../build/worms_mech/worms_mech.egg-info/entry_points.txt
[4.048s] writing requirements to ../../build/worms_mech/worms_mech.egg-info/requires.txt
[4.049s] writing top-level names to ../../build/worms_mech/worms_mech.egg-info/top_level.txt
[4.057s] reading manifest file '../../build/worms_mech/worms_mech.egg-info/SOURCES.txt'
[4.061s] writing manifest file '../../build/worms_mech/worms_mech.egg-info/SOURCES.txt'
[4.062s] running build
[4.062s] running build_py
[4.063s] copying worms_mech/hardware_interface.py -> /home/worm6/worms_mech_ws/build/worms_mech/build/lib/worms_mech
[4.064s] copying worms_mech/gait_parser.py -> /home/worm6/worms_mech_ws/build/worms_mech/build/lib/worms_mech
[4.066s] running install
[4.067s] /usr/lib/python3/dist-packages/setuptools/command/install.py:34: SetuptoolsDeprecationWarning: setup.py install is deprecated. Use build and pip and other standards-based tools.
[4.067s]   warnings.warn(
[4.068s] running install_lib
[4.072s] copying /home/worm6/worms_mech_ws/build/worms_mech/build/lib/worms_mech/hardware_interface.py -> /home/worm6/worms_mech_ws/install/worms_mech/lib/python3.10/site-packages/worms_mech
[4.073s] copying /home/worm6/worms_mech_ws/build/worms_mech/build/lib/worms_mech/gait_parser.py -> /home/worm6/worms_mech_ws/install/worms_mech/lib/python3.10/site-packages/worms_mech
[4.076s] byte-compiling /home/worm6/worms_mech_ws/install/worms_mech/lib/python3.10/site-packages/worms_mech/hardware_interface.py to hardware_interface.cpython-310.pyc
[4.080s] byte-compiling /home/worm6/worms_mech_ws/install/worms_mech/lib/python3.10/site-packages/worms_mech/gait_parser.py to gait_parser.cpython-310.pyc
[4.084s] running install_data
[4.086s] running install_egg_info
[4.094s] removing '/home/worm6/worms_mech_ws/install/worms_mech/lib/python3.10/site-packages/worms_mech-0.0.0-py3.10.egg-info' (and everything under it)
[4.098s] Copying ../../build/worms_mech/worms_mech.egg-info to /home/worm6/worms_mech_ws/install/worms_mech/lib/python3.10/site-packages/worms_mech-0.0.0-py3.10.egg-info
[4.111s] running install_scripts
[4.212s] Installing controller_node script to /home/worm6/worms_mech_ws/install/worms_mech/lib/worms_mech
[4.213s] Installing gait_parser script to /home/worm6/worms_mech_ws/install/worms_mech/lib/worms_mech
[4.214s] Installing hardware_interface script to /home/worm6/worms_mech_ws/install/worms_mech/lib/worms_mech
[4.215s] Installing joint_command_publisher script to /home/worm6/worms_mech_ws/install/worms_mech/lib/worms_mech
[4.216s] Installing joystick_control script to /home/worm6/worms_mech_ws/install/worms_mech/lib/worms_mech
[4.217s] Installing testbed_interface script to /home/worm6/worms_mech_ws/install/worms_mech/lib/worms_mech
[4.219s] writing list of installed files to '/home/worm6/worms_mech_ws/build/worms_mech/install.log'
[4.331s] Invoked command in '/home/worm6/worms_mech_ws/src/worms_mech' returned '0': PYTHONPATH=/home/worm6/worms_mech_ws/install/worms_mech/lib/python3.10/site-packages:${PYTHONPATH} /usr/bin/python3 setup.py egg_info --egg-base ../../build/worms_mech build --build-base /home/worm6/worms_mech_ws/build/worms_mech/build install --prefix /home/worm6/worms_mech_ws/install/worms_mech --record /home/worm6/worms_mech_ws/build/worms_mech/install.log --single-version-externally-managed
