[2.715s] Invoking command in '/home/raspi2/worms_mech_ws/src/worms_mech': PYTHONPATH=/home/raspi2/worms_mech_ws/install/worms_mech/lib/python3.10/site-packages:${PYTHONPATH} /usr/bin/python3 setup.py egg_info --egg-base ../../build/worms_mech build --build-base /home/raspi2/worms_mech_ws/build/worms_mech/build install --prefix /home/raspi2/worms_mech_ws/install/worms_mech --record /home/raspi2/worms_mech_ws/build/worms_mech/install.log --single-version-externally-managed
[3.727s] running egg_info
[3.729s] writing ../../build/worms_mech/worms_mech.egg-info/PKG-INFO
[3.730s] writing dependency_links to ../../build/worms_mech/worms_mech.egg-info/dependency_links.txt
[3.732s] writing entry points to ../../build/worms_mech/worms_mech.egg-info/entry_points.txt
[3.732s] writing requirements to ../../build/worms_mech/worms_mech.egg-info/requires.txt
[3.733s] writing top-level names to ../../build/worms_mech/worms_mech.egg-info/top_level.txt
[3.742s] reading manifest file '../../build/worms_mech/worms_mech.egg-info/SOURCES.txt'
[3.746s] writing manifest file '../../build/worms_mech/worms_mech.egg-info/SOURCES.txt'
[3.746s] running build
[3.747s] running build_py
[3.747s] copying worms_mech/testbed_interface.py -> /home/raspi2/worms_mech_ws/build/worms_mech/build/lib/worms_mech
[3.748s] copying worms_mech/controller_node.py -> /home/raspi2/worms_mech_ws/build/worms_mech/build/lib/worms_mech
[3.749s] copying worms_mech/__init__.py -> /home/raspi2/worms_mech_ws/build/worms_mech/build/lib/worms_mech
[3.750s] copying worms_mech/hardware_interface.py -> /home/raspi2/worms_mech_ws/build/worms_mech/build/lib/worms_mech
[3.751s] copying worms_mech/gait_parser.py -> /home/raspi2/worms_mech_ws/build/worms_mech/build/lib/worms_mech
[3.752s] copying worms_mech/joint_command_publisher.py -> /home/raspi2/worms_mech_ws/build/worms_mech/build/lib/worms_mech
[3.752s] copying worms_mech/joystick_control.py -> /home/raspi2/worms_mech_ws/build/worms_mech/build/lib/worms_mech
[3.754s] running install
[3.756s] /usr/lib/python3/dist-packages/setuptools/command/install.py:34: SetuptoolsDeprecationWarning: setup.py install is deprecated. Use build and pip and other standards-based tools.
[3.756s]   warnings.warn(
[3.757s] running install_lib
[3.760s] copying /home/raspi2/worms_mech_ws/build/worms_mech/build/lib/worms_mech/testbed_interface.py -> /home/raspi2/worms_mech_ws/install/worms_mech/lib/python3.10/site-packages/worms_mech
[3.761s] copying /home/raspi2/worms_mech_ws/build/worms_mech/build/lib/worms_mech/controller_node.py -> /home/raspi2/worms_mech_ws/install/worms_mech/lib/python3.10/site-packages/worms_mech
[3.762s] copying /home/raspi2/worms_mech_ws/build/worms_mech/build/lib/worms_mech/__init__.py -> /home/raspi2/worms_mech_ws/install/worms_mech/lib/python3.10/site-packages/worms_mech
[3.763s] copying /home/raspi2/worms_mech_ws/build/worms_mech/build/lib/worms_mech/hardware_interface.py -> /home/raspi2/worms_mech_ws/install/worms_mech/lib/python3.10/site-packages/worms_mech
[3.763s] copying /home/raspi2/worms_mech_ws/build/worms_mech/build/lib/worms_mech/gait_parser.py -> /home/raspi2/worms_mech_ws/install/worms_mech/lib/python3.10/site-packages/worms_mech
[3.764s] copying /home/raspi2/worms_mech_ws/build/worms_mech/build/lib/worms_mech/joint_command_publisher.py -> /home/raspi2/worms_mech_ws/install/worms_mech/lib/python3.10/site-packages/worms_mech
[3.765s] copying /home/raspi2/worms_mech_ws/build/worms_mech/build/lib/worms_mech/joystick_control.py -> /home/raspi2/worms_mech_ws/install/worms_mech/lib/python3.10/site-packages/worms_mech
[3.768s] byte-compiling /home/raspi2/worms_mech_ws/install/worms_mech/lib/python3.10/site-packages/worms_mech/testbed_interface.py to testbed_interface.cpython-310.pyc
[3.771s] byte-compiling /home/raspi2/worms_mech_ws/install/worms_mech/lib/python3.10/site-packages/worms_mech/controller_node.py to controller_node.cpython-310.pyc
[3.775s] byte-compiling /home/raspi2/worms_mech_ws/install/worms_mech/lib/python3.10/site-packages/worms_mech/hardware_interface.py to hardware_interface.cpython-310.pyc
[3.776s] Sorry: TabError: inconsistent use of tabs and spaces in indentation (hardware_interface.py, line 54)
[3.776s] byte-compiling /home/raspi2/worms_mech_ws/install/worms_mech/lib/python3.10/site-packages/worms_mech/joint_command_publisher.py to joint_command_publisher.cpython-310.pyc
[3.779s] byte-compiling /home/raspi2/worms_mech_ws/install/worms_mech/lib/python3.10/site-packages/worms_mech/joystick_control.py to joystick_control.cpython-310.pyc
[3.783s] running install_data
[3.786s] copying resource/worms_mech -> /home/raspi2/worms_mech_ws/install/worms_mech/share/ament_index/resource_index/packages
[3.786s] copying package.xml -> /home/raspi2/worms_mech_ws/install/worms_mech/share/worms_mech
[3.787s] running install_egg_info
[3.793s] removing '/home/raspi2/worms_mech_ws/install/worms_mech/lib/python3.10/site-packages/worms_mech-0.0.0-py3.10.egg-info' (and everything under it)
[3.795s] Copying ../../build/worms_mech/worms_mech.egg-info to /home/raspi2/worms_mech_ws/install/worms_mech/lib/python3.10/site-packages/worms_mech-0.0.0-py3.10.egg-info
[3.800s] running install_scripts
[3.876s] Installing controller_node script to /home/raspi2/worms_mech_ws/install/worms_mech/lib/worms_mech
[3.877s] Installing gait_parser script to /home/raspi2/worms_mech_ws/install/worms_mech/lib/worms_mech
[3.878s] Installing hardware_interface script to /home/raspi2/worms_mech_ws/install/worms_mech/lib/worms_mech
[3.878s] Installing joint_command_publisher script to /home/raspi2/worms_mech_ws/install/worms_mech/lib/worms_mech
[3.879s] Installing joystick_control script to /home/raspi2/worms_mech_ws/install/worms_mech/lib/worms_mech
[3.880s] Installing testbed_interface script to /home/raspi2/worms_mech_ws/install/worms_mech/lib/worms_mech
[3.882s] writing list of installed files to '/home/raspi2/worms_mech_ws/build/worms_mech/install.log'
[3.997s] Invoked command in '/home/raspi2/worms_mech_ws/src/worms_mech' returned '0': PYTHONPATH=/home/raspi2/worms_mech_ws/install/worms_mech/lib/python3.10/site-packages:${PYTHONPATH} /usr/bin/python3 setup.py egg_info --egg-base ../../build/worms_mech build --build-base /home/raspi2/worms_mech_ws/build/worms_mech/build install --prefix /home/raspi2/worms_mech_ws/install/worms_mech --record /home/raspi2/worms_mech_ws/build/worms_mech/install.log --single-version-externally-managed
