[0.200s] Invoking command in '/home/jacobrod/worms_ws/build/ros_gz_example_application': CMAKE_PREFIX_PATH=/opt/ros/humble /usr/bin/cmake /home/jacobrod/worms_ws/src/worms_gazebo_sim/worms_application -DCMAKE_INSTALL_PREFIX=/home/jacobrod/worms_ws/install/ros_gz_example_application
[0.221s] -- Found ament_cmake: 1.3.5 (/opt/ros/humble/share/ament_cmake/cmake)
[0.533s] -- Configuring done
[0.537s] -- Generating done
[0.539s] -- Build files have been written to: /home/jacobrod/worms_ws/build/ros_gz_example_application
[0.543s] Invoked command in '/home/jacobrod/worms_ws/build/ros_gz_example_application' returned '0': CMAKE_PREFIX_PATH=/opt/ros/humble /usr/bin/cmake /home/jacobrod/worms_ws/src/worms_gazebo_sim/worms_application -DCMAKE_INSTALL_PREFIX=/home/jacobrod/worms_ws/install/ros_gz_example_application
[0.573s] Invoking command in '/home/jacobrod/worms_ws/build/ros_gz_example_application': CMAKE_PREFIX_PATH=/opt/ros/humble /usr/bin/cmake --build /home/jacobrod/worms_ws/build/ros_gz_example_application -- -j8 -l8
[0.687s] Invoked command in '/home/jacobrod/worms_ws/build/ros_gz_example_application' returned '0': CMAKE_PREFIX_PATH=/opt/ros/humble /usr/bin/cmake --build /home/jacobrod/worms_ws/build/ros_gz_example_application -- -j8 -l8
[1.038s] Invoking command in '/home/jacobrod/worms_ws/build/ros_gz_example_application': CMAKE_PREFIX_PATH=/opt/ros/humble /usr/bin/cmake --install /home/jacobrod/worms_ws/build/ros_gz_example_application
[1.130s] -- Install configuration: ""
[1.130s] -- Up-to-date: /home/jacobrod/worms_ws/install/ros_gz_example_application/share/ament_index/resource_index/package_run_dependencies/ros_gz_example_application
[1.131s] -- Installing: /home/jacobrod/worms_ws/install/ros_gz_example_application/share/ament_index/resource_index/parent_prefix_path/ros_gz_example_application
[1.131s] -- Up-to-date: /home/jacobrod/worms_ws/install/ros_gz_example_application/share/ros_gz_example_application/environment/ament_prefix_path.sh
[1.131s] -- Installing: /home/jacobrod/worms_ws/install/ros_gz_example_application/share/ros_gz_example_application/environment/ament_prefix_path.dsv
[1.132s] -- Up-to-date: /home/jacobrod/worms_ws/install/ros_gz_example_application/share/ros_gz_example_application/environment/path.sh
[1.132s] -- Installing: /home/jacobrod/worms_ws/install/ros_gz_example_application/share/ros_gz_example_application/environment/path.dsv
[1.132s] -- Up-to-date: /home/jacobrod/worms_ws/install/ros_gz_example_application/share/ros_gz_example_application/local_setup.bash
[1.132s] -- Up-to-date: /home/jacobrod/worms_ws/install/ros_gz_example_application/share/ros_gz_example_application/local_setup.sh
[1.132s] -- Up-to-date: /home/jacobrod/worms_ws/install/ros_gz_example_application/share/ros_gz_example_application/local_setup.zsh
[1.133s] -- Installing: /home/jacobrod/worms_ws/install/ros_gz_example_application/share/ros_gz_example_application/local_setup.dsv
[1.133s] -- Installing: /home/jacobrod/worms_ws/install/ros_gz_example_application/share/ros_gz_example_application/package.dsv
[1.134s] -- Up-to-date: /home/jacobrod/worms_ws/install/ros_gz_example_application/share/ament_index/resource_index/packages/ros_gz_example_application
[1.134s] -- Up-to-date: /home/jacobrod/worms_ws/install/ros_gz_example_application/share/ros_gz_example_application/cmake/ros_gz_example_applicationConfig.cmake
[1.135s] -- Up-to-date: /home/jacobrod/worms_ws/install/ros_gz_example_application/share/ros_gz_example_application/cmake/ros_gz_example_applicationConfig-version.cmake
[1.135s] -- Up-to-date: /home/jacobrod/worms_ws/install/ros_gz_example_application/share/ros_gz_example_application/package.xml
[1.142s] Invoked command in '/home/jacobrod/worms_ws/build/ros_gz_example_application' returned '0': CMAKE_PREFIX_PATH=/opt/ros/humble /usr/bin/cmake --install /home/jacobrod/worms_ws/build/ros_gz_example_application
