[0.161s] Invoking command in '/home/jacobrod/worms_ws/build/worms_description': CMAKE_PREFIX_PATH=${CMAKE_PREFIX_PATH}:/home/jacobrod/worms_ws/install/worms_mech:/opt/ros/humble /usr/bin/cmake /home/jacobrod/worms_ws/src/worms_description -DBUILD_TESTING=ON -DCMAKE_INSTALL_PREFIX=/home/jacobrod/worms_ws/install/worms_description
[0.721s] -- The C compiler identification is GNU 11.4.0
[0.722s] -- The CXX compiler identification is GNU 11.4.0
[0.722s] -- Detecting C compiler ABI info
[0.722s] -- Detecting C compiler ABI info - done
[0.722s] -- Check for working C compiler: /usr/bin/cc - skipped
[0.722s] -- Detecting C compile features
[0.722s] -- Detecting C compile features - done
[0.723s] -- Detecting CXX compiler ABI info
[0.723s] -- Detecting CXX compiler ABI info - done
[0.723s] -- Check for working CXX compiler: /usr/bin/c++ - skipped
[0.723s] -- Detecting CXX compile features
[0.723s] -- Detecting CXX compile features - done
[0.723s] -- Found ament_cmake: 1.3.6 (/opt/ros/humble/share/ament_cmake/cmake)
[1.025s] -- Found Python3: /usr/bin/python3.10 (found version "3.10.12") found components: Interpreter 
[1.171s] -- Found ament_lint_auto: 0.12.9 (/opt/ros/humble/share/ament_lint_auto/cmake)
[1.288s] -- Added test 'copyright' to check source files copyright and LICENSE
[1.312s] -- Added test 'lint_cmake' to check CMake code style
[1.314s] -- Added test 'xmllint' to check XML markup files
[1.315s] -- Configuring done
[1.327s] -- Generating done
[1.327s] -- Build files have been written to: /home/jacobrod/worms_ws/build/worms_description
[1.337s] Invoked command in '/home/jacobrod/worms_ws/build/worms_description' returned '0': CMAKE_PREFIX_PATH=${CMAKE_PREFIX_PATH}:/home/jacobrod/worms_ws/install/worms_mech:/opt/ros/humble /usr/bin/cmake /home/jacobrod/worms_ws/src/worms_description -DBUILD_TESTING=ON -DCMAKE_INSTALL_PREFIX=/home/jacobrod/worms_ws/install/worms_description
[1.340s] Invoking command in '/home/jacobrod/worms_ws/build/worms_description': CMAKE_PREFIX_PATH=${CMAKE_PREFIX_PATH}:/home/jacobrod/worms_ws/install/worms_mech:/opt/ros/humble /usr/bin/cmake --build /home/jacobrod/worms_ws/build/worms_description -- -j8 -l8
[1.405s] Invoked command in '/home/jacobrod/worms_ws/build/worms_description' returned '0': CMAKE_PREFIX_PATH=${CMAKE_PREFIX_PATH}:/home/jacobrod/worms_ws/install/worms_mech:/opt/ros/humble /usr/bin/cmake --build /home/jacobrod/worms_ws/build/worms_description -- -j8 -l8
[1.467s] Invoking command in '/home/jacobrod/worms_ws/build/worms_description': CMAKE_PREFIX_PATH=${CMAKE_PREFIX_PATH}:/home/jacobrod/worms_ws/install/worms_mech:/opt/ros/humble /usr/bin/cmake --install /home/jacobrod/worms_ws/build/worms_description
[1.472s] -- Install configuration: ""
[1.473s] -- Installing: /home/jacobrod/worms_ws/install/worms_description/share/worms_description/models
[1.473s] -- Installing: /home/jacobrod/worms_ws/install/worms_description/share/worms_description/models/elm4-chassis
[1.473s] -- Installing: /home/jacobrod/worms_ws/install/worms_description/share/worms_description/models/elm4-chassis/thumbnails
[1.474s] -- Installing: /home/jacobrod/worms_ws/install/worms_description/share/worms_description/models/elm4-chassis/thumbnails/3.png
[1.474s] -- Installing: /home/jacobrod/worms_ws/install/worms_description/share/worms_description/models/elm4-chassis/thumbnails/2.png
[1.475s] -- Installing: /home/jacobrod/worms_ws/install/worms_description/share/worms_description/models/elm4-chassis/thumbnails/4.png
[1.476s] -- Installing: /home/jacobrod/worms_ws/install/worms_description/share/worms_description/models/elm4-chassis/thumbnails/5.png
[1.477s] -- Installing: /home/jacobrod/worms_ws/install/worms_description/share/worms_description/models/elm4-chassis/thumbnails/1.png
[1.477s] -- Installing: /home/jacobrod/worms_ws/install/worms_description/share/worms_description/models/elm4-chassis/model.config
[1.477s] -- Installing: /home/jacobrod/worms_ws/install/worms_description/share/worms_description/models/elm4-chassis/model.sdf
[1.478s] -- Installing: /home/jacobrod/worms_ws/install/worms_description/share/worms_description/models/elm4-chassis/meshes
[1.478s] -- Installing: /home/jacobrod/worms_ws/install/worms_description/share/worms_description/models/elm4-chassis/meshes/HubMotor.dae
[1.478s] -- Installing: /home/jacobrod/worms_ws/install/worms_description/share/worms_description/models/elm4-chassis/meshes/ArmRightPlastic.dae
[1.479s] -- Installing: /home/jacobrod/worms_ws/install/worms_description/share/worms_description/models/elm4-chassis/meshes/RubberWheel.dae
[1.479s] -- Installing: /home/jacobrod/worms_ws/install/worms_description/share/worms_description/models/elm4-chassis/meshes/ArmRightMetal.dae
[1.480s] -- Installing: /home/jacobrod/worms_ws/install/worms_description/share/worms_description/models/elm4-chassis/meshes/BaseRubber.dae
[1.480s] -- Installing: /home/jacobrod/worms_ws/install/worms_description/share/worms_description/models/elm4-chassis/meshes/BaseClear.dae
[1.481s] -- Installing: /home/jacobrod/worms_ws/install/worms_description/share/worms_description/models/elm4-chassis/meshes/ArmLeftMetal.dae
[1.483s] -- Installing: /home/jacobrod/worms_ws/install/worms_description/share/worms_description/models/elm4-chassis/meshes/BasePlastic.dae
[1.484s] -- Installing: /home/jacobrod/worms_ws/install/worms_description/share/worms_description/models/elm4-chassis/meshes/ArmLeftPlastic.dae
[1.486s] -- Installing: /home/jacobrod/worms_ws/install/worms_description/share/worms_description/models/elm4-chassis/meshes/BaseMetal.dae
[1.500s] -- Installing: /home/jacobrod/worms_ws/install/worms_description/share/worms_description/models/hound
[1.500s] -- Installing: /home/jacobrod/worms_ws/install/worms_description/share/worms_description/models/hound/urdf
[1.500s] -- Installing: /home/jacobrod/worms_ws/install/worms_description/share/worms_description/models/hound/urdf/hound_worms.xacro
[1.501s] -- Installing: /home/jacobrod/worms_ws/install/worms_description/share/worms_description/models/hound/urdf/hound.xacro
[1.501s] -- Installing: /home/jacobrod/worms_ws/install/worms_description/share/worms_description/models/hound/meshes
[1.501s] -- Installing: /home/jacobrod/worms_ws/install/worms_description/share/worms_description/models/hound/meshes/hound_wheel.dae
[1.505s] -- Installing: /home/jacobrod/worms_ws/install/worms_description/share/worms_description/models/hound/meshes/hound_frame.dae
[1.539s] -- Installing: /home/jacobrod/worms_ws/install/worms_description/share/worms_description/models/diff_drive
[1.539s] -- Installing: /home/jacobrod/worms_ws/install/worms_description/share/worms_description/models/diff_drive/model.config
[1.539s] -- Installing: /home/jacobrod/worms_ws/install/worms_description/share/worms_description/models/diff_drive/model.sdf
[1.540s] -- Installing: /home/jacobrod/worms_ws/install/worms_description/share/worms_description/models/mars_rover
[1.540s] -- Installing: /home/jacobrod/worms_ws/install/worms_description/share/worms_description/models/mars_rover/thumbnails
[1.540s] -- Installing: /home/jacobrod/worms_ws/install/worms_description/share/worms_description/models/mars_rover/thumbnails/3.png
[1.540s] -- Installing: /home/jacobrod/worms_ws/install/worms_description/share/worms_description/models/mars_rover/thumbnails/2.png
[1.541s] -- Installing: /home/jacobrod/worms_ws/install/worms_description/share/worms_description/models/mars_rover/thumbnails/4.png
[1.541s] -- Installing: /home/jacobrod/worms_ws/install/worms_description/share/worms_description/models/mars_rover/thumbnails/5.png
[1.542s] -- Installing: /home/jacobrod/worms_ws/install/worms_description/share/worms_description/models/mars_rover/thumbnails/1.png
[1.543s] -- Installing: /home/jacobrod/worms_ws/install/worms_description/share/worms_description/models/mars_rover/model.config
[1.543s] -- Installing: /home/jacobrod/worms_ws/install/worms_description/share/worms_description/models/mars_rover/model.sdf
[1.543s] -- Installing: /home/jacobrod/worms_ws/install/worms_description/share/worms_description/models/mars_rover/materials
[1.544s] -- Installing: /home/jacobrod/worms_ws/install/worms_description/share/worms_description/models/mars_rover/materials/textures
[1.544s] -- Installing: /home/jacobrod/worms_ws/install/worms_description/share/worms_description/models/mars_rover/materials/textures/rover.png
[1.546s] -- Installing: /home/jacobrod/worms_ws/install/worms_description/share/worms_description/models/mars_rover/meshes
[1.546s] -- Installing: /home/jacobrod/worms_ws/install/worms_description/share/worms_description/models/mars_rover/meshes/rover.dae
[1.547s] -- Installing: /home/jacobrod/worms_ws/install/worms_description/share/worms_description/models/worms_1
[1.548s] -- Installing: /home/jacobrod/worms_ws/install/worms_description/share/worms_description/models/worms_1/urdf
[1.548s] -- Installing: /home/jacobrod/worms_ws/install/worms_description/share/worms_description/models/worms_1/urdf/Link1.STL
[1.575s] -- Installing: /home/jacobrod/worms_ws/install/worms_description/share/worms_description/models/worms_1/urdf/worms_1.xacro
[1.575s] -- Installing: /home/jacobrod/worms_ws/install/worms_description/share/worms_description/models/worms_1/urdf/worms_1.csv
[1.575s] -- Installing: /home/jacobrod/worms_ws/install/worms_description/share/worms_description/models/worms_1/urdf/base_link.STL
[1.602s] -- Installing: /home/jacobrod/worms_ws/install/worms_description/share/worms_description/models/worms_1/urdf/Link3.STL
[1.617s] -- Installing: /home/jacobrod/worms_ws/install/worms_description/share/worms_description/models/worms_1/urdf/Link2.STL
[1.657s] -- Installing: /home/jacobrod/worms_ws/install/worms_description/share/worms_description/models/worms_1/config
[1.657s] -- Installing: /home/jacobrod/worms_ws/install/worms_description/share/worms_description/models/worms_1/config/worms_1.yaml
[1.657s] -- Installing: /home/jacobrod/worms_ws/install/worms_description/share/worms_description/models/rrbot
[1.657s] -- Installing: /home/jacobrod/worms_ws/install/worms_description/share/worms_description/models/rrbot/rrbot.xml
[1.658s] -- Installing: /home/jacobrod/worms_ws/install/worms_description/share/worms_description/models/rrbot/rrbot.xacro
[1.658s] -- Installing: /home/jacobrod/worms_ws/install/worms_description/share/worms_description/models/rrbot/materials.xacro
[1.658s] -- Installing: /home/jacobrod/worms_ws/install/worms_description/share/worms_description/models/rrbot/rrbot.gazebo
[1.658s] -- Installing: /home/jacobrod/worms_ws/install/worms_description/share/worms_description/environment/worms_description.dsv
[1.659s] -- Installing: /home/jacobrod/worms_ws/install/worms_description/share/worms_description/environment/worms_description.sh
[1.659s] -- Installing: /home/jacobrod/worms_ws/install/worms_description/share/ament_index/resource_index/package_run_dependencies/worms_description
[1.659s] -- Installing: /home/jacobrod/worms_ws/install/worms_description/share/ament_index/resource_index/parent_prefix_path/worms_description
[1.660s] -- Installing: /home/jacobrod/worms_ws/install/worms_description/share/worms_description/environment/ament_prefix_path.sh
[1.660s] -- Installing: /home/jacobrod/worms_ws/install/worms_description/share/worms_description/environment/ament_prefix_path.dsv
[1.660s] -- Installing: /home/jacobrod/worms_ws/install/worms_description/share/worms_description/environment/path.sh
[1.660s] -- Installing: /home/jacobrod/worms_ws/install/worms_description/share/worms_description/environment/path.dsv
[1.660s] -- Installing: /home/jacobrod/worms_ws/install/worms_description/share/worms_description/local_setup.bash
[1.660s] -- Installing: /home/jacobrod/worms_ws/install/worms_description/share/worms_description/local_setup.sh
[1.661s] -- Installing: /home/jacobrod/worms_ws/install/worms_description/share/worms_description/local_setup.zsh
[1.661s] -- Installing: /home/jacobrod/worms_ws/install/worms_description/share/worms_description/local_setup.dsv
[1.661s] -- Installing: /home/jacobrod/worms_ws/install/worms_description/share/worms_description/package.dsv
[1.661s] -- Installing: /home/jacobrod/worms_ws/install/worms_description/share/ament_index/resource_index/packages/worms_description
[1.661s] -- Installing: /home/jacobrod/worms_ws/install/worms_description/share/worms_description/cmake/worms_descriptionConfig.cmake
[1.661s] -- Installing: /home/jacobrod/worms_ws/install/worms_description/share/worms_description/cmake/worms_descriptionConfig-version.cmake
[1.661s] -- Installing: /home/jacobrod/worms_ws/install/worms_description/share/worms_description/package.xml
[1.978s] Invoked command in '/home/jacobrod/worms_ws/build/worms_description' returned '0': CMAKE_PREFIX_PATH=${CMAKE_PREFIX_PATH}:/home/jacobrod/worms_ws/install/worms_mech:/opt/ros/humble /usr/bin/cmake --install /home/jacobrod/worms_ws/build/worms_description
