[0.814s] Invoking command in '/home/oligo/worms_mech_ws/src/worms_mech': PYTHONPATH=/home/oligo/worms_mech_ws/build/worms_mech/prefix_override:/home/oligo/worms_mech_ws/install/worms_mech/lib/python3.10/site-packages:${PYTHONPATH} /usr/bin/python3 setup.py egg_info --egg-base ../../build/worms_mech build --build-base /home/oligo/worms_mech_ws/build/worms_mech/build install --record /home/oligo/worms_mech_ws/build/worms_mech/install.log --single-version-externally-managed
[1.036s] running egg_info
[1.038s] writing ../../build/worms_mech/worms_mech.egg-info/PKG-INFO
[1.038s] writing dependency_links to ../../build/worms_mech/worms_mech.egg-info/dependency_links.txt
[1.039s] writing entry points to ../../build/worms_mech/worms_mech.egg-info/entry_points.txt
[1.039s] writing requirements to ../../build/worms_mech/worms_mech.egg-info/requires.txt
[1.042s] writing top-level names to ../../build/worms_mech/worms_mech.egg-info/top_level.txt
[1.044s] reading manifest file '../../build/worms_mech/worms_mech.egg-info/SOURCES.txt'
[1.045s] writing manifest file '../../build/worms_mech/worms_mech.egg-info/SOURCES.txt'
[1.046s] running build
[1.046s] running build_py
[1.046s] copying worms_mech/hardware_interface.py -> /home/oligo/worms_mech_ws/build/worms_mech/build/lib/worms_mech
[1.048s] copying worms_mech/controller_nodev2.py -> /home/oligo/worms_mech_ws/build/worms_mech/build/lib/worms_mech
[1.048s] copying worms_mech/gait_action_node.py -> /home/oligo/worms_mech_ws/build/worms_mech/build/lib/worms_mech
[1.048s] copying worms_mech/gait_manager.py -> /home/oligo/worms_mech_ws/build/worms_mech/build/lib/worms_mech
[1.048s] copying worms_mech/camera_scanner.py -> /home/oligo/worms_mech_ws/build/worms_mech/build/lib/worms_mech
[1.049s] running install
[1.050s] /usr/lib/python3/dist-packages/setuptools/command/install.py:34: SetuptoolsDeprecationWarning: setup.py install is deprecated. Use build and pip and other standards-based tools.
[1.050s]   warnings.warn(
[1.050s] running install_lib
[1.051s] copying /home/oligo/worms_mech_ws/build/worms_mech/build/lib/worms_mech/hardware_interface.py -> /home/oligo/worms_mech_ws/install/worms_mech/lib/python3.10/site-packages/worms_mech
[1.051s] copying /home/oligo/worms_mech_ws/build/worms_mech/build/lib/worms_mech/controller_nodev2.py -> /home/oligo/worms_mech_ws/install/worms_mech/lib/python3.10/site-packages/worms_mech
[1.051s] copying /home/oligo/worms_mech_ws/build/worms_mech/build/lib/worms_mech/gait_action_node.py -> /home/oligo/worms_mech_ws/install/worms_mech/lib/python3.10/site-packages/worms_mech
[1.052s] copying /home/oligo/worms_mech_ws/build/worms_mech/build/lib/worms_mech/gait_manager.py -> /home/oligo/worms_mech_ws/install/worms_mech/lib/python3.10/site-packages/worms_mech
[1.052s] copying /home/oligo/worms_mech_ws/build/worms_mech/build/lib/worms_mech/camera_scanner.py -> /home/oligo/worms_mech_ws/install/worms_mech/lib/python3.10/site-packages/worms_mech
[1.053s] byte-compiling /home/oligo/worms_mech_ws/install/worms_mech/lib/python3.10/site-packages/worms_mech/hardware_interface.py to hardware_interface.cpython-310.pyc
[1.055s] byte-compiling /home/oligo/worms_mech_ws/install/worms_mech/lib/python3.10/site-packages/worms_mech/controller_nodev2.py to controller_nodev2.cpython-310.pyc
[1.056s] byte-compiling /home/oligo/worms_mech_ws/install/worms_mech/lib/python3.10/site-packages/worms_mech/gait_action_node.py to gait_action_node.cpython-310.pyc
[1.057s] byte-compiling /home/oligo/worms_mech_ws/install/worms_mech/lib/python3.10/site-packages/worms_mech/gait_manager.py to gait_manager.cpython-310.pyc
[1.059s] byte-compiling /home/oligo/worms_mech_ws/install/worms_mech/lib/python3.10/site-packages/worms_mech/camera_scanner.py to camera_scanner.cpython-310.pyc
[1.060s] running install_data
[1.060s] copying launch/camera.launch.py -> /home/oligo/worms_mech_ws/install/worms_mech/share/worms_mech
[1.060s] copying launch/gait.launch.py -> /home/oligo/worms_mech_ws/install/worms_mech/share/worms_mech
[1.060s] running install_egg_info
[1.062s] removing '/home/oligo/worms_mech_ws/install/worms_mech/lib/python3.10/site-packages/worms_mech-0.0.0-py3.10.egg-info' (and everything under it)
[1.063s] Copying ../../build/worms_mech/worms_mech.egg-info to /home/oligo/worms_mech_ws/install/worms_mech/lib/python3.10/site-packages/worms_mech-0.0.0-py3.10.egg-info
[1.065s] running install_scripts
[1.087s] Installing camera_scanner script to /home/oligo/worms_mech_ws/install/worms_mech/lib/worms_mech
[1.087s] Installing controller_node script to /home/oligo/worms_mech_ws/install/worms_mech/lib/worms_mech
[1.087s] Installing gait_action_node script to /home/oligo/worms_mech_ws/install/worms_mech/lib/worms_mech
[1.088s] Installing gait_manager script to /home/oligo/worms_mech_ws/install/worms_mech/lib/worms_mech
[1.088s] Installing gait_parser script to /home/oligo/worms_mech_ws/install/worms_mech/lib/worms_mech
[1.088s] Installing group_joint_controller script to /home/oligo/worms_mech_ws/install/worms_mech/lib/worms_mech
[1.089s] Installing hardware_interface script to /home/oligo/worms_mech_ws/install/worms_mech/lib/worms_mech
[1.089s] Installing joint_command_publisher script to /home/oligo/worms_mech_ws/install/worms_mech/lib/worms_mech
[1.089s] Installing joystick_control script to /home/oligo/worms_mech_ws/install/worms_mech/lib/worms_mech
[1.090s] Installing simple_hardware_interface script to /home/oligo/worms_mech_ws/install/worms_mech/lib/worms_mech
[1.090s] Installing stand_node script to /home/oligo/worms_mech_ws/install/worms_mech/lib/worms_mech
[1.090s] Installing testbed_interface script to /home/oligo/worms_mech_ws/install/worms_mech/lib/worms_mech
[1.090s] writing list of installed files to '/home/oligo/worms_mech_ws/build/worms_mech/install.log'
[1.117s] Invoked command in '/home/oligo/worms_mech_ws/src/worms_mech' returned '0': PYTHONPATH=/home/oligo/worms_mech_ws/build/worms_mech/prefix_override:/home/oligo/worms_mech_ws/install/worms_mech/lib/python3.10/site-packages:${PYTHONPATH} /usr/bin/python3 setup.py egg_info --egg-base ../../build/worms_mech build --build-base /home/oligo/worms_mech_ws/build/worms_mech/build install --record /home/oligo/worms_mech_ws/build/worms_mech/install.log --single-version-externally-managed
