[0.779s] Invoking command in '/home/jacobrod/worms_ws/build/sdformat_urdf': CMAKE_PREFIX_PATH=/home/jacobrod/worms_ws/install/sdformat_test_files:/home/jacobrod/worms_ws/install/worms_gazebo:/home/jacobrod/worms_ws/install/worms_description:/home/jacobrod/worms_ws/install/ros_ign:/home/jacobrod/worms_ws/install/ros_ign_gazebo_demos:/home/jacobrod/worms_ws/install/ros_gz:/home/jacobrod/worms_ws/install/ros_gz_sim_demos:/home/jacobrod/worms_ws/install/sdformat_urdf:/home/jacobrod/worms_ws/install/ros_ign_interfaces:/home/jacobrod/worms_ws/install/ros_ign_image:/home/jacobrod/worms_ws/install/ros_ign_gazebo:/home/jacobrod/worms_ws/install/ros_ign_bridge:/home/jacobrod/worms_ws/install/ros_gz_sim:/home/jacobrod/worms_ws/install/ros_gz_image:/home/jacobrod/worms_ws/install/ros_gz_bridge:/home/jacobrod/worms_ws/install/ros_gz_interfaces:/home/jacobrod/worms_ws/install/ros_gz_example_bringup:/home/jacobrod/worms_ws/install/ros_gz_example_gazebo:/home/jacobrod/worms_ws/install/ros_gz_example_description:/home/jacobrod/worms_ws/install/ros_gz_example_application:/home/jacobrod/worms_ws/install/core_bringup:/home/jacobrod/worms_ws/install/worms_mech:/opt/ros/humble /usr/bin/cmake --build /home/jacobrod/worms_ws/build/sdformat_urdf -- -j8 -l8
[1.014s] [35m[1mConsolidate compiler generated dependencies of target gtest[0m
[1.014s] [35m[1mConsolidate compiler generated dependencies of target sdformat_urdf[0m
[1.014s] [35m[1mConsolidate compiler generated dependencies of target gtest_main[0m
[1.014s] [  9%] Built target gtest
[1.015s] [ 18%] Built target gtest_main
[1.015s] [ 27%] Built target sdformat_urdf
[1.015s] [35m[1mConsolidate compiler generated dependencies of target sdf_material_tests[0m
[1.015s] [35m[1mConsolidate compiler generated dependencies of target sdf_joint_tests[0m
[1.015s] [35m[1mConsolidate compiler generated dependencies of target sdformat_urdf_plugin[0m
[1.015s] [35m[1mConsolidate compiler generated dependencies of target sdf_link_tests[0m
[1.015s] [35m[1mConsolidate compiler generated dependencies of target sdf_geometry_tests[0m
[1.016s] [35m[1mConsolidate compiler generated dependencies of target sdf_graph_tests[0m
[1.016s] [ 45%] Built target sdf_joint_tests
[1.016s] [ 45%] Built target sdf_material_tests
[1.017s] [ 63%] Built target sdformat_urdf_plugin
[1.017s] [ 68%] Built target sdf_graph_tests
[1.017s] [ 72%] Built target sdf_geometry_tests
[1.017s] [ 81%] Built target sdf_link_tests
[1.017s] [35m[1mConsolidate compiler generated dependencies of target sdf_model_tests[0m
[1.017s] [35m[1mConsolidate compiler generated dependencies of target sdf_pose_tests[0m
[1.017s] [ 90%] Built target sdf_pose_tests
[1.017s] [100%] Built target sdf_model_tests
[1.128s] Invoked command in '/home/jacobrod/worms_ws/build/sdformat_urdf' returned '0': CMAKE_PREFIX_PATH=/home/jacobrod/worms_ws/install/sdformat_test_files:/home/jacobrod/worms_ws/install/worms_gazebo:/home/jacobrod/worms_ws/install/worms_description:/home/jacobrod/worms_ws/install/ros_ign:/home/jacobrod/worms_ws/install/ros_ign_gazebo_demos:/home/jacobrod/worms_ws/install/ros_gz:/home/jacobrod/worms_ws/install/ros_gz_sim_demos:/home/jacobrod/worms_ws/install/sdformat_urdf:/home/jacobrod/worms_ws/install/ros_ign_interfaces:/home/jacobrod/worms_ws/install/ros_ign_image:/home/jacobrod/worms_ws/install/ros_ign_gazebo:/home/jacobrod/worms_ws/install/ros_ign_bridge:/home/jacobrod/worms_ws/install/ros_gz_sim:/home/jacobrod/worms_ws/install/ros_gz_image:/home/jacobrod/worms_ws/install/ros_gz_bridge:/home/jacobrod/worms_ws/install/ros_gz_interfaces:/home/jacobrod/worms_ws/install/ros_gz_example_bringup:/home/jacobrod/worms_ws/install/ros_gz_example_gazebo:/home/jacobrod/worms_ws/install/ros_gz_example_description:/home/jacobrod/worms_ws/install/ros_gz_example_application:/home/jacobrod/worms_ws/install/core_bringup:/home/jacobrod/worms_ws/install/worms_mech:/opt/ros/humble /usr/bin/cmake --build /home/jacobrod/worms_ws/build/sdformat_urdf -- -j8 -l8
[1.206s] Invoking command in '/home/jacobrod/worms_ws/build/sdformat_urdf': CMAKE_PREFIX_PATH=/home/jacobrod/worms_ws/install/sdformat_test_files:/home/jacobrod/worms_ws/install/worms_gazebo:/home/jacobrod/worms_ws/install/worms_description:/home/jacobrod/worms_ws/install/ros_ign:/home/jacobrod/worms_ws/install/ros_ign_gazebo_demos:/home/jacobrod/worms_ws/install/ros_gz:/home/jacobrod/worms_ws/install/ros_gz_sim_demos:/home/jacobrod/worms_ws/install/sdformat_urdf:/home/jacobrod/worms_ws/install/ros_ign_interfaces:/home/jacobrod/worms_ws/install/ros_ign_image:/home/jacobrod/worms_ws/install/ros_ign_gazebo:/home/jacobrod/worms_ws/install/ros_ign_bridge:/home/jacobrod/worms_ws/install/ros_gz_sim:/home/jacobrod/worms_ws/install/ros_gz_image:/home/jacobrod/worms_ws/install/ros_gz_bridge:/home/jacobrod/worms_ws/install/ros_gz_interfaces:/home/jacobrod/worms_ws/install/ros_gz_example_bringup:/home/jacobrod/worms_ws/install/ros_gz_example_gazebo:/home/jacobrod/worms_ws/install/ros_gz_example_description:/home/jacobrod/worms_ws/install/ros_gz_example_application:/home/jacobrod/worms_ws/install/core_bringup:/home/jacobrod/worms_ws/install/worms_mech:/opt/ros/humble /usr/bin/cmake --install /home/jacobrod/worms_ws/build/sdformat_urdf
[1.214s] -- Install configuration: ""
[1.215s] -- Up-to-date: /home/jacobrod/worms_ws/install/sdformat_urdf/lib/libsdformat_urdf.so
[1.215s] -- Up-to-date: /home/jacobrod/worms_ws/install/sdformat_urdf/lib/libsdformat_urdf_plugin.so
[1.216s] -- Up-to-date: /home/jacobrod/worms_ws/install/sdformat_urdf/include
[1.216s] -- Up-to-date: /home/jacobrod/worms_ws/install/sdformat_urdf/include/sdformat_urdf
[1.216s] -- Up-to-date: /home/jacobrod/worms_ws/install/sdformat_urdf/include/sdformat_urdf/visibility_control.hpp
[1.217s] -- Up-to-date: /home/jacobrod/worms_ws/install/sdformat_urdf/include/sdformat_urdf/sdformat_urdf.hpp
[1.217s] -- Up-to-date: /home/jacobrod/worms_ws/install/sdformat_urdf/share/sdformat_urdf/environment/library_path.sh
[1.217s] -- Up-to-date: /home/jacobrod/worms_ws/install/sdformat_urdf/share/sdformat_urdf/environment/library_path.dsv
[1.218s] -- Up-to-date: /home/jacobrod/worms_ws/install/sdformat_urdf/share/sdformat_urdf/sdformat_urdf_plugin.xml
[1.218s] -- Up-to-date: /home/jacobrod/worms_ws/install/sdformat_urdf/share/ament_index/resource_index/package_run_dependencies/sdformat_urdf
[1.218s] -- Up-to-date: /home/jacobrod/worms_ws/install/sdformat_urdf/share/ament_index/resource_index/parent_prefix_path/sdformat_urdf
[1.218s] -- Up-to-date: /home/jacobrod/worms_ws/install/sdformat_urdf/share/sdformat_urdf/environment/ament_prefix_path.sh
[1.218s] -- Up-to-date: /home/jacobrod/worms_ws/install/sdformat_urdf/share/sdformat_urdf/environment/ament_prefix_path.dsv
[1.218s] -- Up-to-date: /home/jacobrod/worms_ws/install/sdformat_urdf/share/sdformat_urdf/environment/path.sh
[1.219s] -- Up-to-date: /home/jacobrod/worms_ws/install/sdformat_urdf/share/sdformat_urdf/environment/path.dsv
[1.219s] -- Up-to-date: /home/jacobrod/worms_ws/install/sdformat_urdf/share/sdformat_urdf/local_setup.bash
[1.219s] -- Up-to-date: /home/jacobrod/worms_ws/install/sdformat_urdf/share/sdformat_urdf/local_setup.sh
[1.219s] -- Up-to-date: /home/jacobrod/worms_ws/install/sdformat_urdf/share/sdformat_urdf/local_setup.zsh
[1.219s] -- Up-to-date: /home/jacobrod/worms_ws/install/sdformat_urdf/share/sdformat_urdf/local_setup.dsv
[1.220s] -- Installing: /home/jacobrod/worms_ws/install/sdformat_urdf/share/sdformat_urdf/package.dsv
[1.220s] -- Up-to-date: /home/jacobrod/worms_ws/install/sdformat_urdf/share/ament_index/resource_index/packages/sdformat_urdf
[1.220s] -- Up-to-date: /home/jacobrod/worms_ws/install/sdformat_urdf/share/ament_index/resource_index/urdf_parser_plugin__pluginlib__plugin/sdformat_urdf
[1.221s] -- Up-to-date: /home/jacobrod/worms_ws/install/sdformat_urdf/share/sdformat_urdf/cmake/sdformat_urdf-exportExport.cmake
[1.221s] -- Up-to-date: /home/jacobrod/worms_ws/install/sdformat_urdf/share/sdformat_urdf/cmake/sdformat_urdf-exportExport-noconfig.cmake
[1.222s] -- Up-to-date: /home/jacobrod/worms_ws/install/sdformat_urdf/share/sdformat_urdf/cmake/ament_cmake_export_dependencies-extras.cmake
[1.222s] -- Up-to-date: /home/jacobrod/worms_ws/install/sdformat_urdf/share/sdformat_urdf/cmake/ament_cmake_export_targets-extras.cmake
[1.222s] -- Up-to-date: /home/jacobrod/worms_ws/install/sdformat_urdf/share/sdformat_urdf/cmake/sdformat_urdfConfig.cmake
[1.223s] -- Up-to-date: /home/jacobrod/worms_ws/install/sdformat_urdf/share/sdformat_urdf/cmake/sdformat_urdfConfig-version.cmake
[1.223s] -- Up-to-date: /home/jacobrod/worms_ws/install/sdformat_urdf/share/sdformat_urdf/package.xml
[1.224s] Invoked command in '/home/jacobrod/worms_ws/build/sdformat_urdf' returned '0': CMAKE_PREFIX_PATH=/home/jacobrod/worms_ws/install/sdformat_test_files:/home/jacobrod/worms_ws/install/worms_gazebo:/home/jacobrod/worms_ws/install/worms_description:/home/jacobrod/worms_ws/install/ros_ign:/home/jacobrod/worms_ws/install/ros_ign_gazebo_demos:/home/jacobrod/worms_ws/install/ros_gz:/home/jacobrod/worms_ws/install/ros_gz_sim_demos:/home/jacobrod/worms_ws/install/sdformat_urdf:/home/jacobrod/worms_ws/install/ros_ign_interfaces:/home/jacobrod/worms_ws/install/ros_ign_image:/home/jacobrod/worms_ws/install/ros_ign_gazebo:/home/jacobrod/worms_ws/install/ros_ign_bridge:/home/jacobrod/worms_ws/install/ros_gz_sim:/home/jacobrod/worms_ws/install/ros_gz_image:/home/jacobrod/worms_ws/install/ros_gz_bridge:/home/jacobrod/worms_ws/install/ros_gz_interfaces:/home/jacobrod/worms_ws/install/ros_gz_example_bringup:/home/jacobrod/worms_ws/install/ros_gz_example_gazebo:/home/jacobrod/worms_ws/install/ros_gz_example_description:/home/jacobrod/worms_ws/install/ros_gz_example_application:/home/jacobrod/worms_ws/install/core_bringup:/home/jacobrod/worms_ws/install/worms_mech:/opt/ros/humble /usr/bin/cmake --install /home/jacobrod/worms_ws/build/sdformat_urdf
