[2.829s] Invoking command in '/home/worm3/worms_mech_ws/src/worms_mech': PYTHONPATH=/home/worm3/worms_mech_ws/build/worms_mech/prefix_override:/home/worm3/worms_mech_ws/install/worms_mech/lib/python3.10/site-packages:${PYTHONPATH} /usr/bin/python3 setup.py egg_info --egg-base ../../build/worms_mech build --build-base /home/worm3/worms_mech_ws/build/worms_mech/build install --record /home/worm3/worms_mech_ws/build/worms_mech/install.log --single-version-externally-managed
[3.750s] running egg_info
[3.753s] writing ../../build/worms_mech/worms_mech.egg-info/PKG-INFO
[3.754s] writing dependency_links to ../../build/worms_mech/worms_mech.egg-info/dependency_links.txt
[3.756s] writing entry points to ../../build/worms_mech/worms_mech.egg-info/entry_points.txt
[3.757s] writing requirements to ../../build/worms_mech/worms_mech.egg-info/requires.txt
[3.757s] writing top-level names to ../../build/worms_mech/worms_mech.egg-info/top_level.txt
[3.765s] reading manifest file '../../build/worms_mech/worms_mech.egg-info/SOURCES.txt'
[3.770s] writing manifest file '../../build/worms_mech/worms_mech.egg-info/SOURCES.txt'
[3.770s] running build
[3.771s] running build_py
[3.774s] copying worms_mech/group_joint_controller.py -> /home/worm3/worms_mech_ws/build/worms_mech/build/lib/worms_mech
[3.777s] running install
[3.778s] /usr/lib/python3/dist-packages/setuptools/command/install.py:34: SetuptoolsDeprecationWarning: setup.py install is deprecated. Use build and pip and other standards-based tools.
[3.778s]   warnings.warn(
[3.779s] running install_lib
[3.784s] copying /home/worm3/worms_mech_ws/build/worms_mech/build/lib/worms_mech/group_joint_controller.py -> /home/worm3/worms_mech_ws/install/worms_mech/lib/python3.10/site-packages/worms_mech
[3.789s] byte-compiling /home/worm3/worms_mech_ws/install/worms_mech/lib/python3.10/site-packages/worms_mech/group_joint_controller.py to group_joint_controller.cpython-310.pyc
[3.794s] running install_data
[3.796s] running install_egg_info
[3.802s] removing '/home/worm3/worms_mech_ws/install/worms_mech/lib/python3.10/site-packages/worms_mech-0.0.0-py3.10.egg-info' (and everything under it)
[3.804s] Copying ../../build/worms_mech/worms_mech.egg-info to /home/worm3/worms_mech_ws/install/worms_mech/lib/python3.10/site-packages/worms_mech-0.0.0-py3.10.egg-info
[3.809s] running install_scripts
[3.885s] Installing camera_scanner script to /home/worm3/worms_mech_ws/install/worms_mech/lib/worms_mech
[3.886s] Installing controller_node script to /home/worm3/worms_mech_ws/install/worms_mech/lib/worms_mech
[3.887s] Installing gait_action_node script to /home/worm3/worms_mech_ws/install/worms_mech/lib/worms_mech
[3.888s] Installing gait_manager script to /home/worm3/worms_mech_ws/install/worms_mech/lib/worms_mech
[3.889s] Installing gait_parser script to /home/worm3/worms_mech_ws/install/worms_mech/lib/worms_mech
[3.889s] Installing group_joint_controller script to /home/worm3/worms_mech_ws/install/worms_mech/lib/worms_mech
[3.890s] Installing hardware_interface script to /home/worm3/worms_mech_ws/install/worms_mech/lib/worms_mech
[3.891s] Installing joint_command_publisher script to /home/worm3/worms_mech_ws/install/worms_mech/lib/worms_mech
[3.892s] Installing joystick_control script to /home/worm3/worms_mech_ws/install/worms_mech/lib/worms_mech
[3.893s] Installing simple_hardware_interface script to /home/worm3/worms_mech_ws/install/worms_mech/lib/worms_mech
[3.894s] Installing stand_node script to /home/worm3/worms_mech_ws/install/worms_mech/lib/worms_mech
[3.894s] Installing testbed_interface script to /home/worm3/worms_mech_ws/install/worms_mech/lib/worms_mech
[3.897s] writing list of installed files to '/home/worm3/worms_mech_ws/build/worms_mech/install.log'
[4.010s] Invoked command in '/home/worm3/worms_mech_ws/src/worms_mech' returned '0': PYTHONPATH=/home/worm3/worms_mech_ws/build/worms_mech/prefix_override:/home/worm3/worms_mech_ws/install/worms_mech/lib/python3.10/site-packages:${PYTHONPATH} /usr/bin/python3 setup.py egg_info --egg-base ../../build/worms_mech build --build-base /home/worm3/worms_mech_ws/build/worms_mech/build install --record /home/worm3/worms_mech_ws/build/worms_mech/install.log --single-version-externally-managed
