[0.227s] Invoking command in '/home/jacobrod/worms_ws/build/ros_ign_interfaces': CMAKE_PREFIX_PATH=/home/jacobrod/worms_ws/install/ros_gz_interfaces:/home/jacobrod/worms_ws/install/worms_gazebo:/home/jacobrod/worms_ws/install/worms_description:/home/jacobrod/worms_ws/install/ros_ign:/home/jacobrod/worms_ws/install/ros_ign_gazebo_demos:/home/jacobrod/worms_ws/install/ros_gz:/home/jacobrod/worms_ws/install/ros_gz_sim_demos:/home/jacobrod/worms_ws/install/sdformat_urdf:/home/jacobrod/worms_ws/install/sdformat_test_files:/home/jacobrod/worms_ws/install/ros_ign_interfaces:/home/jacobrod/worms_ws/install/ros_ign_image:/home/jacobrod/worms_ws/install/ros_ign_gazebo:/home/jacobrod/worms_ws/install/ros_ign_bridge:/home/jacobrod/worms_ws/install/ros_gz_sim:/home/jacobrod/worms_ws/install/ros_gz_image:/home/jacobrod/worms_ws/install/ros_gz_bridge:/home/jacobrod/worms_ws/install/ros_gz_example_bringup:/home/jacobrod/worms_ws/install/ros_gz_example_gazebo:/home/jacobrod/worms_ws/install/ros_gz_example_description:/home/jacobrod/worms_ws/install/ros_gz_example_application:/home/jacobrod/worms_ws/install/core_bringup:/home/jacobrod/worms_ws/install/worms_mech:/opt/ros/humble LD_LIBRARY_PATH=/home/jacobrod/worms_ws/install/ros_gz_interfaces/lib:/home/jacobrod/worms_ws/install/sdformat_urdf/lib:/home/jacobrod/worms_ws/install/ros_ign_interfaces/lib:/home/jacobrod/worms_ws/install/ros_gz_sim/lib:/home/jacobrod/worms_ws/install/ros_gz_bridge/lib:/opt/ros/humble/opt/rviz_ogre_vendor/lib:/opt/ros/humble/lib/x86_64-linux-gnu:/opt/ros/humble/lib /usr/bin/cmake --build /home/jacobrod/worms_ws/build/ros_ign_interfaces -- -j8 -l8
[0.306s] [35m[1mConsolidate compiler generated dependencies of target ros_ign_interfaces__rosidl_generator_c[0m
[0.321s] [  0%] Built target ros_ign_interfaces__cpp
[0.344s] [  0%] Built target ament_cmake_python_copy_ros_ign_interfaces
[0.344s] [ 12%] Built target ros_ign_interfaces__rosidl_generator_c
[0.347s] [35m[1mConsolidate compiler generated dependencies of target ros_ign_interfaces__rosidl_typesupport_cpp[0m
[0.354s] [35m[1mConsolidate compiler generated dependencies of target ros_ign_interfaces__rosidl_typesupport_fastrtps_cpp[0m
[0.357s] [35m[1mConsolidate compiler generated dependencies of target ros_ign_interfaces__rosidl_typesupport_introspection_cpp[0m
[0.385s] [35m[1mConsolidate compiler generated dependencies of target ros_ign_interfaces__rosidl_typesupport_c[0m
[0.387s] [35m[1mConsolidate compiler generated dependencies of target ros_ign_interfaces__rosidl_typesupport_fastrtps_c[0m
[0.392s] [35m[1mConsolidate compiler generated dependencies of target ros_ign_interfaces__rosidl_typesupport_introspection_c[0m
[0.416s] [ 24%] Built target ros_ign_interfaces__rosidl_typesupport_cpp
[0.420s] [ 36%] Built target ros_ign_interfaces__rosidl_typesupport_c
[0.422s] [ 48%] Built target ros_ign_interfaces__rosidl_typesupport_fastrtps_cpp
[0.429s] [ 60%] Built target ros_ign_interfaces__rosidl_typesupport_introspection_c
[0.432s] [ 72%] Built target ros_ign_interfaces__rosidl_typesupport_introspection_cpp
[0.469s] [ 84%] Built target ros_ign_interfaces__rosidl_typesupport_fastrtps_c
[0.505s] [ 84%] Built target ros_ign_interfaces
[0.572s] [ 85%] Built target ros_ign_interfaces__py
[0.629s] [35m[1mConsolidate compiler generated dependencies of target ros_ign_interfaces__rosidl_generator_py[0m
[0.735s] [ 96%] Built target ros_ign_interfaces__rosidl_generator_py
[0.802s] [35m[1mConsolidate compiler generated dependencies of target ros_ign_interfaces__rosidl_typesupport_fastrtps_c__pyext[0m
[0.816s] [35m[1mConsolidate compiler generated dependencies of target ros_ign_interfaces__rosidl_typesupport_introspection_c__pyext[0m
[0.828s] [35m[1mConsolidate compiler generated dependencies of target ros_ign_interfaces__rosidl_typesupport_c__pyext[0m
[0.935s] [ 97%] Built target ros_ign_interfaces__rosidl_typesupport_fastrtps_c__pyext
[0.945s] [ 99%] Built target ros_ign_interfaces__rosidl_typesupport_introspection_c__pyext
[0.949s] [100%] Built target ros_ign_interfaces__rosidl_typesupport_c__pyext
[1.064s] running egg_info
[1.066s] writing ros_ign_interfaces.egg-info/PKG-INFO
[1.066s] writing dependency_links to ros_ign_interfaces.egg-info/dependency_links.txt
[1.067s] writing top-level names to ros_ign_interfaces.egg-info/top_level.txt
[1.072s] reading manifest file 'ros_ign_interfaces.egg-info/SOURCES.txt'
[1.074s] writing manifest file 'ros_ign_interfaces.egg-info/SOURCES.txt'
[1.145s] [100%] Built target ament_cmake_python_build_ros_ign_interfaces_egg
[1.176s] Invoked command in '/home/jacobrod/worms_ws/build/ros_ign_interfaces' returned '0': CMAKE_PREFIX_PATH=/home/jacobrod/worms_ws/install/ros_gz_interfaces:/home/jacobrod/worms_ws/install/worms_gazebo:/home/jacobrod/worms_ws/install/worms_description:/home/jacobrod/worms_ws/install/ros_ign:/home/jacobrod/worms_ws/install/ros_ign_gazebo_demos:/home/jacobrod/worms_ws/install/ros_gz:/home/jacobrod/worms_ws/install/ros_gz_sim_demos:/home/jacobrod/worms_ws/install/sdformat_urdf:/home/jacobrod/worms_ws/install/sdformat_test_files:/home/jacobrod/worms_ws/install/ros_ign_interfaces:/home/jacobrod/worms_ws/install/ros_ign_image:/home/jacobrod/worms_ws/install/ros_ign_gazebo:/home/jacobrod/worms_ws/install/ros_ign_bridge:/home/jacobrod/worms_ws/install/ros_gz_sim:/home/jacobrod/worms_ws/install/ros_gz_image:/home/jacobrod/worms_ws/install/ros_gz_bridge:/home/jacobrod/worms_ws/install/ros_gz_example_bringup:/home/jacobrod/worms_ws/install/ros_gz_example_gazebo:/home/jacobrod/worms_ws/install/ros_gz_example_description:/home/jacobrod/worms_ws/install/ros_gz_example_application:/home/jacobrod/worms_ws/install/core_bringup:/home/jacobrod/worms_ws/install/worms_mech:/opt/ros/humble LD_LIBRARY_PATH=/home/jacobrod/worms_ws/install/ros_gz_interfaces/lib:/home/jacobrod/worms_ws/install/sdformat_urdf/lib:/home/jacobrod/worms_ws/install/ros_ign_interfaces/lib:/home/jacobrod/worms_ws/install/ros_gz_sim/lib:/home/jacobrod/worms_ws/install/ros_gz_bridge/lib:/opt/ros/humble/opt/rviz_ogre_vendor/lib:/opt/ros/humble/lib/x86_64-linux-gnu:/opt/ros/humble/lib /usr/bin/cmake --build /home/jacobrod/worms_ws/build/ros_ign_interfaces -- -j8 -l8
[5.437s] Invoking command in '/home/jacobrod/worms_ws/build/ros_ign_interfaces': CMAKE_PREFIX_PATH=/home/jacobrod/worms_ws/install/ros_gz_interfaces:/home/jacobrod/worms_ws/install/worms_gazebo:/home/jacobrod/worms_ws/install/worms_description:/home/jacobrod/worms_ws/install/ros_ign:/home/jacobrod/worms_ws/install/ros_ign_gazebo_demos:/home/jacobrod/worms_ws/install/ros_gz:/home/jacobrod/worms_ws/install/ros_gz_sim_demos:/home/jacobrod/worms_ws/install/sdformat_urdf:/home/jacobrod/worms_ws/install/sdformat_test_files:/home/jacobrod/worms_ws/install/ros_ign_interfaces:/home/jacobrod/worms_ws/install/ros_ign_image:/home/jacobrod/worms_ws/install/ros_ign_gazebo:/home/jacobrod/worms_ws/install/ros_ign_bridge:/home/jacobrod/worms_ws/install/ros_gz_sim:/home/jacobrod/worms_ws/install/ros_gz_image:/home/jacobrod/worms_ws/install/ros_gz_bridge:/home/jacobrod/worms_ws/install/ros_gz_example_bringup:/home/jacobrod/worms_ws/install/ros_gz_example_gazebo:/home/jacobrod/worms_ws/install/ros_gz_example_description:/home/jacobrod/worms_ws/install/ros_gz_example_application:/home/jacobrod/worms_ws/install/core_bringup:/home/jacobrod/worms_ws/install/worms_mech:/opt/ros/humble LD_LIBRARY_PATH=/home/jacobrod/worms_ws/install/ros_gz_interfaces/lib:/home/jacobrod/worms_ws/install/sdformat_urdf/lib:/home/jacobrod/worms_ws/install/ros_ign_interfaces/lib:/home/jacobrod/worms_ws/install/ros_gz_sim/lib:/home/jacobrod/worms_ws/install/ros_gz_bridge/lib:/opt/ros/humble/opt/rviz_ogre_vendor/lib:/opt/ros/humble/lib/x86_64-linux-gnu:/opt/ros/humble/lib /usr/bin/cmake --install /home/jacobrod/worms_ws/build/ros_ign_interfaces
[5.476s] -- Install configuration: ""
[5.476s] -- Up-to-date: /home/jacobrod/worms_ws/install/ros_ign_interfaces/share/ament_index/resource_index/rosidl_interfaces/ros_ign_interfaces
[5.477s] -- Up-to-date: /home/jacobrod/worms_ws/install/ros_ign_interfaces/include/ros_ign_interfaces/ros_ign_interfaces
[5.477s] -- Up-to-date: /home/jacobrod/worms_ws/install/ros_ign_interfaces/include/ros_ign_interfaces/ros_ign_interfaces/msg
[5.477s] -- Up-to-date: /home/jacobrod/worms_ws/install/ros_ign_interfaces/include/ros_ign_interfaces/ros_ign_interfaces/msg/track_visual.h
[5.477s] -- Up-to-date: /home/jacobrod/worms_ws/install/ros_ign_interfaces/include/ros_ign_interfaces/ros_ign_interfaces/msg/world_reset.h
[5.478s] -- Up-to-date: /home/jacobrod/worms_ws/install/ros_ign_interfaces/include/ros_ign_interfaces/ros_ign_interfaces/msg/rosidl_generator_c__visibility_control.h
[5.478s] -- Up-to-date: /home/jacobrod/worms_ws/install/ros_ign_interfaces/include/ros_ign_interfaces/ros_ign_interfaces/msg/entity.h
[5.478s] -- Up-to-date: /home/jacobrod/worms_ws/install/ros_ign_interfaces/include/ros_ign_interfaces/ros_ign_interfaces/msg/string_vec.h
[5.478s] -- Up-to-date: /home/jacobrod/worms_ws/install/ros_ign_interfaces/include/ros_ign_interfaces/ros_ign_interfaces/msg/light.h
[5.478s] -- Up-to-date: /home/jacobrod/worms_ws/install/ros_ign_interfaces/include/ros_ign_interfaces/ros_ign_interfaces/msg/detail
[5.479s] -- Up-to-date: /home/jacobrod/worms_ws/install/ros_ign_interfaces/include/ros_ign_interfaces/ros_ign_interfaces/msg/detail/video_record__type_support.h
[5.479s] -- Up-to-date: /home/jacobrod/worms_ws/install/ros_ign_interfaces/include/ros_ign_interfaces/ros_ign_interfaces/msg/detail/gui_camera__functions.c
[5.479s] -- Up-to-date: /home/jacobrod/worms_ws/install/ros_ign_interfaces/include/ros_ign_interfaces/ros_ign_interfaces/msg/detail/entity__struct.h
[5.479s] -- Up-to-date: /home/jacobrod/worms_ws/install/ros_ign_interfaces/include/ros_ign_interfaces/ros_ign_interfaces/msg/detail/light__functions.c
[5.479s] -- Up-to-date: /home/jacobrod/worms_ws/install/ros_ign_interfaces/include/ros_ign_interfaces/ros_ign_interfaces/msg/detail/video_record__functions.h
[5.480s] -- Up-to-date: /home/jacobrod/worms_ws/install/ros_ign_interfaces/include/ros_ign_interfaces/ros_ign_interfaces/msg/detail/world_control__functions.h
[5.480s] -- Up-to-date: /home/jacobrod/worms_ws/install/ros_ign_interfaces/include/ros_ign_interfaces/ros_ign_interfaces/msg/detail/string_vec__functions.h
[5.480s] -- Up-to-date: /home/jacobrod/worms_ws/install/ros_ign_interfaces/include/ros_ign_interfaces/ros_ign_interfaces/msg/detail/string_vec__type_support.h
[5.480s] -- Up-to-date: /home/jacobrod/worms_ws/install/ros_ign_interfaces/include/ros_ign_interfaces/ros_ign_interfaces/msg/detail/video_record__functions.c
[5.480s] -- Up-to-date: /home/jacobrod/worms_ws/install/ros_ign_interfaces/include/ros_ign_interfaces/ros_ign_interfaces/msg/detail/entity__functions.h
[5.481s] -- Up-to-date: /home/jacobrod/worms_ws/install/ros_ign_interfaces/include/ros_ign_interfaces/ros_ign_interfaces/msg/detail/light__type_support.h
[5.481s] -- Up-to-date: /home/jacobrod/worms_ws/install/ros_ign_interfaces/include/ros_ign_interfaces/ros_ign_interfaces/msg/detail/world_control__struct.h
[5.481s] -- Up-to-date: /home/jacobrod/worms_ws/install/ros_ign_interfaces/include/ros_ign_interfaces/ros_ign_interfaces/msg/detail/world_control__functions.c
[5.481s] -- Up-to-date: /home/jacobrod/worms_ws/install/ros_ign_interfaces/include/ros_ign_interfaces/ros_ign_interfaces/msg/detail/string_vec__struct.h
[5.481s] -- Up-to-date: /home/jacobrod/worms_ws/install/ros_ign_interfaces/include/ros_ign_interfaces/ros_ign_interfaces/msg/detail/string_vec__functions.c
[5.481s] -- Up-to-date: /home/jacobrod/worms_ws/install/ros_ign_interfaces/include/ros_ign_interfaces/ros_ign_interfaces/msg/detail/joint_wrench__type_support.h
[5.481s] -- Up-to-date: /home/jacobrod/worms_ws/install/ros_ign_interfaces/include/ros_ign_interfaces/ros_ign_interfaces/msg/detail/contacts__struct.h
[5.482s] -- Up-to-date: /home/jacobrod/worms_ws/install/ros_ign_interfaces/include/ros_ign_interfaces/ros_ign_interfaces/msg/detail/track_visual__functions.h
[5.482s] -- Up-to-date: /home/jacobrod/worms_ws/install/ros_ign_interfaces/include/ros_ign_interfaces/ros_ign_interfaces/msg/detail/joint_wrench__struct.h
[5.482s] -- Up-to-date: /home/jacobrod/worms_ws/install/ros_ign_interfaces/include/ros_ign_interfaces/ros_ign_interfaces/msg/detail/contact__type_support.h
[5.482s] -- Up-to-date: /home/jacobrod/worms_ws/install/ros_ign_interfaces/include/ros_ign_interfaces/ros_ign_interfaces/msg/detail/world_reset__functions.h
[5.482s] -- Up-to-date: /home/jacobrod/worms_ws/install/ros_ign_interfaces/include/ros_ign_interfaces/ros_ign_interfaces/msg/detail/entity__type_support.h
[5.482s] -- Up-to-date: /home/jacobrod/worms_ws/install/ros_ign_interfaces/include/ros_ign_interfaces/ros_ign_interfaces/msg/detail/light__functions.h
[5.492s] -- Up-to-date: /home/jacobrod/worms_ws/install/ros_ign_interfaces/include/ros_ign_interfaces/ros_ign_interfaces/msg/detail/world_reset__functions.c
[5.492s] -- Up-to-date: /home/jacobrod/worms_ws/install/ros_ign_interfaces/include/ros_ign_interfaces/ros_ign_interfaces/msg/detail/world_reset__type_support.h
[5.492s] -- Up-to-date: /home/jacobrod/worms_ws/install/ros_ign_interfaces/include/ros_ign_interfaces/ros_ign_interfaces/msg/detail/gui_camera__type_support.h
[5.493s] -- Up-to-date: /home/jacobrod/worms_ws/install/ros_ign_interfaces/include/ros_ign_interfaces/ros_ign_interfaces/msg/detail/video_record__struct.h
[5.493s] -- Up-to-date: /home/jacobrod/worms_ws/install/ros_ign_interfaces/include/ros_ign_interfaces/ros_ign_interfaces/msg/detail/entity_factory__functions.c
[5.493s] -- Up-to-date: /home/jacobrod/worms_ws/install/ros_ign_interfaces/include/ros_ign_interfaces/ros_ign_interfaces/msg/detail/track_visual__struct.h
[5.494s] -- Up-to-date: /home/jacobrod/worms_ws/install/ros_ign_interfaces/include/ros_ign_interfaces/ros_ign_interfaces/msg/detail/contacts__functions.c
[5.494s] -- Up-to-date: /home/jacobrod/worms_ws/install/ros_ign_interfaces/include/ros_ign_interfaces/ros_ign_interfaces/msg/detail/joint_wrench__functions.c
[5.494s] -- Up-to-date: /home/jacobrod/worms_ws/install/ros_ign_interfaces/include/ros_ign_interfaces/ros_ign_interfaces/msg/detail/gui_camera__functions.h
[5.494s] -- Up-to-date: /home/jacobrod/worms_ws/install/ros_ign_interfaces/include/ros_ign_interfaces/ros_ign_interfaces/msg/detail/contact__functions.h
[5.494s] -- Up-to-date: /home/jacobrod/worms_ws/install/ros_ign_interfaces/include/ros_ign_interfaces/ros_ign_interfaces/msg/detail/gui_camera__struct.h
[5.495s] -- Up-to-date: /home/jacobrod/worms_ws/install/ros_ign_interfaces/include/ros_ign_interfaces/ros_ign_interfaces/msg/detail/contacts__functions.h
[5.495s] -- Up-to-date: /home/jacobrod/worms_ws/install/ros_ign_interfaces/include/ros_ign_interfaces/ros_ign_interfaces/msg/detail/joint_wrench__functions.h
[5.496s] -- Up-to-date: /home/jacobrod/worms_ws/install/ros_ign_interfaces/include/ros_ign_interfaces/ros_ign_interfaces/msg/detail/contacts__type_support.h
[5.496s] -- Up-to-date: /home/jacobrod/worms_ws/install/ros_ign_interfaces/include/ros_ign_interfaces/ros_ign_interfaces/msg/detail/track_visual__functions.c
[5.497s] -- Up-to-date: /home/jacobrod/worms_ws/install/ros_ign_interfaces/include/ros_ign_interfaces/ros_ign_interfaces/msg/detail/entity_factory__functions.h
[5.497s] -- Up-to-date: /home/jacobrod/worms_ws/install/ros_ign_interfaces/include/ros_ign_interfaces/ros_ign_interfaces/msg/detail/entity__functions.c
[5.497s] -- Up-to-date: /home/jacobrod/worms_ws/install/ros_ign_interfaces/include/ros_ign_interfaces/ros_ign_interfaces/msg/detail/entity_factory__struct.h
[5.497s] -- Up-to-date: /home/jacobrod/worms_ws/install/ros_ign_interfaces/include/ros_ign_interfaces/ros_ign_interfaces/msg/detail/entity_factory__type_support.h
[5.498s] -- Up-to-date: /home/jacobrod/worms_ws/install/ros_ign_interfaces/include/ros_ign_interfaces/ros_ign_interfaces/msg/detail/track_visual__type_support.h
[5.498s] -- Up-to-date: /home/jacobrod/worms_ws/install/ros_ign_interfaces/include/ros_ign_interfaces/ros_ign_interfaces/msg/detail/contact__functions.c
[5.498s] -- Up-to-date: /home/jacobrod/worms_ws/install/ros_ign_interfaces/include/ros_ign_interfaces/ros_ign_interfaces/msg/detail/contact__struct.h
[5.498s] -- Up-to-date: /home/jacobrod/worms_ws/install/ros_ign_interfaces/include/ros_ign_interfaces/ros_ign_interfaces/msg/detail/light__struct.h
[5.499s] -- Up-to-date: /home/jacobrod/worms_ws/install/ros_ign_interfaces/include/ros_ign_interfaces/ros_ign_interfaces/msg/detail/world_control__type_support.h
[5.499s] -- Up-to-date: /home/jacobrod/worms_ws/install/ros_ign_interfaces/include/ros_ign_interfaces/ros_ign_interfaces/msg/detail/world_reset__struct.h
[5.499s] -- Up-to-date: /home/jacobrod/worms_ws/install/ros_ign_interfaces/include/ros_ign_interfaces/ros_ign_interfaces/msg/contacts.h
[5.499s] -- Up-to-date: /home/jacobrod/worms_ws/install/ros_ign_interfaces/include/ros_ign_interfaces/ros_ign_interfaces/msg/joint_wrench.h
[5.499s] -- Up-to-date: /home/jacobrod/worms_ws/install/ros_ign_interfaces/include/ros_ign_interfaces/ros_ign_interfaces/msg/video_record.h
[5.499s] -- Up-to-date: /home/jacobrod/worms_ws/install/ros_ign_interfaces/include/ros_ign_interfaces/ros_ign_interfaces/msg/world_control.h
[5.500s] -- Up-to-date: /home/jacobrod/worms_ws/install/ros_ign_interfaces/include/ros_ign_interfaces/ros_ign_interfaces/msg/gui_camera.h
[5.500s] -- Up-to-date: /home/jacobrod/worms_ws/install/ros_ign_interfaces/include/ros_ign_interfaces/ros_ign_interfaces/msg/entity_factory.h
[5.500s] -- Up-to-date: /home/jacobrod/worms_ws/install/ros_ign_interfaces/include/ros_ign_interfaces/ros_ign_interfaces/msg/contact.h
[5.500s] -- Up-to-date: /home/jacobrod/worms_ws/install/ros_ign_interfaces/include/ros_ign_interfaces/ros_ign_interfaces/srv
[5.500s] -- Up-to-date: /home/jacobrod/worms_ws/install/ros_ign_interfaces/include/ros_ign_interfaces/ros_ign_interfaces/srv/delete_entity.h
[5.501s] -- Up-to-date: /home/jacobrod/worms_ws/install/ros_ign_interfaces/include/ros_ign_interfaces/ros_ign_interfaces/srv/control_world.h
[5.501s] -- Up-to-date: /home/jacobrod/worms_ws/install/ros_ign_interfaces/include/ros_ign_interfaces/ros_ign_interfaces/srv/detail
[5.501s] -- Up-to-date: /home/jacobrod/worms_ws/install/ros_ign_interfaces/include/ros_ign_interfaces/ros_ign_interfaces/srv/detail/spawn_entity__type_support.h
[5.501s] -- Up-to-date: /home/jacobrod/worms_ws/install/ros_ign_interfaces/include/ros_ign_interfaces/ros_ign_interfaces/srv/detail/set_entity_pose__struct.h
[5.501s] -- Up-to-date: /home/jacobrod/worms_ws/install/ros_ign_interfaces/include/ros_ign_interfaces/ros_ign_interfaces/srv/detail/control_world__struct.h
[5.501s] -- Up-to-date: /home/jacobrod/worms_ws/install/ros_ign_interfaces/include/ros_ign_interfaces/ros_ign_interfaces/srv/detail/control_world__type_support.h
[5.502s] -- Up-to-date: /home/jacobrod/worms_ws/install/ros_ign_interfaces/include/ros_ign_interfaces/ros_ign_interfaces/srv/detail/control_world__functions.c
[5.502s] -- Up-to-date: /home/jacobrod/worms_ws/install/ros_ign_interfaces/include/ros_ign_interfaces/ros_ign_interfaces/srv/detail/spawn_entity__functions.h
[5.502s] -- Up-to-date: /home/jacobrod/worms_ws/install/ros_ign_interfaces/include/ros_ign_interfaces/ros_ign_interfaces/srv/detail/control_world__functions.h
[5.502s] -- Up-to-date: /home/jacobrod/worms_ws/install/ros_ign_interfaces/include/ros_ign_interfaces/ros_ign_interfaces/srv/detail/delete_entity__functions.c
[5.502s] -- Up-to-date: /home/jacobrod/worms_ws/install/ros_ign_interfaces/include/ros_ign_interfaces/ros_ign_interfaces/srv/detail/delete_entity__struct.h
[5.502s] -- Up-to-date: /home/jacobrod/worms_ws/install/ros_ign_interfaces/include/ros_ign_interfaces/ros_ign_interfaces/srv/detail/set_entity_pose__functions.h
[5.503s] -- Up-to-date: /home/jacobrod/worms_ws/install/ros_ign_interfaces/include/ros_ign_interfaces/ros_ign_interfaces/srv/detail/set_entity_pose__functions.c
[5.503s] -- Up-to-date: /home/jacobrod/worms_ws/install/ros_ign_interfaces/include/ros_ign_interfaces/ros_ign_interfaces/srv/detail/delete_entity__functions.h
[5.503s] -- Up-to-date: /home/jacobrod/worms_ws/install/ros_ign_interfaces/include/ros_ign_interfaces/ros_ign_interfaces/srv/detail/spawn_entity__struct.h
[5.503s] -- Up-to-date: /home/jacobrod/worms_ws/install/ros_ign_interfaces/include/ros_ign_interfaces/ros_ign_interfaces/srv/detail/set_entity_pose__type_support.h
[5.504s] -- Up-to-date: /home/jacobrod/worms_ws/install/ros_ign_interfaces/include/ros_ign_interfaces/ros_ign_interfaces/srv/detail/spawn_entity__functions.c
[5.505s] -- Up-to-date: /home/jacobrod/worms_ws/install/ros_ign_interfaces/include/ros_ign_interfaces/ros_ign_interfaces/srv/detail/delete_entity__type_support.h
[5.505s] -- Up-to-date: /home/jacobrod/worms_ws/install/ros_ign_interfaces/include/ros_ign_interfaces/ros_ign_interfaces/srv/spawn_entity.h
[5.505s] -- Up-to-date: /home/jacobrod/worms_ws/install/ros_ign_interfaces/include/ros_ign_interfaces/ros_ign_interfaces/srv/set_entity_pose.h
[5.511s] -- Up-to-date: /home/jacobrod/worms_ws/install/ros_ign_interfaces/share/ros_ign_interfaces/environment/library_path.sh
[5.512s] -- Up-to-date: /home/jacobrod/worms_ws/install/ros_ign_interfaces/share/ros_ign_interfaces/environment/library_path.dsv
[5.512s] -- Up-to-date: /home/jacobrod/worms_ws/install/ros_ign_interfaces/lib/libros_ign_interfaces__rosidl_generator_c.so
[5.513s] -- Up-to-date: /home/jacobrod/worms_ws/install/ros_ign_interfaces/include/ros_ign_interfaces/ros_ign_interfaces
[5.514s] -- Up-to-date: /home/jacobrod/worms_ws/install/ros_ign_interfaces/include/ros_ign_interfaces/ros_ign_interfaces/msg
[5.514s] -- Up-to-date: /home/jacobrod/worms_ws/install/ros_ign_interfaces/include/ros_ign_interfaces/ros_ign_interfaces/msg/detail
[5.514s] -- Up-to-date: /home/jacobrod/worms_ws/install/ros_ign_interfaces/include/ros_ign_interfaces/ros_ign_interfaces/msg/detail/gui_camera__rosidl_typesupport_fastrtps_c.h
[5.515s] -- Up-to-date: /home/jacobrod/worms_ws/install/ros_ign_interfaces/include/ros_ign_interfaces/ros_ign_interfaces/msg/detail/entity__rosidl_typesupport_fastrtps_c.h
[5.515s] -- Up-to-date: /home/jacobrod/worms_ws/install/ros_ign_interfaces/include/ros_ign_interfaces/ros_ign_interfaces/msg/detail/contact__rosidl_typesupport_fastrtps_c.h
[5.515s] -- Up-to-date: /home/jacobrod/worms_ws/install/ros_ign_interfaces/include/ros_ign_interfaces/ros_ign_interfaces/msg/detail/string_vec__rosidl_typesupport_fastrtps_c.h
[5.516s] -- Up-to-date: /home/jacobrod/worms_ws/install/ros_ign_interfaces/include/ros_ign_interfaces/ros_ign_interfaces/msg/detail/entity_factory__rosidl_typesupport_fastrtps_c.h
[5.516s] -- Up-to-date: /home/jacobrod/worms_ws/install/ros_ign_interfaces/include/ros_ign_interfaces/ros_ign_interfaces/msg/detail/world_reset__rosidl_typesupport_fastrtps_c.h
[5.516s] -- Up-to-date: /home/jacobrod/worms_ws/install/ros_ign_interfaces/include/ros_ign_interfaces/ros_ign_interfaces/msg/detail/world_control__rosidl_typesupport_fastrtps_c.h
[5.516s] -- Up-to-date: /home/jacobrod/worms_ws/install/ros_ign_interfaces/include/ros_ign_interfaces/ros_ign_interfaces/msg/detail/light__rosidl_typesupport_fastrtps_c.h
[5.516s] -- Up-to-date: /home/jacobrod/worms_ws/install/ros_ign_interfaces/include/ros_ign_interfaces/ros_ign_interfaces/msg/detail/video_record__rosidl_typesupport_fastrtps_c.h
[5.516s] -- Up-to-date: /home/jacobrod/worms_ws/install/ros_ign_interfaces/include/ros_ign_interfaces/ros_ign_interfaces/msg/detail/track_visual__rosidl_typesupport_fastrtps_c.h
[5.516s] -- Up-to-date: /home/jacobrod/worms_ws/install/ros_ign_interfaces/include/ros_ign_interfaces/ros_ign_interfaces/msg/detail/joint_wrench__rosidl_typesupport_fastrtps_c.h
[5.516s] -- Up-to-date: /home/jacobrod/worms_ws/install/ros_ign_interfaces/include/ros_ign_interfaces/ros_ign_interfaces/msg/detail/contacts__rosidl_typesupport_fastrtps_c.h
[5.517s] -- Up-to-date: /home/jacobrod/worms_ws/install/ros_ign_interfaces/include/ros_ign_interfaces/ros_ign_interfaces/msg/rosidl_typesupport_fastrtps_c__visibility_control.h
[5.517s] -- Up-to-date: /home/jacobrod/worms_ws/install/ros_ign_interfaces/include/ros_ign_interfaces/ros_ign_interfaces/srv
[5.517s] -- Up-to-date: /home/jacobrod/worms_ws/install/ros_ign_interfaces/include/ros_ign_interfaces/ros_ign_interfaces/srv/detail
[5.517s] -- Up-to-date: /home/jacobrod/worms_ws/install/ros_ign_interfaces/include/ros_ign_interfaces/ros_ign_interfaces/srv/detail/delete_entity__rosidl_typesupport_fastrtps_c.h
[5.517s] -- Up-to-date: /home/jacobrod/worms_ws/install/ros_ign_interfaces/include/ros_ign_interfaces/ros_ign_interfaces/srv/detail/spawn_entity__rosidl_typesupport_fastrtps_c.h
[5.517s] -- Up-to-date: /home/jacobrod/worms_ws/install/ros_ign_interfaces/include/ros_ign_interfaces/ros_ign_interfaces/srv/detail/set_entity_pose__rosidl_typesupport_fastrtps_c.h
[5.517s] -- Up-to-date: /home/jacobrod/worms_ws/install/ros_ign_interfaces/include/ros_ign_interfaces/ros_ign_interfaces/srv/detail/control_world__rosidl_typesupport_fastrtps_c.h
[5.517s] -- Up-to-date: /home/jacobrod/worms_ws/install/ros_ign_interfaces/lib/libros_ign_interfaces__rosidl_typesupport_fastrtps_c.so
[5.518s] -- Up-to-date: /home/jacobrod/worms_ws/install/ros_ign_interfaces/include/ros_ign_interfaces/ros_ign_interfaces
[5.518s] -- Up-to-date: /home/jacobrod/worms_ws/install/ros_ign_interfaces/include/ros_ign_interfaces/ros_ign_interfaces/msg
[5.518s] -- Up-to-date: /home/jacobrod/worms_ws/install/ros_ign_interfaces/include/ros_ign_interfaces/ros_ign_interfaces/msg/joint_wrench.hpp
[5.518s] -- Up-to-date: /home/jacobrod/worms_ws/install/ros_ign_interfaces/include/ros_ign_interfaces/ros_ign_interfaces/msg/contact.hpp
[5.518s] -- Up-to-date: /home/jacobrod/worms_ws/install/ros_ign_interfaces/include/ros_ign_interfaces/ros_ign_interfaces/msg/track_visual.hpp
[5.518s] -- Up-to-date: /home/jacobrod/worms_ws/install/ros_ign_interfaces/include/ros_ign_interfaces/ros_ign_interfaces/msg/entity_factory.hpp
[5.518s] -- Up-to-date: /home/jacobrod/worms_ws/install/ros_ign_interfaces/include/ros_ign_interfaces/ros_ign_interfaces/msg/world_reset.hpp
[5.518s] -- Up-to-date: /home/jacobrod/worms_ws/install/ros_ign_interfaces/include/ros_ign_interfaces/ros_ign_interfaces/msg/gui_camera.hpp
[5.519s] -- Up-to-date: /home/jacobrod/worms_ws/install/ros_ign_interfaces/include/ros_ign_interfaces/ros_ign_interfaces/msg/detail
[5.519s] -- Up-to-date: /home/jacobrod/worms_ws/install/ros_ign_interfaces/include/ros_ign_interfaces/ros_ign_interfaces/msg/detail/string_vec__builder.hpp
[5.519s] -- Up-to-date: /home/jacobrod/worms_ws/install/ros_ign_interfaces/include/ros_ign_interfaces/ros_ign_interfaces/msg/detail/video_record__traits.hpp
[5.519s] -- Up-to-date: /home/jacobrod/worms_ws/install/ros_ign_interfaces/include/ros_ign_interfaces/ros_ign_interfaces/msg/detail/string_vec__traits.hpp
[5.519s] -- Up-to-date: /home/jacobrod/worms_ws/install/ros_ign_interfaces/include/ros_ign_interfaces/ros_ign_interfaces/msg/detail/joint_wrench__builder.hpp
[5.519s] -- Up-to-date: /home/jacobrod/worms_ws/install/ros_ign_interfaces/include/ros_ign_interfaces/ros_ign_interfaces/msg/detail/world_control__struct.hpp
[5.519s] -- Up-to-date: /home/jacobrod/worms_ws/install/ros_ign_interfaces/include/ros_ign_interfaces/ros_ign_interfaces/msg/detail/contacts__traits.hpp
[5.520s] -- Up-to-date: /home/jacobrod/worms_ws/install/ros_ign_interfaces/include/ros_ign_interfaces/ros_ign_interfaces/msg/detail/track_visual__traits.hpp
[5.520s] -- Up-to-date: /home/jacobrod/worms_ws/install/ros_ign_interfaces/include/ros_ign_interfaces/ros_ign_interfaces/msg/detail/contacts__struct.hpp
[5.520s] -- Up-to-date: /home/jacobrod/worms_ws/install/ros_ign_interfaces/include/ros_ign_interfaces/ros_ign_interfaces/msg/detail/gui_camera__struct.hpp
[5.520s] -- Up-to-date: /home/jacobrod/worms_ws/install/ros_ign_interfaces/include/ros_ign_interfaces/ros_ign_interfaces/msg/detail/light__traits.hpp
[5.520s] -- Up-to-date: /home/jacobrod/worms_ws/install/ros_ign_interfaces/include/ros_ign_interfaces/ros_ign_interfaces/msg/detail/track_visual__builder.hpp
[5.520s] -- Up-to-date: /home/jacobrod/worms_ws/install/ros_ign_interfaces/include/ros_ign_interfaces/ros_ign_interfaces/msg/detail/entity__struct.hpp
[5.520s] -- Up-to-date: /home/jacobrod/worms_ws/install/ros_ign_interfaces/include/ros_ign_interfaces/ros_ign_interfaces/msg/detail/gui_camera__traits.hpp
[5.520s] -- Up-to-date: /home/jacobrod/worms_ws/install/ros_ign_interfaces/include/ros_ign_interfaces/ros_ign_interfaces/msg/detail/track_visual__struct.hpp
[5.521s] -- Up-to-date: /home/jacobrod/worms_ws/install/ros_ign_interfaces/include/ros_ign_interfaces/ros_ign_interfaces/msg/detail/video_record__builder.hpp
[5.521s] -- Up-to-date: /home/jacobrod/worms_ws/install/ros_ign_interfaces/include/ros_ign_interfaces/ros_ign_interfaces/msg/detail/joint_wrench__traits.hpp
[5.521s] -- Up-to-date: /home/jacobrod/worms_ws/install/ros_ign_interfaces/include/ros_ign_interfaces/ros_ign_interfaces/msg/detail/light__builder.hpp
[5.521s] -- Up-to-date: /home/jacobrod/worms_ws/install/ros_ign_interfaces/include/ros_ign_interfaces/ros_ign_interfaces/msg/detail/entity_factory__struct.hpp
[5.521s] -- Up-to-date: /home/jacobrod/worms_ws/install/ros_ign_interfaces/include/ros_ign_interfaces/ros_ign_interfaces/msg/detail/world_reset__builder.hpp
[5.521s] -- Up-to-date: /home/jacobrod/worms_ws/install/ros_ign_interfaces/include/ros_ign_interfaces/ros_ign_interfaces/msg/detail/contact__builder.hpp
[5.521s] -- Up-to-date: /home/jacobrod/worms_ws/install/ros_ign_interfaces/include/ros_ign_interfaces/ros_ign_interfaces/msg/detail/world_control__builder.hpp
[5.521s] -- Up-to-date: /home/jacobrod/worms_ws/install/ros_ign_interfaces/include/ros_ign_interfaces/ros_ign_interfaces/msg/detail/string_vec__struct.hpp
[5.522s] -- Up-to-date: /home/jacobrod/worms_ws/install/ros_ign_interfaces/include/ros_ign_interfaces/ros_ign_interfaces/msg/detail/entity__traits.hpp
[5.522s] -- Up-to-date: /home/jacobrod/worms_ws/install/ros_ign_interfaces/include/ros_ign_interfaces/ros_ign_interfaces/msg/detail/entity_factory__traits.hpp
[5.522s] -- Up-to-date: /home/jacobrod/worms_ws/install/ros_ign_interfaces/include/ros_ign_interfaces/ros_ign_interfaces/msg/detail/world_reset__struct.hpp
[5.522s] -- Up-to-date: /home/jacobrod/worms_ws/install/ros_ign_interfaces/include/ros_ign_interfaces/ros_ign_interfaces/msg/detail/world_control__traits.hpp
[5.522s] -- Up-to-date: /home/jacobrod/worms_ws/install/ros_ign_interfaces/include/ros_ign_interfaces/ros_ign_interfaces/msg/detail/contacts__builder.hpp
[5.522s] -- Up-to-date: /home/jacobrod/worms_ws/install/ros_ign_interfaces/include/ros_ign_interfaces/ros_ign_interfaces/msg/detail/world_reset__traits.hpp
[5.522s] -- Up-to-date: /home/jacobrod/worms_ws/install/ros_ign_interfaces/include/ros_ign_interfaces/ros_ign_interfaces/msg/detail/entity_factory__builder.hpp
[5.522s] -- Up-to-date: /home/jacobrod/worms_ws/install/ros_ign_interfaces/include/ros_ign_interfaces/ros_ign_interfaces/msg/detail/joint_wrench__struct.hpp
[5.523s] -- Up-to-date: /home/jacobrod/worms_ws/install/ros_ign_interfaces/include/ros_ign_interfaces/ros_ign_interfaces/msg/detail/contact__struct.hpp
[5.523s] -- Up-to-date: /home/jacobrod/worms_ws/install/ros_ign_interfaces/include/ros_ign_interfaces/ros_ign_interfaces/msg/detail/entity__builder.hpp
[5.523s] -- Up-to-date: /home/jacobrod/worms_ws/install/ros_ign_interfaces/include/ros_ign_interfaces/ros_ign_interfaces/msg/detail/contact__traits.hpp
[5.523s] -- Up-to-date: /home/jacobrod/worms_ws/install/ros_ign_interfaces/include/ros_ign_interfaces/ros_ign_interfaces/msg/detail/light__struct.hpp
[5.523s] -- Up-to-date: /home/jacobrod/worms_ws/install/ros_ign_interfaces/include/ros_ign_interfaces/ros_ign_interfaces/msg/detail/video_record__struct.hpp
[5.523s] -- Up-to-date: /home/jacobrod/worms_ws/install/ros_ign_interfaces/include/ros_ign_interfaces/ros_ign_interfaces/msg/detail/gui_camera__builder.hpp
[5.523s] -- Up-to-date: /home/jacobrod/worms_ws/install/ros_ign_interfaces/include/ros_ign_interfaces/ros_ign_interfaces/msg/world_control.hpp
[5.523s] -- Up-to-date: /home/jacobrod/worms_ws/install/ros_ign_interfaces/include/ros_ign_interfaces/ros_ign_interfaces/msg/string_vec.hpp
[5.523s] -- Up-to-date: /home/jacobrod/worms_ws/install/ros_ign_interfaces/include/ros_ign_interfaces/ros_ign_interfaces/msg/light.hpp
[5.524s] -- Up-to-date: /home/jacobrod/worms_ws/install/ros_ign_interfaces/include/ros_ign_interfaces/ros_ign_interfaces/msg/video_record.hpp
[5.524s] -- Up-to-date: /home/jacobrod/worms_ws/install/ros_ign_interfaces/include/ros_ign_interfaces/ros_ign_interfaces/msg/entity.hpp
[5.524s] -- Up-to-date: /home/jacobrod/worms_ws/install/ros_ign_interfaces/include/ros_ign_interfaces/ros_ign_interfaces/msg/contacts.hpp
[5.524s] -- Up-to-date: /home/jacobrod/worms_ws/install/ros_ign_interfaces/include/ros_ign_interfaces/ros_ign_interfaces/srv
[5.524s] -- Up-to-date: /home/jacobrod/worms_ws/install/ros_ign_interfaces/include/ros_ign_interfaces/ros_ign_interfaces/srv/delete_entity.hpp
[5.524s] -- Up-to-date: /home/jacobrod/worms_ws/install/ros_ign_interfaces/include/ros_ign_interfaces/ros_ign_interfaces/srv/control_world.hpp
[5.524s] -- Up-to-date: /home/jacobrod/worms_ws/install/ros_ign_interfaces/include/ros_ign_interfaces/ros_ign_interfaces/srv/spawn_entity.hpp
[5.524s] -- Up-to-date: /home/jacobrod/worms_ws/install/ros_ign_interfaces/include/ros_ign_interfaces/ros_ign_interfaces/srv/detail
[5.535s] -- Up-to-date: /home/jacobrod/worms_ws/install/ros_ign_interfaces/include/ros_ign_interfaces/ros_ign_interfaces/srv/detail/spawn_entity__struct.hpp
[5.536s] -- Up-to-date: /home/jacobrod/worms_ws/install/ros_ign_interfaces/include/ros_ign_interfaces/ros_ign_interfaces/srv/detail/set_entity_pose__traits.hpp
[5.536s] -- Up-to-date: /home/jacobrod/worms_ws/install/ros_ign_interfaces/include/ros_ign_interfaces/ros_ign_interfaces/srv/detail/delete_entity__builder.hpp
[5.536s] -- Up-to-date: /home/jacobrod/worms_ws/install/ros_ign_interfaces/include/ros_ign_interfaces/ros_ign_interfaces/srv/detail/set_entity_pose__struct.hpp
[5.536s] -- Up-to-date: /home/jacobrod/worms_ws/install/ros_ign_interfaces/include/ros_ign_interfaces/ros_ign_interfaces/srv/detail/control_world__struct.hpp
[5.536s] -- Up-to-date: /home/jacobrod/worms_ws/install/ros_ign_interfaces/include/ros_ign_interfaces/ros_ign_interfaces/srv/detail/control_world__builder.hpp
[5.536s] -- Up-to-date: /home/jacobrod/worms_ws/install/ros_ign_interfaces/include/ros_ign_interfaces/ros_ign_interfaces/srv/detail/control_world__traits.hpp
[5.536s] -- Up-to-date: /home/jacobrod/worms_ws/install/ros_ign_interfaces/include/ros_ign_interfaces/ros_ign_interfaces/srv/detail/delete_entity__struct.hpp
[5.536s] -- Up-to-date: /home/jacobrod/worms_ws/install/ros_ign_interfaces/include/ros_ign_interfaces/ros_ign_interfaces/srv/detail/set_entity_pose__builder.hpp
[5.537s] -- Up-to-date: /home/jacobrod/worms_ws/install/ros_ign_interfaces/include/ros_ign_interfaces/ros_ign_interfaces/srv/detail/spawn_entity__builder.hpp
[5.537s] -- Up-to-date: /home/jacobrod/worms_ws/install/ros_ign_interfaces/include/ros_ign_interfaces/ros_ign_interfaces/srv/detail/spawn_entity__traits.hpp
[5.537s] -- Up-to-date: /home/jacobrod/worms_ws/install/ros_ign_interfaces/include/ros_ign_interfaces/ros_ign_interfaces/srv/detail/delete_entity__traits.hpp
[5.537s] -- Up-to-date: /home/jacobrod/worms_ws/install/ros_ign_interfaces/include/ros_ign_interfaces/ros_ign_interfaces/srv/set_entity_pose.hpp
[5.537s] -- Up-to-date: /home/jacobrod/worms_ws/install/ros_ign_interfaces/include/ros_ign_interfaces/ros_ign_interfaces
[5.537s] -- Up-to-date: /home/jacobrod/worms_ws/install/ros_ign_interfaces/include/ros_ign_interfaces/ros_ign_interfaces/msg
[5.537s] -- Up-to-date: /home/jacobrod/worms_ws/install/ros_ign_interfaces/include/ros_ign_interfaces/ros_ign_interfaces/msg/detail
[5.537s] -- Up-to-date: /home/jacobrod/worms_ws/install/ros_ign_interfaces/include/ros_ign_interfaces/ros_ign_interfaces/msg/detail/contact__rosidl_typesupport_fastrtps_cpp.hpp
[5.538s] -- Up-to-date: /home/jacobrod/worms_ws/install/ros_ign_interfaces/include/ros_ign_interfaces/ros_ign_interfaces/msg/detail/video_record__rosidl_typesupport_fastrtps_cpp.hpp
[5.538s] -- Up-to-date: /home/jacobrod/worms_ws/install/ros_ign_interfaces/include/ros_ign_interfaces/ros_ign_interfaces/msg/detail/entity__rosidl_typesupport_fastrtps_cpp.hpp
[5.538s] -- Up-to-date: /home/jacobrod/worms_ws/install/ros_ign_interfaces/include/ros_ign_interfaces/ros_ign_interfaces/msg/detail/joint_wrench__rosidl_typesupport_fastrtps_cpp.hpp
[5.538s] -- Up-to-date: /home/jacobrod/worms_ws/install/ros_ign_interfaces/include/ros_ign_interfaces/ros_ign_interfaces/msg/detail/world_control__rosidl_typesupport_fastrtps_cpp.hpp
[5.538s] -- Up-to-date: /home/jacobrod/worms_ws/install/ros_ign_interfaces/include/ros_ign_interfaces/ros_ign_interfaces/msg/detail/entity_factory__rosidl_typesupport_fastrtps_cpp.hpp
[5.538s] -- Up-to-date: /home/jacobrod/worms_ws/install/ros_ign_interfaces/include/ros_ign_interfaces/ros_ign_interfaces/msg/detail/gui_camera__rosidl_typesupport_fastrtps_cpp.hpp
[5.538s] -- Up-to-date: /home/jacobrod/worms_ws/install/ros_ign_interfaces/include/ros_ign_interfaces/ros_ign_interfaces/msg/detail/light__rosidl_typesupport_fastrtps_cpp.hpp
[5.538s] -- Up-to-date: /home/jacobrod/worms_ws/install/ros_ign_interfaces/include/ros_ign_interfaces/ros_ign_interfaces/msg/detail/contacts__rosidl_typesupport_fastrtps_cpp.hpp
[5.539s] -- Up-to-date: /home/jacobrod/worms_ws/install/ros_ign_interfaces/include/ros_ign_interfaces/ros_ign_interfaces/msg/detail/track_visual__rosidl_typesupport_fastrtps_cpp.hpp
[5.539s] -- Up-to-date: /home/jacobrod/worms_ws/install/ros_ign_interfaces/include/ros_ign_interfaces/ros_ign_interfaces/msg/detail/dds_fastrtps
[5.539s] -- Up-to-date: /home/jacobrod/worms_ws/install/ros_ign_interfaces/include/ros_ign_interfaces/ros_ign_interfaces/msg/detail/world_reset__rosidl_typesupport_fastrtps_cpp.hpp
[5.539s] -- Up-to-date: /home/jacobrod/worms_ws/install/ros_ign_interfaces/include/ros_ign_interfaces/ros_ign_interfaces/msg/detail/string_vec__rosidl_typesupport_fastrtps_cpp.hpp
[5.539s] -- Up-to-date: /home/jacobrod/worms_ws/install/ros_ign_interfaces/include/ros_ign_interfaces/ros_ign_interfaces/msg/rosidl_typesupport_fastrtps_cpp__visibility_control.h
[5.539s] -- Up-to-date: /home/jacobrod/worms_ws/install/ros_ign_interfaces/include/ros_ign_interfaces/ros_ign_interfaces/srv
[5.539s] -- Up-to-date: /home/jacobrod/worms_ws/install/ros_ign_interfaces/include/ros_ign_interfaces/ros_ign_interfaces/srv/detail
[5.539s] -- Up-to-date: /home/jacobrod/worms_ws/install/ros_ign_interfaces/include/ros_ign_interfaces/ros_ign_interfaces/srv/detail/control_world__rosidl_typesupport_fastrtps_cpp.hpp
[5.539s] -- Up-to-date: /home/jacobrod/worms_ws/install/ros_ign_interfaces/include/ros_ign_interfaces/ros_ign_interfaces/srv/detail/delete_entity__rosidl_typesupport_fastrtps_cpp.hpp
[5.540s] -- Up-to-date: /home/jacobrod/worms_ws/install/ros_ign_interfaces/include/ros_ign_interfaces/ros_ign_interfaces/srv/detail/dds_fastrtps
[5.540s] -- Up-to-date: /home/jacobrod/worms_ws/install/ros_ign_interfaces/include/ros_ign_interfaces/ros_ign_interfaces/srv/detail/spawn_entity__rosidl_typesupport_fastrtps_cpp.hpp
[5.540s] -- Up-to-date: /home/jacobrod/worms_ws/install/ros_ign_interfaces/include/ros_ign_interfaces/ros_ign_interfaces/srv/detail/set_entity_pose__rosidl_typesupport_fastrtps_cpp.hpp
[5.540s] -- Up-to-date: /home/jacobrod/worms_ws/install/ros_ign_interfaces/lib/libros_ign_interfaces__rosidl_typesupport_fastrtps_cpp.so
[5.540s] -- Up-to-date: /home/jacobrod/worms_ws/install/ros_ign_interfaces/include/ros_ign_interfaces/ros_ign_interfaces
[5.540s] -- Up-to-date: /home/jacobrod/worms_ws/install/ros_ign_interfaces/include/ros_ign_interfaces/ros_ign_interfaces/msg
[5.540s] -- Up-to-date: /home/jacobrod/worms_ws/install/ros_ign_interfaces/include/ros_ign_interfaces/ros_ign_interfaces/msg/rosidl_typesupport_introspection_c__visibility_control.h
[5.541s] -- Up-to-date: /home/jacobrod/worms_ws/install/ros_ign_interfaces/include/ros_ign_interfaces/ros_ign_interfaces/msg/detail
[5.541s] -- Up-to-date: /home/jacobrod/worms_ws/install/ros_ign_interfaces/include/ros_ign_interfaces/ros_ign_interfaces/msg/detail/entity_factory__type_support.c
[5.541s] -- Up-to-date: /home/jacobrod/worms_ws/install/ros_ign_interfaces/include/ros_ign_interfaces/ros_ign_interfaces/msg/detail/entity__type_support.c
[5.541s] -- Up-to-date: /home/jacobrod/worms_ws/install/ros_ign_interfaces/include/ros_ign_interfaces/ros_ign_interfaces/msg/detail/light__type_support.c
[5.541s] -- Up-to-date: /home/jacobrod/worms_ws/install/ros_ign_interfaces/include/ros_ign_interfaces/ros_ign_interfaces/msg/detail/contacts__rosidl_typesupport_introspection_c.h
[5.541s] -- Up-to-date: /home/jacobrod/worms_ws/install/ros_ign_interfaces/include/ros_ign_interfaces/ros_ign_interfaces/msg/detail/string_vec__rosidl_typesupport_introspection_c.h
[5.541s] -- Up-to-date: /home/jacobrod/worms_ws/install/ros_ign_interfaces/include/ros_ign_interfaces/ros_ign_interfaces/msg/detail/track_visual__rosidl_typesupport_introspection_c.h
[5.542s] -- Up-to-date: /home/jacobrod/worms_ws/install/ros_ign_interfaces/include/ros_ign_interfaces/ros_ign_interfaces/msg/detail/contacts__type_support.c
[5.542s] -- Up-to-date: /home/jacobrod/worms_ws/install/ros_ign_interfaces/include/ros_ign_interfaces/ros_ign_interfaces/msg/detail/track_visual__type_support.c
[5.542s] -- Up-to-date: /home/jacobrod/worms_ws/install/ros_ign_interfaces/include/ros_ign_interfaces/ros_ign_interfaces/msg/detail/contact__rosidl_typesupport_introspection_c.h
[5.542s] -- Up-to-date: /home/jacobrod/worms_ws/install/ros_ign_interfaces/include/ros_ign_interfaces/ros_ign_interfaces/msg/detail/world_control__rosidl_typesupport_introspection_c.h
[5.542s] -- Up-to-date: /home/jacobrod/worms_ws/install/ros_ign_interfaces/include/ros_ign_interfaces/ros_ign_interfaces/msg/detail/world_reset__rosidl_typesupport_introspection_c.h
[5.542s] -- Up-to-date: /home/jacobrod/worms_ws/install/ros_ign_interfaces/include/ros_ign_interfaces/ros_ign_interfaces/msg/detail/entity__rosidl_typesupport_introspection_c.h
[5.543s] -- Up-to-date: /home/jacobrod/worms_ws/install/ros_ign_interfaces/include/ros_ign_interfaces/ros_ign_interfaces/msg/detail/video_record__rosidl_typesupport_introspection_c.h
[5.543s] -- Up-to-date: /home/jacobrod/worms_ws/install/ros_ign_interfaces/include/ros_ign_interfaces/ros_ign_interfaces/msg/detail/video_record__type_support.c
[5.543s] -- Up-to-date: /home/jacobrod/worms_ws/install/ros_ign_interfaces/include/ros_ign_interfaces/ros_ign_interfaces/msg/detail/entity_factory__rosidl_typesupport_introspection_c.h
[5.543s] -- Up-to-date: /home/jacobrod/worms_ws/install/ros_ign_interfaces/include/ros_ign_interfaces/ros_ign_interfaces/msg/detail/gui_camera__rosidl_typesupport_introspection_c.h
[5.543s] -- Up-to-date: /home/jacobrod/worms_ws/install/ros_ign_interfaces/include/ros_ign_interfaces/ros_ign_interfaces/msg/detail/world_reset__type_support.c
[5.543s] -- Up-to-date: /home/jacobrod/worms_ws/install/ros_ign_interfaces/include/ros_ign_interfaces/ros_ign_interfaces/msg/detail/joint_wrench__type_support.c
[5.543s] -- Up-to-date: /home/jacobrod/worms_ws/install/ros_ign_interfaces/include/ros_ign_interfaces/ros_ign_interfaces/msg/detail/string_vec__type_support.c
[5.544s] -- Up-to-date: /home/jacobrod/worms_ws/install/ros_ign_interfaces/include/ros_ign_interfaces/ros_ign_interfaces/msg/detail/joint_wrench__rosidl_typesupport_introspection_c.h
[5.544s] -- Up-to-date: /home/jacobrod/worms_ws/install/ros_ign_interfaces/include/ros_ign_interfaces/ros_ign_interfaces/msg/detail/world_control__type_support.c
[5.544s] -- Up-to-date: /home/jacobrod/worms_ws/install/ros_ign_interfaces/include/ros_ign_interfaces/ros_ign_interfaces/msg/detail/gui_camera__type_support.c
[5.544s] -- Up-to-date: /home/jacobrod/worms_ws/install/ros_ign_interfaces/include/ros_ign_interfaces/ros_ign_interfaces/msg/detail/light__rosidl_typesupport_introspection_c.h
[5.544s] -- Up-to-date: /home/jacobrod/worms_ws/install/ros_ign_interfaces/include/ros_ign_interfaces/ros_ign_interfaces/msg/detail/contact__type_support.c
[5.544s] -- Up-to-date: /home/jacobrod/worms_ws/install/ros_ign_interfaces/include/ros_ign_interfaces/ros_ign_interfaces/srv
[5.544s] -- Up-to-date: /home/jacobrod/worms_ws/install/ros_ign_interfaces/include/ros_ign_interfaces/ros_ign_interfaces/srv/detail
[5.544s] -- Up-to-date: /home/jacobrod/worms_ws/install/ros_ign_interfaces/include/ros_ign_interfaces/ros_ign_interfaces/srv/detail/delete_entity__type_support.c
[5.545s] -- Up-to-date: /home/jacobrod/worms_ws/install/ros_ign_interfaces/include/ros_ign_interfaces/ros_ign_interfaces/srv/detail/set_entity_pose__type_support.c
[5.545s] -- Up-to-date: /home/jacobrod/worms_ws/install/ros_ign_interfaces/include/ros_ign_interfaces/ros_ign_interfaces/srv/detail/spawn_entity__rosidl_typesupport_introspection_c.h
[5.545s] -- Up-to-date: /home/jacobrod/worms_ws/install/ros_ign_interfaces/include/ros_ign_interfaces/ros_ign_interfaces/srv/detail/set_entity_pose__rosidl_typesupport_introspection_c.h
[5.546s] -- Up-to-date: /home/jacobrod/worms_ws/install/ros_ign_interfaces/include/ros_ign_interfaces/ros_ign_interfaces/srv/detail/control_world__rosidl_typesupport_introspection_c.h
[5.546s] -- Up-to-date: /home/jacobrod/worms_ws/install/ros_ign_interfaces/include/ros_ign_interfaces/ros_ign_interfaces/srv/detail/spawn_entity__type_support.c
[5.546s] -- Up-to-date: /home/jacobrod/worms_ws/install/ros_ign_interfaces/include/ros_ign_interfaces/ros_ign_interfaces/srv/detail/delete_entity__rosidl_typesupport_introspection_c.h
[5.546s] -- Up-to-date: /home/jacobrod/worms_ws/install/ros_ign_interfaces/include/ros_ign_interfaces/ros_ign_interfaces/srv/detail/control_world__type_support.c
[5.546s] -- Up-to-date: /home/jacobrod/worms_ws/install/ros_ign_interfaces/lib/libros_ign_interfaces__rosidl_typesupport_introspection_c.so
[5.547s] -- Up-to-date: /home/jacobrod/worms_ws/install/ros_ign_interfaces/lib/libros_ign_interfaces__rosidl_typesupport_c.so
[5.547s] -- Up-to-date: /home/jacobrod/worms_ws/install/ros_ign_interfaces/include/ros_ign_interfaces/ros_ign_interfaces
[5.547s] -- Up-to-date: /home/jacobrod/worms_ws/install/ros_ign_interfaces/include/ros_ign_interfaces/ros_ign_interfaces/msg
[5.547s] -- Up-to-date: /home/jacobrod/worms_ws/install/ros_ign_interfaces/include/ros_ign_interfaces/ros_ign_interfaces/msg/detail
[5.547s] -- Up-to-date: /home/jacobrod/worms_ws/install/ros_ign_interfaces/include/ros_ign_interfaces/ros_ign_interfaces/msg/detail/world_reset__rosidl_typesupport_introspection_cpp.hpp
[5.547s] -- Up-to-date: /home/jacobrod/worms_ws/install/ros_ign_interfaces/include/ros_ign_interfaces/ros_ign_interfaces/msg/detail/entity_factory__type_support.cpp
[5.547s] -- Up-to-date: /home/jacobrod/worms_ws/install/ros_ign_interfaces/include/ros_ign_interfaces/ros_ign_interfaces/msg/detail/world_control__type_support.cpp
[5.548s] -- Up-to-date: /home/jacobrod/worms_ws/install/ros_ign_interfaces/include/ros_ign_interfaces/ros_ign_interfaces/msg/detail/contacts__rosidl_typesupport_introspection_cpp.hpp
[5.548s] -- Up-to-date: /home/jacobrod/worms_ws/install/ros_ign_interfaces/include/ros_ign_interfaces/ros_ign_interfaces/msg/detail/joint_wrench__rosidl_typesupport_introspection_cpp.hpp
[5.548s] -- Up-to-date: /home/jacobrod/worms_ws/install/ros_ign_interfaces/include/ros_ign_interfaces/ros_ign_interfaces/msg/detail/video_record__rosidl_typesupport_introspection_cpp.hpp
[5.548s] -- Up-to-date: /home/jacobrod/worms_ws/install/ros_ign_interfaces/include/ros_ign_interfaces/ros_ign_interfaces/msg/detail/track_visual__rosidl_typesupport_introspection_cpp.hpp
[5.548s] -- Up-to-date: /home/jacobrod/worms_ws/install/ros_ign_interfaces/include/ros_ign_interfaces/ros_ign_interfaces/msg/detail/string_vec__rosidl_typesupport_introspection_cpp.hpp
[5.548s] -- Up-to-date: /home/jacobrod/worms_ws/install/ros_ign_interfaces/include/ros_ign_interfaces/ros_ign_interfaces/msg/detail/light__rosidl_typesupport_introspection_cpp.hpp
[5.548s] -- Up-to-date: /home/jacobrod/worms_ws/install/ros_ign_interfaces/include/ros_ign_interfaces/ros_ign_interfaces/msg/detail/track_visual__type_support.cpp
[5.548s] -- Up-to-date: /home/jacobrod/worms_ws/install/ros_ign_interfaces/include/ros_ign_interfaces/ros_ign_interfaces/msg/detail/video_record__type_support.cpp
[5.548s] -- Up-to-date: /home/jacobrod/worms_ws/install/ros_ign_interfaces/include/ros_ign_interfaces/ros_ign_interfaces/msg/detail/entity_factory__rosidl_typesupport_introspection_cpp.hpp
[5.549s] -- Up-to-date: /home/jacobrod/worms_ws/install/ros_ign_interfaces/include/ros_ign_interfaces/ros_ign_interfaces/msg/detail/world_reset__type_support.cpp
[5.549s] -- Up-to-date: /home/jacobrod/worms_ws/install/ros_ign_interfaces/include/ros_ign_interfaces/ros_ign_interfaces/msg/detail/contact__type_support.cpp
[5.549s] -- Up-to-date: /home/jacobrod/worms_ws/install/ros_ign_interfaces/include/ros_ign_interfaces/ros_ign_interfaces/msg/detail/string_vec__type_support.cpp
[5.549s] -- Up-to-date: /home/jacobrod/worms_ws/install/ros_ign_interfaces/include/ros_ign_interfaces/ros_ign_interfaces/msg/detail/world_control__rosidl_typesupport_introspection_cpp.hpp
[5.549s] -- Up-to-date: /home/jacobrod/worms_ws/install/ros_ign_interfaces/include/ros_ign_interfaces/ros_ign_interfaces/msg/detail/light__type_support.cpp
[5.549s] -- Up-to-date: /home/jacobrod/worms_ws/install/ros_ign_interfaces/include/ros_ign_interfaces/ros_ign_interfaces/msg/detail/contacts__type_support.cpp
[5.549s] -- Up-to-date: /home/jacobrod/worms_ws/install/ros_ign_interfaces/include/ros_ign_interfaces/ros_ign_interfaces/msg/detail/gui_camera__type_support.cpp
[5.549s] -- Up-to-date: /home/jacobrod/worms_ws/install/ros_ign_interfaces/include/ros_ign_interfaces/ros_ign_interfaces/msg/detail/gui_camera__rosidl_typesupport_introspection_cpp.hpp
[5.549s] -- Up-to-date: /home/jacobrod/worms_ws/install/ros_ign_interfaces/include/ros_ign_interfaces/ros_ign_interfaces/msg/detail/contact__rosidl_typesupport_introspection_cpp.hpp
[5.550s] -- Up-to-date: /home/jacobrod/worms_ws/install/ros_ign_interfaces/include/ros_ign_interfaces/ros_ign_interfaces/msg/detail/entity__type_support.cpp
[5.550s] -- Up-to-date: /home/jacobrod/worms_ws/install/ros_ign_interfaces/include/ros_ign_interfaces/ros_ign_interfaces/msg/detail/entity__rosidl_typesupport_introspection_cpp.hpp
[5.550s] -- Up-to-date: /home/jacobrod/worms_ws/install/ros_ign_interfaces/include/ros_ign_interfaces/ros_ign_interfaces/msg/detail/joint_wrench__type_support.cpp
[5.550s] -- Up-to-date: /home/jacobrod/worms_ws/install/ros_ign_interfaces/include/ros_ign_interfaces/ros_ign_interfaces/srv
[5.550s] -- Up-to-date: /home/jacobrod/worms_ws/install/ros_ign_interfaces/include/ros_ign_interfaces/ros_ign_interfaces/srv/detail
[5.550s] -- Up-to-date: /home/jacobrod/worms_ws/install/ros_ign_interfaces/include/ros_ign_interfaces/ros_ign_interfaces/srv/detail/delete_entity__type_support.cpp
[5.550s] -- Up-to-date: /home/jacobrod/worms_ws/install/ros_ign_interfaces/include/ros_ign_interfaces/ros_ign_interfaces/srv/detail/set_entity_pose__type_support.cpp
[5.551s] -- Up-to-date: /home/jacobrod/worms_ws/install/ros_ign_interfaces/include/ros_ign_interfaces/ros_ign_interfaces/srv/detail/control_world__rosidl_typesupport_introspection_cpp.hpp
[5.551s] -- Up-to-date: /home/jacobrod/worms_ws/install/ros_ign_interfaces/include/ros_ign_interfaces/ros_ign_interfaces/srv/detail/delete_entity__rosidl_typesupport_introspection_cpp.hpp
[5.551s] -- Up-to-date: /home/jacobrod/worms_ws/install/ros_ign_interfaces/include/ros_ign_interfaces/ros_ign_interfaces/srv/detail/spawn_entity__rosidl_typesupport_introspection_cpp.hpp
[5.551s] -- Up-to-date: /home/jacobrod/worms_ws/install/ros_ign_interfaces/include/ros_ign_interfaces/ros_ign_interfaces/srv/detail/control_world__type_support.cpp
[5.551s] -- Up-to-date: /home/jacobrod/worms_ws/install/ros_ign_interfaces/include/ros_ign_interfaces/ros_ign_interfaces/srv/detail/spawn_entity__type_support.cpp
[5.567s] -- Up-to-date: /home/jacobrod/worms_ws/install/ros_ign_interfaces/include/ros_ign_interfaces/ros_ign_interfaces/srv/detail/set_entity_pose__rosidl_typesupport_introspection_cpp.hpp
[5.568s] -- Up-to-date: /home/jacobrod/worms_ws/install/ros_ign_interfaces/lib/libros_ign_interfaces__rosidl_typesupport_introspection_cpp.so
[5.568s] -- Up-to-date: /home/jacobrod/worms_ws/install/ros_ign_interfaces/lib/libros_ign_interfaces__rosidl_typesupport_cpp.so
[5.568s] -- Up-to-date: /home/jacobrod/worms_ws/install/ros_ign_interfaces/share/ros_ign_interfaces/environment/pythonpath.sh
[5.568s] -- Up-to-date: /home/jacobrod/worms_ws/install/ros_ign_interfaces/share/ros_ign_interfaces/environment/pythonpath.dsv
[5.568s] -- Up-to-date: /home/jacobrod/worms_ws/install/ros_ign_interfaces/local/lib/python3.10/dist-packages/ros_ign_interfaces-0.244.11-py3.10.egg-info
[5.568s] -- Installing: /home/jacobrod/worms_ws/install/ros_ign_interfaces/local/lib/python3.10/dist-packages/ros_ign_interfaces-0.244.11-py3.10.egg-info/PKG-INFO
[5.568s] -- Installing: /home/jacobrod/worms_ws/install/ros_ign_interfaces/local/lib/python3.10/dist-packages/ros_ign_interfaces-0.244.11-py3.10.egg-info/dependency_links.txt
[5.569s] -- Installing: /home/jacobrod/worms_ws/install/ros_ign_interfaces/local/lib/python3.10/dist-packages/ros_ign_interfaces-0.244.11-py3.10.egg-info/top_level.txt
[5.569s] -- Installing: /home/jacobrod/worms_ws/install/ros_ign_interfaces/local/lib/python3.10/dist-packages/ros_ign_interfaces-0.244.11-py3.10.egg-info/SOURCES.txt
[5.569s] -- Up-to-date: /home/jacobrod/worms_ws/install/ros_ign_interfaces/local/lib/python3.10/dist-packages/ros_ign_interfaces
[5.569s] -- Up-to-date: /home/jacobrod/worms_ws/install/ros_ign_interfaces/local/lib/python3.10/dist-packages/ros_ign_interfaces/_ros_ign_interfaces_s.ep.rosidl_typesupport_fastrtps_c.c
[5.569s] -- Up-to-date: /home/jacobrod/worms_ws/install/ros_ign_interfaces/local/lib/python3.10/dist-packages/ros_ign_interfaces/ros_ign_interfaces_s__rosidl_typesupport_c.cpython-310-x86_64-linux-gnu.so
[5.569s] -- Up-to-date: /home/jacobrod/worms_ws/install/ros_ign_interfaces/local/lib/python3.10/dist-packages/ros_ign_interfaces/ros_ign_interfaces_s__rosidl_typesupport_fastrtps_c.cpython-310-x86_64-linux-gnu.so
[5.569s] -- Up-to-date: /home/jacobrod/worms_ws/install/ros_ign_interfaces/local/lib/python3.10/dist-packages/ros_ign_interfaces/msg
[5.569s] -- Up-to-date: /home/jacobrod/worms_ws/install/ros_ign_interfaces/local/lib/python3.10/dist-packages/ros_ign_interfaces/msg/_joint_wrench.py
[5.570s] -- Up-to-date: /home/jacobrod/worms_ws/install/ros_ign_interfaces/local/lib/python3.10/dist-packages/ros_ign_interfaces/msg/_joint_wrench_s.c
[5.570s] -- Up-to-date: /home/jacobrod/worms_ws/install/ros_ign_interfaces/local/lib/python3.10/dist-packages/ros_ign_interfaces/msg/_contact.py
[5.570s] -- Up-to-date: /home/jacobrod/worms_ws/install/ros_ign_interfaces/local/lib/python3.10/dist-packages/ros_ign_interfaces/msg/_entity_factory.py
[5.570s] -- Up-to-date: /home/jacobrod/worms_ws/install/ros_ign_interfaces/local/lib/python3.10/dist-packages/ros_ign_interfaces/msg/_entity_factory_s.c
[5.570s] -- Up-to-date: /home/jacobrod/worms_ws/install/ros_ign_interfaces/local/lib/python3.10/dist-packages/ros_ign_interfaces/msg/_light_s.c
[5.570s] -- Up-to-date: /home/jacobrod/worms_ws/install/ros_ign_interfaces/local/lib/python3.10/dist-packages/ros_ign_interfaces/msg/_world_reset.py
[5.570s] -- Up-to-date: /home/jacobrod/worms_ws/install/ros_ign_interfaces/local/lib/python3.10/dist-packages/ros_ign_interfaces/msg/_gui_camera_s.c
[5.570s] -- Up-to-date: /home/jacobrod/worms_ws/install/ros_ign_interfaces/local/lib/python3.10/dist-packages/ros_ign_interfaces/msg/_track_visual_s.c
[5.571s] -- Up-to-date: /home/jacobrod/worms_ws/install/ros_ign_interfaces/local/lib/python3.10/dist-packages/ros_ign_interfaces/msg/_video_record.py
[5.571s] -- Up-to-date: /home/jacobrod/worms_ws/install/ros_ign_interfaces/local/lib/python3.10/dist-packages/ros_ign_interfaces/msg/_contacts_s.c
[5.571s] -- Up-to-date: /home/jacobrod/worms_ws/install/ros_ign_interfaces/local/lib/python3.10/dist-packages/ros_ign_interfaces/msg/_contacts.py
[5.571s] -- Up-to-date: /home/jacobrod/worms_ws/install/ros_ign_interfaces/local/lib/python3.10/dist-packages/ros_ign_interfaces/msg/_light.py
[5.571s] -- Up-to-date: /home/jacobrod/worms_ws/install/ros_ign_interfaces/local/lib/python3.10/dist-packages/ros_ign_interfaces/msg/_track_visual.py
[5.571s] -- Up-to-date: /home/jacobrod/worms_ws/install/ros_ign_interfaces/local/lib/python3.10/dist-packages/ros_ign_interfaces/msg/_world_reset_s.c
[5.571s] -- Up-to-date: /home/jacobrod/worms_ws/install/ros_ign_interfaces/local/lib/python3.10/dist-packages/ros_ign_interfaces/msg/_string_vec_s.c
[5.572s] -- Up-to-date: /home/jacobrod/worms_ws/install/ros_ign_interfaces/local/lib/python3.10/dist-packages/ros_ign_interfaces/msg/_string_vec.py
[5.572s] -- Up-to-date: /home/jacobrod/worms_ws/install/ros_ign_interfaces/local/lib/python3.10/dist-packages/ros_ign_interfaces/msg/_entity.py
[5.572s] -- Up-to-date: /home/jacobrod/worms_ws/install/ros_ign_interfaces/local/lib/python3.10/dist-packages/ros_ign_interfaces/msg/_gui_camera.py
[5.572s] -- Up-to-date: /home/jacobrod/worms_ws/install/ros_ign_interfaces/local/lib/python3.10/dist-packages/ros_ign_interfaces/msg/_world_control_s.c
[5.572s] -- Up-to-date: /home/jacobrod/worms_ws/install/ros_ign_interfaces/local/lib/python3.10/dist-packages/ros_ign_interfaces/msg/_entity_s.c
[5.572s] -- Up-to-date: /home/jacobrod/worms_ws/install/ros_ign_interfaces/local/lib/python3.10/dist-packages/ros_ign_interfaces/msg/_contact_s.c
[5.572s] -- Up-to-date: /home/jacobrod/worms_ws/install/ros_ign_interfaces/local/lib/python3.10/dist-packages/ros_ign_interfaces/msg/_world_control.py
[5.573s] -- Up-to-date: /home/jacobrod/worms_ws/install/ros_ign_interfaces/local/lib/python3.10/dist-packages/ros_ign_interfaces/msg/_video_record_s.c
[5.573s] -- Up-to-date: /home/jacobrod/worms_ws/install/ros_ign_interfaces/local/lib/python3.10/dist-packages/ros_ign_interfaces/msg/__init__.py
[5.573s] -- Up-to-date: /home/jacobrod/worms_ws/install/ros_ign_interfaces/local/lib/python3.10/dist-packages/ros_ign_interfaces/_ros_ign_interfaces_s.ep.rosidl_typesupport_introspection_c.c
[5.573s] -- Up-to-date: /home/jacobrod/worms_ws/install/ros_ign_interfaces/local/lib/python3.10/dist-packages/ros_ign_interfaces/libros_ign_interfaces__rosidl_generator_py.so
[5.573s] -- Up-to-date: /home/jacobrod/worms_ws/install/ros_ign_interfaces/local/lib/python3.10/dist-packages/ros_ign_interfaces/srv
[5.573s] -- Up-to-date: /home/jacobrod/worms_ws/install/ros_ign_interfaces/local/lib/python3.10/dist-packages/ros_ign_interfaces/srv/_set_entity_pose_s.c
[5.573s] -- Up-to-date: /home/jacobrod/worms_ws/install/ros_ign_interfaces/local/lib/python3.10/dist-packages/ros_ign_interfaces/srv/_delete_entity.py
[5.573s] -- Up-to-date: /home/jacobrod/worms_ws/install/ros_ign_interfaces/local/lib/python3.10/dist-packages/ros_ign_interfaces/srv/_control_world_s.c
[5.574s] -- Up-to-date: /home/jacobrod/worms_ws/install/ros_ign_interfaces/local/lib/python3.10/dist-packages/ros_ign_interfaces/srv/_spawn_entity_s.c
[5.574s] -- Up-to-date: /home/jacobrod/worms_ws/install/ros_ign_interfaces/local/lib/python3.10/dist-packages/ros_ign_interfaces/srv/_spawn_entity.py
[5.574s] -- Up-to-date: /home/jacobrod/worms_ws/install/ros_ign_interfaces/local/lib/python3.10/dist-packages/ros_ign_interfaces/srv/_set_entity_pose.py
[5.574s] -- Up-to-date: /home/jacobrod/worms_ws/install/ros_ign_interfaces/local/lib/python3.10/dist-packages/ros_ign_interfaces/srv/_control_world.py
[5.574s] -- Up-to-date: /home/jacobrod/worms_ws/install/ros_ign_interfaces/local/lib/python3.10/dist-packages/ros_ign_interfaces/srv/_delete_entity_s.c
[5.574s] -- Up-to-date: /home/jacobrod/worms_ws/install/ros_ign_interfaces/local/lib/python3.10/dist-packages/ros_ign_interfaces/srv/__init__.py
[5.574s] -- Up-to-date: /home/jacobrod/worms_ws/install/ros_ign_interfaces/local/lib/python3.10/dist-packages/ros_ign_interfaces/ros_ign_interfaces_s__rosidl_typesupport_introspection_c.cpython-310-x86_64-linux-gnu.so
[5.574s] -- Up-to-date: /home/jacobrod/worms_ws/install/ros_ign_interfaces/local/lib/python3.10/dist-packages/ros_ign_interfaces/__init__.py
[5.575s] -- Up-to-date: /home/jacobrod/worms_ws/install/ros_ign_interfaces/local/lib/python3.10/dist-packages/ros_ign_interfaces/_ros_ign_interfaces_s.ep.rosidl_typesupport_c.c
[5.676s] Listing '/home/jacobrod/worms_ws/install/ros_ign_interfaces/local/lib/python3.10/dist-packages/ros_ign_interfaces'...
[5.676s] Listing '/home/jacobrod/worms_ws/install/ros_ign_interfaces/local/lib/python3.10/dist-packages/ros_ign_interfaces/msg'...
[5.676s] Listing '/home/jacobrod/worms_ws/install/ros_ign_interfaces/local/lib/python3.10/dist-packages/ros_ign_interfaces/srv'...
[5.694s] -- Up-to-date: /home/jacobrod/worms_ws/install/ros_ign_interfaces/local/lib/python3.10/dist-packages/ros_ign_interfaces/ros_ign_interfaces_s__rosidl_typesupport_fastrtps_c.cpython-310-x86_64-linux-gnu.so
[5.696s] -- Up-to-date: /home/jacobrod/worms_ws/install/ros_ign_interfaces/local/lib/python3.10/dist-packages/ros_ign_interfaces/ros_ign_interfaces_s__rosidl_typesupport_introspection_c.cpython-310-x86_64-linux-gnu.so
[5.698s] -- Up-to-date: /home/jacobrod/worms_ws/install/ros_ign_interfaces/local/lib/python3.10/dist-packages/ros_ign_interfaces/ros_ign_interfaces_s__rosidl_typesupport_c.cpython-310-x86_64-linux-gnu.so
[5.699s] -- Up-to-date: /home/jacobrod/worms_ws/install/ros_ign_interfaces/lib/libros_ign_interfaces__rosidl_generator_py.so
[5.700s] -- Up-to-date: /home/jacobrod/worms_ws/install/ros_ign_interfaces/share/ros_ign_interfaces/msg/Contact.idl
[5.701s] -- Up-to-date: /home/jacobrod/worms_ws/install/ros_ign_interfaces/share/ros_ign_interfaces/msg/Contacts.idl
[5.701s] -- Up-to-date: /home/jacobrod/worms_ws/install/ros_ign_interfaces/share/ros_ign_interfaces/msg/Entity.idl
[5.702s] -- Up-to-date: /home/jacobrod/worms_ws/install/ros_ign_interfaces/share/ros_ign_interfaces/msg/EntityFactory.idl
[5.708s] -- Up-to-date: /home/jacobrod/worms_ws/install/ros_ign_interfaces/share/ros_ign_interfaces/msg/GuiCamera.idl
[5.711s] -- Up-to-date: /home/jacobrod/worms_ws/install/ros_ign_interfaces/share/ros_ign_interfaces/msg/JointWrench.idl
[5.711s] -- Up-to-date: /home/jacobrod/worms_ws/install/ros_ign_interfaces/share/ros_ign_interfaces/msg/Light.idl
[5.712s] -- Up-to-date: /home/jacobrod/worms_ws/install/ros_ign_interfaces/share/ros_ign_interfaces/msg/StringVec.idl
[5.712s] -- Up-to-date: /home/jacobrod/worms_ws/install/ros_ign_interfaces/share/ros_ign_interfaces/msg/TrackVisual.idl
[5.713s] -- Up-to-date: /home/jacobrod/worms_ws/install/ros_ign_interfaces/share/ros_ign_interfaces/msg/VideoRecord.idl
[5.714s] -- Up-to-date: /home/jacobrod/worms_ws/install/ros_ign_interfaces/share/ros_ign_interfaces/msg/WorldControl.idl
[5.715s] -- Up-to-date: /home/jacobrod/worms_ws/install/ros_ign_interfaces/share/ros_ign_interfaces/msg/WorldReset.idl
[5.716s] -- Up-to-date: /home/jacobrod/worms_ws/install/ros_ign_interfaces/share/ros_ign_interfaces/srv/ControlWorld.idl
[5.716s] -- Up-to-date: /home/jacobrod/worms_ws/install/ros_ign_interfaces/share/ros_ign_interfaces/srv/DeleteEntity.idl
[5.717s] -- Up-to-date: /home/jacobrod/worms_ws/install/ros_ign_interfaces/share/ros_ign_interfaces/srv/SetEntityPose.idl
[5.717s] -- Up-to-date: /home/jacobrod/worms_ws/install/ros_ign_interfaces/share/ros_ign_interfaces/srv/SpawnEntity.idl
[5.718s] -- Up-to-date: /home/jacobrod/worms_ws/install/ros_ign_interfaces/share/ros_ign_interfaces/msg/Contact.msg
[5.718s] -- Up-to-date: /home/jacobrod/worms_ws/install/ros_ign_interfaces/share/ros_ign_interfaces/msg/Contacts.msg
[5.719s] -- Up-to-date: /home/jacobrod/worms_ws/install/ros_ign_interfaces/share/ros_ign_interfaces/msg/Entity.msg
[5.722s] -- Up-to-date: /home/jacobrod/worms_ws/install/ros_ign_interfaces/share/ros_ign_interfaces/msg/EntityFactory.msg
[5.722s] -- Up-to-date: /home/jacobrod/worms_ws/install/ros_ign_interfaces/share/ros_ign_interfaces/msg/GuiCamera.msg
[5.723s] -- Up-to-date: /home/jacobrod/worms_ws/install/ros_ign_interfaces/share/ros_ign_interfaces/msg/JointWrench.msg
[5.723s] -- Up-to-date: /home/jacobrod/worms_ws/install/ros_ign_interfaces/share/ros_ign_interfaces/msg/Light.msg
[5.724s] -- Up-to-date: /home/jacobrod/worms_ws/install/ros_ign_interfaces/share/ros_ign_interfaces/msg/StringVec.msg
[5.724s] -- Up-to-date: /home/jacobrod/worms_ws/install/ros_ign_interfaces/share/ros_ign_interfaces/msg/TrackVisual.msg
[5.725s] -- Up-to-date: /home/jacobrod/worms_ws/install/ros_ign_interfaces/share/ros_ign_interfaces/msg/VideoRecord.msg
[5.728s] -- Up-to-date: /home/jacobrod/worms_ws/install/ros_ign_interfaces/share/ros_ign_interfaces/msg/WorldControl.msg
[5.728s] -- Up-to-date: /home/jacobrod/worms_ws/install/ros_ign_interfaces/share/ros_ign_interfaces/msg/WorldReset.msg
[5.729s] -- Up-to-date: /home/jacobrod/worms_ws/install/ros_ign_interfaces/share/ros_ign_interfaces/srv/ControlWorld.srv
[5.729s] -- Up-to-date: /home/jacobrod/worms_ws/install/ros_ign_interfaces/share/ros_ign_interfaces/srv/ControlWorld_Request.msg
[5.730s] -- Up-to-date: /home/jacobrod/worms_ws/install/ros_ign_interfaces/share/ros_ign_interfaces/srv/ControlWorld_Response.msg
[5.731s] -- Up-to-date: /home/jacobrod/worms_ws/install/ros_ign_interfaces/share/ros_ign_interfaces/srv/DeleteEntity.srv
[5.732s] -- Up-to-date: /home/jacobrod/worms_ws/install/ros_ign_interfaces/share/ros_ign_interfaces/srv/DeleteEntity_Request.msg
[5.733s] -- Up-to-date: /home/jacobrod/worms_ws/install/ros_ign_interfaces/share/ros_ign_interfaces/srv/DeleteEntity_Response.msg
[5.733s] -- Up-to-date: /home/jacobrod/worms_ws/install/ros_ign_interfaces/share/ros_ign_interfaces/srv/SetEntityPose.srv
[5.734s] -- Up-to-date: /home/jacobrod/worms_ws/install/ros_ign_interfaces/share/ros_ign_interfaces/srv/SetEntityPose_Request.msg
[5.734s] -- Up-to-date: /home/jacobrod/worms_ws/install/ros_ign_interfaces/share/ros_ign_interfaces/srv/SetEntityPose_Response.msg
[5.735s] -- Up-to-date: /home/jacobrod/worms_ws/install/ros_ign_interfaces/share/ros_ign_interfaces/srv/SpawnEntity.srv
[5.735s] -- Up-to-date: /home/jacobrod/worms_ws/install/ros_ign_interfaces/share/ros_ign_interfaces/srv/SpawnEntity_Request.msg
[5.739s] -- Up-to-date: /home/jacobrod/worms_ws/install/ros_ign_interfaces/share/ros_ign_interfaces/srv/SpawnEntity_Response.msg
[5.740s] -- Up-to-date: /home/jacobrod/worms_ws/install/ros_ign_interfaces/share/ament_index/resource_index/package_run_dependencies/ros_ign_interfaces
[5.741s] -- Up-to-date: /home/jacobrod/worms_ws/install/ros_ign_interfaces/share/ament_index/resource_index/parent_prefix_path/ros_ign_interfaces
[5.741s] -- Up-to-date: /home/jacobrod/worms_ws/install/ros_ign_interfaces/share/ros_ign_interfaces/environment/ament_prefix_path.sh
[5.744s] -- Up-to-date: /home/jacobrod/worms_ws/install/ros_ign_interfaces/share/ros_ign_interfaces/environment/ament_prefix_path.dsv
[5.745s] -- Up-to-date: /home/jacobrod/worms_ws/install/ros_ign_interfaces/share/ros_ign_interfaces/environment/path.sh
[5.745s] -- Up-to-date: /home/jacobrod/worms_ws/install/ros_ign_interfaces/share/ros_ign_interfaces/environment/path.dsv
[5.746s] -- Up-to-date: /home/jacobrod/worms_ws/install/ros_ign_interfaces/share/ros_ign_interfaces/local_setup.bash
[5.746s] -- Up-to-date: /home/jacobrod/worms_ws/install/ros_ign_interfaces/share/ros_ign_interfaces/local_setup.sh
[5.747s] -- Up-to-date: /home/jacobrod/worms_ws/install/ros_ign_interfaces/share/ros_ign_interfaces/local_setup.zsh
[5.748s] -- Up-to-date: /home/jacobrod/worms_ws/install/ros_ign_interfaces/share/ros_ign_interfaces/local_setup.dsv
[5.749s] -- Installing: /home/jacobrod/worms_ws/install/ros_ign_interfaces/share/ros_ign_interfaces/package.dsv
[5.749s] -- Up-to-date: /home/jacobrod/worms_ws/install/ros_ign_interfaces/share/ament_index/resource_index/packages/ros_ign_interfaces
[5.750s] -- Up-to-date: /home/jacobrod/worms_ws/install/ros_ign_interfaces/share/ros_ign_interfaces/cmake/export_ros_ign_interfaces__rosidl_generator_cExport.cmake
[5.751s] -- Up-to-date: /home/jacobrod/worms_ws/install/ros_ign_interfaces/share/ros_ign_interfaces/cmake/export_ros_ign_interfaces__rosidl_generator_cExport-noconfig.cmake
[5.752s] -- Up-to-date: /home/jacobrod/worms_ws/install/ros_ign_interfaces/share/ros_ign_interfaces/cmake/export_ros_ign_interfaces__rosidl_typesupport_fastrtps_cExport.cmake
[5.752s] -- Up-to-date: /home/jacobrod/worms_ws/install/ros_ign_interfaces/share/ros_ign_interfaces/cmake/export_ros_ign_interfaces__rosidl_typesupport_fastrtps_cExport-noconfig.cmake
[5.755s] -- Up-to-date: /home/jacobrod/worms_ws/install/ros_ign_interfaces/share/ros_ign_interfaces/cmake/export_ros_ign_interfaces__rosidl_generator_cppExport.cmake
[5.756s] -- Up-to-date: /home/jacobrod/worms_ws/install/ros_ign_interfaces/share/ros_ign_interfaces/cmake/export_ros_ign_interfaces__rosidl_typesupport_fastrtps_cppExport.cmake
[5.756s] -- Up-to-date: /home/jacobrod/worms_ws/install/ros_ign_interfaces/share/ros_ign_interfaces/cmake/export_ros_ign_interfaces__rosidl_typesupport_fastrtps_cppExport-noconfig.cmake
[5.757s] -- Up-to-date: /home/jacobrod/worms_ws/install/ros_ign_interfaces/share/ros_ign_interfaces/cmake/ros_ign_interfaces__rosidl_typesupport_introspection_cExport.cmake
[5.757s] -- Up-to-date: /home/jacobrod/worms_ws/install/ros_ign_interfaces/share/ros_ign_interfaces/cmake/ros_ign_interfaces__rosidl_typesupport_introspection_cExport-noconfig.cmake
[5.758s] -- Up-to-date: /home/jacobrod/worms_ws/install/ros_ign_interfaces/share/ros_ign_interfaces/cmake/ros_ign_interfaces__rosidl_typesupport_cExport.cmake
[5.758s] -- Up-to-date: /home/jacobrod/worms_ws/install/ros_ign_interfaces/share/ros_ign_interfaces/cmake/ros_ign_interfaces__rosidl_typesupport_cExport-noconfig.cmake
[5.762s] -- Up-to-date: /home/jacobrod/worms_ws/install/ros_ign_interfaces/share/ros_ign_interfaces/cmake/ros_ign_interfaces__rosidl_typesupport_introspection_cppExport.cmake
[5.763s] -- Up-to-date: /home/jacobrod/worms_ws/install/ros_ign_interfaces/share/ros_ign_interfaces/cmake/ros_ign_interfaces__rosidl_typesupport_introspection_cppExport-noconfig.cmake
[5.765s] -- Up-to-date: /home/jacobrod/worms_ws/install/ros_ign_interfaces/share/ros_ign_interfaces/cmake/ros_ign_interfaces__rosidl_typesupport_cppExport.cmake
[5.765s] -- Up-to-date: /home/jacobrod/worms_ws/install/ros_ign_interfaces/share/ros_ign_interfaces/cmake/ros_ign_interfaces__rosidl_typesupport_cppExport-noconfig.cmake
[5.766s] -- Up-to-date: /home/jacobrod/worms_ws/install/ros_ign_interfaces/share/ros_ign_interfaces/cmake/export_ros_ign_interfaces__rosidl_generator_pyExport.cmake
[5.766s] -- Up-to-date: /home/jacobrod/worms_ws/install/ros_ign_interfaces/share/ros_ign_interfaces/cmake/export_ros_ign_interfaces__rosidl_generator_pyExport-noconfig.cmake
[5.767s] -- Up-to-date: /home/jacobrod/worms_ws/install/ros_ign_interfaces/share/ros_ign_interfaces/cmake/rosidl_cmake-extras.cmake
[5.767s] -- Up-to-date: /home/jacobrod/worms_ws/install/ros_ign_interfaces/share/ros_ign_interfaces/cmake/ament_cmake_export_dependencies-extras.cmake
[5.768s] -- Up-to-date: /home/jacobrod/worms_ws/install/ros_ign_interfaces/share/ros_ign_interfaces/cmake/ament_cmake_export_include_directories-extras.cmake
[5.768s] -- Up-to-date: /home/jacobrod/worms_ws/install/ros_ign_interfaces/share/ros_ign_interfaces/cmake/ament_cmake_export_libraries-extras.cmake
[5.773s] -- Up-to-date: /home/jacobrod/worms_ws/install/ros_ign_interfaces/share/ros_ign_interfaces/cmake/ament_cmake_export_targets-extras.cmake
[5.773s] -- Up-to-date: /home/jacobrod/worms_ws/install/ros_ign_interfaces/share/ros_ign_interfaces/cmake/rosidl_cmake_export_typesupport_targets-extras.cmake
[5.773s] -- Up-to-date: /home/jacobrod/worms_ws/install/ros_ign_interfaces/share/ros_ign_interfaces/cmake/rosidl_cmake_export_typesupport_libraries-extras.cmake
[5.775s] -- Up-to-date: /home/jacobrod/worms_ws/install/ros_ign_interfaces/share/ros_ign_interfaces/cmake/ros_ign_interfacesConfig.cmake
[5.778s] -- Up-to-date: /home/jacobrod/worms_ws/install/ros_ign_interfaces/share/ros_ign_interfaces/cmake/ros_ign_interfacesConfig-version.cmake
[5.778s] -- Up-to-date: /home/jacobrod/worms_ws/install/ros_ign_interfaces/share/ros_ign_interfaces/package.xml
[5.795s] Invoked command in '/home/jacobrod/worms_ws/build/ros_ign_interfaces' returned '0': CMAKE_PREFIX_PATH=/home/jacobrod/worms_ws/install/ros_gz_interfaces:/home/jacobrod/worms_ws/install/worms_gazebo:/home/jacobrod/worms_ws/install/worms_description:/home/jacobrod/worms_ws/install/ros_ign:/home/jacobrod/worms_ws/install/ros_ign_gazebo_demos:/home/jacobrod/worms_ws/install/ros_gz:/home/jacobrod/worms_ws/install/ros_gz_sim_demos:/home/jacobrod/worms_ws/install/sdformat_urdf:/home/jacobrod/worms_ws/install/sdformat_test_files:/home/jacobrod/worms_ws/install/ros_ign_interfaces:/home/jacobrod/worms_ws/install/ros_ign_image:/home/jacobrod/worms_ws/install/ros_ign_gazebo:/home/jacobrod/worms_ws/install/ros_ign_bridge:/home/jacobrod/worms_ws/install/ros_gz_sim:/home/jacobrod/worms_ws/install/ros_gz_image:/home/jacobrod/worms_ws/install/ros_gz_bridge:/home/jacobrod/worms_ws/install/ros_gz_example_bringup:/home/jacobrod/worms_ws/install/ros_gz_example_gazebo:/home/jacobrod/worms_ws/install/ros_gz_example_description:/home/jacobrod/worms_ws/install/ros_gz_example_application:/home/jacobrod/worms_ws/install/core_bringup:/home/jacobrod/worms_ws/install/worms_mech:/opt/ros/humble LD_LIBRARY_PATH=/home/jacobrod/worms_ws/install/ros_gz_interfaces/lib:/home/jacobrod/worms_ws/install/sdformat_urdf/lib:/home/jacobrod/worms_ws/install/ros_ign_interfaces/lib:/home/jacobrod/worms_ws/install/ros_gz_sim/lib:/home/jacobrod/worms_ws/install/ros_gz_bridge/lib:/opt/ros/humble/opt/rviz_ogre_vendor/lib:/opt/ros/humble/lib/x86_64-linux-gnu:/opt/ros/humble/lib /usr/bin/cmake --install /home/jacobrod/worms_ws/build/ros_ign_interfaces
