[2.233s] Invoking command in '/home/worm3/worms_mech_ws/src/worms_mech': PYTHONPATH=/home/worm3/worms_mech_ws/build/worms_mech/prefix_override:/home/worm3/worms_mech_ws/install/worms_mech/lib/python3.10/site-packages:${PYTHONPATH} /usr/bin/python3 setup.py egg_info --egg-base ../../build/worms_mech build --build-base /home/worm3/worms_mech_ws/build/worms_mech/build install --record /home/worm3/worms_mech_ws/build/worms_mech/install.log --single-version-externally-managed
[2.998s] running egg_info
[3.000s] writing ../../build/worms_mech/worms_mech.egg-info/PKG-INFO
[3.001s] writing dependency_links to ../../build/worms_mech/worms_mech.egg-info/dependency_links.txt
[3.002s] writing entry points to ../../build/worms_mech/worms_mech.egg-info/entry_points.txt
[3.003s] writing requirements to ../../build/worms_mech/worms_mech.egg-info/requires.txt
[3.003s] writing top-level names to ../../build/worms_mech/worms_mech.egg-info/top_level.txt
[3.011s] reading manifest file '../../build/worms_mech/worms_mech.egg-info/SOURCES.txt'
[3.015s] writing manifest file '../../build/worms_mech/worms_mech.egg-info/SOURCES.txt'
[3.016s] running build
[3.016s] running build_py
[3.017s] copying worms_mech/joint_command_publisher.py -> /home/worm3/worms_mech_ws/build/worms_mech/build/lib/worms_mech
[3.018s] copying worms_mech/hardware_interfacev2.py -> /home/worm3/worms_mech_ws/build/worms_mech/build/lib/worms_mech
[3.019s] copying worms_mech/gait_parser.py -> /home/worm3/worms_mech_ws/build/worms_mech/build/lib/worms_mech
[3.020s] copying worms_mech/controller_nodev2.py -> /home/worm3/worms_mech_ws/build/worms_mech/build/lib/worms_mech
[3.022s] copying worms_mech/joystick_control.py -> /home/worm3/worms_mech_ws/build/worms_mech/build/lib/worms_mech
[3.023s] copying worms_mech/camera_scanner.py -> /home/worm3/worms_mech_ws/build/worms_mech/build/lib/worms_mech
[3.024s] copying worms_mech/__init__.py -> /home/worm3/worms_mech_ws/build/worms_mech/build/lib/worms_mech
[3.025s] copying worms_mech/controller_node.py -> /home/worm3/worms_mech_ws/build/worms_mech/build/lib/worms_mech
[3.027s] copying worms_mech/testbed_interface.py -> /home/worm3/worms_mech_ws/build/worms_mech/build/lib/worms_mech
[3.028s] copying worms_mech/action_node.py -> /home/worm3/worms_mech_ws/build/worms_mech/build/lib/worms_mech
[3.030s] running install
[3.031s] /usr/lib/python3/dist-packages/setuptools/command/install.py:34: SetuptoolsDeprecationWarning: setup.py install is deprecated. Use build and pip and other standards-based tools.
[3.031s]   warnings.warn(
[3.032s] running install_lib
[3.036s] copying /home/worm3/worms_mech_ws/build/worms_mech/build/lib/worms_mech/joint_command_publisher.py -> /home/worm3/worms_mech_ws/install/worms_mech/lib/python3.10/site-packages/worms_mech
[3.036s] copying /home/worm3/worms_mech_ws/build/worms_mech/build/lib/worms_mech/hardware_interfacev2.py -> /home/worm3/worms_mech_ws/install/worms_mech/lib/python3.10/site-packages/worms_mech
[3.037s] copying /home/worm3/worms_mech_ws/build/worms_mech/build/lib/worms_mech/gait_parser.py -> /home/worm3/worms_mech_ws/install/worms_mech/lib/python3.10/site-packages/worms_mech
[3.038s] copying /home/worm3/worms_mech_ws/build/worms_mech/build/lib/worms_mech/controller_nodev2.py -> /home/worm3/worms_mech_ws/install/worms_mech/lib/python3.10/site-packages/worms_mech
[3.039s] copying /home/worm3/worms_mech_ws/build/worms_mech/build/lib/worms_mech/joystick_control.py -> /home/worm3/worms_mech_ws/install/worms_mech/lib/python3.10/site-packages/worms_mech
[3.040s] copying /home/worm3/worms_mech_ws/build/worms_mech/build/lib/worms_mech/camera_scanner.py -> /home/worm3/worms_mech_ws/install/worms_mech/lib/python3.10/site-packages/worms_mech
[3.041s] copying /home/worm3/worms_mech_ws/build/worms_mech/build/lib/worms_mech/__init__.py -> /home/worm3/worms_mech_ws/install/worms_mech/lib/python3.10/site-packages/worms_mech
[3.041s] copying /home/worm3/worms_mech_ws/build/worms_mech/build/lib/worms_mech/controller_node.py -> /home/worm3/worms_mech_ws/install/worms_mech/lib/python3.10/site-packages/worms_mech
[3.042s] copying /home/worm3/worms_mech_ws/build/worms_mech/build/lib/worms_mech/testbed_interface.py -> /home/worm3/worms_mech_ws/install/worms_mech/lib/python3.10/site-packages/worms_mech
[3.043s] copying /home/worm3/worms_mech_ws/build/worms_mech/build/lib/worms_mech/action_node.py -> /home/worm3/worms_mech_ws/install/worms_mech/lib/python3.10/site-packages/worms_mech
[3.046s] byte-compiling /home/worm3/worms_mech_ws/install/worms_mech/lib/python3.10/site-packages/worms_mech/joint_command_publisher.py to joint_command_publisher.cpython-310.pyc
[3.049s] byte-compiling /home/worm3/worms_mech_ws/install/worms_mech/lib/python3.10/site-packages/worms_mech/hardware_interfacev2.py to hardware_interfacev2.cpython-310.pyc
[3.051s] byte-compiling /home/worm3/worms_mech_ws/install/worms_mech/lib/python3.10/site-packages/worms_mech/gait_parser.py to gait_parser.cpython-310.pyc
[3.055s] byte-compiling /home/worm3/worms_mech_ws/install/worms_mech/lib/python3.10/site-packages/worms_mech/controller_nodev2.py to controller_nodev2.cpython-310.pyc
[3.057s] byte-compiling /home/worm3/worms_mech_ws/install/worms_mech/lib/python3.10/site-packages/worms_mech/joystick_control.py to joystick_control.cpython-310.pyc
[3.061s] byte-compiling /home/worm3/worms_mech_ws/install/worms_mech/lib/python3.10/site-packages/worms_mech/camera_scanner.py to camera_scanner.cpython-310.pyc
[3.064s] byte-compiling /home/worm3/worms_mech_ws/install/worms_mech/lib/python3.10/site-packages/worms_mech/__init__.py to __init__.cpython-310.pyc
[3.065s] byte-compiling /home/worm3/worms_mech_ws/install/worms_mech/lib/python3.10/site-packages/worms_mech/controller_node.py to controller_node.cpython-310.pyc
[3.068s] byte-compiling /home/worm3/worms_mech_ws/install/worms_mech/lib/python3.10/site-packages/worms_mech/testbed_interface.py to testbed_interface.cpython-310.pyc
[3.070s] byte-compiling /home/worm3/worms_mech_ws/install/worms_mech/lib/python3.10/site-packages/worms_mech/action_node.py to action_node.cpython-310.pyc
[3.072s] running install_data
[3.074s] creating /home/worm3/worms_mech_ws/install/worms_mech/share/ament_index
[3.074s] creating /home/worm3/worms_mech_ws/install/worms_mech/share/ament_index/resource_index
[3.075s] creating /home/worm3/worms_mech_ws/install/worms_mech/share/ament_index/resource_index/packages
[3.075s] copying resource/worms_mech -> /home/worm3/worms_mech_ws/install/worms_mech/share/ament_index/resource_index/packages
[3.076s] running install_egg_info
[3.081s] removing '/home/worm3/worms_mech_ws/install/worms_mech/lib/python3.10/site-packages/worms_mech-0.0.0-py3.10.egg-info' (and everything under it)
[3.082s] Copying ../../build/worms_mech/worms_mech.egg-info to /home/worm3/worms_mech_ws/install/worms_mech/lib/python3.10/site-packages/worms_mech-0.0.0-py3.10.egg-info
[3.087s] running install_scripts
[3.160s] Installing camera_scanner script to /home/worm3/worms_mech_ws/install/worms_mech/lib/worms_mech
[3.161s] Installing controller_node script to /home/worm3/worms_mech_ws/install/worms_mech/lib/worms_mech
[3.162s] Installing gait_action_node script to /home/worm3/worms_mech_ws/install/worms_mech/lib/worms_mech
[3.162s] Installing gait_manager script to /home/worm3/worms_mech_ws/install/worms_mech/lib/worms_mech
[3.163s] Installing gait_parser script to /home/worm3/worms_mech_ws/install/worms_mech/lib/worms_mech
[3.163s] Installing hardware_interface script to /home/worm3/worms_mech_ws/install/worms_mech/lib/worms_mech
[3.164s] Installing joint_command_publisher script to /home/worm3/worms_mech_ws/install/worms_mech/lib/worms_mech
[3.164s] Installing joystick_control script to /home/worm3/worms_mech_ws/install/worms_mech/lib/worms_mech
[3.165s] Installing simple_hardware_interface script to /home/worm3/worms_mech_ws/install/worms_mech/lib/worms_mech
[3.166s] Installing stand_node script to /home/worm3/worms_mech_ws/install/worms_mech/lib/worms_mech
[3.166s] Installing testbed_interface script to /home/worm3/worms_mech_ws/install/worms_mech/lib/worms_mech
[3.169s] writing list of installed files to '/home/worm3/worms_mech_ws/build/worms_mech/install.log'
[3.276s] Invoked command in '/home/worm3/worms_mech_ws/src/worms_mech' returned '0': PYTHONPATH=/home/worm3/worms_mech_ws/build/worms_mech/prefix_override:/home/worm3/worms_mech_ws/install/worms_mech/lib/python3.10/site-packages:${PYTHONPATH} /usr/bin/python3 setup.py egg_info --egg-base ../../build/worms_mech build --build-base /home/worm3/worms_mech_ws/build/worms_mech/build install --record /home/worm3/worms_mech_ws/build/worms_mech/install.log --single-version-externally-managed
