[2.835s] Invoking command in '/home/tomascr/worms_mech_ws/src/worms_mech': PYTHONPATH=/home/tomascr/worms_mech_ws/install/worms_mech/lib/python3.10/site-packages:${PYTHONPATH} /usr/bin/python3 setup.py egg_info --egg-base ../../build/worms_mech build --build-base /home/tomascr/worms_mech_ws/build/worms_mech/build install --prefix /home/tomascr/worms_mech_ws/install/worms_mech --record /home/tomascr/worms_mech_ws/build/worms_mech/install.log --single-version-externally-managed
[3.952s] running egg_info
[3.955s] writing ../../build/worms_mech/worms_mech.egg-info/PKG-INFO
[3.957s] writing dependency_links to ../../build/worms_mech/worms_mech.egg-info/dependency_links.txt
[3.959s] writing entry points to ../../build/worms_mech/worms_mech.egg-info/entry_points.txt
[3.959s] writing requirements to ../../build/worms_mech/worms_mech.egg-info/requires.txt
[3.960s] writing top-level names to ../../build/worms_mech/worms_mech.egg-info/top_level.txt
[3.969s] reading manifest file '../../build/worms_mech/worms_mech.egg-info/SOURCES.txt'
[3.974s] writing manifest file '../../build/worms_mech/worms_mech.egg-info/SOURCES.txt'
[3.974s] running build
[3.975s] running build_py
[3.978s] copying worms_mech/testbed_interface.py -> /home/tomascr/worms_mech_ws/build/worms_mech/build/lib/worms_mech
[3.979s] copying worms_mech/controller_node.py -> /home/tomascr/worms_mech_ws/build/worms_mech/build/lib/worms_mech
[3.981s] copying worms_mech/__init__.py -> /home/tomascr/worms_mech_ws/build/worms_mech/build/lib/worms_mech
[3.982s] copying worms_mech/hardware_interface.py -> /home/tomascr/worms_mech_ws/build/worms_mech/build/lib/worms_mech
[3.984s] copying worms_mech/gait_parser.py -> /home/tomascr/worms_mech_ws/build/worms_mech/build/lib/worms_mech
[3.985s] copying worms_mech/joint_command_publisher.py -> /home/tomascr/worms_mech_ws/build/worms_mech/build/lib/worms_mech
[3.986s] copying worms_mech/joystick_control.py -> /home/tomascr/worms_mech_ws/build/worms_mech/build/lib/worms_mech
[3.989s] running install
[3.990s] /usr/lib/python3/dist-packages/setuptools/command/install.py:34: SetuptoolsDeprecationWarning: setup.py install is deprecated. Use build and pip and other standards-based tools.
[3.991s]   warnings.warn(
[3.991s] running install_lib
[3.996s] copying /home/tomascr/worms_mech_ws/build/worms_mech/build/lib/worms_mech/testbed_interface.py -> /home/tomascr/worms_mech_ws/install/worms_mech/lib/python3.10/site-packages/worms_mech
[3.997s] copying /home/tomascr/worms_mech_ws/build/worms_mech/build/lib/worms_mech/controller_node.py -> /home/tomascr/worms_mech_ws/install/worms_mech/lib/python3.10/site-packages/worms_mech
[3.998s] copying /home/tomascr/worms_mech_ws/build/worms_mech/build/lib/worms_mech/__init__.py -> /home/tomascr/worms_mech_ws/install/worms_mech/lib/python3.10/site-packages/worms_mech
[3.999s] copying /home/tomascr/worms_mech_ws/build/worms_mech/build/lib/worms_mech/hardware_interface.py -> /home/tomascr/worms_mech_ws/install/worms_mech/lib/python3.10/site-packages/worms_mech
[4.000s] copying /home/tomascr/worms_mech_ws/build/worms_mech/build/lib/worms_mech/gait_parser.py -> /home/tomascr/worms_mech_ws/install/worms_mech/lib/python3.10/site-packages/worms_mech
[4.001s] copying /home/tomascr/worms_mech_ws/build/worms_mech/build/lib/worms_mech/joint_command_publisher.py -> /home/tomascr/worms_mech_ws/install/worms_mech/lib/python3.10/site-packages/worms_mech
[4.002s] copying /home/tomascr/worms_mech_ws/build/worms_mech/build/lib/worms_mech/joystick_control.py -> /home/tomascr/worms_mech_ws/install/worms_mech/lib/python3.10/site-packages/worms_mech
[4.005s] byte-compiling /home/tomascr/worms_mech_ws/install/worms_mech/lib/python3.10/site-packages/worms_mech/testbed_interface.py to testbed_interface.cpython-310.pyc
[4.008s] byte-compiling /home/tomascr/worms_mech_ws/install/worms_mech/lib/python3.10/site-packages/worms_mech/controller_node.py to controller_node.cpython-310.pyc
[4.011s] byte-compiling /home/tomascr/worms_mech_ws/install/worms_mech/lib/python3.10/site-packages/worms_mech/gait_parser.py to gait_parser.cpython-310.pyc
[4.015s] byte-compiling /home/tomascr/worms_mech_ws/install/worms_mech/lib/python3.10/site-packages/worms_mech/joint_command_publisher.py to joint_command_publisher.cpython-310.pyc
[4.018s] byte-compiling /home/tomascr/worms_mech_ws/install/worms_mech/lib/python3.10/site-packages/worms_mech/joystick_control.py to joystick_control.cpython-310.pyc
[4.023s] running install_data
[4.025s] copying resource/worms_mech -> /home/tomascr/worms_mech_ws/install/worms_mech/share/ament_index/resource_index/packages
[4.026s] copying package.xml -> /home/tomascr/worms_mech_ws/install/worms_mech/share/worms_mech
[4.026s] running install_egg_info
[4.033s] removing '/home/tomascr/worms_mech_ws/install/worms_mech/lib/python3.10/site-packages/worms_mech-0.0.0-py3.10.egg-info' (and everything under it)
[4.035s] Copying ../../build/worms_mech/worms_mech.egg-info to /home/tomascr/worms_mech_ws/install/worms_mech/lib/python3.10/site-packages/worms_mech-0.0.0-py3.10.egg-info
[4.041s] running install_scripts
[4.120s] Installing controller_node script to /home/tomascr/worms_mech_ws/install/worms_mech/lib/worms_mech
[4.121s] Installing gait_parser script to /home/tomascr/worms_mech_ws/install/worms_mech/lib/worms_mech
[4.122s] Installing hardware_interface script to /home/tomascr/worms_mech_ws/install/worms_mech/lib/worms_mech
[4.123s] Installing joint_command_publisher script to /home/tomascr/worms_mech_ws/install/worms_mech/lib/worms_mech
[4.124s] Installing joystick_control script to /home/tomascr/worms_mech_ws/install/worms_mech/lib/worms_mech
[4.125s] Installing testbed_interface script to /home/tomascr/worms_mech_ws/install/worms_mech/lib/worms_mech
[4.127s] writing list of installed files to '/home/tomascr/worms_mech_ws/build/worms_mech/install.log'
[4.245s] Invoked command in '/home/tomascr/worms_mech_ws/src/worms_mech' returned '0': PYTHONPATH=/home/tomascr/worms_mech_ws/install/worms_mech/lib/python3.10/site-packages:${PYTHONPATH} /usr/bin/python3 setup.py egg_info --egg-base ../../build/worms_mech build --build-base /home/tomascr/worms_mech_ws/build/worms_mech/build install --prefix /home/tomascr/worms_mech_ws/install/worms_mech --record /home/tomascr/worms_mech_ws/build/worms_mech/install.log --single-version-externally-managed
