[0.233s] Invoking command in '/home/jacobrod/worms_ws/build/ros_ign_interfaces': CMAKE_PREFIX_PATH=/home/jacobrod/worms_ws/install/ros_gz_interfaces:/home/jacobrod/worms_ws/install/worms_gazebo:/home/jacobrod/worms_ws/install/worms_description:/home/jacobrod/worms_ws/install/ros_ign:/home/jacobrod/worms_ws/install/ros_ign_gazebo_demos:/home/jacobrod/worms_ws/install/ros_gz:/home/jacobrod/worms_ws/install/ros_gz_sim_demos:/home/jacobrod/worms_ws/install/sdformat_urdf:/home/jacobrod/worms_ws/install/sdformat_test_files:/home/jacobrod/worms_ws/install/ros_ign_interfaces:/home/jacobrod/worms_ws/install/ros_ign_image:/home/jacobrod/worms_ws/install/ros_ign_gazebo:/home/jacobrod/worms_ws/install/ros_ign_bridge:/home/jacobrod/worms_ws/install/ros_gz_sim:/home/jacobrod/worms_ws/install/ros_gz_image:/home/jacobrod/worms_ws/install/ros_gz_bridge:/home/jacobrod/worms_ws/install/ros_gz_example_bringup:/home/jacobrod/worms_ws/install/ros_gz_example_gazebo:/home/jacobrod/worms_ws/install/ros_gz_example_description:/home/jacobrod/worms_ws/install/ros_gz_example_application:/home/jacobrod/worms_ws/install/core_bringup:/home/jacobrod/worms_ws/install/worms_mech:/opt/ros/humble LD_LIBRARY_PATH=/home/jacobrod/worms_ws/install/ros_gz_interfaces/lib:/home/jacobrod/worms_ws/install/sdformat_urdf/lib:/home/jacobrod/worms_ws/install/ros_ign_interfaces/lib:/home/jacobrod/worms_ws/install/ros_gz_sim/lib:/home/jacobrod/worms_ws/install/ros_gz_bridge/lib:/opt/ros/humble/opt/rviz_ogre_vendor/lib:/opt/ros/humble/lib/x86_64-linux-gnu:/opt/ros/humble/lib /usr/bin/cmake --build /home/jacobrod/worms_ws/build/ros_ign_interfaces -- -j8 -l8
[0.333s] [  0%] Built target ros_ign_interfaces__cpp
[0.375s] [  0%] Built target ament_cmake_python_copy_ros_ign_interfaces
[0.383s] [ 12%] Built target ros_ign_interfaces__rosidl_generator_c
[0.409s] [ 24%] Built target ros_ign_interfaces__rosidl_typesupport_fastrtps_cpp
[0.413s] [ 36%] Built target ros_ign_interfaces__rosidl_typesupport_cpp
[0.450s] [ 48%] Built target ros_ign_interfaces__rosidl_typesupport_introspection_cpp
[0.464s] [ 60%] Built target ros_ign_interfaces__rosidl_typesupport_introspection_c
[0.465s] [ 72%] Built target ros_ign_interfaces__rosidl_typesupport_fastrtps_c
[0.469s] [ 84%] Built target ros_ign_interfaces__rosidl_typesupport_c
[0.501s] [ 84%] Built target ros_ign_interfaces
[0.531s] [ 85%] Built target ros_ign_interfaces__py
[0.569s] [ 96%] Built target ros_ign_interfaces__rosidl_generator_py
[0.603s] [ 97%] Built target ros_ign_interfaces__rosidl_typesupport_c__pyext
[0.604s] [ 98%] Built target ros_ign_interfaces__rosidl_typesupport_fastrtps_c__pyext
[0.608s] [100%] Built target ros_ign_interfaces__rosidl_typesupport_introspection_c__pyext
[0.779s] running egg_info
[0.780s] writing ros_ign_interfaces.egg-info/PKG-INFO
[0.781s] writing dependency_links to ros_ign_interfaces.egg-info/dependency_links.txt
[0.781s] writing top-level names to ros_ign_interfaces.egg-info/top_level.txt
[0.784s] reading manifest file 'ros_ign_interfaces.egg-info/SOURCES.txt'
[0.785s] writing manifest file 'ros_ign_interfaces.egg-info/SOURCES.txt'
[0.820s] [100%] Built target ament_cmake_python_build_ros_ign_interfaces_egg
[0.861s] Invoked command in '/home/jacobrod/worms_ws/build/ros_ign_interfaces' returned '0': CMAKE_PREFIX_PATH=/home/jacobrod/worms_ws/install/ros_gz_interfaces:/home/jacobrod/worms_ws/install/worms_gazebo:/home/jacobrod/worms_ws/install/worms_description:/home/jacobrod/worms_ws/install/ros_ign:/home/jacobrod/worms_ws/install/ros_ign_gazebo_demos:/home/jacobrod/worms_ws/install/ros_gz:/home/jacobrod/worms_ws/install/ros_gz_sim_demos:/home/jacobrod/worms_ws/install/sdformat_urdf:/home/jacobrod/worms_ws/install/sdformat_test_files:/home/jacobrod/worms_ws/install/ros_ign_interfaces:/home/jacobrod/worms_ws/install/ros_ign_image:/home/jacobrod/worms_ws/install/ros_ign_gazebo:/home/jacobrod/worms_ws/install/ros_ign_bridge:/home/jacobrod/worms_ws/install/ros_gz_sim:/home/jacobrod/worms_ws/install/ros_gz_image:/home/jacobrod/worms_ws/install/ros_gz_bridge:/home/jacobrod/worms_ws/install/ros_gz_example_bringup:/home/jacobrod/worms_ws/install/ros_gz_example_gazebo:/home/jacobrod/worms_ws/install/ros_gz_example_description:/home/jacobrod/worms_ws/install/ros_gz_example_application:/home/jacobrod/worms_ws/install/core_bringup:/home/jacobrod/worms_ws/install/worms_mech:/opt/ros/humble LD_LIBRARY_PATH=/home/jacobrod/worms_ws/install/ros_gz_interfaces/lib:/home/jacobrod/worms_ws/install/sdformat_urdf/lib:/home/jacobrod/worms_ws/install/ros_ign_interfaces/lib:/home/jacobrod/worms_ws/install/ros_gz_sim/lib:/home/jacobrod/worms_ws/install/ros_gz_bridge/lib:/opt/ros/humble/opt/rviz_ogre_vendor/lib:/opt/ros/humble/lib/x86_64-linux-gnu:/opt/ros/humble/lib /usr/bin/cmake --build /home/jacobrod/worms_ws/build/ros_ign_interfaces -- -j8 -l8
[1.395s] Invoking command in '/home/jacobrod/worms_ws/build/ros_ign_interfaces': CMAKE_PREFIX_PATH=/home/jacobrod/worms_ws/install/ros_gz_interfaces:/home/jacobrod/worms_ws/install/worms_gazebo:/home/jacobrod/worms_ws/install/worms_description:/home/jacobrod/worms_ws/install/ros_ign:/home/jacobrod/worms_ws/install/ros_ign_gazebo_demos:/home/jacobrod/worms_ws/install/ros_gz:/home/jacobrod/worms_ws/install/ros_gz_sim_demos:/home/jacobrod/worms_ws/install/sdformat_urdf:/home/jacobrod/worms_ws/install/sdformat_test_files:/home/jacobrod/worms_ws/install/ros_ign_interfaces:/home/jacobrod/worms_ws/install/ros_ign_image:/home/jacobrod/worms_ws/install/ros_ign_gazebo:/home/jacobrod/worms_ws/install/ros_ign_bridge:/home/jacobrod/worms_ws/install/ros_gz_sim:/home/jacobrod/worms_ws/install/ros_gz_image:/home/jacobrod/worms_ws/install/ros_gz_bridge:/home/jacobrod/worms_ws/install/ros_gz_example_bringup:/home/jacobrod/worms_ws/install/ros_gz_example_gazebo:/home/jacobrod/worms_ws/install/ros_gz_example_description:/home/jacobrod/worms_ws/install/ros_gz_example_application:/home/jacobrod/worms_ws/install/core_bringup:/home/jacobrod/worms_ws/install/worms_mech:/opt/ros/humble LD_LIBRARY_PATH=/home/jacobrod/worms_ws/install/ros_gz_interfaces/lib:/home/jacobrod/worms_ws/install/sdformat_urdf/lib:/home/jacobrod/worms_ws/install/ros_ign_interfaces/lib:/home/jacobrod/worms_ws/install/ros_gz_sim/lib:/home/jacobrod/worms_ws/install/ros_gz_bridge/lib:/opt/ros/humble/opt/rviz_ogre_vendor/lib:/opt/ros/humble/lib/x86_64-linux-gnu:/opt/ros/humble/lib /usr/bin/cmake --install /home/jacobrod/worms_ws/build/ros_ign_interfaces
[1.409s] -- Install configuration: ""
[1.410s] -- Up-to-date: /home/jacobrod/worms_ws/install/ros_ign_interfaces/share/ament_index/resource_index/rosidl_interfaces/ros_ign_interfaces
[1.410s] -- Up-to-date: /home/jacobrod/worms_ws/install/ros_ign_interfaces/include/ros_ign_interfaces/ros_ign_interfaces
[1.410s] -- Up-to-date: /home/jacobrod/worms_ws/install/ros_ign_interfaces/include/ros_ign_interfaces/ros_ign_interfaces/msg
[1.410s] -- Up-to-date: /home/jacobrod/worms_ws/install/ros_ign_interfaces/include/ros_ign_interfaces/ros_ign_interfaces/msg/track_visual.h
[1.411s] -- Up-to-date: /home/jacobrod/worms_ws/install/ros_ign_interfaces/include/ros_ign_interfaces/ros_ign_interfaces/msg/world_reset.h
[1.411s] -- Up-to-date: /home/jacobrod/worms_ws/install/ros_ign_interfaces/include/ros_ign_interfaces/ros_ign_interfaces/msg/rosidl_generator_c__visibility_control.h
[1.411s] -- Up-to-date: /home/jacobrod/worms_ws/install/ros_ign_interfaces/include/ros_ign_interfaces/ros_ign_interfaces/msg/entity.h
[1.411s] -- Up-to-date: /home/jacobrod/worms_ws/install/ros_ign_interfaces/include/ros_ign_interfaces/ros_ign_interfaces/msg/string_vec.h
[1.412s] -- Up-to-date: /home/jacobrod/worms_ws/install/ros_ign_interfaces/include/ros_ign_interfaces/ros_ign_interfaces/msg/light.h
[1.412s] -- Up-to-date: /home/jacobrod/worms_ws/install/ros_ign_interfaces/include/ros_ign_interfaces/ros_ign_interfaces/msg/detail
[1.412s] -- Up-to-date: /home/jacobrod/worms_ws/install/ros_ign_interfaces/include/ros_ign_interfaces/ros_ign_interfaces/msg/detail/video_record__type_support.h
[1.412s] -- Up-to-date: /home/jacobrod/worms_ws/install/ros_ign_interfaces/include/ros_ign_interfaces/ros_ign_interfaces/msg/detail/gui_camera__functions.c
[1.413s] -- Up-to-date: /home/jacobrod/worms_ws/install/ros_ign_interfaces/include/ros_ign_interfaces/ros_ign_interfaces/msg/detail/entity__struct.h
[1.413s] -- Up-to-date: /home/jacobrod/worms_ws/install/ros_ign_interfaces/include/ros_ign_interfaces/ros_ign_interfaces/msg/detail/light__functions.c
[1.413s] -- Up-to-date: /home/jacobrod/worms_ws/install/ros_ign_interfaces/include/ros_ign_interfaces/ros_ign_interfaces/msg/detail/video_record__functions.h
[1.414s] -- Up-to-date: /home/jacobrod/worms_ws/install/ros_ign_interfaces/include/ros_ign_interfaces/ros_ign_interfaces/msg/detail/world_control__functions.h
[1.414s] -- Up-to-date: /home/jacobrod/worms_ws/install/ros_ign_interfaces/include/ros_ign_interfaces/ros_ign_interfaces/msg/detail/string_vec__functions.h
[1.414s] -- Up-to-date: /home/jacobrod/worms_ws/install/ros_ign_interfaces/include/ros_ign_interfaces/ros_ign_interfaces/msg/detail/string_vec__type_support.h
[1.414s] -- Up-to-date: /home/jacobrod/worms_ws/install/ros_ign_interfaces/include/ros_ign_interfaces/ros_ign_interfaces/msg/detail/video_record__functions.c
[1.415s] -- Up-to-date: /home/jacobrod/worms_ws/install/ros_ign_interfaces/include/ros_ign_interfaces/ros_ign_interfaces/msg/detail/entity__functions.h
[1.415s] -- Up-to-date: /home/jacobrod/worms_ws/install/ros_ign_interfaces/include/ros_ign_interfaces/ros_ign_interfaces/msg/detail/light__type_support.h
[1.415s] -- Up-to-date: /home/jacobrod/worms_ws/install/ros_ign_interfaces/include/ros_ign_interfaces/ros_ign_interfaces/msg/detail/world_control__struct.h
[1.415s] -- Up-to-date: /home/jacobrod/worms_ws/install/ros_ign_interfaces/include/ros_ign_interfaces/ros_ign_interfaces/msg/detail/world_control__functions.c
[1.415s] -- Up-to-date: /home/jacobrod/worms_ws/install/ros_ign_interfaces/include/ros_ign_interfaces/ros_ign_interfaces/msg/detail/string_vec__struct.h
[1.416s] -- Up-to-date: /home/jacobrod/worms_ws/install/ros_ign_interfaces/include/ros_ign_interfaces/ros_ign_interfaces/msg/detail/string_vec__functions.c
[1.416s] -- Up-to-date: /home/jacobrod/worms_ws/install/ros_ign_interfaces/include/ros_ign_interfaces/ros_ign_interfaces/msg/detail/joint_wrench__type_support.h
[1.416s] -- Up-to-date: /home/jacobrod/worms_ws/install/ros_ign_interfaces/include/ros_ign_interfaces/ros_ign_interfaces/msg/detail/contacts__struct.h
[1.416s] -- Up-to-date: /home/jacobrod/worms_ws/install/ros_ign_interfaces/include/ros_ign_interfaces/ros_ign_interfaces/msg/detail/track_visual__functions.h
[1.416s] -- Up-to-date: /home/jacobrod/worms_ws/install/ros_ign_interfaces/include/ros_ign_interfaces/ros_ign_interfaces/msg/detail/joint_wrench__struct.h
[1.416s] -- Up-to-date: /home/jacobrod/worms_ws/install/ros_ign_interfaces/include/ros_ign_interfaces/ros_ign_interfaces/msg/detail/contact__type_support.h
[1.416s] -- Up-to-date: /home/jacobrod/worms_ws/install/ros_ign_interfaces/include/ros_ign_interfaces/ros_ign_interfaces/msg/detail/world_reset__functions.h
[1.417s] -- Up-to-date: /home/jacobrod/worms_ws/install/ros_ign_interfaces/include/ros_ign_interfaces/ros_ign_interfaces/msg/detail/entity__type_support.h
[1.417s] -- Up-to-date: /home/jacobrod/worms_ws/install/ros_ign_interfaces/include/ros_ign_interfaces/ros_ign_interfaces/msg/detail/light__functions.h
[1.417s] -- Up-to-date: /home/jacobrod/worms_ws/install/ros_ign_interfaces/include/ros_ign_interfaces/ros_ign_interfaces/msg/detail/world_reset__functions.c
[1.417s] -- Up-to-date: /home/jacobrod/worms_ws/install/ros_ign_interfaces/include/ros_ign_interfaces/ros_ign_interfaces/msg/detail/world_reset__type_support.h
[1.417s] -- Up-to-date: /home/jacobrod/worms_ws/install/ros_ign_interfaces/include/ros_ign_interfaces/ros_ign_interfaces/msg/detail/gui_camera__type_support.h
[1.417s] -- Up-to-date: /home/jacobrod/worms_ws/install/ros_ign_interfaces/include/ros_ign_interfaces/ros_ign_interfaces/msg/detail/video_record__struct.h
[1.417s] -- Up-to-date: /home/jacobrod/worms_ws/install/ros_ign_interfaces/include/ros_ign_interfaces/ros_ign_interfaces/msg/detail/entity_factory__functions.c
[1.418s] -- Up-to-date: /home/jacobrod/worms_ws/install/ros_ign_interfaces/include/ros_ign_interfaces/ros_ign_interfaces/msg/detail/track_visual__struct.h
[1.418s] -- Up-to-date: /home/jacobrod/worms_ws/install/ros_ign_interfaces/include/ros_ign_interfaces/ros_ign_interfaces/msg/detail/contacts__functions.c
[1.418s] -- Up-to-date: /home/jacobrod/worms_ws/install/ros_ign_interfaces/include/ros_ign_interfaces/ros_ign_interfaces/msg/detail/joint_wrench__functions.c
[1.418s] -- Up-to-date: /home/jacobrod/worms_ws/install/ros_ign_interfaces/include/ros_ign_interfaces/ros_ign_interfaces/msg/detail/gui_camera__functions.h
[1.418s] -- Up-to-date: /home/jacobrod/worms_ws/install/ros_ign_interfaces/include/ros_ign_interfaces/ros_ign_interfaces/msg/detail/contact__functions.h
[1.419s] -- Up-to-date: /home/jacobrod/worms_ws/install/ros_ign_interfaces/include/ros_ign_interfaces/ros_ign_interfaces/msg/detail/gui_camera__struct.h
[1.419s] -- Up-to-date: /home/jacobrod/worms_ws/install/ros_ign_interfaces/include/ros_ign_interfaces/ros_ign_interfaces/msg/detail/contacts__functions.h
[1.419s] -- Up-to-date: /home/jacobrod/worms_ws/install/ros_ign_interfaces/include/ros_ign_interfaces/ros_ign_interfaces/msg/detail/joint_wrench__functions.h
[1.419s] -- Up-to-date: /home/jacobrod/worms_ws/install/ros_ign_interfaces/include/ros_ign_interfaces/ros_ign_interfaces/msg/detail/contacts__type_support.h
[1.419s] -- Up-to-date: /home/jacobrod/worms_ws/install/ros_ign_interfaces/include/ros_ign_interfaces/ros_ign_interfaces/msg/detail/track_visual__functions.c
[1.419s] -- Up-to-date: /home/jacobrod/worms_ws/install/ros_ign_interfaces/include/ros_ign_interfaces/ros_ign_interfaces/msg/detail/entity_factory__functions.h
[1.420s] -- Up-to-date: /home/jacobrod/worms_ws/install/ros_ign_interfaces/include/ros_ign_interfaces/ros_ign_interfaces/msg/detail/entity__functions.c
[1.420s] -- Up-to-date: /home/jacobrod/worms_ws/install/ros_ign_interfaces/include/ros_ign_interfaces/ros_ign_interfaces/msg/detail/entity_factory__struct.h
[1.420s] -- Up-to-date: /home/jacobrod/worms_ws/install/ros_ign_interfaces/include/ros_ign_interfaces/ros_ign_interfaces/msg/detail/entity_factory__type_support.h
[1.420s] -- Up-to-date: /home/jacobrod/worms_ws/install/ros_ign_interfaces/include/ros_ign_interfaces/ros_ign_interfaces/msg/detail/track_visual__type_support.h
[1.420s] -- Up-to-date: /home/jacobrod/worms_ws/install/ros_ign_interfaces/include/ros_ign_interfaces/ros_ign_interfaces/msg/detail/contact__functions.c
[1.420s] -- Up-to-date: /home/jacobrod/worms_ws/install/ros_ign_interfaces/include/ros_ign_interfaces/ros_ign_interfaces/msg/detail/contact__struct.h
[1.421s] -- Up-to-date: /home/jacobrod/worms_ws/install/ros_ign_interfaces/include/ros_ign_interfaces/ros_ign_interfaces/msg/detail/light__struct.h
[1.421s] -- Up-to-date: /home/jacobrod/worms_ws/install/ros_ign_interfaces/include/ros_ign_interfaces/ros_ign_interfaces/msg/detail/world_control__type_support.h
[1.421s] -- Up-to-date: /home/jacobrod/worms_ws/install/ros_ign_interfaces/include/ros_ign_interfaces/ros_ign_interfaces/msg/detail/world_reset__struct.h
[1.421s] -- Up-to-date: /home/jacobrod/worms_ws/install/ros_ign_interfaces/include/ros_ign_interfaces/ros_ign_interfaces/msg/contacts.h
[1.421s] -- Up-to-date: /home/jacobrod/worms_ws/install/ros_ign_interfaces/include/ros_ign_interfaces/ros_ign_interfaces/msg/joint_wrench.h
[1.421s] -- Up-to-date: /home/jacobrod/worms_ws/install/ros_ign_interfaces/include/ros_ign_interfaces/ros_ign_interfaces/msg/video_record.h
[1.422s] -- Up-to-date: /home/jacobrod/worms_ws/install/ros_ign_interfaces/include/ros_ign_interfaces/ros_ign_interfaces/msg/world_control.h
[1.422s] -- Up-to-date: /home/jacobrod/worms_ws/install/ros_ign_interfaces/include/ros_ign_interfaces/ros_ign_interfaces/msg/gui_camera.h
[1.422s] -- Up-to-date: /home/jacobrod/worms_ws/install/ros_ign_interfaces/include/ros_ign_interfaces/ros_ign_interfaces/msg/entity_factory.h
[1.422s] -- Up-to-date: /home/jacobrod/worms_ws/install/ros_ign_interfaces/include/ros_ign_interfaces/ros_ign_interfaces/msg/contact.h
[1.422s] -- Up-to-date: /home/jacobrod/worms_ws/install/ros_ign_interfaces/include/ros_ign_interfaces/ros_ign_interfaces/srv
[1.422s] -- Up-to-date: /home/jacobrod/worms_ws/install/ros_ign_interfaces/include/ros_ign_interfaces/ros_ign_interfaces/srv/delete_entity.h
[1.423s] -- Up-to-date: /home/jacobrod/worms_ws/install/ros_ign_interfaces/include/ros_ign_interfaces/ros_ign_interfaces/srv/control_world.h
[1.423s] -- Up-to-date: /home/jacobrod/worms_ws/install/ros_ign_interfaces/include/ros_ign_interfaces/ros_ign_interfaces/srv/detail
[1.423s] -- Up-to-date: /home/jacobrod/worms_ws/install/ros_ign_interfaces/include/ros_ign_interfaces/ros_ign_interfaces/srv/detail/spawn_entity__type_support.h
[1.423s] -- Up-to-date: /home/jacobrod/worms_ws/install/ros_ign_interfaces/include/ros_ign_interfaces/ros_ign_interfaces/srv/detail/set_entity_pose__struct.h
[1.423s] -- Up-to-date: /home/jacobrod/worms_ws/install/ros_ign_interfaces/include/ros_ign_interfaces/ros_ign_interfaces/srv/detail/control_world__struct.h
[1.423s] -- Up-to-date: /home/jacobrod/worms_ws/install/ros_ign_interfaces/include/ros_ign_interfaces/ros_ign_interfaces/srv/detail/control_world__type_support.h
[1.423s] -- Up-to-date: /home/jacobrod/worms_ws/install/ros_ign_interfaces/include/ros_ign_interfaces/ros_ign_interfaces/srv/detail/control_world__functions.c
[1.423s] -- Up-to-date: /home/jacobrod/worms_ws/install/ros_ign_interfaces/include/ros_ign_interfaces/ros_ign_interfaces/srv/detail/spawn_entity__functions.h
[1.424s] -- Up-to-date: /home/jacobrod/worms_ws/install/ros_ign_interfaces/include/ros_ign_interfaces/ros_ign_interfaces/srv/detail/control_world__functions.h
[1.424s] -- Up-to-date: /home/jacobrod/worms_ws/install/ros_ign_interfaces/include/ros_ign_interfaces/ros_ign_interfaces/srv/detail/delete_entity__functions.c
[1.424s] -- Up-to-date: /home/jacobrod/worms_ws/install/ros_ign_interfaces/include/ros_ign_interfaces/ros_ign_interfaces/srv/detail/delete_entity__struct.h
[1.424s] -- Up-to-date: /home/jacobrod/worms_ws/install/ros_ign_interfaces/include/ros_ign_interfaces/ros_ign_interfaces/srv/detail/set_entity_pose__functions.h
[1.424s] -- Up-to-date: /home/jacobrod/worms_ws/install/ros_ign_interfaces/include/ros_ign_interfaces/ros_ign_interfaces/srv/detail/set_entity_pose__functions.c
[1.425s] -- Up-to-date: /home/jacobrod/worms_ws/install/ros_ign_interfaces/include/ros_ign_interfaces/ros_ign_interfaces/srv/detail/delete_entity__functions.h
[1.425s] -- Up-to-date: /home/jacobrod/worms_ws/install/ros_ign_interfaces/include/ros_ign_interfaces/ros_ign_interfaces/srv/detail/spawn_entity__struct.h
[1.425s] -- Up-to-date: /home/jacobrod/worms_ws/install/ros_ign_interfaces/include/ros_ign_interfaces/ros_ign_interfaces/srv/detail/set_entity_pose__type_support.h
[1.425s] -- Up-to-date: /home/jacobrod/worms_ws/install/ros_ign_interfaces/include/ros_ign_interfaces/ros_ign_interfaces/srv/detail/spawn_entity__functions.c
[1.425s] -- Up-to-date: /home/jacobrod/worms_ws/install/ros_ign_interfaces/include/ros_ign_interfaces/ros_ign_interfaces/srv/detail/delete_entity__type_support.h
[1.425s] -- Up-to-date: /home/jacobrod/worms_ws/install/ros_ign_interfaces/include/ros_ign_interfaces/ros_ign_interfaces/srv/spawn_entity.h
[1.425s] -- Up-to-date: /home/jacobrod/worms_ws/install/ros_ign_interfaces/include/ros_ign_interfaces/ros_ign_interfaces/srv/set_entity_pose.h
[1.425s] -- Up-to-date: /home/jacobrod/worms_ws/install/ros_ign_interfaces/share/ros_ign_interfaces/environment/library_path.sh
[1.426s] -- Up-to-date: /home/jacobrod/worms_ws/install/ros_ign_interfaces/share/ros_ign_interfaces/environment/library_path.dsv
[1.426s] -- Up-to-date: /home/jacobrod/worms_ws/install/ros_ign_interfaces/lib/libros_ign_interfaces__rosidl_generator_c.so
[1.426s] -- Up-to-date: /home/jacobrod/worms_ws/install/ros_ign_interfaces/include/ros_ign_interfaces/ros_ign_interfaces
[1.426s] -- Up-to-date: /home/jacobrod/worms_ws/install/ros_ign_interfaces/include/ros_ign_interfaces/ros_ign_interfaces/msg
[1.426s] -- Up-to-date: /home/jacobrod/worms_ws/install/ros_ign_interfaces/include/ros_ign_interfaces/ros_ign_interfaces/msg/detail
[1.426s] -- Up-to-date: /home/jacobrod/worms_ws/install/ros_ign_interfaces/include/ros_ign_interfaces/ros_ign_interfaces/msg/detail/gui_camera__rosidl_typesupport_fastrtps_c.h
[1.426s] -- Up-to-date: /home/jacobrod/worms_ws/install/ros_ign_interfaces/include/ros_ign_interfaces/ros_ign_interfaces/msg/detail/entity__rosidl_typesupport_fastrtps_c.h
[1.427s] -- Up-to-date: /home/jacobrod/worms_ws/install/ros_ign_interfaces/include/ros_ign_interfaces/ros_ign_interfaces/msg/detail/contact__rosidl_typesupport_fastrtps_c.h
[1.427s] -- Up-to-date: /home/jacobrod/worms_ws/install/ros_ign_interfaces/include/ros_ign_interfaces/ros_ign_interfaces/msg/detail/string_vec__rosidl_typesupport_fastrtps_c.h
[1.427s] -- Up-to-date: /home/jacobrod/worms_ws/install/ros_ign_interfaces/include/ros_ign_interfaces/ros_ign_interfaces/msg/detail/entity_factory__rosidl_typesupport_fastrtps_c.h
[1.427s] -- Up-to-date: /home/jacobrod/worms_ws/install/ros_ign_interfaces/include/ros_ign_interfaces/ros_ign_interfaces/msg/detail/world_reset__rosidl_typesupport_fastrtps_c.h
[1.428s] -- Up-to-date: /home/jacobrod/worms_ws/install/ros_ign_interfaces/include/ros_ign_interfaces/ros_ign_interfaces/msg/detail/world_control__rosidl_typesupport_fastrtps_c.h
[1.428s] -- Up-to-date: /home/jacobrod/worms_ws/install/ros_ign_interfaces/include/ros_ign_interfaces/ros_ign_interfaces/msg/detail/light__rosidl_typesupport_fastrtps_c.h
[1.428s] -- Up-to-date: /home/jacobrod/worms_ws/install/ros_ign_interfaces/include/ros_ign_interfaces/ros_ign_interfaces/msg/detail/video_record__rosidl_typesupport_fastrtps_c.h
[1.428s] -- Up-to-date: /home/jacobrod/worms_ws/install/ros_ign_interfaces/include/ros_ign_interfaces/ros_ign_interfaces/msg/detail/track_visual__rosidl_typesupport_fastrtps_c.h
[1.428s] -- Up-to-date: /home/jacobrod/worms_ws/install/ros_ign_interfaces/include/ros_ign_interfaces/ros_ign_interfaces/msg/detail/joint_wrench__rosidl_typesupport_fastrtps_c.h
[1.428s] -- Up-to-date: /home/jacobrod/worms_ws/install/ros_ign_interfaces/include/ros_ign_interfaces/ros_ign_interfaces/msg/detail/contacts__rosidl_typesupport_fastrtps_c.h
[1.428s] -- Up-to-date: /home/jacobrod/worms_ws/install/ros_ign_interfaces/include/ros_ign_interfaces/ros_ign_interfaces/msg/rosidl_typesupport_fastrtps_c__visibility_control.h
[1.428s] -- Up-to-date: /home/jacobrod/worms_ws/install/ros_ign_interfaces/include/ros_ign_interfaces/ros_ign_interfaces/srv
[1.429s] -- Up-to-date: /home/jacobrod/worms_ws/install/ros_ign_interfaces/include/ros_ign_interfaces/ros_ign_interfaces/srv/detail
[1.429s] -- Up-to-date: /home/jacobrod/worms_ws/install/ros_ign_interfaces/include/ros_ign_interfaces/ros_ign_interfaces/srv/detail/delete_entity__rosidl_typesupport_fastrtps_c.h
[1.429s] -- Up-to-date: /home/jacobrod/worms_ws/install/ros_ign_interfaces/include/ros_ign_interfaces/ros_ign_interfaces/srv/detail/spawn_entity__rosidl_typesupport_fastrtps_c.h
[1.429s] -- Up-to-date: /home/jacobrod/worms_ws/install/ros_ign_interfaces/include/ros_ign_interfaces/ros_ign_interfaces/srv/detail/set_entity_pose__rosidl_typesupport_fastrtps_c.h
[1.429s] -- Up-to-date: /home/jacobrod/worms_ws/install/ros_ign_interfaces/include/ros_ign_interfaces/ros_ign_interfaces/srv/detail/control_world__rosidl_typesupport_fastrtps_c.h
[1.429s] -- Up-to-date: /home/jacobrod/worms_ws/install/ros_ign_interfaces/lib/libros_ign_interfaces__rosidl_typesupport_fastrtps_c.so
[1.429s] -- Up-to-date: /home/jacobrod/worms_ws/install/ros_ign_interfaces/include/ros_ign_interfaces/ros_ign_interfaces
[1.429s] -- Up-to-date: /home/jacobrod/worms_ws/install/ros_ign_interfaces/include/ros_ign_interfaces/ros_ign_interfaces/msg
[1.430s] -- Up-to-date: /home/jacobrod/worms_ws/install/ros_ign_interfaces/include/ros_ign_interfaces/ros_ign_interfaces/msg/joint_wrench.hpp
[1.430s] -- Up-to-date: /home/jacobrod/worms_ws/install/ros_ign_interfaces/include/ros_ign_interfaces/ros_ign_interfaces/msg/contact.hpp
[1.430s] -- Up-to-date: /home/jacobrod/worms_ws/install/ros_ign_interfaces/include/ros_ign_interfaces/ros_ign_interfaces/msg/track_visual.hpp
[1.430s] -- Up-to-date: /home/jacobrod/worms_ws/install/ros_ign_interfaces/include/ros_ign_interfaces/ros_ign_interfaces/msg/entity_factory.hpp
[1.430s] -- Up-to-date: /home/jacobrod/worms_ws/install/ros_ign_interfaces/include/ros_ign_interfaces/ros_ign_interfaces/msg/world_reset.hpp
[1.430s] -- Up-to-date: /home/jacobrod/worms_ws/install/ros_ign_interfaces/include/ros_ign_interfaces/ros_ign_interfaces/msg/gui_camera.hpp
[1.430s] -- Up-to-date: /home/jacobrod/worms_ws/install/ros_ign_interfaces/include/ros_ign_interfaces/ros_ign_interfaces/msg/detail
[1.430s] -- Up-to-date: /home/jacobrod/worms_ws/install/ros_ign_interfaces/include/ros_ign_interfaces/ros_ign_interfaces/msg/detail/string_vec__builder.hpp
[1.430s] -- Up-to-date: /home/jacobrod/worms_ws/install/ros_ign_interfaces/include/ros_ign_interfaces/ros_ign_interfaces/msg/detail/video_record__traits.hpp
[1.431s] -- Up-to-date: /home/jacobrod/worms_ws/install/ros_ign_interfaces/include/ros_ign_interfaces/ros_ign_interfaces/msg/detail/string_vec__traits.hpp
[1.431s] -- Up-to-date: /home/jacobrod/worms_ws/install/ros_ign_interfaces/include/ros_ign_interfaces/ros_ign_interfaces/msg/detail/joint_wrench__builder.hpp
[1.431s] -- Up-to-date: /home/jacobrod/worms_ws/install/ros_ign_interfaces/include/ros_ign_interfaces/ros_ign_interfaces/msg/detail/world_control__struct.hpp
[1.431s] -- Up-to-date: /home/jacobrod/worms_ws/install/ros_ign_interfaces/include/ros_ign_interfaces/ros_ign_interfaces/msg/detail/contacts__traits.hpp
[1.431s] -- Up-to-date: /home/jacobrod/worms_ws/install/ros_ign_interfaces/include/ros_ign_interfaces/ros_ign_interfaces/msg/detail/track_visual__traits.hpp
[1.431s] -- Up-to-date: /home/jacobrod/worms_ws/install/ros_ign_interfaces/include/ros_ign_interfaces/ros_ign_interfaces/msg/detail/contacts__struct.hpp
[1.431s] -- Up-to-date: /home/jacobrod/worms_ws/install/ros_ign_interfaces/include/ros_ign_interfaces/ros_ign_interfaces/msg/detail/gui_camera__struct.hpp
[1.431s] -- Up-to-date: /home/jacobrod/worms_ws/install/ros_ign_interfaces/include/ros_ign_interfaces/ros_ign_interfaces/msg/detail/light__traits.hpp
[1.432s] -- Up-to-date: /home/jacobrod/worms_ws/install/ros_ign_interfaces/include/ros_ign_interfaces/ros_ign_interfaces/msg/detail/track_visual__builder.hpp
[1.432s] -- Up-to-date: /home/jacobrod/worms_ws/install/ros_ign_interfaces/include/ros_ign_interfaces/ros_ign_interfaces/msg/detail/entity__struct.hpp
[1.432s] -- Up-to-date: /home/jacobrod/worms_ws/install/ros_ign_interfaces/include/ros_ign_interfaces/ros_ign_interfaces/msg/detail/gui_camera__traits.hpp
[1.432s] -- Up-to-date: /home/jacobrod/worms_ws/install/ros_ign_interfaces/include/ros_ign_interfaces/ros_ign_interfaces/msg/detail/track_visual__struct.hpp
[1.432s] -- Up-to-date: /home/jacobrod/worms_ws/install/ros_ign_interfaces/include/ros_ign_interfaces/ros_ign_interfaces/msg/detail/video_record__builder.hpp
[1.432s] -- Up-to-date: /home/jacobrod/worms_ws/install/ros_ign_interfaces/include/ros_ign_interfaces/ros_ign_interfaces/msg/detail/joint_wrench__traits.hpp
[1.432s] -- Up-to-date: /home/jacobrod/worms_ws/install/ros_ign_interfaces/include/ros_ign_interfaces/ros_ign_interfaces/msg/detail/light__builder.hpp
[1.432s] -- Up-to-date: /home/jacobrod/worms_ws/install/ros_ign_interfaces/include/ros_ign_interfaces/ros_ign_interfaces/msg/detail/entity_factory__struct.hpp
[1.433s] -- Up-to-date: /home/jacobrod/worms_ws/install/ros_ign_interfaces/include/ros_ign_interfaces/ros_ign_interfaces/msg/detail/world_reset__builder.hpp
[1.433s] -- Up-to-date: /home/jacobrod/worms_ws/install/ros_ign_interfaces/include/ros_ign_interfaces/ros_ign_interfaces/msg/detail/contact__builder.hpp
[1.433s] -- Up-to-date: /home/jacobrod/worms_ws/install/ros_ign_interfaces/include/ros_ign_interfaces/ros_ign_interfaces/msg/detail/world_control__builder.hpp
[1.433s] -- Up-to-date: /home/jacobrod/worms_ws/install/ros_ign_interfaces/include/ros_ign_interfaces/ros_ign_interfaces/msg/detail/string_vec__struct.hpp
[1.433s] -- Up-to-date: /home/jacobrod/worms_ws/install/ros_ign_interfaces/include/ros_ign_interfaces/ros_ign_interfaces/msg/detail/entity__traits.hpp
[1.433s] -- Up-to-date: /home/jacobrod/worms_ws/install/ros_ign_interfaces/include/ros_ign_interfaces/ros_ign_interfaces/msg/detail/entity_factory__traits.hpp
[1.433s] -- Up-to-date: /home/jacobrod/worms_ws/install/ros_ign_interfaces/include/ros_ign_interfaces/ros_ign_interfaces/msg/detail/world_reset__struct.hpp
[1.433s] -- Up-to-date: /home/jacobrod/worms_ws/install/ros_ign_interfaces/include/ros_ign_interfaces/ros_ign_interfaces/msg/detail/world_control__traits.hpp
[1.434s] -- Up-to-date: /home/jacobrod/worms_ws/install/ros_ign_interfaces/include/ros_ign_interfaces/ros_ign_interfaces/msg/detail/contacts__builder.hpp
[1.434s] -- Up-to-date: /home/jacobrod/worms_ws/install/ros_ign_interfaces/include/ros_ign_interfaces/ros_ign_interfaces/msg/detail/world_reset__traits.hpp
[1.434s] -- Up-to-date: /home/jacobrod/worms_ws/install/ros_ign_interfaces/include/ros_ign_interfaces/ros_ign_interfaces/msg/detail/entity_factory__builder.hpp
[1.434s] -- Up-to-date: /home/jacobrod/worms_ws/install/ros_ign_interfaces/include/ros_ign_interfaces/ros_ign_interfaces/msg/detail/joint_wrench__struct.hpp
[1.434s] -- Up-to-date: /home/jacobrod/worms_ws/install/ros_ign_interfaces/include/ros_ign_interfaces/ros_ign_interfaces/msg/detail/contact__struct.hpp
[1.434s] -- Up-to-date: /home/jacobrod/worms_ws/install/ros_ign_interfaces/include/ros_ign_interfaces/ros_ign_interfaces/msg/detail/entity__builder.hpp
[1.434s] -- Up-to-date: /home/jacobrod/worms_ws/install/ros_ign_interfaces/include/ros_ign_interfaces/ros_ign_interfaces/msg/detail/contact__traits.hpp
[1.434s] -- Up-to-date: /home/jacobrod/worms_ws/install/ros_ign_interfaces/include/ros_ign_interfaces/ros_ign_interfaces/msg/detail/light__struct.hpp
[1.435s] -- Up-to-date: /home/jacobrod/worms_ws/install/ros_ign_interfaces/include/ros_ign_interfaces/ros_ign_interfaces/msg/detail/video_record__struct.hpp
[1.435s] -- Up-to-date: /home/jacobrod/worms_ws/install/ros_ign_interfaces/include/ros_ign_interfaces/ros_ign_interfaces/msg/detail/gui_camera__builder.hpp
[1.435s] -- Up-to-date: /home/jacobrod/worms_ws/install/ros_ign_interfaces/include/ros_ign_interfaces/ros_ign_interfaces/msg/world_control.hpp
[1.435s] -- Up-to-date: /home/jacobrod/worms_ws/install/ros_ign_interfaces/include/ros_ign_interfaces/ros_ign_interfaces/msg/string_vec.hpp
[1.435s] -- Up-to-date: /home/jacobrod/worms_ws/install/ros_ign_interfaces/include/ros_ign_interfaces/ros_ign_interfaces/msg/light.hpp
[1.435s] -- Up-to-date: /home/jacobrod/worms_ws/install/ros_ign_interfaces/include/ros_ign_interfaces/ros_ign_interfaces/msg/video_record.hpp
[1.435s] -- Up-to-date: /home/jacobrod/worms_ws/install/ros_ign_interfaces/include/ros_ign_interfaces/ros_ign_interfaces/msg/entity.hpp
[1.435s] -- Up-to-date: /home/jacobrod/worms_ws/install/ros_ign_interfaces/include/ros_ign_interfaces/ros_ign_interfaces/msg/contacts.hpp
[1.436s] -- Up-to-date: /home/jacobrod/worms_ws/install/ros_ign_interfaces/include/ros_ign_interfaces/ros_ign_interfaces/srv
[1.436s] -- Up-to-date: /home/jacobrod/worms_ws/install/ros_ign_interfaces/include/ros_ign_interfaces/ros_ign_interfaces/srv/delete_entity.hpp
[1.436s] -- Up-to-date: /home/jacobrod/worms_ws/install/ros_ign_interfaces/include/ros_ign_interfaces/ros_ign_interfaces/srv/control_world.hpp
[1.436s] -- Up-to-date: /home/jacobrod/worms_ws/install/ros_ign_interfaces/include/ros_ign_interfaces/ros_ign_interfaces/srv/spawn_entity.hpp
[1.436s] -- Up-to-date: /home/jacobrod/worms_ws/install/ros_ign_interfaces/include/ros_ign_interfaces/ros_ign_interfaces/srv/detail
[1.436s] -- Up-to-date: /home/jacobrod/worms_ws/install/ros_ign_interfaces/include/ros_ign_interfaces/ros_ign_interfaces/srv/detail/spawn_entity__struct.hpp
[1.436s] -- Up-to-date: /home/jacobrod/worms_ws/install/ros_ign_interfaces/include/ros_ign_interfaces/ros_ign_interfaces/srv/detail/set_entity_pose__traits.hpp
[1.437s] -- Up-to-date: /home/jacobrod/worms_ws/install/ros_ign_interfaces/include/ros_ign_interfaces/ros_ign_interfaces/srv/detail/delete_entity__builder.hpp
[1.437s] -- Up-to-date: /home/jacobrod/worms_ws/install/ros_ign_interfaces/include/ros_ign_interfaces/ros_ign_interfaces/srv/detail/set_entity_pose__struct.hpp
[1.437s] -- Up-to-date: /home/jacobrod/worms_ws/install/ros_ign_interfaces/include/ros_ign_interfaces/ros_ign_interfaces/srv/detail/control_world__struct.hpp
[1.437s] -- Up-to-date: /home/jacobrod/worms_ws/install/ros_ign_interfaces/include/ros_ign_interfaces/ros_ign_interfaces/srv/detail/control_world__builder.hpp
[1.437s] -- Up-to-date: /home/jacobrod/worms_ws/install/ros_ign_interfaces/include/ros_ign_interfaces/ros_ign_interfaces/srv/detail/control_world__traits.hpp
[1.437s] -- Up-to-date: /home/jacobrod/worms_ws/install/ros_ign_interfaces/include/ros_ign_interfaces/ros_ign_interfaces/srv/detail/delete_entity__struct.hpp
[1.438s] -- Up-to-date: /home/jacobrod/worms_ws/install/ros_ign_interfaces/include/ros_ign_interfaces/ros_ign_interfaces/srv/detail/set_entity_pose__builder.hpp
[1.438s] -- Up-to-date: /home/jacobrod/worms_ws/install/ros_ign_interfaces/include/ros_ign_interfaces/ros_ign_interfaces/srv/detail/spawn_entity__builder.hpp
[1.438s] -- Up-to-date: /home/jacobrod/worms_ws/install/ros_ign_interfaces/include/ros_ign_interfaces/ros_ign_interfaces/srv/detail/spawn_entity__traits.hpp
[1.438s] -- Up-to-date: /home/jacobrod/worms_ws/install/ros_ign_interfaces/include/ros_ign_interfaces/ros_ign_interfaces/srv/detail/delete_entity__traits.hpp
[1.438s] -- Up-to-date: /home/jacobrod/worms_ws/install/ros_ign_interfaces/include/ros_ign_interfaces/ros_ign_interfaces/srv/set_entity_pose.hpp
[1.438s] -- Up-to-date: /home/jacobrod/worms_ws/install/ros_ign_interfaces/include/ros_ign_interfaces/ros_ign_interfaces
[1.438s] -- Up-to-date: /home/jacobrod/worms_ws/install/ros_ign_interfaces/include/ros_ign_interfaces/ros_ign_interfaces/msg
[1.439s] -- Up-to-date: /home/jacobrod/worms_ws/install/ros_ign_interfaces/include/ros_ign_interfaces/ros_ign_interfaces/msg/detail
[1.439s] -- Up-to-date: /home/jacobrod/worms_ws/install/ros_ign_interfaces/include/ros_ign_interfaces/ros_ign_interfaces/msg/detail/contact__rosidl_typesupport_fastrtps_cpp.hpp
[1.439s] -- Up-to-date: /home/jacobrod/worms_ws/install/ros_ign_interfaces/include/ros_ign_interfaces/ros_ign_interfaces/msg/detail/video_record__rosidl_typesupport_fastrtps_cpp.hpp
[1.439s] -- Up-to-date: /home/jacobrod/worms_ws/install/ros_ign_interfaces/include/ros_ign_interfaces/ros_ign_interfaces/msg/detail/entity__rosidl_typesupport_fastrtps_cpp.hpp
[1.439s] -- Up-to-date: /home/jacobrod/worms_ws/install/ros_ign_interfaces/include/ros_ign_interfaces/ros_ign_interfaces/msg/detail/joint_wrench__rosidl_typesupport_fastrtps_cpp.hpp
[1.439s] -- Up-to-date: /home/jacobrod/worms_ws/install/ros_ign_interfaces/include/ros_ign_interfaces/ros_ign_interfaces/msg/detail/world_control__rosidl_typesupport_fastrtps_cpp.hpp
[1.440s] -- Up-to-date: /home/jacobrod/worms_ws/install/ros_ign_interfaces/include/ros_ign_interfaces/ros_ign_interfaces/msg/detail/entity_factory__rosidl_typesupport_fastrtps_cpp.hpp
[1.440s] -- Up-to-date: /home/jacobrod/worms_ws/install/ros_ign_interfaces/include/ros_ign_interfaces/ros_ign_interfaces/msg/detail/gui_camera__rosidl_typesupport_fastrtps_cpp.hpp
[1.440s] -- Up-to-date: /home/jacobrod/worms_ws/install/ros_ign_interfaces/include/ros_ign_interfaces/ros_ign_interfaces/msg/detail/light__rosidl_typesupport_fastrtps_cpp.hpp
[1.440s] -- Up-to-date: /home/jacobrod/worms_ws/install/ros_ign_interfaces/include/ros_ign_interfaces/ros_ign_interfaces/msg/detail/contacts__rosidl_typesupport_fastrtps_cpp.hpp
[1.440s] -- Up-to-date: /home/jacobrod/worms_ws/install/ros_ign_interfaces/include/ros_ign_interfaces/ros_ign_interfaces/msg/detail/track_visual__rosidl_typesupport_fastrtps_cpp.hpp
[1.440s] -- Up-to-date: /home/jacobrod/worms_ws/install/ros_ign_interfaces/include/ros_ign_interfaces/ros_ign_interfaces/msg/detail/dds_fastrtps
[1.440s] -- Up-to-date: /home/jacobrod/worms_ws/install/ros_ign_interfaces/include/ros_ign_interfaces/ros_ign_interfaces/msg/detail/world_reset__rosidl_typesupport_fastrtps_cpp.hpp
[1.441s] -- Up-to-date: /home/jacobrod/worms_ws/install/ros_ign_interfaces/include/ros_ign_interfaces/ros_ign_interfaces/msg/detail/string_vec__rosidl_typesupport_fastrtps_cpp.hpp
[1.441s] -- Up-to-date: /home/jacobrod/worms_ws/install/ros_ign_interfaces/include/ros_ign_interfaces/ros_ign_interfaces/msg/rosidl_typesupport_fastrtps_cpp__visibility_control.h
[1.441s] -- Up-to-date: /home/jacobrod/worms_ws/install/ros_ign_interfaces/include/ros_ign_interfaces/ros_ign_interfaces/srv
[1.441s] -- Up-to-date: /home/jacobrod/worms_ws/install/ros_ign_interfaces/include/ros_ign_interfaces/ros_ign_interfaces/srv/detail
[1.441s] -- Up-to-date: /home/jacobrod/worms_ws/install/ros_ign_interfaces/include/ros_ign_interfaces/ros_ign_interfaces/srv/detail/control_world__rosidl_typesupport_fastrtps_cpp.hpp
[1.441s] -- Up-to-date: /home/jacobrod/worms_ws/install/ros_ign_interfaces/include/ros_ign_interfaces/ros_ign_interfaces/srv/detail/delete_entity__rosidl_typesupport_fastrtps_cpp.hpp
[1.442s] -- Up-to-date: /home/jacobrod/worms_ws/install/ros_ign_interfaces/include/ros_ign_interfaces/ros_ign_interfaces/srv/detail/dds_fastrtps
[1.442s] -- Up-to-date: /home/jacobrod/worms_ws/install/ros_ign_interfaces/include/ros_ign_interfaces/ros_ign_interfaces/srv/detail/spawn_entity__rosidl_typesupport_fastrtps_cpp.hpp
[1.442s] -- Up-to-date: /home/jacobrod/worms_ws/install/ros_ign_interfaces/include/ros_ign_interfaces/ros_ign_interfaces/srv/detail/set_entity_pose__rosidl_typesupport_fastrtps_cpp.hpp
[1.442s] -- Up-to-date: /home/jacobrod/worms_ws/install/ros_ign_interfaces/lib/libros_ign_interfaces__rosidl_typesupport_fastrtps_cpp.so
[1.442s] -- Up-to-date: /home/jacobrod/worms_ws/install/ros_ign_interfaces/include/ros_ign_interfaces/ros_ign_interfaces
[1.442s] -- Up-to-date: /home/jacobrod/worms_ws/install/ros_ign_interfaces/include/ros_ign_interfaces/ros_ign_interfaces/msg
[1.443s] -- Up-to-date: /home/jacobrod/worms_ws/install/ros_ign_interfaces/include/ros_ign_interfaces/ros_ign_interfaces/msg/rosidl_typesupport_introspection_c__visibility_control.h
[1.443s] -- Up-to-date: /home/jacobrod/worms_ws/install/ros_ign_interfaces/include/ros_ign_interfaces/ros_ign_interfaces/msg/detail
[1.443s] -- Up-to-date: /home/jacobrod/worms_ws/install/ros_ign_interfaces/include/ros_ign_interfaces/ros_ign_interfaces/msg/detail/entity_factory__type_support.c
[1.443s] -- Up-to-date: /home/jacobrod/worms_ws/install/ros_ign_interfaces/include/ros_ign_interfaces/ros_ign_interfaces/msg/detail/entity__type_support.c
[1.443s] -- Up-to-date: /home/jacobrod/worms_ws/install/ros_ign_interfaces/include/ros_ign_interfaces/ros_ign_interfaces/msg/detail/light__type_support.c
[1.443s] -- Up-to-date: /home/jacobrod/worms_ws/install/ros_ign_interfaces/include/ros_ign_interfaces/ros_ign_interfaces/msg/detail/contacts__rosidl_typesupport_introspection_c.h
[1.443s] -- Up-to-date: /home/jacobrod/worms_ws/install/ros_ign_interfaces/include/ros_ign_interfaces/ros_ign_interfaces/msg/detail/string_vec__rosidl_typesupport_introspection_c.h
[1.444s] -- Up-to-date: /home/jacobrod/worms_ws/install/ros_ign_interfaces/include/ros_ign_interfaces/ros_ign_interfaces/msg/detail/track_visual__rosidl_typesupport_introspection_c.h
[1.444s] -- Up-to-date: /home/jacobrod/worms_ws/install/ros_ign_interfaces/include/ros_ign_interfaces/ros_ign_interfaces/msg/detail/contacts__type_support.c
[1.444s] -- Up-to-date: /home/jacobrod/worms_ws/install/ros_ign_interfaces/include/ros_ign_interfaces/ros_ign_interfaces/msg/detail/track_visual__type_support.c
[1.444s] -- Up-to-date: /home/jacobrod/worms_ws/install/ros_ign_interfaces/include/ros_ign_interfaces/ros_ign_interfaces/msg/detail/contact__rosidl_typesupport_introspection_c.h
[1.444s] -- Up-to-date: /home/jacobrod/worms_ws/install/ros_ign_interfaces/include/ros_ign_interfaces/ros_ign_interfaces/msg/detail/world_control__rosidl_typesupport_introspection_c.h
[1.444s] -- Up-to-date: /home/jacobrod/worms_ws/install/ros_ign_interfaces/include/ros_ign_interfaces/ros_ign_interfaces/msg/detail/world_reset__rosidl_typesupport_introspection_c.h
[1.445s] -- Up-to-date: /home/jacobrod/worms_ws/install/ros_ign_interfaces/include/ros_ign_interfaces/ros_ign_interfaces/msg/detail/entity__rosidl_typesupport_introspection_c.h
[1.445s] -- Up-to-date: /home/jacobrod/worms_ws/install/ros_ign_interfaces/include/ros_ign_interfaces/ros_ign_interfaces/msg/detail/video_record__rosidl_typesupport_introspection_c.h
[1.445s] -- Up-to-date: /home/jacobrod/worms_ws/install/ros_ign_interfaces/include/ros_ign_interfaces/ros_ign_interfaces/msg/detail/video_record__type_support.c
[1.445s] -- Up-to-date: /home/jacobrod/worms_ws/install/ros_ign_interfaces/include/ros_ign_interfaces/ros_ign_interfaces/msg/detail/entity_factory__rosidl_typesupport_introspection_c.h
[1.445s] -- Up-to-date: /home/jacobrod/worms_ws/install/ros_ign_interfaces/include/ros_ign_interfaces/ros_ign_interfaces/msg/detail/gui_camera__rosidl_typesupport_introspection_c.h
[1.445s] -- Up-to-date: /home/jacobrod/worms_ws/install/ros_ign_interfaces/include/ros_ign_interfaces/ros_ign_interfaces/msg/detail/world_reset__type_support.c
[1.445s] -- Up-to-date: /home/jacobrod/worms_ws/install/ros_ign_interfaces/include/ros_ign_interfaces/ros_ign_interfaces/msg/detail/joint_wrench__type_support.c
[1.445s] -- Up-to-date: /home/jacobrod/worms_ws/install/ros_ign_interfaces/include/ros_ign_interfaces/ros_ign_interfaces/msg/detail/string_vec__type_support.c
[1.446s] -- Up-to-date: /home/jacobrod/worms_ws/install/ros_ign_interfaces/include/ros_ign_interfaces/ros_ign_interfaces/msg/detail/joint_wrench__rosidl_typesupport_introspection_c.h
[1.446s] -- Up-to-date: /home/jacobrod/worms_ws/install/ros_ign_interfaces/include/ros_ign_interfaces/ros_ign_interfaces/msg/detail/world_control__type_support.c
[1.446s] -- Up-to-date: /home/jacobrod/worms_ws/install/ros_ign_interfaces/include/ros_ign_interfaces/ros_ign_interfaces/msg/detail/gui_camera__type_support.c
[1.446s] -- Up-to-date: /home/jacobrod/worms_ws/install/ros_ign_interfaces/include/ros_ign_interfaces/ros_ign_interfaces/msg/detail/light__rosidl_typesupport_introspection_c.h
[1.446s] -- Up-to-date: /home/jacobrod/worms_ws/install/ros_ign_interfaces/include/ros_ign_interfaces/ros_ign_interfaces/msg/detail/contact__type_support.c
[1.446s] -- Up-to-date: /home/jacobrod/worms_ws/install/ros_ign_interfaces/include/ros_ign_interfaces/ros_ign_interfaces/srv
[1.446s] -- Up-to-date: /home/jacobrod/worms_ws/install/ros_ign_interfaces/include/ros_ign_interfaces/ros_ign_interfaces/srv/detail
[1.446s] -- Up-to-date: /home/jacobrod/worms_ws/install/ros_ign_interfaces/include/ros_ign_interfaces/ros_ign_interfaces/srv/detail/delete_entity__type_support.c
[1.446s] -- Up-to-date: /home/jacobrod/worms_ws/install/ros_ign_interfaces/include/ros_ign_interfaces/ros_ign_interfaces/srv/detail/set_entity_pose__type_support.c
[1.447s] -- Up-to-date: /home/jacobrod/worms_ws/install/ros_ign_interfaces/include/ros_ign_interfaces/ros_ign_interfaces/srv/detail/spawn_entity__rosidl_typesupport_introspection_c.h
[1.447s] -- Up-to-date: /home/jacobrod/worms_ws/install/ros_ign_interfaces/include/ros_ign_interfaces/ros_ign_interfaces/srv/detail/set_entity_pose__rosidl_typesupport_introspection_c.h
[1.447s] -- Up-to-date: /home/jacobrod/worms_ws/install/ros_ign_interfaces/include/ros_ign_interfaces/ros_ign_interfaces/srv/detail/control_world__rosidl_typesupport_introspection_c.h
[1.447s] -- Up-to-date: /home/jacobrod/worms_ws/install/ros_ign_interfaces/include/ros_ign_interfaces/ros_ign_interfaces/srv/detail/spawn_entity__type_support.c
[1.447s] -- Up-to-date: /home/jacobrod/worms_ws/install/ros_ign_interfaces/include/ros_ign_interfaces/ros_ign_interfaces/srv/detail/delete_entity__rosidl_typesupport_introspection_c.h
[1.447s] -- Up-to-date: /home/jacobrod/worms_ws/install/ros_ign_interfaces/include/ros_ign_interfaces/ros_ign_interfaces/srv/detail/control_world__type_support.c
[1.448s] -- Up-to-date: /home/jacobrod/worms_ws/install/ros_ign_interfaces/lib/libros_ign_interfaces__rosidl_typesupport_introspection_c.so
[1.448s] -- Up-to-date: /home/jacobrod/worms_ws/install/ros_ign_interfaces/lib/libros_ign_interfaces__rosidl_typesupport_c.so
[1.448s] -- Up-to-date: /home/jacobrod/worms_ws/install/ros_ign_interfaces/include/ros_ign_interfaces/ros_ign_interfaces
[1.448s] -- Up-to-date: /home/jacobrod/worms_ws/install/ros_ign_interfaces/include/ros_ign_interfaces/ros_ign_interfaces/msg
[1.448s] -- Up-to-date: /home/jacobrod/worms_ws/install/ros_ign_interfaces/include/ros_ign_interfaces/ros_ign_interfaces/msg/detail
[1.448s] -- Up-to-date: /home/jacobrod/worms_ws/install/ros_ign_interfaces/include/ros_ign_interfaces/ros_ign_interfaces/msg/detail/world_reset__rosidl_typesupport_introspection_cpp.hpp
[1.449s] -- Up-to-date: /home/jacobrod/worms_ws/install/ros_ign_interfaces/include/ros_ign_interfaces/ros_ign_interfaces/msg/detail/entity_factory__type_support.cpp
[1.449s] -- Up-to-date: /home/jacobrod/worms_ws/install/ros_ign_interfaces/include/ros_ign_interfaces/ros_ign_interfaces/msg/detail/world_control__type_support.cpp
[1.449s] -- Up-to-date: /home/jacobrod/worms_ws/install/ros_ign_interfaces/include/ros_ign_interfaces/ros_ign_interfaces/msg/detail/contacts__rosidl_typesupport_introspection_cpp.hpp
[1.449s] -- Up-to-date: /home/jacobrod/worms_ws/install/ros_ign_interfaces/include/ros_ign_interfaces/ros_ign_interfaces/msg/detail/joint_wrench__rosidl_typesupport_introspection_cpp.hpp
[1.449s] -- Up-to-date: /home/jacobrod/worms_ws/install/ros_ign_interfaces/include/ros_ign_interfaces/ros_ign_interfaces/msg/detail/video_record__rosidl_typesupport_introspection_cpp.hpp
[1.449s] -- Up-to-date: /home/jacobrod/worms_ws/install/ros_ign_interfaces/include/ros_ign_interfaces/ros_ign_interfaces/msg/detail/track_visual__rosidl_typesupport_introspection_cpp.hpp
[1.449s] -- Up-to-date: /home/jacobrod/worms_ws/install/ros_ign_interfaces/include/ros_ign_interfaces/ros_ign_interfaces/msg/detail/string_vec__rosidl_typesupport_introspection_cpp.hpp
[1.450s] -- Up-to-date: /home/jacobrod/worms_ws/install/ros_ign_interfaces/include/ros_ign_interfaces/ros_ign_interfaces/msg/detail/light__rosidl_typesupport_introspection_cpp.hpp
[1.450s] -- Up-to-date: /home/jacobrod/worms_ws/install/ros_ign_interfaces/include/ros_ign_interfaces/ros_ign_interfaces/msg/detail/track_visual__type_support.cpp
[1.450s] -- Up-to-date: /home/jacobrod/worms_ws/install/ros_ign_interfaces/include/ros_ign_interfaces/ros_ign_interfaces/msg/detail/video_record__type_support.cpp
[1.450s] -- Up-to-date: /home/jacobrod/worms_ws/install/ros_ign_interfaces/include/ros_ign_interfaces/ros_ign_interfaces/msg/detail/entity_factory__rosidl_typesupport_introspection_cpp.hpp
[1.450s] -- Up-to-date: /home/jacobrod/worms_ws/install/ros_ign_interfaces/include/ros_ign_interfaces/ros_ign_interfaces/msg/detail/world_reset__type_support.cpp
[1.450s] -- Up-to-date: /home/jacobrod/worms_ws/install/ros_ign_interfaces/include/ros_ign_interfaces/ros_ign_interfaces/msg/detail/contact__type_support.cpp
[1.450s] -- Up-to-date: /home/jacobrod/worms_ws/install/ros_ign_interfaces/include/ros_ign_interfaces/ros_ign_interfaces/msg/detail/string_vec__type_support.cpp
[1.450s] -- Up-to-date: /home/jacobrod/worms_ws/install/ros_ign_interfaces/include/ros_ign_interfaces/ros_ign_interfaces/msg/detail/world_control__rosidl_typesupport_introspection_cpp.hpp
[1.451s] -- Up-to-date: /home/jacobrod/worms_ws/install/ros_ign_interfaces/include/ros_ign_interfaces/ros_ign_interfaces/msg/detail/light__type_support.cpp
[1.451s] -- Up-to-date: /home/jacobrod/worms_ws/install/ros_ign_interfaces/include/ros_ign_interfaces/ros_ign_interfaces/msg/detail/contacts__type_support.cpp
[1.451s] -- Up-to-date: /home/jacobrod/worms_ws/install/ros_ign_interfaces/include/ros_ign_interfaces/ros_ign_interfaces/msg/detail/gui_camera__type_support.cpp
[1.451s] -- Up-to-date: /home/jacobrod/worms_ws/install/ros_ign_interfaces/include/ros_ign_interfaces/ros_ign_interfaces/msg/detail/gui_camera__rosidl_typesupport_introspection_cpp.hpp
[1.451s] -- Up-to-date: /home/jacobrod/worms_ws/install/ros_ign_interfaces/include/ros_ign_interfaces/ros_ign_interfaces/msg/detail/contact__rosidl_typesupport_introspection_cpp.hpp
[1.451s] -- Up-to-date: /home/jacobrod/worms_ws/install/ros_ign_interfaces/include/ros_ign_interfaces/ros_ign_interfaces/msg/detail/entity__type_support.cpp
[1.451s] -- Up-to-date: /home/jacobrod/worms_ws/install/ros_ign_interfaces/include/ros_ign_interfaces/ros_ign_interfaces/msg/detail/entity__rosidl_typesupport_introspection_cpp.hpp
[1.452s] -- Up-to-date: /home/jacobrod/worms_ws/install/ros_ign_interfaces/include/ros_ign_interfaces/ros_ign_interfaces/msg/detail/joint_wrench__type_support.cpp
[1.452s] -- Up-to-date: /home/jacobrod/worms_ws/install/ros_ign_interfaces/include/ros_ign_interfaces/ros_ign_interfaces/srv
[1.452s] -- Up-to-date: /home/jacobrod/worms_ws/install/ros_ign_interfaces/include/ros_ign_interfaces/ros_ign_interfaces/srv/detail
[1.452s] -- Up-to-date: /home/jacobrod/worms_ws/install/ros_ign_interfaces/include/ros_ign_interfaces/ros_ign_interfaces/srv/detail/delete_entity__type_support.cpp
[1.452s] -- Up-to-date: /home/jacobrod/worms_ws/install/ros_ign_interfaces/include/ros_ign_interfaces/ros_ign_interfaces/srv/detail/set_entity_pose__type_support.cpp
[1.452s] -- Up-to-date: /home/jacobrod/worms_ws/install/ros_ign_interfaces/include/ros_ign_interfaces/ros_ign_interfaces/srv/detail/control_world__rosidl_typesupport_introspection_cpp.hpp
[1.452s] -- Up-to-date: /home/jacobrod/worms_ws/install/ros_ign_interfaces/include/ros_ign_interfaces/ros_ign_interfaces/srv/detail/delete_entity__rosidl_typesupport_introspection_cpp.hpp
[1.452s] -- Up-to-date: /home/jacobrod/worms_ws/install/ros_ign_interfaces/include/ros_ign_interfaces/ros_ign_interfaces/srv/detail/spawn_entity__rosidl_typesupport_introspection_cpp.hpp
[1.452s] -- Up-to-date: /home/jacobrod/worms_ws/install/ros_ign_interfaces/include/ros_ign_interfaces/ros_ign_interfaces/srv/detail/control_world__type_support.cpp
[1.453s] -- Up-to-date: /home/jacobrod/worms_ws/install/ros_ign_interfaces/include/ros_ign_interfaces/ros_ign_interfaces/srv/detail/spawn_entity__type_support.cpp
[1.453s] -- Up-to-date: /home/jacobrod/worms_ws/install/ros_ign_interfaces/include/ros_ign_interfaces/ros_ign_interfaces/srv/detail/set_entity_pose__rosidl_typesupport_introspection_cpp.hpp
[1.453s] -- Up-to-date: /home/jacobrod/worms_ws/install/ros_ign_interfaces/lib/libros_ign_interfaces__rosidl_typesupport_introspection_cpp.so
[1.453s] -- Up-to-date: /home/jacobrod/worms_ws/install/ros_ign_interfaces/lib/libros_ign_interfaces__rosidl_typesupport_cpp.so
[1.453s] -- Up-to-date: /home/jacobrod/worms_ws/install/ros_ign_interfaces/share/ros_ign_interfaces/environment/pythonpath.sh
[1.453s] -- Up-to-date: /home/jacobrod/worms_ws/install/ros_ign_interfaces/share/ros_ign_interfaces/environment/pythonpath.dsv
[1.453s] -- Up-to-date: /home/jacobrod/worms_ws/install/ros_ign_interfaces/local/lib/python3.10/dist-packages/ros_ign_interfaces-0.244.11-py3.10.egg-info
[1.453s] -- Installing: /home/jacobrod/worms_ws/install/ros_ign_interfaces/local/lib/python3.10/dist-packages/ros_ign_interfaces-0.244.11-py3.10.egg-info/PKG-INFO
[1.453s] -- Installing: /home/jacobrod/worms_ws/install/ros_ign_interfaces/local/lib/python3.10/dist-packages/ros_ign_interfaces-0.244.11-py3.10.egg-info/dependency_links.txt
[1.454s] -- Installing: /home/jacobrod/worms_ws/install/ros_ign_interfaces/local/lib/python3.10/dist-packages/ros_ign_interfaces-0.244.11-py3.10.egg-info/top_level.txt
[1.454s] -- Installing: /home/jacobrod/worms_ws/install/ros_ign_interfaces/local/lib/python3.10/dist-packages/ros_ign_interfaces-0.244.11-py3.10.egg-info/SOURCES.txt
[1.454s] -- Up-to-date: /home/jacobrod/worms_ws/install/ros_ign_interfaces/local/lib/python3.10/dist-packages/ros_ign_interfaces
[1.454s] -- Up-to-date: /home/jacobrod/worms_ws/install/ros_ign_interfaces/local/lib/python3.10/dist-packages/ros_ign_interfaces/_ros_ign_interfaces_s.ep.rosidl_typesupport_fastrtps_c.c
[1.454s] -- Up-to-date: /home/jacobrod/worms_ws/install/ros_ign_interfaces/local/lib/python3.10/dist-packages/ros_ign_interfaces/ros_ign_interfaces_s__rosidl_typesupport_c.cpython-310-x86_64-linux-gnu.so
[1.454s] -- Up-to-date: /home/jacobrod/worms_ws/install/ros_ign_interfaces/local/lib/python3.10/dist-packages/ros_ign_interfaces/ros_ign_interfaces_s__rosidl_typesupport_fastrtps_c.cpython-310-x86_64-linux-gnu.so
[1.454s] -- Up-to-date: /home/jacobrod/worms_ws/install/ros_ign_interfaces/local/lib/python3.10/dist-packages/ros_ign_interfaces/msg
[1.455s] -- Up-to-date: /home/jacobrod/worms_ws/install/ros_ign_interfaces/local/lib/python3.10/dist-packages/ros_ign_interfaces/msg/_joint_wrench.py
[1.455s] -- Up-to-date: /home/jacobrod/worms_ws/install/ros_ign_interfaces/local/lib/python3.10/dist-packages/ros_ign_interfaces/msg/_joint_wrench_s.c
[1.455s] -- Up-to-date: /home/jacobrod/worms_ws/install/ros_ign_interfaces/local/lib/python3.10/dist-packages/ros_ign_interfaces/msg/_contact.py
[1.455s] -- Up-to-date: /home/jacobrod/worms_ws/install/ros_ign_interfaces/local/lib/python3.10/dist-packages/ros_ign_interfaces/msg/_entity_factory.py
[1.455s] -- Up-to-date: /home/jacobrod/worms_ws/install/ros_ign_interfaces/local/lib/python3.10/dist-packages/ros_ign_interfaces/msg/_entity_factory_s.c
[1.455s] -- Up-to-date: /home/jacobrod/worms_ws/install/ros_ign_interfaces/local/lib/python3.10/dist-packages/ros_ign_interfaces/msg/_light_s.c
[1.455s] -- Up-to-date: /home/jacobrod/worms_ws/install/ros_ign_interfaces/local/lib/python3.10/dist-packages/ros_ign_interfaces/msg/_world_reset.py
[1.455s] -- Up-to-date: /home/jacobrod/worms_ws/install/ros_ign_interfaces/local/lib/python3.10/dist-packages/ros_ign_interfaces/msg/_gui_camera_s.c
[1.456s] -- Up-to-date: /home/jacobrod/worms_ws/install/ros_ign_interfaces/local/lib/python3.10/dist-packages/ros_ign_interfaces/msg/_track_visual_s.c
[1.456s] -- Up-to-date: /home/jacobrod/worms_ws/install/ros_ign_interfaces/local/lib/python3.10/dist-packages/ros_ign_interfaces/msg/_video_record.py
[1.456s] -- Up-to-date: /home/jacobrod/worms_ws/install/ros_ign_interfaces/local/lib/python3.10/dist-packages/ros_ign_interfaces/msg/_contacts_s.c
[1.456s] -- Up-to-date: /home/jacobrod/worms_ws/install/ros_ign_interfaces/local/lib/python3.10/dist-packages/ros_ign_interfaces/msg/_contacts.py
[1.456s] -- Up-to-date: /home/jacobrod/worms_ws/install/ros_ign_interfaces/local/lib/python3.10/dist-packages/ros_ign_interfaces/msg/_light.py
[1.456s] -- Up-to-date: /home/jacobrod/worms_ws/install/ros_ign_interfaces/local/lib/python3.10/dist-packages/ros_ign_interfaces/msg/_track_visual.py
[1.456s] -- Up-to-date: /home/jacobrod/worms_ws/install/ros_ign_interfaces/local/lib/python3.10/dist-packages/ros_ign_interfaces/msg/_world_reset_s.c
[1.456s] -- Up-to-date: /home/jacobrod/worms_ws/install/ros_ign_interfaces/local/lib/python3.10/dist-packages/ros_ign_interfaces/msg/_string_vec_s.c
[1.457s] -- Up-to-date: /home/jacobrod/worms_ws/install/ros_ign_interfaces/local/lib/python3.10/dist-packages/ros_ign_interfaces/msg/_string_vec.py
[1.457s] -- Up-to-date: /home/jacobrod/worms_ws/install/ros_ign_interfaces/local/lib/python3.10/dist-packages/ros_ign_interfaces/msg/_entity.py
[1.457s] -- Up-to-date: /home/jacobrod/worms_ws/install/ros_ign_interfaces/local/lib/python3.10/dist-packages/ros_ign_interfaces/msg/_gui_camera.py
[1.457s] -- Up-to-date: /home/jacobrod/worms_ws/install/ros_ign_interfaces/local/lib/python3.10/dist-packages/ros_ign_interfaces/msg/_world_control_s.c
[1.457s] -- Up-to-date: /home/jacobrod/worms_ws/install/ros_ign_interfaces/local/lib/python3.10/dist-packages/ros_ign_interfaces/msg/_entity_s.c
[1.457s] -- Up-to-date: /home/jacobrod/worms_ws/install/ros_ign_interfaces/local/lib/python3.10/dist-packages/ros_ign_interfaces/msg/_contact_s.c
[1.458s] -- Up-to-date: /home/jacobrod/worms_ws/install/ros_ign_interfaces/local/lib/python3.10/dist-packages/ros_ign_interfaces/msg/_world_control.py
[1.458s] -- Up-to-date: /home/jacobrod/worms_ws/install/ros_ign_interfaces/local/lib/python3.10/dist-packages/ros_ign_interfaces/msg/_video_record_s.c
[1.458s] -- Up-to-date: /home/jacobrod/worms_ws/install/ros_ign_interfaces/local/lib/python3.10/dist-packages/ros_ign_interfaces/msg/__init__.py
[1.459s] -- Up-to-date: /home/jacobrod/worms_ws/install/ros_ign_interfaces/local/lib/python3.10/dist-packages/ros_ign_interfaces/_ros_ign_interfaces_s.ep.rosidl_typesupport_introspection_c.c
[1.459s] -- Up-to-date: /home/jacobrod/worms_ws/install/ros_ign_interfaces/local/lib/python3.10/dist-packages/ros_ign_interfaces/libros_ign_interfaces__rosidl_generator_py.so
[1.459s] -- Up-to-date: /home/jacobrod/worms_ws/install/ros_ign_interfaces/local/lib/python3.10/dist-packages/ros_ign_interfaces/srv
[1.460s] -- Up-to-date: /home/jacobrod/worms_ws/install/ros_ign_interfaces/local/lib/python3.10/dist-packages/ros_ign_interfaces/srv/_set_entity_pose_s.c
[1.460s] -- Up-to-date: /home/jacobrod/worms_ws/install/ros_ign_interfaces/local/lib/python3.10/dist-packages/ros_ign_interfaces/srv/_delete_entity.py
[1.460s] -- Up-to-date: /home/jacobrod/worms_ws/install/ros_ign_interfaces/local/lib/python3.10/dist-packages/ros_ign_interfaces/srv/_control_world_s.c
[1.460s] -- Up-to-date: /home/jacobrod/worms_ws/install/ros_ign_interfaces/local/lib/python3.10/dist-packages/ros_ign_interfaces/srv/_spawn_entity_s.c
[1.460s] -- Up-to-date: /home/jacobrod/worms_ws/install/ros_ign_interfaces/local/lib/python3.10/dist-packages/ros_ign_interfaces/srv/_spawn_entity.py
[1.460s] -- Up-to-date: /home/jacobrod/worms_ws/install/ros_ign_interfaces/local/lib/python3.10/dist-packages/ros_ign_interfaces/srv/_set_entity_pose.py
[1.461s] -- Up-to-date: /home/jacobrod/worms_ws/install/ros_ign_interfaces/local/lib/python3.10/dist-packages/ros_ign_interfaces/srv/_control_world.py
[1.461s] -- Up-to-date: /home/jacobrod/worms_ws/install/ros_ign_interfaces/local/lib/python3.10/dist-packages/ros_ign_interfaces/srv/_delete_entity_s.c
[1.461s] -- Up-to-date: /home/jacobrod/worms_ws/install/ros_ign_interfaces/local/lib/python3.10/dist-packages/ros_ign_interfaces/srv/__init__.py
[1.461s] -- Up-to-date: /home/jacobrod/worms_ws/install/ros_ign_interfaces/local/lib/python3.10/dist-packages/ros_ign_interfaces/ros_ign_interfaces_s__rosidl_typesupport_introspection_c.cpython-310-x86_64-linux-gnu.so
[1.461s] -- Up-to-date: /home/jacobrod/worms_ws/install/ros_ign_interfaces/local/lib/python3.10/dist-packages/ros_ign_interfaces/__init__.py
[1.461s] -- Up-to-date: /home/jacobrod/worms_ws/install/ros_ign_interfaces/local/lib/python3.10/dist-packages/ros_ign_interfaces/_ros_ign_interfaces_s.ep.rosidl_typesupport_c.c
[1.478s] Listing '/home/jacobrod/worms_ws/install/ros_ign_interfaces/local/lib/python3.10/dist-packages/ros_ign_interfaces'...
[1.478s] Listing '/home/jacobrod/worms_ws/install/ros_ign_interfaces/local/lib/python3.10/dist-packages/ros_ign_interfaces/msg'...
[1.478s] Listing '/home/jacobrod/worms_ws/install/ros_ign_interfaces/local/lib/python3.10/dist-packages/ros_ign_interfaces/srv'...
[1.486s] -- Up-to-date: /home/jacobrod/worms_ws/install/ros_ign_interfaces/local/lib/python3.10/dist-packages/ros_ign_interfaces/ros_ign_interfaces_s__rosidl_typesupport_fastrtps_c.cpython-310-x86_64-linux-gnu.so
[1.487s] -- Up-to-date: /home/jacobrod/worms_ws/install/ros_ign_interfaces/local/lib/python3.10/dist-packages/ros_ign_interfaces/ros_ign_interfaces_s__rosidl_typesupport_introspection_c.cpython-310-x86_64-linux-gnu.so
[1.487s] -- Up-to-date: /home/jacobrod/worms_ws/install/ros_ign_interfaces/local/lib/python3.10/dist-packages/ros_ign_interfaces/ros_ign_interfaces_s__rosidl_typesupport_c.cpython-310-x86_64-linux-gnu.so
[1.488s] -- Up-to-date: /home/jacobrod/worms_ws/install/ros_ign_interfaces/lib/libros_ign_interfaces__rosidl_generator_py.so
[1.488s] -- Up-to-date: /home/jacobrod/worms_ws/install/ros_ign_interfaces/share/ros_ign_interfaces/msg/Contact.idl
[1.489s] -- Up-to-date: /home/jacobrod/worms_ws/install/ros_ign_interfaces/share/ros_ign_interfaces/msg/Contacts.idl
[1.489s] -- Up-to-date: /home/jacobrod/worms_ws/install/ros_ign_interfaces/share/ros_ign_interfaces/msg/Entity.idl
[1.489s] -- Up-to-date: /home/jacobrod/worms_ws/install/ros_ign_interfaces/share/ros_ign_interfaces/msg/EntityFactory.idl
[1.489s] -- Up-to-date: /home/jacobrod/worms_ws/install/ros_ign_interfaces/share/ros_ign_interfaces/msg/GuiCamera.idl
[1.489s] -- Up-to-date: /home/jacobrod/worms_ws/install/ros_ign_interfaces/share/ros_ign_interfaces/msg/JointWrench.idl
[1.490s] -- Up-to-date: /home/jacobrod/worms_ws/install/ros_ign_interfaces/share/ros_ign_interfaces/msg/Light.idl
[1.491s] -- Up-to-date: /home/jacobrod/worms_ws/install/ros_ign_interfaces/share/ros_ign_interfaces/msg/StringVec.idl
[1.491s] -- Up-to-date: /home/jacobrod/worms_ws/install/ros_ign_interfaces/share/ros_ign_interfaces/msg/TrackVisual.idl
[1.491s] -- Up-to-date: /home/jacobrod/worms_ws/install/ros_ign_interfaces/share/ros_ign_interfaces/msg/VideoRecord.idl
[1.492s] -- Up-to-date: /home/jacobrod/worms_ws/install/ros_ign_interfaces/share/ros_ign_interfaces/msg/WorldControl.idl
[1.492s] -- Up-to-date: /home/jacobrod/worms_ws/install/ros_ign_interfaces/share/ros_ign_interfaces/msg/WorldReset.idl
[1.492s] -- Up-to-date: /home/jacobrod/worms_ws/install/ros_ign_interfaces/share/ros_ign_interfaces/srv/ControlWorld.idl
[1.492s] -- Up-to-date: /home/jacobrod/worms_ws/install/ros_ign_interfaces/share/ros_ign_interfaces/srv/DeleteEntity.idl
[1.492s] -- Up-to-date: /home/jacobrod/worms_ws/install/ros_ign_interfaces/share/ros_ign_interfaces/srv/SetEntityPose.idl
[1.493s] -- Up-to-date: /home/jacobrod/worms_ws/install/ros_ign_interfaces/share/ros_ign_interfaces/srv/SpawnEntity.idl
[1.493s] -- Up-to-date: /home/jacobrod/worms_ws/install/ros_ign_interfaces/share/ros_ign_interfaces/msg/Contact.msg
[1.493s] -- Up-to-date: /home/jacobrod/worms_ws/install/ros_ign_interfaces/share/ros_ign_interfaces/msg/Contacts.msg
[1.493s] -- Up-to-date: /home/jacobrod/worms_ws/install/ros_ign_interfaces/share/ros_ign_interfaces/msg/Entity.msg
[1.493s] -- Up-to-date: /home/jacobrod/worms_ws/install/ros_ign_interfaces/share/ros_ign_interfaces/msg/EntityFactory.msg
[1.494s] -- Up-to-date: /home/jacobrod/worms_ws/install/ros_ign_interfaces/share/ros_ign_interfaces/msg/GuiCamera.msg
[1.494s] -- Up-to-date: /home/jacobrod/worms_ws/install/ros_ign_interfaces/share/ros_ign_interfaces/msg/JointWrench.msg
[1.494s] -- Up-to-date: /home/jacobrod/worms_ws/install/ros_ign_interfaces/share/ros_ign_interfaces/msg/Light.msg
[1.494s] -- Up-to-date: /home/jacobrod/worms_ws/install/ros_ign_interfaces/share/ros_ign_interfaces/msg/StringVec.msg
[1.494s] -- Up-to-date: /home/jacobrod/worms_ws/install/ros_ign_interfaces/share/ros_ign_interfaces/msg/TrackVisual.msg
[1.494s] -- Up-to-date: /home/jacobrod/worms_ws/install/ros_ign_interfaces/share/ros_ign_interfaces/msg/VideoRecord.msg
[1.495s] -- Up-to-date: /home/jacobrod/worms_ws/install/ros_ign_interfaces/share/ros_ign_interfaces/msg/WorldControl.msg
[1.495s] -- Up-to-date: /home/jacobrod/worms_ws/install/ros_ign_interfaces/share/ros_ign_interfaces/msg/WorldReset.msg
[1.495s] -- Up-to-date: /home/jacobrod/worms_ws/install/ros_ign_interfaces/share/ros_ign_interfaces/srv/ControlWorld.srv
[1.495s] -- Up-to-date: /home/jacobrod/worms_ws/install/ros_ign_interfaces/share/ros_ign_interfaces/srv/ControlWorld_Request.msg
[1.495s] -- Up-to-date: /home/jacobrod/worms_ws/install/ros_ign_interfaces/share/ros_ign_interfaces/srv/ControlWorld_Response.msg
[1.496s] -- Up-to-date: /home/jacobrod/worms_ws/install/ros_ign_interfaces/share/ros_ign_interfaces/srv/DeleteEntity.srv
[1.496s] -- Up-to-date: /home/jacobrod/worms_ws/install/ros_ign_interfaces/share/ros_ign_interfaces/srv/DeleteEntity_Request.msg
[1.496s] -- Up-to-date: /home/jacobrod/worms_ws/install/ros_ign_interfaces/share/ros_ign_interfaces/srv/DeleteEntity_Response.msg
[1.496s] -- Up-to-date: /home/jacobrod/worms_ws/install/ros_ign_interfaces/share/ros_ign_interfaces/srv/SetEntityPose.srv
[1.496s] -- Up-to-date: /home/jacobrod/worms_ws/install/ros_ign_interfaces/share/ros_ign_interfaces/srv/SetEntityPose_Request.msg
[1.497s] -- Up-to-date: /home/jacobrod/worms_ws/install/ros_ign_interfaces/share/ros_ign_interfaces/srv/SetEntityPose_Response.msg
[1.497s] -- Up-to-date: /home/jacobrod/worms_ws/install/ros_ign_interfaces/share/ros_ign_interfaces/srv/SpawnEntity.srv
[1.497s] -- Up-to-date: /home/jacobrod/worms_ws/install/ros_ign_interfaces/share/ros_ign_interfaces/srv/SpawnEntity_Request.msg
[1.497s] -- Up-to-date: /home/jacobrod/worms_ws/install/ros_ign_interfaces/share/ros_ign_interfaces/srv/SpawnEntity_Response.msg
[1.497s] -- Up-to-date: /home/jacobrod/worms_ws/install/ros_ign_interfaces/share/ament_index/resource_index/package_run_dependencies/ros_ign_interfaces
[1.498s] -- Up-to-date: /home/jacobrod/worms_ws/install/ros_ign_interfaces/share/ament_index/resource_index/parent_prefix_path/ros_ign_interfaces
[1.498s] -- Up-to-date: /home/jacobrod/worms_ws/install/ros_ign_interfaces/share/ros_ign_interfaces/environment/ament_prefix_path.sh
[1.498s] -- Up-to-date: /home/jacobrod/worms_ws/install/ros_ign_interfaces/share/ros_ign_interfaces/environment/ament_prefix_path.dsv
[1.498s] -- Up-to-date: /home/jacobrod/worms_ws/install/ros_ign_interfaces/share/ros_ign_interfaces/environment/path.sh
[1.498s] -- Up-to-date: /home/jacobrod/worms_ws/install/ros_ign_interfaces/share/ros_ign_interfaces/environment/path.dsv
[1.498s] -- Up-to-date: /home/jacobrod/worms_ws/install/ros_ign_interfaces/share/ros_ign_interfaces/local_setup.bash
[1.498s] -- Up-to-date: /home/jacobrod/worms_ws/install/ros_ign_interfaces/share/ros_ign_interfaces/local_setup.sh
[1.499s] -- Up-to-date: /home/jacobrod/worms_ws/install/ros_ign_interfaces/share/ros_ign_interfaces/local_setup.zsh
[1.499s] -- Up-to-date: /home/jacobrod/worms_ws/install/ros_ign_interfaces/share/ros_ign_interfaces/local_setup.dsv
[1.499s] -- Installing: /home/jacobrod/worms_ws/install/ros_ign_interfaces/share/ros_ign_interfaces/package.dsv
[1.499s] -- Up-to-date: /home/jacobrod/worms_ws/install/ros_ign_interfaces/share/ament_index/resource_index/packages/ros_ign_interfaces
[1.499s] -- Up-to-date: /home/jacobrod/worms_ws/install/ros_ign_interfaces/share/ros_ign_interfaces/cmake/export_ros_ign_interfaces__rosidl_generator_cExport.cmake
[1.499s] -- Up-to-date: /home/jacobrod/worms_ws/install/ros_ign_interfaces/share/ros_ign_interfaces/cmake/export_ros_ign_interfaces__rosidl_generator_cExport-noconfig.cmake
[1.499s] -- Up-to-date: /home/jacobrod/worms_ws/install/ros_ign_interfaces/share/ros_ign_interfaces/cmake/export_ros_ign_interfaces__rosidl_typesupport_fastrtps_cExport.cmake
[1.500s] -- Up-to-date: /home/jacobrod/worms_ws/install/ros_ign_interfaces/share/ros_ign_interfaces/cmake/export_ros_ign_interfaces__rosidl_typesupport_fastrtps_cExport-noconfig.cmake
[1.500s] -- Up-to-date: /home/jacobrod/worms_ws/install/ros_ign_interfaces/share/ros_ign_interfaces/cmake/export_ros_ign_interfaces__rosidl_generator_cppExport.cmake
[1.500s] -- Up-to-date: /home/jacobrod/worms_ws/install/ros_ign_interfaces/share/ros_ign_interfaces/cmake/export_ros_ign_interfaces__rosidl_typesupport_fastrtps_cppExport.cmake
[1.501s] -- Up-to-date: /home/jacobrod/worms_ws/install/ros_ign_interfaces/share/ros_ign_interfaces/cmake/export_ros_ign_interfaces__rosidl_typesupport_fastrtps_cppExport-noconfig.cmake
[1.501s] -- Up-to-date: /home/jacobrod/worms_ws/install/ros_ign_interfaces/share/ros_ign_interfaces/cmake/ros_ign_interfaces__rosidl_typesupport_introspection_cExport.cmake
[1.501s] -- Up-to-date: /home/jacobrod/worms_ws/install/ros_ign_interfaces/share/ros_ign_interfaces/cmake/ros_ign_interfaces__rosidl_typesupport_introspection_cExport-noconfig.cmake
[1.502s] -- Up-to-date: /home/jacobrod/worms_ws/install/ros_ign_interfaces/share/ros_ign_interfaces/cmake/ros_ign_interfaces__rosidl_typesupport_cExport.cmake
[1.502s] -- Up-to-date: /home/jacobrod/worms_ws/install/ros_ign_interfaces/share/ros_ign_interfaces/cmake/ros_ign_interfaces__rosidl_typesupport_cExport-noconfig.cmake
[1.502s] -- Up-to-date: /home/jacobrod/worms_ws/install/ros_ign_interfaces/share/ros_ign_interfaces/cmake/ros_ign_interfaces__rosidl_typesupport_introspection_cppExport.cmake
[1.502s] -- Up-to-date: /home/jacobrod/worms_ws/install/ros_ign_interfaces/share/ros_ign_interfaces/cmake/ros_ign_interfaces__rosidl_typesupport_introspection_cppExport-noconfig.cmake
[1.503s] -- Up-to-date: /home/jacobrod/worms_ws/install/ros_ign_interfaces/share/ros_ign_interfaces/cmake/ros_ign_interfaces__rosidl_typesupport_cppExport.cmake
[1.503s] -- Up-to-date: /home/jacobrod/worms_ws/install/ros_ign_interfaces/share/ros_ign_interfaces/cmake/ros_ign_interfaces__rosidl_typesupport_cppExport-noconfig.cmake
[1.503s] -- Up-to-date: /home/jacobrod/worms_ws/install/ros_ign_interfaces/share/ros_ign_interfaces/cmake/export_ros_ign_interfaces__rosidl_generator_pyExport.cmake
[1.504s] -- Up-to-date: /home/jacobrod/worms_ws/install/ros_ign_interfaces/share/ros_ign_interfaces/cmake/export_ros_ign_interfaces__rosidl_generator_pyExport-noconfig.cmake
[1.504s] -- Up-to-date: /home/jacobrod/worms_ws/install/ros_ign_interfaces/share/ros_ign_interfaces/cmake/rosidl_cmake-extras.cmake
[1.504s] -- Up-to-date: /home/jacobrod/worms_ws/install/ros_ign_interfaces/share/ros_ign_interfaces/cmake/ament_cmake_export_dependencies-extras.cmake
[1.504s] -- Up-to-date: /home/jacobrod/worms_ws/install/ros_ign_interfaces/share/ros_ign_interfaces/cmake/ament_cmake_export_include_directories-extras.cmake
[1.505s] -- Up-to-date: /home/jacobrod/worms_ws/install/ros_ign_interfaces/share/ros_ign_interfaces/cmake/ament_cmake_export_libraries-extras.cmake
[1.505s] -- Up-to-date: /home/jacobrod/worms_ws/install/ros_ign_interfaces/share/ros_ign_interfaces/cmake/ament_cmake_export_targets-extras.cmake
[1.505s] -- Up-to-date: /home/jacobrod/worms_ws/install/ros_ign_interfaces/share/ros_ign_interfaces/cmake/rosidl_cmake_export_typesupport_targets-extras.cmake
[1.505s] -- Up-to-date: /home/jacobrod/worms_ws/install/ros_ign_interfaces/share/ros_ign_interfaces/cmake/rosidl_cmake_export_typesupport_libraries-extras.cmake
[1.506s] -- Up-to-date: /home/jacobrod/worms_ws/install/ros_ign_interfaces/share/ros_ign_interfaces/cmake/ros_ign_interfacesConfig.cmake
[1.506s] -- Up-to-date: /home/jacobrod/worms_ws/install/ros_ign_interfaces/share/ros_ign_interfaces/cmake/ros_ign_interfacesConfig-version.cmake
[1.506s] -- Up-to-date: /home/jacobrod/worms_ws/install/ros_ign_interfaces/share/ros_ign_interfaces/package.xml
[1.506s] Invoked command in '/home/jacobrod/worms_ws/build/ros_ign_interfaces' returned '0': CMAKE_PREFIX_PATH=/home/jacobrod/worms_ws/install/ros_gz_interfaces:/home/jacobrod/worms_ws/install/worms_gazebo:/home/jacobrod/worms_ws/install/worms_description:/home/jacobrod/worms_ws/install/ros_ign:/home/jacobrod/worms_ws/install/ros_ign_gazebo_demos:/home/jacobrod/worms_ws/install/ros_gz:/home/jacobrod/worms_ws/install/ros_gz_sim_demos:/home/jacobrod/worms_ws/install/sdformat_urdf:/home/jacobrod/worms_ws/install/sdformat_test_files:/home/jacobrod/worms_ws/install/ros_ign_interfaces:/home/jacobrod/worms_ws/install/ros_ign_image:/home/jacobrod/worms_ws/install/ros_ign_gazebo:/home/jacobrod/worms_ws/install/ros_ign_bridge:/home/jacobrod/worms_ws/install/ros_gz_sim:/home/jacobrod/worms_ws/install/ros_gz_image:/home/jacobrod/worms_ws/install/ros_gz_bridge:/home/jacobrod/worms_ws/install/ros_gz_example_bringup:/home/jacobrod/worms_ws/install/ros_gz_example_gazebo:/home/jacobrod/worms_ws/install/ros_gz_example_description:/home/jacobrod/worms_ws/install/ros_gz_example_application:/home/jacobrod/worms_ws/install/core_bringup:/home/jacobrod/worms_ws/install/worms_mech:/opt/ros/humble LD_LIBRARY_PATH=/home/jacobrod/worms_ws/install/ros_gz_interfaces/lib:/home/jacobrod/worms_ws/install/sdformat_urdf/lib:/home/jacobrod/worms_ws/install/ros_ign_interfaces/lib:/home/jacobrod/worms_ws/install/ros_gz_sim/lib:/home/jacobrod/worms_ws/install/ros_gz_bridge/lib:/opt/ros/humble/opt/rviz_ogre_vendor/lib:/opt/ros/humble/lib/x86_64-linux-gnu:/opt/ros/humble/lib /usr/bin/cmake --install /home/jacobrod/worms_ws/build/ros_ign_interfaces
