[0.079s] Invoking command in '/home/jacobrod/worms_ws/build/ros_ign_bridge': CMAKE_PREFIX_PATH=/home/jacobrod/worms_ws/install/ros_gz_bridge:/home/jacobrod/worms_ws/install/ros_gz_interfaces:/home/jacobrod/worms_ws/install/worms_gazebo:/home/jacobrod/worms_ws/install/worms_description:/home/jacobrod/worms_ws/install/ros_ign:/home/jacobrod/worms_ws/install/ros_ign_gazebo_demos:/home/jacobrod/worms_ws/install/ros_gz:/home/jacobrod/worms_ws/install/ros_gz_sim_demos:/home/jacobrod/worms_ws/install/sdformat_urdf:/home/jacobrod/worms_ws/install/sdformat_test_files:/home/jacobrod/worms_ws/install/ros_ign_interfaces:/home/jacobrod/worms_ws/install/ros_ign_image:/home/jacobrod/worms_ws/install/ros_ign_gazebo:/home/jacobrod/worms_ws/install/ros_ign_bridge:/home/jacobrod/worms_ws/install/ros_gz_sim:/home/jacobrod/worms_ws/install/ros_gz_image:/home/jacobrod/worms_ws/install/ros_gz_example_bringup:/home/jacobrod/worms_ws/install/ros_gz_example_gazebo:/home/jacobrod/worms_ws/install/ros_gz_example_description:/home/jacobrod/worms_ws/install/ros_gz_example_application:/home/jacobrod/worms_ws/install/core_bringup:/home/jacobrod/worms_ws/install/worms_mech:/opt/ros/humble LD_LIBRARY_PATH=/home/jacobrod/worms_ws/install/ros_gz_bridge/lib:/home/jacobrod/worms_ws/install/ros_gz_interfaces/lib:/home/jacobrod/worms_ws/install/sdformat_urdf/lib:/home/jacobrod/worms_ws/install/ros_ign_interfaces/lib:/home/jacobrod/worms_ws/install/ros_gz_sim/lib:/opt/ros/humble/opt/rviz_ogre_vendor/lib:/opt/ros/humble/lib/x86_64-linux-gnu:/opt/ros/humble/lib /usr/bin/cmake /home/jacobrod/worms_ws/src/ros_gz/ros_ign_bridge -DBUILD_TESTING=ON -DCMAKE_INSTALL_PREFIX=/home/jacobrod/worms_ws/install/ros_ign_bridge
[0.140s] -- The C compiler identification is GNU 11.4.0
[0.200s] -- The CXX compiler identification is GNU 11.4.0
[0.211s] -- Detecting C compiler ABI info
[0.290s] -- Detecting C compiler ABI info - done
[0.298s] -- Check for working C compiler: /usr/bin/cc - skipped
[0.298s] -- Detecting C compile features
[0.299s] -- Detecting C compile features - done
[0.302s] -- Detecting CXX compiler ABI info
[0.393s] -- Detecting CXX compiler ABI info - done
[0.401s] -- Check for working CXX compiler: /usr/bin/c++ - skipped
[0.401s] -- Detecting CXX compile features
[0.402s] -- Detecting CXX compile features - done
[0.405s] -- Found ament_cmake: 1.3.6 (/opt/ros/humble/share/ament_cmake/cmake)
[0.603s] -- Found Python3: /usr/bin/python3.10 (found version "3.10.12") found components: Interpreter 
[0.718s] -- Found ament_index_cpp: 1.4.0 (/opt/ros/humble/share/ament_index_cpp/cmake)
[0.790s] -- Configuring done
[0.801s] -- Generating done
[0.802s] -- Build files have been written to: /home/jacobrod/worms_ws/build/ros_ign_bridge
[0.807s] Invoked command in '/home/jacobrod/worms_ws/build/ros_ign_bridge' returned '0': CMAKE_PREFIX_PATH=/home/jacobrod/worms_ws/install/ros_gz_bridge:/home/jacobrod/worms_ws/install/ros_gz_interfaces:/home/jacobrod/worms_ws/install/worms_gazebo:/home/jacobrod/worms_ws/install/worms_description:/home/jacobrod/worms_ws/install/ros_ign:/home/jacobrod/worms_ws/install/ros_ign_gazebo_demos:/home/jacobrod/worms_ws/install/ros_gz:/home/jacobrod/worms_ws/install/ros_gz_sim_demos:/home/jacobrod/worms_ws/install/sdformat_urdf:/home/jacobrod/worms_ws/install/sdformat_test_files:/home/jacobrod/worms_ws/install/ros_ign_interfaces:/home/jacobrod/worms_ws/install/ros_ign_image:/home/jacobrod/worms_ws/install/ros_ign_gazebo:/home/jacobrod/worms_ws/install/ros_ign_bridge:/home/jacobrod/worms_ws/install/ros_gz_sim:/home/jacobrod/worms_ws/install/ros_gz_image:/home/jacobrod/worms_ws/install/ros_gz_example_bringup:/home/jacobrod/worms_ws/install/ros_gz_example_gazebo:/home/jacobrod/worms_ws/install/ros_gz_example_description:/home/jacobrod/worms_ws/install/ros_gz_example_application:/home/jacobrod/worms_ws/install/core_bringup:/home/jacobrod/worms_ws/install/worms_mech:/opt/ros/humble LD_LIBRARY_PATH=/home/jacobrod/worms_ws/install/ros_gz_bridge/lib:/home/jacobrod/worms_ws/install/ros_gz_interfaces/lib:/home/jacobrod/worms_ws/install/sdformat_urdf/lib:/home/jacobrod/worms_ws/install/ros_ign_interfaces/lib:/home/jacobrod/worms_ws/install/ros_gz_sim/lib:/opt/ros/humble/opt/rviz_ogre_vendor/lib:/opt/ros/humble/lib/x86_64-linux-gnu:/opt/ros/humble/lib /usr/bin/cmake /home/jacobrod/worms_ws/src/ros_gz/ros_ign_bridge -DBUILD_TESTING=ON -DCMAKE_INSTALL_PREFIX=/home/jacobrod/worms_ws/install/ros_ign_bridge
[0.809s] Invoking command in '/home/jacobrod/worms_ws/build/ros_ign_bridge': CMAKE_PREFIX_PATH=/home/jacobrod/worms_ws/install/ros_gz_bridge:/home/jacobrod/worms_ws/install/ros_gz_interfaces:/home/jacobrod/worms_ws/install/worms_gazebo:/home/jacobrod/worms_ws/install/worms_description:/home/jacobrod/worms_ws/install/ros_ign:/home/jacobrod/worms_ws/install/ros_ign_gazebo_demos:/home/jacobrod/worms_ws/install/ros_gz:/home/jacobrod/worms_ws/install/ros_gz_sim_demos:/home/jacobrod/worms_ws/install/sdformat_urdf:/home/jacobrod/worms_ws/install/sdformat_test_files:/home/jacobrod/worms_ws/install/ros_ign_interfaces:/home/jacobrod/worms_ws/install/ros_ign_image:/home/jacobrod/worms_ws/install/ros_ign_gazebo:/home/jacobrod/worms_ws/install/ros_ign_bridge:/home/jacobrod/worms_ws/install/ros_gz_sim:/home/jacobrod/worms_ws/install/ros_gz_image:/home/jacobrod/worms_ws/install/ros_gz_example_bringup:/home/jacobrod/worms_ws/install/ros_gz_example_gazebo:/home/jacobrod/worms_ws/install/ros_gz_example_description:/home/jacobrod/worms_ws/install/ros_gz_example_application:/home/jacobrod/worms_ws/install/core_bringup:/home/jacobrod/worms_ws/install/worms_mech:/opt/ros/humble LD_LIBRARY_PATH=/home/jacobrod/worms_ws/install/ros_gz_bridge/lib:/home/jacobrod/worms_ws/install/ros_gz_interfaces/lib:/home/jacobrod/worms_ws/install/sdformat_urdf/lib:/home/jacobrod/worms_ws/install/ros_ign_interfaces/lib:/home/jacobrod/worms_ws/install/ros_gz_sim/lib:/opt/ros/humble/opt/rviz_ogre_vendor/lib:/opt/ros/humble/lib/x86_64-linux-gnu:/opt/ros/humble/lib /usr/bin/cmake --build /home/jacobrod/worms_ws/build/ros_ign_bridge -- -j8 -l8
[0.865s] [ 25%] [32mBuilding CXX object CMakeFiles/static_bridge.dir/src/static_bridge_shim.cpp.o[0m
[0.865s] [ 50%] [32mBuilding CXX object CMakeFiles/parameter_bridge.dir/src/parameter_bridge_shim.cpp.o[0m
[1.121s] [100%] [32m[1mLinking CXX executable static_bridge[0m
[1.121s] [100%] [32m[1mLinking CXX executable parameter_bridge[0m
[1.215s] [100%] Built target static_bridge
[1.229s] [100%] Built target parameter_bridge
[1.243s] Invoked command in '/home/jacobrod/worms_ws/build/ros_ign_bridge' returned '0': CMAKE_PREFIX_PATH=/home/jacobrod/worms_ws/install/ros_gz_bridge:/home/jacobrod/worms_ws/install/ros_gz_interfaces:/home/jacobrod/worms_ws/install/worms_gazebo:/home/jacobrod/worms_ws/install/worms_description:/home/jacobrod/worms_ws/install/ros_ign:/home/jacobrod/worms_ws/install/ros_ign_gazebo_demos:/home/jacobrod/worms_ws/install/ros_gz:/home/jacobrod/worms_ws/install/ros_gz_sim_demos:/home/jacobrod/worms_ws/install/sdformat_urdf:/home/jacobrod/worms_ws/install/sdformat_test_files:/home/jacobrod/worms_ws/install/ros_ign_interfaces:/home/jacobrod/worms_ws/install/ros_ign_image:/home/jacobrod/worms_ws/install/ros_ign_gazebo:/home/jacobrod/worms_ws/install/ros_ign_bridge:/home/jacobrod/worms_ws/install/ros_gz_sim:/home/jacobrod/worms_ws/install/ros_gz_image:/home/jacobrod/worms_ws/install/ros_gz_example_bringup:/home/jacobrod/worms_ws/install/ros_gz_example_gazebo:/home/jacobrod/worms_ws/install/ros_gz_example_description:/home/jacobrod/worms_ws/install/ros_gz_example_application:/home/jacobrod/worms_ws/install/core_bringup:/home/jacobrod/worms_ws/install/worms_mech:/opt/ros/humble LD_LIBRARY_PATH=/home/jacobrod/worms_ws/install/ros_gz_bridge/lib:/home/jacobrod/worms_ws/install/ros_gz_interfaces/lib:/home/jacobrod/worms_ws/install/sdformat_urdf/lib:/home/jacobrod/worms_ws/install/ros_ign_interfaces/lib:/home/jacobrod/worms_ws/install/ros_gz_sim/lib:/opt/ros/humble/opt/rviz_ogre_vendor/lib:/opt/ros/humble/lib/x86_64-linux-gnu:/opt/ros/humble/lib /usr/bin/cmake --build /home/jacobrod/worms_ws/build/ros_ign_bridge -- -j8 -l8
[1.278s] Invoking command in '/home/jacobrod/worms_ws/build/ros_ign_bridge': CMAKE_PREFIX_PATH=/home/jacobrod/worms_ws/install/ros_gz_bridge:/home/jacobrod/worms_ws/install/ros_gz_interfaces:/home/jacobrod/worms_ws/install/worms_gazebo:/home/jacobrod/worms_ws/install/worms_description:/home/jacobrod/worms_ws/install/ros_ign:/home/jacobrod/worms_ws/install/ros_ign_gazebo_demos:/home/jacobrod/worms_ws/install/ros_gz:/home/jacobrod/worms_ws/install/ros_gz_sim_demos:/home/jacobrod/worms_ws/install/sdformat_urdf:/home/jacobrod/worms_ws/install/sdformat_test_files:/home/jacobrod/worms_ws/install/ros_ign_interfaces:/home/jacobrod/worms_ws/install/ros_ign_image:/home/jacobrod/worms_ws/install/ros_ign_gazebo:/home/jacobrod/worms_ws/install/ros_ign_bridge:/home/jacobrod/worms_ws/install/ros_gz_sim:/home/jacobrod/worms_ws/install/ros_gz_image:/home/jacobrod/worms_ws/install/ros_gz_example_bringup:/home/jacobrod/worms_ws/install/ros_gz_example_gazebo:/home/jacobrod/worms_ws/install/ros_gz_example_description:/home/jacobrod/worms_ws/install/ros_gz_example_application:/home/jacobrod/worms_ws/install/core_bringup:/home/jacobrod/worms_ws/install/worms_mech:/opt/ros/humble LD_LIBRARY_PATH=/home/jacobrod/worms_ws/install/ros_gz_bridge/lib:/home/jacobrod/worms_ws/install/ros_gz_interfaces/lib:/home/jacobrod/worms_ws/install/sdformat_urdf/lib:/home/jacobrod/worms_ws/install/ros_ign_interfaces/lib:/home/jacobrod/worms_ws/install/ros_gz_sim/lib:/opt/ros/humble/opt/rviz_ogre_vendor/lib:/opt/ros/humble/lib/x86_64-linux-gnu:/opt/ros/humble/lib /usr/bin/cmake --install /home/jacobrod/worms_ws/build/ros_ign_bridge
[1.288s] -- Install configuration: ""
[1.288s] -- Installing: /home/jacobrod/worms_ws/install/ros_ign_bridge/lib/ros_ign_bridge/parameter_bridge
[1.288s] -- Set runtime path of "/home/jacobrod/worms_ws/install/ros_ign_bridge/lib/ros_ign_bridge/parameter_bridge" to ""
[1.288s] -- Installing: /home/jacobrod/worms_ws/install/ros_ign_bridge/lib/ros_ign_bridge/static_bridge
[1.289s] -- Set runtime path of "/home/jacobrod/worms_ws/install/ros_ign_bridge/lib/ros_ign_bridge/static_bridge" to ""
[1.289s] -- Installing: /home/jacobrod/worms_ws/install/ros_ign_bridge/share/ament_index/resource_index/package_run_dependencies/ros_ign_bridge
[1.289s] -- Installing: /home/jacobrod/worms_ws/install/ros_ign_bridge/share/ament_index/resource_index/parent_prefix_path/ros_ign_bridge
[1.289s] -- Installing: /home/jacobrod/worms_ws/install/ros_ign_bridge/share/ros_ign_bridge/environment/ament_prefix_path.sh
[1.290s] -- Installing: /home/jacobrod/worms_ws/install/ros_ign_bridge/share/ros_ign_bridge/environment/ament_prefix_path.dsv
[1.290s] -- Installing: /home/jacobrod/worms_ws/install/ros_ign_bridge/share/ros_ign_bridge/environment/path.sh
[1.290s] -- Installing: /home/jacobrod/worms_ws/install/ros_ign_bridge/share/ros_ign_bridge/environment/path.dsv
[1.290s] -- Installing: /home/jacobrod/worms_ws/install/ros_ign_bridge/share/ros_ign_bridge/local_setup.bash
[1.290s] -- Installing: /home/jacobrod/worms_ws/install/ros_ign_bridge/share/ros_ign_bridge/local_setup.sh
[1.290s] -- Installing: /home/jacobrod/worms_ws/install/ros_ign_bridge/share/ros_ign_bridge/local_setup.zsh
[1.290s] -- Installing: /home/jacobrod/worms_ws/install/ros_ign_bridge/share/ros_ign_bridge/local_setup.dsv
[1.290s] -- Installing: /home/jacobrod/worms_ws/install/ros_ign_bridge/share/ros_ign_bridge/package.dsv
[1.291s] -- Installing: /home/jacobrod/worms_ws/install/ros_ign_bridge/share/ament_index/resource_index/packages/ros_ign_bridge
[1.291s] -- Installing: /home/jacobrod/worms_ws/install/ros_ign_bridge/share/ros_ign_bridge/cmake/ament_cmake_export_dependencies-extras.cmake
[1.291s] -- Installing: /home/jacobrod/worms_ws/install/ros_ign_bridge/share/ros_ign_bridge/cmake/ros_ign_bridgeConfig.cmake
[1.291s] -- Installing: /home/jacobrod/worms_ws/install/ros_ign_bridge/share/ros_ign_bridge/cmake/ros_ign_bridgeConfig-version.cmake
[1.291s] -- Installing: /home/jacobrod/worms_ws/install/ros_ign_bridge/share/ros_ign_bridge/package.xml
[1.293s] Invoked command in '/home/jacobrod/worms_ws/build/ros_ign_bridge' returned '0': CMAKE_PREFIX_PATH=/home/jacobrod/worms_ws/install/ros_gz_bridge:/home/jacobrod/worms_ws/install/ros_gz_interfaces:/home/jacobrod/worms_ws/install/worms_gazebo:/home/jacobrod/worms_ws/install/worms_description:/home/jacobrod/worms_ws/install/ros_ign:/home/jacobrod/worms_ws/install/ros_ign_gazebo_demos:/home/jacobrod/worms_ws/install/ros_gz:/home/jacobrod/worms_ws/install/ros_gz_sim_demos:/home/jacobrod/worms_ws/install/sdformat_urdf:/home/jacobrod/worms_ws/install/sdformat_test_files:/home/jacobrod/worms_ws/install/ros_ign_interfaces:/home/jacobrod/worms_ws/install/ros_ign_image:/home/jacobrod/worms_ws/install/ros_ign_gazebo:/home/jacobrod/worms_ws/install/ros_ign_bridge:/home/jacobrod/worms_ws/install/ros_gz_sim:/home/jacobrod/worms_ws/install/ros_gz_image:/home/jacobrod/worms_ws/install/ros_gz_example_bringup:/home/jacobrod/worms_ws/install/ros_gz_example_gazebo:/home/jacobrod/worms_ws/install/ros_gz_example_description:/home/jacobrod/worms_ws/install/ros_gz_example_application:/home/jacobrod/worms_ws/install/core_bringup:/home/jacobrod/worms_ws/install/worms_mech:/opt/ros/humble LD_LIBRARY_PATH=/home/jacobrod/worms_ws/install/ros_gz_bridge/lib:/home/jacobrod/worms_ws/install/ros_gz_interfaces/lib:/home/jacobrod/worms_ws/install/sdformat_urdf/lib:/home/jacobrod/worms_ws/install/ros_ign_interfaces/lib:/home/jacobrod/worms_ws/install/ros_gz_sim/lib:/opt/ros/humble/opt/rviz_ogre_vendor/lib:/opt/ros/humble/lib/x86_64-linux-gnu:/opt/ros/humble/lib /usr/bin/cmake --install /home/jacobrod/worms_ws/build/ros_ign_bridge
