running egg_info
creating ../build/worms_mech/worms_mech.egg-info
writing ../build/worms_mech/worms_mech.egg-info/PKG-INFO
writing dependency_links to ../build/worms_mech/worms_mech.egg-info/dependency_links.txt
writing entry points to ../build/worms_mech/worms_mech.egg-info/entry_points.txt
writing requirements to ../build/worms_mech/worms_mech.egg-info/requires.txt
writing top-level names to ../build/worms_mech/worms_mech.egg-info/top_level.txt
writing manifest file '../build/worms_mech/worms_mech.egg-info/SOURCES.txt'
reading manifest file '../build/worms_mech/worms_mech.egg-info/SOURCES.txt'
writing manifest file '../build/worms_mech/worms_mech.egg-info/SOURCES.txt'
running build
running build_py
creating /home/worm7/worms_mech_ws/src/build/worms_mech/build
creating /home/worm7/worms_mech_ws/src/build/worms_mech/build/lib
creating /home/worm7/worms_mech_ws/src/build/worms_mech/build/lib/worms_mech
copying worms_mech/testbed_interface.py -> /home/worm7/worms_mech_ws/src/build/worms_mech/build/lib/worms_mech
copying worms_mech/controller_node.py -> /home/worm7/worms_mech_ws/src/build/worms_mech/build/lib/worms_mech
copying worms_mech/__init__.py -> /home/worm7/worms_mech_ws/src/build/worms_mech/build/lib/worms_mech
copying worms_mech/hardware_interface.py -> /home/worm7/worms_mech_ws/src/build/worms_mech/build/lib/worms_mech
copying worms_mech/gait_parser.py -> /home/worm7/worms_mech_ws/src/build/worms_mech/build/lib/worms_mech
copying worms_mech/joint_command_publisher.py -> /home/worm7/worms_mech_ws/src/build/worms_mech/build/lib/worms_mech
copying worms_mech/joystick_control.py -> /home/worm7/worms_mech_ws/src/build/worms_mech/build/lib/worms_mech
running install
running install_lib
creating /home/worm7/worms_mech_ws/src/install/worms_mech/lib/python3.10/site-packages/worms_mech
copying /home/worm7/worms_mech_ws/src/build/worms_mech/build/lib/worms_mech/testbed_interface.py -> /home/worm7/worms_mech_ws/src/install/worms_mech/lib/python3.10/site-packages/worms_mech
copying /home/worm7/worms_mech_ws/src/build/worms_mech/build/lib/worms_mech/controller_node.py -> /home/worm7/worms_mech_ws/src/install/worms_mech/lib/python3.10/site-packages/worms_mech
copying /home/worm7/worms_mech_ws/src/build/worms_mech/build/lib/worms_mech/__init__.py -> /home/worm7/worms_mech_ws/src/install/worms_mech/lib/python3.10/site-packages/worms_mech
copying /home/worm7/worms_mech_ws/src/build/worms_mech/build/lib/worms_mech/hardware_interface.py -> /home/worm7/worms_mech_ws/src/install/worms_mech/lib/python3.10/site-packages/worms_mech
copying /home/worm7/worms_mech_ws/src/build/worms_mech/build/lib/worms_mech/gait_parser.py -> /home/worm7/worms_mech_ws/src/install/worms_mech/lib/python3.10/site-packages/worms_mech
copying /home/worm7/worms_mech_ws/src/build/worms_mech/build/lib/worms_mech/joint_command_publisher.py -> /home/worm7/worms_mech_ws/src/install/worms_mech/lib/python3.10/site-packages/worms_mech
copying /home/worm7/worms_mech_ws/src/build/worms_mech/build/lib/worms_mech/joystick_control.py -> /home/worm7/worms_mech_ws/src/install/worms_mech/lib/python3.10/site-packages/worms_mech
byte-compiling /home/worm7/worms_mech_ws/src/install/worms_mech/lib/python3.10/site-packages/worms_mech/testbed_interface.py to testbed_interface.cpython-310.pyc
byte-compiling /home/worm7/worms_mech_ws/src/install/worms_mech/lib/python3.10/site-packages/worms_mech/controller_node.py to controller_node.cpython-310.pyc
byte-compiling /home/worm7/worms_mech_ws/src/install/worms_mech/lib/python3.10/site-packages/worms_mech/__init__.py to __init__.cpython-310.pyc
byte-compiling /home/worm7/worms_mech_ws/src/install/worms_mech/lib/python3.10/site-packages/worms_mech/hardware_interface.py to hardware_interface.cpython-310.pyc
byte-compiling /home/worm7/worms_mech_ws/src/install/worms_mech/lib/python3.10/site-packages/worms_mech/gait_parser.py to gait_parser.cpython-310.pyc
byte-compiling /home/worm7/worms_mech_ws/src/install/worms_mech/lib/python3.10/site-packages/worms_mech/joint_command_publisher.py to joint_command_publisher.cpython-310.pyc
byte-compiling /home/worm7/worms_mech_ws/src/install/worms_mech/lib/python3.10/site-packages/worms_mech/joystick_control.py to joystick_control.cpython-310.pyc
running install_data
creating /home/worm7/worms_mech_ws/src/install/worms_mech/share/ament_index
creating /home/worm7/worms_mech_ws/src/install/worms_mech/share/ament_index/resource_index
creating /home/worm7/worms_mech_ws/src/install/worms_mech/share/ament_index/resource_index/packages
copying resource/worms_mech -> /home/worm7/worms_mech_ws/src/install/worms_mech/share/ament_index/resource_index/packages
copying package.xml -> /home/worm7/worms_mech_ws/src/install/worms_mech/share/worms_mech
running install_egg_info
Copying ../build/worms_mech/worms_mech.egg-info to /home/worm7/worms_mech_ws/src/install/worms_mech/lib/python3.10/site-packages/worms_mech-0.0.0-py3.10.egg-info
running install_scripts
Installing controller_node script to /home/worm7/worms_mech_ws/src/install/worms_mech/lib/worms_mech
Installing gait_parser script to /home/worm7/worms_mech_ws/src/install/worms_mech/lib/worms_mech
Installing hardware_interface script to /home/worm7/worms_mech_ws/src/install/worms_mech/lib/worms_mech
Installing joint_command_publisher script to /home/worm7/worms_mech_ws/src/install/worms_mech/lib/worms_mech
Installing joystick_control script to /home/worm7/worms_mech_ws/src/install/worms_mech/lib/worms_mech
Installing testbed_interface script to /home/worm7/worms_mech_ws/src/install/worms_mech/lib/worms_mech
writing list of installed files to '/home/worm7/worms_mech_ws/src/build/worms_mech/install.log'
