[2.825s] Invoking command in '/home/worm7/worms_mech_ws/src/worms_mech': PYTHONPATH=/home/worm7/worms_mech_ws/src/install/worms_mech/lib/python3.10/site-packages:${PYTHONPATH} /usr/bin/python3 setup.py egg_info --egg-base ../build/worms_mech build --build-base /home/worm7/worms_mech_ws/src/build/worms_mech/build install --prefix /home/worm7/worms_mech_ws/src/install/worms_mech --record /home/worm7/worms_mech_ws/src/build/worms_mech/install.log --single-version-externally-managed
[3.952s] running egg_info
[3.955s] creating ../build/worms_mech/worms_mech.egg-info
[3.956s] writing ../build/worms_mech/worms_mech.egg-info/PKG-INFO
[3.957s] writing dependency_links to ../build/worms_mech/worms_mech.egg-info/dependency_links.txt
[3.958s] writing entry points to ../build/worms_mech/worms_mech.egg-info/entry_points.txt
[3.958s] writing requirements to ../build/worms_mech/worms_mech.egg-info/requires.txt
[3.959s] writing top-level names to ../build/worms_mech/worms_mech.egg-info/top_level.txt
[3.960s] writing manifest file '../build/worms_mech/worms_mech.egg-info/SOURCES.txt'
[3.967s] reading manifest file '../build/worms_mech/worms_mech.egg-info/SOURCES.txt'
[3.970s] writing manifest file '../build/worms_mech/worms_mech.egg-info/SOURCES.txt'
[3.970s] running build
[3.971s] running build_py
[3.972s] creating /home/worm7/worms_mech_ws/src/build/worms_mech/build
[3.972s] creating /home/worm7/worms_mech_ws/src/build/worms_mech/build/lib
[3.973s] creating /home/worm7/worms_mech_ws/src/build/worms_mech/build/lib/worms_mech
[3.973s] copying worms_mech/testbed_interface.py -> /home/worm7/worms_mech_ws/src/build/worms_mech/build/lib/worms_mech
[3.973s] copying worms_mech/controller_node.py -> /home/worm7/worms_mech_ws/src/build/worms_mech/build/lib/worms_mech
[3.974s] copying worms_mech/__init__.py -> /home/worm7/worms_mech_ws/src/build/worms_mech/build/lib/worms_mech
[3.974s] copying worms_mech/hardware_interface.py -> /home/worm7/worms_mech_ws/src/build/worms_mech/build/lib/worms_mech
[3.975s] copying worms_mech/gait_parser.py -> /home/worm7/worms_mech_ws/src/build/worms_mech/build/lib/worms_mech
[3.976s] copying worms_mech/joint_command_publisher.py -> /home/worm7/worms_mech_ws/src/build/worms_mech/build/lib/worms_mech
[3.977s] copying worms_mech/joystick_control.py -> /home/worm7/worms_mech_ws/src/build/worms_mech/build/lib/worms_mech
[3.978s] running install
[3.979s] /usr/lib/python3/dist-packages/setuptools/command/install.py:34: SetuptoolsDeprecationWarning: setup.py install is deprecated. Use build and pip and other standards-based tools.
[3.979s]   warnings.warn(
[3.980s] running install_lib
[3.983s] creating /home/worm7/worms_mech_ws/src/install/worms_mech/lib/python3.10/site-packages/worms_mech
[3.984s] copying /home/worm7/worms_mech_ws/src/build/worms_mech/build/lib/worms_mech/testbed_interface.py -> /home/worm7/worms_mech_ws/src/install/worms_mech/lib/python3.10/site-packages/worms_mech
[3.984s] copying /home/worm7/worms_mech_ws/src/build/worms_mech/build/lib/worms_mech/controller_node.py -> /home/worm7/worms_mech_ws/src/install/worms_mech/lib/python3.10/site-packages/worms_mech
[3.985s] copying /home/worm7/worms_mech_ws/src/build/worms_mech/build/lib/worms_mech/__init__.py -> /home/worm7/worms_mech_ws/src/install/worms_mech/lib/python3.10/site-packages/worms_mech
[3.986s] copying /home/worm7/worms_mech_ws/src/build/worms_mech/build/lib/worms_mech/hardware_interface.py -> /home/worm7/worms_mech_ws/src/install/worms_mech/lib/python3.10/site-packages/worms_mech
[3.986s] copying /home/worm7/worms_mech_ws/src/build/worms_mech/build/lib/worms_mech/gait_parser.py -> /home/worm7/worms_mech_ws/src/install/worms_mech/lib/python3.10/site-packages/worms_mech
[3.987s] copying /home/worm7/worms_mech_ws/src/build/worms_mech/build/lib/worms_mech/joint_command_publisher.py -> /home/worm7/worms_mech_ws/src/install/worms_mech/lib/python3.10/site-packages/worms_mech
[3.988s] copying /home/worm7/worms_mech_ws/src/build/worms_mech/build/lib/worms_mech/joystick_control.py -> /home/worm7/worms_mech_ws/src/install/worms_mech/lib/python3.10/site-packages/worms_mech
[3.991s] byte-compiling /home/worm7/worms_mech_ws/src/install/worms_mech/lib/python3.10/site-packages/worms_mech/testbed_interface.py to testbed_interface.cpython-310.pyc
[3.994s] byte-compiling /home/worm7/worms_mech_ws/src/install/worms_mech/lib/python3.10/site-packages/worms_mech/controller_node.py to controller_node.cpython-310.pyc
[3.996s] byte-compiling /home/worm7/worms_mech_ws/src/install/worms_mech/lib/python3.10/site-packages/worms_mech/__init__.py to __init__.cpython-310.pyc
[3.997s] byte-compiling /home/worm7/worms_mech_ws/src/install/worms_mech/lib/python3.10/site-packages/worms_mech/hardware_interface.py to hardware_interface.cpython-310.pyc
[4.000s] byte-compiling /home/worm7/worms_mech_ws/src/install/worms_mech/lib/python3.10/site-packages/worms_mech/gait_parser.py to gait_parser.cpython-310.pyc
[4.004s] byte-compiling /home/worm7/worms_mech_ws/src/install/worms_mech/lib/python3.10/site-packages/worms_mech/joint_command_publisher.py to joint_command_publisher.cpython-310.pyc
[4.006s] byte-compiling /home/worm7/worms_mech_ws/src/install/worms_mech/lib/python3.10/site-packages/worms_mech/joystick_control.py to joystick_control.cpython-310.pyc
[4.010s] running install_data
[4.013s] creating /home/worm7/worms_mech_ws/src/install/worms_mech/share/ament_index
[4.013s] creating /home/worm7/worms_mech_ws/src/install/worms_mech/share/ament_index/resource_index
[4.013s] creating /home/worm7/worms_mech_ws/src/install/worms_mech/share/ament_index/resource_index/packages
[4.014s] copying resource/worms_mech -> /home/worm7/worms_mech_ws/src/install/worms_mech/share/ament_index/resource_index/packages
[4.014s] copying package.xml -> /home/worm7/worms_mech_ws/src/install/worms_mech/share/worms_mech
[4.015s] running install_egg_info
[4.021s] Copying ../build/worms_mech/worms_mech.egg-info to /home/worm7/worms_mech_ws/src/install/worms_mech/lib/python3.10/site-packages/worms_mech-0.0.0-py3.10.egg-info
[4.027s] running install_scripts
[4.110s] Installing controller_node script to /home/worm7/worms_mech_ws/src/install/worms_mech/lib/worms_mech
[4.111s] Installing gait_parser script to /home/worm7/worms_mech_ws/src/install/worms_mech/lib/worms_mech
[4.111s] Installing hardware_interface script to /home/worm7/worms_mech_ws/src/install/worms_mech/lib/worms_mech
[4.112s] Installing joint_command_publisher script to /home/worm7/worms_mech_ws/src/install/worms_mech/lib/worms_mech
[4.112s] Installing joystick_control script to /home/worm7/worms_mech_ws/src/install/worms_mech/lib/worms_mech
[4.113s] Installing testbed_interface script to /home/worm7/worms_mech_ws/src/install/worms_mech/lib/worms_mech
[4.115s] writing list of installed files to '/home/worm7/worms_mech_ws/src/build/worms_mech/install.log'
[4.237s] Invoked command in '/home/worm7/worms_mech_ws/src/worms_mech' returned '0': PYTHONPATH=/home/worm7/worms_mech_ws/src/install/worms_mech/lib/python3.10/site-packages:${PYTHONPATH} /usr/bin/python3 setup.py egg_info --egg-base ../build/worms_mech build --build-base /home/worm7/worms_mech_ws/src/build/worms_mech/build install --prefix /home/worm7/worms_mech_ws/src/install/worms_mech --record /home/worm7/worms_mech_ws/src/build/worms_mech/install.log --single-version-externally-managed
