[0.212s] Invoking command in '/home/jacobrod/worms_ws/build/worms_description': CMAKE_PREFIX_PATH=${CMAKE_PREFIX_PATH}:/home/jacobrod/worms_ws/install/worms_mech:/opt/ros/humble /usr/bin/cmake --build /home/jacobrod/worms_ws/build/worms_description -- -j8 -l8
[0.715s] Invoked command in '/home/jacobrod/worms_ws/build/worms_description' returned '0': CMAKE_PREFIX_PATH=${CMAKE_PREFIX_PATH}:/home/jacobrod/worms_ws/install/worms_mech:/opt/ros/humble /usr/bin/cmake --build /home/jacobrod/worms_ws/build/worms_description -- -j8 -l8
[0.807s] Invoking command in '/home/jacobrod/worms_ws/build/worms_description': CMAKE_PREFIX_PATH=${CMAKE_PREFIX_PATH}:/home/jacobrod/worms_ws/install/worms_mech:/opt/ros/humble /usr/bin/cmake --install /home/jacobrod/worms_ws/build/worms_description
[0.851s] -- Install configuration: ""
[0.851s] -- Up-to-date: /home/jacobrod/worms_ws/install/worms_description/share/worms_description/models
[0.851s] -- Up-to-date: /home/jacobrod/worms_ws/install/worms_description/share/worms_description/models/elm4-chassis
[0.852s] -- Up-to-date: /home/jacobrod/worms_ws/install/worms_description/share/worms_description/models/elm4-chassis/thumbnails
[0.852s] -- Up-to-date: /home/jacobrod/worms_ws/install/worms_description/share/worms_description/models/elm4-chassis/thumbnails/3.png
[0.852s] -- Up-to-date: /home/jacobrod/worms_ws/install/worms_description/share/worms_description/models/elm4-chassis/thumbnails/2.png
[0.853s] -- Up-to-date: /home/jacobrod/worms_ws/install/worms_description/share/worms_description/models/elm4-chassis/thumbnails/4.png
[0.853s] -- Up-to-date: /home/jacobrod/worms_ws/install/worms_description/share/worms_description/models/elm4-chassis/thumbnails/5.png
[0.853s] -- Up-to-date: /home/jacobrod/worms_ws/install/worms_description/share/worms_description/models/elm4-chassis/thumbnails/1.png
[0.854s] -- Up-to-date: /home/jacobrod/worms_ws/install/worms_description/share/worms_description/models/elm4-chassis/model.config
[0.854s] -- Up-to-date: /home/jacobrod/worms_ws/install/worms_description/share/worms_description/models/elm4-chassis/model.sdf
[0.855s] -- Up-to-date: /home/jacobrod/worms_ws/install/worms_description/share/worms_description/models/elm4-chassis/meshes
[0.855s] -- Up-to-date: /home/jacobrod/worms_ws/install/worms_description/share/worms_description/models/elm4-chassis/meshes/HubMotor.dae
[0.855s] -- Up-to-date: /home/jacobrod/worms_ws/install/worms_description/share/worms_description/models/elm4-chassis/meshes/ArmRightPlastic.dae
[0.856s] -- Up-to-date: /home/jacobrod/worms_ws/install/worms_description/share/worms_description/models/elm4-chassis/meshes/RubberWheel.dae
[0.856s] -- Up-to-date: /home/jacobrod/worms_ws/install/worms_description/share/worms_description/models/elm4-chassis/meshes/ArmRightMetal.dae
[0.856s] -- Up-to-date: /home/jacobrod/worms_ws/install/worms_description/share/worms_description/models/elm4-chassis/meshes/BaseRubber.dae
[0.857s] -- Up-to-date: /home/jacobrod/worms_ws/install/worms_description/share/worms_description/models/elm4-chassis/meshes/BaseClear.dae
[0.858s] -- Up-to-date: /home/jacobrod/worms_ws/install/worms_description/share/worms_description/models/elm4-chassis/meshes/ArmLeftMetal.dae
[0.858s] -- Up-to-date: /home/jacobrod/worms_ws/install/worms_description/share/worms_description/models/elm4-chassis/meshes/BasePlastic.dae
[0.861s] -- Up-to-date: /home/jacobrod/worms_ws/install/worms_description/share/worms_description/models/elm4-chassis/meshes/ArmLeftPlastic.dae
[0.861s] -- Up-to-date: /home/jacobrod/worms_ws/install/worms_description/share/worms_description/models/elm4-chassis/meshes/BaseMetal.dae
[0.861s] -- Up-to-date: /home/jacobrod/worms_ws/install/worms_description/share/worms_description/models/hound
[0.861s] -- Up-to-date: /home/jacobrod/worms_ws/install/worms_description/share/worms_description/models/hound/urdf
[0.862s] -- Up-to-date: /home/jacobrod/worms_ws/install/worms_description/share/worms_description/models/hound/urdf/hound_worms.xacro
[0.862s] -- Up-to-date: /home/jacobrod/worms_ws/install/worms_description/share/worms_description/models/hound/urdf/hound.xacro
[0.862s] -- Up-to-date: /home/jacobrod/worms_ws/install/worms_description/share/worms_description/models/hound/meshes
[0.863s] -- Up-to-date: /home/jacobrod/worms_ws/install/worms_description/share/worms_description/models/hound/meshes/hound_wheel.dae
[0.863s] -- Up-to-date: /home/jacobrod/worms_ws/install/worms_description/share/worms_description/models/hound/meshes/hound_frame.dae
[0.863s] -- Up-to-date: /home/jacobrod/worms_ws/install/worms_description/share/worms_description/models/diff_drive
[0.863s] -- Up-to-date: /home/jacobrod/worms_ws/install/worms_description/share/worms_description/models/diff_drive/model.config
[0.864s] -- Up-to-date: /home/jacobrod/worms_ws/install/worms_description/share/worms_description/models/diff_drive/model.sdf
[0.864s] -- Up-to-date: /home/jacobrod/worms_ws/install/worms_description/share/worms_description/models/mars_rover
[0.864s] -- Up-to-date: /home/jacobrod/worms_ws/install/worms_description/share/worms_description/models/mars_rover/thumbnails
[0.864s] -- Up-to-date: /home/jacobrod/worms_ws/install/worms_description/share/worms_description/models/mars_rover/thumbnails/3.png
[0.864s] -- Up-to-date: /home/jacobrod/worms_ws/install/worms_description/share/worms_description/models/mars_rover/thumbnails/2.png
[0.864s] -- Up-to-date: /home/jacobrod/worms_ws/install/worms_description/share/worms_description/models/mars_rover/thumbnails/4.png
[0.864s] -- Up-to-date: /home/jacobrod/worms_ws/install/worms_description/share/worms_description/models/mars_rover/thumbnails/5.png
[0.865s] -- Up-to-date: /home/jacobrod/worms_ws/install/worms_description/share/worms_description/models/mars_rover/thumbnails/1.png
[0.865s] -- Up-to-date: /home/jacobrod/worms_ws/install/worms_description/share/worms_description/models/mars_rover/model.config
[0.865s] -- Up-to-date: /home/jacobrod/worms_ws/install/worms_description/share/worms_description/models/mars_rover/model.sdf
[0.865s] -- Up-to-date: /home/jacobrod/worms_ws/install/worms_description/share/worms_description/models/mars_rover/materials
[0.865s] -- Up-to-date: /home/jacobrod/worms_ws/install/worms_description/share/worms_description/models/mars_rover/materials/textures
[0.865s] -- Up-to-date: /home/jacobrod/worms_ws/install/worms_description/share/worms_description/models/mars_rover/materials/textures/rover.png
[0.865s] -- Up-to-date: /home/jacobrod/worms_ws/install/worms_description/share/worms_description/models/mars_rover/meshes
[0.866s] -- Up-to-date: /home/jacobrod/worms_ws/install/worms_description/share/worms_description/models/mars_rover/meshes/rover.dae
[0.866s] -- Up-to-date: /home/jacobrod/worms_ws/install/worms_description/share/worms_description/models/worms_1
[0.866s] -- Up-to-date: /home/jacobrod/worms_ws/install/worms_description/share/worms_description/models/worms_1/urdf
[0.867s] -- Up-to-date: /home/jacobrod/worms_ws/install/worms_description/share/worms_description/models/worms_1/urdf/Link1.STL
[0.867s] -- Up-to-date: /home/jacobrod/worms_ws/install/worms_description/share/worms_description/models/worms_1/urdf/worms_1.xacro
[0.867s] -- Up-to-date: /home/jacobrod/worms_ws/install/worms_description/share/worms_description/models/worms_1/urdf/worms_1.csv
[0.868s] -- Up-to-date: /home/jacobrod/worms_ws/install/worms_description/share/worms_description/models/worms_1/urdf/base_link.STL
[0.868s] -- Up-to-date: /home/jacobrod/worms_ws/install/worms_description/share/worms_description/models/worms_1/urdf/Link3.STL
[0.868s] -- Up-to-date: /home/jacobrod/worms_ws/install/worms_description/share/worms_description/models/worms_1/urdf/Link2.STL
[0.869s] -- Up-to-date: /home/jacobrod/worms_ws/install/worms_description/share/worms_description/models/worms_1/config
[0.869s] -- Up-to-date: /home/jacobrod/worms_ws/install/worms_description/share/worms_description/models/worms_1/config/worms_1.yaml
[0.869s] -- Up-to-date: /home/jacobrod/worms_ws/install/worms_description/share/worms_description/models/rrbot
[0.869s] -- Up-to-date: /home/jacobrod/worms_ws/install/worms_description/share/worms_description/models/rrbot/rrbot.xml
[0.870s] -- Up-to-date: /home/jacobrod/worms_ws/install/worms_description/share/worms_description/models/rrbot/rrbot.xacro
[0.870s] -- Up-to-date: /home/jacobrod/worms_ws/install/worms_description/share/worms_description/models/rrbot/materials.xacro
[0.870s] -- Up-to-date: /home/jacobrod/worms_ws/install/worms_description/share/worms_description/models/rrbot/rrbot.gazebo
[0.870s] -- Up-to-date: /home/jacobrod/worms_ws/install/worms_description/share/worms_description/environment/worms_description.dsv
[0.870s] -- Up-to-date: /home/jacobrod/worms_ws/install/worms_description/share/worms_description/environment/worms_description.sh
[0.871s] -- Up-to-date: /home/jacobrod/worms_ws/install/worms_description/share/ament_index/resource_index/package_run_dependencies/worms_description
[0.871s] -- Up-to-date: /home/jacobrod/worms_ws/install/worms_description/share/ament_index/resource_index/parent_prefix_path/worms_description
[0.871s] -- Up-to-date: /home/jacobrod/worms_ws/install/worms_description/share/worms_description/environment/ament_prefix_path.sh
[0.871s] -- Up-to-date: /home/jacobrod/worms_ws/install/worms_description/share/worms_description/environment/ament_prefix_path.dsv
[0.871s] -- Up-to-date: /home/jacobrod/worms_ws/install/worms_description/share/worms_description/environment/path.sh
[0.872s] -- Up-to-date: /home/jacobrod/worms_ws/install/worms_description/share/worms_description/environment/path.dsv
[0.872s] -- Up-to-date: /home/jacobrod/worms_ws/install/worms_description/share/worms_description/local_setup.bash
[0.872s] -- Up-to-date: /home/jacobrod/worms_ws/install/worms_description/share/worms_description/local_setup.sh
[0.872s] -- Up-to-date: /home/jacobrod/worms_ws/install/worms_description/share/worms_description/local_setup.zsh
[0.872s] -- Up-to-date: /home/jacobrod/worms_ws/install/worms_description/share/worms_description/local_setup.dsv
[0.872s] -- Installing: /home/jacobrod/worms_ws/install/worms_description/share/worms_description/package.dsv
[0.872s] -- Up-to-date: /home/jacobrod/worms_ws/install/worms_description/share/ament_index/resource_index/packages/worms_description
[0.872s] -- Up-to-date: /home/jacobrod/worms_ws/install/worms_description/share/worms_description/cmake/worms_descriptionConfig.cmake
[0.873s] -- Up-to-date: /home/jacobrod/worms_ws/install/worms_description/share/worms_description/cmake/worms_descriptionConfig-version.cmake
[0.873s] -- Up-to-date: /home/jacobrod/worms_ws/install/worms_description/share/worms_description/package.xml
[1.172s] Invoked command in '/home/jacobrod/worms_ws/build/worms_description' returned '0': CMAKE_PREFIX_PATH=${CMAKE_PREFIX_PATH}:/home/jacobrod/worms_ws/install/worms_mech:/opt/ros/humble /usr/bin/cmake --install /home/jacobrod/worms_ws/build/worms_description
