-- Found ament_cmake: 1.3.6 (/opt/ros/humble/share/ament_cmake/cmake)
-- Found image_transport: 3.1.7 (/opt/ros/humble/share/image_transport/cmake)
-- Found rosidl_generator_c: 3.1.5 (/opt/ros/humble/share/rosidl_generator_c/cmake)
-- Found rosidl_adapter: 3.1.5 (/opt/ros/humble/share/rosidl_adapter/cmake)
-- Found rosidl_generator_cpp: 3.1.5 (/opt/ros/humble/share/rosidl_generator_cpp/cmake)
-- Using all available rosidl_typesupport_c: rosidl_typesupport_fastrtps_c;rosidl_typesupport_introspection_c
-- Using all available rosidl_typesupport_cpp: rosidl_typesupport_fastrtps_cpp;rosidl_typesupport_introspection_cpp
-- Found rmw_implementation_cmake: 6.1.1 (/opt/ros/humble/share/rmw_implementation_cmake/cmake)
-- Found rmw_fastrtps_cpp: 6.2.5 (/opt/ros/humble/share/rmw_fastrtps_cpp/cmake)
-- Using RMW implementation 'rmw_fastrtps_cpp' as default
-- Found ros_gz_bridge: 0.244.11 (/home/jacobrod/worms_ws/install/ros_gz_bridge/share/ros_gz_bridge/cmake)
-- Looking for gz-transport12 -- found version 12.2.1
-- Searching for dependencies of gz-transport12
-- Config-file not installed for ZeroMQ -- checking for pkg-config
-- Checking for module 'libzmq >= 4'
--   Found libzmq , version 4.3.4
-- Checking for module 'uuid'
--   Found uuid, version 2.37.2
-- Looking for gz-utils2 -- found version 2.2.0
-- Searching for dependencies of gz-utils2
-- Searching for <gz-utils2> component [cli]
-- Looking for gz-utils2-cli -- found version 2.2.0
-- Searching for dependencies of gz-utils2-cli
-- Looking for gz-msgs9 -- found version 9.5.0
-- Searching for dependencies of gz-msgs9
-- Looking for gz-math7 -- found version 7.3.0
-- Searching for dependencies of gz-math7
-- Looking for gz-utils2 -- found version 2.2.0
-- Looking for gz-msgs9 -- found version 9.5.0
-- Compiling against Gazebo Garden
-- Found ament_lint_auto: 0.12.9 (/opt/ros/humble/share/ament_lint_auto/cmake)
-- Added test 'copyright' to check source files copyright and LICENSE
-- Added test 'cppcheck' to perform static code analysis on C / C++ code
-- Configured cppcheck include dirs: /home/jacobrod/worms_ws/src/ros_gz/ros_gz_image/include
-- Configured cppcheck exclude dirs and/or files: 
-- Added test 'cpplint' to check C / C++ code against the Google style
-- Configured cpplint exclude dirs and/or files: 
-- Added test 'lint_cmake' to check CMake code style
-- Added test 'uncrustify' to check C / C++ code style
-- Configured uncrustify additional arguments: 
-- Added test 'xmllint' to check XML markup files
-- Configuring done
-- Generating done
-- Build files have been written to: /home/jacobrod/worms_ws/build/ros_gz_image
[35m[1mConsolidate compiler generated dependencies of target image_bridge[0m
[100%] Built target image_bridge
-- Install configuration: ""
-- Up-to-date: /home/jacobrod/worms_ws/install/ros_gz_image/lib/ros_gz_image/image_bridge
-- Up-to-date: /home/jacobrod/worms_ws/install/ros_gz_image/share/ament_index/resource_index/package_run_dependencies/ros_gz_image
-- Installing: /home/jacobrod/worms_ws/install/ros_gz_image/share/ament_index/resource_index/parent_prefix_path/ros_gz_image
-- Up-to-date: /home/jacobrod/worms_ws/install/ros_gz_image/share/ros_gz_image/environment/ament_prefix_path.sh
-- Installing: /home/jacobrod/worms_ws/install/ros_gz_image/share/ros_gz_image/environment/ament_prefix_path.dsv
-- Up-to-date: /home/jacobrod/worms_ws/install/ros_gz_image/share/ros_gz_image/environment/path.sh
-- Installing: /home/jacobrod/worms_ws/install/ros_gz_image/share/ros_gz_image/environment/path.dsv
-- Up-to-date: /home/jacobrod/worms_ws/install/ros_gz_image/share/ros_gz_image/local_setup.bash
-- Up-to-date: /home/jacobrod/worms_ws/install/ros_gz_image/share/ros_gz_image/local_setup.sh
-- Up-to-date: /home/jacobrod/worms_ws/install/ros_gz_image/share/ros_gz_image/local_setup.zsh
-- Installing: /home/jacobrod/worms_ws/install/ros_gz_image/share/ros_gz_image/local_setup.dsv
-- Installing: /home/jacobrod/worms_ws/install/ros_gz_image/share/ros_gz_image/package.dsv
-- Up-to-date: /home/jacobrod/worms_ws/install/ros_gz_image/share/ament_index/resource_index/packages/ros_gz_image
-- Up-to-date: /home/jacobrod/worms_ws/install/ros_gz_image/share/ros_gz_image/cmake/ros_gz_imageConfig.cmake
-- Up-to-date: /home/jacobrod/worms_ws/install/ros_gz_image/share/ros_gz_image/cmake/ros_gz_imageConfig-version.cmake
-- Up-to-date: /home/jacobrod/worms_ws/install/ros_gz_image/share/ros_gz_image/package.xml
