[0.723s] Invoking command in '/home/jacobrod/worms_mech_ws/src/worms_mech': PYTHONPATH=/home/jacobrod/worms_mech_ws/build/worms_mech/prefix_override:/home/jacobrod/worms_mech_ws/install/worms_mech/lib/python3.10/site-packages:${PYTHONPATH} /usr/bin/python3 setup.py egg_info --egg-base ../../build/worms_mech build --build-base /home/jacobrod/worms_mech_ws/build/worms_mech/build install --record /home/jacobrod/worms_mech_ws/build/worms_mech/install.log --single-version-externally-managed
[0.956s] running egg_info
[0.957s] creating ../../build/worms_mech/worms_mech.egg-info
[0.957s] writing ../../build/worms_mech/worms_mech.egg-info/PKG-INFO
[0.957s] writing dependency_links to ../../build/worms_mech/worms_mech.egg-info/dependency_links.txt
[0.958s] writing entry points to ../../build/worms_mech/worms_mech.egg-info/entry_points.txt
[0.958s] writing requirements to ../../build/worms_mech/worms_mech.egg-info/requires.txt
[0.958s] writing top-level names to ../../build/worms_mech/worms_mech.egg-info/top_level.txt
[0.958s] writing manifest file '../../build/worms_mech/worms_mech.egg-info/SOURCES.txt'
[0.960s] reading manifest file '../../build/worms_mech/worms_mech.egg-info/SOURCES.txt'
[0.960s] writing manifest file '../../build/worms_mech/worms_mech.egg-info/SOURCES.txt'
[0.960s] running build
[0.961s] running build_py
[0.961s] creating /home/jacobrod/worms_mech_ws/build/worms_mech/build
[0.961s] creating /home/jacobrod/worms_mech_ws/build/worms_mech/build/lib
[0.961s] creating /home/jacobrod/worms_mech_ws/build/worms_mech/build/lib/worms_mech
[0.961s] copying worms_mech/hardware_interface.py -> /home/jacobrod/worms_mech_ws/build/worms_mech/build/lib/worms_mech
[0.961s] copying worms_mech/joint_command_publisher.py -> /home/jacobrod/worms_mech_ws/build/worms_mech/build/lib/worms_mech
[0.961s] copying worms_mech/__init__.py -> /home/jacobrod/worms_mech_ws/build/worms_mech/build/lib/worms_mech
[0.962s] copying worms_mech/joystick_control.py -> /home/jacobrod/worms_mech_ws/build/worms_mech/build/lib/worms_mech
[0.962s] running install
[0.962s] /usr/lib/python3/dist-packages/setuptools/command/install.py:34: SetuptoolsDeprecationWarning: setup.py install is deprecated. Use build and pip and other standards-based tools.
[0.962s]   warnings.warn(
[0.962s] running install_lib
[0.963s] creating /home/jacobrod/worms_mech_ws/install/worms_mech/lib/python3.10/site-packages/worms_mech
[0.963s] copying /home/jacobrod/worms_mech_ws/build/worms_mech/build/lib/worms_mech/hardware_interface.py -> /home/jacobrod/worms_mech_ws/install/worms_mech/lib/python3.10/site-packages/worms_mech
[0.963s] copying /home/jacobrod/worms_mech_ws/build/worms_mech/build/lib/worms_mech/joint_command_publisher.py -> /home/jacobrod/worms_mech_ws/install/worms_mech/lib/python3.10/site-packages/worms_mech
[0.964s] copying /home/jacobrod/worms_mech_ws/build/worms_mech/build/lib/worms_mech/__init__.py -> /home/jacobrod/worms_mech_ws/install/worms_mech/lib/python3.10/site-packages/worms_mech
[0.964s] copying /home/jacobrod/worms_mech_ws/build/worms_mech/build/lib/worms_mech/joystick_control.py -> /home/jacobrod/worms_mech_ws/install/worms_mech/lib/python3.10/site-packages/worms_mech
[0.964s] byte-compiling /home/jacobrod/worms_mech_ws/install/worms_mech/lib/python3.10/site-packages/worms_mech/hardware_interface.py to hardware_interface.cpython-310.pyc
[0.965s] byte-compiling /home/jacobrod/worms_mech_ws/install/worms_mech/lib/python3.10/site-packages/worms_mech/joint_command_publisher.py to joint_command_publisher.cpython-310.pyc
[0.965s] byte-compiling /home/jacobrod/worms_mech_ws/install/worms_mech/lib/python3.10/site-packages/worms_mech/__init__.py to __init__.cpython-310.pyc
[0.965s] byte-compiling /home/jacobrod/worms_mech_ws/install/worms_mech/lib/python3.10/site-packages/worms_mech/joystick_control.py to joystick_control.cpython-310.pyc
[0.966s] running install_data
[0.967s] creating /home/jacobrod/worms_mech_ws/install/worms_mech/share/ament_index
[0.967s] creating /home/jacobrod/worms_mech_ws/install/worms_mech/share/ament_index/resource_index
[0.967s] creating /home/jacobrod/worms_mech_ws/install/worms_mech/share/ament_index/resource_index/packages
[0.967s] copying resource/worms_mech -> /home/jacobrod/worms_mech_ws/install/worms_mech/share/ament_index/resource_index/packages
[0.967s] copying package.xml -> /home/jacobrod/worms_mech_ws/install/worms_mech/share/worms_mech
[0.967s] running install_egg_info
[0.969s] Copying ../../build/worms_mech/worms_mech.egg-info to /home/jacobrod/worms_mech_ws/install/worms_mech/lib/python3.10/site-packages/worms_mech-0.0.0-py3.10.egg-info
[0.969s] running install_scripts
[0.988s] Installing hardware_interface script to /home/jacobrod/worms_mech_ws/install/worms_mech/lib/worms_mech
[0.989s] Installing joint_command_publisher script to /home/jacobrod/worms_mech_ws/install/worms_mech/lib/worms_mech
[0.989s] Installing joystick_control script to /home/jacobrod/worms_mech_ws/install/worms_mech/lib/worms_mech
[0.989s] writing list of installed files to '/home/jacobrod/worms_mech_ws/build/worms_mech/install.log'
[1.010s] Invoked command in '/home/jacobrod/worms_mech_ws/src/worms_mech' returned '0': PYTHONPATH=/home/jacobrod/worms_mech_ws/build/worms_mech/prefix_override:/home/jacobrod/worms_mech_ws/install/worms_mech/lib/python3.10/site-packages:${PYTHONPATH} /usr/bin/python3 setup.py egg_info --egg-base ../../build/worms_mech build --build-base /home/jacobrod/worms_mech_ws/build/worms_mech/build install --record /home/jacobrod/worms_mech_ws/build/worms_mech/install.log --single-version-externally-managed
