[0.405s] Invoking command in '/home/jacobrod/worms_ws/build/ros_gz_sim': CMAKE_PREFIX_PATH=/opt/ros/humble /usr/bin/cmake /home/jacobrod/worms_ws/src/ros_gz/ros_gz_sim -DCMAKE_INSTALL_PREFIX=/home/jacobrod/worms_ws/install/ros_gz_sim
[0.432s] -- Found ament_cmake: 1.3.5 (/opt/ros/humble/share/ament_cmake/cmake)
[0.669s] -- Found rclcpp: 16.0.6 (/opt/ros/humble/share/rclcpp/cmake)
[0.728s] -- Found rosidl_generator_c: 3.1.5 (/opt/ros/humble/share/rosidl_generator_c/cmake)
[0.734s] -- Found rosidl_adapter: 3.1.5 (/opt/ros/humble/share/rosidl_adapter/cmake)
[0.748s] -- Found rosidl_generator_cpp: 3.1.5 (/opt/ros/humble/share/rosidl_generator_cpp/cmake)
[0.832s] -- Using all available rosidl_typesupport_c: rosidl_typesupport_fastrtps_c;rosidl_typesupport_introspection_c
[0.833s] -- Using all available rosidl_typesupport_cpp: rosidl_typesupport_fastrtps_cpp;rosidl_typesupport_introspection_cpp
[0.914s] -- Found rmw_implementation_cmake: 6.1.1 (/opt/ros/humble/share/rmw_implementation_cmake/cmake)
[0.918s] -- Found rmw_fastrtps_cpp: 6.2.4 (/opt/ros/humble/share/rmw_fastrtps_cpp/cmake)
[1.140s] -- Using RMW implementation 'rmw_fastrtps_cpp' as default
[1.436s] -- Looking for ignition-math6 -- found version 6.15.0
[1.446s] -- Searching for dependencies of ignition-math6
[1.497s] [31mCMake Error at CMakeLists.txt:81 (find_package):
[1.497s]   By not providing "Findignition-transport11.cmake" in CMAKE_MODULE_PATH this
[1.498s]   project has asked CMake to find a package configuration file provided by
[1.498s]   "ignition-transport11", but CMake did not find one.
[1.499s] 
[1.499s]   Could not find a package configuration file provided by
[1.499s]   "ignition-transport11" with any of the following names:
[1.500s] 
[1.500s]     ignition-transport11Config.cmake
[1.501s]     ignition-transport11-config.cmake
[1.501s] 
[1.501s]   Add the installation prefix of "ignition-transport11" to CMAKE_PREFIX_PATH
[1.501s]   or set "ignition-transport11_DIR" to a directory containing one of the
[1.501s]   above files.  If "ignition-transport11" provides a separate development
[1.501s]   package or SDK, be sure it has been installed.
[1.501s] 
[1.502s] [0m
[1.502s] -- Configuring incomplete, errors occurred!
[1.502s] See also "/home/jacobrod/worms_ws/build/ros_gz_sim/CMakeFiles/CMakeOutput.log".
[2.026s] Invoked command in '/home/jacobrod/worms_ws/build/ros_gz_sim' returned '1': CMAKE_PREFIX_PATH=/opt/ros/humble /usr/bin/cmake /home/jacobrod/worms_ws/src/ros_gz/ros_gz_sim -DCMAKE_INSTALL_PREFIX=/home/jacobrod/worms_ws/install/ros_gz_sim
