[0.081s] Invoking command in '/home/jacobrod/worms_ws/build/ros_ign_gazebo': AMENT_PREFIX_PATH=/home/jacobrod/worms_ws/install/ros_gz_sim:${AMENT_PREFIX_PATH} CMAKE_PREFIX_PATH=/home/jacobrod/worms_ws/install/ros_gz_sim:/home/jacobrod/worms_ws/install/worms_gazebo:/home/jacobrod/worms_ws/install/worms_description:/home/jacobrod/worms_ws/install/ros_ign:/home/jacobrod/worms_ws/install/ros_ign_gazebo_demos:/home/jacobrod/worms_ws/install/ros_gz:/home/jacobrod/worms_ws/install/ros_gz_sim_demos:/home/jacobrod/worms_ws/install/sdformat_urdf:/home/jacobrod/worms_ws/install/sdformat_test_files:/home/jacobrod/worms_ws/install/ros_ign_interfaces:/home/jacobrod/worms_ws/install/ros_ign_image:/home/jacobrod/worms_ws/install/ros_ign_gazebo:/home/jacobrod/worms_ws/install/ros_ign_bridge:/home/jacobrod/worms_ws/install/ros_gz_image:/home/jacobrod/worms_ws/install/ros_gz_bridge:/home/jacobrod/worms_ws/install/ros_gz_interfaces:/home/jacobrod/worms_ws/install/ros_gz_example_bringup:/home/jacobrod/worms_ws/install/ros_gz_example_gazebo:/home/jacobrod/worms_ws/install/ros_gz_example_description:/home/jacobrod/worms_ws/install/ros_gz_example_application:/home/jacobrod/worms_ws/install/core_bringup:/home/jacobrod/worms_ws/install/worms_mech:/opt/ros/humble LD_LIBRARY_PATH=/home/jacobrod/worms_ws/install/ros_gz_sim/lib:/home/jacobrod/worms_ws/install/sdformat_urdf/lib:/home/jacobrod/worms_ws/install/ros_ign_interfaces/lib:/home/jacobrod/worms_ws/install/ros_gz_bridge/lib:/home/jacobrod/worms_ws/install/ros_gz_interfaces/lib:/opt/ros/humble/opt/rviz_ogre_vendor/lib:/opt/ros/humble/lib/x86_64-linux-gnu:/opt/ros/humble/lib /usr/bin/cmake /home/jacobrod/worms_ws/src/ros_gz/ros_ign_gazebo -DBUILD_TESTING=ON -DCMAKE_INSTALL_PREFIX=/home/jacobrod/worms_ws/install/ros_ign_gazebo
[0.146s] -- The C compiler identification is GNU 11.4.0
[0.205s] -- The CXX compiler identification is GNU 11.4.0
[0.213s] -- Detecting C compiler ABI info
[0.288s] -- Detecting C compiler ABI info - done
[0.296s] -- Check for working C compiler: /usr/bin/cc - skipped
[0.296s] -- Detecting C compile features
[0.297s] -- Detecting C compile features - done
[0.300s] -- Detecting CXX compiler ABI info
[0.384s] -- Detecting CXX compiler ABI info - done
[0.392s] -- Check for working CXX compiler: /usr/bin/c++ - skipped
[0.393s] -- Detecting CXX compile features
[0.393s] -- Detecting CXX compile features - done
[0.396s] -- Found ament_cmake: 1.3.6 (/opt/ros/humble/share/ament_cmake/cmake)
[0.584s] -- Found Python3: /usr/bin/python3.10 (found version "3.10.12") found components: Interpreter 
[0.687s] -- Found ament_index_cpp: 1.4.0 (/opt/ros/humble/share/ament_index_cpp/cmake)
[0.692s] -- Looking for gz-sim7 -- found version 7.6.0
[0.701s] -- Searching for dependencies of gz-sim7
[0.704s] -- Looking for sdformat13 -- found version 13.6.0
[0.705s] -- Searching for dependencies of sdformat13
[0.711s] -- Checking for module 'tinyxml2'
[0.727s] --   Found tinyxml2, version 9.0.0
[0.774s] -- Looking for gz-math7 -- found version 7.3.0
[0.774s] -- Searching for dependencies of gz-math7
[0.778s] -- Looking for gz-utils2 -- found version 2.2.0
[0.778s] -- Searching for dependencies of gz-utils2
[0.780s] -- Looking for gz-utils2 -- found version 2.2.0
[0.781s] -- Searching for dependencies of gz-utils2
[0.781s] -- Searching for <gz-utils2> component [cli]
[0.784s] -- Looking for gz-utils2-cli -- found version 2.2.0
[0.785s] -- Searching for dependencies of gz-utils2-cli
[0.789s] -- Looking for gz-plugin2 -- found version 2.0.2
[0.790s] -- Searching for dependencies of gz-plugin2
[0.791s] -- Looking for gz-utils2 -- found version 2.2.0
[0.791s] -- Searching for <gz-plugin2> component [loader]
[0.795s] -- Looking for gz-plugin2-loader -- found version 2.0.2
[0.795s] -- Searching for dependencies of gz-plugin2-loader
[0.796s] -- Searching for <gz-plugin2> component [register]
[0.799s] -- Looking for gz-plugin2-register -- found version 2.0.2
[0.800s] -- Searching for dependencies of gz-plugin2-register
[0.804s] -- Looking for gz-transport12 -- found version 12.2.1
[0.804s] -- Searching for dependencies of gz-transport12
[0.997s] -- Found Protobuf: /usr/lib/x86_64-linux-gnu/libprotobuf.so (found version "3.12.4") 
[1.011s] -- Config-file not installed for ZeroMQ -- checking for pkg-config
[1.016s] -- Checking for module 'libzmq >= 4'
[1.034s] --   Found libzmq , version 4.3.4
[1.075s] -- Found ZeroMQ: TRUE (Required is at least version "4") 
[1.081s] -- Checking for module 'uuid'
[1.096s] --   Found uuid, version 2.37.2
[1.136s] -- Found UUID: TRUE  
[1.136s] -- Looking for gz-utils2 -- found version 2.2.0
[1.140s] -- Looking for gz-msgs9 -- found version 9.5.0
[1.140s] -- Searching for dependencies of gz-msgs9
[1.163s] -- Looking for gz-math7 -- found version 7.3.0
[1.169s] -- Searching for <gz-transport12> component [log]
[1.173s] -- Looking for gz-transport12-log -- found version 12.2.1
[1.173s] -- Searching for dependencies of gz-transport12-log
[1.174s] -- Searching for <gz-transport12> component [parameters]
[1.178s] -- Looking for gz-transport12-parameters -- found version 12.2.1
[1.178s] -- Searching for dependencies of gz-transport12-parameters
[1.179s] -- Looking for gz-msgs9 -- found version 9.5.0
[1.183s] -- Looking for gz-common5 -- found version 5.4.2
[1.184s] -- Searching for dependencies of gz-common5
[1.184s] -- Looking for gz-utils2 -- found version 2.2.0
[1.185s] -- Looking for dlfcn.h - found
[1.186s] -- Looking for libdl - found
[1.188s] -- Found DL: TRUE  
[1.195s] -- Searching for <gz-common5> component [profiler]
[1.198s] -- Looking for gz-common5-profiler -- found version 5.4.2
[1.199s] -- Searching for dependencies of gz-common5-profiler
[1.200s] -- Searching for <gz-common5> component [events]
[1.203s] -- Looking for gz-common5-events -- found version 5.4.2
[1.204s] -- Searching for dependencies of gz-common5-events
[1.204s] -- Looking for gz-math7 -- found version 7.3.0
[1.205s] -- Searching for <gz-common5> component [av]
[1.209s] -- Looking for gz-common5-av -- found version 5.4.2
[1.209s] -- Searching for dependencies of gz-common5-av
[1.215s] -- Checking for module 'libswscale'
[1.234s] --   Found libswscale, version 5.9.100
[1.271s] -- Found SWSCALE: TRUE  
[1.277s] -- Checking for module 'libavdevice >= 56.4.100'
[1.292s] --   Found libavdevice , version 58.13.100
[1.342s] -- Found AVDEVICE: TRUE (Required is at least version "56.4.100") 
[1.349s] -- Checking for module 'libavformat'
[1.371s] --   Found libavformat, version 58.76.100
[1.411s] -- Found AVFORMAT: TRUE  
[1.417s] -- Checking for module 'libavcodec'
[1.436s] --   Found libavcodec, version 58.134.100
[1.474s] -- Found AVCODEC: TRUE  
[1.480s] -- Checking for module 'libavutil'
[1.496s] --   Found libavutil, version 56.70.100
[1.538s] -- Found AVUTIL: TRUE  
[1.539s] -- Searching for <gz-common5> component [io]
[1.543s] -- Looking for gz-common5-io -- found version 5.4.2
[1.543s] -- Searching for dependencies of gz-common5-io
[1.547s] -- Looking for gz-fuel_tools8 -- found version 8.1.0
[1.548s] -- Searching for dependencies of gz-fuel_tools8
[1.643s] -- Found CURL: /usr/lib/x86_64-linux-gnu/libcurl.so (found version "7.81.0")  
[1.653s] -- Checking for module 'jsoncpp'
[1.669s] --   Found jsoncpp, version 1.9.5
[1.707s] -- Found JSONCPP: TRUE  
[1.716s] -- Checking for module 'libzip'
[1.736s] --   Found libzip, version 1.7.3
[1.773s] -- Found ZIP: TRUE  
[1.774s] -- Looking for gz-utils2 -- found version 2.2.0
[1.774s] -- Looking for gz-common5 -- found version 5.4.2
[1.775s] -- Searching for dependencies of gz-common5
[1.775s] -- Looking for gz-utils2 -- found version 2.2.0
[1.776s] -- Looking for dlfcn.h - found
[1.776s] -- Looking for libdl - found
[1.785s] -- Searching for <gz-common5> component [testing]
[1.789s] -- Looking for gz-common5-testing -- found version 5.4.2
[1.790s] -- Searching for dependencies of gz-common5-testing
[1.791s] -- Looking for gz-math7 -- found version 7.3.0
[1.791s] -- Looking for gz-msgs9 -- found version 9.5.0
[1.795s] -- Looking for gz-gui7 -- found version 7.2.1
[1.796s] -- Searching for dependencies of gz-gui7
[1.826s] -- Looking for gz-utils2 -- found version 2.2.0
[1.826s] -- Looking for gz-math7 -- found version 7.3.0
[1.826s] -- Looking for gz-common5 -- found version 5.4.2
[1.827s] -- Looking for gz-plugin2 -- found version 2.0.2
[1.827s] -- Looking for gz-transport12 -- found version 12.2.1
[1.832s] -- Looking for gz-rendering7 -- found version 7.4.2
[1.833s] -- Searching for dependencies of gz-rendering7
[1.833s] -- Looking for gz-math7 -- found version 7.3.0
[1.834s] -- Searching for dependencies of gz-math7
[1.835s] -- Looking for gz-utils2 -- found version 2.2.0
[1.835s] -- Searching for <gz-math7> component [eigen3]
[1.839s] -- Looking for gz-math7-eigen3 -- found version 7.3.0
[1.839s] -- Searching for dependencies of gz-math7-eigen3
[1.849s] -- Looking for gz-common5 -- found version 5.4.2
[1.850s] -- Searching for dependencies of gz-common5
[1.850s] -- Looking for gz-utils2 -- found version 2.2.0
[1.850s] -- Looking for dlfcn.h - found
[1.850s] -- Looking for libdl - found
[1.858s] -- Searching for <gz-common5> component [graphics]
[1.862s] -- Looking for gz-common5-graphics -- found version 5.4.2
[1.863s] -- Searching for dependencies of gz-common5-graphics
[1.863s] -- Looking for gz-math7 -- found version 7.3.0
[1.872s] -- Found GzAssimp: TRUE (found version "5.2.0") 
[1.872s] -- Searching for <gz-common5> component [events]
[1.873s] -- Searching for <gz-common5> component [geospatial]
[1.877s] -- Looking for gz-common5-geospatial -- found version 5.4.2
[1.877s] -- Searching for dependencies of gz-common5-geospatial
[1.878s] -- Looking for gz-math7 -- found version 7.3.0
[1.878s] -- Looking for gz-common5 -- found version 5.4.2
[1.879s] -- Looking for gz-plugin2 -- found version 2.0.2
[1.880s] -- Searching for dependencies of gz-plugin2
[1.880s] -- Looking for gz-utils2 -- found version 2.2.0
[1.880s] -- Searching for <gz-plugin2> component [all]
[1.884s] -- Looking for all libraries of gz-plugin2 -- found version 2.0.2
[1.885s] -- Looking for gz-plugin2 -- found version 2.0.2
[1.886s] -- Looking for gz-utils2 -- found version 2.2.0
[1.893s] -- Found OpenGL: /usr/lib/x86_64-linux-gnu/libOpenGL.so  found components: OpenGL 
[1.894s] -- Looking for gz-msgs9 -- found version 9.5.0
[1.920s] -- Looking for gz-physics6 -- found version 6.5.1
[1.920s] -- Searching for dependencies of gz-physics6
[1.921s] -- Looking for gz-math7 -- found version 7.3.0
[1.921s] -- Looking for gz-plugin2 -- found version 2.0.2
[1.922s] -- Looking for gz-utils2 -- found version 2.2.0
[1.923s] -- Searching for <gz-physics6> component [heightmap]
[1.927s] -- Looking for gz-physics6-heightmap -- found version 6.5.1
[1.928s] -- Searching for dependencies of gz-physics6-heightmap
[1.928s] -- Looking for gz-common5 -- found version 5.4.2
[1.929s] -- Searching for <gz-physics6> component [mesh]
[1.933s] -- Looking for gz-physics6-mesh -- found version 6.5.1
[1.934s] -- Searching for dependencies of gz-physics6-mesh
[1.935s] -- Looking for gz-common5 -- found version 5.4.2
[1.935s] -- Searching for <gz-physics6> component [sdf]
[1.939s] -- Looking for gz-physics6-sdf -- found version 6.5.1
[1.939s] -- Searching for dependencies of gz-physics6-sdf
[1.940s] -- Looking for sdformat13 -- found version 13.6.0
[1.944s] -- Looking for gz-sensors7 -- found version 7.3.0
[1.944s] -- Searching for dependencies of gz-sensors7
[1.969s] -- Looking for gz-math7 -- found version 7.3.0
[1.969s] -- Looking for gz-common5 -- found version 5.4.2
[1.970s] -- Looking for gz-transport12 -- found version 12.2.1
[1.971s] -- Looking for gz-rendering7 -- found version 7.4.2
[1.971s] -- Looking for gz-msgs9 -- found version 9.5.0
[1.972s] -- Looking for sdformat13 -- found version 13.6.0
[1.972s] -- Searching for <gz-sensors7> component [air_pressure]
[1.976s] -- Looking for gz-sensors7-air_pressure -- found version 7.3.0
[1.976s] -- Searching for dependencies of gz-sensors7-air_pressure
[1.977s] -- Searching for <gz-sensors7> component [air_speed]
[1.980s] -- Looking for gz-sensors7-air_speed -- found version 7.3.0
[1.981s] -- Searching for dependencies of gz-sensors7-air_speed
[1.981s] -- Searching for <gz-sensors7> component [altimeter]
[1.985s] -- Looking for gz-sensors7-altimeter -- found version 7.3.0
[1.986s] -- Searching for dependencies of gz-sensors7-altimeter
[1.986s] -- Searching for <gz-sensors7> component [imu]
[1.990s] -- Looking for gz-sensors7-imu -- found version 7.3.0
[1.991s] -- Searching for dependencies of gz-sensors7-imu
[1.991s] -- Searching for <gz-sensors7> component [force_torque]
[1.995s] -- Looking for gz-sensors7-force_torque -- found version 7.3.0
[1.995s] -- Searching for dependencies of gz-sensors7-force_torque
[1.996s] -- Searching for <gz-sensors7> component [logical_camera]
[1.999s] -- Looking for gz-sensors7-logical_camera -- found version 7.3.0
[2.000s] -- Searching for dependencies of gz-sensors7-logical_camera
[2.001s] -- Searching for <gz-sensors7> component [magnetometer]
[2.004s] -- Looking for gz-sensors7-magnetometer -- found version 7.3.0
[2.005s] -- Searching for dependencies of gz-sensors7-magnetometer
[2.005s] -- Searching for <gz-sensors7> component [navsat]
[2.009s] -- Looking for gz-sensors7-navsat -- found version 7.3.0
[2.009s] -- Searching for dependencies of gz-sensors7-navsat
[2.010s] -- Searching for <gz-sensors7> component [rendering]
[2.013s] -- Looking for gz-sensors7-rendering -- found version 7.3.0
[2.014s] -- Searching for dependencies of gz-sensors7-rendering
[2.014s] -- Searching for <gz-sensors7> component [lidar]
[2.018s] -- Looking for gz-sensors7-lidar -- found version 7.3.0
[2.018s] -- Searching for dependencies of gz-sensors7-lidar
[2.019s] -- Looking for gz-sensors7 -- found version 7.3.0
[2.020s] -- Searching for <gz-sensors7> component [gpu_lidar]
[2.024s] -- Looking for gz-sensors7-gpu_lidar -- found version 7.3.0
[2.024s] -- Searching for dependencies of gz-sensors7-gpu_lidar
[2.025s] -- Looking for gz-sensors7 -- found version 7.3.0
[2.025s] -- Searching for <gz-sensors7> component [camera]
[2.030s] -- Looking for gz-sensors7-camera -- found version 7.3.0
[2.031s] -- Searching for dependencies of gz-sensors7-camera
[2.031s] -- Looking for gz-sensors7 -- found version 7.3.0
[2.032s] -- Searching for <gz-sensors7> component [boundingbox_camera]
[2.036s] -- Looking for gz-sensors7-boundingbox_camera -- found version 7.3.0
[2.037s] -- Searching for dependencies of gz-sensors7-boundingbox_camera
[2.037s] -- Searching for <gz-sensors7> component [segmentation_camera]
[2.041s] -- Looking for gz-sensors7-segmentation_camera -- found version 7.3.0
[2.041s] -- Searching for dependencies of gz-sensors7-segmentation_camera
[2.042s] -- Searching for <gz-sensors7> component [depth_camera]
[2.046s] -- Looking for gz-sensors7-depth_camera -- found version 7.3.0
[2.046s] -- Searching for dependencies of gz-sensors7-depth_camera
[2.047s] -- Looking for gz-sensors7 -- found version 7.3.0
[2.047s] -- Searching for <gz-sensors7> component [rgbd_camera]
[2.051s] -- Looking for gz-sensors7-rgbd_camera -- found version 7.3.0
[2.052s] -- Searching for dependencies of gz-sensors7-rgbd_camera
[2.052s] -- Looking for gz-sensors7 -- found version 7.3.0
[2.053s] -- Searching for <gz-sensors7> component [thermal_camera]
[2.056s] -- Looking for gz-sensors7-thermal_camera -- found version 7.3.0
[2.057s] -- Searching for dependencies of gz-sensors7-thermal_camera
[2.057s] -- Looking for gz-sensors7 -- found version 7.3.0
[2.058s] -- Searching for <gz-sensors7> component [wide_angle_camera]
[2.062s] -- Looking for gz-sensors7-wide_angle_camera -- found version 7.3.0
[2.062s] -- Searching for dependencies of gz-sensors7-wide_angle_camera
[2.063s] -- Looking for gz-rendering7 -- found version 7.4.2
[2.064s] -- Looking for gz-math7 -- found version 7.3.0
[2.064s] -- Looking for gz-utils2 -- found version 2.2.0
[2.088s] -- Compiling against Gazebo Garden
[2.166s] -- Configuring done
[2.173s] -- Generating done
[2.175s] -- Build files have been written to: /home/jacobrod/worms_ws/build/ros_ign_gazebo
[2.186s] Invoked command in '/home/jacobrod/worms_ws/build/ros_ign_gazebo' returned '0': AMENT_PREFIX_PATH=/home/jacobrod/worms_ws/install/ros_gz_sim:${AMENT_PREFIX_PATH} CMAKE_PREFIX_PATH=/home/jacobrod/worms_ws/install/ros_gz_sim:/home/jacobrod/worms_ws/install/worms_gazebo:/home/jacobrod/worms_ws/install/worms_description:/home/jacobrod/worms_ws/install/ros_ign:/home/jacobrod/worms_ws/install/ros_ign_gazebo_demos:/home/jacobrod/worms_ws/install/ros_gz:/home/jacobrod/worms_ws/install/ros_gz_sim_demos:/home/jacobrod/worms_ws/install/sdformat_urdf:/home/jacobrod/worms_ws/install/sdformat_test_files:/home/jacobrod/worms_ws/install/ros_ign_interfaces:/home/jacobrod/worms_ws/install/ros_ign_image:/home/jacobrod/worms_ws/install/ros_ign_gazebo:/home/jacobrod/worms_ws/install/ros_ign_bridge:/home/jacobrod/worms_ws/install/ros_gz_image:/home/jacobrod/worms_ws/install/ros_gz_bridge:/home/jacobrod/worms_ws/install/ros_gz_interfaces:/home/jacobrod/worms_ws/install/ros_gz_example_bringup:/home/jacobrod/worms_ws/install/ros_gz_example_gazebo:/home/jacobrod/worms_ws/install/ros_gz_example_description:/home/jacobrod/worms_ws/install/ros_gz_example_application:/home/jacobrod/worms_ws/install/core_bringup:/home/jacobrod/worms_ws/install/worms_mech:/opt/ros/humble LD_LIBRARY_PATH=/home/jacobrod/worms_ws/install/ros_gz_sim/lib:/home/jacobrod/worms_ws/install/sdformat_urdf/lib:/home/jacobrod/worms_ws/install/ros_ign_interfaces/lib:/home/jacobrod/worms_ws/install/ros_gz_bridge/lib:/home/jacobrod/worms_ws/install/ros_gz_interfaces/lib:/opt/ros/humble/opt/rviz_ogre_vendor/lib:/opt/ros/humble/lib/x86_64-linux-gnu:/opt/ros/humble/lib /usr/bin/cmake /home/jacobrod/worms_ws/src/ros_gz/ros_ign_gazebo -DBUILD_TESTING=ON -DCMAKE_INSTALL_PREFIX=/home/jacobrod/worms_ws/install/ros_ign_gazebo
[2.188s] Invoking command in '/home/jacobrod/worms_ws/build/ros_ign_gazebo': AMENT_PREFIX_PATH=/home/jacobrod/worms_ws/install/ros_gz_sim:${AMENT_PREFIX_PATH} CMAKE_PREFIX_PATH=/home/jacobrod/worms_ws/install/ros_gz_sim:/home/jacobrod/worms_ws/install/worms_gazebo:/home/jacobrod/worms_ws/install/worms_description:/home/jacobrod/worms_ws/install/ros_ign:/home/jacobrod/worms_ws/install/ros_ign_gazebo_demos:/home/jacobrod/worms_ws/install/ros_gz:/home/jacobrod/worms_ws/install/ros_gz_sim_demos:/home/jacobrod/worms_ws/install/sdformat_urdf:/home/jacobrod/worms_ws/install/sdformat_test_files:/home/jacobrod/worms_ws/install/ros_ign_interfaces:/home/jacobrod/worms_ws/install/ros_ign_image:/home/jacobrod/worms_ws/install/ros_ign_gazebo:/home/jacobrod/worms_ws/install/ros_ign_bridge:/home/jacobrod/worms_ws/install/ros_gz_image:/home/jacobrod/worms_ws/install/ros_gz_bridge:/home/jacobrod/worms_ws/install/ros_gz_interfaces:/home/jacobrod/worms_ws/install/ros_gz_example_bringup:/home/jacobrod/worms_ws/install/ros_gz_example_gazebo:/home/jacobrod/worms_ws/install/ros_gz_example_description:/home/jacobrod/worms_ws/install/ros_gz_example_application:/home/jacobrod/worms_ws/install/core_bringup:/home/jacobrod/worms_ws/install/worms_mech:/opt/ros/humble LD_LIBRARY_PATH=/home/jacobrod/worms_ws/install/ros_gz_sim/lib:/home/jacobrod/worms_ws/install/sdformat_urdf/lib:/home/jacobrod/worms_ws/install/ros_ign_interfaces/lib:/home/jacobrod/worms_ws/install/ros_gz_bridge/lib:/home/jacobrod/worms_ws/install/ros_gz_interfaces/lib:/opt/ros/humble/opt/rviz_ogre_vendor/lib:/opt/ros/humble/lib/x86_64-linux-gnu:/opt/ros/humble/lib /usr/bin/cmake --build /home/jacobrod/worms_ws/build/ros_ign_gazebo -- -j8 -l8
[2.244s] [ 50%] [32mBuilding CXX object CMakeFiles/create.dir/src/create_shim.cpp.o[0m
[2.486s] [100%] [32m[1mLinking CXX executable create[0m
[2.582s] [100%] Built target create
[2.594s] Invoked command in '/home/jacobrod/worms_ws/build/ros_ign_gazebo' returned '0': AMENT_PREFIX_PATH=/home/jacobrod/worms_ws/install/ros_gz_sim:${AMENT_PREFIX_PATH} CMAKE_PREFIX_PATH=/home/jacobrod/worms_ws/install/ros_gz_sim:/home/jacobrod/worms_ws/install/worms_gazebo:/home/jacobrod/worms_ws/install/worms_description:/home/jacobrod/worms_ws/install/ros_ign:/home/jacobrod/worms_ws/install/ros_ign_gazebo_demos:/home/jacobrod/worms_ws/install/ros_gz:/home/jacobrod/worms_ws/install/ros_gz_sim_demos:/home/jacobrod/worms_ws/install/sdformat_urdf:/home/jacobrod/worms_ws/install/sdformat_test_files:/home/jacobrod/worms_ws/install/ros_ign_interfaces:/home/jacobrod/worms_ws/install/ros_ign_image:/home/jacobrod/worms_ws/install/ros_ign_gazebo:/home/jacobrod/worms_ws/install/ros_ign_bridge:/home/jacobrod/worms_ws/install/ros_gz_image:/home/jacobrod/worms_ws/install/ros_gz_bridge:/home/jacobrod/worms_ws/install/ros_gz_interfaces:/home/jacobrod/worms_ws/install/ros_gz_example_bringup:/home/jacobrod/worms_ws/install/ros_gz_example_gazebo:/home/jacobrod/worms_ws/install/ros_gz_example_description:/home/jacobrod/worms_ws/install/ros_gz_example_application:/home/jacobrod/worms_ws/install/core_bringup:/home/jacobrod/worms_ws/install/worms_mech:/opt/ros/humble LD_LIBRARY_PATH=/home/jacobrod/worms_ws/install/ros_gz_sim/lib:/home/jacobrod/worms_ws/install/sdformat_urdf/lib:/home/jacobrod/worms_ws/install/ros_ign_interfaces/lib:/home/jacobrod/worms_ws/install/ros_gz_bridge/lib:/home/jacobrod/worms_ws/install/ros_gz_interfaces/lib:/opt/ros/humble/opt/rviz_ogre_vendor/lib:/opt/ros/humble/lib/x86_64-linux-gnu:/opt/ros/humble/lib /usr/bin/cmake --build /home/jacobrod/worms_ws/build/ros_ign_gazebo -- -j8 -l8
[2.626s] Invoking command in '/home/jacobrod/worms_ws/build/ros_ign_gazebo': AMENT_PREFIX_PATH=/home/jacobrod/worms_ws/install/ros_gz_sim:${AMENT_PREFIX_PATH} CMAKE_PREFIX_PATH=/home/jacobrod/worms_ws/install/ros_gz_sim:/home/jacobrod/worms_ws/install/worms_gazebo:/home/jacobrod/worms_ws/install/worms_description:/home/jacobrod/worms_ws/install/ros_ign:/home/jacobrod/worms_ws/install/ros_ign_gazebo_demos:/home/jacobrod/worms_ws/install/ros_gz:/home/jacobrod/worms_ws/install/ros_gz_sim_demos:/home/jacobrod/worms_ws/install/sdformat_urdf:/home/jacobrod/worms_ws/install/sdformat_test_files:/home/jacobrod/worms_ws/install/ros_ign_interfaces:/home/jacobrod/worms_ws/install/ros_ign_image:/home/jacobrod/worms_ws/install/ros_ign_gazebo:/home/jacobrod/worms_ws/install/ros_ign_bridge:/home/jacobrod/worms_ws/install/ros_gz_image:/home/jacobrod/worms_ws/install/ros_gz_bridge:/home/jacobrod/worms_ws/install/ros_gz_interfaces:/home/jacobrod/worms_ws/install/ros_gz_example_bringup:/home/jacobrod/worms_ws/install/ros_gz_example_gazebo:/home/jacobrod/worms_ws/install/ros_gz_example_description:/home/jacobrod/worms_ws/install/ros_gz_example_application:/home/jacobrod/worms_ws/install/core_bringup:/home/jacobrod/worms_ws/install/worms_mech:/opt/ros/humble LD_LIBRARY_PATH=/home/jacobrod/worms_ws/install/ros_gz_sim/lib:/home/jacobrod/worms_ws/install/sdformat_urdf/lib:/home/jacobrod/worms_ws/install/ros_ign_interfaces/lib:/home/jacobrod/worms_ws/install/ros_gz_bridge/lib:/home/jacobrod/worms_ws/install/ros_gz_interfaces/lib:/opt/ros/humble/opt/rviz_ogre_vendor/lib:/opt/ros/humble/lib/x86_64-linux-gnu:/opt/ros/humble/lib /usr/bin/cmake --install /home/jacobrod/worms_ws/build/ros_ign_gazebo
[2.635s] -- Install configuration: ""
[2.635s] -- Installing: /home/jacobrod/worms_ws/install/ros_ign_gazebo/share/ros_ign_gazebo/launch/ign_gazebo.launch.py
[2.636s] -- Installing: /home/jacobrod/worms_ws/install/ros_ign_gazebo/lib/ros_ign_gazebo/create
[2.636s] -- Set runtime path of "/home/jacobrod/worms_ws/install/ros_ign_gazebo/lib/ros_ign_gazebo/create" to ""
[2.636s] -- Installing: /home/jacobrod/worms_ws/install/ros_ign_gazebo/share/ament_index/resource_index/package_run_dependencies/ros_ign_gazebo
[2.637s] -- Installing: /home/jacobrod/worms_ws/install/ros_ign_gazebo/share/ament_index/resource_index/parent_prefix_path/ros_ign_gazebo
[2.637s] -- Installing: /home/jacobrod/worms_ws/install/ros_ign_gazebo/share/ros_ign_gazebo/environment/ament_prefix_path.sh
[2.637s] -- Installing: /home/jacobrod/worms_ws/install/ros_ign_gazebo/share/ros_ign_gazebo/environment/ament_prefix_path.dsv
[2.637s] -- Installing: /home/jacobrod/worms_ws/install/ros_ign_gazebo/share/ros_ign_gazebo/environment/path.sh
[2.637s] -- Installing: /home/jacobrod/worms_ws/install/ros_ign_gazebo/share/ros_ign_gazebo/environment/path.dsv
[2.637s] -- Installing: /home/jacobrod/worms_ws/install/ros_ign_gazebo/share/ros_ign_gazebo/local_setup.bash
[2.638s] -- Installing: /home/jacobrod/worms_ws/install/ros_ign_gazebo/share/ros_ign_gazebo/local_setup.sh
[2.638s] -- Installing: /home/jacobrod/worms_ws/install/ros_ign_gazebo/share/ros_ign_gazebo/local_setup.zsh
[2.638s] -- Installing: /home/jacobrod/worms_ws/install/ros_ign_gazebo/share/ros_ign_gazebo/local_setup.dsv
[2.638s] -- Installing: /home/jacobrod/worms_ws/install/ros_ign_gazebo/share/ros_ign_gazebo/package.dsv
[2.638s] -- Installing: /home/jacobrod/worms_ws/install/ros_ign_gazebo/share/ament_index/resource_index/packages/ros_ign_gazebo
[2.638s] -- Installing: /home/jacobrod/worms_ws/install/ros_ign_gazebo/share/ros_ign_gazebo/cmake/ament_cmake_export_dependencies-extras.cmake
[2.638s] -- Installing: /home/jacobrod/worms_ws/install/ros_ign_gazebo/share/ros_ign_gazebo/cmake/ros_ign_gazeboConfig.cmake
[2.639s] -- Installing: /home/jacobrod/worms_ws/install/ros_ign_gazebo/share/ros_ign_gazebo/cmake/ros_ign_gazeboConfig-version.cmake
[2.639s] -- Installing: /home/jacobrod/worms_ws/install/ros_ign_gazebo/share/ros_ign_gazebo/package.xml
[2.641s] Invoked command in '/home/jacobrod/worms_ws/build/ros_ign_gazebo' returned '0': AMENT_PREFIX_PATH=/home/jacobrod/worms_ws/install/ros_gz_sim:${AMENT_PREFIX_PATH} CMAKE_PREFIX_PATH=/home/jacobrod/worms_ws/install/ros_gz_sim:/home/jacobrod/worms_ws/install/worms_gazebo:/home/jacobrod/worms_ws/install/worms_description:/home/jacobrod/worms_ws/install/ros_ign:/home/jacobrod/worms_ws/install/ros_ign_gazebo_demos:/home/jacobrod/worms_ws/install/ros_gz:/home/jacobrod/worms_ws/install/ros_gz_sim_demos:/home/jacobrod/worms_ws/install/sdformat_urdf:/home/jacobrod/worms_ws/install/sdformat_test_files:/home/jacobrod/worms_ws/install/ros_ign_interfaces:/home/jacobrod/worms_ws/install/ros_ign_image:/home/jacobrod/worms_ws/install/ros_ign_gazebo:/home/jacobrod/worms_ws/install/ros_ign_bridge:/home/jacobrod/worms_ws/install/ros_gz_image:/home/jacobrod/worms_ws/install/ros_gz_bridge:/home/jacobrod/worms_ws/install/ros_gz_interfaces:/home/jacobrod/worms_ws/install/ros_gz_example_bringup:/home/jacobrod/worms_ws/install/ros_gz_example_gazebo:/home/jacobrod/worms_ws/install/ros_gz_example_description:/home/jacobrod/worms_ws/install/ros_gz_example_application:/home/jacobrod/worms_ws/install/core_bringup:/home/jacobrod/worms_ws/install/worms_mech:/opt/ros/humble LD_LIBRARY_PATH=/home/jacobrod/worms_ws/install/ros_gz_sim/lib:/home/jacobrod/worms_ws/install/sdformat_urdf/lib:/home/jacobrod/worms_ws/install/ros_ign_interfaces/lib:/home/jacobrod/worms_ws/install/ros_gz_bridge/lib:/home/jacobrod/worms_ws/install/ros_gz_interfaces/lib:/opt/ros/humble/opt/rviz_ogre_vendor/lib:/opt/ros/humble/lib/x86_64-linux-gnu:/opt/ros/humble/lib /usr/bin/cmake --install /home/jacobrod/worms_ws/build/ros_ign_gazebo
