[0.690s] Invoking command in '/home/jacobrod/worms_ws/build/ros_gz_interfaces': CMAKE_PREFIX_PATH=${CMAKE_PREFIX_PATH}:/home/jacobrod/worms_ws/install/worms_mech:/opt/ros/humble /usr/bin/cmake --build /home/jacobrod/worms_ws/build/ros_gz_interfaces -- -j8 -l8
[0.829s] [35m[1mConsolidate compiler generated dependencies of target ros_gz_interfaces__rosidl_generator_c[0m
[0.849s] [  0%] Built target ros_gz_interfaces__cpp
[0.861s] [  0%] Built target ament_cmake_python_copy_ros_gz_interfaces
[0.888s] [35m[1mConsolidate compiler generated dependencies of target ros_gz_interfaces__rosidl_typesupport_cpp[0m
[0.899s] [35m[1mConsolidate compiler generated dependencies of target ros_gz_interfaces__rosidl_typesupport_fastrtps_cpp[0m
[0.899s] [ 12%] Built target ros_gz_interfaces__rosidl_generator_c
[0.907s] [35m[1mConsolidate compiler generated dependencies of target ros_gz_interfaces__rosidl_typesupport_introspection_cpp[0m
[0.927s] [35m[1mConsolidate compiler generated dependencies of target ros_gz_interfaces__rosidl_typesupport_fastrtps_c[0m
[0.960s] [35m[1mConsolidate compiler generated dependencies of target ros_gz_interfaces__rosidl_typesupport_introspection_c[0m
[0.961s] [35m[1mConsolidate compiler generated dependencies of target ros_gz_interfaces__rosidl_typesupport_c[0m
[0.964s] [ 24%] Built target ros_gz_interfaces__rosidl_typesupport_cpp
[0.975s] [ 36%] Built target ros_gz_interfaces__rosidl_typesupport_fastrtps_cpp
[0.986s] [ 49%] Built target ros_gz_interfaces__rosidl_typesupport_introspection_cpp
[0.990s] [ 61%] Built target ros_gz_interfaces__rosidl_typesupport_c
[0.994s] [ 73%] Built target ros_gz_interfaces__rosidl_typesupport_fastrtps_c
[0.999s] [ 85%] Built target ros_gz_interfaces__rosidl_typesupport_introspection_c
[1.027s] [ 85%] Built target ros_gz_interfaces
[1.061s] [ 86%] Built target ros_gz_interfaces__py
[1.081s] [35m[1mConsolidate compiler generated dependencies of target ros_gz_interfaces__rosidl_generator_py[0m
[1.151s] [ 97%] Built target ros_gz_interfaces__rosidl_generator_py
[1.183s] [35m[1mConsolidate compiler generated dependencies of target ros_gz_interfaces__rosidl_typesupport_introspection_c__pyext[0m
[1.183s] [35m[1mConsolidate compiler generated dependencies of target ros_gz_interfaces__rosidl_typesupport_fastrtps_c__pyext[0m
[1.183s] [35m[1mConsolidate compiler generated dependencies of target ros_gz_interfaces__rosidl_typesupport_c__pyext[0m
[1.183s] [ 99%] Built target ros_gz_interfaces__rosidl_typesupport_introspection_c__pyext
[1.183s] [ 99%] Built target ros_gz_interfaces__rosidl_typesupport_c__pyext
[1.183s] [100%] Built target ros_gz_interfaces__rosidl_typesupport_fastrtps_c__pyext
[1.280s] running egg_info
[1.281s] writing ros_gz_interfaces.egg-info/PKG-INFO
[1.282s] writing dependency_links to ros_gz_interfaces.egg-info/dependency_links.txt
[1.282s] writing top-level names to ros_gz_interfaces.egg-info/top_level.txt
[1.284s] reading manifest file 'ros_gz_interfaces.egg-info/SOURCES.txt'
[1.285s] writing manifest file 'ros_gz_interfaces.egg-info/SOURCES.txt'
[1.319s] [100%] Built target ament_cmake_python_build_ros_gz_interfaces_egg
[1.556s] Invoked command in '/home/jacobrod/worms_ws/build/ros_gz_interfaces' returned '0': CMAKE_PREFIX_PATH=${CMAKE_PREFIX_PATH}:/home/jacobrod/worms_ws/install/worms_mech:/opt/ros/humble /usr/bin/cmake --build /home/jacobrod/worms_ws/build/ros_gz_interfaces -- -j8 -l8
[2.631s] Invoking command in '/home/jacobrod/worms_ws/build/ros_gz_interfaces': CMAKE_PREFIX_PATH=${CMAKE_PREFIX_PATH}:/home/jacobrod/worms_ws/install/worms_mech:/opt/ros/humble /usr/bin/cmake --install /home/jacobrod/worms_ws/build/ros_gz_interfaces
[2.755s] -- Install configuration: ""
[2.756s] -- Up-to-date: /home/jacobrod/worms_ws/install/ros_gz_interfaces/share/ament_index/resource_index/rosidl_interfaces/ros_gz_interfaces
[2.757s] -- Up-to-date: /home/jacobrod/worms_ws/install/ros_gz_interfaces/include/ros_gz_interfaces/ros_gz_interfaces
[2.758s] -- Up-to-date: /home/jacobrod/worms_ws/install/ros_gz_interfaces/include/ros_gz_interfaces/ros_gz_interfaces/msg
[2.759s] -- Up-to-date: /home/jacobrod/worms_ws/install/ros_gz_interfaces/include/ros_gz_interfaces/ros_gz_interfaces/msg/track_visual.h
[2.761s] -- Up-to-date: /home/jacobrod/worms_ws/install/ros_gz_interfaces/include/ros_gz_interfaces/ros_gz_interfaces/msg/sensor_noise.h
[2.761s] -- Up-to-date: /home/jacobrod/worms_ws/install/ros_gz_interfaces/include/ros_gz_interfaces/ros_gz_interfaces/msg/world_reset.h
[2.762s] -- Up-to-date: /home/jacobrod/worms_ws/install/ros_gz_interfaces/include/ros_gz_interfaces/ros_gz_interfaces/msg/rosidl_generator_c__visibility_control.h
[2.763s] -- Up-to-date: /home/jacobrod/worms_ws/install/ros_gz_interfaces/include/ros_gz_interfaces/ros_gz_interfaces/msg/float32_array.h
[2.763s] -- Up-to-date: /home/jacobrod/worms_ws/install/ros_gz_interfaces/include/ros_gz_interfaces/ros_gz_interfaces/msg/entity.h
[2.764s] -- Up-to-date: /home/jacobrod/worms_ws/install/ros_gz_interfaces/include/ros_gz_interfaces/ros_gz_interfaces/msg/string_vec.h
[2.764s] -- Up-to-date: /home/jacobrod/worms_ws/install/ros_gz_interfaces/include/ros_gz_interfaces/ros_gz_interfaces/msg/altimeter.h
[2.764s] -- Up-to-date: /home/jacobrod/worms_ws/install/ros_gz_interfaces/include/ros_gz_interfaces/ros_gz_interfaces/msg/light.h
[2.764s] -- Up-to-date: /home/jacobrod/worms_ws/install/ros_gz_interfaces/include/ros_gz_interfaces/ros_gz_interfaces/msg/detail
[2.765s] -- Up-to-date: /home/jacobrod/worms_ws/install/ros_gz_interfaces/include/ros_gz_interfaces/ros_gz_interfaces/msg/detail/video_record__type_support.h
[2.766s] -- Up-to-date: /home/jacobrod/worms_ws/install/ros_gz_interfaces/include/ros_gz_interfaces/ros_gz_interfaces/msg/detail/gui_camera__functions.c
[2.766s] -- Up-to-date: /home/jacobrod/worms_ws/install/ros_gz_interfaces/include/ros_gz_interfaces/ros_gz_interfaces/msg/detail/entity__struct.h
[2.767s] -- Up-to-date: /home/jacobrod/worms_ws/install/ros_gz_interfaces/include/ros_gz_interfaces/ros_gz_interfaces/msg/detail/light__functions.c
[2.767s] -- Up-to-date: /home/jacobrod/worms_ws/install/ros_gz_interfaces/include/ros_gz_interfaces/ros_gz_interfaces/msg/detail/video_record__functions.h
[2.767s] -- Up-to-date: /home/jacobrod/worms_ws/install/ros_gz_interfaces/include/ros_gz_interfaces/ros_gz_interfaces/msg/detail/world_control__functions.h
[2.768s] -- Up-to-date: /home/jacobrod/worms_ws/install/ros_gz_interfaces/include/ros_gz_interfaces/ros_gz_interfaces/msg/detail/string_vec__functions.h
[2.768s] -- Up-to-date: /home/jacobrod/worms_ws/install/ros_gz_interfaces/include/ros_gz_interfaces/ros_gz_interfaces/msg/detail/string_vec__type_support.h
[2.769s] -- Up-to-date: /home/jacobrod/worms_ws/install/ros_gz_interfaces/include/ros_gz_interfaces/ros_gz_interfaces/msg/detail/video_record__functions.c
[2.770s] -- Up-to-date: /home/jacobrod/worms_ws/install/ros_gz_interfaces/include/ros_gz_interfaces/ros_gz_interfaces/msg/detail/entity__functions.h
[2.770s] -- Up-to-date: /home/jacobrod/worms_ws/install/ros_gz_interfaces/include/ros_gz_interfaces/ros_gz_interfaces/msg/detail/light__type_support.h
[2.771s] -- Up-to-date: /home/jacobrod/worms_ws/install/ros_gz_interfaces/include/ros_gz_interfaces/ros_gz_interfaces/msg/detail/world_control__struct.h
[2.771s] -- Up-to-date: /home/jacobrod/worms_ws/install/ros_gz_interfaces/include/ros_gz_interfaces/ros_gz_interfaces/msg/detail/world_control__functions.c
[2.771s] -- Up-to-date: /home/jacobrod/worms_ws/install/ros_gz_interfaces/include/ros_gz_interfaces/ros_gz_interfaces/msg/detail/string_vec__struct.h
[2.772s] -- Up-to-date: /home/jacobrod/worms_ws/install/ros_gz_interfaces/include/ros_gz_interfaces/ros_gz_interfaces/msg/detail/string_vec__functions.c
[2.772s] -- Up-to-date: /home/jacobrod/worms_ws/install/ros_gz_interfaces/include/ros_gz_interfaces/ros_gz_interfaces/msg/detail/joint_wrench__type_support.h
[2.772s] -- Up-to-date: /home/jacobrod/worms_ws/install/ros_gz_interfaces/include/ros_gz_interfaces/ros_gz_interfaces/msg/detail/param_vec__struct.h
[2.772s] -- Up-to-date: /home/jacobrod/worms_ws/install/ros_gz_interfaces/include/ros_gz_interfaces/ros_gz_interfaces/msg/detail/contacts__struct.h
[2.772s] -- Up-to-date: /home/jacobrod/worms_ws/install/ros_gz_interfaces/include/ros_gz_interfaces/ros_gz_interfaces/msg/detail/track_visual__functions.h
[2.772s] -- Up-to-date: /home/jacobrod/worms_ws/install/ros_gz_interfaces/include/ros_gz_interfaces/ros_gz_interfaces/msg/detail/joint_wrench__struct.h
[2.772s] -- Up-to-date: /home/jacobrod/worms_ws/install/ros_gz_interfaces/include/ros_gz_interfaces/ros_gz_interfaces/msg/detail/param_vec__type_support.h
[2.773s] -- Up-to-date: /home/jacobrod/worms_ws/install/ros_gz_interfaces/include/ros_gz_interfaces/ros_gz_interfaces/msg/detail/float32_array__functions.c
[2.773s] -- Up-to-date: /home/jacobrod/worms_ws/install/ros_gz_interfaces/include/ros_gz_interfaces/ros_gz_interfaces/msg/detail/contact__type_support.h
[2.773s] -- Up-to-date: /home/jacobrod/worms_ws/install/ros_gz_interfaces/include/ros_gz_interfaces/ros_gz_interfaces/msg/detail/world_reset__functions.h
[2.774s] -- Up-to-date: /home/jacobrod/worms_ws/install/ros_gz_interfaces/include/ros_gz_interfaces/ros_gz_interfaces/msg/detail/entity__type_support.h
[2.774s] -- Up-to-date: /home/jacobrod/worms_ws/install/ros_gz_interfaces/include/ros_gz_interfaces/ros_gz_interfaces/msg/detail/light__functions.h
[2.774s] -- Up-to-date: /home/jacobrod/worms_ws/install/ros_gz_interfaces/include/ros_gz_interfaces/ros_gz_interfaces/msg/detail/world_reset__functions.c
[2.775s] -- Up-to-date: /home/jacobrod/worms_ws/install/ros_gz_interfaces/include/ros_gz_interfaces/ros_gz_interfaces/msg/detail/param_vec__functions.h
[2.775s] -- Up-to-date: /home/jacobrod/worms_ws/install/ros_gz_interfaces/include/ros_gz_interfaces/ros_gz_interfaces/msg/detail/world_reset__type_support.h
[2.775s] -- Up-to-date: /home/jacobrod/worms_ws/install/ros_gz_interfaces/include/ros_gz_interfaces/ros_gz_interfaces/msg/detail/dataframe__functions.c
[2.776s] -- Up-to-date: /home/jacobrod/worms_ws/install/ros_gz_interfaces/include/ros_gz_interfaces/ros_gz_interfaces/msg/detail/gui_camera__type_support.h
[2.776s] -- Up-to-date: /home/jacobrod/worms_ws/install/ros_gz_interfaces/include/ros_gz_interfaces/ros_gz_interfaces/msg/detail/video_record__struct.h
[2.776s] -- Up-to-date: /home/jacobrod/worms_ws/install/ros_gz_interfaces/include/ros_gz_interfaces/ros_gz_interfaces/msg/detail/entity_factory__functions.c
[2.777s] -- Up-to-date: /home/jacobrod/worms_ws/install/ros_gz_interfaces/include/ros_gz_interfaces/ros_gz_interfaces/msg/detail/track_visual__struct.h
[2.777s] -- Up-to-date: /home/jacobrod/worms_ws/install/ros_gz_interfaces/include/ros_gz_interfaces/ros_gz_interfaces/msg/detail/contacts__functions.c
[2.777s] -- Up-to-date: /home/jacobrod/worms_ws/install/ros_gz_interfaces/include/ros_gz_interfaces/ros_gz_interfaces/msg/detail/sensor_noise__struct.h
[2.778s] -- Up-to-date: /home/jacobrod/worms_ws/install/ros_gz_interfaces/include/ros_gz_interfaces/ros_gz_interfaces/msg/detail/dataframe__type_support.h
[2.778s] -- Up-to-date: /home/jacobrod/worms_ws/install/ros_gz_interfaces/include/ros_gz_interfaces/ros_gz_interfaces/msg/detail/joint_wrench__functions.c
[2.779s] -- Up-to-date: /home/jacobrod/worms_ws/install/ros_gz_interfaces/include/ros_gz_interfaces/ros_gz_interfaces/msg/detail/gui_camera__functions.h
[2.779s] -- Up-to-date: /home/jacobrod/worms_ws/install/ros_gz_interfaces/include/ros_gz_interfaces/ros_gz_interfaces/msg/detail/altimeter__struct.h
[2.779s] -- Up-to-date: /home/jacobrod/worms_ws/install/ros_gz_interfaces/include/ros_gz_interfaces/ros_gz_interfaces/msg/detail/dataframe__functions.h
[2.780s] -- Up-to-date: /home/jacobrod/worms_ws/install/ros_gz_interfaces/include/ros_gz_interfaces/ros_gz_interfaces/msg/detail/contact__functions.h
[2.780s] -- Up-to-date: /home/jacobrod/worms_ws/install/ros_gz_interfaces/include/ros_gz_interfaces/ros_gz_interfaces/msg/detail/gui_camera__struct.h
[2.780s] -- Up-to-date: /home/jacobrod/worms_ws/install/ros_gz_interfaces/include/ros_gz_interfaces/ros_gz_interfaces/msg/detail/contacts__functions.h
[2.781s] -- Up-to-date: /home/jacobrod/worms_ws/install/ros_gz_interfaces/include/ros_gz_interfaces/ros_gz_interfaces/msg/detail/float32_array__functions.h
[2.781s] -- Up-to-date: /home/jacobrod/worms_ws/install/ros_gz_interfaces/include/ros_gz_interfaces/ros_gz_interfaces/msg/detail/altimeter__functions.c
[2.781s] -- Up-to-date: /home/jacobrod/worms_ws/install/ros_gz_interfaces/include/ros_gz_interfaces/ros_gz_interfaces/msg/detail/sensor_noise__functions.c
[2.781s] -- Up-to-date: /home/jacobrod/worms_ws/install/ros_gz_interfaces/include/ros_gz_interfaces/ros_gz_interfaces/msg/detail/param_vec__functions.c
[2.782s] -- Up-to-date: /home/jacobrod/worms_ws/install/ros_gz_interfaces/include/ros_gz_interfaces/ros_gz_interfaces/msg/detail/sensor_noise__functions.h
[2.782s] -- Up-to-date: /home/jacobrod/worms_ws/install/ros_gz_interfaces/include/ros_gz_interfaces/ros_gz_interfaces/msg/detail/dataframe__struct.h
[2.782s] -- Up-to-date: /home/jacobrod/worms_ws/install/ros_gz_interfaces/include/ros_gz_interfaces/ros_gz_interfaces/msg/detail/joint_wrench__functions.h
[2.782s] -- Up-to-date: /home/jacobrod/worms_ws/install/ros_gz_interfaces/include/ros_gz_interfaces/ros_gz_interfaces/msg/detail/contacts__type_support.h
[2.783s] -- Up-to-date: /home/jacobrod/worms_ws/install/ros_gz_interfaces/include/ros_gz_interfaces/ros_gz_interfaces/msg/detail/track_visual__functions.c
[2.783s] -- Up-to-date: /home/jacobrod/worms_ws/install/ros_gz_interfaces/include/ros_gz_interfaces/ros_gz_interfaces/msg/detail/altimeter__functions.h
[2.783s] -- Up-to-date: /home/jacobrod/worms_ws/install/ros_gz_interfaces/include/ros_gz_interfaces/ros_gz_interfaces/msg/detail/entity_factory__functions.h
[2.784s] -- Up-to-date: /home/jacobrod/worms_ws/install/ros_gz_interfaces/include/ros_gz_interfaces/ros_gz_interfaces/msg/detail/sensor_noise__type_support.h
[2.784s] -- Up-to-date: /home/jacobrod/worms_ws/install/ros_gz_interfaces/include/ros_gz_interfaces/ros_gz_interfaces/msg/detail/entity__functions.c
[2.784s] -- Up-to-date: /home/jacobrod/worms_ws/install/ros_gz_interfaces/include/ros_gz_interfaces/ros_gz_interfaces/msg/detail/altimeter__type_support.h
[2.785s] -- Up-to-date: /home/jacobrod/worms_ws/install/ros_gz_interfaces/include/ros_gz_interfaces/ros_gz_interfaces/msg/detail/entity_factory__struct.h
[2.785s] -- Up-to-date: /home/jacobrod/worms_ws/install/ros_gz_interfaces/include/ros_gz_interfaces/ros_gz_interfaces/msg/detail/entity_factory__type_support.h
[2.785s] -- Up-to-date: /home/jacobrod/worms_ws/install/ros_gz_interfaces/include/ros_gz_interfaces/ros_gz_interfaces/msg/detail/track_visual__type_support.h
[2.785s] -- Up-to-date: /home/jacobrod/worms_ws/install/ros_gz_interfaces/include/ros_gz_interfaces/ros_gz_interfaces/msg/detail/contact__functions.c
[2.785s] -- Up-to-date: /home/jacobrod/worms_ws/install/ros_gz_interfaces/include/ros_gz_interfaces/ros_gz_interfaces/msg/detail/contact__struct.h
[2.786s] -- Up-to-date: /home/jacobrod/worms_ws/install/ros_gz_interfaces/include/ros_gz_interfaces/ros_gz_interfaces/msg/detail/float32_array__type_support.h
[2.786s] -- Up-to-date: /home/jacobrod/worms_ws/install/ros_gz_interfaces/include/ros_gz_interfaces/ros_gz_interfaces/msg/detail/light__struct.h
[2.786s] -- Up-to-date: /home/jacobrod/worms_ws/install/ros_gz_interfaces/include/ros_gz_interfaces/ros_gz_interfaces/msg/detail/world_control__type_support.h
[2.786s] -- Up-to-date: /home/jacobrod/worms_ws/install/ros_gz_interfaces/include/ros_gz_interfaces/ros_gz_interfaces/msg/detail/world_reset__struct.h
[2.786s] -- Up-to-date: /home/jacobrod/worms_ws/install/ros_gz_interfaces/include/ros_gz_interfaces/ros_gz_interfaces/msg/detail/float32_array__struct.h
[2.786s] -- Up-to-date: /home/jacobrod/worms_ws/install/ros_gz_interfaces/include/ros_gz_interfaces/ros_gz_interfaces/msg/contacts.h
[2.786s] -- Up-to-date: /home/jacobrod/worms_ws/install/ros_gz_interfaces/include/ros_gz_interfaces/ros_gz_interfaces/msg/param_vec.h
[2.786s] -- Up-to-date: /home/jacobrod/worms_ws/install/ros_gz_interfaces/include/ros_gz_interfaces/ros_gz_interfaces/msg/joint_wrench.h
[2.786s] -- Up-to-date: /home/jacobrod/worms_ws/install/ros_gz_interfaces/include/ros_gz_interfaces/ros_gz_interfaces/msg/video_record.h
[2.787s] -- Up-to-date: /home/jacobrod/worms_ws/install/ros_gz_interfaces/include/ros_gz_interfaces/ros_gz_interfaces/msg/world_control.h
[2.787s] -- Up-to-date: /home/jacobrod/worms_ws/install/ros_gz_interfaces/include/ros_gz_interfaces/ros_gz_interfaces/msg/dataframe.h
[2.787s] -- Up-to-date: /home/jacobrod/worms_ws/install/ros_gz_interfaces/include/ros_gz_interfaces/ros_gz_interfaces/msg/gui_camera.h
[2.787s] -- Up-to-date: /home/jacobrod/worms_ws/install/ros_gz_interfaces/include/ros_gz_interfaces/ros_gz_interfaces/msg/entity_factory.h
[2.787s] -- Up-to-date: /home/jacobrod/worms_ws/install/ros_gz_interfaces/include/ros_gz_interfaces/ros_gz_interfaces/msg/contact.h
[2.788s] -- Up-to-date: /home/jacobrod/worms_ws/install/ros_gz_interfaces/include/ros_gz_interfaces/ros_gz_interfaces/srv
[2.789s] -- Up-to-date: /home/jacobrod/worms_ws/install/ros_gz_interfaces/include/ros_gz_interfaces/ros_gz_interfaces/srv/delete_entity.h
[2.789s] -- Up-to-date: /home/jacobrod/worms_ws/install/ros_gz_interfaces/include/ros_gz_interfaces/ros_gz_interfaces/srv/control_world.h
[2.789s] -- Up-to-date: /home/jacobrod/worms_ws/install/ros_gz_interfaces/include/ros_gz_interfaces/ros_gz_interfaces/srv/detail
[2.790s] -- Up-to-date: /home/jacobrod/worms_ws/install/ros_gz_interfaces/include/ros_gz_interfaces/ros_gz_interfaces/srv/detail/spawn_entity__type_support.h
[2.790s] -- Up-to-date: /home/jacobrod/worms_ws/install/ros_gz_interfaces/include/ros_gz_interfaces/ros_gz_interfaces/srv/detail/set_entity_pose__struct.h
[2.790s] -- Up-to-date: /home/jacobrod/worms_ws/install/ros_gz_interfaces/include/ros_gz_interfaces/ros_gz_interfaces/srv/detail/control_world__struct.h
[2.791s] -- Up-to-date: /home/jacobrod/worms_ws/install/ros_gz_interfaces/include/ros_gz_interfaces/ros_gz_interfaces/srv/detail/control_world__type_support.h
[2.791s] -- Up-to-date: /home/jacobrod/worms_ws/install/ros_gz_interfaces/include/ros_gz_interfaces/ros_gz_interfaces/srv/detail/control_world__functions.c
[2.791s] -- Up-to-date: /home/jacobrod/worms_ws/install/ros_gz_interfaces/include/ros_gz_interfaces/ros_gz_interfaces/srv/detail/spawn_entity__functions.h
[2.792s] -- Up-to-date: /home/jacobrod/worms_ws/install/ros_gz_interfaces/include/ros_gz_interfaces/ros_gz_interfaces/srv/detail/control_world__functions.h
[2.793s] -- Up-to-date: /home/jacobrod/worms_ws/install/ros_gz_interfaces/include/ros_gz_interfaces/ros_gz_interfaces/srv/detail/delete_entity__functions.c
[2.793s] -- Up-to-date: /home/jacobrod/worms_ws/install/ros_gz_interfaces/include/ros_gz_interfaces/ros_gz_interfaces/srv/detail/delete_entity__struct.h
[2.794s] -- Up-to-date: /home/jacobrod/worms_ws/install/ros_gz_interfaces/include/ros_gz_interfaces/ros_gz_interfaces/srv/detail/set_entity_pose__functions.h
[2.794s] -- Up-to-date: /home/jacobrod/worms_ws/install/ros_gz_interfaces/include/ros_gz_interfaces/ros_gz_interfaces/srv/detail/set_entity_pose__functions.c
[2.794s] -- Up-to-date: /home/jacobrod/worms_ws/install/ros_gz_interfaces/include/ros_gz_interfaces/ros_gz_interfaces/srv/detail/delete_entity__functions.h
[2.795s] -- Up-to-date: /home/jacobrod/worms_ws/install/ros_gz_interfaces/include/ros_gz_interfaces/ros_gz_interfaces/srv/detail/spawn_entity__struct.h
[2.795s] -- Up-to-date: /home/jacobrod/worms_ws/install/ros_gz_interfaces/include/ros_gz_interfaces/ros_gz_interfaces/srv/detail/set_entity_pose__type_support.h
[2.795s] -- Up-to-date: /home/jacobrod/worms_ws/install/ros_gz_interfaces/include/ros_gz_interfaces/ros_gz_interfaces/srv/detail/spawn_entity__functions.c
[2.796s] -- Up-to-date: /home/jacobrod/worms_ws/install/ros_gz_interfaces/include/ros_gz_interfaces/ros_gz_interfaces/srv/detail/delete_entity__type_support.h
[2.796s] -- Up-to-date: /home/jacobrod/worms_ws/install/ros_gz_interfaces/include/ros_gz_interfaces/ros_gz_interfaces/srv/spawn_entity.h
[2.796s] -- Up-to-date: /home/jacobrod/worms_ws/install/ros_gz_interfaces/include/ros_gz_interfaces/ros_gz_interfaces/srv/set_entity_pose.h
[2.797s] -- Up-to-date: /home/jacobrod/worms_ws/install/ros_gz_interfaces/share/ros_gz_interfaces/environment/library_path.sh
[2.797s] -- Up-to-date: /home/jacobrod/worms_ws/install/ros_gz_interfaces/share/ros_gz_interfaces/environment/library_path.dsv
[2.798s] -- Up-to-date: /home/jacobrod/worms_ws/install/ros_gz_interfaces/lib/libros_gz_interfaces__rosidl_generator_c.so
[2.798s] -- Up-to-date: /home/jacobrod/worms_ws/install/ros_gz_interfaces/include/ros_gz_interfaces/ros_gz_interfaces
[2.798s] -- Up-to-date: /home/jacobrod/worms_ws/install/ros_gz_interfaces/include/ros_gz_interfaces/ros_gz_interfaces/msg
[2.799s] -- Up-to-date: /home/jacobrod/worms_ws/install/ros_gz_interfaces/include/ros_gz_interfaces/ros_gz_interfaces/msg/detail
[2.799s] -- Up-to-date: /home/jacobrod/worms_ws/install/ros_gz_interfaces/include/ros_gz_interfaces/ros_gz_interfaces/msg/detail/gui_camera__rosidl_typesupport_fastrtps_c.h
[2.799s] -- Up-to-date: /home/jacobrod/worms_ws/install/ros_gz_interfaces/include/ros_gz_interfaces/ros_gz_interfaces/msg/detail/entity__rosidl_typesupport_fastrtps_c.h
[2.799s] -- Up-to-date: /home/jacobrod/worms_ws/install/ros_gz_interfaces/include/ros_gz_interfaces/ros_gz_interfaces/msg/detail/param_vec__rosidl_typesupport_fastrtps_c.h
[2.800s] -- Up-to-date: /home/jacobrod/worms_ws/install/ros_gz_interfaces/include/ros_gz_interfaces/ros_gz_interfaces/msg/detail/altimeter__rosidl_typesupport_fastrtps_c.h
[2.800s] -- Up-to-date: /home/jacobrod/worms_ws/install/ros_gz_interfaces/include/ros_gz_interfaces/ros_gz_interfaces/msg/detail/contact__rosidl_typesupport_fastrtps_c.h
[2.801s] -- Up-to-date: /home/jacobrod/worms_ws/install/ros_gz_interfaces/include/ros_gz_interfaces/ros_gz_interfaces/msg/detail/string_vec__rosidl_typesupport_fastrtps_c.h
[2.801s] -- Up-to-date: /home/jacobrod/worms_ws/install/ros_gz_interfaces/include/ros_gz_interfaces/ros_gz_interfaces/msg/detail/entity_factory__rosidl_typesupport_fastrtps_c.h
[2.801s] -- Up-to-date: /home/jacobrod/worms_ws/install/ros_gz_interfaces/include/ros_gz_interfaces/ros_gz_interfaces/msg/detail/world_reset__rosidl_typesupport_fastrtps_c.h
[2.802s] -- Up-to-date: /home/jacobrod/worms_ws/install/ros_gz_interfaces/include/ros_gz_interfaces/ros_gz_interfaces/msg/detail/float32_array__rosidl_typesupport_fastrtps_c.h
[2.802s] -- Up-to-date: /home/jacobrod/worms_ws/install/ros_gz_interfaces/include/ros_gz_interfaces/ros_gz_interfaces/msg/detail/world_control__rosidl_typesupport_fastrtps_c.h
[2.802s] -- Up-to-date: /home/jacobrod/worms_ws/install/ros_gz_interfaces/include/ros_gz_interfaces/ros_gz_interfaces/msg/detail/light__rosidl_typesupport_fastrtps_c.h
[2.803s] -- Up-to-date: /home/jacobrod/worms_ws/install/ros_gz_interfaces/include/ros_gz_interfaces/ros_gz_interfaces/msg/detail/video_record__rosidl_typesupport_fastrtps_c.h
[2.803s] -- Up-to-date: /home/jacobrod/worms_ws/install/ros_gz_interfaces/include/ros_gz_interfaces/ros_gz_interfaces/msg/detail/sensor_noise__rosidl_typesupport_fastrtps_c.h
[2.803s] -- Up-to-date: /home/jacobrod/worms_ws/install/ros_gz_interfaces/include/ros_gz_interfaces/ros_gz_interfaces/msg/detail/track_visual__rosidl_typesupport_fastrtps_c.h
[2.803s] -- Up-to-date: /home/jacobrod/worms_ws/install/ros_gz_interfaces/include/ros_gz_interfaces/ros_gz_interfaces/msg/detail/joint_wrench__rosidl_typesupport_fastrtps_c.h
[2.803s] -- Up-to-date: /home/jacobrod/worms_ws/install/ros_gz_interfaces/include/ros_gz_interfaces/ros_gz_interfaces/msg/detail/dataframe__rosidl_typesupport_fastrtps_c.h
[2.804s] -- Up-to-date: /home/jacobrod/worms_ws/install/ros_gz_interfaces/include/ros_gz_interfaces/ros_gz_interfaces/msg/detail/contacts__rosidl_typesupport_fastrtps_c.h
[2.804s] -- Up-to-date: /home/jacobrod/worms_ws/install/ros_gz_interfaces/include/ros_gz_interfaces/ros_gz_interfaces/msg/rosidl_typesupport_fastrtps_c__visibility_control.h
[2.804s] -- Up-to-date: /home/jacobrod/worms_ws/install/ros_gz_interfaces/include/ros_gz_interfaces/ros_gz_interfaces/srv
[2.804s] -- Up-to-date: /home/jacobrod/worms_ws/install/ros_gz_interfaces/include/ros_gz_interfaces/ros_gz_interfaces/srv/detail
[2.804s] -- Up-to-date: /home/jacobrod/worms_ws/install/ros_gz_interfaces/include/ros_gz_interfaces/ros_gz_interfaces/srv/detail/delete_entity__rosidl_typesupport_fastrtps_c.h
[2.805s] -- Up-to-date: /home/jacobrod/worms_ws/install/ros_gz_interfaces/include/ros_gz_interfaces/ros_gz_interfaces/srv/detail/spawn_entity__rosidl_typesupport_fastrtps_c.h
[2.805s] -- Up-to-date: /home/jacobrod/worms_ws/install/ros_gz_interfaces/include/ros_gz_interfaces/ros_gz_interfaces/srv/detail/set_entity_pose__rosidl_typesupport_fastrtps_c.h
[2.806s] -- Up-to-date: /home/jacobrod/worms_ws/install/ros_gz_interfaces/include/ros_gz_interfaces/ros_gz_interfaces/srv/detail/control_world__rosidl_typesupport_fastrtps_c.h
[2.806s] -- Up-to-date: /home/jacobrod/worms_ws/install/ros_gz_interfaces/lib/libros_gz_interfaces__rosidl_typesupport_fastrtps_c.so
[2.807s] -- Up-to-date: /home/jacobrod/worms_ws/install/ros_gz_interfaces/include/ros_gz_interfaces/ros_gz_interfaces
[2.807s] -- Up-to-date: /home/jacobrod/worms_ws/install/ros_gz_interfaces/include/ros_gz_interfaces/ros_gz_interfaces/msg
[2.807s] -- Up-to-date: /home/jacobrod/worms_ws/install/ros_gz_interfaces/include/ros_gz_interfaces/ros_gz_interfaces/msg/joint_wrench.hpp
[2.808s] -- Up-to-date: /home/jacobrod/worms_ws/install/ros_gz_interfaces/include/ros_gz_interfaces/ros_gz_interfaces/msg/param_vec.hpp
[2.808s] -- Up-to-date: /home/jacobrod/worms_ws/install/ros_gz_interfaces/include/ros_gz_interfaces/ros_gz_interfaces/msg/contact.hpp
[2.808s] -- Up-to-date: /home/jacobrod/worms_ws/install/ros_gz_interfaces/include/ros_gz_interfaces/ros_gz_interfaces/msg/dataframe.hpp
[2.810s] -- Up-to-date: /home/jacobrod/worms_ws/install/ros_gz_interfaces/include/ros_gz_interfaces/ros_gz_interfaces/msg/float32_array.hpp
[2.810s] -- Up-to-date: /home/jacobrod/worms_ws/install/ros_gz_interfaces/include/ros_gz_interfaces/ros_gz_interfaces/msg/track_visual.hpp
[2.810s] -- Up-to-date: /home/jacobrod/worms_ws/install/ros_gz_interfaces/include/ros_gz_interfaces/ros_gz_interfaces/msg/entity_factory.hpp
[2.811s] -- Up-to-date: /home/jacobrod/worms_ws/install/ros_gz_interfaces/include/ros_gz_interfaces/ros_gz_interfaces/msg/world_reset.hpp
[2.811s] -- Up-to-date: /home/jacobrod/worms_ws/install/ros_gz_interfaces/include/ros_gz_interfaces/ros_gz_interfaces/msg/gui_camera.hpp
[2.811s] -- Up-to-date: /home/jacobrod/worms_ws/install/ros_gz_interfaces/include/ros_gz_interfaces/ros_gz_interfaces/msg/detail
[2.812s] -- Up-to-date: /home/jacobrod/worms_ws/install/ros_gz_interfaces/include/ros_gz_interfaces/ros_gz_interfaces/msg/detail/string_vec__builder.hpp
[2.813s] -- Up-to-date: /home/jacobrod/worms_ws/install/ros_gz_interfaces/include/ros_gz_interfaces/ros_gz_interfaces/msg/detail/video_record__traits.hpp
[2.813s] -- Up-to-date: /home/jacobrod/worms_ws/install/ros_gz_interfaces/include/ros_gz_interfaces/ros_gz_interfaces/msg/detail/sensor_noise__traits.hpp
[2.813s] -- Up-to-date: /home/jacobrod/worms_ws/install/ros_gz_interfaces/include/ros_gz_interfaces/ros_gz_interfaces/msg/detail/string_vec__traits.hpp
[2.814s] -- Up-to-date: /home/jacobrod/worms_ws/install/ros_gz_interfaces/include/ros_gz_interfaces/ros_gz_interfaces/msg/detail/float32_array__traits.hpp
[2.814s] -- Up-to-date: /home/jacobrod/worms_ws/install/ros_gz_interfaces/include/ros_gz_interfaces/ros_gz_interfaces/msg/detail/joint_wrench__builder.hpp
[2.814s] -- Up-to-date: /home/jacobrod/worms_ws/install/ros_gz_interfaces/include/ros_gz_interfaces/ros_gz_interfaces/msg/detail/float32_array__builder.hpp
[2.814s] -- Up-to-date: /home/jacobrod/worms_ws/install/ros_gz_interfaces/include/ros_gz_interfaces/ros_gz_interfaces/msg/detail/float32_array__struct.hpp
[2.815s] -- Up-to-date: /home/jacobrod/worms_ws/install/ros_gz_interfaces/include/ros_gz_interfaces/ros_gz_interfaces/msg/detail/world_control__struct.hpp
[2.815s] -- Up-to-date: /home/jacobrod/worms_ws/install/ros_gz_interfaces/include/ros_gz_interfaces/ros_gz_interfaces/msg/detail/sensor_noise__struct.hpp
[2.815s] -- Up-to-date: /home/jacobrod/worms_ws/install/ros_gz_interfaces/include/ros_gz_interfaces/ros_gz_interfaces/msg/detail/contacts__traits.hpp
[2.816s] -- Up-to-date: /home/jacobrod/worms_ws/install/ros_gz_interfaces/include/ros_gz_interfaces/ros_gz_interfaces/msg/detail/dataframe__traits.hpp
[2.816s] -- Up-to-date: /home/jacobrod/worms_ws/install/ros_gz_interfaces/include/ros_gz_interfaces/ros_gz_interfaces/msg/detail/track_visual__traits.hpp
[2.816s] -- Up-to-date: /home/jacobrod/worms_ws/install/ros_gz_interfaces/include/ros_gz_interfaces/ros_gz_interfaces/msg/detail/contacts__struct.hpp
[2.817s] -- Up-to-date: /home/jacobrod/worms_ws/install/ros_gz_interfaces/include/ros_gz_interfaces/ros_gz_interfaces/msg/detail/gui_camera__struct.hpp
[2.817s] -- Up-to-date: /home/jacobrod/worms_ws/install/ros_gz_interfaces/include/ros_gz_interfaces/ros_gz_interfaces/msg/detail/light__traits.hpp
[2.817s] -- Up-to-date: /home/jacobrod/worms_ws/install/ros_gz_interfaces/include/ros_gz_interfaces/ros_gz_interfaces/msg/detail/track_visual__builder.hpp
[2.818s] -- Up-to-date: /home/jacobrod/worms_ws/install/ros_gz_interfaces/include/ros_gz_interfaces/ros_gz_interfaces/msg/detail/entity__struct.hpp
[2.818s] -- Up-to-date: /home/jacobrod/worms_ws/install/ros_gz_interfaces/include/ros_gz_interfaces/ros_gz_interfaces/msg/detail/gui_camera__traits.hpp
[2.818s] -- Up-to-date: /home/jacobrod/worms_ws/install/ros_gz_interfaces/include/ros_gz_interfaces/ros_gz_interfaces/msg/detail/track_visual__struct.hpp
[2.819s] -- Up-to-date: /home/jacobrod/worms_ws/install/ros_gz_interfaces/include/ros_gz_interfaces/ros_gz_interfaces/msg/detail/altimeter__traits.hpp
[2.819s] -- Up-to-date: /home/jacobrod/worms_ws/install/ros_gz_interfaces/include/ros_gz_interfaces/ros_gz_interfaces/msg/detail/altimeter__builder.hpp
[2.819s] -- Up-to-date: /home/jacobrod/worms_ws/install/ros_gz_interfaces/include/ros_gz_interfaces/ros_gz_interfaces/msg/detail/video_record__builder.hpp
[2.819s] -- Up-to-date: /home/jacobrod/worms_ws/install/ros_gz_interfaces/include/ros_gz_interfaces/ros_gz_interfaces/msg/detail/altimeter__struct.hpp
[2.819s] -- Up-to-date: /home/jacobrod/worms_ws/install/ros_gz_interfaces/include/ros_gz_interfaces/ros_gz_interfaces/msg/detail/joint_wrench__traits.hpp
[2.819s] -- Up-to-date: /home/jacobrod/worms_ws/install/ros_gz_interfaces/include/ros_gz_interfaces/ros_gz_interfaces/msg/detail/param_vec__struct.hpp
[2.819s] -- Up-to-date: /home/jacobrod/worms_ws/install/ros_gz_interfaces/include/ros_gz_interfaces/ros_gz_interfaces/msg/detail/light__builder.hpp
[2.819s] -- Up-to-date: /home/jacobrod/worms_ws/install/ros_gz_interfaces/include/ros_gz_interfaces/ros_gz_interfaces/msg/detail/entity_factory__struct.hpp
[2.820s] -- Up-to-date: /home/jacobrod/worms_ws/install/ros_gz_interfaces/include/ros_gz_interfaces/ros_gz_interfaces/msg/detail/sensor_noise__builder.hpp
[2.820s] -- Up-to-date: /home/jacobrod/worms_ws/install/ros_gz_interfaces/include/ros_gz_interfaces/ros_gz_interfaces/msg/detail/world_reset__builder.hpp
[2.820s] -- Up-to-date: /home/jacobrod/worms_ws/install/ros_gz_interfaces/include/ros_gz_interfaces/ros_gz_interfaces/msg/detail/contact__builder.hpp
[2.821s] -- Up-to-date: /home/jacobrod/worms_ws/install/ros_gz_interfaces/include/ros_gz_interfaces/ros_gz_interfaces/msg/detail/world_control__builder.hpp
[2.821s] -- Up-to-date: /home/jacobrod/worms_ws/install/ros_gz_interfaces/include/ros_gz_interfaces/ros_gz_interfaces/msg/detail/string_vec__struct.hpp
[2.822s] -- Up-to-date: /home/jacobrod/worms_ws/install/ros_gz_interfaces/include/ros_gz_interfaces/ros_gz_interfaces/msg/detail/entity__traits.hpp
[2.822s] -- Up-to-date: /home/jacobrod/worms_ws/install/ros_gz_interfaces/include/ros_gz_interfaces/ros_gz_interfaces/msg/detail/entity_factory__traits.hpp
[2.823s] -- Up-to-date: /home/jacobrod/worms_ws/install/ros_gz_interfaces/include/ros_gz_interfaces/ros_gz_interfaces/msg/detail/world_reset__struct.hpp
[2.823s] -- Up-to-date: /home/jacobrod/worms_ws/install/ros_gz_interfaces/include/ros_gz_interfaces/ros_gz_interfaces/msg/detail/world_control__traits.hpp
[2.823s] -- Up-to-date: /home/jacobrod/worms_ws/install/ros_gz_interfaces/include/ros_gz_interfaces/ros_gz_interfaces/msg/detail/param_vec__builder.hpp
[2.823s] -- Up-to-date: /home/jacobrod/worms_ws/install/ros_gz_interfaces/include/ros_gz_interfaces/ros_gz_interfaces/msg/detail/dataframe__struct.hpp
[2.823s] -- Up-to-date: /home/jacobrod/worms_ws/install/ros_gz_interfaces/include/ros_gz_interfaces/ros_gz_interfaces/msg/detail/dataframe__builder.hpp
[2.824s] -- Up-to-date: /home/jacobrod/worms_ws/install/ros_gz_interfaces/include/ros_gz_interfaces/ros_gz_interfaces/msg/detail/contacts__builder.hpp
[2.824s] -- Up-to-date: /home/jacobrod/worms_ws/install/ros_gz_interfaces/include/ros_gz_interfaces/ros_gz_interfaces/msg/detail/world_reset__traits.hpp
[2.824s] -- Up-to-date: /home/jacobrod/worms_ws/install/ros_gz_interfaces/include/ros_gz_interfaces/ros_gz_interfaces/msg/detail/entity_factory__builder.hpp
[2.824s] -- Up-to-date: /home/jacobrod/worms_ws/install/ros_gz_interfaces/include/ros_gz_interfaces/ros_gz_interfaces/msg/detail/joint_wrench__struct.hpp
[2.826s] -- Up-to-date: /home/jacobrod/worms_ws/install/ros_gz_interfaces/include/ros_gz_interfaces/ros_gz_interfaces/msg/detail/contact__struct.hpp
[2.829s] -- Up-to-date: /home/jacobrod/worms_ws/install/ros_gz_interfaces/include/ros_gz_interfaces/ros_gz_interfaces/msg/detail/entity__builder.hpp
[2.830s] -- Up-to-date: /home/jacobrod/worms_ws/install/ros_gz_interfaces/include/ros_gz_interfaces/ros_gz_interfaces/msg/detail/param_vec__traits.hpp
[2.830s] -- Up-to-date: /home/jacobrod/worms_ws/install/ros_gz_interfaces/include/ros_gz_interfaces/ros_gz_interfaces/msg/detail/contact__traits.hpp
[2.830s] -- Up-to-date: /home/jacobrod/worms_ws/install/ros_gz_interfaces/include/ros_gz_interfaces/ros_gz_interfaces/msg/detail/light__struct.hpp
[2.831s] -- Up-to-date: /home/jacobrod/worms_ws/install/ros_gz_interfaces/include/ros_gz_interfaces/ros_gz_interfaces/msg/detail/video_record__struct.hpp
[2.831s] -- Up-to-date: /home/jacobrod/worms_ws/install/ros_gz_interfaces/include/ros_gz_interfaces/ros_gz_interfaces/msg/detail/gui_camera__builder.hpp
[2.831s] -- Up-to-date: /home/jacobrod/worms_ws/install/ros_gz_interfaces/include/ros_gz_interfaces/ros_gz_interfaces/msg/world_control.hpp
[2.831s] -- Up-to-date: /home/jacobrod/worms_ws/install/ros_gz_interfaces/include/ros_gz_interfaces/ros_gz_interfaces/msg/string_vec.hpp
[2.831s] -- Up-to-date: /home/jacobrod/worms_ws/install/ros_gz_interfaces/include/ros_gz_interfaces/ros_gz_interfaces/msg/sensor_noise.hpp
[2.831s] -- Up-to-date: /home/jacobrod/worms_ws/install/ros_gz_interfaces/include/ros_gz_interfaces/ros_gz_interfaces/msg/light.hpp
[2.831s] -- Up-to-date: /home/jacobrod/worms_ws/install/ros_gz_interfaces/include/ros_gz_interfaces/ros_gz_interfaces/msg/video_record.hpp
[2.832s] -- Up-to-date: /home/jacobrod/worms_ws/install/ros_gz_interfaces/include/ros_gz_interfaces/ros_gz_interfaces/msg/altimeter.hpp
[2.832s] -- Up-to-date: /home/jacobrod/worms_ws/install/ros_gz_interfaces/include/ros_gz_interfaces/ros_gz_interfaces/msg/entity.hpp
[2.832s] -- Up-to-date: /home/jacobrod/worms_ws/install/ros_gz_interfaces/include/ros_gz_interfaces/ros_gz_interfaces/msg/contacts.hpp
[2.832s] -- Up-to-date: /home/jacobrod/worms_ws/install/ros_gz_interfaces/include/ros_gz_interfaces/ros_gz_interfaces/srv
[2.833s] -- Up-to-date: /home/jacobrod/worms_ws/install/ros_gz_interfaces/include/ros_gz_interfaces/ros_gz_interfaces/srv/delete_entity.hpp
[2.833s] -- Up-to-date: /home/jacobrod/worms_ws/install/ros_gz_interfaces/include/ros_gz_interfaces/ros_gz_interfaces/srv/control_world.hpp
[2.833s] -- Up-to-date: /home/jacobrod/worms_ws/install/ros_gz_interfaces/include/ros_gz_interfaces/ros_gz_interfaces/srv/spawn_entity.hpp
[2.834s] -- Up-to-date: /home/jacobrod/worms_ws/install/ros_gz_interfaces/include/ros_gz_interfaces/ros_gz_interfaces/srv/detail
[2.835s] -- Up-to-date: /home/jacobrod/worms_ws/install/ros_gz_interfaces/include/ros_gz_interfaces/ros_gz_interfaces/srv/detail/spawn_entity__struct.hpp
[2.835s] -- Up-to-date: /home/jacobrod/worms_ws/install/ros_gz_interfaces/include/ros_gz_interfaces/ros_gz_interfaces/srv/detail/set_entity_pose__traits.hpp
[2.836s] -- Up-to-date: /home/jacobrod/worms_ws/install/ros_gz_interfaces/include/ros_gz_interfaces/ros_gz_interfaces/srv/detail/delete_entity__builder.hpp
[2.836s] -- Up-to-date: /home/jacobrod/worms_ws/install/ros_gz_interfaces/include/ros_gz_interfaces/ros_gz_interfaces/srv/detail/set_entity_pose__struct.hpp
[2.837s] -- Up-to-date: /home/jacobrod/worms_ws/install/ros_gz_interfaces/include/ros_gz_interfaces/ros_gz_interfaces/srv/detail/control_world__struct.hpp
[2.838s] -- Up-to-date: /home/jacobrod/worms_ws/install/ros_gz_interfaces/include/ros_gz_interfaces/ros_gz_interfaces/srv/detail/control_world__builder.hpp
[2.838s] -- Up-to-date: /home/jacobrod/worms_ws/install/ros_gz_interfaces/include/ros_gz_interfaces/ros_gz_interfaces/srv/detail/control_world__traits.hpp
[2.839s] -- Up-to-date: /home/jacobrod/worms_ws/install/ros_gz_interfaces/include/ros_gz_interfaces/ros_gz_interfaces/srv/detail/delete_entity__struct.hpp
[2.840s] -- Up-to-date: /home/jacobrod/worms_ws/install/ros_gz_interfaces/include/ros_gz_interfaces/ros_gz_interfaces/srv/detail/set_entity_pose__builder.hpp
[2.841s] -- Up-to-date: /home/jacobrod/worms_ws/install/ros_gz_interfaces/include/ros_gz_interfaces/ros_gz_interfaces/srv/detail/spawn_entity__builder.hpp
[2.842s] -- Up-to-date: /home/jacobrod/worms_ws/install/ros_gz_interfaces/include/ros_gz_interfaces/ros_gz_interfaces/srv/detail/spawn_entity__traits.hpp
[2.842s] -- Up-to-date: /home/jacobrod/worms_ws/install/ros_gz_interfaces/include/ros_gz_interfaces/ros_gz_interfaces/srv/detail/delete_entity__traits.hpp
[2.842s] -- Up-to-date: /home/jacobrod/worms_ws/install/ros_gz_interfaces/include/ros_gz_interfaces/ros_gz_interfaces/srv/set_entity_pose.hpp
[2.842s] -- Up-to-date: /home/jacobrod/worms_ws/install/ros_gz_interfaces/include/ros_gz_interfaces/ros_gz_interfaces
[2.843s] -- Up-to-date: /home/jacobrod/worms_ws/install/ros_gz_interfaces/include/ros_gz_interfaces/ros_gz_interfaces/msg
[2.843s] -- Up-to-date: /home/jacobrod/worms_ws/install/ros_gz_interfaces/include/ros_gz_interfaces/ros_gz_interfaces/msg/detail
[2.843s] -- Up-to-date: /home/jacobrod/worms_ws/install/ros_gz_interfaces/include/ros_gz_interfaces/ros_gz_interfaces/msg/detail/contact__rosidl_typesupport_fastrtps_cpp.hpp
[2.843s] -- Up-to-date: /home/jacobrod/worms_ws/install/ros_gz_interfaces/include/ros_gz_interfaces/ros_gz_interfaces/msg/detail/video_record__rosidl_typesupport_fastrtps_cpp.hpp
[2.843s] -- Up-to-date: /home/jacobrod/worms_ws/install/ros_gz_interfaces/include/ros_gz_interfaces/ros_gz_interfaces/msg/detail/entity__rosidl_typesupport_fastrtps_cpp.hpp
[2.844s] -- Up-to-date: /home/jacobrod/worms_ws/install/ros_gz_interfaces/include/ros_gz_interfaces/ros_gz_interfaces/msg/detail/joint_wrench__rosidl_typesupport_fastrtps_cpp.hpp
[2.845s] -- Up-to-date: /home/jacobrod/worms_ws/install/ros_gz_interfaces/include/ros_gz_interfaces/ros_gz_interfaces/msg/detail/world_control__rosidl_typesupport_fastrtps_cpp.hpp
[2.845s] -- Up-to-date: /home/jacobrod/worms_ws/install/ros_gz_interfaces/include/ros_gz_interfaces/ros_gz_interfaces/msg/detail/sensor_noise__rosidl_typesupport_fastrtps_cpp.hpp
[2.848s] -- Up-to-date: /home/jacobrod/worms_ws/install/ros_gz_interfaces/include/ros_gz_interfaces/ros_gz_interfaces/msg/detail/entity_factory__rosidl_typesupport_fastrtps_cpp.hpp
[2.849s] -- Up-to-date: /home/jacobrod/worms_ws/install/ros_gz_interfaces/include/ros_gz_interfaces/ros_gz_interfaces/msg/detail/gui_camera__rosidl_typesupport_fastrtps_cpp.hpp
[2.849s] -- Up-to-date: /home/jacobrod/worms_ws/install/ros_gz_interfaces/include/ros_gz_interfaces/ros_gz_interfaces/msg/detail/light__rosidl_typesupport_fastrtps_cpp.hpp
[2.849s] -- Up-to-date: /home/jacobrod/worms_ws/install/ros_gz_interfaces/include/ros_gz_interfaces/ros_gz_interfaces/msg/detail/contacts__rosidl_typesupport_fastrtps_cpp.hpp
[2.850s] -- Up-to-date: /home/jacobrod/worms_ws/install/ros_gz_interfaces/include/ros_gz_interfaces/ros_gz_interfaces/msg/detail/dataframe__rosidl_typesupport_fastrtps_cpp.hpp
[2.850s] -- Up-to-date: /home/jacobrod/worms_ws/install/ros_gz_interfaces/include/ros_gz_interfaces/ros_gz_interfaces/msg/detail/track_visual__rosidl_typesupport_fastrtps_cpp.hpp
[2.853s] -- Up-to-date: /home/jacobrod/worms_ws/install/ros_gz_interfaces/include/ros_gz_interfaces/ros_gz_interfaces/msg/detail/dds_fastrtps
[2.853s] -- Up-to-date: /home/jacobrod/worms_ws/install/ros_gz_interfaces/include/ros_gz_interfaces/ros_gz_interfaces/msg/detail/float32_array__rosidl_typesupport_fastrtps_cpp.hpp
[2.853s] -- Up-to-date: /home/jacobrod/worms_ws/install/ros_gz_interfaces/include/ros_gz_interfaces/ros_gz_interfaces/msg/detail/altimeter__rosidl_typesupport_fastrtps_cpp.hpp
[2.853s] -- Up-to-date: /home/jacobrod/worms_ws/install/ros_gz_interfaces/include/ros_gz_interfaces/ros_gz_interfaces/msg/detail/param_vec__rosidl_typesupport_fastrtps_cpp.hpp
[2.853s] -- Up-to-date: /home/jacobrod/worms_ws/install/ros_gz_interfaces/include/ros_gz_interfaces/ros_gz_interfaces/msg/detail/world_reset__rosidl_typesupport_fastrtps_cpp.hpp
[2.854s] -- Up-to-date: /home/jacobrod/worms_ws/install/ros_gz_interfaces/include/ros_gz_interfaces/ros_gz_interfaces/msg/detail/string_vec__rosidl_typesupport_fastrtps_cpp.hpp
[2.854s] -- Up-to-date: /home/jacobrod/worms_ws/install/ros_gz_interfaces/include/ros_gz_interfaces/ros_gz_interfaces/msg/rosidl_typesupport_fastrtps_cpp__visibility_control.h
[2.854s] -- Up-to-date: /home/jacobrod/worms_ws/install/ros_gz_interfaces/include/ros_gz_interfaces/ros_gz_interfaces/srv
[2.854s] -- Up-to-date: /home/jacobrod/worms_ws/install/ros_gz_interfaces/include/ros_gz_interfaces/ros_gz_interfaces/srv/detail
[2.854s] -- Up-to-date: /home/jacobrod/worms_ws/install/ros_gz_interfaces/include/ros_gz_interfaces/ros_gz_interfaces/srv/detail/control_world__rosidl_typesupport_fastrtps_cpp.hpp
[2.854s] -- Up-to-date: /home/jacobrod/worms_ws/install/ros_gz_interfaces/include/ros_gz_interfaces/ros_gz_interfaces/srv/detail/delete_entity__rosidl_typesupport_fastrtps_cpp.hpp
[2.855s] -- Up-to-date: /home/jacobrod/worms_ws/install/ros_gz_interfaces/include/ros_gz_interfaces/ros_gz_interfaces/srv/detail/dds_fastrtps
[2.855s] -- Up-to-date: /home/jacobrod/worms_ws/install/ros_gz_interfaces/include/ros_gz_interfaces/ros_gz_interfaces/srv/detail/spawn_entity__rosidl_typesupport_fastrtps_cpp.hpp
[2.855s] -- Up-to-date: /home/jacobrod/worms_ws/install/ros_gz_interfaces/include/ros_gz_interfaces/ros_gz_interfaces/srv/detail/set_entity_pose__rosidl_typesupport_fastrtps_cpp.hpp
[2.855s] -- Up-to-date: /home/jacobrod/worms_ws/install/ros_gz_interfaces/lib/libros_gz_interfaces__rosidl_typesupport_fastrtps_cpp.so
[2.855s] -- Up-to-date: /home/jacobrod/worms_ws/install/ros_gz_interfaces/include/ros_gz_interfaces/ros_gz_interfaces
[2.855s] -- Up-to-date: /home/jacobrod/worms_ws/install/ros_gz_interfaces/include/ros_gz_interfaces/ros_gz_interfaces/msg
[2.856s] -- Up-to-date: /home/jacobrod/worms_ws/install/ros_gz_interfaces/include/ros_gz_interfaces/ros_gz_interfaces/msg/rosidl_typesupport_introspection_c__visibility_control.h
[2.856s] -- Up-to-date: /home/jacobrod/worms_ws/install/ros_gz_interfaces/include/ros_gz_interfaces/ros_gz_interfaces/msg/detail
[2.856s] -- Up-to-date: /home/jacobrod/worms_ws/install/ros_gz_interfaces/include/ros_gz_interfaces/ros_gz_interfaces/msg/detail/entity_factory__type_support.c
[2.856s] -- Up-to-date: /home/jacobrod/worms_ws/install/ros_gz_interfaces/include/ros_gz_interfaces/ros_gz_interfaces/msg/detail/entity__type_support.c
[2.857s] -- Up-to-date: /home/jacobrod/worms_ws/install/ros_gz_interfaces/include/ros_gz_interfaces/ros_gz_interfaces/msg/detail/light__type_support.c
[2.857s] -- Up-to-date: /home/jacobrod/worms_ws/install/ros_gz_interfaces/include/ros_gz_interfaces/ros_gz_interfaces/msg/detail/contacts__rosidl_typesupport_introspection_c.h
[2.857s] -- Up-to-date: /home/jacobrod/worms_ws/install/ros_gz_interfaces/include/ros_gz_interfaces/ros_gz_interfaces/msg/detail/string_vec__rosidl_typesupport_introspection_c.h
[2.857s] -- Up-to-date: /home/jacobrod/worms_ws/install/ros_gz_interfaces/include/ros_gz_interfaces/ros_gz_interfaces/msg/detail/param_vec__type_support.c
[2.857s] -- Up-to-date: /home/jacobrod/worms_ws/install/ros_gz_interfaces/include/ros_gz_interfaces/ros_gz_interfaces/msg/detail/param_vec__rosidl_typesupport_introspection_c.h
[2.858s] -- Up-to-date: /home/jacobrod/worms_ws/install/ros_gz_interfaces/include/ros_gz_interfaces/ros_gz_interfaces/msg/detail/track_visual__rosidl_typesupport_introspection_c.h
[2.858s] -- Up-to-date: /home/jacobrod/worms_ws/install/ros_gz_interfaces/include/ros_gz_interfaces/ros_gz_interfaces/msg/detail/altimeter__type_support.c
[2.859s] -- Up-to-date: /home/jacobrod/worms_ws/install/ros_gz_interfaces/include/ros_gz_interfaces/ros_gz_interfaces/msg/detail/contacts__type_support.c
[2.860s] -- Up-to-date: /home/jacobrod/worms_ws/install/ros_gz_interfaces/include/ros_gz_interfaces/ros_gz_interfaces/msg/detail/dataframe__rosidl_typesupport_introspection_c.h
[2.860s] -- Up-to-date: /home/jacobrod/worms_ws/install/ros_gz_interfaces/include/ros_gz_interfaces/ros_gz_interfaces/msg/detail/track_visual__type_support.c
[2.861s] -- Up-to-date: /home/jacobrod/worms_ws/install/ros_gz_interfaces/include/ros_gz_interfaces/ros_gz_interfaces/msg/detail/contact__rosidl_typesupport_introspection_c.h
[2.862s] -- Up-to-date: /home/jacobrod/worms_ws/install/ros_gz_interfaces/include/ros_gz_interfaces/ros_gz_interfaces/msg/detail/altimeter__rosidl_typesupport_introspection_c.h
[2.862s] -- Up-to-date: /home/jacobrod/worms_ws/install/ros_gz_interfaces/include/ros_gz_interfaces/ros_gz_interfaces/msg/detail/world_control__rosidl_typesupport_introspection_c.h
[2.862s] -- Up-to-date: /home/jacobrod/worms_ws/install/ros_gz_interfaces/include/ros_gz_interfaces/ros_gz_interfaces/msg/detail/dataframe__type_support.c
[2.862s] -- Up-to-date: /home/jacobrod/worms_ws/install/ros_gz_interfaces/include/ros_gz_interfaces/ros_gz_interfaces/msg/detail/world_reset__rosidl_typesupport_introspection_c.h
[2.862s] -- Up-to-date: /home/jacobrod/worms_ws/install/ros_gz_interfaces/include/ros_gz_interfaces/ros_gz_interfaces/msg/detail/sensor_noise__type_support.c
[2.862s] -- Up-to-date: /home/jacobrod/worms_ws/install/ros_gz_interfaces/include/ros_gz_interfaces/ros_gz_interfaces/msg/detail/entity__rosidl_typesupport_introspection_c.h
[2.863s] -- Up-to-date: /home/jacobrod/worms_ws/install/ros_gz_interfaces/include/ros_gz_interfaces/ros_gz_interfaces/msg/detail/video_record__rosidl_typesupport_introspection_c.h
[2.863s] -- Up-to-date: /home/jacobrod/worms_ws/install/ros_gz_interfaces/include/ros_gz_interfaces/ros_gz_interfaces/msg/detail/sensor_noise__rosidl_typesupport_introspection_c.h
[2.863s] -- Up-to-date: /home/jacobrod/worms_ws/install/ros_gz_interfaces/include/ros_gz_interfaces/ros_gz_interfaces/msg/detail/video_record__type_support.c
[2.863s] -- Up-to-date: /home/jacobrod/worms_ws/install/ros_gz_interfaces/include/ros_gz_interfaces/ros_gz_interfaces/msg/detail/entity_factory__rosidl_typesupport_introspection_c.h
[2.863s] -- Up-to-date: /home/jacobrod/worms_ws/install/ros_gz_interfaces/include/ros_gz_interfaces/ros_gz_interfaces/msg/detail/float32_array__rosidl_typesupport_introspection_c.h
[2.864s] -- Up-to-date: /home/jacobrod/worms_ws/install/ros_gz_interfaces/include/ros_gz_interfaces/ros_gz_interfaces/msg/detail/gui_camera__rosidl_typesupport_introspection_c.h
[2.865s] -- Up-to-date: /home/jacobrod/worms_ws/install/ros_gz_interfaces/include/ros_gz_interfaces/ros_gz_interfaces/msg/detail/world_reset__type_support.c
[2.865s] -- Up-to-date: /home/jacobrod/worms_ws/install/ros_gz_interfaces/include/ros_gz_interfaces/ros_gz_interfaces/msg/detail/joint_wrench__type_support.c
[2.866s] -- Up-to-date: /home/jacobrod/worms_ws/install/ros_gz_interfaces/include/ros_gz_interfaces/ros_gz_interfaces/msg/detail/string_vec__type_support.c
[2.866s] -- Up-to-date: /home/jacobrod/worms_ws/install/ros_gz_interfaces/include/ros_gz_interfaces/ros_gz_interfaces/msg/detail/joint_wrench__rosidl_typesupport_introspection_c.h
[2.866s] -- Up-to-date: /home/jacobrod/worms_ws/install/ros_gz_interfaces/include/ros_gz_interfaces/ros_gz_interfaces/msg/detail/world_control__type_support.c
[2.866s] -- Up-to-date: /home/jacobrod/worms_ws/install/ros_gz_interfaces/include/ros_gz_interfaces/ros_gz_interfaces/msg/detail/float32_array__type_support.c
[2.867s] -- Up-to-date: /home/jacobrod/worms_ws/install/ros_gz_interfaces/include/ros_gz_interfaces/ros_gz_interfaces/msg/detail/gui_camera__type_support.c
[2.867s] -- Up-to-date: /home/jacobrod/worms_ws/install/ros_gz_interfaces/include/ros_gz_interfaces/ros_gz_interfaces/msg/detail/light__rosidl_typesupport_introspection_c.h
[2.867s] -- Up-to-date: /home/jacobrod/worms_ws/install/ros_gz_interfaces/include/ros_gz_interfaces/ros_gz_interfaces/msg/detail/contact__type_support.c
[2.867s] -- Up-to-date: /home/jacobrod/worms_ws/install/ros_gz_interfaces/include/ros_gz_interfaces/ros_gz_interfaces/srv
[2.868s] -- Up-to-date: /home/jacobrod/worms_ws/install/ros_gz_interfaces/include/ros_gz_interfaces/ros_gz_interfaces/srv/detail
[2.868s] -- Up-to-date: /home/jacobrod/worms_ws/install/ros_gz_interfaces/include/ros_gz_interfaces/ros_gz_interfaces/srv/detail/delete_entity__type_support.c
[2.868s] -- Up-to-date: /home/jacobrod/worms_ws/install/ros_gz_interfaces/include/ros_gz_interfaces/ros_gz_interfaces/srv/detail/set_entity_pose__type_support.c
[2.868s] -- Up-to-date: /home/jacobrod/worms_ws/install/ros_gz_interfaces/include/ros_gz_interfaces/ros_gz_interfaces/srv/detail/spawn_entity__rosidl_typesupport_introspection_c.h
[2.868s] -- Up-to-date: /home/jacobrod/worms_ws/install/ros_gz_interfaces/include/ros_gz_interfaces/ros_gz_interfaces/srv/detail/set_entity_pose__rosidl_typesupport_introspection_c.h
[2.869s] -- Up-to-date: /home/jacobrod/worms_ws/install/ros_gz_interfaces/include/ros_gz_interfaces/ros_gz_interfaces/srv/detail/control_world__rosidl_typesupport_introspection_c.h
[2.869s] -- Up-to-date: /home/jacobrod/worms_ws/install/ros_gz_interfaces/include/ros_gz_interfaces/ros_gz_interfaces/srv/detail/spawn_entity__type_support.c
[2.869s] -- Up-to-date: /home/jacobrod/worms_ws/install/ros_gz_interfaces/include/ros_gz_interfaces/ros_gz_interfaces/srv/detail/delete_entity__rosidl_typesupport_introspection_c.h
[2.869s] -- Up-to-date: /home/jacobrod/worms_ws/install/ros_gz_interfaces/include/ros_gz_interfaces/ros_gz_interfaces/srv/detail/control_world__type_support.c
[2.869s] -- Up-to-date: /home/jacobrod/worms_ws/install/ros_gz_interfaces/lib/libros_gz_interfaces__rosidl_typesupport_introspection_c.so
[2.870s] -- Up-to-date: /home/jacobrod/worms_ws/install/ros_gz_interfaces/lib/libros_gz_interfaces__rosidl_typesupport_c.so
[2.870s] -- Up-to-date: /home/jacobrod/worms_ws/install/ros_gz_interfaces/include/ros_gz_interfaces/ros_gz_interfaces
[2.872s] -- Up-to-date: /home/jacobrod/worms_ws/install/ros_gz_interfaces/include/ros_gz_interfaces/ros_gz_interfaces/msg
[2.873s] -- Up-to-date: /home/jacobrod/worms_ws/install/ros_gz_interfaces/include/ros_gz_interfaces/ros_gz_interfaces/msg/detail
[2.876s] -- Up-to-date: /home/jacobrod/worms_ws/install/ros_gz_interfaces/include/ros_gz_interfaces/ros_gz_interfaces/msg/detail/param_vec__type_support.cpp
[2.877s] -- Up-to-date: /home/jacobrod/worms_ws/install/ros_gz_interfaces/include/ros_gz_interfaces/ros_gz_interfaces/msg/detail/float32_array__rosidl_typesupport_introspection_cpp.hpp
[2.877s] -- Up-to-date: /home/jacobrod/worms_ws/install/ros_gz_interfaces/include/ros_gz_interfaces/ros_gz_interfaces/msg/detail/world_reset__rosidl_typesupport_introspection_cpp.hpp
[2.878s] -- Up-to-date: /home/jacobrod/worms_ws/install/ros_gz_interfaces/include/ros_gz_interfaces/ros_gz_interfaces/msg/detail/entity_factory__type_support.cpp
[2.878s] -- Up-to-date: /home/jacobrod/worms_ws/install/ros_gz_interfaces/include/ros_gz_interfaces/ros_gz_interfaces/msg/detail/world_control__type_support.cpp
[2.878s] -- Up-to-date: /home/jacobrod/worms_ws/install/ros_gz_interfaces/include/ros_gz_interfaces/ros_gz_interfaces/msg/detail/param_vec__rosidl_typesupport_introspection_cpp.hpp
[2.878s] -- Up-to-date: /home/jacobrod/worms_ws/install/ros_gz_interfaces/include/ros_gz_interfaces/ros_gz_interfaces/msg/detail/contacts__rosidl_typesupport_introspection_cpp.hpp
[2.879s] -- Up-to-date: /home/jacobrod/worms_ws/install/ros_gz_interfaces/include/ros_gz_interfaces/ros_gz_interfaces/msg/detail/joint_wrench__rosidl_typesupport_introspection_cpp.hpp
[2.879s] -- Up-to-date: /home/jacobrod/worms_ws/install/ros_gz_interfaces/include/ros_gz_interfaces/ros_gz_interfaces/msg/detail/video_record__rosidl_typesupport_introspection_cpp.hpp
[2.879s] -- Up-to-date: /home/jacobrod/worms_ws/install/ros_gz_interfaces/include/ros_gz_interfaces/ros_gz_interfaces/msg/detail/track_visual__rosidl_typesupport_introspection_cpp.hpp
[2.879s] -- Up-to-date: /home/jacobrod/worms_ws/install/ros_gz_interfaces/include/ros_gz_interfaces/ros_gz_interfaces/msg/detail/string_vec__rosidl_typesupport_introspection_cpp.hpp
[2.879s] -- Up-to-date: /home/jacobrod/worms_ws/install/ros_gz_interfaces/include/ros_gz_interfaces/ros_gz_interfaces/msg/detail/light__rosidl_typesupport_introspection_cpp.hpp
[2.882s] -- Up-to-date: /home/jacobrod/worms_ws/install/ros_gz_interfaces/include/ros_gz_interfaces/ros_gz_interfaces/msg/detail/track_visual__type_support.cpp
[2.882s] -- Up-to-date: /home/jacobrod/worms_ws/install/ros_gz_interfaces/include/ros_gz_interfaces/ros_gz_interfaces/msg/detail/video_record__type_support.cpp
[2.882s] -- Up-to-date: /home/jacobrod/worms_ws/install/ros_gz_interfaces/include/ros_gz_interfaces/ros_gz_interfaces/msg/detail/entity_factory__rosidl_typesupport_introspection_cpp.hpp
[2.883s] -- Up-to-date: /home/jacobrod/worms_ws/install/ros_gz_interfaces/include/ros_gz_interfaces/ros_gz_interfaces/msg/detail/sensor_noise__type_support.cpp
[2.883s] -- Up-to-date: /home/jacobrod/worms_ws/install/ros_gz_interfaces/include/ros_gz_interfaces/ros_gz_interfaces/msg/detail/world_reset__type_support.cpp
[2.884s] -- Up-to-date: /home/jacobrod/worms_ws/install/ros_gz_interfaces/include/ros_gz_interfaces/ros_gz_interfaces/msg/detail/contact__type_support.cpp
[2.884s] -- Up-to-date: /home/jacobrod/worms_ws/install/ros_gz_interfaces/include/ros_gz_interfaces/ros_gz_interfaces/msg/detail/altimeter__rosidl_typesupport_introspection_cpp.hpp
[2.884s] -- Up-to-date: /home/jacobrod/worms_ws/install/ros_gz_interfaces/include/ros_gz_interfaces/ros_gz_interfaces/msg/detail/string_vec__type_support.cpp
[2.885s] -- Up-to-date: /home/jacobrod/worms_ws/install/ros_gz_interfaces/include/ros_gz_interfaces/ros_gz_interfaces/msg/detail/float32_array__type_support.cpp
[2.885s] -- Up-to-date: /home/jacobrod/worms_ws/install/ros_gz_interfaces/include/ros_gz_interfaces/ros_gz_interfaces/msg/detail/sensor_noise__rosidl_typesupport_introspection_cpp.hpp
[2.885s] -- Up-to-date: /home/jacobrod/worms_ws/install/ros_gz_interfaces/include/ros_gz_interfaces/ros_gz_interfaces/msg/detail/world_control__rosidl_typesupport_introspection_cpp.hpp
[2.885s] -- Up-to-date: /home/jacobrod/worms_ws/install/ros_gz_interfaces/include/ros_gz_interfaces/ros_gz_interfaces/msg/detail/light__type_support.cpp
[2.885s] -- Up-to-date: /home/jacobrod/worms_ws/install/ros_gz_interfaces/include/ros_gz_interfaces/ros_gz_interfaces/msg/detail/dataframe__type_support.cpp
[2.885s] -- Up-to-date: /home/jacobrod/worms_ws/install/ros_gz_interfaces/include/ros_gz_interfaces/ros_gz_interfaces/msg/detail/contacts__type_support.cpp
[2.885s] -- Up-to-date: /home/jacobrod/worms_ws/install/ros_gz_interfaces/include/ros_gz_interfaces/ros_gz_interfaces/msg/detail/gui_camera__type_support.cpp
[2.885s] -- Up-to-date: /home/jacobrod/worms_ws/install/ros_gz_interfaces/include/ros_gz_interfaces/ros_gz_interfaces/msg/detail/gui_camera__rosidl_typesupport_introspection_cpp.hpp
[2.886s] -- Up-to-date: /home/jacobrod/worms_ws/install/ros_gz_interfaces/include/ros_gz_interfaces/ros_gz_interfaces/msg/detail/dataframe__rosidl_typesupport_introspection_cpp.hpp
[2.886s] -- Up-to-date: /home/jacobrod/worms_ws/install/ros_gz_interfaces/include/ros_gz_interfaces/ros_gz_interfaces/msg/detail/contact__rosidl_typesupport_introspection_cpp.hpp
[2.886s] -- Up-to-date: /home/jacobrod/worms_ws/install/ros_gz_interfaces/include/ros_gz_interfaces/ros_gz_interfaces/msg/detail/entity__type_support.cpp
[2.886s] -- Up-to-date: /home/jacobrod/worms_ws/install/ros_gz_interfaces/include/ros_gz_interfaces/ros_gz_interfaces/msg/detail/entity__rosidl_typesupport_introspection_cpp.hpp
[2.887s] -- Up-to-date: /home/jacobrod/worms_ws/install/ros_gz_interfaces/include/ros_gz_interfaces/ros_gz_interfaces/msg/detail/altimeter__type_support.cpp
[2.887s] -- Up-to-date: /home/jacobrod/worms_ws/install/ros_gz_interfaces/include/ros_gz_interfaces/ros_gz_interfaces/msg/detail/joint_wrench__type_support.cpp
[2.888s] -- Up-to-date: /home/jacobrod/worms_ws/install/ros_gz_interfaces/include/ros_gz_interfaces/ros_gz_interfaces/srv
[2.888s] -- Up-to-date: /home/jacobrod/worms_ws/install/ros_gz_interfaces/include/ros_gz_interfaces/ros_gz_interfaces/srv/detail
[2.888s] -- Up-to-date: /home/jacobrod/worms_ws/install/ros_gz_interfaces/include/ros_gz_interfaces/ros_gz_interfaces/srv/detail/delete_entity__type_support.cpp
[2.893s] -- Up-to-date: /home/jacobrod/worms_ws/install/ros_gz_interfaces/include/ros_gz_interfaces/ros_gz_interfaces/srv/detail/set_entity_pose__type_support.cpp
[2.893s] -- Up-to-date: /home/jacobrod/worms_ws/install/ros_gz_interfaces/include/ros_gz_interfaces/ros_gz_interfaces/srv/detail/control_world__rosidl_typesupport_introspection_cpp.hpp
[2.894s] -- Up-to-date: /home/jacobrod/worms_ws/install/ros_gz_interfaces/include/ros_gz_interfaces/ros_gz_interfaces/srv/detail/delete_entity__rosidl_typesupport_introspection_cpp.hpp
[2.895s] -- Up-to-date: /home/jacobrod/worms_ws/install/ros_gz_interfaces/include/ros_gz_interfaces/ros_gz_interfaces/srv/detail/spawn_entity__rosidl_typesupport_introspection_cpp.hpp
[2.895s] -- Up-to-date: /home/jacobrod/worms_ws/install/ros_gz_interfaces/include/ros_gz_interfaces/ros_gz_interfaces/srv/detail/control_world__type_support.cpp
[2.896s] -- Up-to-date: /home/jacobrod/worms_ws/install/ros_gz_interfaces/include/ros_gz_interfaces/ros_gz_interfaces/srv/detail/spawn_entity__type_support.cpp
[2.896s] -- Up-to-date: /home/jacobrod/worms_ws/install/ros_gz_interfaces/include/ros_gz_interfaces/ros_gz_interfaces/srv/detail/set_entity_pose__rosidl_typesupport_introspection_cpp.hpp
[2.897s] -- Up-to-date: /home/jacobrod/worms_ws/install/ros_gz_interfaces/lib/libros_gz_interfaces__rosidl_typesupport_introspection_cpp.so
[2.897s] -- Up-to-date: /home/jacobrod/worms_ws/install/ros_gz_interfaces/lib/libros_gz_interfaces__rosidl_typesupport_cpp.so
[2.898s] -- Up-to-date: /home/jacobrod/worms_ws/install/ros_gz_interfaces/share/ros_gz_interfaces/environment/pythonpath.sh
[2.898s] -- Up-to-date: /home/jacobrod/worms_ws/install/ros_gz_interfaces/share/ros_gz_interfaces/environment/pythonpath.dsv
[2.898s] -- Up-to-date: /home/jacobrod/worms_ws/install/ros_gz_interfaces/local/lib/python3.10/dist-packages/ros_gz_interfaces-0.244.11-py3.10.egg-info
[2.899s] -- Installing: /home/jacobrod/worms_ws/install/ros_gz_interfaces/local/lib/python3.10/dist-packages/ros_gz_interfaces-0.244.11-py3.10.egg-info/PKG-INFO
[2.899s] -- Installing: /home/jacobrod/worms_ws/install/ros_gz_interfaces/local/lib/python3.10/dist-packages/ros_gz_interfaces-0.244.11-py3.10.egg-info/dependency_links.txt
[2.900s] -- Installing: /home/jacobrod/worms_ws/install/ros_gz_interfaces/local/lib/python3.10/dist-packages/ros_gz_interfaces-0.244.11-py3.10.egg-info/top_level.txt
[2.900s] -- Installing: /home/jacobrod/worms_ws/install/ros_gz_interfaces/local/lib/python3.10/dist-packages/ros_gz_interfaces-0.244.11-py3.10.egg-info/SOURCES.txt
[2.900s] -- Up-to-date: /home/jacobrod/worms_ws/install/ros_gz_interfaces/local/lib/python3.10/dist-packages/ros_gz_interfaces
[2.901s] -- Up-to-date: /home/jacobrod/worms_ws/install/ros_gz_interfaces/local/lib/python3.10/dist-packages/ros_gz_interfaces/_ros_gz_interfaces_s.ep.rosidl_typesupport_c.c
[2.901s] -- Up-to-date: /home/jacobrod/worms_ws/install/ros_gz_interfaces/local/lib/python3.10/dist-packages/ros_gz_interfaces/msg
[2.901s] -- Up-to-date: /home/jacobrod/worms_ws/install/ros_gz_interfaces/local/lib/python3.10/dist-packages/ros_gz_interfaces/msg/_joint_wrench.py
[2.902s] -- Up-to-date: /home/jacobrod/worms_ws/install/ros_gz_interfaces/local/lib/python3.10/dist-packages/ros_gz_interfaces/msg/_joint_wrench_s.c
[2.902s] -- Up-to-date: /home/jacobrod/worms_ws/install/ros_gz_interfaces/local/lib/python3.10/dist-packages/ros_gz_interfaces/msg/_param_vec_s.c
[2.902s] -- Up-to-date: /home/jacobrod/worms_ws/install/ros_gz_interfaces/local/lib/python3.10/dist-packages/ros_gz_interfaces/msg/_altimeter.py
[2.903s] -- Up-to-date: /home/jacobrod/worms_ws/install/ros_gz_interfaces/local/lib/python3.10/dist-packages/ros_gz_interfaces/msg/_param_vec.py
[2.903s] -- Up-to-date: /home/jacobrod/worms_ws/install/ros_gz_interfaces/local/lib/python3.10/dist-packages/ros_gz_interfaces/msg/_contact.py
[2.903s] -- Up-to-date: /home/jacobrod/worms_ws/install/ros_gz_interfaces/local/lib/python3.10/dist-packages/ros_gz_interfaces/msg/_dataframe.py
[2.904s] -- Up-to-date: /home/jacobrod/worms_ws/install/ros_gz_interfaces/local/lib/python3.10/dist-packages/ros_gz_interfaces/msg/_entity_factory.py
[2.904s] -- Up-to-date: /home/jacobrod/worms_ws/install/ros_gz_interfaces/local/lib/python3.10/dist-packages/ros_gz_interfaces/msg/_entity_factory_s.c
[2.904s] -- Up-to-date: /home/jacobrod/worms_ws/install/ros_gz_interfaces/local/lib/python3.10/dist-packages/ros_gz_interfaces/msg/_light_s.c
[2.905s] -- Up-to-date: /home/jacobrod/worms_ws/install/ros_gz_interfaces/local/lib/python3.10/dist-packages/ros_gz_interfaces/msg/_world_reset.py
[2.905s] -- Up-to-date: /home/jacobrod/worms_ws/install/ros_gz_interfaces/local/lib/python3.10/dist-packages/ros_gz_interfaces/msg/_gui_camera_s.c
[2.905s] -- Up-to-date: /home/jacobrod/worms_ws/install/ros_gz_interfaces/local/lib/python3.10/dist-packages/ros_gz_interfaces/msg/_track_visual_s.c
[2.906s] -- Up-to-date: /home/jacobrod/worms_ws/install/ros_gz_interfaces/local/lib/python3.10/dist-packages/ros_gz_interfaces/msg/_sensor_noise_s.c
[2.906s] -- Up-to-date: /home/jacobrod/worms_ws/install/ros_gz_interfaces/local/lib/python3.10/dist-packages/ros_gz_interfaces/msg/_video_record.py
[2.907s] -- Up-to-date: /home/jacobrod/worms_ws/install/ros_gz_interfaces/local/lib/python3.10/dist-packages/ros_gz_interfaces/msg/_contacts_s.c
[2.907s] -- Up-to-date: /home/jacobrod/worms_ws/install/ros_gz_interfaces/local/lib/python3.10/dist-packages/ros_gz_interfaces/msg/_contacts.py
[2.907s] -- Up-to-date: /home/jacobrod/worms_ws/install/ros_gz_interfaces/local/lib/python3.10/dist-packages/ros_gz_interfaces/msg/_light.py
[2.908s] -- Up-to-date: /home/jacobrod/worms_ws/install/ros_gz_interfaces/local/lib/python3.10/dist-packages/ros_gz_interfaces/msg/_track_visual.py
[2.908s] -- Up-to-date: /home/jacobrod/worms_ws/install/ros_gz_interfaces/local/lib/python3.10/dist-packages/ros_gz_interfaces/msg/_world_reset_s.c
[2.908s] -- Up-to-date: /home/jacobrod/worms_ws/install/ros_gz_interfaces/local/lib/python3.10/dist-packages/ros_gz_interfaces/msg/_float32_array_s.c
[2.909s] -- Up-to-date: /home/jacobrod/worms_ws/install/ros_gz_interfaces/local/lib/python3.10/dist-packages/ros_gz_interfaces/msg/_altimeter_s.c
[2.909s] -- Up-to-date: /home/jacobrod/worms_ws/install/ros_gz_interfaces/local/lib/python3.10/dist-packages/ros_gz_interfaces/msg/_string_vec_s.c
[2.909s] -- Up-to-date: /home/jacobrod/worms_ws/install/ros_gz_interfaces/local/lib/python3.10/dist-packages/ros_gz_interfaces/msg/_string_vec.py
[2.909s] -- Up-to-date: /home/jacobrod/worms_ws/install/ros_gz_interfaces/local/lib/python3.10/dist-packages/ros_gz_interfaces/msg/_entity.py
[2.910s] -- Up-to-date: /home/jacobrod/worms_ws/install/ros_gz_interfaces/local/lib/python3.10/dist-packages/ros_gz_interfaces/msg/_gui_camera.py
[2.910s] -- Up-to-date: /home/jacobrod/worms_ws/install/ros_gz_interfaces/local/lib/python3.10/dist-packages/ros_gz_interfaces/msg/_world_control_s.c
[2.910s] -- Up-to-date: /home/jacobrod/worms_ws/install/ros_gz_interfaces/local/lib/python3.10/dist-packages/ros_gz_interfaces/msg/_entity_s.c
[2.910s] -- Up-to-date: /home/jacobrod/worms_ws/install/ros_gz_interfaces/local/lib/python3.10/dist-packages/ros_gz_interfaces/msg/_contact_s.c
[2.911s] -- Up-to-date: /home/jacobrod/worms_ws/install/ros_gz_interfaces/local/lib/python3.10/dist-packages/ros_gz_interfaces/msg/_world_control.py
[2.911s] -- Up-to-date: /home/jacobrod/worms_ws/install/ros_gz_interfaces/local/lib/python3.10/dist-packages/ros_gz_interfaces/msg/_sensor_noise.py
[2.912s] -- Up-to-date: /home/jacobrod/worms_ws/install/ros_gz_interfaces/local/lib/python3.10/dist-packages/ros_gz_interfaces/msg/_float32_array.py
[2.912s] -- Up-to-date: /home/jacobrod/worms_ws/install/ros_gz_interfaces/local/lib/python3.10/dist-packages/ros_gz_interfaces/msg/_video_record_s.c
[2.912s] -- Up-to-date: /home/jacobrod/worms_ws/install/ros_gz_interfaces/local/lib/python3.10/dist-packages/ros_gz_interfaces/msg/__init__.py
[2.913s] -- Up-to-date: /home/jacobrod/worms_ws/install/ros_gz_interfaces/local/lib/python3.10/dist-packages/ros_gz_interfaces/msg/_dataframe_s.c
[2.913s] -- Up-to-date: /home/jacobrod/worms_ws/install/ros_gz_interfaces/local/lib/python3.10/dist-packages/ros_gz_interfaces/libros_gz_interfaces__rosidl_generator_py.so
[2.914s] -- Up-to-date: /home/jacobrod/worms_ws/install/ros_gz_interfaces/local/lib/python3.10/dist-packages/ros_gz_interfaces/_ros_gz_interfaces_s.ep.rosidl_typesupport_fastrtps_c.c
[2.914s] -- Up-to-date: /home/jacobrod/worms_ws/install/ros_gz_interfaces/local/lib/python3.10/dist-packages/ros_gz_interfaces/_ros_gz_interfaces_s.ep.rosidl_typesupport_introspection_c.c
[2.914s] -- Up-to-date: /home/jacobrod/worms_ws/install/ros_gz_interfaces/local/lib/python3.10/dist-packages/ros_gz_interfaces/ros_gz_interfaces_s__rosidl_typesupport_fastrtps_c.cpython-310-x86_64-linux-gnu.so
[2.914s] -- Up-to-date: /home/jacobrod/worms_ws/install/ros_gz_interfaces/local/lib/python3.10/dist-packages/ros_gz_interfaces/ros_gz_interfaces_s__rosidl_typesupport_introspection_c.cpython-310-x86_64-linux-gnu.so
[2.915s] -- Up-to-date: /home/jacobrod/worms_ws/install/ros_gz_interfaces/local/lib/python3.10/dist-packages/ros_gz_interfaces/srv
[2.915s] -- Up-to-date: /home/jacobrod/worms_ws/install/ros_gz_interfaces/local/lib/python3.10/dist-packages/ros_gz_interfaces/srv/_set_entity_pose_s.c
[2.915s] -- Up-to-date: /home/jacobrod/worms_ws/install/ros_gz_interfaces/local/lib/python3.10/dist-packages/ros_gz_interfaces/srv/_delete_entity.py
[2.916s] -- Up-to-date: /home/jacobrod/worms_ws/install/ros_gz_interfaces/local/lib/python3.10/dist-packages/ros_gz_interfaces/srv/_control_world_s.c
[2.916s] -- Up-to-date: /home/jacobrod/worms_ws/install/ros_gz_interfaces/local/lib/python3.10/dist-packages/ros_gz_interfaces/srv/_spawn_entity_s.c
[2.916s] -- Up-to-date: /home/jacobrod/worms_ws/install/ros_gz_interfaces/local/lib/python3.10/dist-packages/ros_gz_interfaces/srv/_spawn_entity.py
[2.916s] -- Up-to-date: /home/jacobrod/worms_ws/install/ros_gz_interfaces/local/lib/python3.10/dist-packages/ros_gz_interfaces/srv/_set_entity_pose.py
[2.916s] -- Up-to-date: /home/jacobrod/worms_ws/install/ros_gz_interfaces/local/lib/python3.10/dist-packages/ros_gz_interfaces/srv/_control_world.py
[2.916s] -- Up-to-date: /home/jacobrod/worms_ws/install/ros_gz_interfaces/local/lib/python3.10/dist-packages/ros_gz_interfaces/srv/_delete_entity_s.c
[2.916s] -- Up-to-date: /home/jacobrod/worms_ws/install/ros_gz_interfaces/local/lib/python3.10/dist-packages/ros_gz_interfaces/srv/__init__.py
[2.916s] -- Up-to-date: /home/jacobrod/worms_ws/install/ros_gz_interfaces/local/lib/python3.10/dist-packages/ros_gz_interfaces/ros_gz_interfaces_s__rosidl_typesupport_c.cpython-310-x86_64-linux-gnu.so
[2.917s] -- Up-to-date: /home/jacobrod/worms_ws/install/ros_gz_interfaces/local/lib/python3.10/dist-packages/ros_gz_interfaces/__init__.py
[2.917s] Listing '/home/jacobrod/worms_ws/install/ros_gz_interfaces/local/lib/python3.10/dist-packages/ros_gz_interfaces'...
[2.917s] Listing '/home/jacobrod/worms_ws/install/ros_gz_interfaces/local/lib/python3.10/dist-packages/ros_gz_interfaces/msg'...
[2.917s] Listing '/home/jacobrod/worms_ws/install/ros_gz_interfaces/local/lib/python3.10/dist-packages/ros_gz_interfaces/srv'...
[2.917s] -- Up-to-date: /home/jacobrod/worms_ws/install/ros_gz_interfaces/local/lib/python3.10/dist-packages/ros_gz_interfaces/ros_gz_interfaces_s__rosidl_typesupport_fastrtps_c.cpython-310-x86_64-linux-gnu.so
[2.918s] -- Up-to-date: /home/jacobrod/worms_ws/install/ros_gz_interfaces/local/lib/python3.10/dist-packages/ros_gz_interfaces/ros_gz_interfaces_s__rosidl_typesupport_introspection_c.cpython-310-x86_64-linux-gnu.so
[2.918s] -- Up-to-date: /home/jacobrod/worms_ws/install/ros_gz_interfaces/local/lib/python3.10/dist-packages/ros_gz_interfaces/ros_gz_interfaces_s__rosidl_typesupport_c.cpython-310-x86_64-linux-gnu.so
[2.918s] -- Up-to-date: /home/jacobrod/worms_ws/install/ros_gz_interfaces/lib/libros_gz_interfaces__rosidl_generator_py.so
[2.919s] -- Up-to-date: /home/jacobrod/worms_ws/install/ros_gz_interfaces/share/ros_gz_interfaces/msg/Altimeter.idl
[2.919s] -- Up-to-date: /home/jacobrod/worms_ws/install/ros_gz_interfaces/share/ros_gz_interfaces/msg/Contact.idl
[2.919s] -- Up-to-date: /home/jacobrod/worms_ws/install/ros_gz_interfaces/share/ros_gz_interfaces/msg/Contacts.idl
[2.920s] -- Up-to-date: /home/jacobrod/worms_ws/install/ros_gz_interfaces/share/ros_gz_interfaces/msg/Dataframe.idl
[2.923s] -- Up-to-date: /home/jacobrod/worms_ws/install/ros_gz_interfaces/share/ros_gz_interfaces/msg/Entity.idl
[2.923s] -- Up-to-date: /home/jacobrod/worms_ws/install/ros_gz_interfaces/share/ros_gz_interfaces/msg/EntityFactory.idl
[2.923s] -- Up-to-date: /home/jacobrod/worms_ws/install/ros_gz_interfaces/share/ros_gz_interfaces/msg/Float32Array.idl
[2.924s] -- Up-to-date: /home/jacobrod/worms_ws/install/ros_gz_interfaces/share/ros_gz_interfaces/msg/GuiCamera.idl
[2.924s] -- Up-to-date: /home/jacobrod/worms_ws/install/ros_gz_interfaces/share/ros_gz_interfaces/msg/JointWrench.idl
[2.924s] -- Up-to-date: /home/jacobrod/worms_ws/install/ros_gz_interfaces/share/ros_gz_interfaces/msg/Light.idl
[2.924s] -- Up-to-date: /home/jacobrod/worms_ws/install/ros_gz_interfaces/share/ros_gz_interfaces/msg/ParamVec.idl
[2.925s] -- Up-to-date: /home/jacobrod/worms_ws/install/ros_gz_interfaces/share/ros_gz_interfaces/msg/SensorNoise.idl
[2.925s] -- Up-to-date: /home/jacobrod/worms_ws/install/ros_gz_interfaces/share/ros_gz_interfaces/msg/StringVec.idl
[2.925s] -- Up-to-date: /home/jacobrod/worms_ws/install/ros_gz_interfaces/share/ros_gz_interfaces/msg/TrackVisual.idl
[2.925s] -- Up-to-date: /home/jacobrod/worms_ws/install/ros_gz_interfaces/share/ros_gz_interfaces/msg/VideoRecord.idl
[2.925s] -- Up-to-date: /home/jacobrod/worms_ws/install/ros_gz_interfaces/share/ros_gz_interfaces/msg/WorldControl.idl
[2.926s] -- Up-to-date: /home/jacobrod/worms_ws/install/ros_gz_interfaces/share/ros_gz_interfaces/msg/WorldReset.idl
[2.926s] -- Up-to-date: /home/jacobrod/worms_ws/install/ros_gz_interfaces/share/ros_gz_interfaces/srv/ControlWorld.idl
[2.926s] -- Up-to-date: /home/jacobrod/worms_ws/install/ros_gz_interfaces/share/ros_gz_interfaces/srv/DeleteEntity.idl
[2.927s] -- Up-to-date: /home/jacobrod/worms_ws/install/ros_gz_interfaces/share/ros_gz_interfaces/srv/SetEntityPose.idl
[2.927s] -- Up-to-date: /home/jacobrod/worms_ws/install/ros_gz_interfaces/share/ros_gz_interfaces/srv/SpawnEntity.idl
[2.927s] -- Up-to-date: /home/jacobrod/worms_ws/install/ros_gz_interfaces/share/ros_gz_interfaces/msg/Altimeter.msg
[2.928s] -- Up-to-date: /home/jacobrod/worms_ws/install/ros_gz_interfaces/share/ros_gz_interfaces/msg/Contact.msg
[2.928s] -- Up-to-date: /home/jacobrod/worms_ws/install/ros_gz_interfaces/share/ros_gz_interfaces/msg/Contacts.msg
[2.928s] -- Up-to-date: /home/jacobrod/worms_ws/install/ros_gz_interfaces/share/ros_gz_interfaces/msg/Dataframe.msg
[2.929s] -- Up-to-date: /home/jacobrod/worms_ws/install/ros_gz_interfaces/share/ros_gz_interfaces/msg/Entity.msg
[2.929s] -- Up-to-date: /home/jacobrod/worms_ws/install/ros_gz_interfaces/share/ros_gz_interfaces/msg/EntityFactory.msg
[2.929s] -- Up-to-date: /home/jacobrod/worms_ws/install/ros_gz_interfaces/share/ros_gz_interfaces/msg/Float32Array.msg
[2.930s] -- Up-to-date: /home/jacobrod/worms_ws/install/ros_gz_interfaces/share/ros_gz_interfaces/msg/GuiCamera.msg
[2.930s] -- Up-to-date: /home/jacobrod/worms_ws/install/ros_gz_interfaces/share/ros_gz_interfaces/msg/JointWrench.msg
[2.930s] -- Up-to-date: /home/jacobrod/worms_ws/install/ros_gz_interfaces/share/ros_gz_interfaces/msg/Light.msg
[2.931s] -- Up-to-date: /home/jacobrod/worms_ws/install/ros_gz_interfaces/share/ros_gz_interfaces/msg/ParamVec.msg
[2.931s] -- Up-to-date: /home/jacobrod/worms_ws/install/ros_gz_interfaces/share/ros_gz_interfaces/msg/SensorNoise.msg
[2.931s] -- Up-to-date: /home/jacobrod/worms_ws/install/ros_gz_interfaces/share/ros_gz_interfaces/msg/StringVec.msg
[2.931s] -- Up-to-date: /home/jacobrod/worms_ws/install/ros_gz_interfaces/share/ros_gz_interfaces/msg/TrackVisual.msg
[2.931s] -- Up-to-date: /home/jacobrod/worms_ws/install/ros_gz_interfaces/share/ros_gz_interfaces/msg/VideoRecord.msg
[2.932s] -- Up-to-date: /home/jacobrod/worms_ws/install/ros_gz_interfaces/share/ros_gz_interfaces/msg/WorldControl.msg
[2.932s] -- Up-to-date: /home/jacobrod/worms_ws/install/ros_gz_interfaces/share/ros_gz_interfaces/msg/WorldReset.msg
[2.932s] -- Up-to-date: /home/jacobrod/worms_ws/install/ros_gz_interfaces/share/ros_gz_interfaces/srv/ControlWorld.srv
[2.933s] -- Up-to-date: /home/jacobrod/worms_ws/install/ros_gz_interfaces/share/ros_gz_interfaces/srv/ControlWorld_Request.msg
[2.933s] -- Up-to-date: /home/jacobrod/worms_ws/install/ros_gz_interfaces/share/ros_gz_interfaces/srv/ControlWorld_Response.msg
[2.933s] -- Up-to-date: /home/jacobrod/worms_ws/install/ros_gz_interfaces/share/ros_gz_interfaces/srv/DeleteEntity.srv
[2.933s] -- Up-to-date: /home/jacobrod/worms_ws/install/ros_gz_interfaces/share/ros_gz_interfaces/srv/DeleteEntity_Request.msg
[2.933s] -- Up-to-date: /home/jacobrod/worms_ws/install/ros_gz_interfaces/share/ros_gz_interfaces/srv/DeleteEntity_Response.msg
[2.933s] -- Up-to-date: /home/jacobrod/worms_ws/install/ros_gz_interfaces/share/ros_gz_interfaces/srv/SetEntityPose.srv
[2.934s] -- Up-to-date: /home/jacobrod/worms_ws/install/ros_gz_interfaces/share/ros_gz_interfaces/srv/SetEntityPose_Request.msg
[2.934s] -- Up-to-date: /home/jacobrod/worms_ws/install/ros_gz_interfaces/share/ros_gz_interfaces/srv/SetEntityPose_Response.msg
[2.934s] -- Up-to-date: /home/jacobrod/worms_ws/install/ros_gz_interfaces/share/ros_gz_interfaces/srv/SpawnEntity.srv
[2.934s] -- Up-to-date: /home/jacobrod/worms_ws/install/ros_gz_interfaces/share/ros_gz_interfaces/srv/SpawnEntity_Request.msg
[2.934s] -- Up-to-date: /home/jacobrod/worms_ws/install/ros_gz_interfaces/share/ros_gz_interfaces/srv/SpawnEntity_Response.msg
[2.934s] -- Up-to-date: /home/jacobrod/worms_ws/install/ros_gz_interfaces/share/ament_index/resource_index/package_run_dependencies/ros_gz_interfaces
[2.935s] -- Up-to-date: /home/jacobrod/worms_ws/install/ros_gz_interfaces/share/ament_index/resource_index/parent_prefix_path/ros_gz_interfaces
[2.935s] -- Up-to-date: /home/jacobrod/worms_ws/install/ros_gz_interfaces/share/ros_gz_interfaces/environment/ament_prefix_path.sh
[2.935s] -- Up-to-date: /home/jacobrod/worms_ws/install/ros_gz_interfaces/share/ros_gz_interfaces/environment/ament_prefix_path.dsv
[2.935s] -- Up-to-date: /home/jacobrod/worms_ws/install/ros_gz_interfaces/share/ros_gz_interfaces/environment/path.sh
[2.936s] -- Up-to-date: /home/jacobrod/worms_ws/install/ros_gz_interfaces/share/ros_gz_interfaces/environment/path.dsv
[2.936s] -- Up-to-date: /home/jacobrod/worms_ws/install/ros_gz_interfaces/share/ros_gz_interfaces/local_setup.bash
[2.936s] -- Up-to-date: /home/jacobrod/worms_ws/install/ros_gz_interfaces/share/ros_gz_interfaces/local_setup.sh
[2.936s] -- Up-to-date: /home/jacobrod/worms_ws/install/ros_gz_interfaces/share/ros_gz_interfaces/local_setup.zsh
[2.937s] -- Up-to-date: /home/jacobrod/worms_ws/install/ros_gz_interfaces/share/ros_gz_interfaces/local_setup.dsv
[2.937s] -- Installing: /home/jacobrod/worms_ws/install/ros_gz_interfaces/share/ros_gz_interfaces/package.dsv
[2.938s] -- Up-to-date: /home/jacobrod/worms_ws/install/ros_gz_interfaces/share/ament_index/resource_index/packages/ros_gz_interfaces
[2.938s] -- Up-to-date: /home/jacobrod/worms_ws/install/ros_gz_interfaces/share/ros_gz_interfaces/cmake/export_ros_gz_interfaces__rosidl_generator_cExport.cmake
[2.938s] -- Up-to-date: /home/jacobrod/worms_ws/install/ros_gz_interfaces/share/ros_gz_interfaces/cmake/export_ros_gz_interfaces__rosidl_generator_cExport-noconfig.cmake
[2.938s] -- Up-to-date: /home/jacobrod/worms_ws/install/ros_gz_interfaces/share/ros_gz_interfaces/cmake/export_ros_gz_interfaces__rosidl_typesupport_fastrtps_cExport.cmake
[2.939s] -- Up-to-date: /home/jacobrod/worms_ws/install/ros_gz_interfaces/share/ros_gz_interfaces/cmake/export_ros_gz_interfaces__rosidl_typesupport_fastrtps_cExport-noconfig.cmake
[2.939s] -- Up-to-date: /home/jacobrod/worms_ws/install/ros_gz_interfaces/share/ros_gz_interfaces/cmake/export_ros_gz_interfaces__rosidl_generator_cppExport.cmake
[2.939s] -- Up-to-date: /home/jacobrod/worms_ws/install/ros_gz_interfaces/share/ros_gz_interfaces/cmake/export_ros_gz_interfaces__rosidl_typesupport_fastrtps_cppExport.cmake
[2.940s] -- Up-to-date: /home/jacobrod/worms_ws/install/ros_gz_interfaces/share/ros_gz_interfaces/cmake/export_ros_gz_interfaces__rosidl_typesupport_fastrtps_cppExport-noconfig.cmake
[2.940s] -- Up-to-date: /home/jacobrod/worms_ws/install/ros_gz_interfaces/share/ros_gz_interfaces/cmake/ros_gz_interfaces__rosidl_typesupport_introspection_cExport.cmake
[2.940s] -- Up-to-date: /home/jacobrod/worms_ws/install/ros_gz_interfaces/share/ros_gz_interfaces/cmake/ros_gz_interfaces__rosidl_typesupport_introspection_cExport-noconfig.cmake
[2.940s] -- Up-to-date: /home/jacobrod/worms_ws/install/ros_gz_interfaces/share/ros_gz_interfaces/cmake/ros_gz_interfaces__rosidl_typesupport_cExport.cmake
[2.940s] -- Up-to-date: /home/jacobrod/worms_ws/install/ros_gz_interfaces/share/ros_gz_interfaces/cmake/ros_gz_interfaces__rosidl_typesupport_cExport-noconfig.cmake
[2.941s] -- Up-to-date: /home/jacobrod/worms_ws/install/ros_gz_interfaces/share/ros_gz_interfaces/cmake/ros_gz_interfaces__rosidl_typesupport_introspection_cppExport.cmake
[2.941s] -- Up-to-date: /home/jacobrod/worms_ws/install/ros_gz_interfaces/share/ros_gz_interfaces/cmake/ros_gz_interfaces__rosidl_typesupport_introspection_cppExport-noconfig.cmake
[2.941s] -- Up-to-date: /home/jacobrod/worms_ws/install/ros_gz_interfaces/share/ros_gz_interfaces/cmake/ros_gz_interfaces__rosidl_typesupport_cppExport.cmake
[2.941s] -- Up-to-date: /home/jacobrod/worms_ws/install/ros_gz_interfaces/share/ros_gz_interfaces/cmake/ros_gz_interfaces__rosidl_typesupport_cppExport-noconfig.cmake
[2.941s] -- Up-to-date: /home/jacobrod/worms_ws/install/ros_gz_interfaces/share/ros_gz_interfaces/cmake/export_ros_gz_interfaces__rosidl_generator_pyExport.cmake
[2.942s] -- Up-to-date: /home/jacobrod/worms_ws/install/ros_gz_interfaces/share/ros_gz_interfaces/cmake/export_ros_gz_interfaces__rosidl_generator_pyExport-noconfig.cmake
[2.942s] -- Up-to-date: /home/jacobrod/worms_ws/install/ros_gz_interfaces/share/ros_gz_interfaces/cmake/rosidl_cmake-extras.cmake
[2.942s] -- Up-to-date: /home/jacobrod/worms_ws/install/ros_gz_interfaces/share/ros_gz_interfaces/cmake/ament_cmake_export_dependencies-extras.cmake
[2.942s] -- Up-to-date: /home/jacobrod/worms_ws/install/ros_gz_interfaces/share/ros_gz_interfaces/cmake/ament_cmake_export_include_directories-extras.cmake
[2.942s] -- Up-to-date: /home/jacobrod/worms_ws/install/ros_gz_interfaces/share/ros_gz_interfaces/cmake/ament_cmake_export_libraries-extras.cmake
[2.942s] -- Up-to-date: /home/jacobrod/worms_ws/install/ros_gz_interfaces/share/ros_gz_interfaces/cmake/ament_cmake_export_targets-extras.cmake
[2.943s] -- Up-to-date: /home/jacobrod/worms_ws/install/ros_gz_interfaces/share/ros_gz_interfaces/cmake/rosidl_cmake_export_typesupport_targets-extras.cmake
[2.943s] -- Up-to-date: /home/jacobrod/worms_ws/install/ros_gz_interfaces/share/ros_gz_interfaces/cmake/rosidl_cmake_export_typesupport_libraries-extras.cmake
[2.943s] -- Up-to-date: /home/jacobrod/worms_ws/install/ros_gz_interfaces/share/ros_gz_interfaces/cmake/ros_gz_interfacesConfig.cmake
[2.943s] -- Up-to-date: /home/jacobrod/worms_ws/install/ros_gz_interfaces/share/ros_gz_interfaces/cmake/ros_gz_interfacesConfig-version.cmake
[2.943s] -- Up-to-date: /home/jacobrod/worms_ws/install/ros_gz_interfaces/share/ros_gz_interfaces/package.xml
[3.069s] Invoked command in '/home/jacobrod/worms_ws/build/ros_gz_interfaces' returned '0': CMAKE_PREFIX_PATH=${CMAKE_PREFIX_PATH}:/home/jacobrod/worms_ws/install/worms_mech:/opt/ros/humble /usr/bin/cmake --install /home/jacobrod/worms_ws/build/ros_gz_interfaces
