running egg_info
writing ../../build/worms_mech/worms_mech.egg-info/PKG-INFO
writing dependency_links to ../../build/worms_mech/worms_mech.egg-info/dependency_links.txt
writing entry points to ../../build/worms_mech/worms_mech.egg-info/entry_points.txt
writing requirements to ../../build/worms_mech/worms_mech.egg-info/requires.txt
writing top-level names to ../../build/worms_mech/worms_mech.egg-info/top_level.txt
reading manifest file '../../build/worms_mech/worms_mech.egg-info/SOURCES.txt'
writing manifest file '../../build/worms_mech/worms_mech.egg-info/SOURCES.txt'
running build
running build_py
copying worms_mech/gait_manager.py -> /home/worm3/worms_mech_ws/build/worms_mech/build/lib/worms_mech
running install
/usr/lib/python3/dist-packages/setuptools/command/install.py:34: SetuptoolsDeprecationWarning: setup.py install is deprecated. Use build and pip and other standards-based tools.
  warnings.warn(
running install_lib
copying /home/worm3/worms_mech_ws/build/worms_mech/build/lib/worms_mech/gait_manager.py -> /home/worm3/worms_mech_ws/install/worms_mech/lib/python3.10/site-packages/worms_mech
byte-compiling /home/worm3/worms_mech_ws/install/worms_mech/lib/python3.10/site-packages/worms_mech/gait_manager.py to gait_manager.cpython-310.pyc
running install_data
running install_egg_info
removing '/home/worm3/worms_mech_ws/install/worms_mech/lib/python3.10/site-packages/worms_mech-0.0.0-py3.10.egg-info' (and everything under it)
Copying ../../build/worms_mech/worms_mech.egg-info to /home/worm3/worms_mech_ws/install/worms_mech/lib/python3.10/site-packages/worms_mech-0.0.0-py3.10.egg-info
running install_scripts
Installing camera_scanner script to /home/worm3/worms_mech_ws/install/worms_mech/lib/worms_mech
Installing controller_node script to /home/worm3/worms_mech_ws/install/worms_mech/lib/worms_mech
Installing gait_action_node script to /home/worm3/worms_mech_ws/install/worms_mech/lib/worms_mech
Installing gait_manager script to /home/worm3/worms_mech_ws/install/worms_mech/lib/worms_mech
Installing gait_parser script to /home/worm3/worms_mech_ws/install/worms_mech/lib/worms_mech
Installing group_joint_controller script to /home/worm3/worms_mech_ws/install/worms_mech/lib/worms_mech
Installing hardware_interface script to /home/worm3/worms_mech_ws/install/worms_mech/lib/worms_mech
Installing joint_command_publisher script to /home/worm3/worms_mech_ws/install/worms_mech/lib/worms_mech
Installing joystick_control script to /home/worm3/worms_mech_ws/install/worms_mech/lib/worms_mech
Installing simple_hardware_interface script to /home/worm3/worms_mech_ws/install/worms_mech/lib/worms_mech
Installing stand_node script to /home/worm3/worms_mech_ws/install/worms_mech/lib/worms_mech
Installing testbed_interface script to /home/worm3/worms_mech_ws/install/worms_mech/lib/worms_mech
writing list of installed files to '/home/worm3/worms_mech_ws/build/worms_mech/install.log'
