[2.892s] Invoking command in '/home/worm3/worms_mech_ws/src/worms_mech': PYTHONPATH=/home/worm3/worms_mech_ws/build/worms_mech/prefix_override:/home/worm3/worms_mech_ws/install/worms_mech/lib/python3.10/site-packages:${PYTHONPATH} /usr/bin/python3 setup.py egg_info --egg-base ../../build/worms_mech build --build-base /home/worm3/worms_mech_ws/build/worms_mech/build install --record /home/worm3/worms_mech_ws/build/worms_mech/install.log --single-version-externally-managed
[3.821s] running egg_info
[3.822s] writing ../../build/worms_mech/worms_mech.egg-info/PKG-INFO
[3.828s] writing dependency_links to ../../build/worms_mech/worms_mech.egg-info/dependency_links.txt
[3.830s] writing entry points to ../../build/worms_mech/worms_mech.egg-info/entry_points.txt
[3.831s] writing requirements to ../../build/worms_mech/worms_mech.egg-info/requires.txt
[3.831s] writing top-level names to ../../build/worms_mech/worms_mech.egg-info/top_level.txt
[3.843s] reading manifest file '../../build/worms_mech/worms_mech.egg-info/SOURCES.txt'
[3.848s] writing manifest file '../../build/worms_mech/worms_mech.egg-info/SOURCES.txt'
[3.848s] running build
[3.849s] running build_py
[3.851s] copying worms_mech/gait_manager.py -> /home/worm3/worms_mech_ws/build/worms_mech/build/lib/worms_mech
[3.855s] running install
[3.856s] /usr/lib/python3/dist-packages/setuptools/command/install.py:34: SetuptoolsDeprecationWarning: setup.py install is deprecated. Use build and pip and other standards-based tools.
[3.856s]   warnings.warn(
[3.857s] running install_lib
[3.861s] copying /home/worm3/worms_mech_ws/build/worms_mech/build/lib/worms_mech/gait_manager.py -> /home/worm3/worms_mech_ws/install/worms_mech/lib/python3.10/site-packages/worms_mech
[3.866s] byte-compiling /home/worm3/worms_mech_ws/install/worms_mech/lib/python3.10/site-packages/worms_mech/gait_manager.py to gait_manager.cpython-310.pyc
[3.874s] running install_data
[3.876s] running install_egg_info
[3.882s] removing '/home/worm3/worms_mech_ws/install/worms_mech/lib/python3.10/site-packages/worms_mech-0.0.0-py3.10.egg-info' (and everything under it)
[3.884s] Copying ../../build/worms_mech/worms_mech.egg-info to /home/worm3/worms_mech_ws/install/worms_mech/lib/python3.10/site-packages/worms_mech-0.0.0-py3.10.egg-info
[3.889s] running install_scripts
[3.965s] Installing camera_scanner script to /home/worm3/worms_mech_ws/install/worms_mech/lib/worms_mech
[3.966s] Installing controller_node script to /home/worm3/worms_mech_ws/install/worms_mech/lib/worms_mech
[3.967s] Installing gait_action_node script to /home/worm3/worms_mech_ws/install/worms_mech/lib/worms_mech
[3.968s] Installing gait_manager script to /home/worm3/worms_mech_ws/install/worms_mech/lib/worms_mech
[3.969s] Installing gait_parser script to /home/worm3/worms_mech_ws/install/worms_mech/lib/worms_mech
[3.969s] Installing group_joint_controller script to /home/worm3/worms_mech_ws/install/worms_mech/lib/worms_mech
[3.970s] Installing hardware_interface script to /home/worm3/worms_mech_ws/install/worms_mech/lib/worms_mech
[3.971s] Installing joint_command_publisher script to /home/worm3/worms_mech_ws/install/worms_mech/lib/worms_mech
[3.972s] Installing joystick_control script to /home/worm3/worms_mech_ws/install/worms_mech/lib/worms_mech
[3.972s] Installing simple_hardware_interface script to /home/worm3/worms_mech_ws/install/worms_mech/lib/worms_mech
[3.973s] Installing stand_node script to /home/worm3/worms_mech_ws/install/worms_mech/lib/worms_mech
[3.974s] Installing testbed_interface script to /home/worm3/worms_mech_ws/install/worms_mech/lib/worms_mech
[3.977s] writing list of installed files to '/home/worm3/worms_mech_ws/build/worms_mech/install.log'
[4.090s] Invoked command in '/home/worm3/worms_mech_ws/src/worms_mech' returned '0': PYTHONPATH=/home/worm3/worms_mech_ws/build/worms_mech/prefix_override:/home/worm3/worms_mech_ws/install/worms_mech/lib/python3.10/site-packages:${PYTHONPATH} /usr/bin/python3 setup.py egg_info --egg-base ../../build/worms_mech build --build-base /home/worm3/worms_mech_ws/build/worms_mech/build install --record /home/worm3/worms_mech_ws/build/worms_mech/install.log --single-version-externally-managed
