[2.523s] Invoking command in '/home/raspi2/worms_mech_ws/src/worms_mech': PYTHONPATH=/home/raspi2/worms_mech_ws/install/worms_mech/lib/python3.10/site-packages:${PYTHONPATH} /usr/bin/python3 setup.py egg_info --egg-base ../../build/worms_mech build --build-base /home/raspi2/worms_mech_ws/build/worms_mech/build install --prefix /home/raspi2/worms_mech_ws/install/worms_mech --record /home/raspi2/worms_mech_ws/build/worms_mech/install.log --single-version-externally-managed
[3.525s] running egg_info
[3.527s] writing ../../build/worms_mech/worms_mech.egg-info/PKG-INFO
[3.528s] writing dependency_links to ../../build/worms_mech/worms_mech.egg-info/dependency_links.txt
[3.530s] writing entry points to ../../build/worms_mech/worms_mech.egg-info/entry_points.txt
[3.530s] writing requirements to ../../build/worms_mech/worms_mech.egg-info/requires.txt
[3.531s] writing top-level names to ../../build/worms_mech/worms_mech.egg-info/top_level.txt
[3.540s] reading manifest file '../../build/worms_mech/worms_mech.egg-info/SOURCES.txt'
[3.544s] writing manifest file '../../build/worms_mech/worms_mech.egg-info/SOURCES.txt'
[3.544s] running build
[3.544s] running build_py
[3.546s] copying worms_mech/hardware_interface.py -> /home/raspi2/worms_mech_ws/build/worms_mech/build/lib/worms_mech
[3.548s] running install
[3.549s] /usr/lib/python3/dist-packages/setuptools/command/install.py:34: SetuptoolsDeprecationWarning: setup.py install is deprecated. Use build and pip and other standards-based tools.
[3.549s]   warnings.warn(
[3.550s] running install_lib
[3.554s] copying /home/raspi2/worms_mech_ws/build/worms_mech/build/lib/worms_mech/hardware_interface.py -> /home/raspi2/worms_mech_ws/install/worms_mech/lib/python3.10/site-packages/worms_mech
[3.557s] byte-compiling /home/raspi2/worms_mech_ws/install/worms_mech/lib/python3.10/site-packages/worms_mech/hardware_interface.py to hardware_interface.cpython-310.pyc
[3.561s] running install_data
[3.564s] running install_egg_info
[3.569s] removing '/home/raspi2/worms_mech_ws/install/worms_mech/lib/python3.10/site-packages/worms_mech-0.0.0-py3.10.egg-info' (and everything under it)
[3.571s] Copying ../../build/worms_mech/worms_mech.egg-info to /home/raspi2/worms_mech_ws/install/worms_mech/lib/python3.10/site-packages/worms_mech-0.0.0-py3.10.egg-info
[3.576s] running install_scripts
[3.652s] Installing controller_node script to /home/raspi2/worms_mech_ws/install/worms_mech/lib/worms_mech
[3.653s] Installing gait_parser script to /home/raspi2/worms_mech_ws/install/worms_mech/lib/worms_mech
[3.654s] Installing hardware_interface script to /home/raspi2/worms_mech_ws/install/worms_mech/lib/worms_mech
[3.654s] Installing joint_command_publisher script to /home/raspi2/worms_mech_ws/install/worms_mech/lib/worms_mech
[3.655s] Installing joystick_control script to /home/raspi2/worms_mech_ws/install/worms_mech/lib/worms_mech
[3.656s] Installing testbed_interface script to /home/raspi2/worms_mech_ws/install/worms_mech/lib/worms_mech
[3.658s] writing list of installed files to '/home/raspi2/worms_mech_ws/build/worms_mech/install.log'
[3.774s] Invoked command in '/home/raspi2/worms_mech_ws/src/worms_mech' returned '0': PYTHONPATH=/home/raspi2/worms_mech_ws/install/worms_mech/lib/python3.10/site-packages:${PYTHONPATH} /usr/bin/python3 setup.py egg_info --egg-base ../../build/worms_mech build --build-base /home/raspi2/worms_mech_ws/build/worms_mech/build install --prefix /home/raspi2/worms_mech_ws/install/worms_mech --record /home/raspi2/worms_mech_ws/build/worms_mech/install.log --single-version-externally-managed
