[0.101s] Invoking command in '/home/jacobrod/worms_ws/build/ros_gz_example_gazebo': AMENT_PREFIX_PATH=/home/jacobrod/worms_ws/install/ros_gz_example_description:${AMENT_PREFIX_PATH} CMAKE_PREFIX_PATH=/home/jacobrod/worms_ws/install/ros_gz_example_description:/opt/ros/humble GZ_SIM_RESOURCE_PATH=/home/jacobrod/worms_ws/install/ros_gz_example_description/share/ros_gz_example_description/models /usr/bin/cmake /home/jacobrod/worms_ws/src/worms_gazebo_sim/worms_gazebo -DCMAKE_INSTALL_PREFIX=/home/jacobrod/worms_ws/install/ros_gz_example_gazebo
[0.219s] -- The C compiler identification is GNU 11.4.0
[0.336s] -- The CXX compiler identification is GNU 11.4.0
[0.351s] -- Detecting C compiler ABI info
[0.472s] -- Detecting C compiler ABI info - done
[0.495s] -- Check for working C compiler: /usr/bin/cc - skipped
[0.495s] -- Detecting C compile features
[0.496s] -- Detecting C compile features - done
[0.502s] -- Detecting CXX compiler ABI info
[0.656s] -- Detecting CXX compiler ABI info - done
[0.672s] -- Check for working CXX compiler: /usr/bin/c++ - skipped
[0.673s] -- Detecting CXX compile features
[0.674s] -- Detecting CXX compile features - done
[0.678s] -- Found ament_cmake: 1.3.6 (/opt/ros/humble/share/ament_cmake/cmake)
[1.005s] -- Found Python3: /usr/bin/python3.10 (found version "3.10.12") found components: Interpreter 
[1.165s] -- Found ros_gz_example_description: 0.0.0 (/home/jacobrod/worms_ws/install/ros_gz_example_description/share/ros_gz_example_description/cmake)
[1.180s] -- Looking for gz-plugin2 -- found version 2.0.2
[1.181s] -- Searching for dependencies of gz-plugin2
[1.184s] -- Looking for gz-utils2 -- found version 2.2.0
[1.184s] -- Searching for dependencies of gz-utils2
[1.185s] -- Searching for <gz-utils2> component [cli]
[1.188s] -- Looking for gz-utils2-cli -- found version 2.2.0
[1.189s] -- Searching for dependencies of gz-utils2-cli
[1.191s] -- Searching for <gz-plugin2> component [register]
[1.197s] -- Looking for gz-plugin2-register -- found version 2.0.2
[1.197s] -- Searching for dependencies of gz-plugin2-register
[1.200s] -- Looking for gz-common5 -- found version 5.4.2
[1.201s] -- Searching for dependencies of gz-common5
[1.201s] -- Looking for gz-utils2 -- found version 2.2.0
[1.202s] -- Looking for dlfcn.h - found
[1.215s] -- Looking for libdl - found
[1.216s] -- Found DL: TRUE  
[1.222s] -- Checking for module 'uuid'
[1.240s] --   Found uuid, version 2.37.2
[1.289s] -- Found UUID: TRUE  
[1.290s] -- Searching for <gz-common5> component [profiler]
[1.294s] -- Looking for gz-common5-profiler -- found version 5.4.2
[1.296s] -- Searching for dependencies of gz-common5-profiler
[1.316s] [31mCMake Error at CMakeLists.txt:26 (find_package):
[1.316s]   By not providing "Findgz-sim7.cmake" in CMAKE_MODULE_PATH this project has
[1.316s]   asked CMake to find a package configuration file provided by "gz-sim7", but
[1.316s]   CMake did not find one.
[1.316s] 
[1.316s]   Could not find a package configuration file provided by "gz-sim7" with any
[1.317s]   of the following names:
[1.317s] 
[1.317s]     gz-sim7Config.cmake
[1.317s]     gz-sim7-config.cmake
[1.317s] 
[1.317s]   Add the installation prefix of "gz-sim7" to CMAKE_PREFIX_PATH or set
[1.317s]   "gz-sim7_DIR" to a directory containing one of the above files.  If
[1.317s]   "gz-sim7" provides a separate development package or SDK, be sure it has
[1.318s]   been installed.
[1.318s] 
[1.318s] [0m
[1.318s] -- Configuring incomplete, errors occurred!
[1.318s] See also "/home/jacobrod/worms_ws/build/ros_gz_example_gazebo/CMakeFiles/CMakeOutput.log".
[1.327s] Invoked command in '/home/jacobrod/worms_ws/build/ros_gz_example_gazebo' returned '1': AMENT_PREFIX_PATH=/home/jacobrod/worms_ws/install/ros_gz_example_description:${AMENT_PREFIX_PATH} CMAKE_PREFIX_PATH=/home/jacobrod/worms_ws/install/ros_gz_example_description:/opt/ros/humble GZ_SIM_RESOURCE_PATH=/home/jacobrod/worms_ws/install/ros_gz_example_description/share/ros_gz_example_description/models /usr/bin/cmake /home/jacobrod/worms_ws/src/worms_gazebo_sim/worms_gazebo -DCMAKE_INSTALL_PREFIX=/home/jacobrod/worms_ws/install/ros_gz_example_gazebo
