[0.253s] Invoking command in '/home/jacobrod/worms_ws/build/core_bringup': CMAKE_PREFIX_PATH=/opt/ros/humble /usr/bin/cmake /home/jacobrod/worms_ws/src/core_bringup -DCMAKE_INSTALL_PREFIX=/home/jacobrod/worms_ws/install/core_bringup
[0.271s] -- Found ament_cmake: 1.3.5 (/opt/ros/humble/share/ament_cmake/cmake)
[0.515s] -- Found ament_lint_auto: 0.12.8 (/opt/ros/humble/share/ament_lint_auto/cmake)
[0.669s] -- Added test 'copyright' to check source files copyright and LICENSE
[0.670s] -- Added test 'flake8' to check Python code syntax and style conventions
[0.670s] -- Added test 'lint_cmake' to check CMake code style
[0.670s] -- Added test 'pep257' to check Python code against some of the docstring style conventions in PEP 257
[0.671s] -- Added test 'xmllint' to check XML markup files
[0.671s] -- Configuring done
[0.671s] -- Generating done
[0.672s] -- Build files have been written to: /home/jacobrod/worms_ws/build/core_bringup
[0.738s] Invoked command in '/home/jacobrod/worms_ws/build/core_bringup' returned '0': CMAKE_PREFIX_PATH=/opt/ros/humble /usr/bin/cmake /home/jacobrod/worms_ws/src/core_bringup -DCMAKE_INSTALL_PREFIX=/home/jacobrod/worms_ws/install/core_bringup
[0.740s] Invoking command in '/home/jacobrod/worms_ws/build/core_bringup': CMAKE_PREFIX_PATH=/opt/ros/humble /usr/bin/cmake --build /home/jacobrod/worms_ws/build/core_bringup -- -j8 -l8
[1.092s] Invoked command in '/home/jacobrod/worms_ws/build/core_bringup' returned '0': CMAKE_PREFIX_PATH=/opt/ros/humble /usr/bin/cmake --build /home/jacobrod/worms_ws/build/core_bringup -- -j8 -l8
[1.196s] Invoking command in '/home/jacobrod/worms_ws/build/core_bringup': CMAKE_PREFIX_PATH=/opt/ros/humble /usr/bin/cmake --install /home/jacobrod/worms_ws/build/core_bringup
[1.321s] -- Install configuration: ""
[1.322s] -- Up-to-date: /home/jacobrod/worms_ws/install/core_bringup/share/core_bringup/launch
[1.322s] -- Up-to-date: /home/jacobrod/worms_ws/install/core_bringup/share/core_bringup/launch/worms_gazebo.launch.py
[1.322s] -- Up-to-date: /home/jacobrod/worms_ws/install/core_bringup/share/core_bringup/launch/hound_gazebo.launch.py
[1.323s] -- Up-to-date: /home/jacobrod/worms_ws/install/core_bringup/share/core_bringup/launch/worms_hound_rviz.launch.py
[1.323s] -- Up-to-date: /home/jacobrod/worms_ws/install/core_bringup/share/core_bringup/launch/worms_setup.launch copy.py
[1.323s] -- Up-to-date: /home/jacobrod/worms_ws/install/core_bringup/share/core_bringup/launch/worms_hound_gazebo.launch.py
[1.323s] -- Up-to-date: /home/jacobrod/worms_ws/install/core_bringup/share/core_bringup/config
[1.323s] -- Up-to-date: /home/jacobrod/worms_ws/install/core_bringup/share/core_bringup/config/worms_bridge.yaml
[1.324s] -- Up-to-date: /home/jacobrod/worms_ws/install/core_bringup/share/core_bringup/config/worms.rviz
[1.324s] -- Up-to-date: /home/jacobrod/worms_ws/install/core_bringup/share/core_bringup/config/diff_drive.rviz
[1.325s] -- Up-to-date: /home/jacobrod/worms_ws/install/core_bringup/share/ament_index/resource_index/package_run_dependencies/core_bringup
[1.325s] -- Installing: /home/jacobrod/worms_ws/install/core_bringup/share/ament_index/resource_index/parent_prefix_path/core_bringup
[1.326s] -- Up-to-date: /home/jacobrod/worms_ws/install/core_bringup/share/core_bringup/environment/ament_prefix_path.sh
[1.328s] -- Installing: /home/jacobrod/worms_ws/install/core_bringup/share/core_bringup/environment/ament_prefix_path.dsv
[1.328s] -- Up-to-date: /home/jacobrod/worms_ws/install/core_bringup/share/core_bringup/environment/path.sh
[1.328s] -- Installing: /home/jacobrod/worms_ws/install/core_bringup/share/core_bringup/environment/path.dsv
[1.329s] -- Up-to-date: /home/jacobrod/worms_ws/install/core_bringup/share/core_bringup/local_setup.bash
[1.329s] -- Up-to-date: /home/jacobrod/worms_ws/install/core_bringup/share/core_bringup/local_setup.sh
[1.329s] -- Up-to-date: /home/jacobrod/worms_ws/install/core_bringup/share/core_bringup/local_setup.zsh
[1.330s] -- Installing: /home/jacobrod/worms_ws/install/core_bringup/share/core_bringup/local_setup.dsv
[1.330s] -- Installing: /home/jacobrod/worms_ws/install/core_bringup/share/core_bringup/package.dsv
[1.330s] -- Up-to-date: /home/jacobrod/worms_ws/install/core_bringup/share/ament_index/resource_index/packages/core_bringup
[1.330s] -- Up-to-date: /home/jacobrod/worms_ws/install/core_bringup/share/core_bringup/cmake/core_bringupConfig.cmake
[1.331s] -- Up-to-date: /home/jacobrod/worms_ws/install/core_bringup/share/core_bringup/cmake/core_bringupConfig-version.cmake
[1.331s] -- Up-to-date: /home/jacobrod/worms_ws/install/core_bringup/share/core_bringup/package.xml
[1.393s] Invoked command in '/home/jacobrod/worms_ws/build/core_bringup' returned '0': CMAKE_PREFIX_PATH=/opt/ros/humble /usr/bin/cmake --install /home/jacobrod/worms_ws/build/core_bringup
