[0.756s] Invoking command in '/home/jacobrod/worms_ws/build/ros_gz_sim': CMAKE_PREFIX_PATH=${CMAKE_PREFIX_PATH}:/home/jacobrod/worms_ws/src/install/worms_mech:/home/jacobrod/worms_ws/install/worms_mech:/opt/ros/humble /usr/bin/cmake /home/jacobrod/worms_ws/src/ros_gz/ros_gz_sim -DBUILD_TESTING=ON -DCMAKE_INSTALL_PREFIX=/home/jacobrod/worms_ws/install/ros_gz_sim
[0.857s] -- The C compiler identification is GNU 11.4.0
[0.962s] -- The CXX compiler identification is GNU 11.4.0
[0.981s] -- Detecting C compiler ABI info
[1.121s] -- Detecting C compiler ABI info - done
[1.145s] -- Check for working C compiler: /usr/bin/cc - skipped
[1.145s] -- Detecting C compile features
[1.146s] -- Detecting C compile features - done
[1.151s] -- Detecting CXX compiler ABI info
[1.301s] -- Detecting CXX compiler ABI info - done
[1.321s] -- Check for working CXX compiler: /usr/bin/c++ - skipped
[1.321s] -- Detecting CXX compile features
[1.322s] -- Detecting CXX compile features - done
[1.327s] -- Found ament_cmake: 1.3.5 (/opt/ros/humble/share/ament_cmake/cmake)
[1.636s] -- Found Python3: /usr/bin/python3.10 (found version "3.10.12") found components: Interpreter 
[1.814s] -- Found rclcpp: 16.0.6 (/opt/ros/humble/share/rclcpp/cmake)
[1.910s] -- Found rosidl_generator_c: 3.1.5 (/opt/ros/humble/share/rosidl_generator_c/cmake)
[1.922s] -- Found rosidl_adapter: 3.1.5 (/opt/ros/humble/share/rosidl_adapter/cmake)
[1.941s] -- Found rosidl_generator_cpp: 3.1.5 (/opt/ros/humble/share/rosidl_generator_cpp/cmake)
[1.971s] -- Using all available rosidl_typesupport_c: rosidl_typesupport_fastrtps_c;rosidl_typesupport_introspection_c
[2.016s] -- Using all available rosidl_typesupport_cpp: rosidl_typesupport_fastrtps_cpp;rosidl_typesupport_introspection_cpp
[2.197s] -- Found rmw_implementation_cmake: 6.1.1 (/opt/ros/humble/share/rmw_implementation_cmake/cmake)
[2.207s] -- Found rmw_fastrtps_cpp: 6.2.4 (/opt/ros/humble/share/rmw_fastrtps_cpp/cmake)
[2.351s] -- Found OpenSSL: /usr/lib/x86_64-linux-gnu/libcrypto.so (found version "3.0.2")  
[2.393s] -- Found FastRTPS: /opt/ros/humble/include  
[2.474s] -- Using RMW implementation 'rmw_fastrtps_cpp' as default
[2.496s] -- Looking for pthread.h
[2.593s] -- Looking for pthread.h - found
[2.594s] -- Performing Test CMAKE_HAVE_LIBC_PTHREAD
[2.686s] -- Performing Test CMAKE_HAVE_LIBC_PTHREAD - Success
[2.688s] -- Found Threads: TRUE  
[2.953s] -- Looking for gz-math7 -- found version 7.3.0
[2.969s] -- Searching for dependencies of gz-math7
[2.976s] -- Looking for gz-utils2 -- found version 2.1.0
[2.977s] -- Searching for dependencies of gz-utils2
[2.986s] -- Looking for gz-transport12 -- found version 12.2.1
[2.987s] -- Searching for dependencies of gz-transport12
[3.038s] -- Found Protobuf: /usr/lib/x86_64-linux-gnu/libprotobuf.so (found version "3.12.4") 
[3.061s] -- Config-file not installed for ZeroMQ -- checking for pkg-config
[3.070s] -- Checking for module 'libzmq >= 4'
[3.094s] --   Found libzmq , version 4.3.4
[3.147s] -- Found ZeroMQ: TRUE (Required is at least version "4") 
[3.158s] -- Checking for module 'uuid'
[3.181s] --   Found uuid, version 2.37.2
[3.231s] -- Found UUID: TRUE  
[3.232s] -- Looking for gz-utils2 -- found version 2.1.0
[3.234s] -- Searching for dependencies of gz-utils2
[3.234s] -- Searching for <gz-utils2> component [cli]
[3.240s] -- Looking for gz-utils2-cli -- found version 2.1.0
[3.241s] -- Searching for dependencies of gz-utils2-cli
[3.248s] -- Looking for gz-msgs9 -- found version 9.5.0
[3.250s] -- Searching for dependencies of gz-msgs9
[3.282s] -- Looking for gz-math7 -- found version 7.3.0
[3.294s] -- Checking for module 'tinyxml2'
[3.324s] --   Found tinyxml2, version 9.0.0
[3.382s] -- Looking for gz-msgs9 -- found version 9.5.0
[3.390s] -- Looking for gz-sim7 -- found version 7.6.0
[3.390s] -- Searching for dependencies of gz-sim7
[3.396s] -- Looking for sdformat13 -- found version 13.6.0
[3.397s] -- Searching for dependencies of sdformat13
[3.406s] -- Looking for gz-math7 -- found version 7.3.0
[3.407s] -- Looking for gz-utils2 -- found version 2.1.0
[3.414s] -- Looking for gz-plugin2 -- found version 2.0.2
[3.415s] -- Searching for dependencies of gz-plugin2
[3.416s] -- Looking for gz-utils2 -- found version 2.1.0
[3.417s] -- Searching for <gz-plugin2> component [loader]
[3.423s] -- Looking for gz-plugin2-loader -- found version 2.0.2
[3.424s] -- Searching for dependencies of gz-plugin2-loader
[3.424s] -- Searching for <gz-plugin2> component [register]
[3.430s] -- Looking for gz-plugin2-register -- found version 2.0.2
[3.431s] -- Searching for dependencies of gz-plugin2-register
[3.432s] -- Looking for gz-transport12 -- found version 12.2.1
[3.433s] -- Searching for dependencies of gz-transport12
[3.486s] -- Config-file not installed for ZeroMQ -- checking for pkg-config
[3.491s] -- Checking for module 'libzmq >= 4'
[3.510s] --   Found libzmq , version 4.3.4
[3.578s] -- Looking for gz-utils2 -- found version 2.1.0
[3.578s] -- Looking for gz-msgs9 -- found version 9.5.0
[3.579s] -- Searching for <gz-transport12> component [log]
[3.585s] -- Looking for gz-transport12-log -- found version 12.2.1
[3.586s] -- Searching for dependencies of gz-transport12-log
[3.587s] -- Searching for <gz-transport12> component [parameters]
[3.591s] -- Looking for gz-transport12-parameters -- found version 12.2.1
[3.591s] -- Searching for dependencies of gz-transport12-parameters
[3.593s] -- Looking for gz-msgs9 -- found version 9.5.0
[3.597s] -- Looking for gz-common5 -- found version 5.4.2
[3.598s] -- Searching for dependencies of gz-common5
[3.598s] -- Looking for gz-utils2 -- found version 2.1.0
[3.599s] -- Looking for dlfcn.h - found
[3.601s] -- Looking for libdl - found
[3.602s] -- Found DL: TRUE  
[3.610s] -- Searching for <gz-common5> component [profiler]
[3.614s] -- Looking for gz-common5-profiler -- found version 5.4.2
[3.615s] -- Searching for dependencies of gz-common5-profiler
[3.616s] -- Searching for <gz-common5> component [events]
[3.621s] -- Looking for gz-common5-events -- found version 5.4.2
[3.622s] -- Searching for dependencies of gz-common5-events
[3.623s] -- Looking for gz-math7 -- found version 7.3.0
[3.624s] -- Searching for <gz-common5> component [av]
[3.629s] -- Looking for gz-common5-av -- found version 5.4.2
[3.629s] -- Searching for dependencies of gz-common5-av
[3.637s] -- Checking for module 'libswscale'
[3.661s] --   Found libswscale, version 5.9.100
[3.706s] -- Found SWSCALE: TRUE  
[3.713s] -- Checking for module 'libavdevice >= 56.4.100'
[3.742s] --   Found libavdevice , version 58.13.100
[3.803s] -- Found AVDEVICE: TRUE (Required is at least version "56.4.100") 
[3.810s] -- Checking for module 'libavformat'
[3.834s] --   Found libavformat, version 58.76.100
[3.889s] -- Found AVFORMAT: TRUE  
[3.897s] -- Checking for module 'libavcodec'
[3.922s] --   Found libavcodec, version 58.134.100
[3.976s] -- Found AVCODEC: TRUE  
[3.985s] -- Checking for module 'libavutil'
[4.012s] --   Found libavutil, version 56.70.100
[4.073s] -- Found AVUTIL: TRUE  
[4.073s] -- Searching for <gz-common5> component [io]
[4.081s] -- Looking for gz-common5-io -- found version 5.4.2
[4.081s] -- Searching for dependencies of gz-common5-io
[4.089s] -- Looking for gz-fuel_tools8 -- found version 8.1.0
[4.090s] -- Searching for dependencies of gz-fuel_tools8
[4.226s] -- Found CURL: /usr/lib/x86_64-linux-gnu/libcurl.so (found version "7.81.0")  
[4.243s] -- Checking for module 'jsoncpp'
[4.293s] --   Found jsoncpp, version 1.9.5
[4.362s] -- Found JSONCPP: TRUE  
[4.371s] -- Checking for module 'libzip'
[4.402s] --   Found libzip, version 1.7.3
[4.463s] -- Found ZIP: TRUE  
[4.465s] -- Looking for gz-utils2 -- found version 2.1.0
[4.466s] -- Looking for gz-common5 -- found version 5.4.2
[4.467s] -- Searching for dependencies of gz-common5
[4.468s] -- Looking for gz-utils2 -- found version 2.1.0
[4.469s] -- Looking for dlfcn.h - found
[4.469s] -- Looking for libdl - found
[4.483s] -- Searching for <gz-common5> component [testing]
[4.490s] -- Looking for gz-common5-testing -- found version 5.4.2
[4.492s] -- Searching for dependencies of gz-common5-testing
[4.493s] -- Looking for gz-math7 -- found version 7.3.0
[4.494s] -- Looking for gz-msgs9 -- found version 9.5.0
[4.502s] -- Looking for gz-gui7 -- found version 7.2.1
[4.503s] -- Searching for dependencies of gz-gui7
[4.555s] -- Looking for gz-utils2 -- found version 2.1.0
[4.555s] -- Looking for gz-math7 -- found version 7.3.0
[4.556s] -- Looking for gz-common5 -- found version 5.4.2
[4.557s] -- Looking for gz-plugin2 -- found version 2.0.2
[4.558s] -- Looking for gz-transport12 -- found version 12.2.1
[4.565s] -- Looking for gz-rendering7 -- found version 7.4.2
[4.566s] -- Searching for dependencies of gz-rendering7
[4.567s] -- Looking for gz-math7 -- found version 7.3.0
[4.568s] -- Searching for dependencies of gz-math7
[4.568s] -- Looking for gz-utils2 -- found version 2.1.0
[4.569s] -- Searching for <gz-math7> component [eigen3]
[4.576s] -- Looking for gz-math7-eigen3 -- found version 7.3.0
[4.577s] -- Searching for dependencies of gz-math7-eigen3
[4.594s] -- Looking for gz-common5 -- found version 5.4.2
[4.595s] -- Searching for dependencies of gz-common5
[4.596s] -- Looking for gz-utils2 -- found version 2.1.0
[4.596s] -- Looking for dlfcn.h - found
[4.596s] -- Looking for libdl - found
[4.611s] -- Searching for <gz-common5> component [graphics]
[4.617s] -- Looking for gz-common5-graphics -- found version 5.4.2
[4.618s] -- Searching for dependencies of gz-common5-graphics
[4.619s] -- Looking for gz-math7 -- found version 7.3.0
[4.634s] -- Found GzAssimp: TRUE (found version "5.2.0") 
[4.635s] -- Searching for <gz-common5> component [events]
[4.636s] -- Searching for <gz-common5> component [geospatial]
[4.648s] -- Looking for gz-common5-geospatial -- found version 5.4.2
[4.649s] -- Searching for dependencies of gz-common5-geospatial
[4.650s] -- Looking for gz-math7 -- found version 7.3.0
[4.651s] -- Looking for gz-common5 -- found version 5.4.2
[4.653s] -- Looking for gz-plugin2 -- found version 2.0.2
[4.656s] -- Searching for dependencies of gz-plugin2
[4.657s] -- Looking for gz-utils2 -- found version 2.1.0
[4.657s] -- Searching for <gz-plugin2> component [all]
[4.662s] -- Looking for all libraries of gz-plugin2 -- found version 2.0.2
[4.663s] -- Looking for gz-plugin2 -- found version 2.0.2
[4.667s] -- Looking for gz-utils2 -- found version 2.1.0
[4.681s] -- Found OpenGL: /usr/lib/x86_64-linux-gnu/libOpenGL.so  found components: OpenGL 
[4.684s] -- Looking for gz-msgs9 -- found version 9.5.0
[4.729s] -- Looking for gz-physics6 -- found version 6.5.1
[4.732s] -- Searching for dependencies of gz-physics6
[4.733s] -- Looking for gz-math7 -- found version 7.3.0
[4.735s] -- Looking for gz-plugin2 -- found version 2.0.2
[4.736s] -- Looking for gz-utils2 -- found version 2.1.0
[4.738s] -- Searching for <gz-physics6> component [heightmap]
[4.745s] -- Looking for gz-physics6-heightmap -- found version 6.5.1
[4.746s] -- Searching for dependencies of gz-physics6-heightmap
[4.751s] -- Looking for gz-common5 -- found version 5.4.2
[4.753s] -- Searching for <gz-physics6> component [mesh]
[4.760s] -- Looking for gz-physics6-mesh -- found version 6.5.1
[4.762s] -- Searching for dependencies of gz-physics6-mesh
[4.763s] -- Looking for gz-common5 -- found version 5.4.2
[4.764s] -- Searching for <gz-physics6> component [sdf]
[4.771s] -- Looking for gz-physics6-sdf -- found version 6.5.1
[4.773s] -- Searching for dependencies of gz-physics6-sdf
[4.774s] -- Looking for sdformat13 -- found version 13.6.0
[4.782s] -- Looking for gz-sensors7 -- found version 7.3.0
[4.783s] -- Searching for dependencies of gz-sensors7
[4.819s] -- Looking for gz-math7 -- found version 7.3.0
[4.821s] -- Looking for gz-common5 -- found version 5.4.2
[4.822s] -- Looking for gz-transport12 -- found version 12.2.1
[4.823s] -- Looking for gz-rendering7 -- found version 7.4.2
[4.824s] -- Looking for gz-msgs9 -- found version 9.5.0
[4.826s] -- Looking for sdformat13 -- found version 13.6.0
[4.827s] -- Searching for <gz-sensors7> component [air_pressure]
[4.836s] -- Looking for gz-sensors7-air_pressure -- found version 7.3.0
[4.837s] -- Searching for dependencies of gz-sensors7-air_pressure
[4.839s] -- Searching for <gz-sensors7> component [air_speed]
[4.846s] -- Looking for gz-sensors7-air_speed -- found version 7.3.0
[4.850s] -- Searching for dependencies of gz-sensors7-air_speed
[4.853s] -- Searching for <gz-sensors7> component [altimeter]
[4.860s] -- Looking for gz-sensors7-altimeter -- found version 7.3.0
[4.862s] -- Searching for dependencies of gz-sensors7-altimeter
[4.863s] -- Searching for <gz-sensors7> component [imu]
[4.870s] -- Looking for gz-sensors7-imu -- found version 7.3.0
[4.871s] -- Searching for dependencies of gz-sensors7-imu
[4.873s] -- Searching for <gz-sensors7> component [force_torque]
[4.880s] -- Looking for gz-sensors7-force_torque -- found version 7.3.0
[4.881s] -- Searching for dependencies of gz-sensors7-force_torque
[4.882s] -- Searching for <gz-sensors7> component [logical_camera]
[4.889s] -- Looking for gz-sensors7-logical_camera -- found version 7.3.0
[4.890s] -- Searching for dependencies of gz-sensors7-logical_camera
[4.892s] -- Searching for <gz-sensors7> component [magnetometer]
[4.899s] -- Looking for gz-sensors7-magnetometer -- found version 7.3.0
[4.900s] -- Searching for dependencies of gz-sensors7-magnetometer
[4.902s] -- Searching for <gz-sensors7> component [navsat]
[4.908s] -- Looking for gz-sensors7-navsat -- found version 7.3.0
[4.910s] -- Searching for dependencies of gz-sensors7-navsat
[4.911s] -- Searching for <gz-sensors7> component [rendering]
[4.918s] -- Looking for gz-sensors7-rendering -- found version 7.3.0
[4.919s] -- Searching for dependencies of gz-sensors7-rendering
[4.921s] -- Searching for <gz-sensors7> component [lidar]
[4.927s] -- Looking for gz-sensors7-lidar -- found version 7.3.0
[4.929s] -- Searching for dependencies of gz-sensors7-lidar
[4.930s] -- Looking for gz-sensors7 -- found version 7.3.0
[4.933s] -- Searching for <gz-sensors7> component [gpu_lidar]
[4.940s] -- Looking for gz-sensors7-gpu_lidar -- found version 7.3.0
[4.941s] -- Searching for dependencies of gz-sensors7-gpu_lidar
[4.942s] -- Looking for gz-sensors7 -- found version 7.3.0
[4.944s] -- Searching for <gz-sensors7> component [camera]
[4.955s] -- Looking for gz-sensors7-camera -- found version 7.3.0
[4.957s] -- Searching for dependencies of gz-sensors7-camera
[4.958s] -- Looking for gz-sensors7 -- found version 7.3.0
[4.959s] -- Searching for <gz-sensors7> component [boundingbox_camera]
[4.967s] -- Looking for gz-sensors7-boundingbox_camera -- found version 7.3.0
[4.968s] -- Searching for dependencies of gz-sensors7-boundingbox_camera
[4.969s] -- Searching for <gz-sensors7> component [segmentation_camera]
[4.976s] -- Looking for gz-sensors7-segmentation_camera -- found version 7.3.0
[4.977s] -- Searching for dependencies of gz-sensors7-segmentation_camera
[4.979s] -- Searching for <gz-sensors7> component [depth_camera]
[4.986s] -- Looking for gz-sensors7-depth_camera -- found version 7.3.0
[4.987s] -- Searching for dependencies of gz-sensors7-depth_camera
[4.988s] -- Looking for gz-sensors7 -- found version 7.3.0
[4.990s] -- Searching for <gz-sensors7> component [rgbd_camera]
[4.997s] -- Looking for gz-sensors7-rgbd_camera -- found version 7.3.0
[4.998s] -- Searching for dependencies of gz-sensors7-rgbd_camera
[4.999s] -- Looking for gz-sensors7 -- found version 7.3.0
[5.001s] -- Searching for <gz-sensors7> component [thermal_camera]
[5.007s] -- Looking for gz-sensors7-thermal_camera -- found version 7.3.0
[5.009s] -- Searching for dependencies of gz-sensors7-thermal_camera
[5.010s] -- Looking for gz-sensors7 -- found version 7.3.0
[5.011s] -- Searching for <gz-sensors7> component [wide_angle_camera]
[5.018s] -- Looking for gz-sensors7-wide_angle_camera -- found version 7.3.0
[5.019s] -- Searching for dependencies of gz-sensors7-wide_angle_camera
[5.022s] -- Looking for gz-rendering7 -- found version 7.4.2
[5.023s] -- Looking for gz-math7 -- found version 7.3.0
[5.024s] -- Looking for gz-utils2 -- found version 2.1.0
[5.094s] -- Compiling against Gazebo Garden
[5.102s] -- Looking for gflags - found
[5.102s] 
[5.143s] -- Found ament_lint_auto: 0.12.8 (/opt/ros/humble/share/ament_lint_auto/cmake)
[5.436s] -- Found ament_cmake_gtest: 1.3.5 (/opt/ros/humble/share/ament_cmake_gtest/cmake)
[5.445s] -- Found gtest sources under '/opt/ros/humble/src/gtest_vendor': C++ tests using 'Google Test' will be built
[5.490s] -- Added test 'copyright' to check source files copyright and LICENSE
[5.494s] -- Added test 'cppcheck' to perform static code analysis on C / C++ code
[5.495s] -- Configured cppcheck include dirs: $<BUILD_INTERFACE:/home/jacobrod/worms_ws/src/ros_gz/ros_gz_sim/include>
[5.496s] -- Configured cppcheck exclude dirs and/or files: 
[5.500s] -- Added test 'cpplint' to check C / C++ code against the Google style
[5.501s] -- Configured cpplint exclude dirs and/or files: 
[5.506s] -- Added test 'lint_cmake' to check CMake code style
[5.510s] -- Added test 'uncrustify' to check C / C++ code style
[5.510s] -- Configured uncrustify additional arguments: 
[5.513s] -- Added test 'xmllint' to check XML markup files
[5.523s] -- Configuring done
[5.604s] -- Generating done
[5.608s] -- Build files have been written to: /home/jacobrod/worms_ws/build/ros_gz_sim
[5.667s] Invoked command in '/home/jacobrod/worms_ws/build/ros_gz_sim' returned '0': CMAKE_PREFIX_PATH=${CMAKE_PREFIX_PATH}:/home/jacobrod/worms_ws/src/install/worms_mech:/home/jacobrod/worms_ws/install/worms_mech:/opt/ros/humble /usr/bin/cmake /home/jacobrod/worms_ws/src/ros_gz/ros_gz_sim -DBUILD_TESTING=ON -DCMAKE_INSTALL_PREFIX=/home/jacobrod/worms_ws/install/ros_gz_sim
[5.669s] Invoking command in '/home/jacobrod/worms_ws/build/ros_gz_sim': CMAKE_PREFIX_PATH=${CMAKE_PREFIX_PATH}:/home/jacobrod/worms_ws/src/install/worms_mech:/home/jacobrod/worms_ws/install/worms_mech:/opt/ros/humble /usr/bin/cmake --build /home/jacobrod/worms_ws/build/ros_gz_sim -- -j8 -l8
[5.828s] [ 10%] [32mBuilding CXX object CMakeFiles/create.dir/src/create.cpp.o[0m
[5.857s] [ 20%] [32mBuilding CXX object gtest/CMakeFiles/gtest_main.dir/src/gtest_main.cc.o[0m
[5.883s] [ 30%] [32mBuilding CXX object CMakeFiles/ros_gz_sim.dir/src/Stopwatch.cpp.o[0m
[5.922s] [ 40%] [32mBuilding CXX object gtest/CMakeFiles/gtest.dir/src/gtest-all.cc.o[0m
[7.559s] [ 50%] [32m[1mLinking CXX static library libgtest_main.a[0m
[7.618s] [ 60%] [32m[1mLinking CXX shared library libros_gz_sim.so[0m
[7.700s] [ 60%] Built target gtest_main
[7.819s] [ 60%] Built target ros_gz_sim
[12.676s] [ 70%] [32m[1mLinking CXX static library libgtest.a[0m
[12.998s] [ 70%] Built target gtest
[13.131s] [ 80%] [32mBuilding CXX object CMakeFiles/test_stopwatch.dir/test/test_stopwatch.cpp.o[0m
[27.914s] [ 90%] [32m[1mLinking CXX executable test_stopwatch[0m
[28.544s] [ 90%] Built target test_stopwatch
[32.511s] [100%] [32m[1mLinking CXX executable create[0m
[33.018s] [100%] Built target create
[33.030s] Invoked command in '/home/jacobrod/worms_ws/build/ros_gz_sim' returned '0': CMAKE_PREFIX_PATH=${CMAKE_PREFIX_PATH}:/home/jacobrod/worms_ws/src/install/worms_mech:/home/jacobrod/worms_ws/install/worms_mech:/opt/ros/humble /usr/bin/cmake --build /home/jacobrod/worms_ws/build/ros_gz_sim -- -j8 -l8
[33.071s] Invoking command in '/home/jacobrod/worms_ws/build/ros_gz_sim': CMAKE_PREFIX_PATH=${CMAKE_PREFIX_PATH}:/home/jacobrod/worms_ws/src/install/worms_mech:/home/jacobrod/worms_ws/install/worms_mech:/opt/ros/humble /usr/bin/cmake --install /home/jacobrod/worms_ws/build/ros_gz_sim
[33.079s] -- Install configuration: ""
[33.079s] -- Installing: /home/jacobrod/worms_ws/install/ros_gz_sim/include/ros_gz_sim
[33.080s] -- Installing: /home/jacobrod/worms_ws/install/ros_gz_sim/include/ros_gz_sim/Stopwatch.hpp
[33.080s] -- Installing: /home/jacobrod/worms_ws/install/ros_gz_sim/share/ros_gz_sim/launch/gz_sim.launch.py
[33.080s] -- Installing: /home/jacobrod/worms_ws/install/ros_gz_sim/lib/ros_gz_sim/create
[33.085s] -- Set runtime path of "/home/jacobrod/worms_ws/install/ros_gz_sim/lib/ros_gz_sim/create" to ""
[33.085s] -- Installing: /home/jacobrod/worms_ws/install/ros_gz_sim/lib/libros_gz_sim.so
[33.086s] -- Set runtime path of "/home/jacobrod/worms_ws/install/ros_gz_sim/lib/libros_gz_sim.so" to ""
[33.086s] -- Installing: /home/jacobrod/worms_ws/install/ros_gz_sim/lib/ros_gz_sim/test_stopwatch
[33.089s] -- Set runtime path of "/home/jacobrod/worms_ws/install/ros_gz_sim/lib/ros_gz_sim/test_stopwatch" to ""
[33.090s] -- Installing: /home/jacobrod/worms_ws/install/ros_gz_sim/share/ament_index/resource_index/package_run_dependencies/ros_gz_sim
[33.090s] -- Installing: /home/jacobrod/worms_ws/install/ros_gz_sim/share/ament_index/resource_index/parent_prefix_path/ros_gz_sim
[33.090s] -- Installing: /home/jacobrod/worms_ws/install/ros_gz_sim/share/ros_gz_sim/environment/ament_prefix_path.sh
[33.090s] -- Installing: /home/jacobrod/worms_ws/install/ros_gz_sim/share/ros_gz_sim/environment/ament_prefix_path.dsv
[33.091s] -- Installing: /home/jacobrod/worms_ws/install/ros_gz_sim/share/ros_gz_sim/environment/path.sh
[33.091s] -- Installing: /home/jacobrod/worms_ws/install/ros_gz_sim/share/ros_gz_sim/environment/path.dsv
[33.091s] -- Installing: /home/jacobrod/worms_ws/install/ros_gz_sim/share/ros_gz_sim/local_setup.bash
[33.091s] -- Installing: /home/jacobrod/worms_ws/install/ros_gz_sim/share/ros_gz_sim/local_setup.sh
[33.091s] -- Installing: /home/jacobrod/worms_ws/install/ros_gz_sim/share/ros_gz_sim/local_setup.zsh
[33.092s] -- Installing: /home/jacobrod/worms_ws/install/ros_gz_sim/share/ros_gz_sim/local_setup.dsv
[33.092s] -- Installing: /home/jacobrod/worms_ws/install/ros_gz_sim/share/ros_gz_sim/package.dsv
[33.092s] -- Installing: /home/jacobrod/worms_ws/install/ros_gz_sim/share/ament_index/resource_index/packages/ros_gz_sim
[33.092s] -- Installing: /home/jacobrod/worms_ws/install/ros_gz_sim/share/ros_gz_sim/cmake/ros_gz_simExport.cmake
[33.093s] -- Installing: /home/jacobrod/worms_ws/install/ros_gz_sim/share/ros_gz_sim/cmake/ros_gz_simExport-noconfig.cmake
[33.093s] -- Installing: /home/jacobrod/worms_ws/install/ros_gz_sim/share/ros_gz_sim/cmake/ament_cmake_export_targets-extras.cmake
[33.093s] -- Installing: /home/jacobrod/worms_ws/install/ros_gz_sim/share/ros_gz_sim/cmake/ament_cmake_export_dependencies-extras.cmake
[33.093s] -- Installing: /home/jacobrod/worms_ws/install/ros_gz_sim/share/ros_gz_sim/cmake/ros_gz_simConfig.cmake
[33.093s] -- Installing: /home/jacobrod/worms_ws/install/ros_gz_sim/share/ros_gz_sim/cmake/ros_gz_simConfig-version.cmake
[33.093s] -- Installing: /home/jacobrod/worms_ws/install/ros_gz_sim/share/ros_gz_sim/package.xml
[33.096s] Invoked command in '/home/jacobrod/worms_ws/build/ros_gz_sim' returned '0': CMAKE_PREFIX_PATH=${CMAKE_PREFIX_PATH}:/home/jacobrod/worms_ws/src/install/worms_mech:/home/jacobrod/worms_ws/install/worms_mech:/opt/ros/humble /usr/bin/cmake --install /home/jacobrod/worms_ws/build/ros_gz_sim
